13.06.2025 - 17:37:14 - [TAB v5.2.1] Blocked attempt to add player alzxmpic into team CMINP0 (expected team: 7alzxmpicA)
13.06.2025 - 17:39:42 - [TAB v5.2.1] Blocked attempt to add player alzxmpic into team CMINP1 (expected team: 7alzxmpicA)
13.06.2025 - 18:39:35 - [TAB v5.2.1] Blocked attempt to add player alzxmpic into team CMINP1 (expected team: [alzxmpicA)
13.06.2025 - 18:45:46 - [TAB v5.2.1] Blocked attempt to add player alzxmpic into team CMINP1 (expected team: [alzxmpicA)
13.06.2025 - 19:10:35 - [TAB v5.2.1] Blocked attempt to add player aerophobic into team CMINP2 (expected team: ZaerophobicA)
13.06.2025 - 21:06:34 - [TAB v5.2.1] Blocked attempt to add player alzxmpic into team CMINP1 (expected team: ZalzxmpicA)
13.06.2025 - 22:20:59 - [TAB v5.2.1] Blocked attempt to add player alzxmpic into team CMINP1 (expected team: ZalzxmpicA)
13.06.2025 - 23:38:10 - [TAB v5.2.1] Blocked attempt to add player alzxmpic into team CMINP1 (expected team: ZalzxmpicA)
14.06.2025 - 10:22:28 - [TAB v5.2.1] Blocked attempt to add player alzxmpic into team CMINP1 (expected team: ZalzxmpicA)
14.06.2025 - 10:42:57 - [TAB v5.2.1] Blocked attempt to add player alzxmpic into team CMINP1 (expected team: ZalzxmpicA)
14.06.2025 - 20:50:45 - [TAB v5.2.1] Blocked attempt to add player alzxmpic into team CMINP1 (expected team: ZalzxmpicA)
14.06.2025 - 21:16:46 - [TAB v5.2.1] Blocked attempt to add player alzxmpic into team CMINP1 (expected team: ZalzxmpicA)
14.06.2025 - 21:33:33 - [TAB v5.2.1] Blocked attempt to add player alzxmpic into team CMINP1 (expected team: ZalzxmpicA)
14.06.2025 - 21:38:43 - [TAB v5.2.1] Blocked attempt to add player beloe1337 into team CMINP4 (expected team: Sbeloe1337A)
14.06.2025 - 21:39:47 - [TAB v5.2.1] Blocked attempt to add player beloe1337 into team CMINP4 (expected team: Sbeloe1337A)
14.06.2025 - 21:41:33 - [TAB v5.2.1] Blocked attempt to add player alzxmpic into team CMINP1 (expected team: 0alzxmpicA)
15.06.2025 - 12:19:50 - [TAB v5.2.1] Blocked attempt to add player alzxmpic into team CMINP1 (expected team: 0alzxmpicA)
15.06.2025 - 12:25:18 - [TAB v5.2.1] Blocked attempt to add player alzxmpic into team CMINP1 (expected team: 0alzxmpicA)
15.06.2025 - 12:30:47 - [TAB v5.2.1] Blocked attempt to add player aerophobic into team CMINP2 (expected team: ZaerophobicA)
15.06.2025 - 12:39:42 - [TAB v5.2.1] Blocked attempt to add player alzxmpic into team collideRule_1445 (expected team: 0alzxmpicA)
15.06.2025 - 12:47:06 - [TAB v5.2.1] Blocked attempt to add player beloe1337 into team collideRule_1445 (expected team: Sbeloe1337A)
15.06.2025 - 12:49:44 - [TAB v5.2.1] Blocked attempt to add player alzxmpic into team collideRule_-174 (expected team: 0alzxmpicA)
15.06.2025 - 12:49:54 - [TAB v5.2.1] Blocked attempt to add player beloe1337 into team collideRule_-174 (expected team: Sbeloe1337A)
15.06.2025 - 13:09:23 - [TAB v5.2.1] Blocked attempt to add player alzxmpic into team collideRule_-174 (expected team: 0alzxmpicA)
15.06.2025 - 13:16:19 - [TAB v5.2.1] Blocked attempt to add player alzxmpic into team collideRule_-996 (expected team: 0alzxmpicA)
15.06.2025 - 13:39:38 - [TAB v5.2.1] Blocked attempt to add player alzxmpic into team collideRule_8113 (expected team: 0alzxmpicA)
15.06.2025 - 14:26:02 - [TAB v5.2.1] Blocked attempt to add player alzxmpic into team collideRule_1499 (expected team: 0alzxmpicA)
16.06.2025 - 15:28:34 - [TAB v5.2.1] Blocked attempt to add player alzxmpic into team collideRule_1566 (expected team: 0alzxmpicA)
16.06.2025 - 16:44:41 - [TAB v5.2.1] Blocked attempt to add player alzxmpic into team collideRule_-142 (expected team: 0alzxmpicA)
16.06.2025 - 19:41:21 - [TAB v5.2.1] Blocked attempt to add player beloe1337 into team collideRule_6177 (expected team: Sbeloe1337A)
17.06.2025 - 13:00:27 - [TAB v5.2.1] Blocked attempt to add player beloe1337 into team collideRule_6565 (expected team: Sbeloe1337A)
17.06.2025 - 13:35:51 - [TAB v5.2.1] Blocked attempt to add player beloe1337 into team collideRule_6565 (expected team: Tbeloe1337A)
17.06.2025 - 13:39:37 - [TAB v5.2.1] Blocked attempt to add player alzxmpic into team collideRule_6565 (expected team: 0alzxmpicA)
17.06.2025 - 14:13:55 - [TAB v5.2.1] Blocked attempt to add player beloe1337 into team collideRule_6565 (expected team: Sbeloe1337A)
17.06.2025 - 14:29:41 - [TAB v5.2.1] Blocked attempt to add player beloe1337 into team collideRule_6565 (expected team: 5beloe1337A)
17.06.2025 - 16:07:00 - [TAB v5.2.1] Blocked attempt to add player aerophobic into team collideRule_1624 (expected team: ZaerophobicA)
17.06.2025 - 16:12:59 - [TAB v5.2.1] Blocked attempt to add player aerophobic into team collideRule_1624 (expected team: HaerophobicA)
17.06.2025 - 16:32:11 - [TAB v5.2.1] Blocked attempt to add player alzxmpic into team collideRule_1624 (expected team: TalzxmpicA)
17.06.2025 - 16:42:54 - [TAB v5.2.1] Blocked attempt to add player aerophobic into team collideRule_1624 (expected team: HaerophobicA)
17.06.2025 - 16:59:52 - [TAB v5.2.1] Blocked attempt to add player alzxmpic into team collideRule_1624 (expected team: TalzxmpicA)
17.06.2025 - 17:04:11 - [TAB v5.2.1] Blocked attempt to add player aerophobic into team collideRule_1624 (expected team: HaerophobicA)
17.06.2025 - 17:09:40 - [TAB v5.2.1] Blocked attempt to add player aerophobic into team collideRule_1624 (expected team: 0aerophobicA)
17.06.2025 - 17:19:25 - [TAB v5.2.1] Blocked attempt to add player alzxmpic into team collideRule_1624 (expected team: TalzxmpicA)
17.06.2025 - 17:22:43 - [TAB v5.2.1] Blocked attempt to add player hearts1de into team collideRule_1624 (expected team: 0hearts1deA)
17.06.2025 - 17:33:33 - [TAB v5.2.1] Blocked attempt to add player aerophobic into team collideRule_2718 (expected team: 0aerophobicA)
17.06.2025 - 17:39:15 - [TAB v5.2.1] Blocked attempt to add player alzxmpic into team collideRule_2718 (expected team: ZalzxmpicA)
17.06.2025 - 18:54:56 - [TAB v5.2.1] Blocked attempt to add player aerophobic into team collideRule_2718 (expected team: 0aerophobicA)
17.06.2025 - 19:39:23 - [TAB v5.2.1] Blocked attempt to add player alzxmpic into team collideRule_-132 (expected team: ZalzxmpicA)
17.06.2025 - 19:41:48 - [TAB v5.2.1] Blocked attempt to add player aerophobic into team collideRule_-132 (expected team: 0aerophobicA)
17.06.2025 - 19:59:40 - [TAB v5.2.1] Blocked attempt to add player aerophobic into team collideRule_-105 (expected team: 0aerophobicA)
17.06.2025 - 20:13:59 - [TAB v5.2.1] Blocked attempt to add player alzxmpic into team collideRule_-105 (expected team: ZalzxmpicA)
17.06.2025 - 20:18:15 - [TAB v5.2.1] Blocked attempt to add player aerophobic into team collideRule_-105 (expected team: 0aerophobicA)
17.06.2025 - 20:22:16 - [TAB v5.2.1] Blocked attempt to add player hearts1de into team collideRule_-105 (expected team: Zhearts1deA)
17.06.2025 - 20:24:07 - [TAB v5.2.1] Blocked attempt to add player aerophobic into team collideRule_-105 (expected team: 0aerophobicA)
17.06.2025 - 20:33:24 - [TAB v5.2.1] Blocked attempt to add player aerophobic into team collideRule_-105 (expected team: BaerophobicA)
17.06.2025 - 20:34:30 - [TAB v5.2.1] Blocked attempt to add player aerophobic into team collideRule_-105 (expected team: >aerophobicA)
17.06.2025 - 20:59:08 - [TAB v5.2.1] Blocked attempt to add player alzxmpic into team collideRule_1612 (expected team: ZalzxmpicA)
17.06.2025 - 21:05:50 - [TAB v5.2.1] Blocked attempt to add player Faber1337 into team collideRule_1612 (expected team: 3Faber1337A)
17.06.2025 - 21:28:15 - [TAB v5.2.1] Blocked attempt to add player aerophobic into team collideRule_1612 (expected team: 5aerophobicA)
17.06.2025 - 21:47:24 - [TAB v5.2.1] Blocked attempt to add player alzxmpic into team collideRule_1612 (expected team: ZalzxmpicA)
17.06.2025 - 21:56:06 - [TAB v5.2.1] Blocked attempt to add player aerophobic into team collideRule_1612 (expected team: @aerophobicA)
17.06.2025 - 22:09:53 - [TAB v5.2.1] Blocked attempt to add player alzxmpic into team collideRule_1612 (expected team: TalzxmpicA)
17.06.2025 - 22:12:03 - [TAB v5.2.1] Blocked attempt to add player aerophobic into team collideRule_-182 (expected team: @aerophobicA)
17.06.2025 - 22:17:39 - [TAB v5.2.1] Blocked attempt to add player alzxmpic into team collideRule_-182 (expected team: TalzxmpicA)
17.06.2025 - 22:19:59 - [TAB v5.2.1] Blocked attempt to add player aerophobic into team collideRule_-275 (expected team: @aerophobicA)
17.06.2025 - 23:21:28 - [TAB v5.2.1] Blocked attempt to add player alzxmpic into team collideRule_7942 (expected team: TalzxmpicA)
18.06.2025 - 12:40:12 - [TAB v5.2.1] Blocked attempt to add player beloe1337 into team collideRule_1679 (expected team: 5beloe1337A)
18.06.2025 - 12:43:43 - [TAB v5.2.1] Blocked attempt to add player beloe1337 into team collideRule_1679 (expected team: 1beloe1337A)
18.06.2025 - 13:31:31 - [TAB v5.2.1] Blocked attempt to add player aerophobic into team collideRule_1679 (expected team: @aerophobicA)
18.06.2025 - 15:05:08 - [TAB v5.2.1] Blocked attempt to add player beloe1337 into team collideRule_1679 (expected team: Zbeloe1337A)
18.06.2025 - 15:19:32 - [TAB v5.2.1] Blocked attempt to add player alzxmpic into team collideRule_1679 (expected team: TalzxmpicA)
18.06.2025 - 16:01:29 - [TAB v5.2.1] Blocked attempt to add player alzxmpic into team collideRule_3865 (expected team: TalzxmpicA)
18.06.2025 - 16:02:10 - [TAB v5.2.1] Blocked attempt to add player wxrityyy into team collideRule_3865 (expected team: ZwxrityyyA)
18.06.2025 - 16:02:45 - [TAB v5.2.1] Blocked attempt to add player alzxmpic into team collideRule_3865 (expected team: TalzxmpicA)
18.06.2025 - 16:04:54 - [TAB v5.2.1] Blocked attempt to add player wxrityyy into team collideRule_3865 (expected team: ZwxrityyyA)
18.06.2025 - 16:05:37 - [TAB v5.2.1] Blocked attempt to add player alzxmpic into team collideRule_3865 (expected team: TalzxmpicA)
18.06.2025 - 16:06:03 - [TAB v5.2.1] Blocked attempt to add player wxrityyy into team collideRule_3865 (expected team: ZwxrityyyA)
18.06.2025 - 16:06:42 - [TAB v5.2.1] Blocked attempt to add player alzxmpic into team collideRule_3865 (expected team: TalzxmpicA)
18.06.2025 - 16:07:52 - [TAB v5.2.1] Blocked attempt to add player wxrityyy into team collideRule_3865 (expected team: ZwxrityyyA)
18.06.2025 - 21:18:00 - [TAB v5.2.1] Blocked attempt to add player aerophobic into team collideRule_3865 (expected team: @aerophobicA)
