[07:45:26] Faber1337 (f20c6504-f1af-37d9-bc4b-4ee91e71b65c): эээ
[07:51:44] Faber1337 (f20c6504-f1af-37d9-bc4b-4ee91e71b65c): белый
[07:51:49] Faber1337 (f20c6504-f1af-37d9-bc4b-4ee91e71b65c): в войс пошли
[07:52:22] beloe1337 (7791347b-dfd1-3e90-9a67-56a420586731): а
[07:52:22] beloe1337 (7791347b-dfd1-3e90-9a67-56a420586731): да
[07:52:25] beloe1337 (7791347b-dfd1-3e90-9a67-56a420586731): ОЙ ЕБАТЬ
[07:52:30] beloe1337 (7791347b-dfd1-3e90-9a67-56a420586731): фуфа красава
[07:52:31] beloe1337 (7791347b-dfd1-3e90-9a67-56a420586731): блять
[07:53:09] beloe1337 (7791347b-dfd1-3e90-9a67-56a420586731): матуху свою
[07:53:16] beloe1337 (7791347b-dfd1-3e90-9a67-56a420586731): нет
[07:53:17] beloe1337 (7791347b-dfd1-3e90-9a67-56a420586731): я чинюб
[07:53:18] beloe1337 (7791347b-dfd1-3e90-9a67-56a420586731): все
[07:54:00] beloe1337 (7791347b-dfd1-3e90-9a67-56a420586731): отчим твой
[07:54:47] beloe1337 (7791347b-dfd1-3e90-9a67-56a420586731): rea
[07:55:08] beloe1337 (7791347b-dfd1-3e90-9a67-56a420586731): rea
[07:55:11] beloe1337 (7791347b-dfd1-3e90-9a67-56a420586731): Я ПИДОРАС
[07:55:30] beloe1337 (7791347b-dfd1-3e90-9a67-56a420586731): ДА ЩАС
[07:55:32] beloe1337 (7791347b-dfd1-3e90-9a67-56a420586731): НЕ МОГУ
[07:55:33] beloe1337 (7791347b-dfd1-3e90-9a67-56a420586731): Я ТВОЙ МАТЬ ЕБАЛ
[07:58:32] beloe1337 (7791347b-dfd1-3e90-9a67-56a420586731): пездуй
[07:58:37] beloe1337 (7791347b-dfd1-3e90-9a67-56a420586731): што
[07:58:39] beloe1337 (7791347b-dfd1-3e90-9a67-56a420586731): ето видео
[07:58:40] beloe1337 (7791347b-dfd1-3e90-9a67-56a420586731): такое
[07:58:41] beloe1337 (7791347b-dfd1-3e90-9a67-56a420586731): пес дуй
[07:58:49] beloe1337 (7791347b-dfd1-3e90-9a67-56a420586731): пес дуй
[07:58:51] beloe1337 (7791347b-dfd1-3e90-9a67-56a420586731): да
[07:58:52] beloe1337 (7791347b-dfd1-3e90-9a67-56a420586731): собака
[07:59:02] beloe1337 (7791347b-dfd1-3e90-9a67-56a420586731): ты не одмин
[07:59:10] beloe1337 (7791347b-dfd1-3e90-9a67-56a420586731): у тяб роли нет
[07:59:16] beloe1337 (7791347b-dfd1-3e90-9a67-56a420586731): где
[07:59:25] beloe1337 (7791347b-dfd1-3e90-9a67-56a420586731): долбаеба
[07:59:26] beloe1337 (7791347b-dfd1-3e90-9a67-56a420586731): роль
[07:59:27] beloe1337 (7791347b-dfd1-3e90-9a67-56a420586731): где
[07:59:49] beloe1337 (7791347b-dfd1-3e90-9a67-56a420586731): все я кушать бб
[08:01:00] Faber1337 (f20c6504-f1af-37d9-bc4b-4ee91e71b65c): 1
[08:02:54] Faber1337 (f20c6504-f1af-37d9-bc4b-4ee91e71b65c): 123
[08:22:12] Faber1337 (f20c6504-f1af-37d9-bc4b-4ee91e71b65c): бекни админку
[08:22:27] Faber1337 (f20c6504-f1af-37d9-bc4b-4ee91e71b65c): local
[08:22:30] Faber1337 (f20c6504-f1af-37d9-bc4b-4ee91e71b65c): я пидорас ебанный
[08:22:34] Faber1337 (f20c6504-f1af-37d9-bc4b-4ee91e71b65c): как
[08:22:39] Faber1337 (f20c6504-f1af-37d9-bc4b-4ee91e71b65c): я сын мертвой шлюхи
[08:22:45] Faber1337 (f20c6504-f1af-37d9-bc4b-4ee91e71b65c): иди нахуй
[08:23:04] Faber1337 (f20c6504-f1af-37d9-bc4b-4ee91e71b65c): белый бекни админку плиззз
[08:23:44] Faber1337 (f20c6504-f1af-37d9-bc4b-4ee91e71b65c): инхуя
[08:23:48] beloe1337 (7791347b-dfd1-3e90-9a67-56a420586731): кого хуя
[08:24:02] Faber1337 (f20c6504-f1af-37d9-bc4b-4ee91e71b65c): 132
[08:27:36] beloe1337 (7791347b-dfd1-3e90-9a67-56a420586731): Faber1337
[08:27:39] beloe1337 (7791347b-dfd1-3e90-9a67-56a420586731): /warp pvp
[08:28:16] beloe1337 (7791347b-dfd1-3e90-9a67-56a420586731): ансофт?
[08:28:17] beloe1337 (7791347b-dfd1-3e90-9a67-56a420586731): или софт
[08:28:48] beloe1337 (7791347b-dfd1-3e90-9a67-56a420586731): стой
[08:28:51] beloe1337 (7791347b-dfd1-3e90-9a67-56a420586731): долбаеб
[08:28:52] beloe1337 (7791347b-dfd1-3e90-9a67-56a420586731): катану отдай
[08:28:53] beloe1337 (7791347b-dfd1-3e90-9a67-56a420586731): катану отдай
[08:28:53] beloe1337 (7791347b-dfd1-3e90-9a67-56a420586731): катану отдай
[08:29:14] beloe1337 (7791347b-dfd1-3e90-9a67-56a420586731): антри
[08:29:15] beloe1337 (7791347b-dfd1-3e90-9a67-56a420586731): арти
[08:29:18] beloe1337 (7791347b-dfd1-3e90-9a67-56a420586731): арти
[08:29:46] beloe1337 (7791347b-dfd1-3e90-9a67-56a420586731): я што ебу
[08:29:50] beloe1337 (7791347b-dfd1-3e90-9a67-56a420586731): /kit pvp3
[08:29:57] beloe1337 (7791347b-dfd1-3e90-9a67-56a420586731): ytn
[08:30:00] beloe1337 (7791347b-dfd1-3e90-9a67-56a420586731): там топор в инве
[08:30:00] beloe1337 (7791347b-dfd1-3e90-9a67-56a420586731): там топор в инве
[08:30:00] beloe1337 (7791347b-dfd1-3e90-9a67-56a420586731): там топор в инве
[08:31:17] beloe1337 (7791347b-dfd1-3e90-9a67-56a420586731): gde
[08:31:19] beloe1337 (7791347b-dfd1-3e90-9a67-56a420586731): а где рп
[08:31:20] beloe1337 (7791347b-dfd1-3e90-9a67-56a420586731): сам то
[08:31:35] beloe1337 (7791347b-dfd1-3e90-9a67-56a420586731): а где он ставится
[08:32:28] beloe1337 (7791347b-dfd1-3e90-9a67-56a420586731): xz
[08:32:30] beloe1337 (7791347b-dfd1-3e90-9a67-56a420586731): как хорчешь
[08:32:45] beloe1337 (7791347b-dfd1-3e90-9a67-56a420586731): я ебал
[08:32:46] beloe1337 (7791347b-dfd1-3e90-9a67-56a420586731): где рп находиться
[08:32:48] beloe1337 (7791347b-dfd1-3e90-9a67-56a420586731): в папке
[08:32:49] beloe1337 (7791347b-dfd1-3e90-9a67-56a420586731): сервера
[08:33:01] beloe1337 (7791347b-dfd1-3e90-9a67-56a420586731): https\://www.dropbox.com/scl/fi/hqtanqoprmdefsw1mcany/ArtyRp.zip?rlkey\=l4wypeixcgn953xejg83u197s&st\=cniimrnn§dl\=1
[08:33:06] beloe1337 (7791347b-dfd1-3e90-9a67-56a420586731): вот рп ссылка
[08:34:42] beloe1337 (7791347b-dfd1-3e90-9a67-56a420586731): блять а как заменить
[08:35:14] beloe1337 (7791347b-dfd1-3e90-9a67-56a420586731): и чо залупа получиться если будет в рп такое название
[08:35:28] beloe1337 (7791347b-dfd1-3e90-9a67-56a420586731): так там рп надо заменить
[08:35:29] beloe1337 (7791347b-dfd1-3e90-9a67-56a420586731): и все
[08:35:35] beloe1337 (7791347b-dfd1-3e90-9a67-56a420586731): так там дропбокс
[08:35:40] beloe1337 (7791347b-dfd1-3e90-9a67-56a420586731): там именно закрытый доступ
[08:35:45] beloe1337 (7791347b-dfd1-3e90-9a67-56a420586731): чтоб никто не скачал
[08:37:08] beloe1337 (7791347b-dfd1-3e90-9a67-56a420586731): сосу за грамм
[08:37:34] [CAPS] Faber1337 (f20c6504-f1af-37d9-bc4b-4ee91e71b65c): !я сын шлюхи
[08:37:39] [CAPS] Faber1337 (f20c6504-f1af-37d9-bc4b-4ee91e71b65c): я сын шлюхи
[08:37:47] [CAPS] Faber1337 (f20c6504-f1af-37d9-bc4b-4ee91e71b65c): я сын шлюхи
[08:37:53] [CAPS] Faber1337 (f20c6504-f1af-37d9-bc4b-4ee91e71b65c): !я сын шлюхи
[08:38:21] Faber1337 (f20c6504-f1af-37d9-bc4b-4ee91e71b65c): gey
[08:38:27] Faber1337 (f20c6504-f1af-37d9-bc4b-4ee91e71b65c): я долбаеб
[08:38:31] Faber1337 (f20c6504-f1af-37d9-bc4b-4ee91e71b65c): я сын мертвой шлюхи тупой
[08:38:38] Faber1337 (f20c6504-f1af-37d9-bc4b-4ee91e71b65c): стою на коленях перед своим повелителем beloe1337
[08:39:19] beloe1337 (7791347b-dfd1-3e90-9a67-56a420586731): фабер ты нихуя не делаешь ты тестишь
[08:39:20] beloe1337 (7791347b-dfd1-3e90-9a67-56a420586731): еблан
[08:39:30] beloe1337 (7791347b-dfd1-3e90-9a67-56a420586731): сука долбаеб прочитать не может
[08:39:32] beloe1337 (7791347b-dfd1-3e90-9a67-56a420586731): с первого раза
[08:39:38] beloe1337 (7791347b-dfd1-3e90-9a67-56a420586731): так ты говоришь нету права
[08:39:48] beloe1337 (7791347b-dfd1-3e90-9a67-56a420586731): нет сборка говно
[08:39:55] beloe1337 (7791347b-dfd1-3e90-9a67-56a420586731): го
[08:40:10] beloe1337 (7791347b-dfd1-3e90-9a67-56a420586731): пидорас
[08:40:12] beloe1337 (7791347b-dfd1-3e90-9a67-56a420586731): ебучий
[08:40:24] beloe1337 (7791347b-dfd1-3e90-9a67-56a420586731): shas
[08:40:45] beloe1337 (7791347b-dfd1-3e90-9a67-56a420586731): тут сктурдж есть
[08:40:56] beloe1337 (7791347b-dfd1-3e90-9a67-56a420586731): aerophobic
[08:40:58] beloe1337 (7791347b-dfd1-3e90-9a67-56a420586731): хочешь контракт?
[08:41:07] beloe1337 (7791347b-dfd1-3e90-9a67-56a420586731): rea
[08:41:20] beloe1337 (7791347b-dfd1-3e90-9a67-56a420586731): чекайте групупу
[08:41:29] beloe1337 (7791347b-dfd1-3e90-9a67-56a420586731): чекайте групупу
[08:41:29] beloe1337 (7791347b-dfd1-3e90-9a67-56a420586731): чекайте групупу
[08:41:29] beloe1337 (7791347b-dfd1-3e90-9a67-56a420586731): чекайте групупу
[08:41:29] beloe1337 (7791347b-dfd1-3e90-9a67-56a420586731): чекайте групупу
[08:41:30] beloe1337 (7791347b-dfd1-3e90-9a67-56a420586731): чекайте групупу
[08:41:34] beloe1337 (7791347b-dfd1-3e90-9a67-56a420586731): lc
[08:41:34] beloe1337 (7791347b-dfd1-3e90-9a67-56a420586731): ds
[08:42:07] beloe1337 (7791347b-dfd1-3e90-9a67-56a420586731): УРА
[08:42:10] beloe1337 (7791347b-dfd1-3e90-9a67-56a420586731): КОНТРАКТ ИЗИ
[08:42:14] beloe1337 (7791347b-dfd1-3e90-9a67-56a420586731): сюда
[08:42:15] beloe1337 (7791347b-dfd1-3e90-9a67-56a420586731): сосать
[08:42:20] beloe1337 (7791347b-dfd1-3e90-9a67-56a420586731): ea
[08:42:31] beloe1337 (7791347b-dfd1-3e90-9a67-56a420586731): есть
[08:42:38] beloe1337 (7791347b-dfd1-3e90-9a67-56a420586731): я уже играл на нем
[08:43:01] beloe1337 (7791347b-dfd1-3e90-9a67-56a420586731): свой терру
[08:44:11] Faber1337 (f20c6504-f1af-37d9-bc4b-4ee91e71b65c): !я сын мертвой шлюхи тупой
[08:44:20] Faber1337 (f20c6504-f1af-37d9-bc4b-4ee91e71b65c): я сын мертвой шлюхи тупой
[08:44:25] beloe1337 (7791347b-dfd1-3e90-9a67-56a420586731): да
[08:44:28] beloe1337 (7791347b-dfd1-3e90-9a67-56a420586731): чернее недкуа
[08:44:37] beloe1337 (7791347b-dfd1-3e90-9a67-56a420586731): матери фабера
[08:44:43] aerophobic (72086d7b-e113-35ce-90d8-ca99c92d4320): fc
[08:44:54] beloe1337 (7791347b-dfd1-3e90-9a67-56a420586731): *вскрыл вену фаберу*
[08:44:55] beloe1337 (7791347b-dfd1-3e90-9a67-56a420586731): рп
[08:44:58] beloe1337 (7791347b-dfd1-3e90-9a67-56a420586731): отыгрываем
[08:45:03] beloe1337 (7791347b-dfd1-3e90-9a67-56a420586731): /me убил нахуй фабера
[08:45:15] beloe1337 (7791347b-dfd1-3e90-9a67-56a420586731): /me очень сильно чахнул
[08:45:19] beloe1337 (7791347b-dfd1-3e90-9a67-56a420586731): /me очень сильно чихнул
[08:45:39] beloe1337 (7791347b-dfd1-3e90-9a67-56a420586731): когда открытие
[08:45:41] beloe1337 (7791347b-dfd1-3e90-9a67-56a420586731): я напишу
[08:45:43] beloe1337 (7791347b-dfd1-3e90-9a67-56a420586731): в табличках
[08:45:51] beloe1337 (7791347b-dfd1-3e90-9a67-56a420586731): когда открытие
[08:45:51] beloe1337 (7791347b-dfd1-3e90-9a67-56a420586731): когда открытие
[08:45:52] beloe1337 (7791347b-dfd1-3e90-9a67-56a420586731): когда открытие
[08:45:52] beloe1337 (7791347b-dfd1-3e90-9a67-56a420586731): когда открытие
[08:45:52] beloe1337 (7791347b-dfd1-3e90-9a67-56a420586731): когда открытие
[08:45:52] beloe1337 (7791347b-dfd1-3e90-9a67-56a420586731): когда открытие
[08:45:53] beloe1337 (7791347b-dfd1-3e90-9a67-56a420586731): когда открытие
[08:45:53] beloe1337 (7791347b-dfd1-3e90-9a67-56a420586731): когда открытие
[08:45:57] beloe1337 (7791347b-dfd1-3e90-9a67-56a420586731): где хаб
[08:45:58] beloe1337 (7791347b-dfd1-3e90-9a67-56a420586731): где прокси
[08:46:00] beloe1337 (7791347b-dfd1-3e90-9a67-56a420586731): где домен
[08:46:01] beloe1337 (7791347b-dfd1-3e90-9a67-56a420586731): где сайт
[08:46:03] beloe1337 (7791347b-dfd1-3e90-9a67-56a420586731): где домен сайта
[08:46:07] beloe1337 (7791347b-dfd1-3e90-9a67-56a420586731): где домен сервера
[08:49:43] beloe1337 (7791347b-dfd1-3e90-9a67-56a420586731): 50 рублей
[08:50:02] beloe1337 (7791347b-dfd1-3e90-9a67-56a420586731): пенис
[08:50:13] beloe1337 (7791347b-dfd1-3e90-9a67-56a420586731): кто такой член
[08:50:59] beloe1337 (7791347b-dfd1-3e90-9a67-56a420586731): реалеворлд
[08:51:24] beloe1337 (7791347b-dfd1-3e90-9a67-56a420586731): педора ответ
[08:51:44] beloe1337 (7791347b-dfd1-3e90-9a67-56a420586731): фабер
[08:51:46] beloe1337 (7791347b-dfd1-3e90-9a67-56a420586731): сын пезды
[08:51:51] beloe1337 (7791347b-dfd1-3e90-9a67-56a420586731): щас проверь норм все в бане?
[08:51:53] beloe1337 (7791347b-dfd1-3e90-9a67-56a420586731): не пишет сайт
[08:51:54] beloe1337 (7791347b-dfd1-3e90-9a67-56a420586731): чужой
[08:53:17] Faber1337 (f20c6504-f1af-37d9-bc4b-4ee91e71b65c): beloe1337 дай админку обратно
[08:56:27] beloe1337 (7791347b-dfd1-3e90-9a67-56a420586731): работает все
[08:56:42] beloe1337 (7791347b-dfd1-3e90-9a67-56a420586731): ты че еблан фабер
[08:57:17] beloe1337 (7791347b-dfd1-3e90-9a67-56a420586731): /buycase
[08:57:17] beloe1337 (7791347b-dfd1-3e90-9a67-56a420586731): /buycase
[08:57:18] beloe1337 (7791347b-dfd1-3e90-9a67-56a420586731): /buycase
[08:57:20] beloe1337 (7791347b-dfd1-3e90-9a67-56a420586731): пробуй фабер
[08:57:37] beloe1337 (7791347b-dfd1-3e90-9a67-56a420586731): значит ты даун
[09:00:03] beloe1337 (7791347b-dfd1-3e90-9a67-56a420586731): воркает
[09:01:20] beloe1337 (7791347b-dfd1-3e90-9a67-56a420586731): rea
[09:01:29] beloe1337 (7791347b-dfd1-3e90-9a67-56a420586731): rea
[09:17:54] beloe1337 (7791347b-dfd1-3e90-9a67-56a420586731): да прох лучше так чем
[09:17:56] beloe1337 (7791347b-dfd1-3e90-9a67-56a420586731): как было
[09:20:56] beloe1337 (7791347b-dfd1-3e90-9a67-56a420586731): фабер пидорас
[09:22:38] beloe1337 (7791347b-dfd1-3e90-9a67-56a420586731): рилифейк в соло
[09:22:44] beloe1337 (7791347b-dfd1-3e90-9a67-56a420586731): ReallyFake top
[09:23:13] beloe1337 (7791347b-dfd1-3e90-9a67-56a420586731): ipli
[09:23:14] beloe1337 (7791347b-dfd1-3e90-9a67-56a420586731): /npc
[09:23:21] beloe1337 (7791347b-dfd1-3e90-9a67-56a420586731): /npc select
[09:23:28] beloe1337 (7791347b-dfd1-3e90-9a67-56a420586731): просто наведись и все
[09:25:35] beloe1337 (7791347b-dfd1-3e90-9a67-56a420586731): медвэд
[09:28:14] beloe1337 (7791347b-dfd1-3e90-9a67-56a420586731): тут казино
[09:28:17] beloe1337 (7791347b-dfd1-3e90-9a67-56a420586731): но не работает
[09:30:58] beloe1337 (7791347b-dfd1-3e90-9a67-56a420586731): /nbattlepass
[09:31:32] beloe1337 (7791347b-dfd1-3e90-9a67-56a420586731): там в майкоманд я добавил
[09:31:32] beloe1337 (7791347b-dfd1-3e90-9a67-56a420586731): там в майкоманд я добавил
[09:31:33] beloe1337 (7791347b-dfd1-3e90-9a67-56a420586731): /selelr
[09:31:47] beloe1337 (7791347b-dfd1-3e90-9a67-56a420586731): я в майкоманнда добавил /seller
[09:31:52] beloe1337 (7791347b-dfd1-3e90-9a67-56a420586731): там ток /nseller
[10:08:43] hearts1de (d992e855-68db-3578-a5e1-6596e860ce51): 123
[10:28:29] Faber1337 (f20c6504-f1af-37d9-bc4b-4ee91e71b65c): hearts1de
[10:28:31] Faber1337 (f20c6504-f1af-37d9-bc4b-4ee91e71b65c): ты тут?
[11:28:57] Faber1337 (f20c6504-f1af-37d9-bc4b-4ee91e71b65c): -ezzzzzzzzzzzzzzzzzz
[12:35:23] Faber1337 (f20c6504-f1af-37d9-bc4b-4ee91e71b65c): ipli
[12:35:28] Faber1337 (f20c6504-f1af-37d9-bc4b-4ee91e71b65c): дай админку
[12:35:29] ipli (813f2c46-7ef4-371c-b2a8-6cf9f19a2445): a
[12:35:30] ipli (813f2c46-7ef4-371c-b2a8-6cf9f19a2445): sosi
[13:58:51] beloe1337 (7791347b-dfd1-3e90-9a67-56a420586731): ты вообще блять свинья завидуй
[13:58:53] beloe1337 (7791347b-dfd1-3e90-9a67-56a420586731): мне домер привет передал
[13:58:54] beloe1337 (7791347b-dfd1-3e90-9a67-56a420586731): и зени
[13:58:56] beloe1337 (7791347b-dfd1-3e90-9a67-56a420586731): и девушка домера
[13:59:00] beloe1337 (7791347b-dfd1-3e90-9a67-56a420586731): и дима шгш
[13:59:01] beloe1337 (7791347b-dfd1-3e90-9a67-56a420586731): щас
[13:59:04] beloe1337 (7791347b-dfd1-3e90-9a67-56a420586731): у тебя тт есть?
[13:59:14] beloe1337 (7791347b-dfd1-3e90-9a67-56a420586731): на
[13:59:16] beloe1337 (7791347b-dfd1-3e90-9a67-56a420586731): скинул в тг
[13:59:48] beloe1337 (7791347b-dfd1-3e90-9a67-56a420586731): чекнул?
[13:59:54] beloe1337 (7791347b-dfd1-3e90-9a67-56a420586731): alo
[13:59:55] beloe1337 (7791347b-dfd1-3e90-9a67-56a420586731): Faber1337
[14:00:00] beloe1337 (7791347b-dfd1-3e90-9a67-56a420586731): завидуешь
[14:00:01] beloe1337 (7791347b-dfd1-3e90-9a67-56a420586731): да
[14:00:08] beloe1337 (7791347b-dfd1-3e90-9a67-56a420586731): нубяра
[14:00:28] beloe1337 (7791347b-dfd1-3e90-9a67-56a420586731): завидуешь?
[14:00:40] beloe1337 (7791347b-dfd1-3e90-9a67-56a420586731): хахах
[14:00:41] beloe1337 (7791347b-dfd1-3e90-9a67-56a420586731): так и знал
[14:00:41] beloe1337 (7791347b-dfd1-3e90-9a67-56a420586731): да
[14:00:42] beloe1337 (7791347b-dfd1-3e90-9a67-56a420586731): завидуешь
[14:00:54] beloe1337 (7791347b-dfd1-3e90-9a67-56a420586731): kinyl
[14:00:56] beloe1337 (7791347b-dfd1-3e90-9a67-56a420586731): priglos
[14:03:07] beloe1337 (7791347b-dfd1-3e90-9a67-56a420586731): а теперь
[14:03:08] beloe1337 (7791347b-dfd1-3e90-9a67-56a420586731): что пишет
[14:03:09] beloe1337 (7791347b-dfd1-3e90-9a67-56a420586731): ссылка
[14:03:10] beloe1337 (7791347b-dfd1-3e90-9a67-56a420586731): какая
[14:03:19] beloe1337 (7791347b-dfd1-3e90-9a67-56a420586731): ну наш
[14:03:25] beloe1337 (7791347b-dfd1-3e90-9a67-56a420586731): бля
[14:03:25] beloe1337 (7791347b-dfd1-3e90-9a67-56a420586731): ща
[14:03:55] beloe1337 (7791347b-dfd1-3e90-9a67-56a420586731): а теперь
[14:04:07] beloe1337 (7791347b-dfd1-3e90-9a67-56a420586731): DA BLYAT KAK
[14:04:38] beloe1337 (7791347b-dfd1-3e90-9a67-56a420586731): теперь?
[14:04:38] beloe1337 (7791347b-dfd1-3e90-9a67-56a420586731): теперь?
[14:04:38] beloe1337 (7791347b-dfd1-3e90-9a67-56a420586731): теперь?
[14:04:39] beloe1337 (7791347b-dfd1-3e90-9a67-56a420586731): теперь?
[14:04:39] beloe1337 (7791347b-dfd1-3e90-9a67-56a420586731): теперь?
[14:04:40] beloe1337 (7791347b-dfd1-3e90-9a67-56a420586731): теперь?
[14:04:40] beloe1337 (7791347b-dfd1-3e90-9a67-56a420586731): теперь?
[14:05:00] beloe1337 (7791347b-dfd1-3e90-9a67-56a420586731): ты ебаната
[14:05:00] beloe1337 (7791347b-dfd1-3e90-9a67-56a420586731): просто
[14:06:40] beloe1337 (7791347b-dfd1-3e90-9a67-56a420586731): фабер
[14:06:43] beloe1337 (7791347b-dfd1-3e90-9a67-56a420586731): а теперь ты в клане?
[14:06:44] beloe1337 (7791347b-dfd1-3e90-9a67-56a420586731): а теперь ты в клане?
[14:06:47] beloe1337 (7791347b-dfd1-3e90-9a67-56a420586731): бля
[14:06:48] beloe1337 (7791347b-dfd1-3e90-9a67-56a420586731): сек
[15:26:14] beloe1337 (7791347b-dfd1-3e90-9a67-56a420586731): кстати мб поставим стаффворк? чтобы выдавался донат тут же есть offhelper i prosto helper
[15:26:14] beloe1337 (7791347b-dfd1-3e90-9a67-56a420586731): кстати мб поставим стаффворк? чтобы выдавался донат тут же есть offhelper i prosto helper
[15:27:05] beloe1337 (7791347b-dfd1-3e90-9a67-56a420586731): TP
[15:27:05] beloe1337 (7791347b-dfd1-3e90-9a67-56a420586731): TP
[15:27:12] beloe1337 (7791347b-dfd1-3e90-9a67-56a420586731): Я НА СКРУДЖЕ
[15:27:15] beloe1337 (7791347b-dfd1-3e90-9a67-56a420586731): я на скруджке
[16:09:16] beloe1337 (7791347b-dfd1-3e90-9a67-56a420586731): rea
[16:09:57] beloe1337 (7791347b-dfd1-3e90-9a67-56a420586731): тп что тут долджно быть
[16:09:57] beloe1337 (7791347b-dfd1-3e90-9a67-56a420586731): тп что тут долджно быть
[16:10:06] beloe1337 (7791347b-dfd1-3e90-9a67-56a420586731): тп что тут долджно быть
[16:10:09] beloe1337 (7791347b-dfd1-3e90-9a67-56a420586731): кейс
[16:10:14] ipli (813f2c46-7ef4-371c-b2a8-6cf9f19a2445): nothing\
[16:10:25] beloe1337 (7791347b-dfd1-3e90-9a67-56a420586731): xz
[16:10:51] beloe1337 (7791347b-dfd1-3e90-9a67-56a420586731): rea
[16:11:22] beloe1337 (7791347b-dfd1-3e90-9a67-56a420586731): а че я не могу писать /cases
[16:11:25] beloe1337 (7791347b-dfd1-3e90-9a67-56a420586731): пишет нет прав
[16:14:15] beloe1337 (7791347b-dfd1-3e90-9a67-56a420586731): dasf
[16:15:36] beloe1337 (7791347b-dfd1-3e90-9a67-56a420586731): а нету кабинок
[16:16:31] beloe1337 (7791347b-dfd1-3e90-9a67-56a420586731): ne bey
[16:16:32] beloe1337 (7791347b-dfd1-3e90-9a67-56a420586731): ne bey
[16:16:32] beloe1337 (7791347b-dfd1-3e90-9a67-56a420586731): ne bey
[16:16:32] beloe1337 (7791347b-dfd1-3e90-9a67-56a420586731): ne bey
[16:17:12] beloe1337 (7791347b-dfd1-3e90-9a67-56a420586731): МУДАК ЕЩЕ РАЗ УДАРИШЬ Я ТЕБЯ НАХУЙ ЗАБАНЮ СЫН ШЛЮХИ
[16:17:44] beloe1337 (7791347b-dfd1-3e90-9a67-56a420586731): rea
[16:18:07] beloe1337 (7791347b-dfd1-3e90-9a67-56a420586731): нету опки
[16:19:59] Faber1337 (f20c6504-f1af-37d9-bc4b-4ee91e71b65c): 1. warp ad заприватить 2. кабинки не работают
[16:20:22] beloe1337 (7791347b-dfd1-3e90-9a67-56a420586731): стой блять
[16:20:33] beloe1337 (7791347b-dfd1-3e90-9a67-56a420586731): СУКА СЪЕБИТЕ
[16:20:35] beloe1337 (7791347b-dfd1-3e90-9a67-56a420586731): ФАБЕР ИДИ СЮДА
[16:20:36] beloe1337 (7791347b-dfd1-3e90-9a67-56a420586731): ФАБЕР ИДИ СЮДА
[16:20:36] beloe1337 (7791347b-dfd1-3e90-9a67-56a420586731): ФАБЕР ИДИ СЮДА
[16:20:36] beloe1337 (7791347b-dfd1-3e90-9a67-56a420586731): ФАБЕР ИДИ СЮДА
[16:20:46] beloe1337 (7791347b-dfd1-3e90-9a67-56a420586731): все
[16:20:49] beloe1337 (7791347b-dfd1-3e90-9a67-56a420586731): щас будут кабинки
[16:21:00] beloe1337 (7791347b-dfd1-3e90-9a67-56a420586731): фабер иди нах
[16:21:01] beloe1337 (7791347b-dfd1-3e90-9a67-56a420586731): отсюда
[16:21:03] beloe1337 (7791347b-dfd1-3e90-9a67-56a420586731): я позову
[16:23:26] beloe1337 (7791347b-dfd1-3e90-9a67-56a420586731): я тестил
[16:24:04] Faber1337 (f20c6504-f1af-37d9-bc4b-4ee91e71b65c): 123
[16:24:15] beloe1337 (7791347b-dfd1-3e90-9a67-56a420586731): fda
[16:26:12] beloe1337 (7791347b-dfd1-3e90-9a67-56a420586731): ДА ПРИ ЧЕМ ТУТ ЭТО
[16:26:14] beloe1337 (7791347b-dfd1-3e90-9a67-56a420586731): ТУТ ДРУГОЕ
[16:26:16] beloe1337 (7791347b-dfd1-3e90-9a67-56a420586731): ПРОСТО НЕ ЛЕЗЬ
[16:26:18] beloe1337 (7791347b-dfd1-3e90-9a67-56a420586731): ЕСЛИ НЕ ЗНАЕШЬ
[16:29:37] beloe1337 (7791347b-dfd1-3e90-9a67-56a420586731): КАКАЯ ЕБАННАЯ ХУЙНЯ УБРАЛА ПЛАГИН MCPVPROOM
[16:29:38] beloe1337 (7791347b-dfd1-3e90-9a67-56a420586731): КАКАЯ ЕБАННАЯ ХУЙНЯ УБРАЛА ПЛАГИН MCPVPROOM
[16:29:38] beloe1337 (7791347b-dfd1-3e90-9a67-56a420586731): КАКАЯ ЕБАННАЯ ХУЙНЯ УБРАЛА ПЛАГИН MCPVPROOM
[16:29:38] beloe1337 (7791347b-dfd1-3e90-9a67-56a420586731): КАКАЯ ЕБАННАЯ ХУЙНЯ УБРАЛА ПЛАГИН MCPVPROOM
[16:29:48] beloe1337 (7791347b-dfd1-3e90-9a67-56a420586731): СХУЯЛДИ
[16:29:52] beloe1337 (7791347b-dfd1-3e90-9a67-56a420586731): Я ЕГО УЖЕ НАСТРОИЛ НАХУЙ
[16:44:26] chlenopizdrikpiz (6db6285d-870b-3b7e-9b0d-94711e7fe00d): t
[16:44:42] beloe1337 (7791347b-dfd1-3e90-9a67-56a420586731): ale
[16:44:43] beloe1337 (7791347b-dfd1-3e90-9a67-56a420586731): ale
[16:44:46] beloe1337 (7791347b-dfd1-3e90-9a67-56a420586731): alo
[16:44:47] chlenopizdrikpiz (6db6285d-870b-3b7e-9b0d-94711e7fe00d): да
[16:44:49] chlenopizdrikpiz (6db6285d-870b-3b7e-9b0d-94711e7fe00d): е
[16:44:51] chlenopizdrikpiz (6db6285d-870b-3b7e-9b0d-94711e7fe00d): t
[16:44:52] beloe1337 (7791347b-dfd1-3e90-9a67-56a420586731): слышно тя
[16:45:56] beloe1337 (7791347b-dfd1-3e90-9a67-56a420586731): /pas пароль
[16:45:56] beloe1337 (7791347b-dfd1-3e90-9a67-56a420586731): /pas пароль
[16:47:46] beloe1337 (7791347b-dfd1-3e90-9a67-56a420586731): а че на сайте нету логотипа
[16:50:10] beloe1337 (7791347b-dfd1-3e90-9a67-56a420586731): §rfdas
[16:58:04] beloe1337 (7791347b-dfd1-3e90-9a67-56a420586731): позовите фабера
[16:58:13] beloe1337 (7791347b-dfd1-3e90-9a67-56a420586731): ну ок жди я щас скажу когда надо
[16:58:16] beloe1337 (7791347b-dfd1-3e90-9a67-56a420586731): кабинку тестить
[16:58:38] beloe1337 (7791347b-dfd1-3e90-9a67-56a420586731): стой не бей
[16:59:36] beloe1337 (7791347b-dfd1-3e90-9a67-56a420586731): блять
[16:59:38] beloe1337 (7791347b-dfd1-3e90-9a67-56a420586731): а почему нету плагина
[17:00:22] beloe1337 (7791347b-dfd1-3e90-9a67-56a420586731): chlenopizdrikpiz бля плагин не работает после того как ты что то сделал я изменил на .jar но все равно ничего не работает
[17:00:40] beloe1337 (7791347b-dfd1-3e90-9a67-56a420586731): chlenopizdrikpiz бля плагин не работает после того как ты что то сделал я изменил на .jar но все равно ничего не работает
[17:00:53] FufaTwink (8337ef83-7638-3813-bca8-2d78cfb673c1): beloe1337 чек недоработка
[17:00:57] FufaTwink (8337ef83-7638-3813-bca8-2d78cfb673c1): beloe1337 чек недоработка
[17:01:09] ipli (813f2c46-7ef4-371c-b2a8-6cf9f19a2445): 0 y
[17:01:16] beloe1337 (7791347b-dfd1-3e90-9a67-56a420586731): а это вообще что
[17:01:24] beloe1337 (7791347b-dfd1-3e90-9a67-56a420586731): а
[17:01:24] FufaTwink (8337ef83-7638-3813-bca8-2d78cfb673c1): Это каждый игрок может тут пробежать
[17:01:29] FufaTwink (8337ef83-7638-3813-bca8-2d78cfb673c1): и заспавнить
[17:01:37] FufaTwink (8337ef83-7638-3813-bca8-2d78cfb673c1): фиксануть?
[17:01:43] FufaTwink (8337ef83-7638-3813-bca8-2d78cfb673c1): ща я починю
[17:01:44] chlenopizdrikpiz (6db6285d-870b-3b7e-9b0d-94711e7fe00d): да
[17:01:46] chlenopizdrikpiz (6db6285d-870b-3b7e-9b0d-94711e7fe00d): только без рестарта
[17:04:50] hearts1de (d992e855-68db-3578-a5e1-6596e860ce51): ебать
[17:04:55] ipli (813f2c46-7ef4-371c-b2a8-6cf9f19a2445): фиксани пж
[17:04:57] ipli (813f2c46-7ef4-371c-b2a8-6cf9f19a2445): ;D
[17:05:29] chlenopizdrikpiz (6db6285d-870b-3b7e-9b0d-94711e7fe00d): mc.zalipa.ru
[17:07:05] hearts1de (d992e855-68db-3578-a5e1-6596e860ce51): ща чуть подлагает
[17:08:00] ipli (813f2c46-7ef4-371c-b2a8-6cf9f19a2445): fufa
[17:08:03] ipli (813f2c46-7ef4-371c-b2a8-6cf9f19a2445): fufa
[17:08:05] ipli (813f2c46-7ef4-371c-b2a8-6cf9f19a2445): zadelay diru
[17:08:07] ipli (813f2c46-7ef4-371c-b2a8-6cf9f19a2445): please
[17:08:22] hearts1de (d992e855-68db-3578-a5e1-6596e860ce51): Ща
[17:08:25] hearts1de (d992e855-68db-3578-a5e1-6596e860ce51): ипли
[17:08:29] ipli (813f2c46-7ef4-371c-b2a8-6cf9f19a2445): a
[17:08:30] hearts1de (d992e855-68db-3578-a5e1-6596e860ce51): сделай границу мира на спавне
[17:08:43] ipli (813f2c46-7ef4-371c-b2a8-6cf9f19a2445): ok
[17:08:51] hearts1de (d992e855-68db-3578-a5e1-6596e860ce51): сделай границу мира на спавне
[17:08:52] hearts1de (d992e855-68db-3578-a5e1-6596e860ce51): ой
[17:08:54] hearts1de (d992e855-68db-3578-a5e1-6596e860ce51): случ
[17:09:34] ipli (813f2c46-7ef4-371c-b2a8-6cf9f19a2445): replace blue glass on barrier
[17:09:44] ipli (813f2c46-7ef4-371c-b2a8-6cf9f19a2445): замени синее стекло на барьер
[17:09:46] hearts1de (d992e855-68db-3578-a5e1-6596e860ce51): Поч
[17:09:49] hearts1de (d992e855-68db-3578-a5e1-6596e860ce51): пусть стекло будет
[17:09:51] ipli (813f2c46-7ef4-371c-b2a8-6cf9f19a2445): нет
[17:10:40] beloe1337 (7791347b-dfd1-3e90-9a67-56a420586731): ya shas pridy
[17:10:56] hearts1de (d992e855-68db-3578-a5e1-6596e860ce51): пиздец
[17:11:10] hearts1de (d992e855-68db-3578-a5e1-6596e860ce51): тут дохуя чанков просто пустых
[17:14:31] hearts1de (d992e855-68db-3578-a5e1-6596e860ce51): чо тут
[17:17:02] hearts1de (d992e855-68db-3578-a5e1-6596e860ce51): осталось дыры залатать
[17:17:35] ipli (813f2c46-7ef4-371c-b2a8-6cf9f19a2445): ну тут не прям много дыр
[17:17:43] ipli (813f2c46-7ef4-371c-b2a8-6cf9f19a2445): просто больше обычного
[17:19:17] ipli (813f2c46-7ef4-371c-b2a8-6cf9f19a2445): мб поставим новый спавн?
[17:19:27] hearts1de (d992e855-68db-3578-a5e1-6596e860ce51): Какой
[17:19:34] ipli (813f2c46-7ef4-371c-b2a8-6cf9f19a2445): хз нужно найти
[17:19:34] hearts1de (d992e855-68db-3578-a5e1-6596e860ce51): у вас есть?
[17:19:53] ipli (813f2c46-7ef4-371c-b2a8-6cf9f19a2445): ты можешь написать на них smooth
[17:20:00] ipli (813f2c46-7ef4-371c-b2a8-6cf9f19a2445): сверху пройтись
[17:20:04] hearts1de (d992e855-68db-3578-a5e1-6596e860ce51): я знаю
[17:21:18] ipli (813f2c46-7ef4-371c-b2a8-6cf9f19a2445): вроде норм
[17:21:28] hearts1de (d992e855-68db-3578-a5e1-6596e860ce51): вроде да
[17:21:45] ipli (813f2c46-7ef4-371c-b2a8-6cf9f19a2445): пиздецец
[17:21:51] ipli (813f2c46-7ef4-371c-b2a8-6cf9f19a2445): ну тут легче
[17:21:55] hearts1de (d992e855-68db-3578-a5e1-6596e860ce51): их дохуя ес че
[17:21:58] hearts1de (d992e855-68db-3578-a5e1-6596e860ce51): я летал
[17:23:33] ipli (813f2c46-7ef4-371c-b2a8-6cf9f19a2445): вроде все
[17:23:36] ipli (813f2c46-7ef4-371c-b2a8-6cf9f19a2445): дырки кончились
[17:23:49] ipli (813f2c46-7ef4-371c-b2a8-6cf9f19a2445): ой нет
[17:23:52] hearts1de (d992e855-68db-3578-a5e1-6596e860ce51): полетаем
[17:23:55] hearts1de (d992e855-68db-3578-a5e1-6596e860ce51): ебать
[17:24:09] hearts1de (d992e855-68db-3578-a5e1-6596e860ce51): такой спавн че рил на кейке стоял?
[17:24:11] chlenopizdrikpiz (6db6285d-870b-3b7e-9b0d-94711e7fe00d): надо сервер ребутнуть
[17:24:13] hearts1de (d992e855-68db-3578-a5e1-6596e860ce51): с дырками назуй
[17:24:16] ipli (813f2c46-7ef4-371c-b2a8-6cf9f19a2445): потом
[17:24:19] chlenopizdrikpiz (6db6285d-870b-3b7e-9b0d-94711e7fe00d): миры прогрузились
[17:25:02] hearts1de (d992e855-68db-3578-a5e1-6596e860ce51): че єт біло
[17:26:09] ipli (813f2c46-7ef4-371c-b2a8-6cf9f19a2445): ебануться я строитель
[17:26:16] ipli (813f2c46-7ef4-371c-b2a8-6cf9f19a2445): топовый
[17:26:19] ipli (813f2c46-7ef4-371c-b2a8-6cf9f19a2445): мы
[17:28:06] chlenopizdrikpiz (6db6285d-870b-3b7e-9b0d-94711e7fe00d): где нпс скупщика
[17:28:11] chlenopizdrikpiz (6db6285d-870b-3b7e-9b0d-94711e7fe00d): где нпс скупщика
[17:28:17] ipli (813f2c46-7ef4-371c-b2a8-6cf9f19a2445): хз /warp fish вроде
[17:28:32] chlenopizdrikpiz (6db6285d-870b-3b7e-9b0d-94711e7fe00d): я про скупщика
[17:28:44] hearts1de (d992e855-68db-3578-a5e1-6596e860ce51): Андо
[17:30:09] ipli (813f2c46-7ef4-371c-b2a8-6cf9f19a2445): топ
[17:30:10] hearts1de (d992e855-68db-3578-a5e1-6596e860ce51): gde eshe
[17:30:13] chlenopizdrikpiz (6db6285d-870b-3b7e-9b0d-94711e7fe00d): ало мы можем открыватся?
[17:30:26] chlenopizdrikpiz (6db6285d-870b-3b7e-9b0d-94711e7fe00d): ало в воисе размутиилсь
[17:30:26] ipli (813f2c46-7ef4-371c-b2a8-6cf9f19a2445): ща дырки доделаем
[17:30:27] chlenopizdrikpiz (6db6285d-870b-3b7e-9b0d-94711e7fe00d): все
[17:30:33] hearts1de (d992e855-68db-3578-a5e1-6596e860ce51): Ща наушники сниму
[17:30:34] hearts1de (d992e855-68db-3578-a5e1-6596e860ce51): с зарядки
[17:30:38] ipli (813f2c46-7ef4-371c-b2a8-6cf9f19a2445): я хочу почеум то новый спавн
[17:34:20] xyenator (8663f6a2-0015-3731-b36a-9aa5360151b1): всем привет я новый игрок
[17:34:25] Faber1337 (f20c6504-f1af-37d9-bc4b-4ee91e71b65c): ку
[17:34:27] xyenator (8663f6a2-0015-3731-b36a-9aa5360151b1): чо тут делать
[17:34:46] xyenator (8663f6a2-0015-3731-b36a-9aa5360151b1): ты еблан
[17:39:49] Faber1337 (f20c6504-f1af-37d9-bc4b-4ee91e71b65c): 123
[17:39:54] Faber1337 (f20c6504-f1af-37d9-bc4b-4ee91e71b65c): нихуя
[17:41:26] Faber1337 (f20c6504-f1af-37d9-bc4b-4ee91e71b65c): ! ipli выдай админку admin+
[17:41:29] Faber1337 (f20c6504-f1af-37d9-bc4b-4ee91e71b65c): я пошел
[17:41:37] ipli (813f2c46-7ef4-371c-b2a8-6cf9f19a2445): иди
[17:41:42] Faber1337 (f20c6504-f1af-37d9-bc4b-4ee91e71b65c): ! ipli выдай админку admin+
[17:41:42] ipli (813f2c46-7ef4-371c-b2a8-6cf9f19a2445): сам себе выдай
[17:41:43] ipli (813f2c46-7ef4-371c-b2a8-6cf9f19a2445): сам себе выдай
[17:41:46] Faber1337 (f20c6504-f1af-37d9-bc4b-4ee91e71b65c): я не могу
[17:41:50] ipli (813f2c46-7ef4-371c-b2a8-6cf9f19a2445): у тебя звездочка
[17:41:52] ipli (813f2c46-7ef4-371c-b2a8-6cf9f19a2445): ты можешь
[17:42:07] Faber1337 (f20c6504-f1af-37d9-bc4b-4ee91e71b65c): не получается
[17:42:21] ipli (813f2c46-7ef4-371c-b2a8-6cf9f19a2445): все
[17:42:21] Faber1337 (f20c6504-f1af-37d9-bc4b-4ee91e71b65c): спс
[17:42:23] Faber1337 (f20c6504-f1af-37d9-bc4b-4ee91e71b65c): я пошел
[17:42:24] ipli (813f2c46-7ef4-371c-b2a8-6cf9f19a2445): иди
[17:42:30] Faber1337 (f20c6504-f1af-37d9-bc4b-4ee91e71b65c): я пидораааааааааааааас
[17:48:26] Father12btya (c0be876d-ca0a-39f4-85f1-2dba15c04e46): f
[18:12:07] Menxen_Pozx (dd424ecc-9c96-383c-9a48-a53193d7ec03): hearts1de чо за нн сервак
[18:13:13] pandaXXX (77d26ec7-4334-356e-a470-b0b597a4e636): Menxen_Pozx
[18:13:15] pandaXXX (77d26ec7-4334-356e-a470-b0b597a4e636): иди сюда
[18:13:16] Menxen_Pozx (dd424ecc-9c96-383c-9a48-a53193d7ec03): шо
[18:15:51] Veljer (81d12dff-3a9a-31ed-a9c7-79fe0a8f3bbf): Menxen_Pozx привет брат
[18:15:53] Veljer (81d12dff-3a9a-31ed-a9c7-79fe0a8f3bbf): " сирочек
[18:15:54] Menxen_Pozx (dd424ecc-9c96-383c-9a48-a53193d7ec03): пр
[18:16:23] Menxen_Pozx (dd424ecc-9c96-383c-9a48-a53193d7ec03): на найтли комфортней какта
[18:16:31] hearts1de (d992e855-68db-3578-a5e1-6596e860ce51): ну лан
[18:16:36] Menxen_Pozx (dd424ecc-9c96-383c-9a48-a53193d7ec03): слыш фуфа
[18:16:39] Menxen_Pozx (dd424ecc-9c96-383c-9a48-a53193d7ec03): так дс дай
[18:16:46] Menxen_Pozx (dd424ecc-9c96-383c-9a48-a53193d7ec03): войс мне скучна
[18:16:58] Menxen_Pozx (dd424ecc-9c96-383c-9a48-a53193d7ec03): и пашли видосы делать
[18:17:15] hearts1de (d992e855-68db-3578-a5e1-6596e860ce51): лан зайди
[18:17:33] Menxen_Pozx (dd424ecc-9c96-383c-9a48-a53193d7ec03): зашол
[18:18:43] Menxen_Pozx (dd424ecc-9c96-383c-9a48-a53193d7ec03): дс
[18:18:46] Menxen_Pozx (dd424ecc-9c96-383c-9a48-a53193d7ec03): дискорд
[18:18:51] Menxen_Pozx (dd424ecc-9c96-383c-9a48-a53193d7ec03): эх нету такой штуки
[18:20:03] Menxen_Pozx (dd424ecc-9c96-383c-9a48-a53193d7ec03): ало
[18:20:06] Menxen_Pozx (dd424ecc-9c96-383c-9a48-a53193d7ec03): шо я зделал
[18:20:15] Menxen_Pozx (dd424ecc-9c96-383c-9a48-a53193d7ec03): злой аеробобик
[18:20:25] hearts1de (d992e855-68db-3578-a5e1-6596e860ce51): я делаю видос а ты бегаешь перед лицом сирок
[18:20:31] Menxen_Pozx (dd424ecc-9c96-383c-9a48-a53193d7ec03): а ой
[18:20:34] Menxen_Pozx (dd424ecc-9c96-383c-9a48-a53193d7ec03): бліін
[18:29:58] Menxen_Pozx (dd424ecc-9c96-383c-9a48-a53193d7ec03): фабер пр лох
[18:31:03] Menxen_Pozx (dd424ecc-9c96-383c-9a48-a53193d7ec03): бляя
[18:31:51] beloe1337 (7791347b-dfd1-3e90-9a67-56a420586731): читер
[18:32:09] beloe1337 (7791347b-dfd1-3e90-9a67-56a420586731): ты че даун
[18:43:58] BraisFOUR (9cd3ac0b-eae7-33bf-a9fc-ea921fd06b18): дай ресы пж
[18:55:28] EnfantsDeprimes (b484ecfc-1b1b-3590-b69e-45a19d61c917): хуй
[18:55:56] EnfantsDeprimes (b484ecfc-1b1b-3590-b69e-45a19d61c917): идиот
[19:20:57] Menxen_Pozx (dd424ecc-9c96-383c-9a48-a53193d7ec03): пися
[19:21:05] Menxen_Pozx (dd424ecc-9c96-383c-9a48-a53193d7ec03): секс
[19:23:10] Veljer (81d12dff-3a9a-31ed-a9c7-79fe0a8f3bbf): dada
[19:25:45] Menxen_Pozx (dd424ecc-9c96-383c-9a48-a53193d7ec03): фуфа
[19:25:52] Menxen_Pozx (dd424ecc-9c96-383c-9a48-a53193d7ec03): помоги зомбарь бронь отжал
[19:26:12] aerophobic (72086d7b-e113-35ce-90d8-ca99c92d4320): ~!12312
[19:26:13] aerophobic (72086d7b-e113-35ce-90d8-ca99c92d4320): 123
[19:26:44] Menxen_Pozx (dd424ecc-9c96-383c-9a48-a53193d7ec03): сліш
[19:26:54] Menxen_Pozx (dd424ecc-9c96-383c-9a48-a53193d7ec03): да иба
[19:26:55] chlenopizdrikpiz (6db6285d-870b-3b7e-9b0d-94711e7fe00d): masteryodo qq ты первый игрок
[19:26:58] chlenopizdrikpiz (6db6285d-870b-3b7e-9b0d-94711e7fe00d): с тик тока?
[19:27:04] EnfantsDeprimes (b484ecfc-1b1b-3590-b69e-45a19d61c917): politminer
[19:27:07] Menxen_Pozx (dd424ecc-9c96-383c-9a48-a53193d7ec03): мастер йода
[19:27:10] Menxen_Pozx (dd424ecc-9c96-383c-9a48-a53193d7ec03): ого
[19:27:12] EnfantsDeprimes (b484ecfc-1b1b-3590-b69e-45a19d61c917): ti kto
[19:27:16] masteryodo (31fed559-037c-3656-9b62-ae919e9ae42d): ура
[19:27:22] EnfantsDeprimes (b484ecfc-1b1b-3590-b69e-45a19d61c917): megacot shtoli
[19:27:23] Menxen_Pozx (dd424ecc-9c96-383c-9a48-a53193d7ec03): дизо
[19:27:24] masteryodo (31fed559-037c-3656-9b62-ae919e9ae42d): я камикадзе
[19:27:26] EnfantsDeprimes (b484ecfc-1b1b-3590-b69e-45a19d61c917): aa
[19:27:29] EnfantsDeprimes (b484ecfc-1b1b-3590-b69e-45a19d61c917): hi
[19:27:32] masteryodo (31fed559-037c-3656-9b62-ae919e9ae42d): hi
[19:27:36] masteryodo (31fed559-037c-3656-9b62-ae919e9ae42d): я крутой типа?
[19:27:38] EnfantsDeprimes (b484ecfc-1b1b-3590-b69e-45a19d61c917): da
[19:27:39] masteryodo (31fed559-037c-3656-9b62-ae919e9ae42d): я первый
[19:27:47] EnfantsDeprimes (b484ecfc-1b1b-3590-b69e-45a19d61c917): я отута типа куратар каманди праекта
[19:27:58] Menxen_Pozx (dd424ecc-9c96-383c-9a48-a53193d7ec03): дизо возьми на хелпера
[19:28:00] masteryodo (31fed559-037c-3656-9b62-ae919e9ae42d): чо
[19:28:10] EnfantsDeprimes (b484ecfc-1b1b-3590-b69e-45a19d61c917): ем
[19:28:12] EnfantsDeprimes (b484ecfc-1b1b-3590-b69e-45a19d61c917): хзхз
[19:28:17] EnfantsDeprimes (b484ecfc-1b1b-3590-b69e-45a19d61c917): патлм
[19:28:19] masteryodo (31fed559-037c-3656-9b62-ae919e9ae42d): Menxen_Pozx дак тут онлайна 0 пока чт
[19:28:21] masteryodo (31fed559-037c-3656-9b62-ae919e9ae42d): зач
[19:28:25] Menxen_Pozx (dd424ecc-9c96-383c-9a48-a53193d7ec03): не
[19:28:34] Menxen_Pozx (dd424ecc-9c96-383c-9a48-a53193d7ec03): z pyf.
[19:28:39] Menxen_Pozx (dd424ecc-9c96-383c-9a48-a53193d7ec03): я знаю
[19:28:55] Menxen_Pozx (dd424ecc-9c96-383c-9a48-a53193d7ec03): если тута онлайн будет бальош сюда переедем камик
[19:29:00] EnfantsDeprimes (b484ecfc-1b1b-3590-b69e-45a19d61c917): +
[19:29:00] masteryodo (31fed559-037c-3656-9b62-ae919e9ae42d): не
[19:29:04] Menxen_Pozx (dd424ecc-9c96-383c-9a48-a53193d7ec03): поч
[19:29:08] masteryodo (31fed559-037c-3656-9b62-ae919e9ae42d): рв какашка
[19:29:14] Menxen_Pozx (dd424ecc-9c96-383c-9a48-a53193d7ec03): рил
[19:29:17] Menxen_Pozx (dd424ecc-9c96-383c-9a48-a53193d7ec03): но киті имбо
[19:29:21] Menxen_Pozx (dd424ecc-9c96-383c-9a48-a53193d7ec03): бафать нада
[19:29:26] masteryodo (31fed559-037c-3656-9b62-ae919e9ae42d): тут 8-ми летние чюваки играть будут
[19:29:30] masteryodo (31fed559-037c-3656-9b62-ae919e9ae42d): не кайф
[19:29:33] Menxen_Pozx (dd424ecc-9c96-383c-9a48-a53193d7ec03): а ну тогда не хоче
[19:29:36] Menxen_Pozx (dd424ecc-9c96-383c-9a48-a53193d7ec03): а ну тогда не хочу
[19:29:45] hearts1de (d992e855-68db-3578-a5e1-6596e860ce51): masteryodo и чо
[19:29:47] masteryodo (31fed559-037c-3656-9b62-ae919e9ae42d): над было копию ХВ
[19:29:53] masteryodo (31fed559-037c-3656-9b62-ae919e9ae42d): это прайм был бы
[19:29:53] hearts1de (d992e855-68db-3578-a5e1-6596e860ce51): классика*
[19:29:56] masteryodo (31fed559-037c-3656-9b62-ae919e9ae42d): да
[19:29:56] hearts1de (d992e855-68db-3578-a5e1-6596e860ce51): классика?
[19:29:58] Menxen_Pozx (dd424ecc-9c96-383c-9a48-a53193d7ec03): копию фантайма
[19:29:59] hearts1de (d992e855-68db-3578-a5e1-6596e860ce51): ты дурак
[19:30:01] Menxen_Pozx (dd424ecc-9c96-383c-9a48-a53193d7ec03): хыахахыах
[19:30:03] masteryodo (31fed559-037c-3656-9b62-ae919e9ae42d): поч
[19:30:08] hearts1de (d992e855-68db-3578-a5e1-6596e860ce51): кто бы играл на копии класики
[19:30:10] hearts1de (d992e855-68db-3578-a5e1-6596e860ce51): была уже
[19:30:15] masteryodo (31fed559-037c-3656-9b62-ae919e9ae42d): ну лайт вы бы не вывезли бы
[19:30:27] hearts1de (d992e855-68db-3578-a5e1-6596e860ce51): найтли 9 месяцев был копией классика, выше 20 онлайна не поднималось
[19:30:40] masteryodo (31fed559-037c-3656-9b62-ae919e9ae42d): значит гавно было
[19:30:45] masteryodo (31fed559-037c-3656-9b62-ae919e9ae42d): или реклама гавно
[19:30:46] hearts1de (d992e855-68db-3578-a5e1-6596e860ce51): классик хуйня
[19:30:47] hearts1de (d992e855-68db-3578-a5e1-6596e860ce51): ишак
[19:30:48] Menxen_Pozx (dd424ecc-9c96-383c-9a48-a53193d7ec03): пиар нада
[19:30:50] hearts1de (d992e855-68db-3578-a5e1-6596e860ce51): он не залетит
[19:30:52] masteryodo (31fed559-037c-3656-9b62-ae919e9ae42d): классик имба
[19:30:53] hearts1de (d992e855-68db-3578-a5e1-6596e860ce51): никогда больше
[19:30:56] hearts1de (d992e855-68db-3578-a5e1-6596e860ce51): он умер ало
[19:31:01] hearts1de (d992e855-68db-3578-a5e1-6596e860ce51): почему тогда оттуда ливают все
[19:31:05] [SWEAR] Menxen_Pozx (dd424ecc-9c96-383c-9a48-a53193d7ec03): но рилик 
[19:31:07] hearts1de (d992e855-68db-3578-a5e1-6596e860ce51): если он имба
[19:31:09] [SWEAR] masteryodo (31fed559-037c-3656-9b62-ae919e9ae42d): потому что зако 
[19:31:16] hearts1de (d992e855-68db-3578-a5e1-6596e860ce51): 800 онлика на вайа
[19:31:16] masteryodo (31fed559-037c-3656-9b62-ae919e9ae42d): миллион времени в лайт убивает
[19:31:23] hearts1de (d992e855-68db-3578-a5e1-6596e860ce51): камик
[19:31:24] Menxen_Pozx (dd424ecc-9c96-383c-9a48-a53193d7ec03): фуфа
[19:31:30] hearts1de (d992e855-68db-3578-a5e1-6596e860ce51): не будет онлика на копии классика
[19:31:31] hearts1de (d992e855-68db-3578-a5e1-6596e860ce51): что
[19:31:33] Menxen_Pozx (dd424ecc-9c96-383c-9a48-a53193d7ec03): тута нада тебе с флюгером кв ходить
[19:31:35] masteryodo (31fed559-037c-3656-9b62-ae919e9ae42d): анлак
[19:31:36] Menxen_Pozx (dd424ecc-9c96-383c-9a48-a53193d7ec03): а ты хочеш?
[19:31:39] hearts1de (d992e855-68db-3578-a5e1-6596e860ce51): что
[19:31:48] Menxen_Pozx (dd424ecc-9c96-383c-9a48-a53193d7ec03): ну кв с флюгером или броей
[19:31:54] Menxen_Pozx (dd424ecc-9c96-383c-9a48-a53193d7ec03): как на настояшем
[19:31:57] hearts1de (d992e855-68db-3578-a5e1-6596e860ce51): эм
[19:31:59] hearts1de (d992e855-68db-3578-a5e1-6596e860ce51): хз
[19:32:12] masteryodo (31fed559-037c-3656-9b62-ae919e9ae42d): как донат получить кроме фриэ
[19:32:13] Menxen_Pozx (dd424ecc-9c96-383c-9a48-a53193d7ec03): порегайте аки и рил кабута читеров убиваете
[19:32:16] Menxen_Pozx (dd424ecc-9c96-383c-9a48-a53193d7ec03): унижаете
[19:32:20] Menxen_Pozx (dd424ecc-9c96-383c-9a48-a53193d7ec03): флюгера брою
[19:32:42] Menxen_Pozx (dd424ecc-9c96-383c-9a48-a53193d7ec03): фуфа
[19:32:45] Menxen_Pozx (dd424ecc-9c96-383c-9a48-a53193d7ec03): а хто создатель
[19:32:49] hearts1de (d992e855-68db-3578-a5e1-6596e860ce51): мы все
[19:32:50] aerophobic (72086d7b-e113-35ce-90d8-ca99c92d4320): я
[19:32:58] Menxen_Pozx (dd424ecc-9c96-383c-9a48-a53193d7ec03): аеробобик тише там блин
[19:33:01] Menxen_Pozx (dd424ecc-9c96-383c-9a48-a53193d7ec03): кикнул меня!
[19:33:11] Menxen_Pozx (dd424ecc-9c96-383c-9a48-a53193d7ec03): а нах вам 2 сервака
[19:33:15] Menxen_Pozx (dd424ecc-9c96-383c-9a48-a53193d7ec03): вы 1 еле вывозите
[19:33:23] Menxen_Pozx (dd424ecc-9c96-383c-9a48-a53193d7ec03): или не
[19:33:25] hearts1de (d992e855-68db-3578-a5e1-6596e860ce51): все ок
[19:33:27] hearts1de (d992e855-68db-3578-a5e1-6596e860ce51): сирок
[19:33:32] hearts1de (d992e855-68db-3578-a5e1-6596e860ce51): копия
[19:33:35] hearts1de (d992e855-68db-3578-a5e1-6596e860ce51): всем интересна
[19:33:37] Menxen_Pozx (dd424ecc-9c96-383c-9a48-a53193d7ec03): да понимаю
[19:33:38] hearts1de (d992e855-68db-3578-a5e1-6596e860ce51): школьничкам
[19:33:41] Menxen_Pozx (dd424ecc-9c96-383c-9a48-a53193d7ec03): пвп киті
[19:33:47] hearts1de (d992e855-68db-3578-a5e1-6596e860ce51): а найтлик у нас на более взрослое комьюнити
[19:33:59] Menxen_Pozx (dd424ecc-9c96-383c-9a48-a53193d7ec03): я сам на скай тайме ибошу
[19:34:09] hearts1de (d992e855-68db-3578-a5e1-6596e860ce51): люди играю на спуки таймах
[19:34:10] Menxen_Pozx (dd424ecc-9c96-383c-9a48-a53193d7ec03): кв тол крушо
[19:34:16] hearts1de (d992e855-68db-3578-a5e1-6596e860ce51): кейкворлдах
[19:34:19] [SWEAR] Menxen_Pozx (dd424ecc-9c96-383c-9a48-a53193d7ec03): да нет там уже комьюнити 
[19:34:21] hearts1de (d992e855-68db-3578-a5e1-6596e860ce51): тут норм будет
[19:34:44] Menxen_Pozx (dd424ecc-9c96-383c-9a48-a53193d7ec03): фуфа ну пиздец же будет
[19:34:47] hearts1de (d992e855-68db-3578-a5e1-6596e860ce51): &
[19:34:48] hearts1de (d992e855-68db-3578-a5e1-6596e860ce51): ?
[19:34:51] Menxen_Pozx (dd424ecc-9c96-383c-9a48-a53193d7ec03): тебе нада как домер снимать
[19:34:57] hearts1de (d992e855-68db-3578-a5e1-6596e860ce51): єто слишком
[19:35:07] Menxen_Pozx (dd424ecc-9c96-383c-9a48-a53193d7ec03): и тебе будуть писать я твой ПОДПИЩЭК ДАЙ 10000РЭЛЭКОВ
[19:35:15] EnfantsDeprimes (b484ecfc-1b1b-3590-b69e-45a19d61c917): АЛО
[19:35:17] Menxen_Pozx (dd424ecc-9c96-383c-9a48-a53193d7ec03): шо
[19:35:18] EnfantsDeprimes (b484ecfc-1b1b-3590-b69e-45a19d61c917): че с ебалом
[19:35:21] BraisFOUR (9cd3ac0b-eae7-33bf-a9fc-ea921fd06b18): хахаха
[19:35:23] EnfantsDeprimes (b484ecfc-1b1b-3590-b69e-45a19d61c917): че с ебалом
[19:35:24] Menxen_Pozx (dd424ecc-9c96-383c-9a48-a53193d7ec03): пашол в попу
[19:35:31] Menxen_Pozx (dd424ecc-9c96-383c-9a48-a53193d7ec03): zoooc
[19:35:34] Menxen_Pozx (dd424ecc-9c96-383c-9a48-a53193d7ec03): zooov
[19:35:40] Menxen_Pozx (dd424ecc-9c96-383c-9a48-a53193d7ec03): єжм
[19:35:43] Menxen_Pozx (dd424ecc-9c96-383c-9a48-a53193d7ec03): эм
[19:35:57] Menxen_Pozx (dd424ecc-9c96-383c-9a48-a53193d7ec03): фуфа
[19:36:02] EnfantsDeprimes (b484ecfc-1b1b-3590-b69e-45a19d61c917): пщжшвыоа9щшыфова9зэщхфыэ
[19:36:03] EnfantsDeprimes (b484ecfc-1b1b-3590-b69e-45a19d61c917): ъ\
[19:36:03] EnfantsDeprimes (b484ecfc-1b1b-3590-b69e-45a19d61c917): ыфв
[19:36:05] EnfantsDeprimes (b484ecfc-1b1b-3590-b69e-45a19d61c917): ПРОСТИ
[19:36:08] EnfantsDeprimes (b484ecfc-1b1b-3590-b69e-45a19d61c917): ПРОСТИ
[19:36:08] EnfantsDeprimes (b484ecfc-1b1b-3590-b69e-45a19d61c917): ПРОСТИ
[19:36:09] EnfantsDeprimes (b484ecfc-1b1b-3590-b69e-45a19d61c917): ПРОСТИ
[19:36:13] Menxen_Pozx (dd424ecc-9c96-383c-9a48-a53193d7ec03): фуфа блЯ
[19:36:16] Menxen_Pozx (dd424ecc-9c96-383c-9a48-a53193d7ec03): не вижу тебе
[19:36:19] Menxen_Pozx (dd424ecc-9c96-383c-9a48-a53193d7ec03): бычик
[19:37:08] [SWEAR] Menxen_Pozx (dd424ecc-9c96-383c-9a48-a53193d7ec03): сиськи пр 
[19:37:18] Menxen_Pozx (dd424ecc-9c96-383c-9a48-a53193d7ec03): а чо саабшения блокают
[19:37:27] Faber1337 (f20c6504-f1af-37d9-bc4b-4ee91e71b65c): мы ролиу снимали
[19:37:27] Menxen_Pozx (dd424ecc-9c96-383c-9a48-a53193d7ec03): я хачу фабера атсталым назвать а оно блочит
[19:37:31] Menxen_Pozx (dd424ecc-9c96-383c-9a48-a53193d7ec03): аа
[19:37:59] Menxen_Pozx (dd424ecc-9c96-383c-9a48-a53193d7ec03): садна снимайте мишать не буду
[19:38:01] Menxen_Pozx (dd424ecc-9c96-383c-9a48-a53193d7ec03): бычики
[20:31:03] 1sirok1 (3039c650-86a5-303e-81d8-4890e02aef2a): фуфа
[20:31:07] 1sirok1 (3039c650-86a5-303e-81d8-4890e02aef2a): гани данат
[20:31:23] 1sirok1 (3039c650-86a5-303e-81d8-4890e02aef2a): дай донат крутой
[20:31:32] 1sirok1 (3039c650-86a5-303e-81d8-4890e02aef2a): не
[20:31:36] 1sirok1 (3039c650-86a5-303e-81d8-4890e02aef2a): Данат выдой
[20:31:45] 1sirok1 (3039c650-86a5-303e-81d8-4890e02aef2a): выдал
[20:32:00] 1sirok1 (3039c650-86a5-303e-81d8-4890e02aef2a): гани д админа
[20:32:55] 1sirok1 (3039c650-86a5-303e-81d8-4890e02aef2a): гони д админа
[20:36:40] 1sirok1 (3039c650-86a5-303e-81d8-4890e02aef2a): фуфа
[20:36:48] 1sirok1 (3039c650-86a5-303e-81d8-4890e02aef2a): дай д админа протешю и ливну
[20:36:51] 1sirok1 (3039c650-86a5-303e-81d8-4890e02aef2a): уро
[20:37:35] 1sirok1 (3039c650-86a5-303e-81d8-4890e02aef2a): нах
[20:37:46] 1sirok1 (3039c650-86a5-303e-81d8-4890e02aef2a): не буду
[20:37:48] 1sirok1 (3039c650-86a5-303e-81d8-4890e02aef2a): я не пидор
[20:37:53] 1sirok1 (3039c650-86a5-303e-81d8-4890e02aef2a): чек бан мут
[20:38:42] 1sirok1 (3039c650-86a5-303e-81d8-4890e02aef2a): фуфа
[20:38:45] 1sirok1 (3039c650-86a5-303e-81d8-4890e02aef2a): мож не заберать пж
[20:39:01] 1sirok1 (3039c650-86a5-303e-81d8-4890e02aef2a): ни навижу бобика
[20:39:52] EnfantsDeprimes (b484ecfc-1b1b-3590-b69e-45a19d61c917): hi
[20:40:30] 1sirok1 (3039c650-86a5-303e-81d8-4890e02aef2a): hearts1de rtp не тепает
[20:41:16] 1sirok1 (3039c650-86a5-303e-81d8-4890e02aef2a): извини
[20:41:19] 1sirok1 (3039c650-86a5-303e-81d8-4890e02aef2a): ето пранк
[20:45:26] Fluger (519ddc44-cc70-3585-a7e1-f8bd2ed1415e): пр
[20:45:56] 1sirok1 (3039c650-86a5-303e-81d8-4890e02aef2a): чтіре7
[20:46:27] 1sirok1 (3039c650-86a5-303e-81d8-4890e02aef2a): ета кит д хелпера
[20:48:07] 1sirok1 (3039c650-86a5-303e-81d8-4890e02aef2a): шо
[20:49:22] 1sirok1 (3039c650-86a5-303e-81d8-4890e02aef2a): я не давал ему
[20:49:31] 1sirok1 (3039c650-86a5-303e-81d8-4890e02aef2a): у меня кдц
[20:49:38] 1sirok1 (3039c650-86a5-303e-81d8-4890e02aef2a): нее
[20:49:45] 1sirok1 (3039c650-86a5-303e-81d8-4890e02aef2a): бічик
[20:54:43] S1rochekk (b9b4b031-b060-3010-85bc-7f4452690de1): ало фуфа
[20:56:20] [SWEAR] Nurber228 (29c94df0-02a7-3b0c-8237-27a4889244f6): Дельта не 
[20:56:25] Nurber228 (29c94df0-02a7-3b0c-8237-27a4889244f6): арбуз клиент
[20:56:33] S1rochekk (b9b4b031-b060-3010-85bc-7f4452690de1): ого
[20:57:31] Nurber228 (29c94df0-02a7-3b0c-8237-27a4889244f6): fffsd
[21:11:54] EnfantsDeprimes (b484ecfc-1b1b-3590-b69e-45a19d61c917): legit check
[21:17:36] MrDomer (36080521-8ef9-3028-a5bf-99e4c959d597): bint34 пр новичок
[22:06:40] bint34 (e9a88273-43b5-3d31-aae3-054e9a6db1c5): тебе помочь?
[22:06:59] bint34 (e9a88273-43b5-3d31-aae3-054e9a6db1c5): ?
[22:09:59] bint34 (e9a88273-43b5-3d31-aae3-054e9a6db1c5): хорош
[22:11:34] Dima_world666 (ed9c3470-5d1b-3b1e-b7eb-33dc22380c7d): a
[22:11:56] Dima_world666 (ed9c3470-5d1b-3b1e-b7eb-33dc22380c7d): ky
[22:12:01] bint34 (e9a88273-43b5-3d31-aae3-054e9a6db1c5): ky
[22:12:16] bint34 (e9a88273-43b5-3d31-aae3-054e9a6db1c5): ?
[22:12:57] bint34 (e9a88273-43b5-3d31-aae3-054e9a6db1c5): ?
[22:13:16] Dima_world666 (ed9c3470-5d1b-3b1e-b7eb-33dc22380c7d): как rtp
[22:13:25] bint34 (e9a88273-43b5-3d31-aae3-054e9a6db1c5): ./rtp
[22:13:43] Dima_world666 (ed9c3470-5d1b-3b1e-b7eb-33dc22380c7d): эм
[22:13:51] bint34 (e9a88273-43b5-3d31-aae3-054e9a6db1c5): это да
[22:13:57] Dima_world666 (ed9c3470-5d1b-3b1e-b7eb-33dc22380c7d): неа как
[22:14:08] bint34 (e9a88273-43b5-3d31-aae3-054e9a6db1c5): ./rt
[22:14:17] bint34 (e9a88273-43b5-3d31-aae3-054e9a6db1c5): ./rtp
[22:14:17] Dima_world666 (ed9c3470-5d1b-3b1e-b7eb-33dc22380c7d): не как
[22:15:12] bint34 (e9a88273-43b5-3d31-aae3-054e9a6db1c5): все?
[22:15:50] Dima_world666 (ed9c3470-5d1b-3b1e-b7eb-33dc22380c7d): ну как
[22:16:27] Dima_world666 (ed9c3470-5d1b-3b1e-b7eb-33dc22380c7d): o
