[13:08:59] beloe1337 (7791347b-dfd1-3e90-9a67-56a420586731): ꔀ
[13:09:01] beloe1337 (7791347b-dfd1-3e90-9a67-56a420586731): ꔀ
[13:09:02] beloe1337 (7791347b-dfd1-3e90-9a67-56a420586731): rea
[13:10:37] beloe1337 (7791347b-dfd1-3e90-9a67-56a420586731): ꕠ
[13:11:35] beloe1337 (7791347b-dfd1-3e90-9a67-56a420586731): ꕠ
[13:11:40] beloe1337 (7791347b-dfd1-3e90-9a67-56a420586731): даро
[13:12:02] beloe1337 (7791347b-dfd1-3e90-9a67-56a420586731): rea
[13:12:08] beloe1337 (7791347b-dfd1-3e90-9a67-56a420586731): rea
[13:13:25] beloe1337 (7791347b-dfd1-3e90-9a67-56a420586731): rea
[13:13:40] beloe1337 (7791347b-dfd1-3e90-9a67-56a420586731): rea
[13:13:44] beloe1337 (7791347b-dfd1-3e90-9a67-56a420586731): rea
[13:39:47] beloe1337 (7791347b-dfd1-3e90-9a67-56a420586731): alzxmpic
[13:39:54] alzxmpic (80f2f1c6-448d-3378-af4b-dd14941950a8): ?
[13:40:00] beloe1337 (7791347b-dfd1-3e90-9a67-56a420586731): а чо мне пишет что у тебя плеер
[13:40:03] beloe1337 (7791347b-dfd1-3e90-9a67-56a420586731): какой у тебя донат
[13:40:12] alzxmpic (80f2f1c6-448d-3378-af4b-dd14941950a8): owner
[13:40:19] alzxmpic (80f2f1c6-448d-3378-af4b-dd14941950a8): что о чатом бл
[13:40:22] beloe1337 (7791347b-dfd1-3e90-9a67-56a420586731): чо
[13:40:22] alzxmpic (80f2f1c6-448d-3378-af4b-dd14941950a8): а ясно
[13:40:27] beloe1337 (7791347b-dfd1-3e90-9a67-56a420586731): а чо с ним
[13:40:35] alzxmpic (80f2f1c6-448d-3378-af4b-dd14941950a8): хекса нет
[13:40:43] alzxmpic (80f2f1c6-448d-3378-af4b-dd14941950a8): &#00000w
[13:41:12] beloe1337 (7791347b-dfd1-3e90-9a67-56a420586731): ну чо ты скачал ту сборку?
[13:41:16] beloe1337 (7791347b-dfd1-3e90-9a67-56a420586731): которую кинул
[13:41:22] alzxmpic (80f2f1c6-448d-3378-af4b-dd14941950a8): качается
[13:41:26] beloe1337 (7791347b-dfd1-3e90-9a67-56a420586731): скок осталсоь
[13:41:35] alzxmpic (80f2f1c6-448d-3378-af4b-dd14941950a8): хз
[13:41:41] alzxmpic (80f2f1c6-448d-3378-af4b-dd14941950a8): 5 мин
[14:14:25] beloe1337 (7791347b-dfd1-3e90-9a67-56a420586731): ꔶ
[17:20:49] alzxmpic (80f2f1c6-448d-3378-af4b-dd14941950a8): w
[17:21:47] alzxmpic (80f2f1c6-448d-3378-af4b-dd14941950a8): wff
[19:42:04] aerophobic (72086d7b-e113-35ce-90d8-ca99c92d4320): f
[19:42:05] aerophobic (72086d7b-e113-35ce-90d8-ca99c92d4320): f
[19:42:06] aerophobic (72086d7b-e113-35ce-90d8-ca99c92d4320): asd
[19:42:50] aerophobic (72086d7b-e113-35ce-90d8-ca99c92d4320): вфв
[19:44:00] aerophobic (72086d7b-e113-35ce-90d8-ca99c92d4320): f
[20:03:21] aerophobic (72086d7b-e113-35ce-90d8-ca99c92d4320): f
[20:07:50] alzxmpic (80f2f1c6-448d-3378-af4b-dd14941950a8): PLWS./HGR.P/FS
[20:09:24] aerophobic (72086d7b-e113-35ce-90d8-ca99c92d4320): repairexp
[20:09:25] aerophobic (72086d7b-e113-35ce-90d8-ca99c92d4320): repairexp
[20:09:26] aerophobic (72086d7b-e113-35ce-90d8-ca99c92d4320): repairexp
[20:09:27] aerophobic (72086d7b-e113-35ce-90d8-ca99c92d4320): repairexp
[20:09:31] aerophobic (72086d7b-e113-35ce-90d8-ca99c92d4320): repairexp
[20:09:33] aerophobic (72086d7b-e113-35ce-90d8-ca99c92d4320): repairexp
[20:09:34] alzxmpic (80f2f1c6-448d-3378-af4b-dd14941950a8): repairexp
[20:09:35] alzxmpic (80f2f1c6-448d-3378-af4b-dd14941950a8): repairexp
[20:09:46] aerophobic (72086d7b-e113-35ce-90d8-ca99c92d4320): repairexp
[20:09:48] aerophobic (72086d7b-e113-35ce-90d8-ca99c92d4320): repairexp
[20:09:55] alzxmpic (80f2f1c6-448d-3378-af4b-dd14941950a8): vse
[20:40:18] alzxmpic (80f2f1c6-448d-3378-af4b-dd14941950a8): fꈁꀀꈂꍅꈂꀁ0ꈃꄖ§r
[20:40:25] hearts1de (d992e855-68db-3578-a5e1-6596e860ce51): 123
[20:40:26] hearts1de (d992e855-68db-3578-a5e1-6596e860ce51): 123123
[20:40:27] hearts1de (d992e855-68db-3578-a5e1-6596e860ce51): 123123t123123
[20:40:28] hearts1de (d992e855-68db-3578-a5e1-6596e860ce51): 1231231
[20:40:30] hearts1de (d992e855-68db-3578-a5e1-6596e860ce51): 123
[21:32:08] aerophobic (72086d7b-e113-35ce-90d8-ca99c92d4320): f
[21:32:09] aerophobic (72086d7b-e113-35ce-90d8-ca99c92d4320): fadadad
[21:32:12] aerophobic (72086d7b-e113-35ce-90d8-ca99c92d4320): dada
[21:32:19] aerophobic (72086d7b-e113-35ce-90d8-ca99c92d4320): dada
[21:32:21] aerophobic (72086d7b-e113-35ce-90d8-ca99c92d4320): dada
[21:32:22] aerophobic (72086d7b-e113-35ce-90d8-ca99c92d4320): dada
[21:44:00] aerophobic (72086d7b-e113-35ce-90d8-ca99c92d4320): f
[21:44:00] aerophobic (72086d7b-e113-35ce-90d8-ca99c92d4320): f
[21:44:01] aerophobic (72086d7b-e113-35ce-90d8-ca99c92d4320): f
[21:44:02] aerophobic (72086d7b-e113-35ce-90d8-ca99c92d4320): dfa
[21:44:08] aerophobic (72086d7b-e113-35ce-90d8-ca99c92d4320): f
[21:44:08] aerophobic (72086d7b-e113-35ce-90d8-ca99c92d4320): f
[21:44:09] aerophobic (72086d7b-e113-35ce-90d8-ca99c92d4320): fg
[21:44:09] aerophobic (72086d7b-e113-35ce-90d8-ca99c92d4320): fg
[21:44:10] aerophobic (72086d7b-e113-35ce-90d8-ca99c92d4320): f
[21:44:10] aerophobic (72086d7b-e113-35ce-90d8-ca99c92d4320): f
[21:44:11] aerophobic (72086d7b-e113-35ce-90d8-ca99c92d4320): ff
[21:44:11] aerophobic (72086d7b-e113-35ce-90d8-ca99c92d4320): fffg
[21:44:11] aerophobic (72086d7b-e113-35ce-90d8-ca99c92d4320): fffg
[21:44:12] aerophobic (72086d7b-e113-35ce-90d8-ca99c92d4320): fffg
[21:44:12] aerophobic (72086d7b-e113-35ce-90d8-ca99c92d4320): fffg
[21:46:30] aerophobic (72086d7b-e113-35ce-90d8-ca99c92d4320): f
[21:46:31] aerophobic (72086d7b-e113-35ce-90d8-ca99c92d4320): f
[21:46:31] aerophobic (72086d7b-e113-35ce-90d8-ca99c92d4320): df
[21:46:40] aerophobic (72086d7b-e113-35ce-90d8-ca99c92d4320): f
[21:46:41] aerophobic (72086d7b-e113-35ce-90d8-ca99c92d4320): f
