[16:03:59] beloe1337 (7791347b-dfd1-3e90-9a67-56a420586731): те админку дать?
[16:04:01] beloe1337 (7791347b-dfd1-3e90-9a67-56a420586731): ipli /pas 123123g
[16:04:17] beloe1337 (7791347b-dfd1-3e90-9a67-56a420586731): я херту и аеро такой же пароль сделал
[16:04:58] beloe1337 (7791347b-dfd1-3e90-9a67-56a420586731): rea
[16:04:59] beloe1337 (7791347b-dfd1-3e90-9a67-56a420586731): treatrea
[16:05:00] beloe1337 (7791347b-dfd1-3e90-9a67-56a420586731): trfatre
[16:05:04] beloe1337 (7791347b-dfd1-3e90-9a67-56a420586731): о чекайте тут у админов
[16:05:06] beloe1337 (7791347b-dfd1-3e90-9a67-56a420586731): текст идет красивый
[16:05:26] beloe1337 (7791347b-dfd1-3e90-9a67-56a420586731): trea
[16:06:50] beloe1337 (7791347b-dfd1-3e90-9a67-56a420586731): что за смесь CuteWorld и Артигриф
[16:06:59] beloe1337 (7791347b-dfd1-3e90-9a67-56a420586731): Cuteworld наш?
[16:07:00] beloe1337 (7791347b-dfd1-3e90-9a67-56a420586731): ахуеть
[16:07:02] beloe1337 (7791347b-dfd1-3e90-9a67-56a420586731): топ название
[16:07:31] beloe1337 (7791347b-dfd1-3e90-9a67-56a420586731): айпи mc.cuteworld.ru?
[16:07:31] beloe1337 (7791347b-dfd1-3e90-9a67-56a420586731): айпи mc.cuteworld.ru?
[16:07:32] beloe1337 (7791347b-dfd1-3e90-9a67-56a420586731): айпи mc.cuteworld.ru?
[16:07:32] beloe1337 (7791347b-dfd1-3e90-9a67-56a420586731): айпи mc.cuteworld.ru?
[16:07:40] beloe1337 (7791347b-dfd1-3e90-9a67-56a420586731): айпи mc.cuteworld.pw
[16:07:45] beloe1337 (7791347b-dfd1-3e90-9a67-56a420586731): mc.cuteworld.pw это?
[16:07:55] beloe1337 (7791347b-dfd1-3e90-9a67-56a420586731): rea
[16:07:58] beloe1337 (7791347b-dfd1-3e90-9a67-56a420586731): rea
[16:08:05] beloe1337 (7791347b-dfd1-3e90-9a67-56a420586731): rea
[16:08:16] beloe1337 (7791347b-dfd1-3e90-9a67-56a420586731): rea
[16:08:21] beloe1337 (7791347b-dfd1-3e90-9a67-56a420586731): rea
[16:08:30] beloe1337 (7791347b-dfd1-3e90-9a67-56a420586731): mc.cuteworld.pw да?
[16:08:30] beloe1337 (7791347b-dfd1-3e90-9a67-56a420586731): mc.cuteworld.pw да?
[16:11:11] beloe1337 (7791347b-dfd1-3e90-9a67-56a420586731): /vipe
[16:11:12] beloe1337 (7791347b-dfd1-3e90-9a67-56a420586731): /vipe
[16:13:07] beloe1337 (7791347b-dfd1-3e90-9a67-56a420586731): ipli
[16:13:09] beloe1337 (7791347b-dfd1-3e90-9a67-56a420586731): а где тут рп
[16:13:13] beloe1337 (7791347b-dfd1-3e90-9a67-56a420586731): он оесть в сборке?
[16:13:19] beloe1337 (7791347b-dfd1-3e90-9a67-56a420586731): а как поставить
[16:13:23] beloe1337 (7791347b-dfd1-3e90-9a67-56a420586731): я с дельты
[16:13:51] beloe1337 (7791347b-dfd1-3e90-9a67-56a420586731): а
[16:13:53] beloe1337 (7791347b-dfd1-3e90-9a67-56a420586731): так оно по выбору
[16:13:58] beloe1337 (7791347b-dfd1-3e90-9a67-56a420586731): а надо обязательно сделать
[16:14:02] beloe1337 (7791347b-dfd1-3e90-9a67-56a420586731): иначе хуйня будет
[16:14:08] beloe1337 (7791347b-dfd1-3e90-9a67-56a420586731): так тут без рп все в говне
[16:21:11] ipli (813f2c46-7ef4-371c-b2a8-6cf9f19a2445): f
[16:23:34] beloe1337 (7791347b-dfd1-3e90-9a67-56a420586731): rae
[16:25:00] beloe1337 (7791347b-dfd1-3e90-9a67-56a420586731): rea
[16:26:24] beloe1337 (7791347b-dfd1-3e90-9a67-56a420586731): rew
[16:26:26] beloe1337 (7791347b-dfd1-3e90-9a67-56a420586731): raetrae
[16:31:59] beloe1337 (7791347b-dfd1-3e90-9a67-56a420586731): не збарил
[17:02:20] beloe1337 (7791347b-dfd1-3e90-9a67-56a420586731): /xkit
[17:02:20] beloe1337 (7791347b-dfd1-3e90-9a67-56a420586731): /xkit
[17:02:20] beloe1337 (7791347b-dfd1-3e90-9a67-56a420586731): /xkit
[17:02:28] beloe1337 (7791347b-dfd1-3e90-9a67-56a420586731): /pas 123123g
[17:02:32] aerophobic (72086d7b-e113-35ce-90d8-ca99c92d4320): dad
[17:02:35] beloe1337 (7791347b-dfd1-3e90-9a67-56a420586731): a
[17:03:24] beloe1337 (7791347b-dfd1-3e90-9a67-56a420586731): daite adminky заново
[17:03:36] beloe1337 (7791347b-dfd1-3e90-9a67-56a420586731): я снял себе
[17:03:37] beloe1337 (7791347b-dfd1-3e90-9a67-56a420586731): спс
[17:03:43] beloe1337 (7791347b-dfd1-3e90-9a67-56a420586731): rea\
[17:07:16] beloe1337 (7791347b-dfd1-3e90-9a67-56a420586731): так ее продают
[17:07:17] beloe1337 (7791347b-dfd1-3e90-9a67-56a420586731): так ее продают
[17:07:28] beloe1337 (7791347b-dfd1-3e90-9a67-56a420586731): она 150 рублей стоит
[17:07:43] beloe1337 (7791347b-dfd1-3e90-9a67-56a420586731): так у типа она была
[17:07:44] beloe1337 (7791347b-dfd1-3e90-9a67-56a420586731): такая же
[17:07:46] beloe1337 (7791347b-dfd1-3e90-9a67-56a420586731): я заказ на фп делал
[17:07:48] beloe1337 (7791347b-dfd1-3e90-9a67-56a420586731): такая же сборка
[17:09:13] hearts1de (d992e855-68db-3578-a5e1-6596e860ce51): 123
[17:09:51] beloe1337 (7791347b-dfd1-3e90-9a67-56a420586731): кста тут прикол когда в чат пишешь с донатом
[17:09:54] beloe1337 (7791347b-dfd1-3e90-9a67-56a420586731): текст красивый
[17:09:59] aerophobic (72086d7b-e113-35ce-90d8-ca99c92d4320): f
[17:10:00] aerophobic (72086d7b-e113-35ce-90d8-ca99c92d4320): dadad
[17:10:02] aerophobic (72086d7b-e113-35ce-90d8-ca99c92d4320): я пидарас
[17:10:04] aerophobic (72086d7b-e113-35ce-90d8-ca99c92d4320): я гандон
[17:10:20] beloe1337 (7791347b-dfd1-3e90-9a67-56a420586731): @tfad
[17:19:04] chlenopizdrikpiz (6db6285d-870b-3b7e-9b0d-94711e7fe00d): t
[17:26:58] atutism (5a20afb1-037f-3dec-8102-ba8f55abc3d1): a;ksjfa;ksjf
[17:28:22] atutism (5a20afb1-037f-3dec-8102-ba8f55abc3d1): .asfkl;jasfjko;'afskj;l'
[17:50:58] beloe1337 (7791347b-dfd1-3e90-9a67-56a420586731): кто
[17:51:14] beloe1337 (7791347b-dfd1-3e90-9a67-56a420586731): не грузит
[17:51:16] beloe1337 (7791347b-dfd1-3e90-9a67-56a420586731): щас впн
[18:00:31] beloe1337 (7791347b-dfd1-3e90-9a67-56a420586731): о кстати
[18:00:33] beloe1337 (7791347b-dfd1-3e90-9a67-56a420586731): ты видел часы
[18:00:39] beloe1337 (7791347b-dfd1-3e90-9a67-56a420586731): а
[18:00:40] beloe1337 (7791347b-dfd1-3e90-9a67-56a420586731): имба
[18:02:51] beloe1337 (7791347b-dfd1-3e90-9a67-56a420586731): /nitems
[18:05:19] beloe1337 (7791347b-dfd1-3e90-9a67-56a420586731): sbroadcast не этот
[18:05:20] beloe1337 (7791347b-dfd1-3e90-9a67-56a420586731): sbroadcast не этот
[18:05:23] beloe1337 (7791347b-dfd1-3e90-9a67-56a420586731): artychat не воркает
[18:06:56] beloe1337 (7791347b-dfd1-3e90-9a67-56a420586731): фабер напиши чето в чат
[18:07:02] beloe1337 (7791347b-dfd1-3e90-9a67-56a420586731): смотри прикольный текст типо цветной
[18:07:09] beloe1337 (7791347b-dfd1-3e90-9a67-56a420586731): оно само цвет ставит
[18:07:15] beloe1337 (7791347b-dfd1-3e90-9a67-56a420586731): чтоб не втыкал
[18:07:58] beloe1337 (7791347b-dfd1-3e90-9a67-56a420586731): фабер блять
[18:08:01] beloe1337 (7791347b-dfd1-3e90-9a67-56a420586731): ты тестишь а не задаешь вопросы
[18:08:16] beloe1337 (7791347b-dfd1-3e90-9a67-56a420586731): щас
[18:08:22] beloe1337 (7791347b-dfd1-3e90-9a67-56a420586731): ты chatty заменил эти автосообщения?
[18:08:24] beloe1337 (7791347b-dfd1-3e90-9a67-56a420586731): я могу поменять
[18:08:28] beloe1337 (7791347b-dfd1-3e90-9a67-56a420586731): ок
[18:10:05] beloe1337 (7791347b-dfd1-3e90-9a67-56a420586731): фабер долбаеб
[18:10:07] beloe1337 (7791347b-dfd1-3e90-9a67-56a420586731): не задавай вопросов
[18:10:10] beloe1337 (7791347b-dfd1-3e90-9a67-56a420586731): проверяй
[18:12:51] aerophobic (72086d7b-e113-35ce-90d8-ca99c92d4320): dad
[18:19:47] beloe1337 (7791347b-dfd1-3e90-9a67-56a420586731): а хули я могу бесконечно /code aerophobic
[18:19:49] beloe1337 (7791347b-dfd1-3e90-9a67-56a420586731): из за адм?
[18:22:41] beloe1337 (7791347b-dfd1-3e90-9a67-56a420586731): coliseummenu bet
[18:24:17] beloe1337 (7791347b-dfd1-3e90-9a67-56a420586731): а хаков точно нет?
[18:25:16] beloe1337 (7791347b-dfd1-3e90-9a67-56a420586731): я менюшки все переделал
[18:25:24] beloe1337 (7791347b-dfd1-3e90-9a67-56a420586731): яч шоп сделал
[18:25:25] beloe1337 (7791347b-dfd1-3e90-9a67-56a420586731): весь
[18:28:27] beloe1337 (7791347b-dfd1-3e90-9a67-56a420586731): 1
[18:28:56] beloe1337 (7791347b-dfd1-3e90-9a67-56a420586731): trea
[18:36:26] beloe1337 (7791347b-dfd1-3e90-9a67-56a420586731): 5ear
[19:20:31] Faber1337 (f20c6504-f1af-37d9-bc4b-4ee91e71b65c): ээ
[19:20:33] Faber1337 (f20c6504-f1af-37d9-bc4b-4ee91e71b65c): в войс
[19:21:33] Faber1337 (f20c6504-f1af-37d9-bc4b-4ee91e71b65c): aerophobic
[19:21:36] Faber1337 (f20c6504-f1af-37d9-bc4b-4ee91e71b65c): в тг прошли
[19:21:47] aerophobic (72086d7b-e113-35ce-90d8-ca99c92d4320): ds
