[25-06-06 03:00:43] [INFO] [DEBUG] onEnable start -> 1749178843776

[25-06-06 03:00:43] [INFO] Using Economy Provider: com.earth2me.essentials.economy.vault.VaultEconomyProvider
[25-06-06 03:00:43] [INFO] [DEBUG] Starting load of Config at 1749178843802
[25-06-06 03:00:43] [INFO] [DEBUG] Config has been loaded. (took 3ms)
[25-06-06 03:00:43] [INFO] [DEBUG] Starting load of Lang at 1749178843805
[25-06-06 03:00:43] [INFO] [DEBUG] Lang has been loaded. (took 10ms)
[25-06-06 03:00:43] [INFO] [DEBUG] Starting load of UserManagerImpl at 1749178843815
[25-06-06 03:00:43] [INFO] [DEBUG] UserManagerImpl has been loaded. (took 0ms)
[25-06-06 03:00:43] [INFO] [DEBUG] Starting load of GuiListener at 1749178843815
[25-06-06 03:00:43] [INFO] [DEBUG] GuiListener has been loaded. (took 0ms)
[25-06-06 03:00:43] [INFO] [DEBUG] Starting load of KitManagerImpl at 1749178843815
[25-06-06 03:00:43] [INFO] KitManagerImpl: Loaded 7 kit(s).
[25-06-06 03:00:43] [INFO] [DEBUG] KitManagerImpl has been loaded. (took 82ms)
[25-06-06 03:00:43] [INFO] [DEBUG] Starting load of ArenaManagerImpl at 1749178843897
[25-06-06 03:00:43] [INFO] ArenaManagerImpl: Loaded 6 arena(s).
[25-06-06 03:00:43] [INFO] [DEBUG] ArenaManagerImpl has been loaded. (took 8ms)
[25-06-06 03:00:43] [INFO] [DEBUG] Starting load of SettingsManager at 1749178843905
[25-06-06 03:00:43] [INFO] [DEBUG] SettingsManager has been loaded. (took 0ms)
[25-06-06 03:00:43] [INFO] [DEBUG] Starting load of PlayerInfoManager at 1749178843905
[25-06-06 03:00:43] [INFO] [DEBUG] PlayerInfoManager has been loaded. (took 15ms)
[25-06-06 03:00:43] [INFO] [DEBUG] Starting load of SpectateManagerImpl at 1749178843920
[25-06-06 03:00:43] [INFO] [DEBUG] SpectateManagerImpl has been loaded. (took 0ms)
[25-06-06 03:00:43] [INFO] [DEBUG] Starting load of BettingManager at 1749178843920
[25-06-06 03:00:43] [INFO] [DEBUG] BettingManager has been loaded. (took 0ms)
[25-06-06 03:00:43] [INFO] [DEBUG] Starting load of InventoryManager at 1749178843920
[25-06-06 03:00:43] [INFO] [DEBUG] InventoryManager has been loaded. (took 0ms)
[25-06-06 03:00:43] [INFO] [DEBUG] Starting load of DuelManager at 1749178843920
[25-06-06 03:00:43] [INFO] [DEBUG] DuelManager has been loaded. (took 0ms)
[25-06-06 03:00:43] [INFO] [DEBUG] Starting load of QueueManager at 1749178843920
[25-06-06 03:00:43] [INFO] QueueManager: Loaded 0 queue(s).
[25-06-06 03:00:43] [INFO] [DEBUG] QueueManager has been loaded. (took 1ms)
[25-06-06 03:00:43] [INFO] [DEBUG] Starting load of QueueSignManagerImpl at 1749178843921
[25-06-06 03:00:43] [INFO] QueueSignManagerImpl: Loaded 0 queue sign(s).
[25-06-06 03:00:43] [INFO] [DEBUG] QueueSignManagerImpl has been loaded. (took 0ms)
[25-06-06 03:00:43] [INFO] [DEBUG] Starting load of RequestManager at 1749178843921
[25-06-06 03:00:43] [INFO] [DEBUG] RequestManager has been loaded. (took 0ms)
[25-06-06 03:00:43] [INFO] [DEBUG] Starting load of Teleport at 1749178843921
[25-06-06 03:00:43] [INFO] [DEBUG] Teleport has been loaded. (took 0ms)
[25-06-06 03:00:43] [INFO] [DEBUG] Starting load of ExtensionManager at 1749178843921
[25-06-06 03:00:43] [INFO] [DEBUG] ExtensionManager has been loaded. (took 0ms)
[25-06-07 03:00:10] [INFO] [DEBUG] onDisable start -> 1749265210466

[25-06-07 03:00:10] [INFO] [DEBUG] Starting unload of ExtensionManager at 1749265210468
[25-06-07 03:00:10] [INFO] [DEBUG] ExtensionManager has been unloaded. (took 0ms)
[25-06-07 03:00:10] [INFO] [DEBUG] Starting unload of Teleport at 1749265210468
[25-06-07 03:00:10] [INFO] [DEBUG] Teleport has been unloaded. (took 0ms)
[25-06-07 03:00:10] [INFO] [DEBUG] Starting unload of RequestManager at 1749265210468
[25-06-07 03:00:10] [INFO] [DEBUG] RequestManager has been unloaded. (took 0ms)
[25-06-07 03:00:10] [INFO] [DEBUG] Starting unload of QueueSignManagerImpl at 1749265210468
[25-06-07 03:00:10] [INFO] [DEBUG] QueueSignManagerImpl has been unloaded. (took 0ms)
[25-06-07 03:00:10] [INFO] [DEBUG] Starting unload of QueueManager at 1749265210468
[25-06-07 03:00:10] [INFO] [DEBUG] QueueManager has been unloaded. (took 0ms)
[25-06-07 03:00:10] [INFO] [DEBUG] Starting unload of DuelManager at 1749265210468
[25-06-07 03:00:10] [INFO] [DEBUG] DuelManager has been unloaded. (took 0ms)
[25-06-07 03:00:10] [INFO] [DEBUG] Starting unload of InventoryManager at 1749265210468
[25-06-07 03:00:10] [INFO] [DEBUG] InventoryManager has been unloaded. (took 0ms)
[25-06-07 03:00:10] [INFO] [DEBUG] Starting unload of BettingManager at 1749265210468
[25-06-07 03:00:10] [INFO] [DEBUG] BettingManager has been unloaded. (took 0ms)
[25-06-07 03:00:10] [INFO] [DEBUG] Starting unload of SpectateManagerImpl at 1749265210468
[25-06-07 03:00:10] [INFO] [DEBUG] SpectateManagerImpl has been unloaded. (took 0ms)
[25-06-07 03:00:10] [INFO] [DEBUG] Starting unload of PlayerInfoManager at 1749265210468
[25-06-07 03:00:10] [INFO] [DEBUG] PlayerInfoManager has been unloaded. (took 28ms)
[25-06-07 03:00:10] [INFO] [DEBUG] Starting unload of SettingsManager at 1749265210496
[25-06-07 03:00:10] [INFO] [DEBUG] SettingsManager has been unloaded. (took 0ms)
[25-06-07 03:00:10] [INFO] [DEBUG] Starting unload of ArenaManagerImpl at 1749265210496
[25-06-07 03:00:10] [INFO] [DEBUG] ArenaManagerImpl has been unloaded. (took 0ms)
[25-06-07 03:00:10] [INFO] [DEBUG] Starting unload of KitManagerImpl at 1749265210496
[25-06-07 03:00:10] [INFO] [DEBUG] KitManagerImpl has been unloaded. (took 0ms)
[25-06-07 03:00:10] [INFO] [DEBUG] Starting unload of GuiListener at 1749265210496
[25-06-07 03:00:10] [INFO] [DEBUG] GuiListener has been unloaded. (took 0ms)
[25-06-07 03:00:10] [INFO] [DEBUG] Starting unload of UserManagerImpl at 1749265210496
[25-06-07 03:00:10] [INFO] [DEBUG] UserManagerImpl has been unloaded. (took 2ms)
[25-06-07 03:00:10] [INFO] [DEBUG] Starting unload of Lang at 1749265210499
[25-06-07 03:00:10] [INFO] [DEBUG] Lang has been unloaded. (took 0ms)
[25-06-07 03:00:10] [INFO] [DEBUG] Starting unload of Config at 1749265210499
[25-06-07 03:00:10] [INFO] [DEBUG] Config has been unloaded. (took 0ms)
[25-06-07 03:00:10] [INFO] [DEBUG] unload done (took 33ms)
[25-06-07 03:00:10] [INFO] [DEBUG] Log#clearSources done (took 0ms)
