[25-06-13 03:01:02] [INFO] [DEBUG] onEnable start -> 1749772862035

[25-06-13 03:01:02] [INFO] Using Economy Provider: com.earth2me.essentials.economy.vault.VaultEconomyProvider
[25-06-13 03:01:02] [INFO] [DEBUG] Starting load of Config at 1749772862066
[25-06-13 03:01:02] [INFO] [DEBUG] Config has been loaded. (took 4ms)
[25-06-13 03:01:02] [INFO] [DEBUG] Starting load of Lang at 1749772862070
[25-06-13 03:01:02] [INFO] [DEBUG] Lang has been loaded. (took 12ms)
[25-06-13 03:01:02] [INFO] [DEBUG] Starting load of UserManagerImpl at 1749772862082
[25-06-13 03:01:02] [INFO] [DEBUG] UserManagerImpl has been loaded. (took 0ms)
[25-06-13 03:01:02] [INFO] [DEBUG] Starting load of GuiListener at 1749772862082
[25-06-13 03:01:02] [INFO] [DEBUG] GuiListener has been loaded. (took 0ms)
[25-06-13 03:01:02] [INFO] [DEBUG] Starting load of KitManagerImpl at 1749772862082
[25-06-13 03:01:02] [INFO] KitManagerImpl: Loaded 7 kit(s).
[25-06-13 03:01:02] [INFO] [DEBUG] KitManagerImpl has been loaded. (took 84ms)
[25-06-13 03:01:02] [INFO] [DEBUG] Starting load of ArenaManagerImpl at 1749772862166
[25-06-13 03:01:02] [INFO] ArenaManagerImpl: Loaded 6 arena(s).
[25-06-13 03:01:02] [INFO] [DEBUG] ArenaManagerImpl has been loaded. (took 7ms)
[25-06-13 03:01:02] [INFO] [DEBUG] Starting load of SettingsManager at 1749772862173
[25-06-13 03:01:02] [INFO] [DEBUG] SettingsManager has been loaded. (took 0ms)
[25-06-13 03:01:02] [INFO] [DEBUG] Starting load of PlayerInfoManager at 1749772862173
[25-06-13 03:01:02] [INFO] [DEBUG] PlayerInfoManager has been loaded. (took 42ms)
[25-06-13 03:01:02] [INFO] [DEBUG] Starting load of SpectateManagerImpl at 1749772862215
[25-06-13 03:01:02] [INFO] [DEBUG] SpectateManagerImpl has been loaded. (took 0ms)
[25-06-13 03:01:02] [INFO] [DEBUG] Starting load of BettingManager at 1749772862215
[25-06-13 03:01:02] [INFO] [DEBUG] BettingManager has been loaded. (took 0ms)
[25-06-13 03:01:02] [INFO] [DEBUG] Starting load of InventoryManager at 1749772862215
[25-06-13 03:01:02] [INFO] [DEBUG] InventoryManager has been loaded. (took 0ms)
[25-06-13 03:01:02] [INFO] [DEBUG] Starting load of DuelManager at 1749772862215
[25-06-13 03:01:02] [INFO] [DEBUG] DuelManager has been loaded. (took 0ms)
[25-06-13 03:01:02] [INFO] [DEBUG] Starting load of QueueManager at 1749772862215
[25-06-13 03:01:02] [INFO] QueueManager: Loaded 0 queue(s).
[25-06-13 03:01:02] [INFO] [DEBUG] QueueManager has been loaded. (took 1ms)
[25-06-13 03:01:02] [INFO] [DEBUG] Starting load of QueueSignManagerImpl at 1749772862216
[25-06-13 03:01:02] [INFO] QueueSignManagerImpl: Loaded 0 queue sign(s).
[25-06-13 03:01:02] [INFO] [DEBUG] QueueSignManagerImpl has been loaded. (took 0ms)
[25-06-13 03:01:02] [INFO] [DEBUG] Starting load of RequestManager at 1749772862216
[25-06-13 03:01:02] [INFO] [DEBUG] RequestManager has been loaded. (took 0ms)
[25-06-13 03:01:02] [INFO] [DEBUG] Starting load of Teleport at 1749772862216
[25-06-13 03:01:02] [INFO] [DEBUG] Teleport has been loaded. (took 0ms)
[25-06-13 03:01:02] [INFO] [DEBUG] Starting load of ExtensionManager at 1749772862216
[25-06-13 03:01:02] [INFO] [DEBUG] ExtensionManager has been loaded. (took 1ms)
[25-06-13 16:38:31] [WARNING] FetterZero has attempted to use a kit item while not in duel, but was prevented by KitItemListener.
[25-06-13 17:20:37] [WARNING] hEnergetic201669 has attempted to use a kit item while not in duel, but was prevented by KitItemListener.
[25-06-13 20:35:39] [WARNING] Bolsartur has attempted to use a kit item while not in duel, but was prevented by KitItemListener.
