[25-05-18 14:37:54] [INFO] [DEBUG] onEnable start -> 1747579074410

[25-05-18 14:37:54] [INFO] Using Economy Provider: com.earth2me.essentials.economy.vault.VaultEconomyProvider
[25-05-18 14:37:54] [INFO] [DEBUG] Starting load of Config at 1747579074455
[25-05-18 14:37:54] [INFO] [DEBUG] Config has been loaded. (took 4ms)
[25-05-18 14:37:54] [INFO] [DEBUG] Starting load of Lang at 1747579074459
[25-05-18 14:37:54] [INFO] [DEBUG] Lang has been loaded. (took 12ms)
[25-05-18 14:37:54] [INFO] [DEBUG] Starting load of UserManagerImpl at 1747579074471
[25-05-18 14:37:54] [INFO] [DEBUG] UserManagerImpl has been loaded. (took 0ms)
[25-05-18 14:37:54] [INFO] [DEBUG] Starting load of GuiListener at 1747579074471
[25-05-18 14:37:54] [INFO] [DEBUG] GuiListener has been loaded. (took 0ms)
[25-05-18 14:37:54] [INFO] [DEBUG] Starting load of KitManagerImpl at 1747579074471
[25-05-18 14:37:54] [INFO] KitManagerImpl: Loaded 7 kit(s).
[25-05-18 14:37:54] [INFO] [DEBUG] KitManagerImpl has been loaded. (took 87ms)
[25-05-18 14:37:54] [INFO] [DEBUG] Starting load of ArenaManagerImpl at 1747579074558
[25-05-18 14:37:54] [INFO] ArenaManagerImpl: Loaded 6 arena(s).
[25-05-18 14:37:54] [INFO] [DEBUG] ArenaManagerImpl has been loaded. (took 7ms)
[25-05-18 14:37:54] [INFO] [DEBUG] Starting load of SettingsManager at 1747579074565
[25-05-18 14:37:54] [INFO] [DEBUG] SettingsManager has been loaded. (took 0ms)
[25-05-18 14:37:54] [INFO] [DEBUG] Starting load of PlayerInfoManager at 1747579074565
[25-05-18 14:37:54] [INFO] [DEBUG] PlayerInfoManager has been loaded. (took 28ms)
[25-05-18 14:37:54] [INFO] [DEBUG] Starting load of SpectateManagerImpl at 1747579074593
[25-05-18 14:37:54] [INFO] [DEBUG] SpectateManagerImpl has been loaded. (took 0ms)
[25-05-18 14:37:54] [INFO] [DEBUG] Starting load of BettingManager at 1747579074593
[25-05-18 14:37:54] [INFO] [DEBUG] BettingManager has been loaded. (took 0ms)
[25-05-18 14:37:54] [INFO] [DEBUG] Starting load of InventoryManager at 1747579074593
[25-05-18 14:37:54] [INFO] [DEBUG] InventoryManager has been loaded. (took 0ms)
[25-05-18 14:37:54] [INFO] [DEBUG] Starting load of DuelManager at 1747579074593
[25-05-18 14:37:54] [INFO] [DEBUG] DuelManager has been loaded. (took 0ms)
[25-05-18 14:37:54] [INFO] [DEBUG] Starting load of QueueManager at 1747579074593
[25-05-18 14:37:54] [INFO] QueueManager: Loaded 0 queue(s).
[25-05-18 14:37:54] [INFO] [DEBUG] QueueManager has been loaded. (took 1ms)
[25-05-18 14:37:54] [INFO] [DEBUG] Starting load of QueueSignManagerImpl at 1747579074594
[25-05-18 14:37:54] [INFO] QueueSignManagerImpl: Loaded 0 queue sign(s).
[25-05-18 14:37:54] [INFO] [DEBUG] QueueSignManagerImpl has been loaded. (took 0ms)
[25-05-18 14:37:54] [INFO] [DEBUG] Starting load of RequestManager at 1747579074594
[25-05-18 14:37:54] [INFO] [DEBUG] RequestManager has been loaded. (took 0ms)
[25-05-18 14:37:54] [INFO] [DEBUG] Starting load of Teleport at 1747579074594
[25-05-18 14:37:54] [INFO] [DEBUG] Teleport has been loaded. (took 0ms)
[25-05-18 14:37:54] [INFO] [DEBUG] Starting load of ExtensionManager at 1747579074594
[25-05-18 14:37:54] [INFO] [DEBUG] ExtensionManager has been loaded. (took 0ms)
[25-05-20 11:39:31] [WARNING] shaman_8927 has attempted to use a kit item while not in duel, but was prevented by KitItemListener.
[25-05-20 12:52:33] [INFO] [DEBUG] onDisable start -> 1747745553904

[25-05-20 12:52:33] [INFO] [DEBUG] Starting unload of ExtensionManager at 1747745553906
[25-05-20 12:52:33] [INFO] [DEBUG] ExtensionManager has been unloaded. (took 0ms)
[25-05-20 12:52:33] [INFO] [DEBUG] Starting unload of Teleport at 1747745553906
[25-05-20 12:52:33] [INFO] [DEBUG] Teleport has been unloaded. (took 0ms)
[25-05-20 12:52:33] [INFO] [DEBUG] Starting unload of RequestManager at 1747745553906
[25-05-20 12:52:33] [INFO] [DEBUG] RequestManager has been unloaded. (took 0ms)
[25-05-20 12:52:33] [INFO] [DEBUG] Starting unload of QueueSignManagerImpl at 1747745553906
[25-05-20 12:52:33] [INFO] [DEBUG] QueueSignManagerImpl has been unloaded. (took 0ms)
[25-05-20 12:52:33] [INFO] [DEBUG] Starting unload of QueueManager at 1747745553907
[25-05-20 12:52:33] [INFO] [DEBUG] QueueManager has been unloaded. (took 0ms)
[25-05-20 12:52:33] [INFO] [DEBUG] Starting unload of DuelManager at 1747745553907
[25-05-20 12:52:33] [INFO] [DEBUG] DuelManager has been unloaded. (took 0ms)
[25-05-20 12:52:33] [INFO] [DEBUG] Starting unload of InventoryManager at 1747745553907
[25-05-20 12:52:33] [INFO] [DEBUG] InventoryManager has been unloaded. (took 0ms)
[25-05-20 12:52:33] [INFO] [DEBUG] Starting unload of BettingManager at 1747745553907
[25-05-20 12:52:33] [INFO] [DEBUG] BettingManager has been unloaded. (took 0ms)
[25-05-20 12:52:33] [INFO] [DEBUG] Starting unload of SpectateManagerImpl at 1747745553907
[25-05-20 12:52:33] [INFO] [DEBUG] SpectateManagerImpl has been unloaded. (took 0ms)
[25-05-20 12:52:33] [INFO] [DEBUG] Starting unload of PlayerInfoManager at 1747745553907
[25-05-20 12:52:33] [INFO] [DEBUG] PlayerInfoManager has been unloaded. (took 43ms)
[25-05-20 12:52:33] [INFO] [DEBUG] Starting unload of SettingsManager at 1747745553950
[25-05-20 12:52:33] [INFO] [DEBUG] SettingsManager has been unloaded. (took 0ms)
[25-05-20 12:52:33] [INFO] [DEBUG] Starting unload of ArenaManagerImpl at 1747745553950
[25-05-20 12:52:33] [INFO] [DEBUG] ArenaManagerImpl has been unloaded. (took 0ms)
[25-05-20 12:52:33] [INFO] [DEBUG] Starting unload of KitManagerImpl at 1747745553950
[25-05-20 12:52:33] [INFO] [DEBUG] KitManagerImpl has been unloaded. (took 0ms)
[25-05-20 12:52:33] [INFO] [DEBUG] Starting unload of GuiListener at 1747745553950
[25-05-20 12:52:33] [INFO] [DEBUG] GuiListener has been unloaded. (took 0ms)
[25-05-20 12:52:33] [INFO] [DEBUG] Starting unload of UserManagerImpl at 1747745553950
[25-05-20 12:52:33] [INFO] [DEBUG] UserManagerImpl has been unloaded. (took 6ms)
[25-05-20 12:52:33] [INFO] [DEBUG] Starting unload of Lang at 1747745553957
[25-05-20 12:52:33] [INFO] [DEBUG] Lang has been unloaded. (took 0ms)
[25-05-20 12:52:33] [INFO] [DEBUG] Starting unload of Config at 1747745553957
[25-05-20 12:52:33] [INFO] [DEBUG] Config has been unloaded. (took 0ms)
[25-05-20 12:52:33] [INFO] [DEBUG] unload done (took 53ms)
[25-05-20 12:52:33] [INFO] [DEBUG] Log#clearSources done (took 0ms)
