[25-06-18 03:00:44] [INFO] [DEBUG] onEnable start -> 1750204844587

[25-06-18 03:00:44] [INFO] Using Economy Provider: com.earth2me.essentials.economy.vault.VaultEconomyProvider
[25-06-18 03:00:44] [INFO] [DEBUG] Starting load of Config at 1750204844633
[25-06-18 03:00:44] [INFO] [DEBUG] Config has been loaded. (took 4ms)
[25-06-18 03:00:44] [INFO] [DEBUG] Starting load of Lang at 1750204844637
[25-06-18 03:00:44] [INFO] [DEBUG] Lang has been loaded. (took 12ms)
[25-06-18 03:00:44] [INFO] [DEBUG] Starting load of UserManagerImpl at 1750204844649
[25-06-18 03:00:44] [INFO] [DEBUG] UserManagerImpl has been loaded. (took 0ms)
[25-06-18 03:00:44] [INFO] [DEBUG] Starting load of GuiListener at 1750204844649
[25-06-18 03:00:44] [INFO] [DEBUG] GuiListener has been loaded. (took 0ms)
[25-06-18 03:00:44] [INFO] [DEBUG] Starting load of KitManagerImpl at 1750204844649
[25-06-18 03:00:44] [INFO] KitManagerImpl: Loaded 7 kit(s).
[25-06-18 03:00:44] [INFO] [DEBUG] KitManagerImpl has been loaded. (took 111ms)
[25-06-18 03:00:44] [INFO] [DEBUG] Starting load of ArenaManagerImpl at 1750204844760
[25-06-18 03:00:44] [INFO] ArenaManagerImpl: Loaded 6 arena(s).
[25-06-18 03:00:44] [INFO] [DEBUG] ArenaManagerImpl has been loaded. (took 10ms)
[25-06-18 03:00:44] [INFO] [DEBUG] Starting load of SettingsManager at 1750204844770
[25-06-18 03:00:44] [INFO] [DEBUG] SettingsManager has been loaded. (took 0ms)
[25-06-18 03:00:44] [INFO] [DEBUG] Starting load of PlayerInfoManager at 1750204844770
[25-06-18 03:00:44] [INFO] [DEBUG] PlayerInfoManager has been loaded. (took 0ms)
[25-06-18 03:00:44] [INFO] [DEBUG] Starting load of SpectateManagerImpl at 1750204844770
[25-06-18 03:00:44] [INFO] [DEBUG] SpectateManagerImpl has been loaded. (took 0ms)
[25-06-18 03:00:44] [INFO] [DEBUG] Starting load of BettingManager at 1750204844770
[25-06-18 03:00:44] [INFO] [DEBUG] BettingManager has been loaded. (took 1ms)
[25-06-18 03:00:44] [INFO] [DEBUG] Starting load of InventoryManager at 1750204844771
[25-06-18 03:00:44] [INFO] [DEBUG] InventoryManager has been loaded. (took 0ms)
[25-06-18 03:00:44] [INFO] [DEBUG] Starting load of DuelManager at 1750204844771
[25-06-18 03:00:44] [INFO] [DEBUG] DuelManager has been loaded. (took 0ms)
[25-06-18 03:00:44] [INFO] [DEBUG] Starting load of QueueManager at 1750204844771
[25-06-18 03:00:44] [INFO] QueueManager: Loaded 0 queue(s).
[25-06-18 03:00:44] [INFO] [DEBUG] QueueManager has been loaded. (took 1ms)
[25-06-18 03:00:44] [INFO] [DEBUG] Starting load of QueueSignManagerImpl at 1750204844772
[25-06-18 03:00:44] [INFO] QueueSignManagerImpl: Loaded 0 queue sign(s).
[25-06-18 03:00:44] [INFO] [DEBUG] QueueSignManagerImpl has been loaded. (took 1ms)
[25-06-18 03:00:44] [INFO] [DEBUG] Starting load of RequestManager at 1750204844773
[25-06-18 03:00:44] [INFO] [DEBUG] RequestManager has been loaded. (took 0ms)
[25-06-18 03:00:44] [INFO] [DEBUG] Starting load of Teleport at 1750204844773
[25-06-18 03:00:44] [INFO] [DEBUG] Teleport has been loaded. (took 0ms)
[25-06-18 03:00:44] [INFO] [DEBUG] Starting load of ExtensionManager at 1750204844773
[25-06-18 03:00:44] [INFO] [DEBUG] ExtensionManager has been loaded. (took 0ms)
[25-06-18 15:43:42] [INFO] [DEBUG] onDisable start -> 1750250622830

[25-06-18 15:43:42] [INFO] [DEBUG] Starting unload of ExtensionManager at 1750250622831
[25-06-18 15:43:42] [INFO] [DEBUG] ExtensionManager has been unloaded. (took 1ms)
[25-06-18 15:43:42] [INFO] [DEBUG] Starting unload of Teleport at 1750250622832
[25-06-18 15:43:42] [INFO] [DEBUG] Teleport has been unloaded. (took 0ms)
[25-06-18 15:43:42] [INFO] [DEBUG] Starting unload of RequestManager at 1750250622832
[25-06-18 15:43:42] [INFO] [DEBUG] RequestManager has been unloaded. (took 0ms)
[25-06-18 15:43:42] [INFO] [DEBUG] Starting unload of QueueSignManagerImpl at 1750250622832
[25-06-18 15:43:42] [INFO] [DEBUG] QueueSignManagerImpl has been unloaded. (took 0ms)
[25-06-18 15:43:42] [INFO] [DEBUG] Starting unload of QueueManager at 1750250622832
[25-06-18 15:43:42] [INFO] [DEBUG] QueueManager has been unloaded. (took 0ms)
[25-06-18 15:43:42] [INFO] [DEBUG] Starting unload of DuelManager at 1750250622832
[25-06-18 15:43:42] [INFO] [DEBUG] DuelManager has been unloaded. (took 0ms)
[25-06-18 15:43:42] [INFO] [DEBUG] Starting unload of InventoryManager at 1750250622832
[25-06-18 15:43:42] [INFO] [DEBUG] InventoryManager has been unloaded. (took 0ms)
[25-06-18 15:43:42] [INFO] [DEBUG] Starting unload of BettingManager at 1750250622832
[25-06-18 15:43:42] [INFO] [DEBUG] BettingManager has been unloaded. (took 0ms)
[25-06-18 15:43:42] [INFO] [DEBUG] Starting unload of SpectateManagerImpl at 1750250622832
[25-06-18 15:43:42] [INFO] [DEBUG] SpectateManagerImpl has been unloaded. (took 0ms)
[25-06-18 15:43:42] [INFO] [DEBUG] Starting unload of PlayerInfoManager at 1750250622832
[25-06-18 15:43:42] [INFO] [DEBUG] PlayerInfoManager has been unloaded. (took 0ms)
[25-06-18 15:43:42] [INFO] [DEBUG] Starting unload of SettingsManager at 1750250622832
[25-06-18 15:43:42] [INFO] [DEBUG] SettingsManager has been unloaded. (took 0ms)
[25-06-18 15:43:42] [INFO] [DEBUG] Starting unload of ArenaManagerImpl at 1750250622832
[25-06-18 15:43:42] [INFO] [DEBUG] ArenaManagerImpl has been unloaded. (took 0ms)
[25-06-18 15:43:42] [INFO] [DEBUG] Starting unload of KitManagerImpl at 1750250622832
[25-06-18 15:43:42] [INFO] [DEBUG] KitManagerImpl has been unloaded. (took 0ms)
[25-06-18 15:43:42] [INFO] [DEBUG] Starting unload of GuiListener at 1750250622832
[25-06-18 15:43:42] [INFO] [DEBUG] GuiListener has been unloaded. (took 1ms)
[25-06-18 15:43:42] [INFO] [DEBUG] Starting unload of UserManagerImpl at 1750250622833
[25-06-18 15:43:42] [INFO] [DEBUG] UserManagerImpl has been unloaded. (took 0ms)
[25-06-18 15:43:42] [INFO] [DEBUG] Starting unload of Lang at 1750250622833
[25-06-18 15:43:42] [INFO] [DEBUG] Lang has been unloaded. (took 0ms)
[25-06-18 15:43:42] [INFO] [DEBUG] Starting unload of Config at 1750250622833
[25-06-18 15:43:42] [INFO] [DEBUG] Config has been unloaded. (took 0ms)
[25-06-18 15:43:42] [INFO] [DEBUG] unload done (took 3ms)
[25-06-18 15:43:42] [INFO] [DEBUG] Log#clearSources done (took 0ms)
[25-06-18 15:44:48] [INFO] [DEBUG] onEnable start -> 1750250688662

[25-06-18 15:44:48] [INFO] Using Economy Provider: com.earth2me.essentials.economy.vault.VaultEconomyProvider
[25-06-18 15:44:48] [INFO] [DEBUG] Starting load of Config at 1750250688708
[25-06-18 15:44:48] [INFO] [DEBUG] Config has been loaded. (took 4ms)
[25-06-18 15:44:48] [INFO] [DEBUG] Starting load of Lang at 1750250688712
[25-06-18 15:44:48] [INFO] [DEBUG] Lang has been loaded. (took 16ms)
[25-06-18 15:44:48] [INFO] [DEBUG] Starting load of UserManagerImpl at 1750250688729
[25-06-18 15:44:48] [INFO] [DEBUG] UserManagerImpl has been loaded. (took 1ms)
[25-06-18 15:44:48] [INFO] [DEBUG] Starting load of GuiListener at 1750250688730
[25-06-18 15:44:48] [INFO] [DEBUG] GuiListener has been loaded. (took 0ms)
[25-06-18 15:44:48] [INFO] [DEBUG] Starting load of KitManagerImpl at 1750250688730
[25-06-18 15:44:48] [INFO] KitManagerImpl: Loaded 7 kit(s).
[25-06-18 15:44:48] [INFO] [DEBUG] KitManagerImpl has been loaded. (took 161ms)
[25-06-18 15:44:48] [INFO] [DEBUG] Starting load of ArenaManagerImpl at 1750250688891
[25-06-18 15:44:48] [INFO] ArenaManagerImpl: Loaded 6 arena(s).
[25-06-18 15:44:48] [INFO] [DEBUG] ArenaManagerImpl has been loaded. (took 13ms)
[25-06-18 15:44:48] [INFO] [DEBUG] Starting load of SettingsManager at 1750250688904
[25-06-18 15:44:48] [INFO] [DEBUG] SettingsManager has been loaded. (took 0ms)
[25-06-18 15:44:48] [INFO] [DEBUG] Starting load of PlayerInfoManager at 1750250688904
[25-06-18 15:44:48] [INFO] [DEBUG] PlayerInfoManager has been loaded. (took 1ms)
[25-06-18 15:44:48] [INFO] [DEBUG] Starting load of SpectateManagerImpl at 1750250688905
[25-06-18 15:44:48] [INFO] [DEBUG] SpectateManagerImpl has been loaded. (took 0ms)
[25-06-18 15:44:48] [INFO] [DEBUG] Starting load of BettingManager at 1750250688905
[25-06-18 15:44:48] [INFO] [DEBUG] BettingManager has been loaded. (took 0ms)
[25-06-18 15:44:48] [INFO] [DEBUG] Starting load of InventoryManager at 1750250688905
[25-06-18 15:44:48] [INFO] [DEBUG] InventoryManager has been loaded. (took 0ms)
[25-06-18 15:44:48] [INFO] [DEBUG] Starting load of DuelManager at 1750250688905
[25-06-18 15:44:48] [INFO] [DEBUG] DuelManager has been loaded. (took 0ms)
[25-06-18 15:44:48] [INFO] [DEBUG] Starting load of QueueManager at 1750250688905
[25-06-18 15:44:48] [INFO] QueueManager: Loaded 0 queue(s).
[25-06-18 15:44:48] [INFO] [DEBUG] QueueManager has been loaded. (took 1ms)
[25-06-18 15:44:48] [INFO] [DEBUG] Starting load of QueueSignManagerImpl at 1750250688906
[25-06-18 15:44:48] [INFO] QueueSignManagerImpl: Loaded 0 queue sign(s).
[25-06-18 15:44:48] [INFO] [DEBUG] QueueSignManagerImpl has been loaded. (took 1ms)
[25-06-18 15:44:48] [INFO] [DEBUG] Starting load of RequestManager at 1750250688907
[25-06-18 15:44:48] [INFO] [DEBUG] RequestManager has been loaded. (took 0ms)
[25-06-18 15:44:48] [INFO] [DEBUG] Starting load of Teleport at 1750250688907
[25-06-18 15:44:48] [INFO] [DEBUG] Teleport has been loaded. (took 0ms)
[25-06-18 15:44:48] [INFO] [DEBUG] Starting load of ExtensionManager at 1750250688907
[25-06-18 15:44:48] [INFO] [DEBUG] ExtensionManager has been loaded. (took 0ms)
[25-06-18 15:48:36] [INFO] [DEBUG] onDisable start -> 1750250916040

[25-06-18 15:48:36] [INFO] [DEBUG] Starting unload of ExtensionManager at 1750250916041
[25-06-18 15:48:36] [INFO] [DEBUG] ExtensionManager has been unloaded. (took 1ms)
[25-06-18 15:48:36] [INFO] [DEBUG] Starting unload of Teleport at 1750250916042
[25-06-18 15:48:36] [INFO] [DEBUG] Teleport has been unloaded. (took 0ms)
[25-06-18 15:48:36] [INFO] [DEBUG] Starting unload of RequestManager at 1750250916042
[25-06-18 15:48:36] [INFO] [DEBUG] RequestManager has been unloaded. (took 0ms)
[25-06-18 15:48:36] [INFO] [DEBUG] Starting unload of QueueSignManagerImpl at 1750250916042
[25-06-18 15:48:36] [INFO] [DEBUG] QueueSignManagerImpl has been unloaded. (took 0ms)
[25-06-18 15:48:36] [INFO] [DEBUG] Starting unload of QueueManager at 1750250916042
[25-06-18 15:48:36] [INFO] [DEBUG] QueueManager has been unloaded. (took 0ms)
[25-06-18 15:48:36] [INFO] [DEBUG] Starting unload of DuelManager at 1750250916042
[25-06-18 15:48:36] [INFO] [DEBUG] DuelManager has been unloaded. (took 0ms)
[25-06-18 15:48:36] [INFO] [DEBUG] Starting unload of InventoryManager at 1750250916042
[25-06-18 15:48:36] [INFO] [DEBUG] InventoryManager has been unloaded. (took 0ms)
[25-06-18 15:48:36] [INFO] [DEBUG] Starting unload of BettingManager at 1750250916042
[25-06-18 15:48:36] [INFO] [DEBUG] BettingManager has been unloaded. (took 0ms)
[25-06-18 15:48:36] [INFO] [DEBUG] Starting unload of SpectateManagerImpl at 1750250916042
[25-06-18 15:48:36] [INFO] [DEBUG] SpectateManagerImpl has been unloaded. (took 0ms)
[25-06-18 15:48:36] [INFO] [DEBUG] Starting unload of PlayerInfoManager at 1750250916042
[25-06-18 15:48:36] [INFO] [DEBUG] PlayerInfoManager has been unloaded. (took 0ms)
[25-06-18 15:48:36] [INFO] [DEBUG] Starting unload of SettingsManager at 1750250916042
[25-06-18 15:48:36] [INFO] [DEBUG] SettingsManager has been unloaded. (took 1ms)
[25-06-18 15:48:36] [INFO] [DEBUG] Starting unload of ArenaManagerImpl at 1750250916043
[25-06-18 15:48:36] [INFO] [DEBUG] ArenaManagerImpl has been unloaded. (took 0ms)
[25-06-18 15:48:36] [INFO] [DEBUG] Starting unload of KitManagerImpl at 1750250916043
[25-06-18 15:48:36] [INFO] [DEBUG] KitManagerImpl has been unloaded. (took 0ms)
[25-06-18 15:48:36] [INFO] [DEBUG] Starting unload of GuiListener at 1750250916043
[25-06-18 15:48:36] [INFO] [DEBUG] GuiListener has been unloaded. (took 0ms)
[25-06-18 15:48:36] [INFO] [DEBUG] Starting unload of UserManagerImpl at 1750250916043
[25-06-18 15:48:36] [INFO] [DEBUG] UserManagerImpl has been unloaded. (took 1ms)
[25-06-18 15:48:36] [INFO] [DEBUG] Starting unload of Lang at 1750250916044
[25-06-18 15:48:36] [INFO] [DEBUG] Lang has been unloaded. (took 0ms)
[25-06-18 15:48:36] [INFO] [DEBUG] Starting unload of Config at 1750250916044
[25-06-18 15:48:36] [INFO] [DEBUG] Config has been unloaded. (took 0ms)
[25-06-18 15:48:36] [INFO] [DEBUG] unload done (took 4ms)
[25-06-18 15:48:36] [INFO] [DEBUG] Log#clearSources done (took 0ms)
[25-06-18 16:01:00] [INFO] [DEBUG] onEnable start -> 1750251660800

[25-06-18 16:01:00] [INFO] Using Economy Provider: com.earth2me.essentials.economy.vault.VaultEconomyProvider
[25-06-18 16:01:00] [INFO] [DEBUG] Starting load of Config at 1750251660861
[25-06-18 16:01:00] [INFO] [DEBUG] Config has been loaded. (took 6ms)
[25-06-18 16:01:00] [INFO] [DEBUG] Starting load of Lang at 1750251660867
[25-06-18 16:01:00] [INFO] [DEBUG] Lang has been loaded. (took 18ms)
[25-06-18 16:01:00] [INFO] [DEBUG] Starting load of UserManagerImpl at 1750251660885
[25-06-18 16:01:00] [INFO] [DEBUG] UserManagerImpl has been loaded. (took 1ms)
[25-06-18 16:01:00] [INFO] [DEBUG] Starting load of GuiListener at 1750251660886
[25-06-18 16:01:00] [INFO] [DEBUG] GuiListener has been loaded. (took 0ms)
[25-06-18 16:01:00] [INFO] [DEBUG] Starting load of KitManagerImpl at 1750251660886
[25-06-18 16:01:01] [INFO] KitManagerImpl: Loaded 7 kit(s).
[25-06-18 16:01:01] [INFO] [DEBUG] KitManagerImpl has been loaded. (took 134ms)
[25-06-18 16:01:01] [INFO] [DEBUG] Starting load of ArenaManagerImpl at 1750251661020
[25-06-18 16:01:01] [INFO] ArenaManagerImpl: Loaded 6 arena(s).
[25-06-18 16:01:01] [INFO] [DEBUG] ArenaManagerImpl has been loaded. (took 21ms)
[25-06-18 16:01:01] [INFO] [DEBUG] Starting load of SettingsManager at 1750251661041
[25-06-18 16:01:01] [INFO] [DEBUG] SettingsManager has been loaded. (took 0ms)
[25-06-18 16:01:01] [INFO] [DEBUG] Starting load of PlayerInfoManager at 1750251661041
[25-06-18 16:01:01] [INFO] [DEBUG] PlayerInfoManager has been loaded. (took 1ms)
[25-06-18 16:01:01] [INFO] [DEBUG] Starting load of SpectateManagerImpl at 1750251661042
[25-06-18 16:01:01] [INFO] [DEBUG] SpectateManagerImpl has been loaded. (took 0ms)
[25-06-18 16:01:01] [INFO] [DEBUG] Starting load of BettingManager at 1750251661042
[25-06-18 16:01:01] [INFO] [DEBUG] BettingManager has been loaded. (took 0ms)
[25-06-18 16:01:01] [INFO] [DEBUG] Starting load of InventoryManager at 1750251661042
[25-06-18 16:01:01] [INFO] [DEBUG] InventoryManager has been loaded. (took 1ms)
[25-06-18 16:01:01] [INFO] [DEBUG] Starting load of DuelManager at 1750251661043
[25-06-18 16:01:01] [INFO] [DEBUG] DuelManager has been loaded. (took 0ms)
[25-06-18 16:01:01] [INFO] [DEBUG] Starting load of QueueManager at 1750251661044
[25-06-18 16:01:01] [INFO] QueueManager: Loaded 0 queue(s).
[25-06-18 16:01:01] [INFO] [DEBUG] QueueManager has been loaded. (took 1ms)
[25-06-18 16:01:01] [INFO] [DEBUG] Starting load of QueueSignManagerImpl at 1750251661049
[25-06-18 16:01:01] [INFO] QueueSignManagerImpl: Loaded 0 queue sign(s).
[25-06-18 16:01:01] [INFO] [DEBUG] QueueSignManagerImpl has been loaded. (took 2ms)
[25-06-18 16:01:01] [INFO] [DEBUG] Starting load of RequestManager at 1750251661051
[25-06-18 16:01:01] [INFO] [DEBUG] RequestManager has been loaded. (took 0ms)
[25-06-18 16:01:01] [INFO] [DEBUG] Starting load of Teleport at 1750251661051
[25-06-18 16:01:01] [INFO] [DEBUG] Teleport has been loaded. (took 0ms)
[25-06-18 16:01:01] [INFO] [DEBUG] Starting load of ExtensionManager at 1750251661051
[25-06-18 16:01:01] [INFO] [DEBUG] ExtensionManager has been loaded. (took 0ms)
[25-06-19 03:00:23] [INFO] [DEBUG] onDisable start -> 1750291223975

[25-06-19 03:00:23] [INFO] [DEBUG] Starting unload of ExtensionManager at 1750291223977
[25-06-19 03:00:23] [INFO] [DEBUG] ExtensionManager has been unloaded. (took 0ms)
[25-06-19 03:00:23] [INFO] [DEBUG] Starting unload of Teleport at 1750291223977
[25-06-19 03:00:23] [INFO] [DEBUG] Teleport has been unloaded. (took 0ms)
[25-06-19 03:00:23] [INFO] [DEBUG] Starting unload of RequestManager at 1750291223977
[25-06-19 03:00:23] [INFO] [DEBUG] RequestManager has been unloaded. (took 0ms)
[25-06-19 03:00:23] [INFO] [DEBUG] Starting unload of QueueSignManagerImpl at 1750291223977
[25-06-19 03:00:23] [INFO] [DEBUG] QueueSignManagerImpl has been unloaded. (took 0ms)
[25-06-19 03:00:23] [INFO] [DEBUG] Starting unload of QueueManager at 1750291223977
[25-06-19 03:00:23] [INFO] [DEBUG] QueueManager has been unloaded. (took 1ms)
[25-06-19 03:00:23] [INFO] [DEBUG] Starting unload of DuelManager at 1750291223978
[25-06-19 03:00:23] [INFO] [DEBUG] DuelManager has been unloaded. (took 0ms)
[25-06-19 03:00:23] [INFO] [DEBUG] Starting unload of InventoryManager at 1750291223978
[25-06-19 03:00:23] [INFO] [DEBUG] InventoryManager has been unloaded. (took 0ms)
[25-06-19 03:00:23] [INFO] [DEBUG] Starting unload of BettingManager at 1750291223978
[25-06-19 03:00:23] [INFO] [DEBUG] BettingManager has been unloaded. (took 0ms)
[25-06-19 03:00:23] [INFO] [DEBUG] Starting unload of SpectateManagerImpl at 1750291223978
[25-06-19 03:00:23] [INFO] [DEBUG] SpectateManagerImpl has been unloaded. (took 0ms)
[25-06-19 03:00:23] [INFO] [DEBUG] Starting unload of PlayerInfoManager at 1750291223978
[25-06-19 03:00:23] [INFO] [DEBUG] PlayerInfoManager has been unloaded. (took 0ms)
[25-06-19 03:00:23] [INFO] [DEBUG] Starting unload of SettingsManager at 1750291223978
[25-06-19 03:00:23] [INFO] [DEBUG] SettingsManager has been unloaded. (took 0ms)
[25-06-19 03:00:23] [INFO] [DEBUG] Starting unload of ArenaManagerImpl at 1750291223978
[25-06-19 03:00:23] [INFO] [DEBUG] ArenaManagerImpl has been unloaded. (took 0ms)
[25-06-19 03:00:23] [INFO] [DEBUG] Starting unload of KitManagerImpl at 1750291223978
[25-06-19 03:00:23] [INFO] [DEBUG] KitManagerImpl has been unloaded. (took 0ms)
[25-06-19 03:00:23] [INFO] [DEBUG] Starting unload of GuiListener at 1750291223978
[25-06-19 03:00:23] [INFO] [DEBUG] GuiListener has been unloaded. (took 0ms)
[25-06-19 03:00:23] [INFO] [DEBUG] Starting unload of UserManagerImpl at 1750291223979
[25-06-19 03:00:23] [INFO] [DEBUG] UserManagerImpl has been unloaded. (took 0ms)
[25-06-19 03:00:23] [INFO] [DEBUG] Starting unload of Lang at 1750291223979
[25-06-19 03:00:23] [INFO] [DEBUG] Lang has been unloaded. (took 0ms)
[25-06-19 03:00:23] [INFO] [DEBUG] Starting unload of Config at 1750291223979
[25-06-19 03:00:23] [INFO] [DEBUG] Config has been unloaded. (took 0ms)
[25-06-19 03:00:23] [INFO] [DEBUG] unload done (took 4ms)
[25-06-19 03:00:23] [INFO] [DEBUG] Log#clearSources done (took 0ms)
