[25-05-15 07:17:13] [INFO] [DEBUG] onEnable start -> 1747293433525

[25-05-15 07:17:13] [INFO] Using Economy Provider: com.earth2me.essentials.economy.vault.VaultEconomyProvider
[25-05-15 07:17:13] [INFO] [DEBUG] Starting load of Config at 1747293433560
[25-05-15 07:17:13] [INFO] [DEBUG] Config has been loaded. (took 4ms)
[25-05-15 07:17:13] [INFO] [DEBUG] Starting load of Lang at 1747293433564
[25-05-15 07:17:13] [INFO] [DEBUG] Lang has been loaded. (took 14ms)
[25-05-15 07:17:13] [INFO] [DEBUG] Starting load of UserManagerImpl at 1747293433578
[25-05-15 07:17:13] [INFO] [DEBUG] UserManagerImpl has been loaded. (took 0ms)
[25-05-15 07:17:13] [INFO] [DEBUG] Starting load of GuiListener at 1747293433578
[25-05-15 07:17:13] [INFO] [DEBUG] GuiListener has been loaded. (took 0ms)
[25-05-15 07:17:13] [INFO] [DEBUG] Starting load of KitManagerImpl at 1747293433578
[25-05-15 07:17:13] [INFO] KitManagerImpl: Loaded 7 kit(s).
[25-05-15 07:17:13] [INFO] [DEBUG] KitManagerImpl has been loaded. (took 97ms)
[25-05-15 07:17:13] [INFO] [DEBUG] Starting load of ArenaManagerImpl at 1747293433675
[25-05-15 07:17:13] [INFO] ArenaManagerImpl: Loaded 6 arena(s).
[25-05-15 07:17:13] [INFO] [DEBUG] ArenaManagerImpl has been loaded. (took 8ms)
[25-05-15 07:17:13] [INFO] [DEBUG] Starting load of SettingsManager at 1747293433683
[25-05-15 07:17:13] [INFO] [DEBUG] SettingsManager has been loaded. (took 0ms)
[25-05-15 07:17:13] [INFO] [DEBUG] Starting load of PlayerInfoManager at 1747293433683
[25-05-15 07:17:13] [INFO] [DEBUG] PlayerInfoManager has been loaded. (took 12ms)
[25-05-15 07:17:13] [INFO] [DEBUG] Starting load of SpectateManagerImpl at 1747293433695
[25-05-15 07:17:13] [INFO] [DEBUG] SpectateManagerImpl has been loaded. (took 0ms)
[25-05-15 07:17:13] [INFO] [DEBUG] Starting load of BettingManager at 1747293433695
[25-05-15 07:17:13] [INFO] [DEBUG] BettingManager has been loaded. (took 0ms)
[25-05-15 07:17:13] [INFO] [DEBUG] Starting load of InventoryManager at 1747293433695
[25-05-15 07:17:13] [INFO] [DEBUG] InventoryManager has been loaded. (took 1ms)
[25-05-15 07:17:13] [INFO] [DEBUG] Starting load of DuelManager at 1747293433696
[25-05-15 07:17:13] [INFO] [DEBUG] DuelManager has been loaded. (took 0ms)
[25-05-15 07:17:13] [INFO] [DEBUG] Starting load of QueueManager at 1747293433696
[25-05-15 07:17:13] [INFO] QueueManager: Loaded 0 queue(s).
[25-05-15 07:17:13] [INFO] [DEBUG] QueueManager has been loaded. (took 1ms)
[25-05-15 07:17:13] [INFO] [DEBUG] Starting load of QueueSignManagerImpl at 1747293433697
[25-05-15 07:17:13] [INFO] QueueSignManagerImpl: Loaded 0 queue sign(s).
[25-05-15 07:17:13] [INFO] [DEBUG] QueueSignManagerImpl has been loaded. (took 0ms)
[25-05-15 07:17:13] [INFO] [DEBUG] Starting load of RequestManager at 1747293433697
[25-05-15 07:17:13] [INFO] [DEBUG] RequestManager has been loaded. (took 0ms)
[25-05-15 07:17:13] [INFO] [DEBUG] Starting load of Teleport at 1747293433697
[25-05-15 07:17:13] [INFO] [DEBUG] Teleport has been loaded. (took 0ms)
[25-05-15 07:17:13] [INFO] [DEBUG] Starting load of ExtensionManager at 1747293433697
[25-05-15 07:17:13] [INFO] [DEBUG] ExtensionManager has been loaded. (took 0ms)
[25-05-15 14:11:58] [WARNING] secret has attempted to use a kit item while not in duel, but was prevented by KitItemListener.
[25-05-15 18:55:17] [WARNING] 0_Pupik_0 has attempted to use a kit item while not in duel, but was prevented by KitItemListener.
[25-05-15 23:17:21] [INFO] [DEBUG] onDisable start -> 1747351041453

[25-05-15 23:17:21] [INFO] [DEBUG] Starting unload of ExtensionManager at 1747351041454
[25-05-15 23:17:21] [INFO] [DEBUG] ExtensionManager has been unloaded. (took 0ms)
[25-05-15 23:17:21] [INFO] [DEBUG] Starting unload of Teleport at 1747351041454
[25-05-15 23:17:21] [INFO] [DEBUG] Teleport has been unloaded. (took 0ms)
[25-05-15 23:17:21] [INFO] [DEBUG] Starting unload of RequestManager at 1747351041454
[25-05-15 23:17:21] [INFO] [DEBUG] RequestManager has been unloaded. (took 0ms)
[25-05-15 23:17:21] [INFO] [DEBUG] Starting unload of QueueSignManagerImpl at 1747351041454
[25-05-15 23:17:21] [INFO] [DEBUG] QueueSignManagerImpl has been unloaded. (took 0ms)
[25-05-15 23:17:21] [INFO] [DEBUG] Starting unload of QueueManager at 1747351041454
[25-05-15 23:17:21] [INFO] [DEBUG] QueueManager has been unloaded. (took 0ms)
[25-05-15 23:17:21] [INFO] [DEBUG] Starting unload of DuelManager at 1747351041454
[25-05-15 23:17:21] [INFO] [DEBUG] DuelManager has been unloaded. (took 0ms)
[25-05-15 23:17:21] [INFO] [DEBUG] Starting unload of InventoryManager at 1747351041454
[25-05-15 23:17:21] [INFO] [DEBUG] InventoryManager has been unloaded. (took 0ms)
[25-05-15 23:17:21] [INFO] [DEBUG] Starting unload of BettingManager at 1747351041454
[25-05-15 23:17:21] [INFO] [DEBUG] BettingManager has been unloaded. (took 0ms)
[25-05-15 23:17:21] [INFO] [DEBUG] Starting unload of SpectateManagerImpl at 1747351041454
[25-05-15 23:17:21] [INFO] [DEBUG] SpectateManagerImpl has been unloaded. (took 0ms)
[25-05-15 23:17:21] [INFO] [DEBUG] Starting unload of PlayerInfoManager at 1747351041454
[25-05-15 23:17:21] [INFO] [DEBUG] PlayerInfoManager has been unloaded. (took 13ms)
[25-05-15 23:17:21] [INFO] [DEBUG] Starting unload of SettingsManager at 1747351041467
[25-05-15 23:17:21] [INFO] [DEBUG] SettingsManager has been unloaded. (took 0ms)
[25-05-15 23:17:21] [INFO] [DEBUG] Starting unload of ArenaManagerImpl at 1747351041467
[25-05-15 23:17:21] [INFO] [DEBUG] ArenaManagerImpl has been unloaded. (took 0ms)
[25-05-15 23:17:21] [INFO] [DEBUG] Starting unload of KitManagerImpl at 1747351041467
[25-05-15 23:17:21] [INFO] [DEBUG] KitManagerImpl has been unloaded. (took 0ms)
[25-05-15 23:17:21] [INFO] [DEBUG] Starting unload of GuiListener at 1747351041467
[25-05-15 23:17:21] [INFO] [DEBUG] GuiListener has been unloaded. (took 0ms)
[25-05-15 23:17:21] [INFO] [DEBUG] Starting unload of UserManagerImpl at 1747351041467
[25-05-15 23:17:21] [INFO] [DEBUG] UserManagerImpl has been unloaded. (took 2ms)
[25-05-15 23:17:21] [INFO] [DEBUG] Starting unload of Lang at 1747351041469
[25-05-15 23:17:21] [INFO] [DEBUG] Lang has been unloaded. (took 0ms)
[25-05-15 23:17:21] [INFO] [DEBUG] Starting unload of Config at 1747351041469
[25-05-15 23:17:21] [INFO] [DEBUG] Config has been unloaded. (took 0ms)
[25-05-15 23:17:21] [INFO] [DEBUG] unload done (took 16ms)
[25-05-15 23:17:21] [INFO] [DEBUG] Log#clearSources done (took 0ms)
[25-05-15 23:17:44] [INFO] [DEBUG] onEnable start -> 1747351064125

[25-05-15 23:17:44] [INFO] Using Economy Provider: com.earth2me.essentials.economy.vault.VaultEconomyProvider
[25-05-15 23:17:44] [INFO] [DEBUG] Starting load of Config at 1747351064159
[25-05-15 23:17:44] [INFO] [DEBUG] Config has been loaded. (took 4ms)
[25-05-15 23:17:44] [INFO] [DEBUG] Starting load of Lang at 1747351064163
[25-05-15 23:17:44] [INFO] [DEBUG] Lang has been loaded. (took 11ms)
[25-05-15 23:17:44] [INFO] [DEBUG] Starting load of UserManagerImpl at 1747351064175
[25-05-15 23:17:44] [INFO] [DEBUG] UserManagerImpl has been loaded. (took 0ms)
[25-05-15 23:17:44] [INFO] [DEBUG] Starting load of GuiListener at 1747351064175
[25-05-15 23:17:44] [INFO] [DEBUG] GuiListener has been loaded. (took 0ms)
[25-05-15 23:17:44] [INFO] [DEBUG] Starting load of KitManagerImpl at 1747351064175
[25-05-15 23:17:44] [INFO] KitManagerImpl: Loaded 7 kit(s).
[25-05-15 23:17:44] [INFO] [DEBUG] KitManagerImpl has been loaded. (took 88ms)
[25-05-15 23:17:44] [INFO] [DEBUG] Starting load of ArenaManagerImpl at 1747351064263
[25-05-15 23:17:44] [INFO] ArenaManagerImpl: Loaded 6 arena(s).
[25-05-15 23:17:44] [INFO] [DEBUG] ArenaManagerImpl has been loaded. (took 8ms)
[25-05-15 23:17:44] [INFO] [DEBUG] Starting load of SettingsManager at 1747351064271
[25-05-15 23:17:44] [INFO] [DEBUG] SettingsManager has been loaded. (took 0ms)
[25-05-15 23:17:44] [INFO] [DEBUG] Starting load of PlayerInfoManager at 1747351064271
[25-05-15 23:17:44] [INFO] [DEBUG] PlayerInfoManager has been loaded. (took 14ms)
[25-05-15 23:17:44] [INFO] [DEBUG] Starting load of SpectateManagerImpl at 1747351064285
[25-05-15 23:17:44] [INFO] [DEBUG] SpectateManagerImpl has been loaded. (took 0ms)
[25-05-15 23:17:44] [INFO] [DEBUG] Starting load of BettingManager at 1747351064285
[25-05-15 23:17:44] [INFO] [DEBUG] BettingManager has been loaded. (took 0ms)
[25-05-15 23:17:44] [INFO] [DEBUG] Starting load of InventoryManager at 1747351064285
[25-05-15 23:17:44] [INFO] [DEBUG] InventoryManager has been loaded. (took 1ms)
[25-05-15 23:17:44] [INFO] [DEBUG] Starting load of DuelManager at 1747351064286
[25-05-15 23:17:44] [INFO] [DEBUG] DuelManager has been loaded. (took 0ms)
[25-05-15 23:17:44] [INFO] [DEBUG] Starting load of QueueManager at 1747351064286
[25-05-15 23:17:44] [INFO] QueueManager: Loaded 0 queue(s).
[25-05-15 23:17:44] [INFO] [DEBUG] QueueManager has been loaded. (took 1ms)
[25-05-15 23:17:44] [INFO] [DEBUG] Starting load of QueueSignManagerImpl at 1747351064287
[25-05-15 23:17:44] [INFO] QueueSignManagerImpl: Loaded 0 queue sign(s).
[25-05-15 23:17:44] [INFO] [DEBUG] QueueSignManagerImpl has been loaded. (took 0ms)
[25-05-15 23:17:44] [INFO] [DEBUG] Starting load of RequestManager at 1747351064287
[25-05-15 23:17:44] [INFO] [DEBUG] RequestManager has been loaded. (took 0ms)
[25-05-15 23:17:44] [INFO] [DEBUG] Starting load of Teleport at 1747351064287
[25-05-15 23:17:44] [INFO] [DEBUG] Teleport has been loaded. (took 0ms)
[25-05-15 23:17:44] [INFO] [DEBUG] Starting load of ExtensionManager at 1747351064287
[25-05-15 23:17:44] [INFO] [DEBUG] ExtensionManager has been loaded. (took 0ms)
[25-05-16 15:11:11] [WARNING] Varenick0012 has attempted to use a kit item while not in duel, but was prevented by KitItemListener.
[25-05-16 16:21:28] [WARNING] Igruhallllo has attempted to use a kit item while not in duel, but was prevented by KitItemListener.
[25-05-16 19:38:18] [INFO] [DEBUG] onDisable start -> 1747424298973

[25-05-16 19:38:18] [INFO] [DEBUG] Starting unload of ExtensionManager at 1747424298974
[25-05-16 19:38:18] [INFO] [DEBUG] ExtensionManager has been unloaded. (took 1ms)
[25-05-16 19:38:18] [INFO] [DEBUG] Starting unload of Teleport at 1747424298975
[25-05-16 19:38:18] [INFO] [DEBUG] Teleport has been unloaded. (took 0ms)
[25-05-16 19:38:18] [INFO] [DEBUG] Starting unload of RequestManager at 1747424298975
[25-05-16 19:38:18] [INFO] [DEBUG] RequestManager has been unloaded. (took 0ms)
[25-05-16 19:38:18] [INFO] [DEBUG] Starting unload of QueueSignManagerImpl at 1747424298975
[25-05-16 19:38:18] [INFO] [DEBUG] QueueSignManagerImpl has been unloaded. (took 0ms)
[25-05-16 19:38:18] [INFO] [DEBUG] Starting unload of QueueManager at 1747424298975
[25-05-16 19:38:18] [INFO] [DEBUG] QueueManager has been unloaded. (took 0ms)
[25-05-16 19:38:18] [INFO] [DEBUG] Starting unload of DuelManager at 1747424298975
[25-05-16 19:38:18] [INFO] [DEBUG] DuelManager has been unloaded. (took 0ms)
[25-05-16 19:38:18] [INFO] [DEBUG] Starting unload of InventoryManager at 1747424298975
[25-05-16 19:38:18] [INFO] [DEBUG] InventoryManager has been unloaded. (took 0ms)
[25-05-16 19:38:18] [INFO] [DEBUG] Starting unload of BettingManager at 1747424298975
[25-05-16 19:38:18] [INFO] [DEBUG] BettingManager has been unloaded. (took 0ms)
[25-05-16 19:38:18] [INFO] [DEBUG] Starting unload of SpectateManagerImpl at 1747424298975
[25-05-16 19:38:18] [INFO] [DEBUG] SpectateManagerImpl has been unloaded. (took 0ms)
[25-05-16 19:38:18] [INFO] [DEBUG] Starting unload of PlayerInfoManager at 1747424298975
[25-05-16 19:38:18] [INFO] [DEBUG] PlayerInfoManager has been unloaded. (took 18ms)
[25-05-16 19:38:18] [INFO] [DEBUG] Starting unload of SettingsManager at 1747424298993
[25-05-16 19:38:18] [INFO] [DEBUG] SettingsManager has been unloaded. (took 0ms)
[25-05-16 19:38:18] [INFO] [DEBUG] Starting unload of ArenaManagerImpl at 1747424298993
[25-05-16 19:38:18] [INFO] [DEBUG] ArenaManagerImpl has been unloaded. (took 0ms)
[25-05-16 19:38:18] [INFO] [DEBUG] Starting unload of KitManagerImpl at 1747424298993
[25-05-16 19:38:18] [INFO] [DEBUG] KitManagerImpl has been unloaded. (took 0ms)
[25-05-16 19:38:18] [INFO] [DEBUG] Starting unload of GuiListener at 1747424298993
[25-05-16 19:38:18] [INFO] [DEBUG] GuiListener has been unloaded. (took 0ms)
[25-05-16 19:38:18] [INFO] [DEBUG] Starting unload of UserManagerImpl at 1747424298993
[25-05-16 19:38:18] [INFO] [DEBUG] UserManagerImpl has been unloaded. (took 4ms)
[25-05-16 19:38:18] [INFO] [DEBUG] Starting unload of Lang at 1747424298997
[25-05-16 19:38:18] [INFO] [DEBUG] Lang has been unloaded. (took 0ms)
[25-05-16 19:38:18] [INFO] [DEBUG] Starting unload of Config at 1747424298997
[25-05-16 19:38:18] [INFO] [DEBUG] Config has been unloaded. (took 0ms)
[25-05-16 19:38:18] [INFO] [DEBUG] unload done (took 24ms)
[25-05-16 19:38:18] [INFO] [DEBUG] Log#clearSources done (took 0ms)
