[25-05-14 09:14:39] [INFO] [DEBUG] onEnable start -> 1747214079615

[25-05-14 09:14:39] [INFO] Using Economy Provider: com.earth2me.essentials.economy.vault.VaultEconomyProvider
[25-05-14 09:14:39] [INFO] [DEBUG] Starting load of Config at 1747214079652
[25-05-14 09:14:39] [INFO] [DEBUG] Config has been loaded. (took 4ms)
[25-05-14 09:14:39] [INFO] [DEBUG] Starting load of Lang at 1747214079656
[25-05-14 09:14:39] [INFO] [DEBUG] Lang has been loaded. (took 12ms)
[25-05-14 09:14:39] [INFO] [DEBUG] Starting load of UserManagerImpl at 1747214079668
[25-05-14 09:14:39] [INFO] [DEBUG] UserManagerImpl has been loaded. (took 1ms)
[25-05-14 09:14:39] [INFO] [DEBUG] Starting load of GuiListener at 1747214079669
[25-05-14 09:14:39] [INFO] [DEBUG] GuiListener has been loaded. (took 0ms)
[25-05-14 09:14:39] [INFO] [DEBUG] Starting load of KitManagerImpl at 1747214079669
[25-05-14 09:14:39] [INFO] KitManagerImpl: Loaded 7 kit(s).
[25-05-14 09:14:39] [INFO] [DEBUG] KitManagerImpl has been loaded. (took 91ms)
[25-05-14 09:14:39] [INFO] [DEBUG] Starting load of ArenaManagerImpl at 1747214079760
[25-05-14 09:14:39] [INFO] ArenaManagerImpl: Loaded 6 arena(s).
[25-05-14 09:14:39] [INFO] [DEBUG] ArenaManagerImpl has been loaded. (took 7ms)
[25-05-14 09:14:39] [INFO] [DEBUG] Starting load of SettingsManager at 1747214079767
[25-05-14 09:14:39] [INFO] [DEBUG] SettingsManager has been loaded. (took 0ms)
[25-05-14 09:14:39] [INFO] [DEBUG] Starting load of PlayerInfoManager at 1747214079767
[25-05-14 09:14:39] [INFO] [DEBUG] PlayerInfoManager has been loaded. (took 0ms)
[25-05-14 09:14:39] [INFO] [DEBUG] Starting load of SpectateManagerImpl at 1747214079767
[25-05-14 09:14:39] [INFO] [DEBUG] SpectateManagerImpl has been loaded. (took 0ms)
[25-05-14 09:14:39] [INFO] [DEBUG] Starting load of BettingManager at 1747214079767
[25-05-14 09:14:39] [INFO] [DEBUG] BettingManager has been loaded. (took 0ms)
[25-05-14 09:14:39] [INFO] [DEBUG] Starting load of InventoryManager at 1747214079767
[25-05-14 09:14:39] [INFO] [DEBUG] InventoryManager has been loaded. (took 1ms)
[25-05-14 09:14:39] [INFO] [DEBUG] Starting load of DuelManager at 1747214079768
[25-05-14 09:14:39] [INFO] [DEBUG] DuelManager has been loaded. (took 0ms)
[25-05-14 09:14:39] [INFO] [DEBUG] Starting load of QueueManager at 1747214079768
[25-05-14 09:14:39] [INFO] QueueManager: Loaded 0 queue(s).
[25-05-14 09:14:39] [INFO] [DEBUG] QueueManager has been loaded. (took 0ms)
[25-05-14 09:14:39] [INFO] [DEBUG] Starting load of QueueSignManagerImpl at 1747214079768
[25-05-14 09:14:39] [INFO] QueueSignManagerImpl: Loaded 0 queue sign(s).
[25-05-14 09:14:39] [INFO] [DEBUG] QueueSignManagerImpl has been loaded. (took 1ms)
[25-05-14 09:14:39] [INFO] [DEBUG] Starting load of RequestManager at 1747214079769
[25-05-14 09:14:39] [INFO] [DEBUG] RequestManager has been loaded. (took 0ms)
[25-05-14 09:14:39] [INFO] [DEBUG] Starting load of Teleport at 1747214079769
[25-05-14 09:14:39] [INFO] [DEBUG] Teleport has been loaded. (took 0ms)
[25-05-14 09:14:39] [INFO] [DEBUG] Starting load of ExtensionManager at 1747214079769
[25-05-14 09:14:39] [INFO] [DEBUG] ExtensionManager has been loaded. (took 0ms)
[25-05-14 10:45:11] [INFO] [DEBUG] onDisable start -> 1747219511371

[25-05-14 10:45:11] [INFO] [DEBUG] Starting unload of ExtensionManager at 1747219511372
[25-05-14 10:45:11] [INFO] [DEBUG] ExtensionManager has been unloaded. (took 1ms)
[25-05-14 10:45:11] [INFO] [DEBUG] Starting unload of Teleport at 1747219511373
[25-05-14 10:45:11] [INFO] [DEBUG] Teleport has been unloaded. (took 0ms)
[25-05-14 10:45:11] [INFO] [DEBUG] Starting unload of RequestManager at 1747219511373
[25-05-14 10:45:11] [INFO] [DEBUG] RequestManager has been unloaded. (took 0ms)
[25-05-14 10:45:11] [INFO] [DEBUG] Starting unload of QueueSignManagerImpl at 1747219511373
[25-05-14 10:45:11] [INFO] [DEBUG] QueueSignManagerImpl has been unloaded. (took 0ms)
[25-05-14 10:45:11] [INFO] [DEBUG] Starting unload of QueueManager at 1747219511373
[25-05-14 10:45:11] [INFO] [DEBUG] QueueManager has been unloaded. (took 0ms)
[25-05-14 10:45:11] [INFO] [DEBUG] Starting unload of DuelManager at 1747219511373
[25-05-14 10:45:11] [INFO] [DEBUG] DuelManager has been unloaded. (took 0ms)
[25-05-14 10:45:11] [INFO] [DEBUG] Starting unload of InventoryManager at 1747219511373
[25-05-14 10:45:11] [INFO] [DEBUG] InventoryManager has been unloaded. (took 0ms)
[25-05-14 10:45:11] [INFO] [DEBUG] Starting unload of BettingManager at 1747219511373
[25-05-14 10:45:11] [INFO] [DEBUG] BettingManager has been unloaded. (took 0ms)
[25-05-14 10:45:11] [INFO] [DEBUG] Starting unload of SpectateManagerImpl at 1747219511373
[25-05-14 10:45:11] [INFO] [DEBUG] SpectateManagerImpl has been unloaded. (took 0ms)
[25-05-14 10:45:11] [INFO] [DEBUG] Starting unload of PlayerInfoManager at 1747219511373
[25-05-14 10:45:11] [INFO] [DEBUG] PlayerInfoManager has been unloaded. (took 0ms)
[25-05-14 10:45:11] [INFO] [DEBUG] Starting unload of SettingsManager at 1747219511373
[25-05-14 10:45:11] [INFO] [DEBUG] SettingsManager has been unloaded. (took 0ms)
[25-05-14 10:45:11] [INFO] [DEBUG] Starting unload of ArenaManagerImpl at 1747219511373
[25-05-14 10:45:11] [INFO] [DEBUG] ArenaManagerImpl has been unloaded. (took 0ms)
[25-05-14 10:45:11] [INFO] [DEBUG] Starting unload of KitManagerImpl at 1747219511373
[25-05-14 10:45:11] [INFO] [DEBUG] KitManagerImpl has been unloaded. (took 0ms)
[25-05-14 10:45:11] [INFO] [DEBUG] Starting unload of GuiListener at 1747219511373
[25-05-14 10:45:11] [INFO] [DEBUG] GuiListener has been unloaded. (took 1ms)
[25-05-14 10:45:11] [INFO] [DEBUG] Starting unload of UserManagerImpl at 1747219511374
[25-05-14 10:45:11] [INFO] [DEBUG] UserManagerImpl has been unloaded. (took 1ms)
[25-05-14 10:45:11] [INFO] [DEBUG] Starting unload of Lang at 1747219511375
[25-05-14 10:45:11] [INFO] [DEBUG] Lang has been unloaded. (took 0ms)
[25-05-14 10:45:11] [INFO] [DEBUG] Starting unload of Config at 1747219511375
[25-05-14 10:45:11] [INFO] [DEBUG] Config has been unloaded. (took 0ms)
[25-05-14 10:45:11] [INFO] [DEBUG] unload done (took 4ms)
[25-05-14 10:45:11] [INFO] [DEBUG] Log#clearSources done (took 0ms)
[25-05-14 10:58:51] [INFO] [DEBUG] onEnable start -> 1747220331299

[25-05-14 10:58:51] [INFO] Using Economy Provider: com.earth2me.essentials.economy.vault.VaultEconomyProvider
[25-05-14 10:58:51] [INFO] [DEBUG] Starting load of Config at 1747220331338
[25-05-14 10:58:51] [INFO] [DEBUG] Config has been loaded. (took 5ms)
[25-05-14 10:58:51] [INFO] [DEBUG] Starting load of Lang at 1747220331343
[25-05-14 10:58:51] [INFO] [DEBUG] Lang has been loaded. (took 14ms)
[25-05-14 10:58:51] [INFO] [DEBUG] Starting load of UserManagerImpl at 1747220331357
[25-05-14 10:58:51] [INFO] [DEBUG] UserManagerImpl has been loaded. (took 0ms)
[25-05-14 10:58:51] [INFO] [DEBUG] Starting load of GuiListener at 1747220331357
[25-05-14 10:58:51] [INFO] [DEBUG] GuiListener has been loaded. (took 0ms)
[25-05-14 10:58:51] [INFO] [DEBUG] Starting load of KitManagerImpl at 1747220331357
[25-05-14 10:58:51] [INFO] KitManagerImpl: Loaded 7 kit(s).
[25-05-14 10:58:51] [INFO] [DEBUG] KitManagerImpl has been loaded. (took 101ms)
[25-05-14 10:58:51] [INFO] [DEBUG] Starting load of ArenaManagerImpl at 1747220331458
[25-05-14 10:58:51] [INFO] ArenaManagerImpl: Loaded 6 arena(s).
[25-05-14 10:58:51] [INFO] [DEBUG] ArenaManagerImpl has been loaded. (took 9ms)
[25-05-14 10:58:51] [INFO] [DEBUG] Starting load of SettingsManager at 1747220331467
[25-05-14 10:58:51] [INFO] [DEBUG] SettingsManager has been loaded. (took 0ms)
[25-05-14 10:58:51] [INFO] [DEBUG] Starting load of PlayerInfoManager at 1747220331467
[25-05-14 10:58:51] [INFO] [DEBUG] PlayerInfoManager has been loaded. (took 1ms)
[25-05-14 10:58:51] [INFO] [DEBUG] Starting load of SpectateManagerImpl at 1747220331468
[25-05-14 10:58:51] [INFO] [DEBUG] SpectateManagerImpl has been loaded. (took 0ms)
[25-05-14 10:58:51] [INFO] [DEBUG] Starting load of BettingManager at 1747220331468
[25-05-14 10:58:51] [INFO] [DEBUG] BettingManager has been loaded. (took 0ms)
[25-05-14 10:58:51] [INFO] [DEBUG] Starting load of InventoryManager at 1747220331468
[25-05-14 10:58:51] [INFO] [DEBUG] InventoryManager has been loaded. (took 1ms)
[25-05-14 10:58:51] [INFO] [DEBUG] Starting load of DuelManager at 1747220331469
[25-05-14 10:58:51] [INFO] [DEBUG] DuelManager has been loaded. (took 0ms)
[25-05-14 10:58:51] [INFO] [DEBUG] Starting load of QueueManager at 1747220331469
[25-05-14 10:58:51] [INFO] QueueManager: Loaded 0 queue(s).
[25-05-14 10:58:51] [INFO] [DEBUG] QueueManager has been loaded. (took 0ms)
[25-05-14 10:58:51] [INFO] [DEBUG] Starting load of QueueSignManagerImpl at 1747220331469
[25-05-14 10:58:51] [INFO] QueueSignManagerImpl: Loaded 0 queue sign(s).
[25-05-14 10:58:51] [INFO] [DEBUG] QueueSignManagerImpl has been loaded. (took 1ms)
[25-05-14 10:58:51] [INFO] [DEBUG] Starting load of RequestManager at 1747220331470
[25-05-14 10:58:51] [INFO] [DEBUG] RequestManager has been loaded. (took 0ms)
[25-05-14 10:58:51] [INFO] [DEBUG] Starting load of Teleport at 1747220331470
[25-05-14 10:58:51] [INFO] [DEBUG] Teleport has been loaded. (took 0ms)
[25-05-14 10:58:51] [INFO] [DEBUG] Starting load of ExtensionManager at 1747220331470
[25-05-14 10:58:51] [INFO] [DEBUG] ExtensionManager has been loaded. (took 0ms)
[25-05-14 11:43:46] [INFO] [DEBUG] onDisable start -> 1747223026601

[25-05-14 11:43:46] [INFO] [DEBUG] Starting unload of ExtensionManager at 1747223026602
[25-05-14 11:43:46] [INFO] [DEBUG] ExtensionManager has been unloaded. (took 0ms)
[25-05-14 11:43:46] [INFO] [DEBUG] Starting unload of Teleport at 1747223026602
[25-05-14 11:43:46] [INFO] [DEBUG] Teleport has been unloaded. (took 0ms)
[25-05-14 11:43:46] [INFO] [DEBUG] Starting unload of RequestManager at 1747223026602
[25-05-14 11:43:46] [INFO] [DEBUG] RequestManager has been unloaded. (took 0ms)
[25-05-14 11:43:46] [INFO] [DEBUG] Starting unload of QueueSignManagerImpl at 1747223026602
[25-05-14 11:43:46] [INFO] [DEBUG] QueueSignManagerImpl has been unloaded. (took 1ms)
[25-05-14 11:43:46] [INFO] [DEBUG] Starting unload of QueueManager at 1747223026603
[25-05-14 11:43:46] [INFO] [DEBUG] QueueManager has been unloaded. (took 0ms)
[25-05-14 11:43:46] [INFO] [DEBUG] Starting unload of DuelManager at 1747223026603
[25-05-14 11:43:46] [INFO] [DEBUG] DuelManager has been unloaded. (took 0ms)
[25-05-14 11:43:46] [INFO] [DEBUG] Starting unload of InventoryManager at 1747223026603
[25-05-14 11:43:46] [INFO] [DEBUG] InventoryManager has been unloaded. (took 0ms)
[25-05-14 11:43:46] [INFO] [DEBUG] Starting unload of BettingManager at 1747223026603
[25-05-14 11:43:46] [INFO] [DEBUG] BettingManager has been unloaded. (took 0ms)
[25-05-14 11:43:46] [INFO] [DEBUG] Starting unload of SpectateManagerImpl at 1747223026603
[25-05-14 11:43:46] [INFO] [DEBUG] SpectateManagerImpl has been unloaded. (took 0ms)
[25-05-14 11:43:46] [INFO] [DEBUG] Starting unload of PlayerInfoManager at 1747223026603
[25-05-14 11:43:46] [INFO] [DEBUG] PlayerInfoManager has been unloaded. (took 0ms)
[25-05-14 11:43:46] [INFO] [DEBUG] Starting unload of SettingsManager at 1747223026603
[25-05-14 11:43:46] [INFO] [DEBUG] SettingsManager has been unloaded. (took 0ms)
[25-05-14 11:43:46] [INFO] [DEBUG] Starting unload of ArenaManagerImpl at 1747223026603
[25-05-14 11:43:46] [INFO] [DEBUG] ArenaManagerImpl has been unloaded. (took 0ms)
[25-05-14 11:43:46] [INFO] [DEBUG] Starting unload of KitManagerImpl at 1747223026603
[25-05-14 11:43:46] [INFO] [DEBUG] KitManagerImpl has been unloaded. (took 0ms)
[25-05-14 11:43:46] [INFO] [DEBUG] Starting unload of GuiListener at 1747223026603
[25-05-14 11:43:46] [INFO] [DEBUG] GuiListener has been unloaded. (took 0ms)
[25-05-14 11:43:46] [INFO] [DEBUG] Starting unload of UserManagerImpl at 1747223026603
[25-05-14 11:43:46] [INFO] [DEBUG] UserManagerImpl has been unloaded. (took 2ms)
[25-05-14 11:43:46] [INFO] [DEBUG] Starting unload of Lang at 1747223026605
[25-05-14 11:43:46] [INFO] [DEBUG] Lang has been unloaded. (took 0ms)
[25-05-14 11:43:46] [INFO] [DEBUG] Starting unload of Config at 1747223026605
[25-05-14 11:43:46] [INFO] [DEBUG] Config has been unloaded. (took 0ms)
[25-05-14 11:43:46] [INFO] [DEBUG] unload done (took 4ms)
[25-05-14 11:43:46] [INFO] [DEBUG] Log#clearSources done (took 0ms)
[25-05-14 11:44:13] [INFO] [DEBUG] onEnable start -> 1747223053069

[25-05-14 11:44:13] [INFO] Using Economy Provider: com.earth2me.essentials.economy.vault.VaultEconomyProvider
[25-05-14 11:44:13] [INFO] [DEBUG] Starting load of Config at 1747223053106
[25-05-14 11:44:13] [INFO] [DEBUG] Config has been loaded. (took 5ms)
[25-05-14 11:44:13] [INFO] [DEBUG] Starting load of Lang at 1747223053111
[25-05-14 11:44:13] [INFO] [DEBUG] Lang has been loaded. (took 13ms)
[25-05-14 11:44:13] [INFO] [DEBUG] Starting load of UserManagerImpl at 1747223053124
[25-05-14 11:44:13] [INFO] [DEBUG] UserManagerImpl has been loaded. (took 1ms)
[25-05-14 11:44:13] [INFO] [DEBUG] Starting load of GuiListener at 1747223053125
[25-05-14 11:44:13] [INFO] [DEBUG] GuiListener has been loaded. (took 0ms)
[25-05-14 11:44:13] [INFO] [DEBUG] Starting load of KitManagerImpl at 1747223053125
[25-05-14 11:44:13] [INFO] KitManagerImpl: Loaded 7 kit(s).
[25-05-14 11:44:13] [INFO] [DEBUG] KitManagerImpl has been loaded. (took 91ms)
[25-05-14 11:44:13] [INFO] [DEBUG] Starting load of ArenaManagerImpl at 1747223053216
[25-05-14 11:44:13] [INFO] ArenaManagerImpl: Loaded 6 arena(s).
[25-05-14 11:44:13] [INFO] [DEBUG] ArenaManagerImpl has been loaded. (took 8ms)
[25-05-14 11:44:13] [INFO] [DEBUG] Starting load of SettingsManager at 1747223053224
[25-05-14 11:44:13] [INFO] [DEBUG] SettingsManager has been loaded. (took 0ms)
[25-05-14 11:44:13] [INFO] [DEBUG] Starting load of PlayerInfoManager at 1747223053224
[25-05-14 11:44:13] [INFO] [DEBUG] PlayerInfoManager has been loaded. (took 0ms)
[25-05-14 11:44:13] [INFO] [DEBUG] Starting load of SpectateManagerImpl at 1747223053224
[25-05-14 11:44:13] [INFO] [DEBUG] SpectateManagerImpl has been loaded. (took 0ms)
[25-05-14 11:44:13] [INFO] [DEBUG] Starting load of BettingManager at 1747223053224
[25-05-14 11:44:13] [INFO] [DEBUG] BettingManager has been loaded. (took 0ms)
[25-05-14 11:44:13] [INFO] [DEBUG] Starting load of InventoryManager at 1747223053224
[25-05-14 11:44:13] [INFO] [DEBUG] InventoryManager has been loaded. (took 1ms)
[25-05-14 11:44:13] [INFO] [DEBUG] Starting load of DuelManager at 1747223053225
[25-05-14 11:44:13] [INFO] [DEBUG] DuelManager has been loaded. (took 0ms)
[25-05-14 11:44:13] [INFO] [DEBUG] Starting load of QueueManager at 1747223053225
[25-05-14 11:44:13] [INFO] QueueManager: Loaded 0 queue(s).
[25-05-14 11:44:13] [INFO] [DEBUG] QueueManager has been loaded. (took 0ms)
[25-05-14 11:44:13] [INFO] [DEBUG] Starting load of QueueSignManagerImpl at 1747223053226
[25-05-14 11:44:13] [INFO] QueueSignManagerImpl: Loaded 0 queue sign(s).
[25-05-14 11:44:13] [INFO] [DEBUG] QueueSignManagerImpl has been loaded. (took 0ms)
[25-05-14 11:44:13] [INFO] [DEBUG] Starting load of RequestManager at 1747223053226
[25-05-14 11:44:13] [INFO] [DEBUG] RequestManager has been loaded. (took 0ms)
[25-05-14 11:44:13] [INFO] [DEBUG] Starting load of Teleport at 1747223053226
[25-05-14 11:44:13] [INFO] [DEBUG] Teleport has been loaded. (took 0ms)
[25-05-14 11:44:13] [INFO] [DEBUG] Starting load of ExtensionManager at 1747223053226
[25-05-14 11:44:13] [INFO] [DEBUG] ExtensionManager has been loaded. (took 0ms)
[25-05-14 11:51:33] [INFO] [DEBUG] onDisable start -> 1747223493770

[25-05-14 11:51:33] [INFO] [DEBUG] Starting unload of ExtensionManager at 1747223493771
[25-05-14 11:51:33] [INFO] [DEBUG] ExtensionManager has been unloaded. (took 0ms)
[25-05-14 11:51:33] [INFO] [DEBUG] Starting unload of Teleport at 1747223493771
[25-05-14 11:51:33] [INFO] [DEBUG] Teleport has been unloaded. (took 0ms)
[25-05-14 11:51:33] [INFO] [DEBUG] Starting unload of RequestManager at 1747223493771
[25-05-14 11:51:33] [INFO] [DEBUG] RequestManager has been unloaded. (took 0ms)
[25-05-14 11:51:33] [INFO] [DEBUG] Starting unload of QueueSignManagerImpl at 1747223493771
[25-05-14 11:51:33] [INFO] [DEBUG] QueueSignManagerImpl has been unloaded. (took 0ms)
[25-05-14 11:51:33] [INFO] [DEBUG] Starting unload of QueueManager at 1747223493771
[25-05-14 11:51:33] [INFO] [DEBUG] QueueManager has been unloaded. (took 1ms)
[25-05-14 11:51:33] [INFO] [DEBUG] Starting unload of DuelManager at 1747223493772
[25-05-14 11:51:33] [INFO] [DEBUG] DuelManager has been unloaded. (took 0ms)
[25-05-14 11:51:33] [INFO] [DEBUG] Starting unload of InventoryManager at 1747223493772
[25-05-14 11:51:33] [INFO] [DEBUG] InventoryManager has been unloaded. (took 0ms)
[25-05-14 11:51:33] [INFO] [DEBUG] Starting unload of BettingManager at 1747223493772
[25-05-14 11:51:33] [INFO] [DEBUG] BettingManager has been unloaded. (took 0ms)
[25-05-14 11:51:33] [INFO] [DEBUG] Starting unload of SpectateManagerImpl at 1747223493772
[25-05-14 11:51:33] [INFO] [DEBUG] SpectateManagerImpl has been unloaded. (took 0ms)
[25-05-14 11:51:33] [INFO] [DEBUG] Starting unload of PlayerInfoManager at 1747223493772
[25-05-14 11:51:33] [INFO] [DEBUG] PlayerInfoManager has been unloaded. (took 0ms)
[25-05-14 11:51:33] [INFO] [DEBUG] Starting unload of SettingsManager at 1747223493772
[25-05-14 11:51:33] [INFO] [DEBUG] SettingsManager has been unloaded. (took 0ms)
[25-05-14 11:51:33] [INFO] [DEBUG] Starting unload of ArenaManagerImpl at 1747223493772
[25-05-14 11:51:33] [INFO] [DEBUG] ArenaManagerImpl has been unloaded. (took 0ms)
[25-05-14 11:51:33] [INFO] [DEBUG] Starting unload of KitManagerImpl at 1747223493772
[25-05-14 11:51:33] [INFO] [DEBUG] KitManagerImpl has been unloaded. (took 0ms)
[25-05-14 11:51:33] [INFO] [DEBUG] Starting unload of GuiListener at 1747223493772
[25-05-14 11:51:33] [INFO] [DEBUG] GuiListener has been unloaded. (took 0ms)
[25-05-14 11:51:33] [INFO] [DEBUG] Starting unload of UserManagerImpl at 1747223493772
[25-05-14 11:51:33] [INFO] [DEBUG] UserManagerImpl has been unloaded. (took 2ms)
[25-05-14 11:51:33] [INFO] [DEBUG] Starting unload of Lang at 1747223493774
[25-05-14 11:51:33] [INFO] [DEBUG] Lang has been unloaded. (took 0ms)
[25-05-14 11:51:33] [INFO] [DEBUG] Starting unload of Config at 1747223493774
[25-05-14 11:51:33] [INFO] [DEBUG] Config has been unloaded. (took 0ms)
[25-05-14 11:51:33] [INFO] [DEBUG] unload done (took 4ms)
[25-05-14 11:51:33] [INFO] [DEBUG] Log#clearSources done (took 0ms)
[25-05-14 11:52:02] [INFO] [DEBUG] onEnable start -> 1747223522563

[25-05-14 11:52:02] [INFO] Using Economy Provider: com.earth2me.essentials.economy.vault.VaultEconomyProvider
[25-05-14 11:52:02] [INFO] [DEBUG] Starting load of Config at 1747223522601
[25-05-14 11:52:02] [INFO] [DEBUG] Config has been loaded. (took 5ms)
[25-05-14 11:52:02] [INFO] [DEBUG] Starting load of Lang at 1747223522606
[25-05-14 11:52:02] [INFO] [DEBUG] Lang has been loaded. (took 14ms)
[25-05-14 11:52:02] [INFO] [DEBUG] Starting load of UserManagerImpl at 1747223522620
[25-05-14 11:52:02] [INFO] [DEBUG] UserManagerImpl has been loaded. (took 0ms)
[25-05-14 11:52:02] [INFO] [DEBUG] Starting load of GuiListener at 1747223522620
[25-05-14 11:52:02] [INFO] [DEBUG] GuiListener has been loaded. (took 0ms)
[25-05-14 11:52:02] [INFO] [DEBUG] Starting load of KitManagerImpl at 1747223522620
[25-05-14 11:52:02] [INFO] KitManagerImpl: Loaded 7 kit(s).
[25-05-14 11:52:02] [INFO] [DEBUG] KitManagerImpl has been loaded. (took 92ms)
[25-05-14 11:52:02] [INFO] [DEBUG] Starting load of ArenaManagerImpl at 1747223522712
[25-05-14 11:52:02] [INFO] ArenaManagerImpl: Loaded 6 arena(s).
[25-05-14 11:52:02] [INFO] [DEBUG] ArenaManagerImpl has been loaded. (took 7ms)
[25-05-14 11:52:02] [INFO] [DEBUG] Starting load of SettingsManager at 1747223522719
[25-05-14 11:52:02] [INFO] [DEBUG] SettingsManager has been loaded. (took 0ms)
[25-05-14 11:52:02] [INFO] [DEBUG] Starting load of PlayerInfoManager at 1747223522719
[25-05-14 11:52:02] [INFO] [DEBUG] PlayerInfoManager has been loaded. (took 1ms)
[25-05-14 11:52:02] [INFO] [DEBUG] Starting load of SpectateManagerImpl at 1747223522720
[25-05-14 11:52:02] [INFO] [DEBUG] SpectateManagerImpl has been loaded. (took 0ms)
[25-05-14 11:52:02] [INFO] [DEBUG] Starting load of BettingManager at 1747223522720
[25-05-14 11:52:02] [INFO] [DEBUG] BettingManager has been loaded. (took 0ms)
[25-05-14 11:52:02] [INFO] [DEBUG] Starting load of InventoryManager at 1747223522720
[25-05-14 11:52:02] [INFO] [DEBUG] InventoryManager has been loaded. (took 0ms)
[25-05-14 11:52:02] [INFO] [DEBUG] Starting load of DuelManager at 1747223522720
[25-05-14 11:52:02] [INFO] [DEBUG] DuelManager has been loaded. (took 0ms)
[25-05-14 11:52:02] [INFO] [DEBUG] Starting load of QueueManager at 1747223522720
[25-05-14 11:52:02] [INFO] QueueManager: Loaded 0 queue(s).
[25-05-14 11:52:02] [INFO] [DEBUG] QueueManager has been loaded. (took 1ms)
[25-05-14 11:52:02] [INFO] [DEBUG] Starting load of QueueSignManagerImpl at 1747223522721
[25-05-14 11:52:02] [INFO] QueueSignManagerImpl: Loaded 0 queue sign(s).
[25-05-14 11:52:02] [INFO] [DEBUG] QueueSignManagerImpl has been loaded. (took 0ms)
[25-05-14 11:52:02] [INFO] [DEBUG] Starting load of RequestManager at 1747223522721
[25-05-14 11:52:02] [INFO] [DEBUG] RequestManager has been loaded. (took 0ms)
[25-05-14 11:52:02] [INFO] [DEBUG] Starting load of Teleport at 1747223522721
[25-05-14 11:52:02] [INFO] [DEBUG] Teleport has been loaded. (took 0ms)
[25-05-14 11:52:02] [INFO] [DEBUG] Starting load of ExtensionManager at 1747223522721
[25-05-14 11:52:02] [INFO] [DEBUG] ExtensionManager has been loaded. (took 1ms)
[25-05-14 11:54:13] [INFO] [DEBUG] onDisable start -> 1747223653920

[25-05-14 11:54:13] [INFO] [DEBUG] Starting unload of ExtensionManager at 1747223653922
[25-05-14 11:54:13] [INFO] [DEBUG] ExtensionManager has been unloaded. (took 0ms)
[25-05-14 11:54:13] [INFO] [DEBUG] Starting unload of Teleport at 1747223653922
[25-05-14 11:54:13] [INFO] [DEBUG] Teleport has been unloaded. (took 0ms)
[25-05-14 11:54:13] [INFO] [DEBUG] Starting unload of RequestManager at 1747223653922
[25-05-14 11:54:13] [INFO] [DEBUG] RequestManager has been unloaded. (took 0ms)
[25-05-14 11:54:13] [INFO] [DEBUG] Starting unload of QueueSignManagerImpl at 1747223653922
[25-05-14 11:54:13] [INFO] [DEBUG] QueueSignManagerImpl has been unloaded. (took 0ms)
[25-05-14 11:54:13] [INFO] [DEBUG] Starting unload of QueueManager at 1747223653922
[25-05-14 11:54:13] [INFO] [DEBUG] QueueManager has been unloaded. (took 0ms)
[25-05-14 11:54:13] [INFO] [DEBUG] Starting unload of DuelManager at 1747223653922
[25-05-14 11:54:13] [INFO] [DEBUG] DuelManager has been unloaded. (took 0ms)
[25-05-14 11:54:13] [INFO] [DEBUG] Starting unload of InventoryManager at 1747223653922
[25-05-14 11:54:13] [INFO] [DEBUG] InventoryManager has been unloaded. (took 0ms)
[25-05-14 11:54:13] [INFO] [DEBUG] Starting unload of BettingManager at 1747223653922
[25-05-14 11:54:13] [INFO] [DEBUG] BettingManager has been unloaded. (took 0ms)
[25-05-14 11:54:13] [INFO] [DEBUG] Starting unload of SpectateManagerImpl at 1747223653922
[25-05-14 11:54:13] [INFO] [DEBUG] SpectateManagerImpl has been unloaded. (took 0ms)
[25-05-14 11:54:13] [INFO] [DEBUG] Starting unload of PlayerInfoManager at 1747223653922
[25-05-14 11:54:13] [INFO] [DEBUG] PlayerInfoManager has been unloaded. (took 0ms)
[25-05-14 11:54:13] [INFO] [DEBUG] Starting unload of SettingsManager at 1747223653922
[25-05-14 11:54:13] [INFO] [DEBUG] SettingsManager has been unloaded. (took 1ms)
[25-05-14 11:54:13] [INFO] [DEBUG] Starting unload of ArenaManagerImpl at 1747223653923
[25-05-14 11:54:13] [INFO] [DEBUG] ArenaManagerImpl has been unloaded. (took 0ms)
[25-05-14 11:54:13] [INFO] [DEBUG] Starting unload of KitManagerImpl at 1747223653923
[25-05-14 11:54:13] [INFO] [DEBUG] KitManagerImpl has been unloaded. (took 0ms)
[25-05-14 11:54:13] [INFO] [DEBUG] Starting unload of GuiListener at 1747223653923
[25-05-14 11:54:13] [INFO] [DEBUG] GuiListener has been unloaded. (took 0ms)
[25-05-14 11:54:13] [INFO] [DEBUG] Starting unload of UserManagerImpl at 1747223653923
[25-05-14 11:54:13] [INFO] [DEBUG] UserManagerImpl has been unloaded. (took 2ms)
[25-05-14 11:54:13] [INFO] [DEBUG] Starting unload of Lang at 1747223653925
[25-05-14 11:54:13] [INFO] [DEBUG] Lang has been unloaded. (took 0ms)
[25-05-14 11:54:13] [INFO] [DEBUG] Starting unload of Config at 1747223653925
[25-05-14 11:54:13] [INFO] [DEBUG] Config has been unloaded. (took 0ms)
[25-05-14 11:54:13] [INFO] [DEBUG] unload done (took 5ms)
[25-05-14 11:54:13] [INFO] [DEBUG] Log#clearSources done (took 0ms)
[25-05-14 11:54:41] [INFO] [DEBUG] onEnable start -> 1747223681815

[25-05-14 11:54:41] [INFO] Using Economy Provider: com.earth2me.essentials.economy.vault.VaultEconomyProvider
[25-05-14 11:54:41] [INFO] [DEBUG] Starting load of Config at 1747223681851
[25-05-14 11:54:41] [INFO] [DEBUG] Config has been loaded. (took 4ms)
[25-05-14 11:54:41] [INFO] [DEBUG] Starting load of Lang at 1747223681855
[25-05-14 11:54:41] [INFO] [DEBUG] Lang has been loaded. (took 14ms)
[25-05-14 11:54:41] [INFO] [DEBUG] Starting load of UserManagerImpl at 1747223681869
[25-05-14 11:54:41] [INFO] [DEBUG] UserManagerImpl has been loaded. (took 0ms)
[25-05-14 11:54:41] [INFO] [DEBUG] Starting load of GuiListener at 1747223681869
[25-05-14 11:54:41] [INFO] [DEBUG] GuiListener has been loaded. (took 0ms)
[25-05-14 11:54:41] [INFO] [DEBUG] Starting load of KitManagerImpl at 1747223681869
[25-05-14 11:54:41] [INFO] KitManagerImpl: Loaded 7 kit(s).
[25-05-14 11:54:41] [INFO] [DEBUG] KitManagerImpl has been loaded. (took 96ms)
[25-05-14 11:54:41] [INFO] [DEBUG] Starting load of ArenaManagerImpl at 1747223681965
[25-05-14 11:54:41] [INFO] ArenaManagerImpl: Loaded 6 arena(s).
[25-05-14 11:54:41] [INFO] [DEBUG] ArenaManagerImpl has been loaded. (took 7ms)
[25-05-14 11:54:41] [INFO] [DEBUG] Starting load of SettingsManager at 1747223681972
[25-05-14 11:54:41] [INFO] [DEBUG] SettingsManager has been loaded. (took 0ms)
[25-05-14 11:54:41] [INFO] [DEBUG] Starting load of PlayerInfoManager at 1747223681972
[25-05-14 11:54:41] [INFO] [DEBUG] PlayerInfoManager has been loaded. (took 0ms)
[25-05-14 11:54:41] [INFO] [DEBUG] Starting load of SpectateManagerImpl at 1747223681972
[25-05-14 11:54:41] [INFO] [DEBUG] SpectateManagerImpl has been loaded. (took 0ms)
[25-05-14 11:54:41] [INFO] [DEBUG] Starting load of BettingManager at 1747223681972
[25-05-14 11:54:41] [INFO] [DEBUG] BettingManager has been loaded. (took 0ms)
[25-05-14 11:54:41] [INFO] [DEBUG] Starting load of InventoryManager at 1747223681972
[25-05-14 11:54:41] [INFO] [DEBUG] InventoryManager has been loaded. (took 1ms)
[25-05-14 11:54:41] [INFO] [DEBUG] Starting load of DuelManager at 1747223681973
[25-05-14 11:54:41] [INFO] [DEBUG] DuelManager has been loaded. (took 0ms)
[25-05-14 11:54:41] [INFO] [DEBUG] Starting load of QueueManager at 1747223681973
[25-05-14 11:54:41] [INFO] QueueManager: Loaded 0 queue(s).
[25-05-14 11:54:41] [INFO] [DEBUG] QueueManager has been loaded. (took 0ms)
[25-05-14 11:54:41] [INFO] [DEBUG] Starting load of QueueSignManagerImpl at 1747223681973
[25-05-14 11:54:41] [INFO] QueueSignManagerImpl: Loaded 0 queue sign(s).
[25-05-14 11:54:41] [INFO] [DEBUG] QueueSignManagerImpl has been loaded. (took 0ms)
[25-05-14 11:54:41] [INFO] [DEBUG] Starting load of RequestManager at 1747223681973
[25-05-14 11:54:41] [INFO] [DEBUG] RequestManager has been loaded. (took 1ms)
[25-05-14 11:54:41] [INFO] [DEBUG] Starting load of Teleport at 1747223681974
[25-05-14 11:54:41] [INFO] [DEBUG] Teleport has been loaded. (took 0ms)
[25-05-14 11:54:41] [INFO] [DEBUG] Starting load of ExtensionManager at 1747223681974
[25-05-14 11:54:41] [INFO] [DEBUG] ExtensionManager has been loaded. (took 0ms)
[25-05-14 15:59:36] [INFO] [DEBUG] onDisable start -> 1747238376561

[25-05-14 15:59:36] [INFO] [DEBUG] Starting unload of ExtensionManager at 1747238376563
[25-05-14 15:59:36] [INFO] [DEBUG] ExtensionManager has been unloaded. (took 0ms)
[25-05-14 15:59:36] [INFO] [DEBUG] Starting unload of Teleport at 1747238376563
[25-05-14 15:59:36] [INFO] [DEBUG] Teleport has been unloaded. (took 0ms)
[25-05-14 15:59:36] [INFO] [DEBUG] Starting unload of RequestManager at 1747238376563
[25-05-14 15:59:36] [INFO] [DEBUG] RequestManager has been unloaded. (took 1ms)
[25-05-14 15:59:36] [INFO] [DEBUG] Starting unload of QueueSignManagerImpl at 1747238376564
[25-05-14 15:59:36] [INFO] [DEBUG] QueueSignManagerImpl has been unloaded. (took 0ms)
[25-05-14 15:59:36] [INFO] [DEBUG] Starting unload of QueueManager at 1747238376564
[25-05-14 15:59:36] [INFO] [DEBUG] QueueManager has been unloaded. (took 0ms)
[25-05-14 15:59:36] [INFO] [DEBUG] Starting unload of DuelManager at 1747238376564
[25-05-14 15:59:36] [INFO] [DEBUG] DuelManager has been unloaded. (took 0ms)
[25-05-14 15:59:36] [INFO] [DEBUG] Starting unload of InventoryManager at 1747238376564
[25-05-14 15:59:36] [INFO] [DEBUG] InventoryManager has been unloaded. (took 0ms)
[25-05-14 15:59:36] [INFO] [DEBUG] Starting unload of BettingManager at 1747238376564
[25-05-14 15:59:36] [INFO] [DEBUG] BettingManager has been unloaded. (took 0ms)
[25-05-14 15:59:36] [INFO] [DEBUG] Starting unload of SpectateManagerImpl at 1747238376564
[25-05-14 15:59:36] [INFO] [DEBUG] SpectateManagerImpl has been unloaded. (took 0ms)
[25-05-14 15:59:36] [INFO] [DEBUG] Starting unload of PlayerInfoManager at 1747238376564
[25-05-14 15:59:36] [INFO] [DEBUG] PlayerInfoManager has been unloaded. (took 0ms)
[25-05-14 15:59:36] [INFO] [DEBUG] Starting unload of SettingsManager at 1747238376564
[25-05-14 15:59:36] [INFO] [DEBUG] SettingsManager has been unloaded. (took 0ms)
[25-05-14 15:59:36] [INFO] [DEBUG] Starting unload of ArenaManagerImpl at 1747238376564
[25-05-14 15:59:36] [INFO] [DEBUG] ArenaManagerImpl has been unloaded. (took 0ms)
[25-05-14 15:59:36] [INFO] [DEBUG] Starting unload of KitManagerImpl at 1747238376564
[25-05-14 15:59:36] [INFO] [DEBUG] KitManagerImpl has been unloaded. (took 0ms)
[25-05-14 15:59:36] [INFO] [DEBUG] Starting unload of GuiListener at 1747238376564
[25-05-14 15:59:36] [INFO] [DEBUG] GuiListener has been unloaded. (took 0ms)
[25-05-14 15:59:36] [INFO] [DEBUG] Starting unload of UserManagerImpl at 1747238376565
[25-05-14 15:59:36] [INFO] [DEBUG] UserManagerImpl has been unloaded. (took 1ms)
[25-05-14 15:59:36] [INFO] [DEBUG] Starting unload of Lang at 1747238376566
[25-05-14 15:59:36] [INFO] [DEBUG] Lang has been unloaded. (took 0ms)
[25-05-14 15:59:36] [INFO] [DEBUG] Starting unload of Config at 1747238376566
[25-05-14 15:59:36] [INFO] [DEBUG] Config has been unloaded. (took 0ms)
[25-05-14 15:59:36] [INFO] [DEBUG] unload done (took 5ms)
[25-05-14 15:59:36] [INFO] [DEBUG] Log#clearSources done (took 0ms)
[25-05-14 16:00:10] [INFO] [DEBUG] onEnable start -> 1747238410117

[25-05-14 16:00:10] [INFO] Using Economy Provider: com.earth2me.essentials.economy.vault.VaultEconomyProvider
[25-05-14 16:00:10] [INFO] [DEBUG] Starting load of Config at 1747238410166
[25-05-14 16:00:10] [INFO] [DEBUG] Config has been loaded. (took 5ms)
[25-05-14 16:00:10] [INFO] [DEBUG] Starting load of Lang at 1747238410171
[25-05-14 16:00:10] [INFO] [DEBUG] Lang has been loaded. (took 14ms)
[25-05-14 16:00:10] [INFO] [DEBUG] Starting load of UserManagerImpl at 1747238410185
[25-05-14 16:00:10] [INFO] [DEBUG] UserManagerImpl has been loaded. (took 0ms)
[25-05-14 16:00:10] [INFO] [DEBUG] Starting load of GuiListener at 1747238410185
[25-05-14 16:00:10] [INFO] [DEBUG] GuiListener has been loaded. (took 0ms)
[25-05-14 16:00:10] [INFO] [DEBUG] Starting load of KitManagerImpl at 1747238410185
[25-05-14 16:00:10] [INFO] KitManagerImpl: Loaded 7 kit(s).
[25-05-14 16:00:10] [INFO] [DEBUG] KitManagerImpl has been loaded. (took 98ms)
[25-05-14 16:00:10] [INFO] [DEBUG] Starting load of ArenaManagerImpl at 1747238410283
[25-05-14 16:00:10] [INFO] ArenaManagerImpl: Loaded 6 arena(s).
[25-05-14 16:00:10] [INFO] [DEBUG] ArenaManagerImpl has been loaded. (took 9ms)
[25-05-14 16:00:10] [INFO] [DEBUG] Starting load of SettingsManager at 1747238410292
[25-05-14 16:00:10] [INFO] [DEBUG] SettingsManager has been loaded. (took 0ms)
[25-05-14 16:00:10] [INFO] [DEBUG] Starting load of PlayerInfoManager at 1747238410292
[25-05-14 16:00:10] [INFO] [DEBUG] PlayerInfoManager has been loaded. (took 0ms)
[25-05-14 16:00:10] [INFO] [DEBUG] Starting load of SpectateManagerImpl at 1747238410292
[25-05-14 16:00:10] [INFO] [DEBUG] SpectateManagerImpl has been loaded. (took 0ms)
[25-05-14 16:00:10] [INFO] [DEBUG] Starting load of BettingManager at 1747238410292
[25-05-14 16:00:10] [INFO] [DEBUG] BettingManager has been loaded. (took 0ms)
[25-05-14 16:00:10] [INFO] [DEBUG] Starting load of InventoryManager at 1747238410292
[25-05-14 16:00:10] [INFO] [DEBUG] InventoryManager has been loaded. (took 1ms)
[25-05-14 16:00:10] [INFO] [DEBUG] Starting load of DuelManager at 1747238410293
[25-05-14 16:00:10] [INFO] [DEBUG] DuelManager has been loaded. (took 0ms)
[25-05-14 16:00:10] [INFO] [DEBUG] Starting load of QueueManager at 1747238410293
[25-05-14 16:00:10] [INFO] QueueManager: Loaded 0 queue(s).
[25-05-14 16:00:10] [INFO] [DEBUG] QueueManager has been loaded. (took 0ms)
[25-05-14 16:00:10] [INFO] [DEBUG] Starting load of QueueSignManagerImpl at 1747238410293
[25-05-14 16:00:10] [INFO] QueueSignManagerImpl: Loaded 0 queue sign(s).
[25-05-14 16:00:10] [INFO] [DEBUG] QueueSignManagerImpl has been loaded. (took 1ms)
[25-05-14 16:00:10] [INFO] [DEBUG] Starting load of RequestManager at 1747238410294
[25-05-14 16:00:10] [INFO] [DEBUG] RequestManager has been loaded. (took 0ms)
[25-05-14 16:00:10] [INFO] [DEBUG] Starting load of Teleport at 1747238410294
[25-05-14 16:00:10] [INFO] [DEBUG] Teleport has been loaded. (took 0ms)
[25-05-14 16:00:10] [INFO] [DEBUG] Starting load of ExtensionManager at 1747238410294
[25-05-14 16:00:10] [INFO] [DEBUG] ExtensionManager has been loaded. (took 0ms)
[25-05-14 16:00:55] [INFO] [DEBUG] onDisable start -> 1747238455649

[25-05-14 16:00:55] [INFO] [DEBUG] Starting unload of ExtensionManager at 1747238455650
[25-05-14 16:00:55] [INFO] [DEBUG] ExtensionManager has been unloaded. (took 0ms)
[25-05-14 16:00:55] [INFO] [DEBUG] Starting unload of Teleport at 1747238455650
[25-05-14 16:00:55] [INFO] [DEBUG] Teleport has been unloaded. (took 0ms)
[25-05-14 16:00:55] [INFO] [DEBUG] Starting unload of RequestManager at 1747238455650
[25-05-14 16:00:55] [INFO] [DEBUG] RequestManager has been unloaded. (took 0ms)
[25-05-14 16:00:55] [INFO] [DEBUG] Starting unload of QueueSignManagerImpl at 1747238455650
[25-05-14 16:00:55] [INFO] [DEBUG] QueueSignManagerImpl has been unloaded. (took 0ms)
[25-05-14 16:00:55] [INFO] [DEBUG] Starting unload of QueueManager at 1747238455650
[25-05-14 16:00:55] [INFO] [DEBUG] QueueManager has been unloaded. (took 1ms)
[25-05-14 16:00:55] [INFO] [DEBUG] Starting unload of DuelManager at 1747238455651
[25-05-14 16:00:55] [INFO] [DEBUG] DuelManager has been unloaded. (took 0ms)
[25-05-14 16:00:55] [INFO] [DEBUG] Starting unload of InventoryManager at 1747238455651
[25-05-14 16:00:55] [INFO] [DEBUG] InventoryManager has been unloaded. (took 0ms)
[25-05-14 16:00:55] [INFO] [DEBUG] Starting unload of BettingManager at 1747238455651
[25-05-14 16:00:55] [INFO] [DEBUG] BettingManager has been unloaded. (took 0ms)
[25-05-14 16:00:55] [INFO] [DEBUG] Starting unload of SpectateManagerImpl at 1747238455651
[25-05-14 16:00:55] [INFO] [DEBUG] SpectateManagerImpl has been unloaded. (took 0ms)
[25-05-14 16:00:55] [INFO] [DEBUG] Starting unload of PlayerInfoManager at 1747238455651
[25-05-14 16:00:55] [INFO] [DEBUG] PlayerInfoManager has been unloaded. (took 0ms)
[25-05-14 16:00:55] [INFO] [DEBUG] Starting unload of SettingsManager at 1747238455651
[25-05-14 16:00:55] [INFO] [DEBUG] SettingsManager has been unloaded. (took 0ms)
[25-05-14 16:00:55] [INFO] [DEBUG] Starting unload of ArenaManagerImpl at 1747238455651
[25-05-14 16:00:55] [INFO] [DEBUG] ArenaManagerImpl has been unloaded. (took 0ms)
[25-05-14 16:00:55] [INFO] [DEBUG] Starting unload of KitManagerImpl at 1747238455651
[25-05-14 16:00:55] [INFO] [DEBUG] KitManagerImpl has been unloaded. (took 0ms)
[25-05-14 16:00:55] [INFO] [DEBUG] Starting unload of GuiListener at 1747238455651
[25-05-14 16:00:55] [INFO] [DEBUG] GuiListener has been unloaded. (took 0ms)
[25-05-14 16:00:55] [INFO] [DEBUG] Starting unload of UserManagerImpl at 1747238455651
[25-05-14 16:00:55] [INFO] [DEBUG] UserManagerImpl has been unloaded. (took 2ms)
[25-05-14 16:00:55] [INFO] [DEBUG] Starting unload of Lang at 1747238455653
[25-05-14 16:00:55] [INFO] [DEBUG] Lang has been unloaded. (took 0ms)
[25-05-14 16:00:55] [INFO] [DEBUG] Starting unload of Config at 1747238455653
[25-05-14 16:00:55] [INFO] [DEBUG] Config has been unloaded. (took 0ms)
[25-05-14 16:00:55] [INFO] [DEBUG] unload done (took 4ms)
[25-05-14 16:00:55] [INFO] [DEBUG] Log#clearSources done (took 0ms)
[25-05-14 16:01:35] [INFO] [DEBUG] onEnable start -> 1747238495952

[25-05-14 16:01:35] [INFO] Using Economy Provider: com.earth2me.essentials.economy.vault.VaultEconomyProvider
[25-05-14 16:01:35] [INFO] [DEBUG] Starting load of Config at 1747238495989
[25-05-14 16:01:35] [INFO] [DEBUG] Config has been loaded. (took 4ms)
[25-05-14 16:01:35] [INFO] [DEBUG] Starting load of Lang at 1747238495994
[25-05-14 16:01:36] [INFO] [DEBUG] Lang has been loaded. (took 13ms)
[25-05-14 16:01:36] [INFO] [DEBUG] Starting load of UserManagerImpl at 1747238496007
[25-05-14 16:01:36] [INFO] [DEBUG] UserManagerImpl has been loaded. (took 1ms)
[25-05-14 16:01:36] [INFO] [DEBUG] Starting load of GuiListener at 1747238496008
[25-05-14 16:01:36] [INFO] [DEBUG] GuiListener has been loaded. (took 0ms)
[25-05-14 16:01:36] [INFO] [DEBUG] Starting load of KitManagerImpl at 1747238496008
[25-05-14 16:01:36] [INFO] KitManagerImpl: Loaded 7 kit(s).
[25-05-14 16:01:36] [INFO] [DEBUG] KitManagerImpl has been loaded. (took 94ms)
[25-05-14 16:01:36] [INFO] [DEBUG] Starting load of ArenaManagerImpl at 1747238496102
[25-05-14 16:01:36] [INFO] ArenaManagerImpl: Loaded 6 arena(s).
[25-05-14 16:01:36] [INFO] [DEBUG] ArenaManagerImpl has been loaded. (took 8ms)
[25-05-14 16:01:36] [INFO] [DEBUG] Starting load of SettingsManager at 1747238496110
[25-05-14 16:01:36] [INFO] [DEBUG] SettingsManager has been loaded. (took 0ms)
[25-05-14 16:01:36] [INFO] [DEBUG] Starting load of PlayerInfoManager at 1747238496110
[25-05-14 16:01:36] [INFO] [DEBUG] PlayerInfoManager has been loaded. (took 0ms)
[25-05-14 16:01:36] [INFO] [DEBUG] Starting load of SpectateManagerImpl at 1747238496110
[25-05-14 16:01:36] [INFO] [DEBUG] SpectateManagerImpl has been loaded. (took 0ms)
[25-05-14 16:01:36] [INFO] [DEBUG] Starting load of BettingManager at 1747238496110
[25-05-14 16:01:36] [INFO] [DEBUG] BettingManager has been loaded. (took 0ms)
[25-05-14 16:01:36] [INFO] [DEBUG] Starting load of InventoryManager at 1747238496110
[25-05-14 16:01:36] [INFO] [DEBUG] InventoryManager has been loaded. (took 0ms)
[25-05-14 16:01:36] [INFO] [DEBUG] Starting load of DuelManager at 1747238496110
[25-05-14 16:01:36] [INFO] [DEBUG] DuelManager has been loaded. (took 1ms)
[25-05-14 16:01:36] [INFO] [DEBUG] Starting load of QueueManager at 1747238496111
[25-05-14 16:01:36] [INFO] QueueManager: Loaded 0 queue(s).
[25-05-14 16:01:36] [INFO] [DEBUG] QueueManager has been loaded. (took 0ms)
[25-05-14 16:01:36] [INFO] [DEBUG] Starting load of QueueSignManagerImpl at 1747238496111
[25-05-14 16:01:36] [INFO] QueueSignManagerImpl: Loaded 0 queue sign(s).
[25-05-14 16:01:36] [INFO] [DEBUG] QueueSignManagerImpl has been loaded. (took 1ms)
[25-05-14 16:01:36] [INFO] [DEBUG] Starting load of RequestManager at 1747238496112
[25-05-14 16:01:36] [INFO] [DEBUG] RequestManager has been loaded. (took 0ms)
[25-05-14 16:01:36] [INFO] [DEBUG] Starting load of Teleport at 1747238496112
[25-05-14 16:01:36] [INFO] [DEBUG] Teleport has been loaded. (took 0ms)
[25-05-14 16:01:36] [INFO] [DEBUG] Starting load of ExtensionManager at 1747238496112
[25-05-14 16:01:36] [INFO] [DEBUG] ExtensionManager has been loaded. (took 0ms)
[25-05-14 16:21:20] [INFO] [DEBUG] onDisable start -> 1747239680541

[25-05-14 16:21:20] [INFO] [DEBUG] Starting unload of ExtensionManager at 1747239680542
[25-05-14 16:21:20] [INFO] [DEBUG] ExtensionManager has been unloaded. (took 1ms)
[25-05-14 16:21:20] [INFO] [DEBUG] Starting unload of Teleport at 1747239680543
[25-05-14 16:21:20] [INFO] [DEBUG] Teleport has been unloaded. (took 0ms)
[25-05-14 16:21:20] [INFO] [DEBUG] Starting unload of RequestManager at 1747239680543
[25-05-14 16:21:20] [INFO] [DEBUG] RequestManager has been unloaded. (took 0ms)
[25-05-14 16:21:20] [INFO] [DEBUG] Starting unload of QueueSignManagerImpl at 1747239680543
[25-05-14 16:21:20] [INFO] [DEBUG] QueueSignManagerImpl has been unloaded. (took 0ms)
[25-05-14 16:21:20] [INFO] [DEBUG] Starting unload of QueueManager at 1747239680543
[25-05-14 16:21:20] [INFO] [DEBUG] QueueManager has been unloaded. (took 0ms)
[25-05-14 16:21:20] [INFO] [DEBUG] Starting unload of DuelManager at 1747239680543
[25-05-14 16:21:20] [INFO] [DEBUG] DuelManager has been unloaded. (took 0ms)
[25-05-14 16:21:20] [INFO] [DEBUG] Starting unload of InventoryManager at 1747239680543
[25-05-14 16:21:20] [INFO] [DEBUG] InventoryManager has been unloaded. (took 0ms)
[25-05-14 16:21:20] [INFO] [DEBUG] Starting unload of BettingManager at 1747239680543
[25-05-14 16:21:20] [INFO] [DEBUG] BettingManager has been unloaded. (took 0ms)
[25-05-14 16:21:20] [INFO] [DEBUG] Starting unload of SpectateManagerImpl at 1747239680543
[25-05-14 16:21:20] [INFO] [DEBUG] SpectateManagerImpl has been unloaded. (took 0ms)
[25-05-14 16:21:20] [INFO] [DEBUG] Starting unload of PlayerInfoManager at 1747239680543
[25-05-14 16:21:20] [INFO] [DEBUG] PlayerInfoManager has been unloaded. (took 0ms)
[25-05-14 16:21:20] [INFO] [DEBUG] Starting unload of SettingsManager at 1747239680543
[25-05-14 16:21:20] [INFO] [DEBUG] SettingsManager has been unloaded. (took 0ms)
[25-05-14 16:21:20] [INFO] [DEBUG] Starting unload of ArenaManagerImpl at 1747239680543
[25-05-14 16:21:20] [INFO] [DEBUG] ArenaManagerImpl has been unloaded. (took 0ms)
[25-05-14 16:21:20] [INFO] [DEBUG] Starting unload of KitManagerImpl at 1747239680543
[25-05-14 16:21:20] [INFO] [DEBUG] KitManagerImpl has been unloaded. (took 0ms)
[25-05-14 16:21:20] [INFO] [DEBUG] Starting unload of GuiListener at 1747239680543
[25-05-14 16:21:20] [INFO] [DEBUG] GuiListener has been unloaded. (took 0ms)
[25-05-14 16:21:20] [INFO] [DEBUG] Starting unload of UserManagerImpl at 1747239680543
[25-05-14 16:21:20] [INFO] [DEBUG] UserManagerImpl has been unloaded. (took 3ms)
[25-05-14 16:21:20] [INFO] [DEBUG] Starting unload of Lang at 1747239680546
[25-05-14 16:21:20] [INFO] [DEBUG] Lang has been unloaded. (took 0ms)
[25-05-14 16:21:20] [INFO] [DEBUG] Starting unload of Config at 1747239680546
[25-05-14 16:21:20] [INFO] [DEBUG] Config has been unloaded. (took 0ms)
[25-05-14 16:21:20] [INFO] [DEBUG] unload done (took 5ms)
[25-05-14 16:21:20] [INFO] [DEBUG] Log#clearSources done (took 0ms)
[25-05-14 16:21:47] [INFO] [DEBUG] onEnable start -> 1747239707378

[25-05-14 16:21:47] [INFO] Using Economy Provider: com.earth2me.essentials.economy.vault.VaultEconomyProvider
[25-05-14 16:21:47] [INFO] [DEBUG] Starting load of Config at 1747239707419
[25-05-14 16:21:47] [INFO] [DEBUG] Config has been loaded. (took 4ms)
[25-05-14 16:21:47] [INFO] [DEBUG] Starting load of Lang at 1747239707423
[25-05-14 16:21:47] [INFO] [DEBUG] Lang has been loaded. (took 16ms)
[25-05-14 16:21:47] [INFO] [DEBUG] Starting load of UserManagerImpl at 1747239707439
[25-05-14 16:21:47] [INFO] [DEBUG] UserManagerImpl has been loaded. (took 1ms)
[25-05-14 16:21:47] [INFO] [DEBUG] Starting load of GuiListener at 1747239707440
[25-05-14 16:21:47] [INFO] [DEBUG] GuiListener has been loaded. (took 0ms)
[25-05-14 16:21:47] [INFO] [DEBUG] Starting load of KitManagerImpl at 1747239707440
[25-05-14 16:21:47] [INFO] KitManagerImpl: Loaded 7 kit(s).
[25-05-14 16:21:47] [INFO] [DEBUG] KitManagerImpl has been loaded. (took 91ms)
[25-05-14 16:21:47] [INFO] [DEBUG] Starting load of ArenaManagerImpl at 1747239707531
[25-05-14 16:21:47] [INFO] ArenaManagerImpl: Loaded 6 arena(s).
[25-05-14 16:21:47] [INFO] [DEBUG] ArenaManagerImpl has been loaded. (took 10ms)
[25-05-14 16:21:47] [INFO] [DEBUG] Starting load of SettingsManager at 1747239707541
[25-05-14 16:21:47] [INFO] [DEBUG] SettingsManager has been loaded. (took 0ms)
[25-05-14 16:21:47] [INFO] [DEBUG] Starting load of PlayerInfoManager at 1747239707541
[25-05-14 16:21:47] [INFO] [DEBUG] PlayerInfoManager has been loaded. (took 0ms)
[25-05-14 16:21:47] [INFO] [DEBUG] Starting load of SpectateManagerImpl at 1747239707541
[25-05-14 16:21:47] [INFO] [DEBUG] SpectateManagerImpl has been loaded. (took 0ms)
[25-05-14 16:21:47] [INFO] [DEBUG] Starting load of BettingManager at 1747239707541
[25-05-14 16:21:47] [INFO] [DEBUG] BettingManager has been loaded. (took 0ms)
[25-05-14 16:21:47] [INFO] [DEBUG] Starting load of InventoryManager at 1747239707541
[25-05-14 16:21:47] [INFO] [DEBUG] InventoryManager has been loaded. (took 1ms)
[25-05-14 16:21:47] [INFO] [DEBUG] Starting load of DuelManager at 1747239707542
[25-05-14 16:21:47] [INFO] [DEBUG] DuelManager has been loaded. (took 0ms)
[25-05-14 16:21:47] [INFO] [DEBUG] Starting load of QueueManager at 1747239707542
[25-05-14 16:21:47] [INFO] QueueManager: Loaded 0 queue(s).
[25-05-14 16:21:47] [INFO] [DEBUG] QueueManager has been loaded. (took 0ms)
[25-05-14 16:21:47] [INFO] [DEBUG] Starting load of QueueSignManagerImpl at 1747239707542
[25-05-14 16:21:47] [INFO] QueueSignManagerImpl: Loaded 0 queue sign(s).
[25-05-14 16:21:47] [INFO] [DEBUG] QueueSignManagerImpl has been loaded. (took 1ms)
[25-05-14 16:21:47] [INFO] [DEBUG] Starting load of RequestManager at 1747239707543
[25-05-14 16:21:47] [INFO] [DEBUG] RequestManager has been loaded. (took 0ms)
[25-05-14 16:21:47] [INFO] [DEBUG] Starting load of Teleport at 1747239707543
[25-05-14 16:21:47] [INFO] [DEBUG] Teleport has been loaded. (took 0ms)
[25-05-14 16:21:47] [INFO] [DEBUG] Starting load of ExtensionManager at 1747239707543
[25-05-14 16:21:47] [INFO] [DEBUG] ExtensionManager has been loaded. (took 0ms)
[25-05-14 16:32:31] [INFO] [DEBUG] onDisable start -> 1747240351759

[25-05-14 16:32:31] [INFO] [DEBUG] Starting unload of ExtensionManager at 1747240351760
[25-05-14 16:32:31] [INFO] [DEBUG] ExtensionManager has been unloaded. (took 0ms)
[25-05-14 16:32:31] [INFO] [DEBUG] Starting unload of Teleport at 1747240351760
[25-05-14 16:32:31] [INFO] [DEBUG] Teleport has been unloaded. (took 0ms)
[25-05-14 16:32:31] [INFO] [DEBUG] Starting unload of RequestManager at 1747240351760
[25-05-14 16:32:31] [INFO] [DEBUG] RequestManager has been unloaded. (took 0ms)
[25-05-14 16:32:31] [INFO] [DEBUG] Starting unload of QueueSignManagerImpl at 1747240351760
[25-05-14 16:32:31] [INFO] [DEBUG] QueueSignManagerImpl has been unloaded. (took 0ms)
[25-05-14 16:32:31] [INFO] [DEBUG] Starting unload of QueueManager at 1747240351760
[25-05-14 16:32:31] [INFO] [DEBUG] QueueManager has been unloaded. (took 1ms)
[25-05-14 16:32:31] [INFO] [DEBUG] Starting unload of DuelManager at 1747240351761
[25-05-14 16:32:31] [INFO] [DEBUG] DuelManager has been unloaded. (took 0ms)
[25-05-14 16:32:31] [INFO] [DEBUG] Starting unload of InventoryManager at 1747240351761
[25-05-14 16:32:31] [INFO] [DEBUG] InventoryManager has been unloaded. (took 0ms)
[25-05-14 16:32:31] [INFO] [DEBUG] Starting unload of BettingManager at 1747240351761
[25-05-14 16:32:31] [INFO] [DEBUG] BettingManager has been unloaded. (took 0ms)
[25-05-14 16:32:31] [INFO] [DEBUG] Starting unload of SpectateManagerImpl at 1747240351761
[25-05-14 16:32:31] [INFO] [DEBUG] SpectateManagerImpl has been unloaded. (took 0ms)
[25-05-14 16:32:31] [INFO] [DEBUG] Starting unload of PlayerInfoManager at 1747240351761
[25-05-14 16:32:31] [INFO] [DEBUG] PlayerInfoManager has been unloaded. (took 0ms)
[25-05-14 16:32:31] [INFO] [DEBUG] Starting unload of SettingsManager at 1747240351761
[25-05-14 16:32:31] [INFO] [DEBUG] SettingsManager has been unloaded. (took 0ms)
[25-05-14 16:32:31] [INFO] [DEBUG] Starting unload of ArenaManagerImpl at 1747240351761
[25-05-14 16:32:31] [INFO] [DEBUG] ArenaManagerImpl has been unloaded. (took 0ms)
[25-05-14 16:32:31] [INFO] [DEBUG] Starting unload of KitManagerImpl at 1747240351761
[25-05-14 16:32:31] [INFO] [DEBUG] KitManagerImpl has been unloaded. (took 0ms)
[25-05-14 16:32:31] [INFO] [DEBUG] Starting unload of GuiListener at 1747240351761
[25-05-14 16:32:31] [INFO] [DEBUG] GuiListener has been unloaded. (took 0ms)
[25-05-14 16:32:31] [INFO] [DEBUG] Starting unload of UserManagerImpl at 1747240351761
[25-05-14 16:32:31] [INFO] [DEBUG] UserManagerImpl has been unloaded. (took 2ms)
[25-05-14 16:32:31] [INFO] [DEBUG] Starting unload of Lang at 1747240351763
[25-05-14 16:32:31] [INFO] [DEBUG] Lang has been unloaded. (took 0ms)
[25-05-14 16:32:31] [INFO] [DEBUG] Starting unload of Config at 1747240351763
[25-05-14 16:32:31] [INFO] [DEBUG] Config has been unloaded. (took 0ms)
[25-05-14 16:32:31] [INFO] [DEBUG] unload done (took 4ms)
[25-05-14 16:32:31] [INFO] [DEBUG] Log#clearSources done (took 0ms)
[25-05-14 16:33:16] [INFO] [DEBUG] onEnable start -> 1747240396537

[25-05-14 16:33:16] [INFO] Using Economy Provider: com.earth2me.essentials.economy.vault.VaultEconomyProvider
[25-05-14 16:33:16] [INFO] [DEBUG] Starting load of Config at 1747240396577
[25-05-14 16:33:16] [INFO] [DEBUG] Config has been loaded. (took 4ms)
[25-05-14 16:33:16] [INFO] [DEBUG] Starting load of Lang at 1747240396581
[25-05-14 16:33:16] [INFO] [DEBUG] Lang has been loaded. (took 15ms)
[25-05-14 16:33:16] [INFO] [DEBUG] Starting load of UserManagerImpl at 1747240396596
[25-05-14 16:33:16] [INFO] [DEBUG] UserManagerImpl has been loaded. (took 0ms)
[25-05-14 16:33:16] [INFO] [DEBUG] Starting load of GuiListener at 1747240396596
[25-05-14 16:33:16] [INFO] [DEBUG] GuiListener has been loaded. (took 0ms)
[25-05-14 16:33:16] [INFO] [DEBUG] Starting load of KitManagerImpl at 1747240396596
[25-05-14 16:33:16] [INFO] KitManagerImpl: Loaded 7 kit(s).
[25-05-14 16:33:16] [INFO] [DEBUG] KitManagerImpl has been loaded. (took 92ms)
[25-05-14 16:33:16] [INFO] [DEBUG] Starting load of ArenaManagerImpl at 1747240396688
[25-05-14 16:33:16] [INFO] ArenaManagerImpl: Loaded 6 arena(s).
[25-05-14 16:33:16] [INFO] [DEBUG] ArenaManagerImpl has been loaded. (took 9ms)
[25-05-14 16:33:16] [INFO] [DEBUG] Starting load of SettingsManager at 1747240396697
[25-05-14 16:33:16] [INFO] [DEBUG] SettingsManager has been loaded. (took 0ms)
[25-05-14 16:33:16] [INFO] [DEBUG] Starting load of PlayerInfoManager at 1747240396697
[25-05-14 16:33:16] [INFO] [DEBUG] PlayerInfoManager has been loaded. (took 1ms)
[25-05-14 16:33:16] [INFO] [DEBUG] Starting load of SpectateManagerImpl at 1747240396698
[25-05-14 16:33:16] [INFO] [DEBUG] SpectateManagerImpl has been loaded. (took 0ms)
[25-05-14 16:33:16] [INFO] [DEBUG] Starting load of BettingManager at 1747240396698
[25-05-14 16:33:16] [INFO] [DEBUG] BettingManager has been loaded. (took 0ms)
[25-05-14 16:33:16] [INFO] [DEBUG] Starting load of InventoryManager at 1747240396698
[25-05-14 16:33:16] [INFO] [DEBUG] InventoryManager has been loaded. (took 0ms)
[25-05-14 16:33:16] [INFO] [DEBUG] Starting load of DuelManager at 1747240396698
[25-05-14 16:33:16] [INFO] [DEBUG] DuelManager has been loaded. (took 0ms)
[25-05-14 16:33:16] [INFO] [DEBUG] Starting load of QueueManager at 1747240396698
[25-05-14 16:33:16] [INFO] QueueManager: Loaded 0 queue(s).
[25-05-14 16:33:16] [INFO] [DEBUG] QueueManager has been loaded. (took 1ms)
[25-05-14 16:33:16] [INFO] [DEBUG] Starting load of QueueSignManagerImpl at 1747240396699
[25-05-14 16:33:16] [INFO] QueueSignManagerImpl: Loaded 0 queue sign(s).
[25-05-14 16:33:16] [INFO] [DEBUG] QueueSignManagerImpl has been loaded. (took 0ms)
[25-05-14 16:33:16] [INFO] [DEBUG] Starting load of RequestManager at 1747240396699
[25-05-14 16:33:16] [INFO] [DEBUG] RequestManager has been loaded. (took 0ms)
[25-05-14 16:33:16] [INFO] [DEBUG] Starting load of Teleport at 1747240396699
[25-05-14 16:33:16] [INFO] [DEBUG] Teleport has been loaded. (took 1ms)
[25-05-14 16:33:16] [INFO] [DEBUG] Starting load of ExtensionManager at 1747240396700
[25-05-14 16:33:16] [INFO] [DEBUG] ExtensionManager has been loaded. (took 0ms)
[25-05-14 16:34:21] [INFO] [DEBUG] onDisable start -> 1747240461662

[25-05-14 16:34:21] [INFO] [DEBUG] Starting unload of ExtensionManager at 1747240461663
[25-05-14 16:34:21] [INFO] [DEBUG] ExtensionManager has been unloaded. (took 1ms)
[25-05-14 16:34:21] [INFO] [DEBUG] Starting unload of Teleport at 1747240461664
[25-05-14 16:34:21] [INFO] [DEBUG] Teleport has been unloaded. (took 0ms)
[25-05-14 16:34:21] [INFO] [DEBUG] Starting unload of RequestManager at 1747240461664
[25-05-14 16:34:21] [INFO] [DEBUG] RequestManager has been unloaded. (took 0ms)
[25-05-14 16:34:21] [INFO] [DEBUG] Starting unload of QueueSignManagerImpl at 1747240461664
[25-05-14 16:34:21] [INFO] [DEBUG] QueueSignManagerImpl has been unloaded. (took 0ms)
[25-05-14 16:34:21] [INFO] [DEBUG] Starting unload of QueueManager at 1747240461664
[25-05-14 16:34:21] [INFO] [DEBUG] QueueManager has been unloaded. (took 0ms)
[25-05-14 16:34:21] [INFO] [DEBUG] Starting unload of DuelManager at 1747240461664
[25-05-14 16:34:21] [INFO] [DEBUG] DuelManager has been unloaded. (took 0ms)
[25-05-14 16:34:21] [INFO] [DEBUG] Starting unload of InventoryManager at 1747240461664
[25-05-14 16:34:21] [INFO] [DEBUG] InventoryManager has been unloaded. (took 0ms)
[25-05-14 16:34:21] [INFO] [DEBUG] Starting unload of BettingManager at 1747240461664
[25-05-14 16:34:21] [INFO] [DEBUG] BettingManager has been unloaded. (took 0ms)
[25-05-14 16:34:21] [INFO] [DEBUG] Starting unload of SpectateManagerImpl at 1747240461664
[25-05-14 16:34:21] [INFO] [DEBUG] SpectateManagerImpl has been unloaded. (took 0ms)
[25-05-14 16:34:21] [INFO] [DEBUG] Starting unload of PlayerInfoManager at 1747240461664
[25-05-14 16:34:21] [INFO] [DEBUG] PlayerInfoManager has been unloaded. (took 0ms)
[25-05-14 16:34:21] [INFO] [DEBUG] Starting unload of SettingsManager at 1747240461664
[25-05-14 16:34:21] [INFO] [DEBUG] SettingsManager has been unloaded. (took 0ms)
[25-05-14 16:34:21] [INFO] [DEBUG] Starting unload of ArenaManagerImpl at 1747240461664
[25-05-14 16:34:21] [INFO] [DEBUG] ArenaManagerImpl has been unloaded. (took 0ms)
[25-05-14 16:34:21] [INFO] [DEBUG] Starting unload of KitManagerImpl at 1747240461664
[25-05-14 16:34:21] [INFO] [DEBUG] KitManagerImpl has been unloaded. (took 0ms)
[25-05-14 16:34:21] [INFO] [DEBUG] Starting unload of GuiListener at 1747240461664
[25-05-14 16:34:21] [INFO] [DEBUG] GuiListener has been unloaded. (took 1ms)
[25-05-14 16:34:21] [INFO] [DEBUG] Starting unload of UserManagerImpl at 1747240461665
[25-05-14 16:34:21] [INFO] [DEBUG] UserManagerImpl has been unloaded. (took 1ms)
[25-05-14 16:34:21] [INFO] [DEBUG] Starting unload of Lang at 1747240461666
[25-05-14 16:34:21] [INFO] [DEBUG] Lang has been unloaded. (took 0ms)
[25-05-14 16:34:21] [INFO] [DEBUG] Starting unload of Config at 1747240461666
[25-05-14 16:34:21] [INFO] [DEBUG] Config has been unloaded. (took 0ms)
[25-05-14 16:34:21] [INFO] [DEBUG] unload done (took 4ms)
[25-05-14 16:34:21] [INFO] [DEBUG] Log#clearSources done (took 0ms)
[25-05-14 16:34:50] [INFO] [DEBUG] onEnable start -> 1747240490475

[25-05-14 16:34:50] [INFO] Using Economy Provider: com.earth2me.essentials.economy.vault.VaultEconomyProvider
[25-05-14 16:34:50] [INFO] [DEBUG] Starting load of Config at 1747240490524
[25-05-14 16:34:50] [INFO] [DEBUG] Config has been loaded. (took 7ms)
[25-05-14 16:34:50] [INFO] [DEBUG] Starting load of Lang at 1747240490531
[25-05-14 16:34:50] [INFO] [DEBUG] Lang has been loaded. (took 17ms)
[25-05-14 16:34:50] [INFO] [DEBUG] Starting load of UserManagerImpl at 1747240490548
[25-05-14 16:34:50] [INFO] [DEBUG] UserManagerImpl has been loaded. (took 1ms)
[25-05-14 16:34:50] [INFO] [DEBUG] Starting load of GuiListener at 1747240490549
[25-05-14 16:34:50] [INFO] [DEBUG] GuiListener has been loaded. (took 0ms)
[25-05-14 16:34:50] [INFO] [DEBUG] Starting load of KitManagerImpl at 1747240490549
[25-05-14 16:34:50] [INFO] KitManagerImpl: Loaded 7 kit(s).
[25-05-14 16:34:50] [INFO] [DEBUG] KitManagerImpl has been loaded. (took 115ms)
[25-05-14 16:34:50] [INFO] [DEBUG] Starting load of ArenaManagerImpl at 1747240490664
[25-05-14 16:34:50] [INFO] ArenaManagerImpl: Loaded 6 arena(s).
[25-05-14 16:34:50] [INFO] [DEBUG] ArenaManagerImpl has been loaded. (took 8ms)
[25-05-14 16:34:50] [INFO] [DEBUG] Starting load of SettingsManager at 1747240490672
[25-05-14 16:34:50] [INFO] [DEBUG] SettingsManager has been loaded. (took 0ms)
[25-05-14 16:34:50] [INFO] [DEBUG] Starting load of PlayerInfoManager at 1747240490672
[25-05-14 16:34:50] [INFO] [DEBUG] PlayerInfoManager has been loaded. (took 1ms)
[25-05-14 16:34:50] [INFO] [DEBUG] Starting load of SpectateManagerImpl at 1747240490673
[25-05-14 16:34:50] [INFO] [DEBUG] SpectateManagerImpl has been loaded. (took 0ms)
[25-05-14 16:34:50] [INFO] [DEBUG] Starting load of BettingManager at 1747240490673
[25-05-14 16:34:50] [INFO] [DEBUG] BettingManager has been loaded. (took 0ms)
[25-05-14 16:34:50] [INFO] [DEBUG] Starting load of InventoryManager at 1747240490673
[25-05-14 16:34:50] [INFO] [DEBUG] InventoryManager has been loaded. (took 0ms)
[25-05-14 16:34:50] [INFO] [DEBUG] Starting load of DuelManager at 1747240490673
[25-05-14 16:34:50] [INFO] [DEBUG] DuelManager has been loaded. (took 0ms)
[25-05-14 16:34:50] [INFO] [DEBUG] Starting load of QueueManager at 1747240490673
[25-05-14 16:34:50] [INFO] QueueManager: Loaded 0 queue(s).
[25-05-14 16:34:50] [INFO] [DEBUG] QueueManager has been loaded. (took 1ms)
[25-05-14 16:34:50] [INFO] [DEBUG] Starting load of QueueSignManagerImpl at 1747240490674
[25-05-14 16:34:50] [INFO] QueueSignManagerImpl: Loaded 0 queue sign(s).
[25-05-14 16:34:50] [INFO] [DEBUG] QueueSignManagerImpl has been loaded. (took 0ms)
[25-05-14 16:34:50] [INFO] [DEBUG] Starting load of RequestManager at 1747240490674
[25-05-14 16:34:50] [INFO] [DEBUG] RequestManager has been loaded. (took 0ms)
[25-05-14 16:34:50] [INFO] [DEBUG] Starting load of Teleport at 1747240490674
[25-05-14 16:34:50] [INFO] [DEBUG] Teleport has been loaded. (took 0ms)
[25-05-14 16:34:50] [INFO] [DEBUG] Starting load of ExtensionManager at 1747240490674
[25-05-14 16:34:50] [INFO] [DEBUG] ExtensionManager has been loaded. (took 0ms)
[25-05-14 16:42:32] [INFO] [DEBUG] onDisable start -> 1747240952540

[25-05-14 16:42:32] [INFO] [DEBUG] Starting unload of ExtensionManager at 1747240952541
[25-05-14 16:42:32] [INFO] [DEBUG] ExtensionManager has been unloaded. (took 1ms)
[25-05-14 16:42:32] [INFO] [DEBUG] Starting unload of Teleport at 1747240952542
[25-05-14 16:42:32] [INFO] [DEBUG] Teleport has been unloaded. (took 0ms)
[25-05-14 16:42:32] [INFO] [DEBUG] Starting unload of RequestManager at 1747240952542
[25-05-14 16:42:32] [INFO] [DEBUG] RequestManager has been unloaded. (took 0ms)
[25-05-14 16:42:32] [INFO] [DEBUG] Starting unload of QueueSignManagerImpl at 1747240952542
[25-05-14 16:42:32] [INFO] [DEBUG] QueueSignManagerImpl has been unloaded. (took 0ms)
[25-05-14 16:42:32] [INFO] [DEBUG] Starting unload of QueueManager at 1747240952542
[25-05-14 16:42:32] [INFO] [DEBUG] QueueManager has been unloaded. (took 0ms)
[25-05-14 16:42:32] [INFO] [DEBUG] Starting unload of DuelManager at 1747240952542
[25-05-14 16:42:32] [INFO] [DEBUG] DuelManager has been unloaded. (took 0ms)
[25-05-14 16:42:32] [INFO] [DEBUG] Starting unload of InventoryManager at 1747240952542
[25-05-14 16:42:32] [INFO] [DEBUG] InventoryManager has been unloaded. (took 0ms)
[25-05-14 16:42:32] [INFO] [DEBUG] Starting unload of BettingManager at 1747240952542
[25-05-14 16:42:32] [INFO] [DEBUG] BettingManager has been unloaded. (took 0ms)
[25-05-14 16:42:32] [INFO] [DEBUG] Starting unload of SpectateManagerImpl at 1747240952542
[25-05-14 16:42:32] [INFO] [DEBUG] SpectateManagerImpl has been unloaded. (took 0ms)
[25-05-14 16:42:32] [INFO] [DEBUG] Starting unload of PlayerInfoManager at 1747240952542
[25-05-14 16:42:32] [INFO] [DEBUG] PlayerInfoManager has been unloaded. (took 0ms)
[25-05-14 16:42:32] [INFO] [DEBUG] Starting unload of SettingsManager at 1747240952542
[25-05-14 16:42:32] [INFO] [DEBUG] SettingsManager has been unloaded. (took 0ms)
[25-05-14 16:42:32] [INFO] [DEBUG] Starting unload of ArenaManagerImpl at 1747240952542
[25-05-14 16:42:32] [INFO] [DEBUG] ArenaManagerImpl has been unloaded. (took 0ms)
[25-05-14 16:42:32] [INFO] [DEBUG] Starting unload of KitManagerImpl at 1747240952542
[25-05-14 16:42:32] [INFO] [DEBUG] KitManagerImpl has been unloaded. (took 0ms)
[25-05-14 16:42:32] [INFO] [DEBUG] Starting unload of GuiListener at 1747240952542
[25-05-14 16:42:32] [INFO] [DEBUG] GuiListener has been unloaded. (took 1ms)
[25-05-14 16:42:32] [INFO] [DEBUG] Starting unload of UserManagerImpl at 1747240952543
[25-05-14 16:42:32] [INFO] [DEBUG] UserManagerImpl has been unloaded. (took 1ms)
[25-05-14 16:42:32] [INFO] [DEBUG] Starting unload of Lang at 1747240952544
[25-05-14 16:42:32] [INFO] [DEBUG] Lang has been unloaded. (took 0ms)
[25-05-14 16:42:32] [INFO] [DEBUG] Starting unload of Config at 1747240952544
[25-05-14 16:42:32] [INFO] [DEBUG] Config has been unloaded. (took 0ms)
[25-05-14 16:42:32] [INFO] [DEBUG] unload done (took 4ms)
[25-05-14 16:42:32] [INFO] [DEBUG] Log#clearSources done (took 0ms)
[25-05-14 16:43:12] [INFO] [DEBUG] onEnable start -> 1747240992601

[25-05-14 16:43:12] [INFO] Using Economy Provider: com.earth2me.essentials.economy.vault.VaultEconomyProvider
[25-05-14 16:43:12] [INFO] [DEBUG] Starting load of Config at 1747240992643
[25-05-14 16:43:12] [INFO] [DEBUG] Config has been loaded. (took 6ms)
[25-05-14 16:43:12] [INFO] [DEBUG] Starting load of Lang at 1747240992649
[25-05-14 16:43:12] [INFO] [DEBUG] Lang has been loaded. (took 16ms)
[25-05-14 16:43:12] [INFO] [DEBUG] Starting load of UserManagerImpl at 1747240992665
[25-05-14 16:43:12] [INFO] [DEBUG] UserManagerImpl has been loaded. (took 1ms)
[25-05-14 16:43:12] [INFO] [DEBUG] Starting load of GuiListener at 1747240992666
[25-05-14 16:43:12] [INFO] [DEBUG] GuiListener has been loaded. (took 0ms)
[25-05-14 16:43:12] [INFO] [DEBUG] Starting load of KitManagerImpl at 1747240992666
[25-05-14 16:43:12] [INFO] KitManagerImpl: Loaded 7 kit(s).
[25-05-14 16:43:12] [INFO] [DEBUG] KitManagerImpl has been loaded. (took 103ms)
[25-05-14 16:43:12] [INFO] [DEBUG] Starting load of ArenaManagerImpl at 1747240992769
[25-05-14 16:43:12] [INFO] ArenaManagerImpl: Loaded 6 arena(s).
[25-05-14 16:43:12] [INFO] [DEBUG] ArenaManagerImpl has been loaded. (took 8ms)
[25-05-14 16:43:12] [INFO] [DEBUG] Starting load of SettingsManager at 1747240992777
[25-05-14 16:43:12] [INFO] [DEBUG] SettingsManager has been loaded. (took 0ms)
[25-05-14 16:43:12] [INFO] [DEBUG] Starting load of PlayerInfoManager at 1747240992777
[25-05-14 16:43:12] [INFO] [DEBUG] PlayerInfoManager has been loaded. (took 1ms)
[25-05-14 16:43:12] [INFO] [DEBUG] Starting load of SpectateManagerImpl at 1747240992778
[25-05-14 16:43:12] [INFO] [DEBUG] SpectateManagerImpl has been loaded. (took 0ms)
[25-05-14 16:43:12] [INFO] [DEBUG] Starting load of BettingManager at 1747240992778
[25-05-14 16:43:12] [INFO] [DEBUG] BettingManager has been loaded. (took 0ms)
[25-05-14 16:43:12] [INFO] [DEBUG] Starting load of InventoryManager at 1747240992778
[25-05-14 16:43:12] [INFO] [DEBUG] InventoryManager has been loaded. (took 0ms)
[25-05-14 16:43:12] [INFO] [DEBUG] Starting load of DuelManager at 1747240992778
[25-05-14 16:43:12] [INFO] [DEBUG] DuelManager has been loaded. (took 0ms)
[25-05-14 16:43:12] [INFO] [DEBUG] Starting load of QueueManager at 1747240992778
[25-05-14 16:43:12] [INFO] QueueManager: Loaded 0 queue(s).
[25-05-14 16:43:12] [INFO] [DEBUG] QueueManager has been loaded. (took 1ms)
[25-05-14 16:43:12] [INFO] [DEBUG] Starting load of QueueSignManagerImpl at 1747240992779
[25-05-14 16:43:12] [INFO] QueueSignManagerImpl: Loaded 0 queue sign(s).
[25-05-14 16:43:12] [INFO] [DEBUG] QueueSignManagerImpl has been loaded. (took 0ms)
[25-05-14 16:43:12] [INFO] [DEBUG] Starting load of RequestManager at 1747240992779
[25-05-14 16:43:12] [INFO] [DEBUG] RequestManager has been loaded. (took 0ms)
[25-05-14 16:43:12] [INFO] [DEBUG] Starting load of Teleport at 1747240992779
[25-05-14 16:43:12] [INFO] [DEBUG] Teleport has been loaded. (took 1ms)
[25-05-14 16:43:12] [INFO] [DEBUG] Starting load of ExtensionManager at 1747240992780
[25-05-14 16:43:12] [INFO] [DEBUG] ExtensionManager has been loaded. (took 0ms)
[25-05-14 16:51:41] [INFO] [DEBUG] onDisable start -> 1747241501523

[25-05-14 16:51:41] [INFO] [DEBUG] Starting unload of ExtensionManager at 1747241501524
[25-05-14 16:51:41] [INFO] [DEBUG] ExtensionManager has been unloaded. (took 0ms)
[25-05-14 16:51:41] [INFO] [DEBUG] Starting unload of Teleport at 1747241501524
[25-05-14 16:51:41] [INFO] [DEBUG] Teleport has been unloaded. (took 0ms)
[25-05-14 16:51:41] [INFO] [DEBUG] Starting unload of RequestManager at 1747241501524
[25-05-14 16:51:41] [INFO] [DEBUG] RequestManager has been unloaded. (took 0ms)
[25-05-14 16:51:41] [INFO] [DEBUG] Starting unload of QueueSignManagerImpl at 1747241501524
[25-05-14 16:51:41] [INFO] [DEBUG] QueueSignManagerImpl has been unloaded. (took 0ms)
[25-05-14 16:51:41] [INFO] [DEBUG] Starting unload of QueueManager at 1747241501524
[25-05-14 16:51:41] [INFO] [DEBUG] QueueManager has been unloaded. (took 1ms)
[25-05-14 16:51:41] [INFO] [DEBUG] Starting unload of DuelManager at 1747241501525
[25-05-14 16:51:41] [INFO] [DEBUG] DuelManager has been unloaded. (took 0ms)
[25-05-14 16:51:41] [INFO] [DEBUG] Starting unload of InventoryManager at 1747241501525
[25-05-14 16:51:41] [INFO] [DEBUG] InventoryManager has been unloaded. (took 0ms)
[25-05-14 16:51:41] [INFO] [DEBUG] Starting unload of BettingManager at 1747241501525
[25-05-14 16:51:41] [INFO] [DEBUG] BettingManager has been unloaded. (took 0ms)
[25-05-14 16:51:41] [INFO] [DEBUG] Starting unload of SpectateManagerImpl at 1747241501525
[25-05-14 16:51:41] [INFO] [DEBUG] SpectateManagerImpl has been unloaded. (took 0ms)
[25-05-14 16:51:41] [INFO] [DEBUG] Starting unload of PlayerInfoManager at 1747241501525
[25-05-14 16:51:41] [INFO] [DEBUG] PlayerInfoManager has been unloaded. (took 0ms)
[25-05-14 16:51:41] [INFO] [DEBUG] Starting unload of SettingsManager at 1747241501525
[25-05-14 16:51:41] [INFO] [DEBUG] SettingsManager has been unloaded. (took 0ms)
[25-05-14 16:51:41] [INFO] [DEBUG] Starting unload of ArenaManagerImpl at 1747241501525
[25-05-14 16:51:41] [INFO] [DEBUG] ArenaManagerImpl has been unloaded. (took 0ms)
[25-05-14 16:51:41] [INFO] [DEBUG] Starting unload of KitManagerImpl at 1747241501525
[25-05-14 16:51:41] [INFO] [DEBUG] KitManagerImpl has been unloaded. (took 0ms)
[25-05-14 16:51:41] [INFO] [DEBUG] Starting unload of GuiListener at 1747241501525
[25-05-14 16:51:41] [INFO] [DEBUG] GuiListener has been unloaded. (took 0ms)
[25-05-14 16:51:41] [INFO] [DEBUG] Starting unload of UserManagerImpl at 1747241501525
[25-05-14 16:51:41] [INFO] [DEBUG] UserManagerImpl has been unloaded. (took 2ms)
[25-05-14 16:51:41] [INFO] [DEBUG] Starting unload of Lang at 1747241501527
[25-05-14 16:51:41] [INFO] [DEBUG] Lang has been unloaded. (took 0ms)
[25-05-14 16:51:41] [INFO] [DEBUG] Starting unload of Config at 1747241501527
[25-05-14 16:51:41] [INFO] [DEBUG] Config has been unloaded. (took 0ms)
[25-05-14 16:51:41] [INFO] [DEBUG] unload done (took 4ms)
[25-05-14 16:51:41] [INFO] [DEBUG] Log#clearSources done (took 0ms)
[25-05-14 16:56:44] [INFO] [DEBUG] onEnable start -> 1747241804513

[25-05-14 16:56:44] [INFO] Using Economy Provider: com.earth2me.essentials.economy.vault.VaultEconomyProvider
[25-05-14 16:56:44] [INFO] [DEBUG] Starting load of Config at 1747241804547
[25-05-14 16:56:44] [INFO] [DEBUG] Config has been loaded. (took 4ms)
[25-05-14 16:56:44] [INFO] [DEBUG] Starting load of Lang at 1747241804551
[25-05-14 16:56:44] [INFO] [DEBUG] Lang has been loaded. (took 12ms)
[25-05-14 16:56:44] [INFO] [DEBUG] Starting load of UserManagerImpl at 1747241804563
[25-05-14 16:56:44] [INFO] [DEBUG] UserManagerImpl has been loaded. (took 1ms)
[25-05-14 16:56:44] [INFO] [DEBUG] Starting load of GuiListener at 1747241804564
[25-05-14 16:56:44] [INFO] [DEBUG] GuiListener has been loaded. (took 0ms)
[25-05-14 16:56:44] [INFO] [DEBUG] Starting load of KitManagerImpl at 1747241804564
[25-05-14 16:56:44] [INFO] KitManagerImpl: Loaded 7 kit(s).
[25-05-14 16:56:44] [INFO] [DEBUG] KitManagerImpl has been loaded. (took 105ms)
[25-05-14 16:56:44] [INFO] [DEBUG] Starting load of ArenaManagerImpl at 1747241804669
[25-05-14 16:56:44] [INFO] ArenaManagerImpl: Loaded 6 arena(s).
[25-05-14 16:56:44] [INFO] [DEBUG] ArenaManagerImpl has been loaded. (took 9ms)
[25-05-14 16:56:44] [INFO] [DEBUG] Starting load of SettingsManager at 1747241804678
[25-05-14 16:56:44] [INFO] [DEBUG] SettingsManager has been loaded. (took 0ms)
[25-05-14 16:56:44] [INFO] [DEBUG] Starting load of PlayerInfoManager at 1747241804678
[25-05-14 16:56:44] [INFO] [DEBUG] PlayerInfoManager has been loaded. (took 1ms)
[25-05-14 16:56:44] [INFO] [DEBUG] Starting load of SpectateManagerImpl at 1747241804679
[25-05-14 16:56:44] [INFO] [DEBUG] SpectateManagerImpl has been loaded. (took 0ms)
[25-05-14 16:56:44] [INFO] [DEBUG] Starting load of BettingManager at 1747241804679
[25-05-14 16:56:44] [INFO] [DEBUG] BettingManager has been loaded. (took 0ms)
[25-05-14 16:56:44] [INFO] [DEBUG] Starting load of InventoryManager at 1747241804679
[25-05-14 16:56:44] [INFO] [DEBUG] InventoryManager has been loaded. (took 0ms)
[25-05-14 16:56:44] [INFO] [DEBUG] Starting load of DuelManager at 1747241804679
[25-05-14 16:56:44] [INFO] [DEBUG] DuelManager has been loaded. (took 0ms)
[25-05-14 16:56:44] [INFO] [DEBUG] Starting load of QueueManager at 1747241804679
[25-05-14 16:56:44] [INFO] QueueManager: Loaded 0 queue(s).
[25-05-14 16:56:44] [INFO] [DEBUG] QueueManager has been loaded. (took 1ms)
[25-05-14 16:56:44] [INFO] [DEBUG] Starting load of QueueSignManagerImpl at 1747241804680
[25-05-14 16:56:44] [INFO] QueueSignManagerImpl: Loaded 0 queue sign(s).
[25-05-14 16:56:44] [INFO] [DEBUG] QueueSignManagerImpl has been loaded. (took 0ms)
[25-05-14 16:56:44] [INFO] [DEBUG] Starting load of RequestManager at 1747241804680
[25-05-14 16:56:44] [INFO] [DEBUG] RequestManager has been loaded. (took 0ms)
[25-05-14 16:56:44] [INFO] [DEBUG] Starting load of Teleport at 1747241804680
[25-05-14 16:56:44] [INFO] [DEBUG] Teleport has been loaded. (took 1ms)
[25-05-14 16:56:44] [INFO] [DEBUG] Starting load of ExtensionManager at 1747241804681
[25-05-14 16:56:44] [INFO] [DEBUG] ExtensionManager has been loaded. (took 0ms)
[25-05-14 17:45:02] [INFO] [DEBUG] onDisable start -> 1747244702471

[25-05-14 17:45:02] [INFO] [DEBUG] Starting unload of ExtensionManager at 1747244702473
[25-05-14 17:45:02] [INFO] [DEBUG] ExtensionManager has been unloaded. (took 0ms)
[25-05-14 17:45:02] [INFO] [DEBUG] Starting unload of Teleport at 1747244702473
[25-05-14 17:45:02] [INFO] [DEBUG] Teleport has been unloaded. (took 0ms)
[25-05-14 17:45:02] [INFO] [DEBUG] Starting unload of RequestManager at 1747244702473
[25-05-14 17:45:02] [INFO] [DEBUG] RequestManager has been unloaded. (took 0ms)
[25-05-14 17:45:02] [INFO] [DEBUG] Starting unload of QueueSignManagerImpl at 1747244702473
[25-05-14 17:45:02] [INFO] [DEBUG] QueueSignManagerImpl has been unloaded. (took 0ms)
[25-05-14 17:45:02] [INFO] [DEBUG] Starting unload of QueueManager at 1747244702473
[25-05-14 17:45:02] [INFO] [DEBUG] QueueManager has been unloaded. (took 0ms)
[25-05-14 17:45:02] [INFO] [DEBUG] Starting unload of DuelManager at 1747244702473
[25-05-14 17:45:02] [INFO] [DEBUG] DuelManager has been unloaded. (took 0ms)
[25-05-14 17:45:02] [INFO] [DEBUG] Starting unload of InventoryManager at 1747244702473
[25-05-14 17:45:02] [INFO] [DEBUG] InventoryManager has been unloaded. (took 0ms)
[25-05-14 17:45:02] [INFO] [DEBUG] Starting unload of BettingManager at 1747244702473
[25-05-14 17:45:02] [INFO] [DEBUG] BettingManager has been unloaded. (took 0ms)
[25-05-14 17:45:02] [INFO] [DEBUG] Starting unload of SpectateManagerImpl at 1747244702473
[25-05-14 17:45:02] [INFO] [DEBUG] SpectateManagerImpl has been unloaded. (took 0ms)
[25-05-14 17:45:02] [INFO] [DEBUG] Starting unload of PlayerInfoManager at 1747244702473
[25-05-14 17:45:02] [INFO] [DEBUG] PlayerInfoManager has been unloaded. (took 1ms)
[25-05-14 17:45:02] [INFO] [DEBUG] Starting unload of SettingsManager at 1747244702474
[25-05-14 17:45:02] [INFO] [DEBUG] SettingsManager has been unloaded. (took 0ms)
[25-05-14 17:45:02] [INFO] [DEBUG] Starting unload of ArenaManagerImpl at 1747244702474
[25-05-14 17:45:02] [INFO] [DEBUG] ArenaManagerImpl has been unloaded. (took 0ms)
[25-05-14 17:45:02] [INFO] [DEBUG] Starting unload of KitManagerImpl at 1747244702474
[25-05-14 17:45:02] [INFO] [DEBUG] KitManagerImpl has been unloaded. (took 0ms)
[25-05-14 17:45:02] [INFO] [DEBUG] Starting unload of GuiListener at 1747244702474
[25-05-14 17:45:02] [INFO] [DEBUG] GuiListener has been unloaded. (took 0ms)
[25-05-14 17:45:02] [INFO] [DEBUG] Starting unload of UserManagerImpl at 1747244702474
[25-05-14 17:45:02] [INFO] [DEBUG] UserManagerImpl has been unloaded. (took 2ms)
[25-05-14 17:45:02] [INFO] [DEBUG] Starting unload of Lang at 1747244702476
[25-05-14 17:45:02] [INFO] [DEBUG] Lang has been unloaded. (took 0ms)
[25-05-14 17:45:02] [INFO] [DEBUG] Starting unload of Config at 1747244702476
[25-05-14 17:45:02] [INFO] [DEBUG] Config has been unloaded. (took 0ms)
[25-05-14 17:45:02] [INFO] [DEBUG] unload done (took 5ms)
[25-05-14 17:45:02] [INFO] [DEBUG] Log#clearSources done (took 1ms)
[25-05-14 17:45:32] [INFO] [DEBUG] onEnable start -> 1747244732340

[25-05-14 17:45:32] [INFO] Using Economy Provider: com.earth2me.essentials.economy.vault.VaultEconomyProvider
[25-05-14 17:45:32] [INFO] [DEBUG] Starting load of Config at 1747244732374
[25-05-14 17:45:32] [INFO] [DEBUG] Config has been loaded. (took 4ms)
[25-05-14 17:45:32] [INFO] [DEBUG] Starting load of Lang at 1747244732378
[25-05-14 17:45:32] [INFO] [DEBUG] Lang has been loaded. (took 13ms)
[25-05-14 17:45:32] [INFO] [DEBUG] Starting load of UserManagerImpl at 1747244732391
[25-05-14 17:45:32] [INFO] [DEBUG] UserManagerImpl has been loaded. (took 1ms)
[25-05-14 17:45:32] [INFO] [DEBUG] Starting load of GuiListener at 1747244732392
[25-05-14 17:45:32] [INFO] [DEBUG] GuiListener has been loaded. (took 0ms)
[25-05-14 17:45:32] [INFO] [DEBUG] Starting load of KitManagerImpl at 1747244732392
[25-05-14 17:45:32] [INFO] KitManagerImpl: Loaded 7 kit(s).
[25-05-14 17:45:32] [INFO] [DEBUG] KitManagerImpl has been loaded. (took 84ms)
[25-05-14 17:45:32] [INFO] [DEBUG] Starting load of ArenaManagerImpl at 1747244732476
[25-05-14 17:45:32] [INFO] ArenaManagerImpl: Loaded 6 arena(s).
[25-05-14 17:45:32] [INFO] [DEBUG] ArenaManagerImpl has been loaded. (took 8ms)
[25-05-14 17:45:32] [INFO] [DEBUG] Starting load of SettingsManager at 1747244732484
[25-05-14 17:45:32] [INFO] [DEBUG] SettingsManager has been loaded. (took 0ms)
[25-05-14 17:45:32] [INFO] [DEBUG] Starting load of PlayerInfoManager at 1747244732484
[25-05-14 17:45:32] [INFO] [DEBUG] PlayerInfoManager has been loaded. (took 0ms)
[25-05-14 17:45:32] [INFO] [DEBUG] Starting load of SpectateManagerImpl at 1747244732484
[25-05-14 17:45:32] [INFO] [DEBUG] SpectateManagerImpl has been loaded. (took 0ms)
[25-05-14 17:45:32] [INFO] [DEBUG] Starting load of BettingManager at 1747244732484
[25-05-14 17:45:32] [INFO] [DEBUG] BettingManager has been loaded. (took 0ms)
[25-05-14 17:45:32] [INFO] [DEBUG] Starting load of InventoryManager at 1747244732484
[25-05-14 17:45:32] [INFO] [DEBUG] InventoryManager has been loaded. (took 0ms)
[25-05-14 17:45:32] [INFO] [DEBUG] Starting load of DuelManager at 1747244732484
[25-05-14 17:45:32] [INFO] [DEBUG] DuelManager has been loaded. (took 0ms)
[25-05-14 17:45:32] [INFO] [DEBUG] Starting load of QueueManager at 1747244732484
[25-05-14 17:45:32] [INFO] QueueManager: Loaded 0 queue(s).
[25-05-14 17:45:32] [INFO] [DEBUG] QueueManager has been loaded. (took 1ms)
[25-05-14 17:45:32] [INFO] [DEBUG] Starting load of QueueSignManagerImpl at 1747244732485
[25-05-14 17:45:32] [INFO] QueueSignManagerImpl: Loaded 0 queue sign(s).
[25-05-14 17:45:32] [INFO] [DEBUG] QueueSignManagerImpl has been loaded. (took 0ms)
[25-05-14 17:45:32] [INFO] [DEBUG] Starting load of RequestManager at 1747244732485
[25-05-14 17:45:32] [INFO] [DEBUG] RequestManager has been loaded. (took 0ms)
[25-05-14 17:45:32] [INFO] [DEBUG] Starting load of Teleport at 1747244732485
[25-05-14 17:45:32] [INFO] [DEBUG] Teleport has been loaded. (took 0ms)
[25-05-14 17:45:32] [INFO] [DEBUG] Starting load of ExtensionManager at 1747244732486
[25-05-14 17:45:32] [INFO] [DEBUG] ExtensionManager has been loaded. (took 0ms)
[25-05-14 18:25:28] [INFO] [DEBUG] onDisable start -> 1747247128086

[25-05-14 18:25:28] [INFO] [DEBUG] Starting unload of ExtensionManager at 1747247128087
[25-05-14 18:25:28] [INFO] [DEBUG] ExtensionManager has been unloaded. (took 0ms)
[25-05-14 18:25:28] [INFO] [DEBUG] Starting unload of Teleport at 1747247128087
[25-05-14 18:25:28] [INFO] [DEBUG] Teleport has been unloaded. (took 0ms)
[25-05-14 18:25:28] [INFO] [DEBUG] Starting unload of RequestManager at 1747247128087
[25-05-14 18:25:28] [INFO] [DEBUG] RequestManager has been unloaded. (took 0ms)
[25-05-14 18:25:28] [INFO] [DEBUG] Starting unload of QueueSignManagerImpl at 1747247128087
[25-05-14 18:25:28] [INFO] [DEBUG] QueueSignManagerImpl has been unloaded. (took 0ms)
[25-05-14 18:25:28] [INFO] [DEBUG] Starting unload of QueueManager at 1747247128087
[25-05-14 18:25:28] [INFO] [DEBUG] QueueManager has been unloaded. (took 1ms)
[25-05-14 18:25:28] [INFO] [DEBUG] Starting unload of DuelManager at 1747247128088
[25-05-14 18:25:28] [INFO] [DEBUG] DuelManager has been unloaded. (took 0ms)
[25-05-14 18:25:28] [INFO] [DEBUG] Starting unload of InventoryManager at 1747247128088
[25-05-14 18:25:28] [INFO] [DEBUG] InventoryManager has been unloaded. (took 0ms)
[25-05-14 18:25:28] [INFO] [DEBUG] Starting unload of BettingManager at 1747247128088
[25-05-14 18:25:28] [INFO] [DEBUG] BettingManager has been unloaded. (took 0ms)
[25-05-14 18:25:28] [INFO] [DEBUG] Starting unload of SpectateManagerImpl at 1747247128088
[25-05-14 18:25:28] [INFO] [DEBUG] SpectateManagerImpl has been unloaded. (took 0ms)
[25-05-14 18:25:28] [INFO] [DEBUG] Starting unload of PlayerInfoManager at 1747247128088
[25-05-14 18:25:28] [INFO] [DEBUG] PlayerInfoManager has been unloaded. (took 0ms)
[25-05-14 18:25:28] [INFO] [DEBUG] Starting unload of SettingsManager at 1747247128088
[25-05-14 18:25:28] [INFO] [DEBUG] SettingsManager has been unloaded. (took 0ms)
[25-05-14 18:25:28] [INFO] [DEBUG] Starting unload of ArenaManagerImpl at 1747247128088
[25-05-14 18:25:28] [INFO] [DEBUG] ArenaManagerImpl has been unloaded. (took 0ms)
[25-05-14 18:25:28] [INFO] [DEBUG] Starting unload of KitManagerImpl at 1747247128088
[25-05-14 18:25:28] [INFO] [DEBUG] KitManagerImpl has been unloaded. (took 0ms)
[25-05-14 18:25:28] [INFO] [DEBUG] Starting unload of GuiListener at 1747247128088
[25-05-14 18:25:28] [INFO] [DEBUG] GuiListener has been unloaded. (took 0ms)
[25-05-14 18:25:28] [INFO] [DEBUG] Starting unload of UserManagerImpl at 1747247128088
[25-05-14 18:25:28] [INFO] [DEBUG] UserManagerImpl has been unloaded. (took 3ms)
[25-05-14 18:25:28] [INFO] [DEBUG] Starting unload of Lang at 1747247128091
[25-05-14 18:25:28] [INFO] [DEBUG] Lang has been unloaded. (took 0ms)
[25-05-14 18:25:28] [INFO] [DEBUG] Starting unload of Config at 1747247128091
[25-05-14 18:25:28] [INFO] [DEBUG] Config has been unloaded. (took 0ms)
[25-05-14 18:25:28] [INFO] [DEBUG] unload done (took 5ms)
[25-05-14 18:25:28] [INFO] [DEBUG] Log#clearSources done (took 0ms)
[25-05-14 18:26:26] [INFO] [DEBUG] onEnable start -> 1747247186240

[25-05-14 18:26:26] [INFO] Using Economy Provider: com.earth2me.essentials.economy.vault.VaultEconomyProvider
[25-05-14 18:26:26] [INFO] [DEBUG] Starting load of Config at 1747247186274
[25-05-14 18:26:26] [INFO] [DEBUG] Config has been loaded. (took 3ms)
[25-05-14 18:26:26] [INFO] [DEBUG] Starting load of Lang at 1747247186277
[25-05-14 18:26:26] [INFO] [DEBUG] Lang has been loaded. (took 14ms)
[25-05-14 18:26:26] [INFO] [DEBUG] Starting load of UserManagerImpl at 1747247186291
[25-05-14 18:26:26] [INFO] [DEBUG] UserManagerImpl has been loaded. (took 0ms)
[25-05-14 18:26:26] [INFO] [DEBUG] Starting load of GuiListener at 1747247186291
[25-05-14 18:26:26] [INFO] [DEBUG] GuiListener has been loaded. (took 0ms)
[25-05-14 18:26:26] [INFO] [DEBUG] Starting load of KitManagerImpl at 1747247186291
[25-05-14 18:26:26] [INFO] KitManagerImpl: Loaded 7 kit(s).
[25-05-14 18:26:26] [INFO] [DEBUG] KitManagerImpl has been loaded. (took 87ms)
[25-05-14 18:26:26] [INFO] [DEBUG] Starting load of ArenaManagerImpl at 1747247186378
[25-05-14 18:26:26] [INFO] ArenaManagerImpl: Loaded 6 arena(s).
[25-05-14 18:26:26] [INFO] [DEBUG] ArenaManagerImpl has been loaded. (took 7ms)
[25-05-14 18:26:26] [INFO] [DEBUG] Starting load of SettingsManager at 1747247186385
[25-05-14 18:26:26] [INFO] [DEBUG] SettingsManager has been loaded. (took 0ms)
[25-05-14 18:26:26] [INFO] [DEBUG] Starting load of PlayerInfoManager at 1747247186385
[25-05-14 18:26:26] [INFO] [DEBUG] PlayerInfoManager has been loaded. (took 1ms)
[25-05-14 18:26:26] [INFO] [DEBUG] Starting load of SpectateManagerImpl at 1747247186386
[25-05-14 18:26:26] [INFO] [DEBUG] SpectateManagerImpl has been loaded. (took 0ms)
[25-05-14 18:26:26] [INFO] [DEBUG] Starting load of BettingManager at 1747247186386
[25-05-14 18:26:26] [INFO] [DEBUG] BettingManager has been loaded. (took 0ms)
[25-05-14 18:26:26] [INFO] [DEBUG] Starting load of InventoryManager at 1747247186386
[25-05-14 18:26:26] [INFO] [DEBUG] InventoryManager has been loaded. (took 0ms)
[25-05-14 18:26:26] [INFO] [DEBUG] Starting load of DuelManager at 1747247186386
[25-05-14 18:26:26] [INFO] [DEBUG] DuelManager has been loaded. (took 0ms)
[25-05-14 18:26:26] [INFO] [DEBUG] Starting load of QueueManager at 1747247186386
[25-05-14 18:26:26] [INFO] QueueManager: Loaded 0 queue(s).
[25-05-14 18:26:26] [INFO] [DEBUG] QueueManager has been loaded. (took 1ms)
[25-05-14 18:26:26] [INFO] [DEBUG] Starting load of QueueSignManagerImpl at 1747247186387
[25-05-14 18:26:26] [INFO] QueueSignManagerImpl: Loaded 0 queue sign(s).
[25-05-14 18:26:26] [INFO] [DEBUG] QueueSignManagerImpl has been loaded. (took 0ms)
[25-05-14 18:26:26] [INFO] [DEBUG] Starting load of RequestManager at 1747247186387
[25-05-14 18:26:26] [INFO] [DEBUG] RequestManager has been loaded. (took 0ms)
[25-05-14 18:26:26] [INFO] [DEBUG] Starting load of Teleport at 1747247186387
[25-05-14 18:26:26] [INFO] [DEBUG] Teleport has been loaded. (took 0ms)
[25-05-14 18:26:26] [INFO] [DEBUG] Starting load of ExtensionManager at 1747247186387
[25-05-14 18:26:26] [INFO] [DEBUG] ExtensionManager has been loaded. (took 0ms)
[25-05-15 06:08:53] [WARNING] iiya13 has attempted to use a kit item while not in duel, but was prevented by KitItemListener.
[25-05-15 07:16:17] [INFO] [DEBUG] onDisable start -> 1747293377112

[25-05-15 07:16:17] [INFO] [DEBUG] Starting unload of ExtensionManager at 1747293377114
[25-05-15 07:16:17] [INFO] [DEBUG] ExtensionManager has been unloaded. (took 0ms)
[25-05-15 07:16:17] [INFO] [DEBUG] Starting unload of Teleport at 1747293377114
[25-05-15 07:16:17] [INFO] [DEBUG] Teleport has been unloaded. (took 0ms)
[25-05-15 07:16:17] [INFO] [DEBUG] Starting unload of RequestManager at 1747293377114
[25-05-15 07:16:17] [INFO] [DEBUG] RequestManager has been unloaded. (took 0ms)
[25-05-15 07:16:17] [INFO] [DEBUG] Starting unload of QueueSignManagerImpl at 1747293377114
[25-05-15 07:16:17] [INFO] [DEBUG] QueueSignManagerImpl has been unloaded. (took 0ms)
[25-05-15 07:16:17] [INFO] [DEBUG] Starting unload of QueueManager at 1747293377114
[25-05-15 07:16:17] [INFO] [DEBUG] QueueManager has been unloaded. (took 0ms)
[25-05-15 07:16:17] [INFO] [DEBUG] Starting unload of DuelManager at 1747293377114
[25-05-15 07:16:17] [INFO] [DEBUG] DuelManager has been unloaded. (took 0ms)
[25-05-15 07:16:17] [INFO] [DEBUG] Starting unload of InventoryManager at 1747293377114
[25-05-15 07:16:17] [INFO] [DEBUG] InventoryManager has been unloaded. (took 0ms)
[25-05-15 07:16:17] [INFO] [DEBUG] Starting unload of BettingManager at 1747293377114
[25-05-15 07:16:17] [INFO] [DEBUG] BettingManager has been unloaded. (took 0ms)
[25-05-15 07:16:17] [INFO] [DEBUG] Starting unload of SpectateManagerImpl at 1747293377114
[25-05-15 07:16:17] [INFO] [DEBUG] SpectateManagerImpl has been unloaded. (took 0ms)
[25-05-15 07:16:17] [INFO] [DEBUG] Starting unload of PlayerInfoManager at 1747293377114
[25-05-15 07:16:17] [INFO] [DEBUG] PlayerInfoManager has been unloaded. (took 9ms)
[25-05-15 07:16:17] [INFO] [DEBUG] Starting unload of SettingsManager at 1747293377123
[25-05-15 07:16:17] [INFO] [DEBUG] SettingsManager has been unloaded. (took 0ms)
[25-05-15 07:16:17] [INFO] [DEBUG] Starting unload of ArenaManagerImpl at 1747293377123
[25-05-15 07:16:17] [INFO] [DEBUG] ArenaManagerImpl has been unloaded. (took 0ms)
[25-05-15 07:16:17] [INFO] [DEBUG] Starting unload of KitManagerImpl at 1747293377123
[25-05-15 07:16:17] [INFO] [DEBUG] KitManagerImpl has been unloaded. (took 0ms)
[25-05-15 07:16:17] [INFO] [DEBUG] Starting unload of GuiListener at 1747293377123
[25-05-15 07:16:17] [INFO] [DEBUG] GuiListener has been unloaded. (took 0ms)
[25-05-15 07:16:17] [INFO] [DEBUG] Starting unload of UserManagerImpl at 1747293377123
[25-05-15 07:16:17] [INFO] [DEBUG] UserManagerImpl has been unloaded. (took 3ms)
[25-05-15 07:16:17] [INFO] [DEBUG] Starting unload of Lang at 1747293377126
[25-05-15 07:16:17] [INFO] [DEBUG] Lang has been unloaded. (took 0ms)
[25-05-15 07:16:17] [INFO] [DEBUG] Starting unload of Config at 1747293377126
[25-05-15 07:16:17] [INFO] [DEBUG] Config has been unloaded. (took 0ms)
[25-05-15 07:16:17] [INFO] [DEBUG] unload done (took 14ms)
[25-05-15 07:16:17] [INFO] [DEBUG] Log#clearSources done (took 0ms)
