[25-06-02 09:52:35] [INFO] [DEBUG] onEnable start -> 1748857955359

[25-06-02 09:52:35] [INFO] Using Economy Provider: com.earth2me.essentials.economy.vault.VaultEconomyProvider
[25-06-02 09:52:35] [INFO] [DEBUG] Starting load of Config at 1748857955388
[25-06-02 09:52:35] [INFO] [DEBUG] Config has been loaded. (took 3ms)
[25-06-02 09:52:35] [INFO] [DEBUG] Starting load of Lang at 1748857955391
[25-06-02 09:52:35] [INFO] [DEBUG] Lang has been loaded. (took 11ms)
[25-06-02 09:52:35] [INFO] [DEBUG] Starting load of UserManagerImpl at 1748857955402
[25-06-02 09:52:35] [INFO] [DEBUG] UserManagerImpl has been loaded. (took 0ms)
[25-06-02 09:52:35] [INFO] [DEBUG] Starting load of GuiListener at 1748857955402
[25-06-02 09:52:35] [INFO] [DEBUG] GuiListener has been loaded. (took 0ms)
[25-06-02 09:52:35] [INFO] [DEBUG] Starting load of KitManagerImpl at 1748857955402
[25-06-02 09:52:35] [INFO] KitManagerImpl: Loaded 7 kit(s).
[25-06-02 09:52:35] [INFO] [DEBUG] KitManagerImpl has been loaded. (took 92ms)
[25-06-02 09:52:35] [INFO] [DEBUG] Starting load of ArenaManagerImpl at 1748857955494
[25-06-02 09:52:35] [INFO] ArenaManagerImpl: Loaded 6 arena(s).
[25-06-02 09:52:35] [INFO] [DEBUG] ArenaManagerImpl has been loaded. (took 7ms)
[25-06-02 09:52:35] [INFO] [DEBUG] Starting load of SettingsManager at 1748857955501
[25-06-02 09:52:35] [INFO] [DEBUG] SettingsManager has been loaded. (took 0ms)
[25-06-02 09:52:35] [INFO] [DEBUG] Starting load of PlayerInfoManager at 1748857955501
[25-06-02 09:52:35] [INFO] [DEBUG] PlayerInfoManager has been loaded. (took 1ms)
[25-06-02 09:52:35] [INFO] [DEBUG] Starting load of SpectateManagerImpl at 1748857955502
[25-06-02 09:52:35] [INFO] [DEBUG] SpectateManagerImpl has been loaded. (took 0ms)
[25-06-02 09:52:35] [INFO] [DEBUG] Starting load of BettingManager at 1748857955502
[25-06-02 09:52:35] [INFO] [DEBUG] BettingManager has been loaded. (took 0ms)
[25-06-02 09:52:35] [INFO] [DEBUG] Starting load of InventoryManager at 1748857955502
[25-06-02 09:52:35] [INFO] [DEBUG] InventoryManager has been loaded. (took 0ms)
[25-06-02 09:52:35] [INFO] [DEBUG] Starting load of DuelManager at 1748857955502
[25-06-02 09:52:35] [INFO] [DEBUG] DuelManager has been loaded. (took 0ms)
[25-06-02 09:52:35] [INFO] [DEBUG] Starting load of QueueManager at 1748857955502
[25-06-02 09:52:35] [INFO] QueueManager: Loaded 0 queue(s).
[25-06-02 09:52:35] [INFO] [DEBUG] QueueManager has been loaded. (took 1ms)
[25-06-02 09:52:35] [INFO] [DEBUG] Starting load of QueueSignManagerImpl at 1748857955503
[25-06-02 09:52:35] [INFO] QueueSignManagerImpl: Loaded 0 queue sign(s).
[25-06-02 09:52:35] [INFO] [DEBUG] QueueSignManagerImpl has been loaded. (took 0ms)
[25-06-02 09:52:35] [INFO] [DEBUG] Starting load of RequestManager at 1748857955503
[25-06-02 09:52:35] [INFO] [DEBUG] RequestManager has been loaded. (took 0ms)
[25-06-02 09:52:35] [INFO] [DEBUG] Starting load of Teleport at 1748857955503
[25-06-02 09:52:35] [INFO] [DEBUG] Teleport has been loaded. (took 0ms)
[25-06-02 09:52:35] [INFO] [DEBUG] Starting load of ExtensionManager at 1748857955503
[25-06-02 09:52:35] [INFO] [DEBUG] ExtensionManager has been loaded. (took 0ms)
[25-06-02 11:52:38] [WARNING] ilea_2013_60fps has attempted to use a kit item while not in duel, but was prevented by KitItemListener.
[25-06-03 03:00:14] [INFO] [DEBUG] onDisable start -> 1748919614872

[25-06-03 03:00:14] [INFO] [DEBUG] Starting unload of ExtensionManager at 1748919614873
[25-06-03 03:00:14] [INFO] [DEBUG] ExtensionManager has been unloaded. (took 0ms)
[25-06-03 03:00:14] [INFO] [DEBUG] Starting unload of Teleport at 1748919614873
[25-06-03 03:00:14] [INFO] [DEBUG] Teleport has been unloaded. (took 0ms)
[25-06-03 03:00:14] [INFO] [DEBUG] Starting unload of RequestManager at 1748919614873
[25-06-03 03:00:14] [INFO] [DEBUG] RequestManager has been unloaded. (took 0ms)
[25-06-03 03:00:14] [INFO] [DEBUG] Starting unload of QueueSignManagerImpl at 1748919614873
[25-06-03 03:00:14] [INFO] [DEBUG] QueueSignManagerImpl has been unloaded. (took 0ms)
[25-06-03 03:00:14] [INFO] [DEBUG] Starting unload of QueueManager at 1748919614873
[25-06-03 03:00:14] [INFO] [DEBUG] QueueManager has been unloaded. (took 0ms)
[25-06-03 03:00:14] [INFO] [DEBUG] Starting unload of DuelManager at 1748919614873
[25-06-03 03:00:14] [INFO] [DEBUG] DuelManager has been unloaded. (took 0ms)
[25-06-03 03:00:14] [INFO] [DEBUG] Starting unload of InventoryManager at 1748919614873
[25-06-03 03:00:14] [INFO] [DEBUG] InventoryManager has been unloaded. (took 0ms)
[25-06-03 03:00:14] [INFO] [DEBUG] Starting unload of BettingManager at 1748919614873
[25-06-03 03:00:14] [INFO] [DEBUG] BettingManager has been unloaded. (took 0ms)
[25-06-03 03:00:14] [INFO] [DEBUG] Starting unload of SpectateManagerImpl at 1748919614873
[25-06-03 03:00:14] [INFO] [DEBUG] SpectateManagerImpl has been unloaded. (took 0ms)
[25-06-03 03:00:14] [INFO] [DEBUG] Starting unload of PlayerInfoManager at 1748919614873
[25-06-03 03:00:14] [INFO] [DEBUG] PlayerInfoManager has been unloaded. (took 10ms)
[25-06-03 03:00:14] [INFO] [DEBUG] Starting unload of SettingsManager at 1748919614883
[25-06-03 03:00:14] [INFO] [DEBUG] SettingsManager has been unloaded. (took 0ms)
[25-06-03 03:00:14] [INFO] [DEBUG] Starting unload of ArenaManagerImpl at 1748919614883
[25-06-03 03:00:14] [INFO] [DEBUG] ArenaManagerImpl has been unloaded. (took 0ms)
[25-06-03 03:00:14] [INFO] [DEBUG] Starting unload of KitManagerImpl at 1748919614883
[25-06-03 03:00:14] [INFO] [DEBUG] KitManagerImpl has been unloaded. (took 0ms)
[25-06-03 03:00:14] [INFO] [DEBUG] Starting unload of GuiListener at 1748919614883
[25-06-03 03:00:14] [INFO] [DEBUG] GuiListener has been unloaded. (took 0ms)
[25-06-03 03:00:14] [INFO] [DEBUG] Starting unload of UserManagerImpl at 1748919614883
[25-06-03 03:00:14] [INFO] [DEBUG] UserManagerImpl has been unloaded. (took 1ms)
[25-06-03 03:00:14] [INFO] [DEBUG] Starting unload of Lang at 1748919614884
[25-06-03 03:00:14] [INFO] [DEBUG] Lang has been unloaded. (took 0ms)
[25-06-03 03:00:14] [INFO] [DEBUG] Starting unload of Config at 1748919614884
[25-06-03 03:00:14] [INFO] [DEBUG] Config has been unloaded. (took 1ms)
[25-06-03 03:00:14] [INFO] [DEBUG] unload done (took 13ms)
[25-06-03 03:00:14] [INFO] [DEBUG] Log#clearSources done (took 0ms)
