[25-06-04 03:00:33] [INFO] [DEBUG] onEnable start -> 1749006033434

[25-06-04 03:00:33] [INFO] Using Economy Provider: com.earth2me.essentials.economy.vault.VaultEconomyProvider
[25-06-04 03:00:33] [INFO] [DEBUG] Starting load of Config at 1749006033466
[25-06-04 03:00:33] [INFO] [DEBUG] Config has been loaded. (took 3ms)
[25-06-04 03:00:33] [INFO] [DEBUG] Starting load of Lang at 1749006033470
[25-06-04 03:00:33] [INFO] [DEBUG] Lang has been loaded. (took 13ms)
[25-06-04 03:00:33] [INFO] [DEBUG] Starting load of UserManagerImpl at 1749006033483
[25-06-04 03:00:33] [INFO] [DEBUG] UserManagerImpl has been loaded. (took 0ms)
[25-06-04 03:00:33] [INFO] [DEBUG] Starting load of GuiListener at 1749006033483
[25-06-04 03:00:33] [INFO] [DEBUG] GuiListener has been loaded. (took 0ms)
[25-06-04 03:00:33] [INFO] [DEBUG] Starting load of KitManagerImpl at 1749006033483
[25-06-04 03:00:33] [INFO] KitManagerImpl: Loaded 7 kit(s).
[25-06-04 03:00:33] [INFO] [DEBUG] KitManagerImpl has been loaded. (took 81ms)
[25-06-04 03:00:33] [INFO] [DEBUG] Starting load of ArenaManagerImpl at 1749006033564
[25-06-04 03:00:33] [INFO] ArenaManagerImpl: Loaded 6 arena(s).
[25-06-04 03:00:33] [INFO] [DEBUG] ArenaManagerImpl has been loaded. (took 7ms)
[25-06-04 03:00:33] [INFO] [DEBUG] Starting load of SettingsManager at 1749006033571
[25-06-04 03:00:33] [INFO] [DEBUG] SettingsManager has been loaded. (took 0ms)
[25-06-04 03:00:33] [INFO] [DEBUG] Starting load of PlayerInfoManager at 1749006033571
[25-06-04 03:00:33] [INFO] [DEBUG] PlayerInfoManager has been loaded. (took 8ms)
[25-06-04 03:00:33] [INFO] [DEBUG] Starting load of SpectateManagerImpl at 1749006033579
[25-06-04 03:00:33] [INFO] [DEBUG] SpectateManagerImpl has been loaded. (took 0ms)
[25-06-04 03:00:33] [INFO] [DEBUG] Starting load of BettingManager at 1749006033579
[25-06-04 03:00:33] [INFO] [DEBUG] BettingManager has been loaded. (took 0ms)
[25-06-04 03:00:33] [INFO] [DEBUG] Starting load of InventoryManager at 1749006033579
[25-06-04 03:00:33] [INFO] [DEBUG] InventoryManager has been loaded. (took 0ms)
[25-06-04 03:00:33] [INFO] [DEBUG] Starting load of DuelManager at 1749006033579
[25-06-04 03:00:33] [INFO] [DEBUG] DuelManager has been loaded. (took 0ms)
[25-06-04 03:00:33] [INFO] [DEBUG] Starting load of QueueManager at 1749006033579
[25-06-04 03:00:33] [INFO] QueueManager: Loaded 0 queue(s).
[25-06-04 03:00:33] [INFO] [DEBUG] QueueManager has been loaded. (took 1ms)
[25-06-04 03:00:33] [INFO] [DEBUG] Starting load of QueueSignManagerImpl at 1749006033580
[25-06-04 03:00:33] [INFO] QueueSignManagerImpl: Loaded 0 queue sign(s).
[25-06-04 03:00:33] [INFO] [DEBUG] QueueSignManagerImpl has been loaded. (took 0ms)
[25-06-04 03:00:33] [INFO] [DEBUG] Starting load of RequestManager at 1749006033580
[25-06-04 03:00:33] [INFO] [DEBUG] RequestManager has been loaded. (took 0ms)
[25-06-04 03:00:33] [INFO] [DEBUG] Starting load of Teleport at 1749006033580
[25-06-04 03:00:33] [INFO] [DEBUG] Teleport has been loaded. (took 0ms)
[25-06-04 03:00:33] [INFO] [DEBUG] Starting load of ExtensionManager at 1749006033580
[25-06-04 03:00:33] [INFO] [DEBUG] ExtensionManager has been loaded. (took 0ms)
[25-06-04 14:15:30] [WARNING] VARDIK has attempted to use a kit item while not in duel, but was prevented by KitItemListener.
[25-06-05 03:00:09] [INFO] [DEBUG] onDisable start -> 1749092409663

[25-06-05 03:00:09] [INFO] [DEBUG] Starting unload of ExtensionManager at 1749092409664
[25-06-05 03:00:09] [INFO] [DEBUG] ExtensionManager has been unloaded. (took 0ms)
[25-06-05 03:00:09] [INFO] [DEBUG] Starting unload of Teleport at 1749092409664
[25-06-05 03:00:09] [INFO] [DEBUG] Teleport has been unloaded. (took 0ms)
[25-06-05 03:00:09] [INFO] [DEBUG] Starting unload of RequestManager at 1749092409664
[25-06-05 03:00:09] [INFO] [DEBUG] RequestManager has been unloaded. (took 0ms)
[25-06-05 03:00:09] [INFO] [DEBUG] Starting unload of QueueSignManagerImpl at 1749092409664
[25-06-05 03:00:09] [INFO] [DEBUG] QueueSignManagerImpl has been unloaded. (took 0ms)
[25-06-05 03:00:09] [INFO] [DEBUG] Starting unload of QueueManager at 1749092409664
[25-06-05 03:00:09] [INFO] [DEBUG] QueueManager has been unloaded. (took 0ms)
[25-06-05 03:00:09] [INFO] [DEBUG] Starting unload of DuelManager at 1749092409664
[25-06-05 03:00:09] [INFO] [DEBUG] DuelManager has been unloaded. (took 1ms)
[25-06-05 03:00:09] [INFO] [DEBUG] Starting unload of InventoryManager at 1749092409665
[25-06-05 03:00:09] [INFO] [DEBUG] InventoryManager has been unloaded. (took 0ms)
[25-06-05 03:00:09] [INFO] [DEBUG] Starting unload of BettingManager at 1749092409665
[25-06-05 03:00:09] [INFO] [DEBUG] BettingManager has been unloaded. (took 0ms)
[25-06-05 03:00:09] [INFO] [DEBUG] Starting unload of SpectateManagerImpl at 1749092409665
[25-06-05 03:00:09] [INFO] [DEBUG] SpectateManagerImpl has been unloaded. (took 0ms)
[25-06-05 03:00:09] [INFO] [DEBUG] Starting unload of PlayerInfoManager at 1749092409665
[25-06-05 03:00:09] [INFO] [DEBUG] PlayerInfoManager has been unloaded. (took 9ms)
[25-06-05 03:00:09] [INFO] [DEBUG] Starting unload of SettingsManager at 1749092409674
[25-06-05 03:00:09] [INFO] [DEBUG] SettingsManager has been unloaded. (took 0ms)
[25-06-05 03:00:09] [INFO] [DEBUG] Starting unload of ArenaManagerImpl at 1749092409674
[25-06-05 03:00:09] [INFO] [DEBUG] ArenaManagerImpl has been unloaded. (took 0ms)
[25-06-05 03:00:09] [INFO] [DEBUG] Starting unload of KitManagerImpl at 1749092409674
[25-06-05 03:00:09] [INFO] [DEBUG] KitManagerImpl has been unloaded. (took 0ms)
[25-06-05 03:00:09] [INFO] [DEBUG] Starting unload of GuiListener at 1749092409674
[25-06-05 03:00:09] [INFO] [DEBUG] GuiListener has been unloaded. (took 1ms)
[25-06-05 03:00:09] [INFO] [DEBUG] Starting unload of UserManagerImpl at 1749092409675
[25-06-05 03:00:09] [INFO] [DEBUG] UserManagerImpl has been unloaded. (took 1ms)
[25-06-05 03:00:09] [INFO] [DEBUG] Starting unload of Lang at 1749092409676
[25-06-05 03:00:09] [INFO] [DEBUG] Lang has been unloaded. (took 0ms)
[25-06-05 03:00:09] [INFO] [DEBUG] Starting unload of Config at 1749092409676
[25-06-05 03:00:09] [INFO] [DEBUG] Config has been unloaded. (took 0ms)
[25-06-05 03:00:09] [INFO] [DEBUG] unload done (took 13ms)
[25-06-05 03:00:09] [INFO] [DEBUG] Log#clearSources done (took 0ms)
