[25-06-08 03:00:35] [INFO] [DEBUG] onEnable start -> 1749351635625

[25-06-08 03:00:35] [INFO] Using Economy Provider: com.earth2me.essentials.economy.vault.VaultEconomyProvider
[25-06-08 03:00:35] [INFO] [DEBUG] Starting load of Config at 1749351635654
[25-06-08 03:00:35] [INFO] [DEBUG] Config has been loaded. (took 4ms)
[25-06-08 03:00:35] [INFO] [DEBUG] Starting load of Lang at 1749351635658
[25-06-08 03:00:35] [INFO] [DEBUG] Lang has been loaded. (took 10ms)
[25-06-08 03:00:35] [INFO] [DEBUG] Starting load of UserManagerImpl at 1749351635669
[25-06-08 03:00:35] [INFO] [DEBUG] UserManagerImpl has been loaded. (took 0ms)
[25-06-08 03:00:35] [INFO] [DEBUG] Starting load of GuiListener at 1749351635669
[25-06-08 03:00:35] [INFO] [DEBUG] GuiListener has been loaded. (took 0ms)
[25-06-08 03:00:35] [INFO] [DEBUG] Starting load of KitManagerImpl at 1749351635669
[25-06-08 03:00:35] [INFO] KitManagerImpl: Loaded 7 kit(s).
[25-06-08 03:00:35] [INFO] [DEBUG] KitManagerImpl has been loaded. (took 68ms)
[25-06-08 03:00:35] [INFO] [DEBUG] Starting load of ArenaManagerImpl at 1749351635737
[25-06-08 03:00:35] [INFO] ArenaManagerImpl: Loaded 6 arena(s).
[25-06-08 03:00:35] [INFO] [DEBUG] ArenaManagerImpl has been loaded. (took 6ms)
[25-06-08 03:00:35] [INFO] [DEBUG] Starting load of SettingsManager at 1749351635743
[25-06-08 03:00:35] [INFO] [DEBUG] SettingsManager has been loaded. (took 0ms)
[25-06-08 03:00:35] [INFO] [DEBUG] Starting load of PlayerInfoManager at 1749351635743
[25-06-08 03:00:35] [INFO] [DEBUG] PlayerInfoManager has been loaded. (took 14ms)
[25-06-08 03:00:35] [INFO] [DEBUG] Starting load of SpectateManagerImpl at 1749351635757
[25-06-08 03:00:35] [INFO] [DEBUG] SpectateManagerImpl has been loaded. (took 0ms)
[25-06-08 03:00:35] [INFO] [DEBUG] Starting load of BettingManager at 1749351635757
[25-06-08 03:00:35] [INFO] [DEBUG] BettingManager has been loaded. (took 0ms)
[25-06-08 03:00:35] [INFO] [DEBUG] Starting load of InventoryManager at 1749351635757
[25-06-08 03:00:35] [INFO] [DEBUG] InventoryManager has been loaded. (took 1ms)
[25-06-08 03:00:35] [INFO] [DEBUG] Starting load of DuelManager at 1749351635758
[25-06-08 03:00:35] [INFO] [DEBUG] DuelManager has been loaded. (took 0ms)
[25-06-08 03:00:35] [INFO] [DEBUG] Starting load of QueueManager at 1749351635758
[25-06-08 03:00:35] [INFO] QueueManager: Loaded 0 queue(s).
[25-06-08 03:00:35] [INFO] [DEBUG] QueueManager has been loaded. (took 0ms)
[25-06-08 03:00:35] [INFO] [DEBUG] Starting load of QueueSignManagerImpl at 1749351635758
[25-06-08 03:00:35] [INFO] QueueSignManagerImpl: Loaded 0 queue sign(s).
[25-06-08 03:00:35] [INFO] [DEBUG] QueueSignManagerImpl has been loaded. (took 0ms)
[25-06-08 03:00:35] [INFO] [DEBUG] Starting load of RequestManager at 1749351635758
[25-06-08 03:00:35] [INFO] [DEBUG] RequestManager has been loaded. (took 0ms)
[25-06-08 03:00:35] [INFO] [DEBUG] Starting load of Teleport at 1749351635758
[25-06-08 03:00:35] [INFO] [DEBUG] Teleport has been loaded. (took 1ms)
[25-06-08 03:00:35] [INFO] [DEBUG] Starting load of ExtensionManager at 1749351635759
[25-06-08 03:00:35] [INFO] [DEBUG] ExtensionManager has been loaded. (took 0ms)
[25-06-08 10:23:24] [INFO] [DEBUG] onDisable start -> 1749378204079

[25-06-08 10:23:24] [INFO] [DEBUG] Starting unload of ExtensionManager at 1749378204080
[25-06-08 10:23:24] [INFO] [DEBUG] ExtensionManager has been unloaded. (took 0ms)
[25-06-08 10:23:24] [INFO] [DEBUG] Starting unload of Teleport at 1749378204080
[25-06-08 10:23:24] [INFO] [DEBUG] Teleport has been unloaded. (took 0ms)
[25-06-08 10:23:24] [INFO] [DEBUG] Starting unload of RequestManager at 1749378204081
[25-06-08 10:23:24] [INFO] [DEBUG] RequestManager has been unloaded. (took 0ms)
[25-06-08 10:23:24] [INFO] [DEBUG] Starting unload of QueueSignManagerImpl at 1749378204081
[25-06-08 10:23:24] [INFO] [DEBUG] QueueSignManagerImpl has been unloaded. (took 0ms)
[25-06-08 10:23:24] [INFO] [DEBUG] Starting unload of QueueManager at 1749378204081
[25-06-08 10:23:24] [INFO] [DEBUG] QueueManager has been unloaded. (took 0ms)
[25-06-08 10:23:24] [INFO] [DEBUG] Starting unload of DuelManager at 1749378204081
[25-06-08 10:23:24] [INFO] [DEBUG] DuelManager has been unloaded. (took 0ms)
[25-06-08 10:23:24] [INFO] [DEBUG] Starting unload of InventoryManager at 1749378204081
[25-06-08 10:23:24] [INFO] [DEBUG] InventoryManager has been unloaded. (took 0ms)
[25-06-08 10:23:24] [INFO] [DEBUG] Starting unload of BettingManager at 1749378204081
[25-06-08 10:23:24] [INFO] [DEBUG] BettingManager has been unloaded. (took 0ms)
[25-06-08 10:23:24] [INFO] [DEBUG] Starting unload of SpectateManagerImpl at 1749378204081
[25-06-08 10:23:24] [INFO] [DEBUG] SpectateManagerImpl has been unloaded. (took 0ms)
[25-06-08 10:23:24] [INFO] [DEBUG] Starting unload of PlayerInfoManager at 1749378204081
[25-06-08 10:23:24] [INFO] [DEBUG] PlayerInfoManager has been unloaded. (took 26ms)
[25-06-08 10:23:24] [INFO] [DEBUG] Starting unload of SettingsManager at 1749378204108
[25-06-08 10:23:24] [INFO] [DEBUG] SettingsManager has been unloaded. (took 0ms)
[25-06-08 10:23:24] [INFO] [DEBUG] Starting unload of ArenaManagerImpl at 1749378204108
[25-06-08 10:23:24] [INFO] [DEBUG] ArenaManagerImpl has been unloaded. (took 0ms)
[25-06-08 10:23:24] [INFO] [DEBUG] Starting unload of KitManagerImpl at 1749378204108
[25-06-08 10:23:24] [INFO] [DEBUG] KitManagerImpl has been unloaded. (took 0ms)
[25-06-08 10:23:24] [INFO] [DEBUG] Starting unload of GuiListener at 1749378204108
[25-06-08 10:23:24] [INFO] [DEBUG] GuiListener has been unloaded. (took 0ms)
[25-06-08 10:23:24] [INFO] [DEBUG] Starting unload of UserManagerImpl at 1749378204108
[25-06-08 10:23:24] [INFO] [DEBUG] UserManagerImpl has been unloaded. (took 7ms)
[25-06-08 10:23:24] [INFO] [DEBUG] Starting unload of Lang at 1749378204115
[25-06-08 10:23:24] [INFO] [DEBUG] Lang has been unloaded. (took 0ms)
[25-06-08 10:23:24] [INFO] [DEBUG] Starting unload of Config at 1749378204115
[25-06-08 10:23:24] [INFO] [DEBUG] Config has been unloaded. (took 0ms)
[25-06-08 10:23:24] [INFO] [DEBUG] unload done (took 36ms)
[25-06-08 10:23:24] [INFO] [DEBUG] Log#clearSources done (took 0ms)
[25-06-08 10:28:54] [INFO] [DEBUG] onEnable start -> 1749378534629

[25-06-08 10:28:54] [INFO] Using Economy Provider: com.earth2me.essentials.economy.vault.VaultEconomyProvider
[25-06-08 10:28:54] [INFO] [DEBUG] Starting load of Config at 1749378534654
[25-06-08 10:28:54] [INFO] [DEBUG] Config has been loaded. (took 3ms)
[25-06-08 10:28:54] [INFO] [DEBUG] Starting load of Lang at 1749378534657
[25-06-08 10:28:54] [INFO] [DEBUG] Lang has been loaded. (took 9ms)
[25-06-08 10:28:54] [INFO] [DEBUG] Starting load of UserManagerImpl at 1749378534667
[25-06-08 10:28:54] [INFO] [DEBUG] UserManagerImpl has been loaded. (took 0ms)
[25-06-08 10:28:54] [INFO] [DEBUG] Starting load of GuiListener at 1749378534667
[25-06-08 10:28:54] [INFO] [DEBUG] GuiListener has been loaded. (took 0ms)
[25-06-08 10:28:54] [INFO] [DEBUG] Starting load of KitManagerImpl at 1749378534667
[25-06-08 10:28:54] [INFO] KitManagerImpl: Loaded 7 kit(s).
[25-06-08 10:28:54] [INFO] [DEBUG] KitManagerImpl has been loaded. (took 64ms)
[25-06-08 10:28:54] [INFO] [DEBUG] Starting load of ArenaManagerImpl at 1749378534731
[25-06-08 10:28:54] [INFO] ArenaManagerImpl: Loaded 6 arena(s).
[25-06-08 10:28:54] [INFO] [DEBUG] ArenaManagerImpl has been loaded. (took 6ms)
[25-06-08 10:28:54] [INFO] [DEBUG] Starting load of SettingsManager at 1749378534737
[25-06-08 10:28:54] [INFO] [DEBUG] SettingsManager has been loaded. (took 0ms)
[25-06-08 10:28:54] [INFO] [DEBUG] Starting load of PlayerInfoManager at 1749378534737
[25-06-08 10:28:54] [INFO] [DEBUG] PlayerInfoManager has been loaded. (took 15ms)
[25-06-08 10:28:54] [INFO] [DEBUG] Starting load of SpectateManagerImpl at 1749378534752
[25-06-08 10:28:54] [INFO] [DEBUG] SpectateManagerImpl has been loaded. (took 0ms)
[25-06-08 10:28:54] [INFO] [DEBUG] Starting load of BettingManager at 1749378534752
[25-06-08 10:28:54] [INFO] [DEBUG] BettingManager has been loaded. (took 0ms)
[25-06-08 10:28:54] [INFO] [DEBUG] Starting load of InventoryManager at 1749378534752
[25-06-08 10:28:54] [INFO] [DEBUG] InventoryManager has been loaded. (took 1ms)
[25-06-08 10:28:54] [INFO] [DEBUG] Starting load of DuelManager at 1749378534753
[25-06-08 10:28:54] [INFO] [DEBUG] DuelManager has been loaded. (took 0ms)
[25-06-08 10:28:54] [INFO] [DEBUG] Starting load of QueueManager at 1749378534753
[25-06-08 10:28:54] [INFO] QueueManager: Loaded 0 queue(s).
[25-06-08 10:28:54] [INFO] [DEBUG] QueueManager has been loaded. (took 0ms)
[25-06-08 10:28:54] [INFO] [DEBUG] Starting load of QueueSignManagerImpl at 1749378534753
[25-06-08 10:28:54] [INFO] QueueSignManagerImpl: Loaded 0 queue sign(s).
[25-06-08 10:28:54] [INFO] [DEBUG] QueueSignManagerImpl has been loaded. (took 0ms)
[25-06-08 10:28:54] [INFO] [DEBUG] Starting load of RequestManager at 1749378534753
[25-06-08 10:28:54] [INFO] [DEBUG] RequestManager has been loaded. (took 0ms)
[25-06-08 10:28:54] [INFO] [DEBUG] Starting load of Teleport at 1749378534753
[25-06-08 10:28:54] [INFO] [DEBUG] Teleport has been loaded. (took 1ms)
[25-06-08 10:28:54] [INFO] [DEBUG] Starting load of ExtensionManager at 1749378534754
[25-06-08 10:28:54] [INFO] [DEBUG] ExtensionManager has been loaded. (took 0ms)
[25-06-09 03:00:15] [INFO] [DEBUG] onDisable start -> 1749438015791

[25-06-09 03:00:15] [INFO] [DEBUG] Starting unload of ExtensionManager at 1749438015792
[25-06-09 03:00:15] [INFO] [DEBUG] ExtensionManager has been unloaded. (took 0ms)
[25-06-09 03:00:15] [INFO] [DEBUG] Starting unload of Teleport at 1749438015792
[25-06-09 03:00:15] [INFO] [DEBUG] Teleport has been unloaded. (took 0ms)
[25-06-09 03:00:15] [INFO] [DEBUG] Starting unload of RequestManager at 1749438015792
[25-06-09 03:00:15] [INFO] [DEBUG] RequestManager has been unloaded. (took 0ms)
[25-06-09 03:00:15] [INFO] [DEBUG] Starting unload of QueueSignManagerImpl at 1749438015792
[25-06-09 03:00:15] [INFO] [DEBUG] QueueSignManagerImpl has been unloaded. (took 0ms)
[25-06-09 03:00:15] [INFO] [DEBUG] Starting unload of QueueManager at 1749438015792
[25-06-09 03:00:15] [INFO] [DEBUG] QueueManager has been unloaded. (took 0ms)
[25-06-09 03:00:15] [INFO] [DEBUG] Starting unload of DuelManager at 1749438015792
[25-06-09 03:00:15] [INFO] [DEBUG] DuelManager has been unloaded. (took 0ms)
[25-06-09 03:00:15] [INFO] [DEBUG] Starting unload of InventoryManager at 1749438015792
[25-06-09 03:00:15] [INFO] [DEBUG] InventoryManager has been unloaded. (took 0ms)
[25-06-09 03:00:15] [INFO] [DEBUG] Starting unload of BettingManager at 1749438015792
[25-06-09 03:00:15] [INFO] [DEBUG] BettingManager has been unloaded. (took 0ms)
[25-06-09 03:00:15] [INFO] [DEBUG] Starting unload of SpectateManagerImpl at 1749438015792
[25-06-09 03:00:15] [INFO] [DEBUG] SpectateManagerImpl has been unloaded. (took 0ms)
[25-06-09 03:00:15] [INFO] [DEBUG] Starting unload of PlayerInfoManager at 1749438015792
[25-06-09 03:00:15] [INFO] [DEBUG] PlayerInfoManager has been unloaded. (took 21ms)
[25-06-09 03:00:15] [INFO] [DEBUG] Starting unload of SettingsManager at 1749438015813
[25-06-09 03:00:15] [INFO] [DEBUG] SettingsManager has been unloaded. (took 0ms)
[25-06-09 03:00:15] [INFO] [DEBUG] Starting unload of ArenaManagerImpl at 1749438015813
[25-06-09 03:00:15] [INFO] [DEBUG] ArenaManagerImpl has been unloaded. (took 0ms)
[25-06-09 03:00:15] [INFO] [DEBUG] Starting unload of KitManagerImpl at 1749438015813
[25-06-09 03:00:15] [INFO] [DEBUG] KitManagerImpl has been unloaded. (took 0ms)
[25-06-09 03:00:15] [INFO] [DEBUG] Starting unload of GuiListener at 1749438015813
[25-06-09 03:00:15] [INFO] [DEBUG] GuiListener has been unloaded. (took 0ms)
[25-06-09 03:00:15] [INFO] [DEBUG] Starting unload of UserManagerImpl at 1749438015813
[25-06-09 03:00:15] [INFO] [DEBUG] UserManagerImpl has been unloaded. (took 3ms)
[25-06-09 03:00:15] [INFO] [DEBUG] Starting unload of Lang at 1749438015816
[25-06-09 03:00:15] [INFO] [DEBUG] Lang has been unloaded. (took 0ms)
[25-06-09 03:00:15] [INFO] [DEBUG] Starting unload of Config at 1749438015816
[25-06-09 03:00:15] [INFO] [DEBUG] Config has been unloaded. (took 1ms)
[25-06-09 03:00:15] [INFO] [DEBUG] unload done (took 26ms)
[25-06-09 03:00:15] [INFO] [DEBUG] Log#clearSources done (took 0ms)
