[25-05-20 12:53:08] [INFO] [DEBUG] onEnable start -> 1747745588762

[25-05-20 12:53:08] [INFO] Using Economy Provider: com.earth2me.essentials.economy.vault.VaultEconomyProvider
[25-05-20 12:53:08] [INFO] [DEBUG] Starting load of Config at 1747745588798
[25-05-20 12:53:08] [INFO] [DEBUG] Config has been loaded. (took 4ms)
[25-05-20 12:53:08] [INFO] [DEBUG] Starting load of Lang at 1747745588802
[25-05-20 12:53:08] [INFO] [DEBUG] Lang has been loaded. (took 12ms)
[25-05-20 12:53:08] [INFO] [DEBUG] Starting load of UserManagerImpl at 1747745588814
[25-05-20 12:53:08] [INFO] [DEBUG] UserManagerImpl has been loaded. (took 0ms)
[25-05-20 12:53:08] [INFO] [DEBUG] Starting load of GuiListener at 1747745588814
[25-05-20 12:53:08] [INFO] [DEBUG] GuiListener has been loaded. (took 0ms)
[25-05-20 12:53:08] [INFO] [DEBUG] Starting load of KitManagerImpl at 1747745588814
[25-05-20 12:53:08] [INFO] KitManagerImpl: Loaded 7 kit(s).
[25-05-20 12:53:08] [INFO] [DEBUG] KitManagerImpl has been loaded. (took 83ms)
[25-05-20 12:53:08] [INFO] [DEBUG] Starting load of ArenaManagerImpl at 1747745588897
[25-05-20 12:53:08] [INFO] ArenaManagerImpl: Loaded 6 arena(s).
[25-05-20 12:53:08] [INFO] [DEBUG] ArenaManagerImpl has been loaded. (took 7ms)
[25-05-20 12:53:08] [INFO] [DEBUG] Starting load of SettingsManager at 1747745588904
[25-05-20 12:53:08] [INFO] [DEBUG] SettingsManager has been loaded. (took 0ms)
[25-05-20 12:53:08] [INFO] [DEBUG] Starting load of PlayerInfoManager at 1747745588904
[25-05-20 12:53:08] [INFO] [DEBUG] PlayerInfoManager has been loaded. (took 27ms)
[25-05-20 12:53:08] [INFO] [DEBUG] Starting load of SpectateManagerImpl at 1747745588931
[25-05-20 12:53:08] [INFO] [DEBUG] SpectateManagerImpl has been loaded. (took 0ms)
[25-05-20 12:53:08] [INFO] [DEBUG] Starting load of BettingManager at 1747745588931
[25-05-20 12:53:08] [INFO] [DEBUG] BettingManager has been loaded. (took 0ms)
[25-05-20 12:53:08] [INFO] [DEBUG] Starting load of InventoryManager at 1747745588931
[25-05-20 12:53:08] [INFO] [DEBUG] InventoryManager has been loaded. (took 0ms)
[25-05-20 12:53:08] [INFO] [DEBUG] Starting load of DuelManager at 1747745588931
[25-05-20 12:53:08] [INFO] [DEBUG] DuelManager has been loaded. (took 0ms)
[25-05-20 12:53:08] [INFO] [DEBUG] Starting load of QueueManager at 1747745588931
[25-05-20 12:53:08] [INFO] QueueManager: Loaded 0 queue(s).
[25-05-20 12:53:08] [INFO] [DEBUG] QueueManager has been loaded. (took 1ms)
[25-05-20 12:53:08] [INFO] [DEBUG] Starting load of QueueSignManagerImpl at 1747745588932
[25-05-20 12:53:08] [INFO] QueueSignManagerImpl: Loaded 0 queue sign(s).
[25-05-20 12:53:08] [INFO] [DEBUG] QueueSignManagerImpl has been loaded. (took 0ms)
[25-05-20 12:53:08] [INFO] [DEBUG] Starting load of RequestManager at 1747745588932
[25-05-20 12:53:08] [INFO] [DEBUG] RequestManager has been loaded. (took 0ms)
[25-05-20 12:53:08] [INFO] [DEBUG] Starting load of Teleport at 1747745588932
[25-05-20 12:53:08] [INFO] [DEBUG] Teleport has been loaded. (took 0ms)
[25-05-20 12:53:08] [INFO] [DEBUG] Starting load of ExtensionManager at 1747745588932
[25-05-20 12:53:08] [INFO] [DEBUG] ExtensionManager has been loaded. (took 1ms)
[25-05-20 13:18:56] [INFO] [DEBUG] onDisable start -> 1747747136964

[25-05-20 13:18:56] [INFO] [DEBUG] Starting unload of ExtensionManager at 1747747136966
[25-05-20 13:18:56] [INFO] [DEBUG] ExtensionManager has been unloaded. (took 0ms)
[25-05-20 13:18:56] [INFO] [DEBUG] Starting unload of Teleport at 1747747136966
[25-05-20 13:18:56] [INFO] [DEBUG] Teleport has been unloaded. (took 0ms)
[25-05-20 13:18:56] [INFO] [DEBUG] Starting unload of RequestManager at 1747747136966
[25-05-20 13:18:56] [INFO] [DEBUG] RequestManager has been unloaded. (took 0ms)
[25-05-20 13:18:56] [INFO] [DEBUG] Starting unload of QueueSignManagerImpl at 1747747136966
[25-05-20 13:18:56] [INFO] [DEBUG] QueueSignManagerImpl has been unloaded. (took 0ms)
[25-05-20 13:18:56] [INFO] [DEBUG] Starting unload of QueueManager at 1747747136966
[25-05-20 13:18:56] [INFO] [DEBUG] QueueManager has been unloaded. (took 0ms)
[25-05-20 13:18:56] [INFO] [DEBUG] Starting unload of DuelManager at 1747747136966
[25-05-20 13:18:56] [INFO] [DEBUG] DuelManager has been unloaded. (took 1ms)
[25-05-20 13:18:56] [INFO] [DEBUG] Starting unload of InventoryManager at 1747747136967
[25-05-20 13:18:56] [INFO] [DEBUG] InventoryManager has been unloaded. (took 0ms)
[25-05-20 13:18:56] [INFO] [DEBUG] Starting unload of BettingManager at 1747747136967
[25-05-20 13:18:56] [INFO] [DEBUG] BettingManager has been unloaded. (took 0ms)
[25-05-20 13:18:56] [INFO] [DEBUG] Starting unload of SpectateManagerImpl at 1747747136967
[25-05-20 13:18:56] [INFO] [DEBUG] SpectateManagerImpl has been unloaded. (took 0ms)
[25-05-20 13:18:56] [INFO] [DEBUG] Starting unload of PlayerInfoManager at 1747747136967
[25-05-20 13:18:57] [INFO] [DEBUG] PlayerInfoManager has been unloaded. (took 65ms)
[25-05-20 13:18:57] [INFO] [DEBUG] Starting unload of SettingsManager at 1747747137032
[25-05-20 13:18:57] [INFO] [DEBUG] SettingsManager has been unloaded. (took 0ms)
[25-05-20 13:18:57] [INFO] [DEBUG] Starting unload of ArenaManagerImpl at 1747747137032
[25-05-20 13:18:57] [INFO] [DEBUG] ArenaManagerImpl has been unloaded. (took 0ms)
[25-05-20 13:18:57] [INFO] [DEBUG] Starting unload of KitManagerImpl at 1747747137032
[25-05-20 13:18:57] [INFO] [DEBUG] KitManagerImpl has been unloaded. (took 0ms)
[25-05-20 13:18:57] [INFO] [DEBUG] Starting unload of GuiListener at 1747747137032
[25-05-20 13:18:57] [INFO] [DEBUG] GuiListener has been unloaded. (took 1ms)
[25-05-20 13:18:57] [INFO] [DEBUG] Starting unload of UserManagerImpl at 1747747137033
[25-05-20 13:18:57] [INFO] [DEBUG] UserManagerImpl has been unloaded. (took 19ms)
[25-05-20 13:18:57] [INFO] [DEBUG] Starting unload of Lang at 1747747137052
[25-05-20 13:18:57] [INFO] [DEBUG] Lang has been unloaded. (took 0ms)
[25-05-20 13:18:57] [INFO] [DEBUG] Starting unload of Config at 1747747137052
[25-05-20 13:18:57] [INFO] [DEBUG] Config has been unloaded. (took 0ms)
[25-05-20 13:18:57] [INFO] [DEBUG] unload done (took 88ms)
[25-05-20 13:18:57] [INFO] [DEBUG] Log#clearSources done (took 0ms)
[25-05-20 13:19:46] [INFO] [DEBUG] onEnable start -> 1747747186702

[25-05-20 13:19:46] [INFO] Using Economy Provider: com.earth2me.essentials.economy.vault.VaultEconomyProvider
[25-05-20 13:19:46] [INFO] [DEBUG] Starting load of Config at 1747747186768
[25-05-20 13:19:46] [INFO] [DEBUG] Config has been loaded. (took 7ms)
[25-05-20 13:19:46] [INFO] [DEBUG] Starting load of Lang at 1747747186775
[25-05-20 13:19:46] [INFO] [DEBUG] Lang has been loaded. (took 23ms)
[25-05-20 13:19:46] [INFO] [DEBUG] Starting load of UserManagerImpl at 1747747186798
[25-05-20 13:19:46] [INFO] [DEBUG] UserManagerImpl has been loaded. (took 1ms)
[25-05-20 13:19:46] [INFO] [DEBUG] Starting load of GuiListener at 1747747186799
[25-05-20 13:19:46] [INFO] [DEBUG] GuiListener has been loaded. (took 0ms)
[25-05-20 13:19:46] [INFO] [DEBUG] Starting load of KitManagerImpl at 1747747186799
[25-05-20 13:19:46] [INFO] KitManagerImpl: Loaded 7 kit(s).
[25-05-20 13:19:46] [INFO] [DEBUG] KitManagerImpl has been loaded. (took 169ms)
[25-05-20 13:19:46] [INFO] [DEBUG] Starting load of ArenaManagerImpl at 1747747186968
[25-05-20 13:19:46] [INFO] ArenaManagerImpl: Loaded 6 arena(s).
[25-05-20 13:19:46] [INFO] [DEBUG] ArenaManagerImpl has been loaded. (took 16ms)
[25-05-20 13:19:46] [INFO] [DEBUG] Starting load of SettingsManager at 1747747186984
[25-05-20 13:19:46] [INFO] [DEBUG] SettingsManager has been loaded. (took 0ms)
[25-05-20 13:19:46] [INFO] [DEBUG] Starting load of PlayerInfoManager at 1747747186984
[25-05-20 13:19:47] [INFO] [DEBUG] PlayerInfoManager has been loaded. (took 47ms)
[25-05-20 13:19:47] [INFO] [DEBUG] Starting load of SpectateManagerImpl at 1747747187032
[25-05-20 13:19:47] [INFO] [DEBUG] SpectateManagerImpl has been loaded. (took 0ms)
[25-05-20 13:19:47] [INFO] [DEBUG] Starting load of BettingManager at 1747747187032
[25-05-20 13:19:47] [INFO] [DEBUG] BettingManager has been loaded. (took 0ms)
[25-05-20 13:19:47] [INFO] [DEBUG] Starting load of InventoryManager at 1747747187032
[25-05-20 13:19:47] [INFO] [DEBUG] InventoryManager has been loaded. (took 0ms)
[25-05-20 13:19:47] [INFO] [DEBUG] Starting load of DuelManager at 1747747187033
[25-05-20 13:19:47] [INFO] [DEBUG] DuelManager has been loaded. (took 0ms)
[25-05-20 13:19:47] [INFO] [DEBUG] Starting load of QueueManager at 1747747187033
[25-05-20 13:19:47] [INFO] QueueManager: Loaded 0 queue(s).
[25-05-20 13:19:47] [INFO] [DEBUG] QueueManager has been loaded. (took 1ms)
[25-05-20 13:19:47] [INFO] [DEBUG] Starting load of QueueSignManagerImpl at 1747747187034
[25-05-20 13:19:47] [INFO] QueueSignManagerImpl: Loaded 0 queue sign(s).
[25-05-20 13:19:47] [INFO] [DEBUG] QueueSignManagerImpl has been loaded. (took 0ms)
[25-05-20 13:19:47] [INFO] [DEBUG] Starting load of RequestManager at 1747747187035
[25-05-20 13:19:47] [INFO] [DEBUG] RequestManager has been loaded. (took 0ms)
[25-05-20 13:19:47] [INFO] [DEBUG] Starting load of Teleport at 1747747187035
[25-05-20 13:19:47] [INFO] [DEBUG] Teleport has been loaded. (took 0ms)
[25-05-20 13:19:47] [INFO] [DEBUG] Starting load of ExtensionManager at 1747747187035
[25-05-20 13:19:47] [INFO] [DEBUG] ExtensionManager has been loaded. (took 0ms)
[25-05-20 15:23:34] [WARNING] XZXProudenXZX has attempted to use a kit item while not in duel, but was prevented by KitItemListener.
[25-05-20 18:06:30] [WARNING] bronze5181 has attempted to use a kit item while not in duel, but was prevented by KitItemListener.
[25-05-20 20:21:34] [WARNING] Speedsportik1 has attempted to use a kit item while not in duel, but was prevented by KitItemListener.
[25-05-20 22:41:24] [WARNING] jokker110 has attempted to use a kit item while not in duel, but was prevented by KitItemListener.
[25-05-21 07:27:27] [WARNING] 678678678geniy has attempted to use a kit item while not in duel, but was prevented by KitItemListener.
[25-05-21 14:49:06] [WARNING] Bobric228saras has attempted to use a kit item while not in duel, but was prevented by KitItemListener.
[25-05-21 15:07:48] [INFO] [DEBUG] onDisable start -> 1747840068652

[25-05-21 15:07:48] [INFO] [DEBUG] Starting unload of ExtensionManager at 1747840068654
[25-05-21 15:07:48] [INFO] [DEBUG] ExtensionManager has been unloaded. (took 0ms)
[25-05-21 15:07:48] [INFO] [DEBUG] Starting unload of Teleport at 1747840068655
[25-05-21 15:07:48] [INFO] [DEBUG] Teleport has been unloaded. (took 0ms)
[25-05-21 15:07:48] [INFO] [DEBUG] Starting unload of RequestManager at 1747840068655
[25-05-21 15:07:48] [INFO] [DEBUG] RequestManager has been unloaded. (took 0ms)
[25-05-21 15:07:48] [INFO] [DEBUG] Starting unload of QueueSignManagerImpl at 1747840068655
[25-05-21 15:07:48] [INFO] [DEBUG] QueueSignManagerImpl has been unloaded. (took 0ms)
[25-05-21 15:07:48] [INFO] [DEBUG] Starting unload of QueueManager at 1747840068655
[25-05-21 15:07:48] [INFO] [DEBUG] QueueManager has been unloaded. (took 0ms)
[25-05-21 15:07:48] [INFO] [DEBUG] Starting unload of DuelManager at 1747840068655
[25-05-21 15:07:48] [INFO] [DEBUG] DuelManager has been unloaded. (took 12ms)
[25-05-21 15:07:48] [INFO] [DEBUG] Starting unload of InventoryManager at 1747840068668
[25-05-21 15:07:48] [INFO] [DEBUG] InventoryManager has been unloaded. (took 0ms)
[25-05-21 15:07:48] [INFO] [DEBUG] Starting unload of BettingManager at 1747840068668
[25-05-21 15:07:48] [INFO] [DEBUG] BettingManager has been unloaded. (took 0ms)
[25-05-21 15:07:48] [INFO] [DEBUG] Starting unload of SpectateManagerImpl at 1747840068668
[25-05-21 15:07:48] [INFO] [DEBUG] SpectateManagerImpl has been unloaded. (took 0ms)
[25-05-21 15:07:48] [INFO] [DEBUG] Starting unload of PlayerInfoManager at 1747840068668
[25-05-21 15:07:48] [INFO] [DEBUG] PlayerInfoManager has been unloaded. (took 87ms)
[25-05-21 15:07:48] [INFO] [DEBUG] Starting unload of SettingsManager at 1747840068755
[25-05-21 15:07:48] [INFO] [DEBUG] SettingsManager has been unloaded. (took 0ms)
[25-05-21 15:07:48] [INFO] [DEBUG] Starting unload of ArenaManagerImpl at 1747840068755
[25-05-21 15:07:48] [INFO] [DEBUG] ArenaManagerImpl has been unloaded. (took 0ms)
[25-05-21 15:07:48] [INFO] [DEBUG] Starting unload of KitManagerImpl at 1747840068755
[25-05-21 15:07:48] [INFO] [DEBUG] KitManagerImpl has been unloaded. (took 0ms)
[25-05-21 15:07:48] [INFO] [DEBUG] Starting unload of GuiListener at 1747840068755
[25-05-21 15:07:48] [INFO] [DEBUG] GuiListener has been unloaded. (took 1ms)
[25-05-21 15:07:48] [INFO] [DEBUG] Starting unload of UserManagerImpl at 1747840068756
[25-05-21 15:07:48] [INFO] [DEBUG] UserManagerImpl has been unloaded. (took 17ms)
[25-05-21 15:07:48] [INFO] [DEBUG] Starting unload of Lang at 1747840068773
[25-05-21 15:07:48] [INFO] [DEBUG] Lang has been unloaded. (took 0ms)
[25-05-21 15:07:48] [INFO] [DEBUG] Starting unload of Config at 1747840068773
[25-05-21 15:07:48] [INFO] [DEBUG] Config has been unloaded. (took 0ms)
[25-05-21 15:07:48] [INFO] [DEBUG] unload done (took 121ms)
[25-05-21 15:07:48] [INFO] [DEBUG] Log#clearSources done (took 0ms)
