[25-06-19 03:00:57] [INFO] [DEBUG] onEnable start -> 1750291257278

[25-06-19 03:00:57] [INFO] Using Economy Provider: com.earth2me.essentials.economy.vault.VaultEconomyProvider
[25-06-19 03:00:57] [INFO] [DEBUG] Starting load of Config at 1750291257319
[25-06-19 03:00:57] [INFO] [DEBUG] Config has been loaded. (took 5ms)
[25-06-19 03:00:57] [INFO] [DEBUG] Starting load of Lang at 1750291257324
[25-06-19 03:00:57] [INFO] [DEBUG] Lang has been loaded. (took 11ms)
[25-06-19 03:00:57] [INFO] [DEBUG] Starting load of UserManagerImpl at 1750291257335
[25-06-19 03:00:57] [INFO] [DEBUG] UserManagerImpl has been loaded. (took 1ms)
[25-06-19 03:00:57] [INFO] [DEBUG] Starting load of GuiListener at 1750291257336
[25-06-19 03:00:57] [INFO] [DEBUG] GuiListener has been loaded. (took 0ms)
[25-06-19 03:00:57] [INFO] [DEBUG] Starting load of KitManagerImpl at 1750291257336
[25-06-19 03:00:57] [INFO] KitManagerImpl: Loaded 7 kit(s).
[25-06-19 03:00:57] [INFO] [DEBUG] KitManagerImpl has been loaded. (took 103ms)
[25-06-19 03:00:57] [INFO] [DEBUG] Starting load of ArenaManagerImpl at 1750291257439
[25-06-19 03:00:57] [INFO] ArenaManagerImpl: Loaded 6 arena(s).
[25-06-19 03:00:57] [INFO] [DEBUG] ArenaManagerImpl has been loaded. (took 9ms)
[25-06-19 03:00:57] [INFO] [DEBUG] Starting load of SettingsManager at 1750291257448
[25-06-19 03:00:57] [INFO] [DEBUG] SettingsManager has been loaded. (took 0ms)
[25-06-19 03:00:57] [INFO] [DEBUG] Starting load of PlayerInfoManager at 1750291257448
[25-06-19 03:00:57] [INFO] [DEBUG] PlayerInfoManager has been loaded. (took 0ms)
[25-06-19 03:00:57] [INFO] [DEBUG] Starting load of SpectateManagerImpl at 1750291257449
[25-06-19 03:00:57] [INFO] [DEBUG] SpectateManagerImpl has been loaded. (took 0ms)
[25-06-19 03:00:57] [INFO] [DEBUG] Starting load of BettingManager at 1750291257449
[25-06-19 03:00:57] [INFO] [DEBUG] BettingManager has been loaded. (took 0ms)
[25-06-19 03:00:57] [INFO] [DEBUG] Starting load of InventoryManager at 1750291257449
[25-06-19 03:00:57] [INFO] [DEBUG] InventoryManager has been loaded. (took 0ms)
[25-06-19 03:00:57] [INFO] [DEBUG] Starting load of DuelManager at 1750291257449
[25-06-19 03:00:57] [INFO] [DEBUG] DuelManager has been loaded. (took 0ms)
[25-06-19 03:00:57] [INFO] [DEBUG] Starting load of QueueManager at 1750291257449
[25-06-19 03:00:57] [INFO] QueueManager: Loaded 0 queue(s).
[25-06-19 03:00:57] [INFO] [DEBUG] QueueManager has been loaded. (took 1ms)
[25-06-19 03:00:57] [INFO] [DEBUG] Starting load of QueueSignManagerImpl at 1750291257450
[25-06-19 03:00:57] [INFO] QueueSignManagerImpl: Loaded 0 queue sign(s).
[25-06-19 03:00:57] [INFO] [DEBUG] QueueSignManagerImpl has been loaded. (took 0ms)
[25-06-19 03:00:57] [INFO] [DEBUG] Starting load of RequestManager at 1750291257450
[25-06-19 03:00:57] [INFO] [DEBUG] RequestManager has been loaded. (took 0ms)
[25-06-19 03:00:57] [INFO] [DEBUG] Starting load of Teleport at 1750291257450
[25-06-19 03:00:57] [INFO] [DEBUG] Teleport has been loaded. (took 0ms)
[25-06-19 03:00:57] [INFO] [DEBUG] Starting load of ExtensionManager at 1750291257451
[25-06-19 03:00:57] [INFO] [DEBUG] ExtensionManager has been loaded. (took 0ms)
