[25-05-27 10:34:48] [INFO] [DEBUG] onEnable start -> 1748342088859

[25-05-27 10:34:48] [INFO] Using Economy Provider: com.earth2me.essentials.economy.vault.VaultEconomyProvider
[25-05-27 10:34:48] [INFO] [DEBUG] Starting load of Config at 1748342088896
[25-05-27 10:34:48] [INFO] [DEBUG] Config has been loaded. (took 4ms)
[25-05-27 10:34:48] [INFO] [DEBUG] Starting load of Lang at 1748342088901
[25-05-27 10:34:48] [INFO] [DEBUG] Lang has been loaded. (took 15ms)
[25-05-27 10:34:48] [INFO] [DEBUG] Starting load of UserManagerImpl at 1748342088916
[25-05-27 10:34:48] [INFO] [DEBUG] UserManagerImpl has been loaded. (took 0ms)
[25-05-27 10:34:48] [INFO] [DEBUG] Starting load of GuiListener at 1748342088916
[25-05-27 10:34:48] [INFO] [DEBUG] GuiListener has been loaded. (took 0ms)
[25-05-27 10:34:48] [INFO] [DEBUG] Starting load of KitManagerImpl at 1748342088916
[25-05-27 10:34:49] [INFO] KitManagerImpl: Loaded 7 kit(s).
[25-05-27 10:34:49] [INFO] [DEBUG] KitManagerImpl has been loaded. (took 112ms)
[25-05-27 10:34:49] [INFO] [DEBUG] Starting load of ArenaManagerImpl at 1748342089028
[25-05-27 10:34:49] [INFO] ArenaManagerImpl: Loaded 6 arena(s).
[25-05-27 10:34:49] [INFO] [DEBUG] ArenaManagerImpl has been loaded. (took 9ms)
[25-05-27 10:34:49] [INFO] [DEBUG] Starting load of SettingsManager at 1748342089037
[25-05-27 10:34:49] [INFO] [DEBUG] SettingsManager has been loaded. (took 0ms)
[25-05-27 10:34:49] [INFO] [DEBUG] Starting load of PlayerInfoManager at 1748342089037
[25-05-27 10:34:49] [INFO] [DEBUG] PlayerInfoManager has been loaded. (took 42ms)
[25-05-27 10:34:49] [INFO] [DEBUG] Starting load of SpectateManagerImpl at 1748342089079
[25-05-27 10:34:49] [INFO] [DEBUG] SpectateManagerImpl has been loaded. (took 0ms)
[25-05-27 10:34:49] [INFO] [DEBUG] Starting load of BettingManager at 1748342089079
[25-05-27 10:34:49] [INFO] [DEBUG] BettingManager has been loaded. (took 0ms)
[25-05-27 10:34:49] [INFO] [DEBUG] Starting load of InventoryManager at 1748342089079
[25-05-27 10:34:49] [INFO] [DEBUG] InventoryManager has been loaded. (took 0ms)
[25-05-27 10:34:49] [INFO] [DEBUG] Starting load of DuelManager at 1748342089079
[25-05-27 10:34:49] [INFO] [DEBUG] DuelManager has been loaded. (took 0ms)
[25-05-27 10:34:49] [INFO] [DEBUG] Starting load of QueueManager at 1748342089079
[25-05-27 10:34:49] [INFO] QueueManager: Loaded 0 queue(s).
[25-05-27 10:34:49] [INFO] [DEBUG] QueueManager has been loaded. (took 1ms)
[25-05-27 10:34:49] [INFO] [DEBUG] Starting load of QueueSignManagerImpl at 1748342089080
[25-05-27 10:34:49] [INFO] QueueSignManagerImpl: Loaded 0 queue sign(s).
[25-05-27 10:34:49] [INFO] [DEBUG] QueueSignManagerImpl has been loaded. (took 0ms)
[25-05-27 10:34:49] [INFO] [DEBUG] Starting load of RequestManager at 1748342089080
[25-05-27 10:34:49] [INFO] [DEBUG] RequestManager has been loaded. (took 0ms)
[25-05-27 10:34:49] [INFO] [DEBUG] Starting load of Teleport at 1748342089080
[25-05-27 10:34:49] [INFO] [DEBUG] Teleport has been loaded. (took 1ms)
[25-05-27 10:34:49] [INFO] [DEBUG] Starting load of ExtensionManager at 1748342089081
[25-05-27 10:34:49] [INFO] [DEBUG] ExtensionManager has been loaded. (took 0ms)
[25-05-28 04:40:19] [INFO] [DEBUG] onDisable start -> 1748407219458

[25-05-28 04:40:19] [INFO] [DEBUG] Starting unload of ExtensionManager at 1748407219460
[25-05-28 04:40:19] [INFO] [DEBUG] ExtensionManager has been unloaded. (took 0ms)
[25-05-28 04:40:19] [INFO] [DEBUG] Starting unload of Teleport at 1748407219460
[25-05-28 04:40:19] [INFO] [DEBUG] Teleport has been unloaded. (took 0ms)
[25-05-28 04:40:19] [INFO] [DEBUG] Starting unload of RequestManager at 1748407219460
[25-05-28 04:40:19] [INFO] [DEBUG] RequestManager has been unloaded. (took 0ms)
[25-05-28 04:40:19] [INFO] [DEBUG] Starting unload of QueueSignManagerImpl at 1748407219460
[25-05-28 04:40:19] [INFO] [DEBUG] QueueSignManagerImpl has been unloaded. (took 0ms)
[25-05-28 04:40:19] [INFO] [DEBUG] Starting unload of QueueManager at 1748407219460
[25-05-28 04:40:19] [INFO] [DEBUG] QueueManager has been unloaded. (took 0ms)
[25-05-28 04:40:19] [INFO] [DEBUG] Starting unload of DuelManager at 1748407219460
[25-05-28 04:40:19] [INFO] [DEBUG] DuelManager has been unloaded. (took 0ms)
[25-05-28 04:40:19] [INFO] [DEBUG] Starting unload of InventoryManager at 1748407219460
[25-05-28 04:40:19] [INFO] [DEBUG] InventoryManager has been unloaded. (took 0ms)
[25-05-28 04:40:19] [INFO] [DEBUG] Starting unload of BettingManager at 1748407219460
[25-05-28 04:40:19] [INFO] [DEBUG] BettingManager has been unloaded. (took 0ms)
[25-05-28 04:40:19] [INFO] [DEBUG] Starting unload of SpectateManagerImpl at 1748407219460
[25-05-28 04:40:19] [INFO] [DEBUG] SpectateManagerImpl has been unloaded. (took 0ms)
[25-05-28 04:40:19] [INFO] [DEBUG] Starting unload of PlayerInfoManager at 1748407219460
[25-05-28 04:40:19] [INFO] [DEBUG] PlayerInfoManager has been unloaded. (took 54ms)
[25-05-28 04:40:19] [INFO] [DEBUG] Starting unload of SettingsManager at 1748407219514
[25-05-28 04:40:19] [INFO] [DEBUG] SettingsManager has been unloaded. (took 0ms)
[25-05-28 04:40:19] [INFO] [DEBUG] Starting unload of ArenaManagerImpl at 1748407219514
[25-05-28 04:40:19] [INFO] [DEBUG] ArenaManagerImpl has been unloaded. (took 0ms)
[25-05-28 04:40:19] [INFO] [DEBUG] Starting unload of KitManagerImpl at 1748407219514
[25-05-28 04:40:19] [INFO] [DEBUG] KitManagerImpl has been unloaded. (took 0ms)
[25-05-28 04:40:19] [INFO] [DEBUG] Starting unload of GuiListener at 1748407219514
[25-05-28 04:40:19] [INFO] [DEBUG] GuiListener has been unloaded. (took 1ms)
[25-05-28 04:40:19] [INFO] [DEBUG] Starting unload of UserManagerImpl at 1748407219515
[25-05-28 04:40:19] [INFO] [DEBUG] UserManagerImpl has been unloaded. (took 5ms)
[25-05-28 04:40:19] [INFO] [DEBUG] Starting unload of Lang at 1748407219520
[25-05-28 04:40:19] [INFO] [DEBUG] Lang has been unloaded. (took 0ms)
[25-05-28 04:40:19] [INFO] [DEBUG] Starting unload of Config at 1748407219520
[25-05-28 04:40:19] [INFO] [DEBUG] Config has been unloaded. (took 0ms)
[25-05-28 04:40:19] [INFO] [DEBUG] unload done (took 62ms)
[25-05-28 04:40:19] [INFO] [DEBUG] Log#clearSources done (took 0ms)
