[25-05-30 08:51:28] [INFO] [DEBUG] onEnable start -> 1748595088236

[25-05-30 08:51:28] [INFO] Using Economy Provider: com.earth2me.essentials.economy.vault.VaultEconomyProvider
[25-05-30 08:51:28] [INFO] [DEBUG] Starting load of Config at 1748595088263
[25-05-30 08:51:28] [INFO] [DEBUG] Config has been loaded. (took 3ms)
[25-05-30 08:51:28] [INFO] [DEBUG] Starting load of Lang at 1748595088266
[25-05-30 08:51:28] [INFO] [DEBUG] Lang has been loaded. (took 11ms)
[25-05-30 08:51:28] [INFO] [DEBUG] Starting load of UserManagerImpl at 1748595088277
[25-05-30 08:51:28] [INFO] [DEBUG] UserManagerImpl has been loaded. (took 0ms)
[25-05-30 08:51:28] [INFO] [DEBUG] Starting load of GuiListener at 1748595088277
[25-05-30 08:51:28] [INFO] [DEBUG] GuiListener has been loaded. (took 0ms)
[25-05-30 08:51:28] [INFO] [DEBUG] Starting load of KitManagerImpl at 1748595088277
[25-05-30 08:51:28] [INFO] KitManagerImpl: Loaded 7 kit(s).
[25-05-30 08:51:28] [INFO] [DEBUG] KitManagerImpl has been loaded. (took 83ms)
[25-05-30 08:51:28] [INFO] [DEBUG] Starting load of ArenaManagerImpl at 1748595088360
[25-05-30 08:51:28] [INFO] ArenaManagerImpl: Loaded 6 arena(s).
[25-05-30 08:51:28] [INFO] [DEBUG] ArenaManagerImpl has been loaded. (took 9ms)
[25-05-30 08:51:28] [INFO] [DEBUG] Starting load of SettingsManager at 1748595088369
[25-05-30 08:51:28] [INFO] [DEBUG] SettingsManager has been loaded. (took 0ms)
[25-05-30 08:51:28] [INFO] [DEBUG] Starting load of PlayerInfoManager at 1748595088369
[25-05-30 08:51:28] [INFO] [DEBUG] PlayerInfoManager has been loaded. (took 0ms)
[25-05-30 08:51:28] [INFO] [DEBUG] Starting load of SpectateManagerImpl at 1748595088369
[25-05-30 08:51:28] [INFO] [DEBUG] SpectateManagerImpl has been loaded. (took 0ms)
[25-05-30 08:51:28] [INFO] [DEBUG] Starting load of BettingManager at 1748595088369
[25-05-30 08:51:28] [INFO] [DEBUG] BettingManager has been loaded. (took 0ms)
[25-05-30 08:51:28] [INFO] [DEBUG] Starting load of InventoryManager at 1748595088369
[25-05-30 08:51:28] [INFO] [DEBUG] InventoryManager has been loaded. (took 1ms)
[25-05-30 08:51:28] [INFO] [DEBUG] Starting load of DuelManager at 1748595088370
[25-05-30 08:51:28] [INFO] [DEBUG] DuelManager has been loaded. (took 0ms)
[25-05-30 08:51:28] [INFO] [DEBUG] Starting load of QueueManager at 1748595088370
[25-05-30 08:51:28] [INFO] QueueManager: Loaded 0 queue(s).
[25-05-30 08:51:28] [INFO] [DEBUG] QueueManager has been loaded. (took 0ms)
[25-05-30 08:51:28] [INFO] [DEBUG] Starting load of QueueSignManagerImpl at 1748595088370
[25-05-30 08:51:28] [INFO] QueueSignManagerImpl: Loaded 0 queue sign(s).
[25-05-30 08:51:28] [INFO] [DEBUG] QueueSignManagerImpl has been loaded. (took 1ms)
[25-05-30 08:51:28] [INFO] [DEBUG] Starting load of RequestManager at 1748595088371
[25-05-30 08:51:28] [INFO] [DEBUG] RequestManager has been loaded. (took 0ms)
[25-05-30 08:51:28] [INFO] [DEBUG] Starting load of Teleport at 1748595088371
[25-05-30 08:51:28] [INFO] [DEBUG] Teleport has been loaded. (took 0ms)
[25-05-30 08:51:28] [INFO] [DEBUG] Starting load of ExtensionManager at 1748595088371
[25-05-30 08:51:28] [INFO] [DEBUG] ExtensionManager has been loaded. (took 0ms)
[25-05-30 15:04:16] [WARNING] malinki221 has attempted to use a kit item while not in duel, but was prevented by KitItemListener.
[25-05-30 16:18:08] [WARNING] DUKATU has attempted to use a kit item while not in duel, but was prevented by KitItemListener.
[25-05-31 05:48:17] [WARNING] Platon_boxpvp40 has attempted to use a kit item while not in duel, but was prevented by KitItemListener.
