[25-06-10 03:00:42] [INFO] [DEBUG] onEnable start -> 1749524442477

[25-06-10 03:00:42] [INFO] Using Economy Provider: com.earth2me.essentials.economy.vault.VaultEconomyProvider
[25-06-10 03:00:42] [INFO] [DEBUG] Starting load of Config at 1749524442505
[25-06-10 03:00:42] [INFO] [DEBUG] Config has been loaded. (took 3ms)
[25-06-10 03:00:42] [INFO] [DEBUG] Starting load of Lang at 1749524442508
[25-06-10 03:00:42] [INFO] [DEBUG] Lang has been loaded. (took 10ms)
[25-06-10 03:00:42] [INFO] [DEBUG] Starting load of UserManagerImpl at 1749524442518
[25-06-10 03:00:42] [INFO] [DEBUG] UserManagerImpl has been loaded. (took 0ms)
[25-06-10 03:00:42] [INFO] [DEBUG] Starting load of GuiListener at 1749524442518
[25-06-10 03:00:42] [INFO] [DEBUG] GuiListener has been loaded. (took 0ms)
[25-06-10 03:00:42] [INFO] [DEBUG] Starting load of KitManagerImpl at 1749524442518
[25-06-10 03:00:42] [INFO] KitManagerImpl: Loaded 7 kit(s).
[25-06-10 03:00:42] [INFO] [DEBUG] KitManagerImpl has been loaded. (took 68ms)
[25-06-10 03:00:42] [INFO] [DEBUG] Starting load of ArenaManagerImpl at 1749524442586
[25-06-10 03:00:42] [INFO] ArenaManagerImpl: Loaded 6 arena(s).
[25-06-10 03:00:42] [INFO] [DEBUG] ArenaManagerImpl has been loaded. (took 6ms)
[25-06-10 03:00:42] [INFO] [DEBUG] Starting load of SettingsManager at 1749524442592
[25-06-10 03:00:42] [INFO] [DEBUG] SettingsManager has been loaded. (took 0ms)
[25-06-10 03:00:42] [INFO] [DEBUG] Starting load of PlayerInfoManager at 1749524442592
[25-06-10 03:00:42] [INFO] [DEBUG] PlayerInfoManager has been loaded. (took 13ms)
[25-06-10 03:00:42] [INFO] [DEBUG] Starting load of SpectateManagerImpl at 1749524442605
[25-06-10 03:00:42] [INFO] [DEBUG] SpectateManagerImpl has been loaded. (took 0ms)
[25-06-10 03:00:42] [INFO] [DEBUG] Starting load of BettingManager at 1749524442605
[25-06-10 03:00:42] [INFO] [DEBUG] BettingManager has been loaded. (took 0ms)
[25-06-10 03:00:42] [INFO] [DEBUG] Starting load of InventoryManager at 1749524442605
[25-06-10 03:00:42] [INFO] [DEBUG] InventoryManager has been loaded. (took 1ms)
[25-06-10 03:00:42] [INFO] [DEBUG] Starting load of DuelManager at 1749524442606
[25-06-10 03:00:42] [INFO] [DEBUG] DuelManager has been loaded. (took 0ms)
[25-06-10 03:00:42] [INFO] [DEBUG] Starting load of QueueManager at 1749524442606
[25-06-10 03:00:42] [INFO] QueueManager: Loaded 0 queue(s).
[25-06-10 03:00:42] [INFO] [DEBUG] QueueManager has been loaded. (took 0ms)
[25-06-10 03:00:42] [INFO] [DEBUG] Starting load of QueueSignManagerImpl at 1749524442606
[25-06-10 03:00:42] [INFO] QueueSignManagerImpl: Loaded 0 queue sign(s).
[25-06-10 03:00:42] [INFO] [DEBUG] QueueSignManagerImpl has been loaded. (took 0ms)
[25-06-10 03:00:42] [INFO] [DEBUG] Starting load of RequestManager at 1749524442606
[25-06-10 03:00:42] [INFO] [DEBUG] RequestManager has been loaded. (took 0ms)
[25-06-10 03:00:42] [INFO] [DEBUG] Starting load of Teleport at 1749524442606
[25-06-10 03:00:42] [INFO] [DEBUG] Teleport has been loaded. (took 0ms)
[25-06-10 03:00:42] [INFO] [DEBUG] Starting load of ExtensionManager at 1749524442606
[25-06-10 03:00:42] [INFO] [DEBUG] ExtensionManager has been loaded. (took 0ms)
[25-06-10 14:00:20] [WARNING] artem_kireeshka2 has attempted to use a kit item while not in duel, but was prevented by KitItemListener.
[25-06-11 03:00:33] [INFO] [DEBUG] onDisable start -> 1749610833665

[25-06-11 03:00:33] [INFO] [DEBUG] Starting unload of ExtensionManager at 1749610833667
[25-06-11 03:00:33] [INFO] [DEBUG] ExtensionManager has been unloaded. (took 0ms)
[25-06-11 03:00:33] [INFO] [DEBUG] Starting unload of Teleport at 1749610833667
[25-06-11 03:00:33] [INFO] [DEBUG] Teleport has been unloaded. (took 0ms)
[25-06-11 03:00:33] [INFO] [DEBUG] Starting unload of RequestManager at 1749610833667
[25-06-11 03:00:33] [INFO] [DEBUG] RequestManager has been unloaded. (took 0ms)
[25-06-11 03:00:33] [INFO] [DEBUG] Starting unload of QueueSignManagerImpl at 1749610833667
[25-06-11 03:00:33] [INFO] [DEBUG] QueueSignManagerImpl has been unloaded. (took 0ms)
[25-06-11 03:00:33] [INFO] [DEBUG] Starting unload of QueueManager at 1749610833667
[25-06-11 03:00:33] [INFO] [DEBUG] QueueManager has been unloaded. (took 0ms)
[25-06-11 03:00:33] [INFO] [DEBUG] Starting unload of DuelManager at 1749610833667
[25-06-11 03:00:33] [INFO] [DEBUG] DuelManager has been unloaded. (took 0ms)
[25-06-11 03:00:33] [INFO] [DEBUG] Starting unload of InventoryManager at 1749610833667
[25-06-11 03:00:33] [INFO] [DEBUG] InventoryManager has been unloaded. (took 0ms)
[25-06-11 03:00:33] [INFO] [DEBUG] Starting unload of BettingManager at 1749610833667
[25-06-11 03:00:33] [INFO] [DEBUG] BettingManager has been unloaded. (took 0ms)
[25-06-11 03:00:33] [INFO] [DEBUG] Starting unload of SpectateManagerImpl at 1749610833667
[25-06-11 03:00:33] [INFO] [DEBUG] SpectateManagerImpl has been unloaded. (took 0ms)
[25-06-11 03:00:33] [INFO] [DEBUG] Starting unload of PlayerInfoManager at 1749610833667
[25-06-11 03:00:33] [INFO] [DEBUG] PlayerInfoManager has been unloaded. (took 31ms)
[25-06-11 03:00:33] [INFO] [DEBUG] Starting unload of SettingsManager at 1749610833698
[25-06-11 03:00:33] [INFO] [DEBUG] SettingsManager has been unloaded. (took 0ms)
[25-06-11 03:00:33] [INFO] [DEBUG] Starting unload of ArenaManagerImpl at 1749610833698
[25-06-11 03:00:33] [INFO] [DEBUG] ArenaManagerImpl has been unloaded. (took 0ms)
[25-06-11 03:00:33] [INFO] [DEBUG] Starting unload of KitManagerImpl at 1749610833698
[25-06-11 03:00:33] [INFO] [DEBUG] KitManagerImpl has been unloaded. (took 0ms)
[25-06-11 03:00:33] [INFO] [DEBUG] Starting unload of GuiListener at 1749610833698
[25-06-11 03:00:33] [INFO] [DEBUG] GuiListener has been unloaded. (took 0ms)
[25-06-11 03:00:33] [INFO] [DEBUG] Starting unload of UserManagerImpl at 1749610833698
[25-06-11 03:00:33] [INFO] [DEBUG] UserManagerImpl has been unloaded. (took 2ms)
[25-06-11 03:00:33] [INFO] [DEBUG] Starting unload of Lang at 1749610833700
[25-06-11 03:00:33] [INFO] [DEBUG] Lang has been unloaded. (took 0ms)
[25-06-11 03:00:33] [INFO] [DEBUG] Starting unload of Config at 1749610833700
[25-06-11 03:00:33] [INFO] [DEBUG] Config has been unloaded. (took 0ms)
[25-06-11 03:00:33] [INFO] [DEBUG] unload done (took 35ms)
[25-06-11 03:00:33] [INFO] [DEBUG] Log#clearSources done (took 0ms)
