[25-05-31 15:56:10] [INFO] [DEBUG] onEnable start -> 1748706970088

[25-05-31 15:56:10] [INFO] Using Economy Provider: com.earth2me.essentials.economy.vault.VaultEconomyProvider
[25-05-31 15:56:10] [INFO] [DEBUG] Starting load of Config at 1748706970127
[25-05-31 15:56:10] [INFO] [DEBUG] Config has been loaded. (took 5ms)
[25-05-31 15:56:10] [INFO] [DEBUG] Starting load of Lang at 1748706970132
[25-05-31 15:56:10] [INFO] [DEBUG] Lang has been loaded. (took 16ms)
[25-05-31 15:56:10] [INFO] [DEBUG] Starting load of UserManagerImpl at 1748706970148
[25-05-31 15:56:10] [INFO] [DEBUG] UserManagerImpl has been loaded. (took 1ms)
[25-05-31 15:56:10] [INFO] [DEBUG] Starting load of GuiListener at 1748706970149
[25-05-31 15:56:10] [INFO] [DEBUG] GuiListener has been loaded. (took 0ms)
[25-05-31 15:56:10] [INFO] [DEBUG] Starting load of KitManagerImpl at 1748706970149
[25-05-31 15:56:10] [INFO] KitManagerImpl: Loaded 7 kit(s).
[25-05-31 15:56:10] [INFO] [DEBUG] KitManagerImpl has been loaded. (took 104ms)
[25-05-31 15:56:10] [INFO] [DEBUG] Starting load of ArenaManagerImpl at 1748706970253
[25-05-31 15:56:10] [INFO] ArenaManagerImpl: Loaded 6 arena(s).
[25-05-31 15:56:10] [INFO] [DEBUG] ArenaManagerImpl has been loaded. (took 8ms)
[25-05-31 15:56:10] [INFO] [DEBUG] Starting load of SettingsManager at 1748706970261
[25-05-31 15:56:10] [INFO] [DEBUG] SettingsManager has been loaded. (took 0ms)
[25-05-31 15:56:10] [INFO] [DEBUG] Starting load of PlayerInfoManager at 1748706970261
[25-05-31 15:56:10] [INFO] [DEBUG] PlayerInfoManager has been loaded. (took 1ms)
[25-05-31 15:56:10] [INFO] [DEBUG] Starting load of SpectateManagerImpl at 1748706970262
[25-05-31 15:56:10] [INFO] [DEBUG] SpectateManagerImpl has been loaded. (took 0ms)
[25-05-31 15:56:10] [INFO] [DEBUG] Starting load of BettingManager at 1748706970262
[25-05-31 15:56:10] [INFO] [DEBUG] BettingManager has been loaded. (took 0ms)
[25-05-31 15:56:10] [INFO] [DEBUG] Starting load of InventoryManager at 1748706970262
[25-05-31 15:56:10] [INFO] [DEBUG] InventoryManager has been loaded. (took 0ms)
[25-05-31 15:56:10] [INFO] [DEBUG] Starting load of DuelManager at 1748706970262
[25-05-31 15:56:10] [INFO] [DEBUG] DuelManager has been loaded. (took 0ms)
[25-05-31 15:56:10] [INFO] [DEBUG] Starting load of QueueManager at 1748706970262
[25-05-31 15:56:10] [INFO] QueueManager: Loaded 0 queue(s).
[25-05-31 15:56:10] [INFO] [DEBUG] QueueManager has been loaded. (took 1ms)
[25-05-31 15:56:10] [INFO] [DEBUG] Starting load of QueueSignManagerImpl at 1748706970263
[25-05-31 15:56:10] [INFO] QueueSignManagerImpl: Loaded 0 queue sign(s).
[25-05-31 15:56:10] [INFO] [DEBUG] QueueSignManagerImpl has been loaded. (took 0ms)
[25-05-31 15:56:10] [INFO] [DEBUG] Starting load of RequestManager at 1748706970263
[25-05-31 15:56:10] [INFO] [DEBUG] RequestManager has been loaded. (took 0ms)
[25-05-31 15:56:10] [INFO] [DEBUG] Starting load of Teleport at 1748706970263
[25-05-31 15:56:10] [INFO] [DEBUG] Teleport has been loaded. (took 0ms)
[25-05-31 15:56:10] [INFO] [DEBUG] Starting load of ExtensionManager at 1748706970263
[25-05-31 15:56:10] [INFO] [DEBUG] ExtensionManager has been loaded. (took 0ms)
[25-06-01 17:29:39] [WARNING] MatviyUKR has attempted to use a kit item while not in duel, but was prevented by KitItemListener.
[25-06-02 09:51:44] [INFO] [DEBUG] onDisable start -> 1748857904985

[25-06-02 09:51:44] [INFO] [DEBUG] Starting unload of ExtensionManager at 1748857904986
[25-06-02 09:51:44] [INFO] [DEBUG] ExtensionManager has been unloaded. (took 0ms)
[25-06-02 09:51:44] [INFO] [DEBUG] Starting unload of Teleport at 1748857904986
[25-06-02 09:51:44] [INFO] [DEBUG] Teleport has been unloaded. (took 0ms)
[25-06-02 09:51:44] [INFO] [DEBUG] Starting unload of RequestManager at 1748857904986
[25-06-02 09:51:44] [INFO] [DEBUG] RequestManager has been unloaded. (took 0ms)
[25-06-02 09:51:44] [INFO] [DEBUG] Starting unload of QueueSignManagerImpl at 1748857904986
