[25-06-11 03:00:56] [INFO] [DEBUG] onEnable start -> 1749610856177

[25-06-11 03:00:56] [INFO] Using Economy Provider: com.earth2me.essentials.economy.vault.VaultEconomyProvider
[25-06-11 03:00:56] [INFO] [DEBUG] Starting load of Config at 1749610856204
[25-06-11 03:00:56] [INFO] [DEBUG] Config has been loaded. (took 3ms)
[25-06-11 03:00:56] [INFO] [DEBUG] Starting load of Lang at 1749610856207
[25-06-11 03:00:56] [INFO] [DEBUG] Lang has been loaded. (took 11ms)
[25-06-11 03:00:56] [INFO] [DEBUG] Starting load of UserManagerImpl at 1749610856218
[25-06-11 03:00:56] [INFO] [DEBUG] UserManagerImpl has been loaded. (took 0ms)
[25-06-11 03:00:56] [INFO] [DEBUG] Starting load of GuiListener at 1749610856218
[25-06-11 03:00:56] [INFO] [DEBUG] GuiListener has been loaded. (took 0ms)
[25-06-11 03:00:56] [INFO] [DEBUG] Starting load of KitManagerImpl at 1749610856218
[25-06-11 03:00:56] [INFO] KitManagerImpl: Loaded 7 kit(s).
[25-06-11 03:00:56] [INFO] [DEBUG] KitManagerImpl has been loaded. (took 65ms)
[25-06-11 03:00:56] [INFO] [DEBUG] Starting load of ArenaManagerImpl at 1749610856283
[25-06-11 03:00:56] [INFO] ArenaManagerImpl: Loaded 6 arena(s).
[25-06-11 03:00:56] [INFO] [DEBUG] ArenaManagerImpl has been loaded. (took 7ms)
[25-06-11 03:00:56] [INFO] [DEBUG] Starting load of SettingsManager at 1749610856290
[25-06-11 03:00:56] [INFO] [DEBUG] SettingsManager has been loaded. (took 0ms)
[25-06-11 03:00:56] [INFO] [DEBUG] Starting load of PlayerInfoManager at 1749610856290
[25-06-11 03:00:56] [INFO] [DEBUG] PlayerInfoManager has been loaded. (took 24ms)
[25-06-11 03:00:56] [INFO] [DEBUG] Starting load of SpectateManagerImpl at 1749610856314
[25-06-11 03:00:56] [INFO] [DEBUG] SpectateManagerImpl has been loaded. (took 0ms)
[25-06-11 03:00:56] [INFO] [DEBUG] Starting load of BettingManager at 1749610856314
[25-06-11 03:00:56] [INFO] [DEBUG] BettingManager has been loaded. (took 0ms)
[25-06-11 03:00:56] [INFO] [DEBUG] Starting load of InventoryManager at 1749610856314
[25-06-11 03:00:56] [INFO] [DEBUG] InventoryManager has been loaded. (took 0ms)
[25-06-11 03:00:56] [INFO] [DEBUG] Starting load of DuelManager at 1749610856314
[25-06-11 03:00:56] [INFO] [DEBUG] DuelManager has been loaded. (took 0ms)
[25-06-11 03:00:56] [INFO] [DEBUG] Starting load of QueueManager at 1749610856314
[25-06-11 03:00:56] [INFO] QueueManager: Loaded 0 queue(s).
[25-06-11 03:00:56] [INFO] [DEBUG] QueueManager has been loaded. (took 1ms)
[25-06-11 03:00:56] [INFO] [DEBUG] Starting load of QueueSignManagerImpl at 1749610856315
[25-06-11 03:00:56] [INFO] QueueSignManagerImpl: Loaded 0 queue sign(s).
[25-06-11 03:00:56] [INFO] [DEBUG] QueueSignManagerImpl has been loaded. (took 0ms)
[25-06-11 03:00:56] [INFO] [DEBUG] Starting load of RequestManager at 1749610856315
[25-06-11 03:00:56] [INFO] [DEBUG] RequestManager has been loaded. (took 0ms)
[25-06-11 03:00:56] [INFO] [DEBUG] Starting load of Teleport at 1749610856315
[25-06-11 03:00:56] [INFO] [DEBUG] Teleport has been loaded. (took 0ms)
[25-06-11 03:00:56] [INFO] [DEBUG] Starting load of ExtensionManager at 1749610856315
[25-06-11 03:00:56] [INFO] [DEBUG] ExtensionManager has been loaded. (took 0ms)
[25-06-11 04:50:31] [WARNING] griehelper has attempted to use a kit item while not in duel, but was prevented by KitItemListener.
[25-06-11 18:33:29] [INFO] [DEBUG] onDisable start -> 1749666809606

[25-06-11 18:33:29] [INFO] [DEBUG] Starting unload of ExtensionManager at 1749666809607
[25-06-11 18:33:29] [INFO] [DEBUG] ExtensionManager has been unloaded. (took 0ms)
[25-06-11 18:33:29] [INFO] [DEBUG] Starting unload of Teleport at 1749666809607
[25-06-11 18:33:29] [INFO] [DEBUG] Teleport has been unloaded. (took 0ms)
[25-06-11 18:33:29] [INFO] [DEBUG] Starting unload of RequestManager at 1749666809607
[25-06-11 18:33:29] [INFO] [DEBUG] RequestManager has been unloaded. (took 1ms)
[25-06-11 18:33:29] [INFO] [DEBUG] Starting unload of QueueSignManagerImpl at 1749666809608
[25-06-11 18:33:29] [INFO] [DEBUG] QueueSignManagerImpl has been unloaded. (took 0ms)
[25-06-11 18:33:29] [INFO] [DEBUG] Starting unload of QueueManager at 1749666809608
[25-06-11 18:33:29] [INFO] [DEBUG] QueueManager has been unloaded. (took 0ms)
[25-06-11 18:33:29] [INFO] [DEBUG] Starting unload of DuelManager at 1749666809608
[25-06-11 18:33:29] [INFO] [DEBUG] DuelManager has been unloaded. (took 0ms)
[25-06-11 18:33:29] [INFO] [DEBUG] Starting unload of InventoryManager at 1749666809608
[25-06-11 18:33:29] [INFO] [DEBUG] InventoryManager has been unloaded. (took 0ms)
[25-06-11 18:33:29] [INFO] [DEBUG] Starting unload of BettingManager at 1749666809608
[25-06-11 18:33:29] [INFO] [DEBUG] BettingManager has been unloaded. (took 0ms)
[25-06-11 18:33:29] [INFO] [DEBUG] Starting unload of SpectateManagerImpl at 1749666809608
[25-06-11 18:33:29] [INFO] [DEBUG] SpectateManagerImpl has been unloaded. (took 0ms)
[25-06-11 18:33:29] [INFO] [DEBUG] Starting unload of PlayerInfoManager at 1749666809608
[25-06-11 18:33:29] [INFO] [DEBUG] PlayerInfoManager has been unloaded. (took 18ms)
[25-06-11 18:33:29] [INFO] [DEBUG] Starting unload of SettingsManager at 1749666809626
[25-06-11 18:33:29] [INFO] [DEBUG] SettingsManager has been unloaded. (took 0ms)
[25-06-11 18:33:29] [INFO] [DEBUG] Starting unload of ArenaManagerImpl at 1749666809626
[25-06-11 18:33:29] [INFO] [DEBUG] ArenaManagerImpl has been unloaded. (took 0ms)
[25-06-11 18:33:29] [INFO] [DEBUG] Starting unload of KitManagerImpl at 1749666809626
[25-06-11 18:33:29] [INFO] [DEBUG] KitManagerImpl has been unloaded. (took 0ms)
[25-06-11 18:33:29] [INFO] [DEBUG] Starting unload of GuiListener at 1749666809626
[25-06-11 18:33:29] [INFO] [DEBUG] GuiListener has been unloaded. (took 0ms)
[25-06-11 18:33:29] [INFO] [DEBUG] Starting unload of UserManagerImpl at 1749666809626
[25-06-11 18:33:29] [INFO] [DEBUG] UserManagerImpl has been unloaded. (took 3ms)
[25-06-11 18:33:29] [INFO] [DEBUG] Starting unload of Lang at 1749666809630
[25-06-11 18:33:29] [INFO] [DEBUG] Lang has been unloaded. (took 0ms)
[25-06-11 18:33:29] [INFO] [DEBUG] Starting unload of Config at 1749666809630
[25-06-11 18:33:29] [INFO] [DEBUG] Config has been unloaded. (took 0ms)
[25-06-11 18:33:29] [INFO] [DEBUG] unload done (took 24ms)
[25-06-11 18:33:29] [INFO] [DEBUG] Log#clearSources done (took 0ms)
