[25-06-05 03:00:29] [INFO] [DEBUG] onEnable start -> 1749092429758

[25-06-05 03:00:29] [INFO] Using Economy Provider: com.earth2me.essentials.economy.vault.VaultEconomyProvider
[25-06-05 03:00:29] [INFO] [DEBUG] Starting load of Config at 1749092429784
[25-06-05 03:00:29] [INFO] [DEBUG] Config has been loaded. (took 3ms)
[25-06-05 03:00:29] [INFO] [DEBUG] Starting load of Lang at 1749092429787
[25-06-05 03:00:29] [INFO] [DEBUG] Lang has been loaded. (took 10ms)
[25-06-05 03:00:29] [INFO] [DEBUG] Starting load of UserManagerImpl at 1749092429797
[25-06-05 03:00:29] [INFO] [DEBUG] UserManagerImpl has been loaded. (took 1ms)
[25-06-05 03:00:29] [INFO] [DEBUG] Starting load of GuiListener at 1749092429798
[25-06-05 03:00:29] [INFO] [DEBUG] GuiListener has been loaded. (took 0ms)
[25-06-05 03:00:29] [INFO] [DEBUG] Starting load of KitManagerImpl at 1749092429798
[25-06-05 03:00:29] [INFO] KitManagerImpl: Loaded 7 kit(s).
[25-06-05 03:00:29] [INFO] [DEBUG] KitManagerImpl has been loaded. (took 68ms)
[25-06-05 03:00:29] [INFO] [DEBUG] Starting load of ArenaManagerImpl at 1749092429866
[25-06-05 03:00:29] [INFO] ArenaManagerImpl: Loaded 6 arena(s).
[25-06-05 03:00:29] [INFO] [DEBUG] ArenaManagerImpl has been loaded. (took 6ms)
[25-06-05 03:00:29] [INFO] [DEBUG] Starting load of SettingsManager at 1749092429872
[25-06-05 03:00:29] [INFO] [DEBUG] SettingsManager has been loaded. (took 0ms)
[25-06-05 03:00:29] [INFO] [DEBUG] Starting load of PlayerInfoManager at 1749092429872
[25-06-05 03:00:29] [INFO] [DEBUG] PlayerInfoManager has been loaded. (took 8ms)
[25-06-05 03:00:29] [INFO] [DEBUG] Starting load of SpectateManagerImpl at 1749092429880
[25-06-05 03:00:29] [INFO] [DEBUG] SpectateManagerImpl has been loaded. (took 0ms)
[25-06-05 03:00:29] [INFO] [DEBUG] Starting load of BettingManager at 1749092429880
[25-06-05 03:00:29] [INFO] [DEBUG] BettingManager has been loaded. (took 0ms)
[25-06-05 03:00:29] [INFO] [DEBUG] Starting load of InventoryManager at 1749092429880
[25-06-05 03:00:29] [INFO] [DEBUG] InventoryManager has been loaded. (took 0ms)
[25-06-05 03:00:29] [INFO] [DEBUG] Starting load of DuelManager at 1749092429880
[25-06-05 03:00:29] [INFO] [DEBUG] DuelManager has been loaded. (took 0ms)
[25-06-05 03:00:29] [INFO] [DEBUG] Starting load of QueueManager at 1749092429880
[25-06-05 03:00:29] [INFO] QueueManager: Loaded 0 queue(s).
[25-06-05 03:00:29] [INFO] [DEBUG] QueueManager has been loaded. (took 0ms)
[25-06-05 03:00:29] [INFO] [DEBUG] Starting load of QueueSignManagerImpl at 1749092429880
[25-06-05 03:00:29] [INFO] QueueSignManagerImpl: Loaded 0 queue sign(s).
[25-06-05 03:00:29] [INFO] [DEBUG] QueueSignManagerImpl has been loaded. (took 1ms)
[25-06-05 03:00:29] [INFO] [DEBUG] Starting load of RequestManager at 1749092429881
[25-06-05 03:00:29] [INFO] [DEBUG] RequestManager has been loaded. (took 0ms)
[25-06-05 03:00:29] [INFO] [DEBUG] Starting load of Teleport at 1749092429881
[25-06-05 03:00:29] [INFO] [DEBUG] Teleport has been loaded. (took 0ms)
[25-06-05 03:00:29] [INFO] [DEBUG] Starting load of ExtensionManager at 1749092429881
[25-06-05 03:00:29] [INFO] [DEBUG] ExtensionManager has been loaded. (took 0ms)
[25-06-05 11:50:07] [WARNING] doma111 has attempted to use a kit item while not in duel, but was prevented by KitItemListener.
[25-06-06 03:00:23] [INFO] [DEBUG] onDisable start -> 1749178823025

[25-06-06 03:00:23] [INFO] [DEBUG] Starting unload of ExtensionManager at 1749178823028
[25-06-06 03:00:23] [INFO] [DEBUG] ExtensionManager has been unloaded. (took 0ms)
[25-06-06 03:00:23] [INFO] [DEBUG] Starting unload of Teleport at 1749178823028
[25-06-06 03:00:23] [INFO] [DEBUG] Teleport has been unloaded. (took 0ms)
[25-06-06 03:00:23] [INFO] [DEBUG] Starting unload of RequestManager at 1749178823028
[25-06-06 03:00:23] [INFO] [DEBUG] RequestManager has been unloaded. (took 0ms)
[25-06-06 03:00:23] [INFO] [DEBUG] Starting unload of QueueSignManagerImpl at 1749178823028
[25-06-06 03:00:23] [INFO] [DEBUG] QueueSignManagerImpl has been unloaded. (took 0ms)
[25-06-06 03:00:23] [INFO] [DEBUG] Starting unload of QueueManager at 1749178823028
[25-06-06 03:00:23] [INFO] [DEBUG] QueueManager has been unloaded. (took 0ms)
[25-06-06 03:00:23] [INFO] [DEBUG] Starting unload of DuelManager at 1749178823028
[25-06-06 03:00:23] [INFO] [DEBUG] DuelManager has been unloaded. (took 0ms)
[25-06-06 03:00:23] [INFO] [DEBUG] Starting unload of InventoryManager at 1749178823028
[25-06-06 03:00:23] [INFO] [DEBUG] InventoryManager has been unloaded. (took 0ms)
[25-06-06 03:00:23] [INFO] [DEBUG] Starting unload of BettingManager at 1749178823028
[25-06-06 03:00:23] [INFO] [DEBUG] BettingManager has been unloaded. (took 0ms)
[25-06-06 03:00:23] [INFO] [DEBUG] Starting unload of SpectateManagerImpl at 1749178823028
[25-06-06 03:00:23] [INFO] [DEBUG] SpectateManagerImpl has been unloaded. (took 0ms)
[25-06-06 03:00:23] [INFO] [DEBUG] Starting unload of PlayerInfoManager at 1749178823028
[25-06-06 03:00:23] [INFO] [DEBUG] PlayerInfoManager has been unloaded. (took 25ms)
[25-06-06 03:00:23] [INFO] [DEBUG] Starting unload of SettingsManager at 1749178823053
[25-06-06 03:00:23] [INFO] [DEBUG] SettingsManager has been unloaded. (took 0ms)
[25-06-06 03:00:23] [INFO] [DEBUG] Starting unload of ArenaManagerImpl at 1749178823053
[25-06-06 03:00:23] [INFO] [DEBUG] ArenaManagerImpl has been unloaded. (took 0ms)
[25-06-06 03:00:23] [INFO] [DEBUG] Starting unload of KitManagerImpl at 1749178823053
[25-06-06 03:00:23] [INFO] [DEBUG] KitManagerImpl has been unloaded. (took 0ms)
[25-06-06 03:00:23] [INFO] [DEBUG] Starting unload of GuiListener at 1749178823053
[25-06-06 03:00:23] [INFO] [DEBUG] GuiListener has been unloaded. (took 0ms)
[25-06-06 03:00:23] [INFO] [DEBUG] Starting unload of UserManagerImpl at 1749178823053
[25-06-06 03:00:23] [INFO] [DEBUG] UserManagerImpl has been unloaded. (took 3ms)
[25-06-06 03:00:23] [INFO] [DEBUG] Starting unload of Lang at 1749178823056
[25-06-06 03:00:23] [INFO] [DEBUG] Lang has been unloaded. (took 0ms)
[25-06-06 03:00:23] [INFO] [DEBUG] Starting unload of Config at 1749178823056
[25-06-06 03:00:23] [INFO] [DEBUG] Config has been unloaded. (took 0ms)
[25-06-06 03:00:23] [INFO] [DEBUG] unload done (took 31ms)
[25-06-06 03:00:23] [INFO] [DEBUG] Log#clearSources done (took 0ms)
