[25-06-09 03:00:36] [INFO] [DEBUG] onEnable start -> 1749438036656

[25-06-09 03:00:36] [INFO] Using Economy Provider: com.earth2me.essentials.economy.vault.VaultEconomyProvider
[25-06-09 03:00:36] [INFO] [DEBUG] Starting load of Config at 1749438036680
[25-06-09 03:00:36] [INFO] [DEBUG] Config has been loaded. (took 4ms)
[25-06-09 03:00:36] [INFO] [DEBUG] Starting load of Lang at 1749438036684
[25-06-09 03:00:36] [INFO] [DEBUG] Lang has been loaded. (took 10ms)
[25-06-09 03:00:36] [INFO] [DEBUG] Starting load of UserManagerImpl at 1749438036694
[25-06-09 03:00:36] [INFO] [DEBUG] UserManagerImpl has been loaded. (took 0ms)
[25-06-09 03:00:36] [INFO] [DEBUG] Starting load of GuiListener at 1749438036694
[25-06-09 03:00:36] [INFO] [DEBUG] GuiListener has been loaded. (took 0ms)
[25-06-09 03:00:36] [INFO] [DEBUG] Starting load of KitManagerImpl at 1749438036694
[25-06-09 03:00:36] [INFO] KitManagerImpl: Loaded 7 kit(s).
[25-06-09 03:00:36] [INFO] [DEBUG] KitManagerImpl has been loaded. (took 80ms)
[25-06-09 03:00:36] [INFO] [DEBUG] Starting load of ArenaManagerImpl at 1749438036774
[25-06-09 03:00:36] [INFO] ArenaManagerImpl: Loaded 6 arena(s).
[25-06-09 03:00:36] [INFO] [DEBUG] ArenaManagerImpl has been loaded. (took 9ms)
[25-06-09 03:00:36] [INFO] [DEBUG] Starting load of SettingsManager at 1749438036783
[25-06-09 03:00:36] [INFO] [DEBUG] SettingsManager has been loaded. (took 0ms)
[25-06-09 03:00:36] [INFO] [DEBUG] Starting load of PlayerInfoManager at 1749438036783
[25-06-09 03:00:36] [INFO] [DEBUG] PlayerInfoManager has been loaded. (took 27ms)
[25-06-09 03:00:36] [INFO] [DEBUG] Starting load of SpectateManagerImpl at 1749438036810
[25-06-09 03:00:36] [INFO] [DEBUG] SpectateManagerImpl has been loaded. (took 0ms)
[25-06-09 03:00:36] [INFO] [DEBUG] Starting load of BettingManager at 1749438036810
[25-06-09 03:00:36] [INFO] [DEBUG] BettingManager has been loaded. (took 0ms)
[25-06-09 03:00:36] [INFO] [DEBUG] Starting load of InventoryManager at 1749438036810
[25-06-09 03:00:36] [INFO] [DEBUG] InventoryManager has been loaded. (took 0ms)
[25-06-09 03:00:36] [INFO] [DEBUG] Starting load of DuelManager at 1749438036810
[25-06-09 03:00:36] [INFO] [DEBUG] DuelManager has been loaded. (took 0ms)
[25-06-09 03:00:36] [INFO] [DEBUG] Starting load of QueueManager at 1749438036810
[25-06-09 03:00:36] [INFO] QueueManager: Loaded 0 queue(s).
[25-06-09 03:00:36] [INFO] [DEBUG] QueueManager has been loaded. (took 1ms)
[25-06-09 03:00:36] [INFO] [DEBUG] Starting load of QueueSignManagerImpl at 1749438036811
[25-06-09 03:00:36] [INFO] QueueSignManagerImpl: Loaded 0 queue sign(s).
[25-06-09 03:00:36] [INFO] [DEBUG] QueueSignManagerImpl has been loaded. (took 0ms)
[25-06-09 03:00:36] [INFO] [DEBUG] Starting load of RequestManager at 1749438036811
[25-06-09 03:00:36] [INFO] [DEBUG] RequestManager has been loaded. (took 0ms)
[25-06-09 03:00:36] [INFO] [DEBUG] Starting load of Teleport at 1749438036811
[25-06-09 03:00:36] [INFO] [DEBUG] Teleport has been loaded. (took 0ms)
[25-06-09 03:00:36] [INFO] [DEBUG] Starting load of ExtensionManager at 1749438036811
[25-06-09 03:00:36] [INFO] [DEBUG] ExtensionManager has been loaded. (took 0ms)
[25-06-09 07:28:01] [WARNING] lokirv201352gg has attempted to use a kit item while not in duel, but was prevented by KitItemListener.
[25-06-09 12:29:03] [WARNING] sm1ts22 has attempted to use a kit item while not in duel, but was prevented by KitItemListener.
[25-06-09 12:30:42] [WARNING] sm1ts22 has attempted to use a kit item while not in duel, but was prevented by KitItemListener.
[25-06-09 19:35:09] [WARNING] Dizlaid has attempted to use a kit item while not in duel, but was prevented by KitItemListener.
[25-06-10 03:00:19] [INFO] [DEBUG] onDisable start -> 1749524419059

[25-06-10 03:00:19] [INFO] [DEBUG] Starting unload of ExtensionManager at 1749524419060
[25-06-10 03:00:19] [INFO] [DEBUG] ExtensionManager has been unloaded. (took 0ms)
[25-06-10 03:00:19] [INFO] [DEBUG] Starting unload of Teleport at 1749524419060
[25-06-10 03:00:19] [INFO] [DEBUG] Teleport has been unloaded. (took 0ms)
[25-06-10 03:00:19] [INFO] [DEBUG] Starting unload of RequestManager at 1749524419060
[25-06-10 03:00:19] [INFO] [DEBUG] RequestManager has been unloaded. (took 0ms)
[25-06-10 03:00:19] [INFO] [DEBUG] Starting unload of QueueSignManagerImpl at 1749524419060
[25-06-10 03:00:19] [INFO] [DEBUG] QueueSignManagerImpl has been unloaded. (took 0ms)
[25-06-10 03:00:19] [INFO] [DEBUG] Starting unload of QueueManager at 1749524419060
[25-06-10 03:00:19] [INFO] [DEBUG] QueueManager has been unloaded. (took 0ms)
[25-06-10 03:00:19] [INFO] [DEBUG] Starting unload of DuelManager at 1749524419060
[25-06-10 03:00:19] [INFO] [DEBUG] DuelManager has been unloaded. (took 0ms)
[25-06-10 03:00:19] [INFO] [DEBUG] Starting unload of InventoryManager at 1749524419060
[25-06-10 03:00:19] [INFO] [DEBUG] InventoryManager has been unloaded. (took 0ms)
[25-06-10 03:00:19] [INFO] [DEBUG] Starting unload of BettingManager at 1749524419060
[25-06-10 03:00:19] [INFO] [DEBUG] BettingManager has been unloaded. (took 0ms)
[25-06-10 03:00:19] [INFO] [DEBUG] Starting unload of SpectateManagerImpl at 1749524419060
[25-06-10 03:00:19] [INFO] [DEBUG] SpectateManagerImpl has been unloaded. (took 0ms)
[25-06-10 03:00:19] [INFO] [DEBUG] Starting unload of PlayerInfoManager at 1749524419060
[25-06-10 03:00:19] [INFO] [DEBUG] PlayerInfoManager has been unloaded. (took 19ms)
[25-06-10 03:00:19] [INFO] [DEBUG] Starting unload of SettingsManager at 1749524419079
[25-06-10 03:00:19] [INFO] [DEBUG] SettingsManager has been unloaded. (took 0ms)
[25-06-10 03:00:19] [INFO] [DEBUG] Starting unload of ArenaManagerImpl at 1749524419079
[25-06-10 03:00:19] [INFO] [DEBUG] ArenaManagerImpl has been unloaded. (took 0ms)
[25-06-10 03:00:19] [INFO] [DEBUG] Starting unload of KitManagerImpl at 1749524419079
[25-06-10 03:00:19] [INFO] [DEBUG] KitManagerImpl has been unloaded. (took 0ms)
[25-06-10 03:00:19] [INFO] [DEBUG] Starting unload of GuiListener at 1749524419079
[25-06-10 03:00:19] [INFO] [DEBUG] GuiListener has been unloaded. (took 0ms)
[25-06-10 03:00:19] [INFO] [DEBUG] Starting unload of UserManagerImpl at 1749524419079
[25-06-10 03:00:19] [INFO] [DEBUG] UserManagerImpl has been unloaded. (took 2ms)
[25-06-10 03:00:19] [INFO] [DEBUG] Starting unload of Lang at 1749524419081
[25-06-10 03:00:19] [INFO] [DEBUG] Lang has been unloaded. (took 0ms)
[25-06-10 03:00:19] [INFO] [DEBUG] Starting unload of Config at 1749524419081
[25-06-10 03:00:19] [INFO] [DEBUG] Config has been unloaded. (took 0ms)
[25-06-10 03:00:19] [INFO] [DEBUG] unload done (took 22ms)
[25-06-10 03:00:19] [INFO] [DEBUG] Log#clearSources done (took 0ms)
