[25-05-28 08:16:59] [INFO] [DEBUG] onEnable start -> 1748420219852

[25-05-28 08:16:59] [INFO] Using Economy Provider: com.earth2me.essentials.economy.vault.VaultEconomyProvider
[25-05-28 08:16:59] [INFO] [DEBUG] Starting load of Config at 1748420219904
[25-05-28 08:16:59] [INFO] [DEBUG] Config has been loaded. (took 8ms)
[25-05-28 08:16:59] [INFO] [DEBUG] Starting load of Lang at 1748420219912
[25-05-28 08:16:59] [INFO] [DEBUG] Lang has been loaded. (took 25ms)
[25-05-28 08:16:59] [INFO] [DEBUG] Starting load of UserManagerImpl at 1748420219938
[25-05-28 08:16:59] [INFO] [DEBUG] UserManagerImpl has been loaded. (took 0ms)
[25-05-28 08:16:59] [INFO] [DEBUG] Starting load of GuiListener at 1748420219939
[25-05-28 08:16:59] [INFO] [DEBUG] GuiListener has been loaded. (took 0ms)
[25-05-28 08:16:59] [INFO] [DEBUG] Starting load of KitManagerImpl at 1748420219939
[25-05-28 08:17:00] [INFO] KitManagerImpl: Loaded 7 kit(s).
[25-05-28 08:17:00] [INFO] [DEBUG] KitManagerImpl has been loaded. (took 182ms)
[25-05-28 08:17:00] [INFO] [DEBUG] Starting load of ArenaManagerImpl at 1748420220121
[25-05-28 08:17:00] [INFO] ArenaManagerImpl: Loaded 6 arena(s).
[25-05-28 08:17:00] [INFO] [DEBUG] ArenaManagerImpl has been loaded. (took 15ms)
[25-05-28 08:17:00] [INFO] [DEBUG] Starting load of SettingsManager at 1748420220136
[25-05-28 08:17:00] [INFO] [DEBUG] SettingsManager has been loaded. (took 0ms)
[25-05-28 08:17:00] [INFO] [DEBUG] Starting load of PlayerInfoManager at 1748420220136
[25-05-28 08:17:00] [INFO] [DEBUG] PlayerInfoManager has been loaded. (took 101ms)
[25-05-28 08:17:00] [INFO] [DEBUG] Starting load of SpectateManagerImpl at 1748420220238
[25-05-28 08:17:00] [INFO] [DEBUG] SpectateManagerImpl has been loaded. (took 0ms)
[25-05-28 08:17:00] [INFO] [DEBUG] Starting load of BettingManager at 1748420220238
[25-05-28 08:17:00] [INFO] [DEBUG] BettingManager has been loaded. (took 0ms)
[25-05-28 08:17:00] [INFO] [DEBUG] Starting load of InventoryManager at 1748420220238
[25-05-28 08:17:00] [INFO] [DEBUG] InventoryManager has been loaded. (took 0ms)
[25-05-28 08:17:00] [INFO] [DEBUG] Starting load of DuelManager at 1748420220238
[25-05-28 08:17:00] [INFO] [DEBUG] DuelManager has been loaded. (took 0ms)
[25-05-28 08:17:00] [INFO] [DEBUG] Starting load of QueueManager at 1748420220238
[25-05-28 08:17:00] [INFO] QueueManager: Loaded 0 queue(s).
[25-05-28 08:17:00] [INFO] [DEBUG] QueueManager has been loaded. (took 1ms)
[25-05-28 08:17:00] [INFO] [DEBUG] Starting load of QueueSignManagerImpl at 1748420220239
[25-05-28 08:17:00] [INFO] QueueSignManagerImpl: Loaded 0 queue sign(s).
[25-05-28 08:17:00] [INFO] [DEBUG] QueueSignManagerImpl has been loaded. (took 1ms)
[25-05-28 08:17:00] [INFO] [DEBUG] Starting load of RequestManager at 1748420220240
[25-05-28 08:17:00] [INFO] [DEBUG] RequestManager has been loaded. (took 0ms)
[25-05-28 08:17:00] [INFO] [DEBUG] Starting load of Teleport at 1748420220240
[25-05-28 08:17:00] [INFO] [DEBUG] Teleport has been loaded. (took 1ms)
[25-05-28 08:17:00] [INFO] [DEBUG] Starting load of ExtensionManager at 1748420220241
[25-05-28 08:17:00] [INFO] [DEBUG] ExtensionManager has been loaded. (took 0ms)
[25-05-28 09:24:36] [WARNING] MrAutino has attempted to use a kit item while not in duel, but was prevented by KitItemListener.
[25-05-28 09:32:55] [WARNING] Sosa4kavzloman has attempted to use a kit item while not in duel, but was prevented by KitItemListener.
[25-05-28 12:29:07] [INFO] [DEBUG] onEnable start -> 1748435347603

[25-05-28 12:29:07] [INFO] Using Economy Provider: com.earth2me.essentials.economy.vault.VaultEconomyProvider
[25-05-28 12:29:07] [INFO] [DEBUG] Starting load of Config at 1748435347630
[25-05-28 12:29:07] [INFO] [DEBUG] Config has been loaded. (took 3ms)
[25-05-28 12:29:07] [INFO] [DEBUG] Starting load of Lang at 1748435347633
[25-05-28 12:29:07] [INFO] [DEBUG] Lang has been loaded. (took 12ms)
[25-05-28 12:29:07] [INFO] [DEBUG] Starting load of UserManagerImpl at 1748435347645
[25-05-28 12:29:07] [INFO] [DEBUG] UserManagerImpl has been loaded. (took 0ms)
[25-05-28 12:29:07] [INFO] [DEBUG] Starting load of GuiListener at 1748435347645
[25-05-28 12:29:07] [INFO] [DEBUG] GuiListener has been loaded. (took 0ms)
[25-05-28 12:29:07] [INFO] [DEBUG] Starting load of KitManagerImpl at 1748435347645
[25-05-28 12:29:07] [INFO] KitManagerImpl: Loaded 7 kit(s).
[25-05-28 12:29:07] [INFO] [DEBUG] KitManagerImpl has been loaded. (took 82ms)
[25-05-28 12:29:07] [INFO] [DEBUG] Starting load of ArenaManagerImpl at 1748435347728
[25-05-28 12:29:07] [INFO] ArenaManagerImpl: Loaded 6 arena(s).
[25-05-28 12:29:07] [INFO] [DEBUG] ArenaManagerImpl has been loaded. (took 6ms)
[25-05-28 12:29:07] [INFO] [DEBUG] Starting load of SettingsManager at 1748435347734
[25-05-28 12:29:07] [INFO] [DEBUG] SettingsManager has been loaded. (took 0ms)
[25-05-28 12:29:07] [INFO] [DEBUG] Starting load of PlayerInfoManager at 1748435347734
[25-05-28 12:29:07] [INFO] [DEBUG] PlayerInfoManager has been loaded. (took 1ms)
[25-05-28 12:29:07] [INFO] [DEBUG] Starting load of SpectateManagerImpl at 1748435347735
[25-05-28 12:29:07] [INFO] [DEBUG] SpectateManagerImpl has been loaded. (took 0ms)
[25-05-28 12:29:07] [INFO] [DEBUG] Starting load of BettingManager at 1748435347735
[25-05-28 12:29:07] [INFO] [DEBUG] BettingManager has been loaded. (took 0ms)
[25-05-28 12:29:07] [INFO] [DEBUG] Starting load of InventoryManager at 1748435347735
[25-05-28 12:29:07] [INFO] [DEBUG] InventoryManager has been loaded. (took 0ms)
[25-05-28 12:29:07] [INFO] [DEBUG] Starting load of DuelManager at 1748435347735
[25-05-28 12:29:07] [INFO] [DEBUG] DuelManager has been loaded. (took 0ms)
[25-05-28 12:29:07] [INFO] [DEBUG] Starting load of QueueManager at 1748435347735
[25-05-28 12:29:07] [INFO] QueueManager: Loaded 0 queue(s).
[25-05-28 12:29:07] [INFO] [DEBUG] QueueManager has been loaded. (took 0ms)
[25-05-28 12:29:07] [INFO] [DEBUG] Starting load of QueueSignManagerImpl at 1748435347735
[25-05-28 12:29:07] [INFO] QueueSignManagerImpl: Loaded 0 queue sign(s).
[25-05-28 12:29:07] [INFO] [DEBUG] QueueSignManagerImpl has been loaded. (took 1ms)
[25-05-28 12:29:07] [INFO] [DEBUG] Starting load of RequestManager at 1748435347736
[25-05-28 12:29:07] [INFO] [DEBUG] RequestManager has been loaded. (took 0ms)
[25-05-28 12:29:07] [INFO] [DEBUG] Starting load of Teleport at 1748435347736
[25-05-28 12:29:07] [INFO] [DEBUG] Teleport has been loaded. (took 0ms)
[25-05-28 12:29:07] [INFO] [DEBUG] Starting load of ExtensionManager at 1748435347736
[25-05-28 12:29:07] [INFO] [DEBUG] ExtensionManager has been loaded. (took 0ms)
[25-05-28 12:29:49] [WARNING] DanyN23 has attempted to use a kit item while not in duel, but was prevented by KitItemListener.
[25-05-28 12:29:52] [WARNING] DanyN23 has attempted to use a kit item while not in duel, but was prevented by KitItemListener.
[25-05-28 12:29:52] [WARNING] DanyN23 has attempted to use a kit item while not in duel, but was prevented by KitItemListener.
[25-05-28 12:29:53] [WARNING] DanyN23 has attempted to use a kit item while not in duel, but was prevented by KitItemListener.
[25-05-28 12:29:53] [WARNING] DanyN23 has attempted to use a kit item while not in duel, but was prevented by KitItemListener.
[25-05-28 12:29:53] [WARNING] DanyN23 has attempted to use a kit item while not in duel, but was prevented by KitItemListener.
[25-05-28 12:29:53] [WARNING] DanyN23 has attempted to use a kit item while not in duel, but was prevented by KitItemListener.
[25-05-28 12:29:54] [WARNING] DanyN23 has attempted to use a kit item while not in duel, but was prevented by KitItemListener.
[25-05-28 12:29:54] [WARNING] DanyN23 has attempted to use a kit item while not in duel, but was prevented by KitItemListener.
[25-05-28 12:29:54] [WARNING] DanyN23 has attempted to use a kit item while not in duel, but was prevented by KitItemListener.
[25-05-28 12:29:56] [WARNING] DanyN23 has attempted to use a kit item while not in duel, but was prevented by KitItemListener.
[25-05-28 12:30:04] [WARNING] DanyN23 has attempted to use a kit item while not in duel, but was prevented by KitItemListener.
[25-05-28 12:30:04] [WARNING] DanyN23 has attempted to use a kit item while not in duel, but was prevented by KitItemListener.
[25-05-28 12:30:04] [WARNING] DanyN23 has attempted to use a kit item while not in duel, but was prevented by KitItemListener.
[25-05-28 12:30:04] [WARNING] DanyN23 has attempted to use a kit item while not in duel, but was prevented by KitItemListener.
[25-05-28 12:30:04] [WARNING] DanyN23 has attempted to use a kit item while not in duel, but was prevented by KitItemListener.
[25-05-28 12:30:05] [WARNING] DanyN23 has attempted to use a kit item while not in duel, but was prevented by KitItemListener.
[25-05-28 12:30:05] [WARNING] DanyN23 has attempted to use a kit item while not in duel, but was prevented by KitItemListener.
[25-05-28 12:30:05] [WARNING] DanyN23 has attempted to use a kit item while not in duel, but was prevented by KitItemListener.
[25-05-28 12:30:05] [WARNING] DanyN23 has attempted to use a kit item while not in duel, but was prevented by KitItemListener.
[25-05-28 12:30:05] [WARNING] DanyN23 has attempted to use a kit item while not in duel, but was prevented by KitItemListener.
[25-05-28 12:30:07] [WARNING] DanyN23 has attempted to use a kit item while not in duel, but was prevented by KitItemListener.
[25-05-28 12:30:07] [WARNING] DanyN23 has attempted to use a kit item while not in duel, but was prevented by KitItemListener.
[25-05-28 12:30:10] [WARNING] DanyN23 has attempted to use a kit item while not in duel, but was prevented by KitItemListener.
[25-05-28 12:30:10] [WARNING] DanyN23 has attempted to use a kit item while not in duel, but was prevented by KitItemListener.
[25-05-28 12:30:11] [WARNING] DanyN23 has attempted to use a kit item while not in duel, but was prevented by KitItemListener.
[25-05-28 12:30:12] [WARNING] DanyN23 has attempted to use a kit item while not in duel, but was prevented by KitItemListener.
[25-05-28 12:30:12] [WARNING] DanyN23 has attempted to use a kit item while not in duel, but was prevented by KitItemListener.
[25-05-28 12:30:13] [WARNING] DanyN23 has attempted to use a kit item while not in duel, but was prevented by KitItemListener.
[25-05-28 12:30:13] [WARNING] DanyN23 has attempted to use a kit item while not in duel, but was prevented by KitItemListener.
[25-05-28 12:30:14] [WARNING] DanyN23 has attempted to use a kit item while not in duel, but was prevented by KitItemListener.
[25-05-28 12:30:15] [WARNING] DanyN23 has attempted to use a kit item while not in duel, but was prevented by KitItemListener.
[25-05-28 12:30:15] [WARNING] DanyN23 has attempted to use a kit item while not in duel, but was prevented by KitItemListener.
[25-05-28 12:30:15] [WARNING] DanyN23 has attempted to use a kit item while not in duel, but was prevented by KitItemListener.
[25-05-28 12:53:53] [WARNING] AlramyyZek has attempted to use a kit item while not in duel, but was prevented by KitItemListener.
[25-05-28 16:59:26] [WARNING] DragonActive69 has attempted to use a kit item while not in duel, but was prevented by KitItemListener.
[25-05-28 17:39:20] [INFO] [DEBUG] onEnable start -> 1748453960292

[25-05-28 17:39:20] [INFO] Using Economy Provider: com.earth2me.essentials.economy.vault.VaultEconomyProvider
[25-05-28 17:39:20] [INFO] [DEBUG] Starting load of Config at 1748453960319
[25-05-28 17:39:20] [INFO] [DEBUG] Config has been loaded. (took 3ms)
[25-05-28 17:39:20] [INFO] [DEBUG] Starting load of Lang at 1748453960322
[25-05-28 17:39:20] [INFO] [DEBUG] Lang has been loaded. (took 11ms)
[25-05-28 17:39:20] [INFO] [DEBUG] Starting load of UserManagerImpl at 1748453960333
[25-05-28 17:39:20] [INFO] [DEBUG] UserManagerImpl has been loaded. (took 0ms)
[25-05-28 17:39:20] [INFO] [DEBUG] Starting load of GuiListener at 1748453960333
[25-05-28 17:39:20] [INFO] [DEBUG] GuiListener has been loaded. (took 0ms)
[25-05-28 17:39:20] [INFO] [DEBUG] Starting load of KitManagerImpl at 1748453960333
[25-05-28 17:39:20] [INFO] KitManagerImpl: Loaded 7 kit(s).
[25-05-28 17:39:20] [INFO] [DEBUG] KitManagerImpl has been loaded. (took 74ms)
[25-05-28 17:39:20] [INFO] [DEBUG] Starting load of ArenaManagerImpl at 1748453960407
[25-05-28 17:39:20] [INFO] ArenaManagerImpl: Loaded 6 arena(s).
[25-05-28 17:39:20] [INFO] [DEBUG] ArenaManagerImpl has been loaded. (took 6ms)
[25-05-28 17:39:20] [INFO] [DEBUG] Starting load of SettingsManager at 1748453960413
[25-05-28 17:39:20] [INFO] [DEBUG] SettingsManager has been loaded. (took 0ms)
[25-05-28 17:39:20] [INFO] [DEBUG] Starting load of PlayerInfoManager at 1748453960413
[25-05-28 17:39:20] [INFO] [DEBUG] PlayerInfoManager has been loaded. (took 0ms)
[25-05-28 17:39:20] [INFO] [DEBUG] Starting load of SpectateManagerImpl at 1748453960413
[25-05-28 17:39:20] [INFO] [DEBUG] SpectateManagerImpl has been loaded. (took 0ms)
[25-05-28 17:39:20] [INFO] [DEBUG] Starting load of BettingManager at 1748453960413
[25-05-28 17:39:20] [INFO] [DEBUG] BettingManager has been loaded. (took 0ms)
[25-05-28 17:39:20] [INFO] [DEBUG] Starting load of InventoryManager at 1748453960413
[25-05-28 17:39:20] [INFO] [DEBUG] InventoryManager has been loaded. (took 0ms)
[25-05-28 17:39:20] [INFO] [DEBUG] Starting load of DuelManager at 1748453960414
[25-05-28 17:39:20] [INFO] [DEBUG] DuelManager has been loaded. (took 0ms)
[25-05-28 17:39:20] [INFO] [DEBUG] Starting load of QueueManager at 1748453960414
[25-05-28 17:39:20] [INFO] QueueManager: Loaded 0 queue(s).
[25-05-28 17:39:20] [INFO] [DEBUG] QueueManager has been loaded. (took 0ms)
[25-05-28 17:39:20] [INFO] [DEBUG] Starting load of QueueSignManagerImpl at 1748453960414
[25-05-28 17:39:20] [INFO] QueueSignManagerImpl: Loaded 0 queue sign(s).
[25-05-28 17:39:20] [INFO] [DEBUG] QueueSignManagerImpl has been loaded. (took 0ms)
[25-05-28 17:39:20] [INFO] [DEBUG] Starting load of RequestManager at 1748453960414
[25-05-28 17:39:20] [INFO] [DEBUG] RequestManager has been loaded. (took 0ms)
[25-05-28 17:39:20] [INFO] [DEBUG] Starting load of Teleport at 1748453960414
[25-05-28 17:39:20] [INFO] [DEBUG] Teleport has been loaded. (took 0ms)
[25-05-28 17:39:20] [INFO] [DEBUG] Starting load of ExtensionManager at 1748453960414
[25-05-28 17:39:20] [INFO] [DEBUG] ExtensionManager has been loaded. (took 1ms)
[25-05-28 18:10:02] [INFO] [DEBUG] onDisable start -> 1748455802076

[25-05-28 18:10:02] [INFO] [DEBUG] Starting unload of ExtensionManager at 1748455802077
[25-05-28 18:10:02] [INFO] [DEBUG] ExtensionManager has been unloaded. (took 0ms)
[25-05-28 18:10:02] [INFO] [DEBUG] Starting unload of Teleport at 1748455802077
[25-05-28 18:10:02] [INFO] [DEBUG] Teleport has been unloaded. (took 0ms)
[25-05-28 18:10:02] [INFO] [DEBUG] Starting unload of RequestManager at 1748455802077
[25-05-28 18:10:02] [INFO] [DEBUG] RequestManager has been unloaded. (took 0ms)
[25-05-28 18:10:02] [INFO] [DEBUG] Starting unload of QueueSignManagerImpl at 1748455802077
[25-05-28 18:10:02] [INFO] [DEBUG] QueueSignManagerImpl has been unloaded. (took 0ms)
[25-05-28 18:10:02] [INFO] [DEBUG] Starting unload of QueueManager at 1748455802077
[25-05-28 18:10:02] [INFO] [DEBUG] QueueManager has been unloaded. (took 0ms)
[25-05-28 18:10:02] [INFO] [DEBUG] Starting unload of DuelManager at 1748455802077
[25-05-28 18:10:02] [INFO] [DEBUG] DuelManager has been unloaded. (took 0ms)
[25-05-28 18:10:02] [INFO] [DEBUG] Starting unload of InventoryManager at 1748455802077
[25-05-28 18:10:02] [INFO] [DEBUG] InventoryManager has been unloaded. (took 0ms)
[25-05-28 18:10:02] [INFO] [DEBUG] Starting unload of BettingManager at 1748455802078
[25-05-28 18:10:02] [INFO] [DEBUG] BettingManager has been unloaded. (took 0ms)
[25-05-28 18:10:02] [INFO] [DEBUG] Starting unload of SpectateManagerImpl at 1748455802078
[25-05-28 18:10:02] [INFO] [DEBUG] SpectateManagerImpl has been unloaded. (took 0ms)
[25-05-28 18:10:02] [INFO] [DEBUG] Starting unload of PlayerInfoManager at 1748455802078
[25-05-28 18:10:02] [INFO] [DEBUG] PlayerInfoManager has been unloaded. (took 0ms)
[25-05-28 18:10:02] [INFO] [DEBUG] Starting unload of SettingsManager at 1748455802078
[25-05-28 18:10:02] [INFO] [DEBUG] SettingsManager has been unloaded. (took 0ms)
[25-05-28 18:10:02] [INFO] [DEBUG] Starting unload of ArenaManagerImpl at 1748455802078
[25-05-28 18:10:02] [INFO] [DEBUG] ArenaManagerImpl has been unloaded. (took 0ms)
[25-05-28 18:10:02] [INFO] [DEBUG] Starting unload of KitManagerImpl at 1748455802078
[25-05-28 18:10:02] [INFO] [DEBUG] KitManagerImpl has been unloaded. (took 0ms)
[25-05-28 18:10:02] [INFO] [DEBUG] Starting unload of GuiListener at 1748455802078
[25-05-28 18:10:02] [INFO] [DEBUG] GuiListener has been unloaded. (took 0ms)
[25-05-28 18:10:02] [INFO] [DEBUG] Starting unload of UserManagerImpl at 1748455802078
[25-05-28 18:10:02] [INFO] [DEBUG] UserManagerImpl has been unloaded. (took 6ms)
[25-05-28 18:10:02] [INFO] [DEBUG] Starting unload of Lang at 1748455802084
[25-05-28 18:10:02] [INFO] [DEBUG] Lang has been unloaded. (took 0ms)
[25-05-28 18:10:02] [INFO] [DEBUG] Starting unload of Config at 1748455802084
[25-05-28 18:10:02] [INFO] [DEBUG] Config has been unloaded. (took 0ms)
[25-05-28 18:10:02] [INFO] [DEBUG] unload done (took 8ms)
[25-05-28 18:10:02] [INFO] [DEBUG] Log#clearSources done (took 0ms)
[25-05-28 18:10:36] [INFO] [DEBUG] onEnable start -> 1748455836556

[25-05-28 18:10:36] [INFO] Using Economy Provider: com.earth2me.essentials.economy.vault.VaultEconomyProvider
[25-05-28 18:10:36] [INFO] [DEBUG] Starting load of Config at 1748455836596
[25-05-28 18:10:36] [INFO] [DEBUG] Config has been loaded. (took 5ms)
[25-05-28 18:10:36] [INFO] [DEBUG] Starting load of Lang at 1748455836601
[25-05-28 18:10:36] [INFO] [DEBUG] Lang has been loaded. (took 13ms)
[25-05-28 18:10:36] [INFO] [DEBUG] Starting load of UserManagerImpl at 1748455836614
[25-05-28 18:10:36] [INFO] [DEBUG] UserManagerImpl has been loaded. (took 1ms)
[25-05-28 18:10:36] [INFO] [DEBUG] Starting load of GuiListener at 1748455836615
[25-05-28 18:10:36] [INFO] [DEBUG] GuiListener has been loaded. (took 0ms)
[25-05-28 18:10:36] [INFO] [DEBUG] Starting load of KitManagerImpl at 1748455836615
[25-05-28 18:10:36] [INFO] KitManagerImpl: Loaded 7 kit(s).
[25-05-28 18:10:36] [INFO] [DEBUG] KitManagerImpl has been loaded. (took 77ms)
[25-05-28 18:10:36] [INFO] [DEBUG] Starting load of ArenaManagerImpl at 1748455836699
[25-05-28 18:10:36] [INFO] ArenaManagerImpl: Loaded 6 arena(s).
[25-05-28 18:10:36] [INFO] [DEBUG] ArenaManagerImpl has been loaded. (took 6ms)
[25-05-28 18:10:36] [INFO] [DEBUG] Starting load of SettingsManager at 1748455836705
[25-05-28 18:10:36] [INFO] [DEBUG] SettingsManager has been loaded. (took 0ms)
[25-05-28 18:10:36] [INFO] [DEBUG] Starting load of PlayerInfoManager at 1748455836705
[25-05-28 18:10:36] [INFO] [DEBUG] PlayerInfoManager has been loaded. (took 0ms)
[25-05-28 18:10:36] [INFO] [DEBUG] Starting load of SpectateManagerImpl at 1748455836705
[25-05-28 18:10:36] [INFO] [DEBUG] SpectateManagerImpl has been loaded. (took 0ms)
[25-05-28 18:10:36] [INFO] [DEBUG] Starting load of BettingManager at 1748455836705
[25-05-28 18:10:36] [INFO] [DEBUG] BettingManager has been loaded. (took 0ms)
[25-05-28 18:10:36] [INFO] [DEBUG] Starting load of InventoryManager at 1748455836705
[25-05-28 18:10:36] [INFO] [DEBUG] InventoryManager has been loaded. (took 0ms)
[25-05-28 18:10:36] [INFO] [DEBUG] Starting load of DuelManager at 1748455836705
[25-05-28 18:10:36] [INFO] [DEBUG] DuelManager has been loaded. (took 0ms)
[25-05-28 18:10:36] [INFO] [DEBUG] Starting load of QueueManager at 1748455836705
[25-05-28 18:10:36] [INFO] QueueManager: Loaded 0 queue(s).
[25-05-28 18:10:36] [INFO] [DEBUG] QueueManager has been loaded. (took 1ms)
[25-05-28 18:10:36] [INFO] [DEBUG] Starting load of QueueSignManagerImpl at 1748455836706
[25-05-28 18:10:36] [INFO] QueueSignManagerImpl: Loaded 0 queue sign(s).
[25-05-28 18:10:36] [INFO] [DEBUG] QueueSignManagerImpl has been loaded. (took 0ms)
[25-05-28 18:10:36] [INFO] [DEBUG] Starting load of RequestManager at 1748455836706
[25-05-28 18:10:36] [INFO] [DEBUG] RequestManager has been loaded. (took 0ms)
[25-05-28 18:10:36] [INFO] [DEBUG] Starting load of Teleport at 1748455836706
[25-05-28 18:10:36] [INFO] [DEBUG] Teleport has been loaded. (took 0ms)
[25-05-28 18:10:36] [INFO] [DEBUG] Starting load of ExtensionManager at 1748455836706
[25-05-28 18:10:36] [INFO] [DEBUG] ExtensionManager has been loaded. (took 0ms)
[25-05-28 18:28:21] [INFO] [DEBUG] onDisable start -> 1748456901290

[25-05-28 18:28:21] [INFO] [DEBUG] Starting unload of ExtensionManager at 1748456901291
[25-05-28 18:28:21] [INFO] [DEBUG] ExtensionManager has been unloaded. (took 0ms)
[25-05-28 18:28:21] [INFO] [DEBUG] Starting unload of Teleport at 1748456901291
[25-05-28 18:28:21] [INFO] [DEBUG] Teleport has been unloaded. (took 0ms)
[25-05-28 18:28:21] [INFO] [DEBUG] Starting unload of RequestManager at 1748456901291
[25-05-28 18:28:21] [INFO] [DEBUG] RequestManager has been unloaded. (took 0ms)
[25-05-28 18:28:21] [INFO] [DEBUG] Starting unload of QueueSignManagerImpl at 1748456901291
[25-05-28 18:28:21] [INFO] [DEBUG] QueueSignManagerImpl has been unloaded. (took 0ms)
[25-05-28 18:28:21] [INFO] [DEBUG] Starting unload of QueueManager at 1748456901291
[25-05-28 18:28:21] [INFO] [DEBUG] QueueManager has been unloaded. (took 0ms)
[25-05-28 18:28:21] [INFO] [DEBUG] Starting unload of DuelManager at 1748456901291
[25-05-28 18:28:21] [INFO] [DEBUG] DuelManager has been unloaded. (took 0ms)
[25-05-28 18:28:21] [INFO] [DEBUG] Starting unload of InventoryManager at 1748456901291
[25-05-28 18:28:21] [INFO] [DEBUG] InventoryManager has been unloaded. (took 0ms)
[25-05-28 18:28:21] [INFO] [DEBUG] Starting unload of BettingManager at 1748456901291
[25-05-28 18:28:21] [INFO] [DEBUG] BettingManager has been unloaded. (took 0ms)
[25-05-28 18:28:21] [INFO] [DEBUG] Starting unload of SpectateManagerImpl at 1748456901291
[25-05-28 18:28:21] [INFO] [DEBUG] SpectateManagerImpl has been unloaded. (took 0ms)
[25-05-28 18:28:21] [INFO] [DEBUG] Starting unload of PlayerInfoManager at 1748456901291
[25-05-28 18:28:21] [INFO] [DEBUG] PlayerInfoManager has been unloaded. (took 1ms)
[25-05-28 18:28:21] [INFO] [DEBUG] Starting unload of SettingsManager at 1748456901292
[25-05-28 18:28:21] [INFO] [DEBUG] SettingsManager has been unloaded. (took 0ms)
[25-05-28 18:28:21] [INFO] [DEBUG] Starting unload of ArenaManagerImpl at 1748456901292
[25-05-28 18:28:21] [INFO] [DEBUG] ArenaManagerImpl has been unloaded. (took 0ms)
[25-05-28 18:28:21] [INFO] [DEBUG] Starting unload of KitManagerImpl at 1748456901292
[25-05-28 18:28:21] [INFO] [DEBUG] KitManagerImpl has been unloaded. (took 0ms)
[25-05-28 18:28:21] [INFO] [DEBUG] Starting unload of GuiListener at 1748456901292
[25-05-28 18:28:21] [INFO] [DEBUG] GuiListener has been unloaded. (took 0ms)
[25-05-28 18:28:21] [INFO] [DEBUG] Starting unload of UserManagerImpl at 1748456901292
[25-05-28 18:28:21] [INFO] [DEBUG] UserManagerImpl has been unloaded. (took 4ms)
[25-05-28 18:28:21] [INFO] [DEBUG] Starting unload of Lang at 1748456901296
[25-05-28 18:28:21] [INFO] [DEBUG] Lang has been unloaded. (took 0ms)
[25-05-28 18:28:21] [INFO] [DEBUG] Starting unload of Config at 1748456901296
[25-05-28 18:28:21] [INFO] [DEBUG] Config has been unloaded. (took 0ms)
[25-05-28 18:28:21] [INFO] [DEBUG] unload done (took 6ms)
[25-05-28 18:28:21] [INFO] [DEBUG] Log#clearSources done (took 0ms)
[25-05-28 18:28:45] [INFO] [DEBUG] onEnable start -> 1748456925729

[25-05-28 18:28:45] [INFO] Using Economy Provider: com.earth2me.essentials.economy.vault.VaultEconomyProvider
[25-05-28 18:28:45] [INFO] [DEBUG] Starting load of Config at 1748456925759
[25-05-28 18:28:45] [INFO] [DEBUG] Config has been loaded. (took 4ms)
[25-05-28 18:28:45] [INFO] [DEBUG] Starting load of Lang at 1748456925763
[25-05-28 18:28:45] [INFO] [DEBUG] Lang has been loaded. (took 12ms)
[25-05-28 18:28:45] [INFO] [DEBUG] Starting load of UserManagerImpl at 1748456925775
[25-05-28 18:28:45] [INFO] [DEBUG] UserManagerImpl has been loaded. (took 0ms)
[25-05-28 18:28:45] [INFO] [DEBUG] Starting load of GuiListener at 1748456925775
[25-05-28 18:28:45] [INFO] [DEBUG] GuiListener has been loaded. (took 0ms)
[25-05-28 18:28:45] [INFO] [DEBUG] Starting load of KitManagerImpl at 1748456925775
[25-05-28 18:28:45] [INFO] KitManagerImpl: Loaded 7 kit(s).
[25-05-28 18:28:45] [INFO] [DEBUG] KitManagerImpl has been loaded. (took 77ms)
[25-05-28 18:28:45] [INFO] [DEBUG] Starting load of ArenaManagerImpl at 1748456925853
[25-05-28 18:28:45] [INFO] ArenaManagerImpl: Loaded 6 arena(s).
[25-05-28 18:28:45] [INFO] [DEBUG] ArenaManagerImpl has been loaded. (took 7ms)
[25-05-28 18:28:45] [INFO] [DEBUG] Starting load of SettingsManager at 1748456925860
[25-05-28 18:28:45] [INFO] [DEBUG] SettingsManager has been loaded. (took 0ms)
[25-05-28 18:28:45] [INFO] [DEBUG] Starting load of PlayerInfoManager at 1748456925860
[25-05-28 18:28:45] [INFO] [DEBUG] PlayerInfoManager has been loaded. (took 0ms)
[25-05-28 18:28:45] [INFO] [DEBUG] Starting load of SpectateManagerImpl at 1748456925860
[25-05-28 18:28:45] [INFO] [DEBUG] SpectateManagerImpl has been loaded. (took 0ms)
[25-05-28 18:28:45] [INFO] [DEBUG] Starting load of BettingManager at 1748456925860
[25-05-28 18:28:45] [INFO] [DEBUG] BettingManager has been loaded. (took 0ms)
[25-05-28 18:28:45] [INFO] [DEBUG] Starting load of InventoryManager at 1748456925860
[25-05-28 18:28:45] [INFO] [DEBUG] InventoryManager has been loaded. (took 0ms)
[25-05-28 18:28:45] [INFO] [DEBUG] Starting load of DuelManager at 1748456925860
[25-05-28 18:28:45] [INFO] [DEBUG] DuelManager has been loaded. (took 0ms)
[25-05-28 18:28:45] [INFO] [DEBUG] Starting load of QueueManager at 1748456925860
[25-05-28 18:28:45] [INFO] QueueManager: Loaded 0 queue(s).
[25-05-28 18:28:45] [INFO] [DEBUG] QueueManager has been loaded. (took 1ms)
[25-05-28 18:28:45] [INFO] [DEBUG] Starting load of QueueSignManagerImpl at 1748456925861
[25-05-28 18:28:45] [INFO] QueueSignManagerImpl: Loaded 0 queue sign(s).
[25-05-28 18:28:45] [INFO] [DEBUG] QueueSignManagerImpl has been loaded. (took 0ms)
[25-05-28 18:28:45] [INFO] [DEBUG] Starting load of RequestManager at 1748456925861
[25-05-28 18:28:45] [INFO] [DEBUG] RequestManager has been loaded. (took 0ms)
[25-05-28 18:28:45] [INFO] [DEBUG] Starting load of Teleport at 1748456925861
[25-05-28 18:28:45] [INFO] [DEBUG] Teleport has been loaded. (took 0ms)
[25-05-28 18:28:45] [INFO] [DEBUG] Starting load of ExtensionManager at 1748456925861
[25-05-28 18:28:45] [INFO] [DEBUG] ExtensionManager has been loaded. (took 0ms)
[25-05-28 19:36:31] [INFO] [DEBUG] onEnable start -> 1748460991543

[25-05-28 19:36:31] [INFO] Using Economy Provider: com.earth2me.essentials.economy.vault.VaultEconomyProvider
[25-05-28 19:36:31] [INFO] [DEBUG] Starting load of Config at 1748460991570
[25-05-28 19:36:31] [INFO] [DEBUG] Config has been loaded. (took 4ms)
[25-05-28 19:36:31] [INFO] [DEBUG] Starting load of Lang at 1748460991574
[25-05-28 19:36:31] [INFO] [DEBUG] Lang has been loaded. (took 11ms)
[25-05-28 19:36:31] [INFO] [DEBUG] Starting load of UserManagerImpl at 1748460991585
[25-05-28 19:36:31] [INFO] [DEBUG] UserManagerImpl has been loaded. (took 0ms)
[25-05-28 19:36:31] [INFO] [DEBUG] Starting load of GuiListener at 1748460991585
[25-05-28 19:36:31] [INFO] [DEBUG] GuiListener has been loaded. (took 0ms)
[25-05-28 19:36:31] [INFO] [DEBUG] Starting load of KitManagerImpl at 1748460991585
[25-05-28 19:36:31] [INFO] KitManagerImpl: Loaded 7 kit(s).
[25-05-28 19:36:31] [INFO] [DEBUG] KitManagerImpl has been loaded. (took 77ms)
[25-05-28 19:36:31] [INFO] [DEBUG] Starting load of ArenaManagerImpl at 1748460991662
[25-05-28 19:36:31] [INFO] ArenaManagerImpl: Loaded 6 arena(s).
[25-05-28 19:36:31] [INFO] [DEBUG] ArenaManagerImpl has been loaded. (took 7ms)
[25-05-28 19:36:31] [INFO] [DEBUG] Starting load of SettingsManager at 1748460991669
[25-05-28 19:36:31] [INFO] [DEBUG] SettingsManager has been loaded. (took 0ms)
[25-05-28 19:36:31] [INFO] [DEBUG] Starting load of PlayerInfoManager at 1748460991669
[25-05-28 19:36:31] [INFO] [DEBUG] PlayerInfoManager has been loaded. (took 0ms)
[25-05-28 19:36:31] [INFO] [DEBUG] Starting load of SpectateManagerImpl at 1748460991669
[25-05-28 19:36:31] [INFO] [DEBUG] SpectateManagerImpl has been loaded. (took 0ms)
[25-05-28 19:36:31] [INFO] [DEBUG] Starting load of BettingManager at 1748460991669
[25-05-28 19:36:31] [INFO] [DEBUG] BettingManager has been loaded. (took 0ms)
[25-05-28 19:36:31] [INFO] [DEBUG] Starting load of InventoryManager at 1748460991669
[25-05-28 19:36:31] [INFO] [DEBUG] InventoryManager has been loaded. (took 0ms)
[25-05-28 19:36:31] [INFO] [DEBUG] Starting load of DuelManager at 1748460991669
[25-05-28 19:36:31] [INFO] [DEBUG] DuelManager has been loaded. (took 0ms)
[25-05-28 19:36:31] [INFO] [DEBUG] Starting load of QueueManager at 1748460991669
[25-05-28 19:36:31] [INFO] QueueManager: Loaded 0 queue(s).
[25-05-28 19:36:31] [INFO] [DEBUG] QueueManager has been loaded. (took 1ms)
[25-05-28 19:36:31] [INFO] [DEBUG] Starting load of QueueSignManagerImpl at 1748460991670
[25-05-28 19:36:31] [INFO] QueueSignManagerImpl: Loaded 0 queue sign(s).
[25-05-28 19:36:31] [INFO] [DEBUG] QueueSignManagerImpl has been loaded. (took 0ms)
[25-05-28 19:36:31] [INFO] [DEBUG] Starting load of RequestManager at 1748460991670
[25-05-28 19:36:31] [INFO] [DEBUG] RequestManager has been loaded. (took 0ms)
[25-05-28 19:36:31] [INFO] [DEBUG] Starting load of Teleport at 1748460991670
[25-05-28 19:36:31] [INFO] [DEBUG] Teleport has been loaded. (took 1ms)
[25-05-28 19:36:31] [INFO] [DEBUG] Starting load of ExtensionManager at 1748460991671
[25-05-28 19:36:31] [INFO] [DEBUG] ExtensionManager has been loaded. (took 0ms)
[25-05-28 19:48:16] [INFO] [DEBUG] onEnable start -> 1748461696985

[25-05-28 19:48:17] [INFO] Using Economy Provider: com.earth2me.essentials.economy.vault.VaultEconomyProvider
[25-05-28 19:48:17] [INFO] [DEBUG] Starting load of Config at 1748461697021
[25-05-28 19:48:17] [INFO] [DEBUG] Config has been loaded. (took 4ms)
[25-05-28 19:48:17] [INFO] [DEBUG] Starting load of Lang at 1748461697025
[25-05-28 19:48:17] [INFO] [DEBUG] Lang has been loaded. (took 12ms)
[25-05-28 19:48:17] [INFO] [DEBUG] Starting load of UserManagerImpl at 1748461697037
[25-05-28 19:48:17] [INFO] [DEBUG] UserManagerImpl has been loaded. (took 0ms)
[25-05-28 19:48:17] [INFO] [DEBUG] Starting load of GuiListener at 1748461697038
[25-05-28 19:48:17] [INFO] [DEBUG] GuiListener has been loaded. (took 0ms)
[25-05-28 19:48:17] [INFO] [DEBUG] Starting load of KitManagerImpl at 1748461697038
[25-05-28 19:48:17] [INFO] KitManagerImpl: Loaded 7 kit(s).
[25-05-28 19:48:17] [INFO] [DEBUG] KitManagerImpl has been loaded. (took 119ms)
[25-05-28 19:48:17] [INFO] [DEBUG] Starting load of ArenaManagerImpl at 1748461697157
[25-05-28 19:48:17] [INFO] ArenaManagerImpl: Loaded 6 arena(s).
[25-05-28 19:48:17] [INFO] [DEBUG] ArenaManagerImpl has been loaded. (took 9ms)
[25-05-28 19:48:17] [INFO] [DEBUG] Starting load of SettingsManager at 1748461697166
[25-05-28 19:48:17] [INFO] [DEBUG] SettingsManager has been loaded. (took 0ms)
[25-05-28 19:48:17] [INFO] [DEBUG] Starting load of PlayerInfoManager at 1748461697166
[25-05-28 19:48:17] [INFO] [DEBUG] PlayerInfoManager has been loaded. (took 1ms)
[25-05-28 19:48:17] [INFO] [DEBUG] Starting load of SpectateManagerImpl at 1748461697167
[25-05-28 19:48:17] [INFO] [DEBUG] SpectateManagerImpl has been loaded. (took 0ms)
[25-05-28 19:48:17] [INFO] [DEBUG] Starting load of BettingManager at 1748461697167
[25-05-28 19:48:17] [INFO] [DEBUG] BettingManager has been loaded. (took 0ms)
[25-05-28 19:48:17] [INFO] [DEBUG] Starting load of InventoryManager at 1748461697167
[25-05-28 19:48:17] [INFO] [DEBUG] InventoryManager has been loaded. (took 0ms)
[25-05-28 19:48:17] [INFO] [DEBUG] Starting load of DuelManager at 1748461697167
[25-05-28 19:48:17] [INFO] [DEBUG] DuelManager has been loaded. (took 0ms)
[25-05-28 19:48:17] [INFO] [DEBUG] Starting load of QueueManager at 1748461697167
[25-05-28 19:48:17] [INFO] QueueManager: Loaded 0 queue(s).
[25-05-28 19:48:17] [INFO] [DEBUG] QueueManager has been loaded. (took 1ms)
[25-05-28 19:48:17] [INFO] [DEBUG] Starting load of QueueSignManagerImpl at 1748461697168
[25-05-28 19:48:17] [INFO] QueueSignManagerImpl: Loaded 0 queue sign(s).
[25-05-28 19:48:17] [INFO] [DEBUG] QueueSignManagerImpl has been loaded. (took 0ms)
[25-05-28 19:48:17] [INFO] [DEBUG] Starting load of RequestManager at 1748461697168
[25-05-28 19:48:17] [INFO] [DEBUG] RequestManager has been loaded. (took 0ms)
[25-05-28 19:48:17] [INFO] [DEBUG] Starting load of Teleport at 1748461697168
[25-05-28 19:48:17] [INFO] [DEBUG] Teleport has been loaded. (took 0ms)
[25-05-28 19:48:17] [INFO] [DEBUG] Starting load of ExtensionManager at 1748461697168
[25-05-28 19:48:17] [INFO] [DEBUG] ExtensionManager has been loaded. (took 0ms)
[25-05-29 09:17:24] [WARNING] dubll has attempted to use a kit item while not in duel, but was prevented by KitItemListener.
[25-05-29 16:47:27] [WARNING] Bobric228saras has attempted to use a kit item while not in duel, but was prevented by KitItemListener.
[25-05-29 21:01:31] [WARNING] Alexi21 has attempted to use a kit item while not in duel, but was prevented by KitItemListener.
[25-05-30 07:25:04] [WARNING] arte123m has attempted to use a kit item while not in duel, but was prevented by KitItemListener.
