[25-05-21 15:09:21] [INFO] [DEBUG] onEnable start -> 1747840161135

[25-05-21 15:09:21] [INFO] Using Economy Provider: com.earth2me.essentials.economy.vault.VaultEconomyProvider
[25-05-21 15:09:21] [INFO] [DEBUG] Starting load of Config at 1747840161178
[25-05-21 15:09:21] [INFO] [DEBUG] Config has been loaded. (took 4ms)
[25-05-21 15:09:21] [INFO] [DEBUG] Starting load of Lang at 1747840161182
[25-05-21 15:09:21] [INFO] [DEBUG] Lang has been loaded. (took 15ms)
[25-05-21 15:09:21] [INFO] [DEBUG] Starting load of UserManagerImpl at 1747840161197
[25-05-21 15:09:21] [INFO] [DEBUG] UserManagerImpl has been loaded. (took 0ms)
[25-05-21 15:09:21] [INFO] [DEBUG] Starting load of GuiListener at 1747840161197
[25-05-21 15:09:21] [INFO] [DEBUG] GuiListener has been loaded. (took 0ms)
[25-05-21 15:09:21] [INFO] [DEBUG] Starting load of KitManagerImpl at 1747840161197
[25-05-21 15:09:21] [INFO] KitManagerImpl: Loaded 7 kit(s).
[25-05-21 15:09:21] [INFO] [DEBUG] KitManagerImpl has been loaded. (took 114ms)
[25-05-21 15:09:21] [INFO] [DEBUG] Starting load of ArenaManagerImpl at 1747840161311
[25-05-21 15:09:21] [INFO] ArenaManagerImpl: Loaded 6 arena(s).
[25-05-21 15:09:21] [INFO] [DEBUG] ArenaManagerImpl has been loaded. (took 10ms)
[25-05-21 15:09:21] [INFO] [DEBUG] Starting load of SettingsManager at 1747840161321
[25-05-21 15:09:21] [INFO] [DEBUG] SettingsManager has been loaded. (took 1ms)
[25-05-21 15:09:21] [INFO] [DEBUG] Starting load of PlayerInfoManager at 1747840161322
[25-05-21 15:09:21] [INFO] [DEBUG] PlayerInfoManager has been loaded. (took 49ms)
[25-05-21 15:09:21] [INFO] [DEBUG] Starting load of SpectateManagerImpl at 1747840161371
[25-05-21 15:09:21] [INFO] [DEBUG] SpectateManagerImpl has been loaded. (took 0ms)
[25-05-21 15:09:21] [INFO] [DEBUG] Starting load of BettingManager at 1747840161371
[25-05-21 15:09:21] [INFO] [DEBUG] BettingManager has been loaded. (took 0ms)
[25-05-21 15:09:21] [INFO] [DEBUG] Starting load of InventoryManager at 1747840161371
[25-05-21 15:09:21] [INFO] [DEBUG] InventoryManager has been loaded. (took 1ms)
[25-05-21 15:09:21] [INFO] [DEBUG] Starting load of DuelManager at 1747840161372
[25-05-21 15:09:21] [INFO] [DEBUG] DuelManager has been loaded. (took 0ms)
[25-05-21 15:09:21] [INFO] [DEBUG] Starting load of QueueManager at 1747840161372
[25-05-21 15:09:21] [INFO] QueueManager: Loaded 0 queue(s).
[25-05-21 15:09:21] [INFO] [DEBUG] QueueManager has been loaded. (took 1ms)
[25-05-21 15:09:21] [INFO] [DEBUG] Starting load of QueueSignManagerImpl at 1747840161373
[25-05-21 15:09:21] [INFO] QueueSignManagerImpl: Loaded 0 queue sign(s).
[25-05-21 15:09:21] [INFO] [DEBUG] QueueSignManagerImpl has been loaded. (took 0ms)
[25-05-21 15:09:21] [INFO] [DEBUG] Starting load of RequestManager at 1747840161373
[25-05-21 15:09:21] [INFO] [DEBUG] RequestManager has been loaded. (took 0ms)
[25-05-21 15:09:21] [INFO] [DEBUG] Starting load of Teleport at 1747840161373
[25-05-21 15:09:21] [INFO] [DEBUG] Teleport has been loaded. (took 0ms)
[25-05-21 15:09:21] [INFO] [DEBUG] Starting load of ExtensionManager at 1747840161373
[25-05-21 15:09:21] [INFO] [DEBUG] ExtensionManager has been loaded. (took 1ms)
[25-05-22 04:00:35] [WARNING] A123QWWE123 has attempted to use a kit item while not in duel, but was prevented by KitItemListener.
[25-05-22 06:50:10] [INFO] [DEBUG] onDisable start -> 1747896610479

[25-05-22 06:50:10] [INFO] [DEBUG] Starting unload of ExtensionManager at 1747896610481
[25-05-22 06:50:10] [INFO] [DEBUG] ExtensionManager has been unloaded. (took 0ms)
[25-05-22 06:50:10] [INFO] [DEBUG] Starting unload of Teleport at 1747896610481
[25-05-22 06:50:10] [INFO] [DEBUG] Teleport has been unloaded. (took 0ms)
[25-05-22 06:50:10] [INFO] [DEBUG] Starting unload of RequestManager at 1747896610481
[25-05-22 06:50:10] [INFO] [DEBUG] RequestManager has been unloaded. (took 0ms)
[25-05-22 06:50:10] [INFO] [DEBUG] Starting unload of QueueSignManagerImpl at 1747896610481
[25-05-22 06:50:10] [INFO] [DEBUG] QueueSignManagerImpl has been unloaded. (took 0ms)
[25-05-22 06:50:10] [INFO] [DEBUG] Starting unload of QueueManager at 1747896610481
[25-05-22 06:50:10] [INFO] [DEBUG] QueueManager has been unloaded. (took 0ms)
[25-05-22 06:50:10] [INFO] [DEBUG] Starting unload of DuelManager at 1747896610481
[25-05-22 06:50:10] [INFO] [DEBUG] DuelManager has been unloaded. (took 1ms)
[25-05-22 06:50:10] [INFO] [DEBUG] Starting unload of InventoryManager at 1747896610482
[25-05-22 06:50:10] [INFO] [DEBUG] InventoryManager has been unloaded. (took 0ms)
[25-05-22 06:50:10] [INFO] [DEBUG] Starting unload of BettingManager at 1747896610482
[25-05-22 06:50:10] [INFO] [DEBUG] BettingManager has been unloaded. (took 0ms)
[25-05-22 06:50:10] [INFO] [DEBUG] Starting unload of SpectateManagerImpl at 1747896610482
[25-05-22 06:50:10] [INFO] [DEBUG] SpectateManagerImpl has been unloaded. (took 0ms)
[25-05-22 06:50:10] [INFO] [DEBUG] Starting unload of PlayerInfoManager at 1747896610482
[25-05-22 06:50:10] [INFO] [DEBUG] PlayerInfoManager has been unloaded. (took 59ms)
[25-05-22 06:50:10] [INFO] [DEBUG] Starting unload of SettingsManager at 1747896610541
[25-05-22 06:50:10] [INFO] [DEBUG] SettingsManager has been unloaded. (took 0ms)
[25-05-22 06:50:10] [INFO] [DEBUG] Starting unload of ArenaManagerImpl at 1747896610541
[25-05-22 06:50:10] [INFO] [DEBUG] ArenaManagerImpl has been unloaded. (took 0ms)
[25-05-22 06:50:10] [INFO] [DEBUG] Starting unload of KitManagerImpl at 1747896610541
[25-05-22 06:50:10] [INFO] [DEBUG] KitManagerImpl has been unloaded. (took 0ms)
[25-05-22 06:50:10] [INFO] [DEBUG] Starting unload of GuiListener at 1747896610541
[25-05-22 06:50:10] [INFO] [DEBUG] GuiListener has been unloaded. (took 1ms)
[25-05-22 06:50:10] [INFO] [DEBUG] Starting unload of UserManagerImpl at 1747896610542
[25-05-22 06:50:10] [INFO] [DEBUG] UserManagerImpl has been unloaded. (took 7ms)
[25-05-22 06:50:10] [INFO] [DEBUG] Starting unload of Lang at 1747896610549
[25-05-22 06:50:10] [INFO] [DEBUG] Lang has been unloaded. (took 0ms)
[25-05-22 06:50:10] [INFO] [DEBUG] Starting unload of Config at 1747896610549
[25-05-22 06:50:10] [INFO] [DEBUG] Config has been unloaded. (took 0ms)
[25-05-22 06:50:10] [INFO] [DEBUG] unload done (took 70ms)
[25-05-22 06:50:10] [INFO] [DEBUG] Log#clearSources done (took 0ms)
