[25-05-16 19:38:50] [INFO] [DEBUG] onEnable start -> 1747424330716

[25-05-16 19:38:50] [INFO] Using Economy Provider: com.earth2me.essentials.economy.vault.VaultEconomyProvider
[25-05-16 19:38:50] [INFO] [DEBUG] Starting load of Config at 1747424330753
[25-05-16 19:38:50] [INFO] [DEBUG] Config has been loaded. (took 4ms)
[25-05-16 19:38:50] [INFO] [DEBUG] Starting load of Lang at 1747424330757
[25-05-16 19:38:50] [INFO] [DEBUG] Lang has been loaded. (took 18ms)
[25-05-16 19:38:50] [INFO] [DEBUG] Starting load of UserManagerImpl at 1747424330775
[25-05-16 19:38:50] [INFO] [DEBUG] UserManagerImpl has been loaded. (took 0ms)
[25-05-16 19:38:50] [INFO] [DEBUG] Starting load of GuiListener at 1747424330775
[25-05-16 19:38:50] [INFO] [DEBUG] GuiListener has been loaded. (took 0ms)
[25-05-16 19:38:50] [INFO] [DEBUG] Starting load of KitManagerImpl at 1747424330775
[25-05-16 19:38:50] [INFO] KitManagerImpl: Loaded 7 kit(s).
[25-05-16 19:38:50] [INFO] [DEBUG] KitManagerImpl has been loaded. (took 137ms)
[25-05-16 19:38:50] [INFO] [DEBUG] Starting load of ArenaManagerImpl at 1747424330912
[25-05-16 19:38:50] [INFO] ArenaManagerImpl: Loaded 6 arena(s).
[25-05-16 19:38:50] [INFO] [DEBUG] ArenaManagerImpl has been loaded. (took 10ms)
[25-05-16 19:38:50] [INFO] [DEBUG] Starting load of SettingsManager at 1747424330922
[25-05-16 19:38:50] [INFO] [DEBUG] SettingsManager has been loaded. (took 0ms)
[25-05-16 19:38:50] [INFO] [DEBUG] Starting load of PlayerInfoManager at 1747424330922
[25-05-16 19:38:50] [INFO] [DEBUG] PlayerInfoManager has been loaded. (took 22ms)
[25-05-16 19:38:50] [INFO] [DEBUG] Starting load of SpectateManagerImpl at 1747424330945
[25-05-16 19:38:50] [INFO] [DEBUG] SpectateManagerImpl has been loaded. (took 0ms)
[25-05-16 19:38:50] [INFO] [DEBUG] Starting load of BettingManager at 1747424330945
[25-05-16 19:38:50] [INFO] [DEBUG] BettingManager has been loaded. (took 0ms)
[25-05-16 19:38:50] [INFO] [DEBUG] Starting load of InventoryManager at 1747424330945
[25-05-16 19:38:50] [INFO] [DEBUG] InventoryManager has been loaded. (took 0ms)
[25-05-16 19:38:50] [INFO] [DEBUG] Starting load of DuelManager at 1747424330945
[25-05-16 19:38:50] [INFO] [DEBUG] DuelManager has been loaded. (took 0ms)
[25-05-16 19:38:50] [INFO] [DEBUG] Starting load of QueueManager at 1747424330945
[25-05-16 19:38:50] [INFO] QueueManager: Loaded 0 queue(s).
[25-05-16 19:38:50] [INFO] [DEBUG] QueueManager has been loaded. (took 1ms)
[25-05-16 19:38:50] [INFO] [DEBUG] Starting load of QueueSignManagerImpl at 1747424330946
[25-05-16 19:38:50] [INFO] QueueSignManagerImpl: Loaded 0 queue sign(s).
[25-05-16 19:38:50] [INFO] [DEBUG] QueueSignManagerImpl has been loaded. (took 0ms)
[25-05-16 19:38:50] [INFO] [DEBUG] Starting load of RequestManager at 1747424330946
[25-05-16 19:38:50] [INFO] [DEBUG] RequestManager has been loaded. (took 0ms)
[25-05-16 19:38:50] [INFO] [DEBUG] Starting load of Teleport at 1747424330946
[25-05-16 19:38:50] [INFO] [DEBUG] Teleport has been loaded. (took 0ms)
[25-05-16 19:38:50] [INFO] [DEBUG] Starting load of ExtensionManager at 1747424330946
[25-05-16 19:38:50] [INFO] [DEBUG] ExtensionManager has been loaded. (took 1ms)
[25-05-16 20:08:10] [INFO] [DEBUG] onDisable start -> 1747426090602

[25-05-16 20:08:10] [INFO] [DEBUG] Starting unload of ExtensionManager at 1747426090603
[25-05-16 20:08:10] [INFO] [DEBUG] ExtensionManager has been unloaded. (took 1ms)
[25-05-16 20:08:10] [INFO] [DEBUG] Starting unload of Teleport at 1747426090604
[25-05-16 20:08:10] [INFO] [DEBUG] Teleport has been unloaded. (took 0ms)
[25-05-16 20:08:10] [INFO] [DEBUG] Starting unload of RequestManager at 1747426090604
[25-05-16 20:08:10] [INFO] [DEBUG] RequestManager has been unloaded. (took 0ms)
[25-05-16 20:08:10] [INFO] [DEBUG] Starting unload of QueueSignManagerImpl at 1747426090604
[25-05-16 20:08:10] [INFO] [DEBUG] QueueSignManagerImpl has been unloaded. (took 0ms)
[25-05-16 20:08:10] [INFO] [DEBUG] Starting unload of QueueManager at 1747426090604
[25-05-16 20:08:10] [INFO] [DEBUG] QueueManager has been unloaded. (took 0ms)
[25-05-16 20:08:10] [INFO] [DEBUG] Starting unload of DuelManager at 1747426090604
[25-05-16 20:08:10] [INFO] [DEBUG] DuelManager has been unloaded. (took 0ms)
[25-05-16 20:08:10] [INFO] [DEBUG] Starting unload of InventoryManager at 1747426090604
[25-05-16 20:08:10] [INFO] [DEBUG] InventoryManager has been unloaded. (took 0ms)
[25-05-16 20:08:10] [INFO] [DEBUG] Starting unload of BettingManager at 1747426090604
[25-05-16 20:08:10] [INFO] [DEBUG] BettingManager has been unloaded. (took 0ms)
[25-05-16 20:08:10] [INFO] [DEBUG] Starting unload of SpectateManagerImpl at 1747426090604
[25-05-16 20:08:10] [INFO] [DEBUG] SpectateManagerImpl has been unloaded. (took 0ms)
[25-05-16 20:08:10] [INFO] [DEBUG] Starting unload of PlayerInfoManager at 1747426090604
[25-05-16 20:08:10] [INFO] [DEBUG] PlayerInfoManager has been unloaded. (took 18ms)
[25-05-16 20:08:10] [INFO] [DEBUG] Starting unload of SettingsManager at 1747426090623
[25-05-16 20:08:10] [INFO] [DEBUG] SettingsManager has been unloaded. (took 0ms)
[25-05-16 20:08:10] [INFO] [DEBUG] Starting unload of ArenaManagerImpl at 1747426090623
[25-05-16 20:08:10] [INFO] [DEBUG] ArenaManagerImpl has been unloaded. (took 0ms)
[25-05-16 20:08:10] [INFO] [DEBUG] Starting unload of KitManagerImpl at 1747426090623
[25-05-16 20:08:10] [INFO] [DEBUG] KitManagerImpl has been unloaded. (took 0ms)
[25-05-16 20:08:10] [INFO] [DEBUG] Starting unload of GuiListener at 1747426090623
[25-05-16 20:08:10] [INFO] [DEBUG] GuiListener has been unloaded. (took 0ms)
[25-05-16 20:08:10] [INFO] [DEBUG] Starting unload of UserManagerImpl at 1747426090623
[25-05-16 20:08:10] [INFO] [DEBUG] UserManagerImpl has been unloaded. (took 2ms)
[25-05-16 20:08:10] [INFO] [DEBUG] Starting unload of Lang at 1747426090625
[25-05-16 20:08:10] [INFO] [DEBUG] Lang has been unloaded. (took 0ms)
[25-05-16 20:08:10] [INFO] [DEBUG] Starting unload of Config at 1747426090625
[25-05-16 20:08:10] [INFO] [DEBUG] Config has been unloaded. (took 0ms)
[25-05-16 20:08:10] [INFO] [DEBUG] unload done (took 23ms)
[25-05-16 20:08:10] [INFO] [DEBUG] Log#clearSources done (took 0ms)
[25-05-16 20:08:37] [INFO] [DEBUG] onEnable start -> 1747426117011

[25-05-16 20:08:37] [INFO] Using Economy Provider: com.earth2me.essentials.economy.vault.VaultEconomyProvider
[25-05-16 20:08:37] [INFO] [DEBUG] Starting load of Config at 1747426117049
[25-05-16 20:08:37] [INFO] [DEBUG] Config has been loaded. (took 4ms)
[25-05-16 20:08:37] [INFO] [DEBUG] Starting load of Lang at 1747426117053
[25-05-16 20:08:37] [INFO] [DEBUG] Lang has been loaded. (took 14ms)
[25-05-16 20:08:37] [INFO] [DEBUG] Starting load of UserManagerImpl at 1747426117067
[25-05-16 20:08:37] [INFO] [DEBUG] UserManagerImpl has been loaded. (took 0ms)
[25-05-16 20:08:37] [INFO] [DEBUG] Starting load of GuiListener at 1747426117067
[25-05-16 20:08:37] [INFO] [DEBUG] GuiListener has been loaded. (took 0ms)
[25-05-16 20:08:37] [INFO] [DEBUG] Starting load of KitManagerImpl at 1747426117067
[25-05-16 20:08:37] [INFO] KitManagerImpl: Loaded 7 kit(s).
[25-05-16 20:08:37] [INFO] [DEBUG] KitManagerImpl has been loaded. (took 97ms)
[25-05-16 20:08:37] [INFO] [DEBUG] Starting load of ArenaManagerImpl at 1747426117164
[25-05-16 20:08:37] [INFO] ArenaManagerImpl: Loaded 6 arena(s).
[25-05-16 20:08:37] [INFO] [DEBUG] ArenaManagerImpl has been loaded. (took 8ms)
[25-05-16 20:08:37] [INFO] [DEBUG] Starting load of SettingsManager at 1747426117172
[25-05-16 20:08:37] [INFO] [DEBUG] SettingsManager has been loaded. (took 0ms)
[25-05-16 20:08:37] [INFO] [DEBUG] Starting load of PlayerInfoManager at 1747426117172
[25-05-16 20:08:37] [INFO] [DEBUG] PlayerInfoManager has been loaded. (took 16ms)
[25-05-16 20:08:37] [INFO] [DEBUG] Starting load of SpectateManagerImpl at 1747426117188
[25-05-16 20:08:37] [INFO] [DEBUG] SpectateManagerImpl has been loaded. (took 0ms)
[25-05-16 20:08:37] [INFO] [DEBUG] Starting load of BettingManager at 1747426117188
[25-05-16 20:08:37] [INFO] [DEBUG] BettingManager has been loaded. (took 0ms)
[25-05-16 20:08:37] [INFO] [DEBUG] Starting load of InventoryManager at 1747426117188
[25-05-16 20:08:37] [INFO] [DEBUG] InventoryManager has been loaded. (took 0ms)
[25-05-16 20:08:37] [INFO] [DEBUG] Starting load of DuelManager at 1747426117188
[25-05-16 20:08:37] [INFO] [DEBUG] DuelManager has been loaded. (took 1ms)
[25-05-16 20:08:37] [INFO] [DEBUG] Starting load of QueueManager at 1747426117189
[25-05-16 20:08:37] [INFO] QueueManager: Loaded 0 queue(s).
[25-05-16 20:08:37] [INFO] [DEBUG] QueueManager has been loaded. (took 0ms)
[25-05-16 20:08:37] [INFO] [DEBUG] Starting load of QueueSignManagerImpl at 1747426117190
[25-05-16 20:08:37] [INFO] QueueSignManagerImpl: Loaded 0 queue sign(s).
[25-05-16 20:08:37] [INFO] [DEBUG] QueueSignManagerImpl has been loaded. (took 0ms)
[25-05-16 20:08:37] [INFO] [DEBUG] Starting load of RequestManager at 1747426117190
[25-05-16 20:08:37] [INFO] [DEBUG] RequestManager has been loaded. (took 0ms)
[25-05-16 20:08:37] [INFO] [DEBUG] Starting load of Teleport at 1747426117190
[25-05-16 20:08:37] [INFO] [DEBUG] Teleport has been loaded. (took 0ms)
[25-05-16 20:08:37] [INFO] [DEBUG] Starting load of ExtensionManager at 1747426117190
[25-05-16 20:08:37] [INFO] [DEBUG] ExtensionManager has been loaded. (took 0ms)
[25-05-16 20:14:11] [INFO] [DEBUG] onDisable start -> 1747426451529

[25-05-16 20:14:11] [INFO] [DEBUG] Starting unload of ExtensionManager at 1747426451530
[25-05-16 20:14:11] [INFO] [DEBUG] ExtensionManager has been unloaded. (took 0ms)
[25-05-16 20:14:11] [INFO] [DEBUG] Starting unload of Teleport at 1747426451530
[25-05-16 20:14:11] [INFO] [DEBUG] Teleport has been unloaded. (took 0ms)
[25-05-16 20:14:11] [INFO] [DEBUG] Starting unload of RequestManager at 1747426451530
[25-05-16 20:14:11] [INFO] [DEBUG] RequestManager has been unloaded. (took 0ms)
[25-05-16 20:14:11] [INFO] [DEBUG] Starting unload of QueueSignManagerImpl at 1747426451530
[25-05-16 20:14:11] [INFO] [DEBUG] QueueSignManagerImpl has been unloaded. (took 0ms)
[25-05-16 20:14:11] [INFO] [DEBUG] Starting unload of QueueManager at 1747426451530
[25-05-16 20:14:11] [INFO] [DEBUG] QueueManager has been unloaded. (took 0ms)
[25-05-16 20:14:11] [INFO] [DEBUG] Starting unload of DuelManager at 1747426451530
[25-05-16 20:14:11] [INFO] [DEBUG] DuelManager has been unloaded. (took 0ms)
[25-05-16 20:14:11] [INFO] [DEBUG] Starting unload of InventoryManager at 1747426451530
[25-05-16 20:14:11] [INFO] [DEBUG] InventoryManager has been unloaded. (took 0ms)
[25-05-16 20:14:11] [INFO] [DEBUG] Starting unload of BettingManager at 1747426451530
[25-05-16 20:14:11] [INFO] [DEBUG] BettingManager has been unloaded. (took 0ms)
[25-05-16 20:14:11] [INFO] [DEBUG] Starting unload of SpectateManagerImpl at 1747426451530
[25-05-16 20:14:11] [INFO] [DEBUG] SpectateManagerImpl has been unloaded. (took 0ms)
[25-05-16 20:14:11] [INFO] [DEBUG] Starting unload of PlayerInfoManager at 1747426451531
[25-05-16 20:14:11] [INFO] [DEBUG] PlayerInfoManager has been unloaded. (took 17ms)
[25-05-16 20:14:11] [INFO] [DEBUG] Starting unload of SettingsManager at 1747426451548
[25-05-16 20:14:11] [INFO] [DEBUG] SettingsManager has been unloaded. (took 0ms)
[25-05-16 20:14:11] [INFO] [DEBUG] Starting unload of ArenaManagerImpl at 1747426451548
[25-05-16 20:14:11] [INFO] [DEBUG] ArenaManagerImpl has been unloaded. (took 0ms)
[25-05-16 20:14:11] [INFO] [DEBUG] Starting unload of KitManagerImpl at 1747426451548
[25-05-16 20:14:11] [INFO] [DEBUG] KitManagerImpl has been unloaded. (took 0ms)
[25-05-16 20:14:11] [INFO] [DEBUG] Starting unload of GuiListener at 1747426451549
[25-05-16 20:14:11] [INFO] [DEBUG] GuiListener has been unloaded. (took 0ms)
[25-05-16 20:14:11] [INFO] [DEBUG] Starting unload of UserManagerImpl at 1747426451549
[25-05-16 20:14:11] [INFO] [DEBUG] UserManagerImpl has been unloaded. (took 2ms)
[25-05-16 20:14:11] [INFO] [DEBUG] Starting unload of Lang at 1747426451551
[25-05-16 20:14:11] [INFO] [DEBUG] Lang has been unloaded. (took 0ms)
[25-05-16 20:14:11] [INFO] [DEBUG] Starting unload of Config at 1747426451551
[25-05-16 20:14:11] [INFO] [DEBUG] Config has been unloaded. (took 0ms)
[25-05-16 20:14:11] [INFO] [DEBUG] unload done (took 22ms)
[25-05-16 20:14:11] [INFO] [DEBUG] Log#clearSources done (took 0ms)
[25-05-16 20:14:39] [INFO] [DEBUG] onEnable start -> 1747426479689

[25-05-16 20:14:39] [INFO] Using Economy Provider: com.earth2me.essentials.economy.vault.VaultEconomyProvider
[25-05-16 20:14:39] [INFO] [DEBUG] Starting load of Config at 1747426479722
[25-05-16 20:14:39] [INFO] [DEBUG] Config has been loaded. (took 3ms)
[25-05-16 20:14:39] [INFO] [DEBUG] Starting load of Lang at 1747426479725
[25-05-16 20:14:39] [INFO] [DEBUG] Lang has been loaded. (took 13ms)
[25-05-16 20:14:39] [INFO] [DEBUG] Starting load of UserManagerImpl at 1747426479738
[25-05-16 20:14:39] [INFO] [DEBUG] UserManagerImpl has been loaded. (took 0ms)
[25-05-16 20:14:39] [INFO] [DEBUG] Starting load of GuiListener at 1747426479738
[25-05-16 20:14:39] [INFO] [DEBUG] GuiListener has been loaded. (took 0ms)
[25-05-16 20:14:39] [INFO] [DEBUG] Starting load of KitManagerImpl at 1747426479738
[25-05-16 20:14:39] [INFO] KitManagerImpl: Loaded 7 kit(s).
[25-05-16 20:14:39] [INFO] [DEBUG] KitManagerImpl has been loaded. (took 84ms)
[25-05-16 20:14:39] [INFO] [DEBUG] Starting load of ArenaManagerImpl at 1747426479822
[25-05-16 20:14:39] [INFO] ArenaManagerImpl: Loaded 6 arena(s).
[25-05-16 20:14:39] [INFO] [DEBUG] ArenaManagerImpl has been loaded. (took 8ms)
[25-05-16 20:14:39] [INFO] [DEBUG] Starting load of SettingsManager at 1747426479830
[25-05-16 20:14:39] [INFO] [DEBUG] SettingsManager has been loaded. (took 0ms)
[25-05-16 20:14:39] [INFO] [DEBUG] Starting load of PlayerInfoManager at 1747426479830
[25-05-16 20:14:39] [INFO] [DEBUG] PlayerInfoManager has been loaded. (took 17ms)
[25-05-16 20:14:39] [INFO] [DEBUG] Starting load of SpectateManagerImpl at 1747426479847
[25-05-16 20:14:39] [INFO] [DEBUG] SpectateManagerImpl has been loaded. (took 0ms)
[25-05-16 20:14:39] [INFO] [DEBUG] Starting load of BettingManager at 1747426479847
[25-05-16 20:14:39] [INFO] [DEBUG] BettingManager has been loaded. (took 0ms)
[25-05-16 20:14:39] [INFO] [DEBUG] Starting load of InventoryManager at 1747426479847
[25-05-16 20:14:39] [INFO] [DEBUG] InventoryManager has been loaded. (took 0ms)
[25-05-16 20:14:39] [INFO] [DEBUG] Starting load of DuelManager at 1747426479847
[25-05-16 20:14:39] [INFO] [DEBUG] DuelManager has been loaded. (took 0ms)
[25-05-16 20:14:39] [INFO] [DEBUG] Starting load of QueueManager at 1747426479847
[25-05-16 20:14:39] [INFO] QueueManager: Loaded 0 queue(s).
[25-05-16 20:14:39] [INFO] [DEBUG] QueueManager has been loaded. (took 1ms)
[25-05-16 20:14:39] [INFO] [DEBUG] Starting load of QueueSignManagerImpl at 1747426479848
[25-05-16 20:14:39] [INFO] QueueSignManagerImpl: Loaded 0 queue sign(s).
[25-05-16 20:14:39] [INFO] [DEBUG] QueueSignManagerImpl has been loaded. (took 0ms)
[25-05-16 20:14:39] [INFO] [DEBUG] Starting load of RequestManager at 1747426479848
[25-05-16 20:14:39] [INFO] [DEBUG] RequestManager has been loaded. (took 0ms)
[25-05-16 20:14:39] [INFO] [DEBUG] Starting load of Teleport at 1747426479848
[25-05-16 20:14:39] [INFO] [DEBUG] Teleport has been loaded. (took 0ms)
[25-05-16 20:14:39] [INFO] [DEBUG] Starting load of ExtensionManager at 1747426479848
[25-05-16 20:14:39] [INFO] [DEBUG] ExtensionManager has been loaded. (took 1ms)
[25-05-16 21:07:45] [INFO] [DEBUG] onDisable start -> 1747429665907

[25-05-16 21:07:45] [INFO] [DEBUG] Starting unload of ExtensionManager at 1747429665909
[25-05-16 21:07:45] [INFO] [DEBUG] ExtensionManager has been unloaded. (took 0ms)
[25-05-16 21:07:45] [INFO] [DEBUG] Starting unload of Teleport at 1747429665909
[25-05-16 21:07:45] [INFO] [DEBUG] Teleport has been unloaded. (took 0ms)
[25-05-16 21:07:45] [INFO] [DEBUG] Starting unload of RequestManager at 1747429665909
[25-05-16 21:07:45] [INFO] [DEBUG] RequestManager has been unloaded. (took 0ms)
[25-05-16 21:07:45] [INFO] [DEBUG] Starting unload of QueueSignManagerImpl at 1747429665909
[25-05-16 21:07:45] [INFO] [DEBUG] QueueSignManagerImpl has been unloaded. (took 0ms)
[25-05-16 21:07:45] [INFO] [DEBUG] Starting unload of QueueManager at 1747429665909
[25-05-16 21:07:45] [INFO] [DEBUG] QueueManager has been unloaded. (took 0ms)
[25-05-16 21:07:45] [INFO] [DEBUG] Starting unload of DuelManager at 1747429665909
[25-05-16 21:07:45] [INFO] [DEBUG] DuelManager has been unloaded. (took 0ms)
[25-05-16 21:07:45] [INFO] [DEBUG] Starting unload of InventoryManager at 1747429665909
[25-05-16 21:07:45] [INFO] [DEBUG] InventoryManager has been unloaded. (took 0ms)
[25-05-16 21:07:45] [INFO] [DEBUG] Starting unload of BettingManager at 1747429665909
[25-05-16 21:07:45] [INFO] [DEBUG] BettingManager has been unloaded. (took 0ms)
[25-05-16 21:07:45] [INFO] [DEBUG] Starting unload of SpectateManagerImpl at 1747429665909
[25-05-16 21:07:45] [INFO] [DEBUG] SpectateManagerImpl has been unloaded. (took 0ms)
[25-05-16 21:07:45] [INFO] [DEBUG] Starting unload of PlayerInfoManager at 1747429665909
[25-05-16 21:07:45] [INFO] [DEBUG] PlayerInfoManager has been unloaded. (took 23ms)
[25-05-16 21:07:45] [INFO] [DEBUG] Starting unload of SettingsManager at 1747429665932
[25-05-16 21:07:45] [INFO] [DEBUG] SettingsManager has been unloaded. (took 0ms)
[25-05-16 21:07:45] [INFO] [DEBUG] Starting unload of ArenaManagerImpl at 1747429665932
[25-05-16 21:07:45] [INFO] [DEBUG] ArenaManagerImpl has been unloaded. (took 0ms)
[25-05-16 21:07:45] [INFO] [DEBUG] Starting unload of KitManagerImpl at 1747429665932
[25-05-16 21:07:45] [INFO] [DEBUG] KitManagerImpl has been unloaded. (took 0ms)
[25-05-16 21:07:45] [INFO] [DEBUG] Starting unload of GuiListener at 1747429665932
[25-05-16 21:07:45] [INFO] [DEBUG] GuiListener has been unloaded. (took 1ms)
[25-05-16 21:07:45] [INFO] [DEBUG] Starting unload of UserManagerImpl at 1747429665933
[25-05-16 21:07:45] [INFO] [DEBUG] UserManagerImpl has been unloaded. (took 2ms)
[25-05-16 21:07:45] [INFO] [DEBUG] Starting unload of Lang at 1747429665935
[25-05-16 21:07:45] [INFO] [DEBUG] Lang has been unloaded. (took 0ms)
[25-05-16 21:07:45] [INFO] [DEBUG] Starting unload of Config at 1747429665935
[25-05-16 21:07:45] [INFO] [DEBUG] Config has been unloaded. (took 0ms)
[25-05-16 21:07:45] [INFO] [DEBUG] unload done (took 28ms)
[25-05-16 21:07:45] [INFO] [DEBUG] Log#clearSources done (took 0ms)
[25-05-16 21:08:10] [INFO] [DEBUG] onEnable start -> 1747429690748

[25-05-16 21:08:10] [INFO] Using Economy Provider: com.earth2me.essentials.economy.vault.VaultEconomyProvider
[25-05-16 21:08:10] [INFO] [DEBUG] Starting load of Config at 1747429690779
[25-05-16 21:08:10] [INFO] [DEBUG] Config has been loaded. (took 4ms)
[25-05-16 21:08:10] [INFO] [DEBUG] Starting load of Lang at 1747429690783
[25-05-16 21:08:10] [INFO] [DEBUG] Lang has been loaded. (took 12ms)
[25-05-16 21:08:10] [INFO] [DEBUG] Starting load of UserManagerImpl at 1747429690795
[25-05-16 21:08:10] [INFO] [DEBUG] UserManagerImpl has been loaded. (took 1ms)
[25-05-16 21:08:10] [INFO] [DEBUG] Starting load of GuiListener at 1747429690796
[25-05-16 21:08:10] [INFO] [DEBUG] GuiListener has been loaded. (took 0ms)
[25-05-16 21:08:10] [INFO] [DEBUG] Starting load of KitManagerImpl at 1747429690796
[25-05-16 21:08:10] [INFO] KitManagerImpl: Loaded 7 kit(s).
[25-05-16 21:08:10] [INFO] [DEBUG] KitManagerImpl has been loaded. (took 91ms)
[25-05-16 21:08:10] [INFO] [DEBUG] Starting load of ArenaManagerImpl at 1747429690887
[25-05-16 21:08:10] [INFO] ArenaManagerImpl: Loaded 6 arena(s).
[25-05-16 21:08:10] [INFO] [DEBUG] ArenaManagerImpl has been loaded. (took 8ms)
[25-05-16 21:08:10] [INFO] [DEBUG] Starting load of SettingsManager at 1747429690895
[25-05-16 21:08:10] [INFO] [DEBUG] SettingsManager has been loaded. (took 0ms)
[25-05-16 21:08:10] [INFO] [DEBUG] Starting load of PlayerInfoManager at 1747429690895
[25-05-16 21:08:10] [INFO] [DEBUG] PlayerInfoManager has been loaded. (took 15ms)
[25-05-16 21:08:10] [INFO] [DEBUG] Starting load of SpectateManagerImpl at 1747429690910
[25-05-16 21:08:10] [INFO] [DEBUG] SpectateManagerImpl has been loaded. (took 0ms)
[25-05-16 21:08:10] [INFO] [DEBUG] Starting load of BettingManager at 1747429690910
[25-05-16 21:08:10] [INFO] [DEBUG] BettingManager has been loaded. (took 0ms)
[25-05-16 21:08:10] [INFO] [DEBUG] Starting load of InventoryManager at 1747429690910
[25-05-16 21:08:10] [INFO] [DEBUG] InventoryManager has been loaded. (took 0ms)
[25-05-16 21:08:10] [INFO] [DEBUG] Starting load of DuelManager at 1747429690910
[25-05-16 21:08:10] [INFO] [DEBUG] DuelManager has been loaded. (took 0ms)
[25-05-16 21:08:10] [INFO] [DEBUG] Starting load of QueueManager at 1747429690910
[25-05-16 21:08:10] [INFO] QueueManager: Loaded 0 queue(s).
[25-05-16 21:08:10] [INFO] [DEBUG] QueueManager has been loaded. (took 1ms)
[25-05-16 21:08:10] [INFO] [DEBUG] Starting load of QueueSignManagerImpl at 1747429690911
[25-05-16 21:08:10] [INFO] QueueSignManagerImpl: Loaded 0 queue sign(s).
[25-05-16 21:08:10] [INFO] [DEBUG] QueueSignManagerImpl has been loaded. (took 0ms)
[25-05-16 21:08:10] [INFO] [DEBUG] Starting load of RequestManager at 1747429690911
[25-05-16 21:08:10] [INFO] [DEBUG] RequestManager has been loaded. (took 0ms)
[25-05-16 21:08:10] [INFO] [DEBUG] Starting load of Teleport at 1747429690911
[25-05-16 21:08:10] [INFO] [DEBUG] Teleport has been loaded. (took 0ms)
[25-05-16 21:08:10] [INFO] [DEBUG] Starting load of ExtensionManager at 1747429690911
[25-05-16 21:08:10] [INFO] [DEBUG] ExtensionManager has been loaded. (took 1ms)
[25-05-17 18:15:20] [WARNING] s1mple_zxc has attempted to use a kit item while not in duel, but was prevented by KitItemListener.
[25-05-17 18:22:49] [WARNING] s1mple_zxc has attempted to use a kit item while not in duel, but was prevented by KitItemListener.
[25-05-17 20:42:28] [INFO] [DEBUG] onDisable start -> 1747514548036

[25-05-17 20:42:28] [INFO] [DEBUG] Starting unload of ExtensionManager at 1747514548038
[25-05-17 20:42:28] [INFO] [DEBUG] ExtensionManager has been unloaded. (took 0ms)
[25-05-17 20:42:28] [INFO] [DEBUG] Starting unload of Teleport at 1747514548038
[25-05-17 20:42:28] [INFO] [DEBUG] Teleport has been unloaded. (took 0ms)
[25-05-17 20:42:28] [INFO] [DEBUG] Starting unload of RequestManager at 1747514548038
[25-05-17 20:42:28] [INFO] [DEBUG] RequestManager has been unloaded. (took 0ms)
[25-05-17 20:42:28] [INFO] [DEBUG] Starting unload of QueueSignManagerImpl at 1747514548038
[25-05-17 20:42:28] [INFO] [DEBUG] QueueSignManagerImpl has been unloaded. (took 0ms)
[25-05-17 20:42:28] [INFO] [DEBUG] Starting unload of QueueManager at 1747514548038
[25-05-17 20:42:28] [INFO] [DEBUG] QueueManager has been unloaded. (took 0ms)
[25-05-17 20:42:28] [INFO] [DEBUG] Starting unload of DuelManager at 1747514548038
[25-05-17 20:42:28] [INFO] [DEBUG] DuelManager has been unloaded. (took 0ms)
[25-05-17 20:42:28] [INFO] [DEBUG] Starting unload of InventoryManager at 1747514548038
[25-05-17 20:42:28] [INFO] [DEBUG] InventoryManager has been unloaded. (took 0ms)
[25-05-17 20:42:28] [INFO] [DEBUG] Starting unload of BettingManager at 1747514548038
[25-05-17 20:42:28] [INFO] [DEBUG] BettingManager has been unloaded. (took 0ms)
[25-05-17 20:42:28] [INFO] [DEBUG] Starting unload of SpectateManagerImpl at 1747514548038
[25-05-17 20:42:28] [INFO] [DEBUG] SpectateManagerImpl has been unloaded. (took 0ms)
[25-05-17 20:42:28] [INFO] [DEBUG] Starting unload of PlayerInfoManager at 1747514548038
[25-05-17 20:42:28] [INFO] [DEBUG] PlayerInfoManager has been unloaded. (took 21ms)
[25-05-17 20:42:28] [INFO] [DEBUG] Starting unload of SettingsManager at 1747514548059
[25-05-17 20:42:28] [INFO] [DEBUG] SettingsManager has been unloaded. (took 0ms)
[25-05-17 20:42:28] [INFO] [DEBUG] Starting unload of ArenaManagerImpl at 1747514548059
[25-05-17 20:42:28] [INFO] [DEBUG] ArenaManagerImpl has been unloaded. (took 0ms)
[25-05-17 20:42:28] [INFO] [DEBUG] Starting unload of KitManagerImpl at 1747514548059
[25-05-17 20:42:28] [INFO] [DEBUG] KitManagerImpl has been unloaded. (took 0ms)
[25-05-17 20:42:28] [INFO] [DEBUG] Starting unload of GuiListener at 1747514548059
[25-05-17 20:42:28] [INFO] [DEBUG] GuiListener has been unloaded. (took 0ms)
[25-05-17 20:42:28] [INFO] [DEBUG] Starting unload of UserManagerImpl at 1747514548059
[25-05-17 20:42:28] [INFO] [DEBUG] UserManagerImpl has been unloaded. (took 2ms)
[25-05-17 20:42:28] [INFO] [DEBUG] Starting unload of Lang at 1747514548061
[25-05-17 20:42:28] [INFO] [DEBUG] Lang has been unloaded. (took 0ms)
[25-05-17 20:42:28] [INFO] [DEBUG] Starting unload of Config at 1747514548061
[25-05-17 20:42:28] [INFO] [DEBUG] Config has been unloaded. (took 0ms)
[25-05-17 20:42:28] [INFO] [DEBUG] unload done (took 25ms)
[25-05-17 20:42:28] [INFO] [DEBUG] Log#clearSources done (took 0ms)
