[25-05-22 06:50:36] [INFO] [DEBUG] onEnable start -> 1747896636426

[25-05-22 06:50:36] [INFO] Using Economy Provider: com.earth2me.essentials.economy.vault.VaultEconomyProvider
[25-05-22 06:50:36] [INFO] [DEBUG] Starting load of Config at 1747896636464
[25-05-22 06:50:36] [INFO] [DEBUG] Config has been loaded. (took 4ms)
[25-05-22 06:50:36] [INFO] [DEBUG] Starting load of Lang at 1747896636468
[25-05-22 06:50:36] [INFO] [DEBUG] Lang has been loaded. (took 13ms)
[25-05-22 06:50:36] [INFO] [DEBUG] Starting load of UserManagerImpl at 1747896636481
[25-05-22 06:50:36] [INFO] [DEBUG] UserManagerImpl has been loaded. (took 0ms)
[25-05-22 06:50:36] [INFO] [DEBUG] Starting load of GuiListener at 1747896636481
[25-05-22 06:50:36] [INFO] [DEBUG] GuiListener has been loaded. (took 0ms)
[25-05-22 06:50:36] [INFO] [DEBUG] Starting load of KitManagerImpl at 1747896636481
[25-05-22 06:50:36] [INFO] KitManagerImpl: Loaded 7 kit(s).
[25-05-22 06:50:36] [INFO] [DEBUG] KitManagerImpl has been loaded. (took 91ms)
[25-05-22 06:50:36] [INFO] [DEBUG] Starting load of ArenaManagerImpl at 1747896636572
[25-05-22 06:50:36] [INFO] ArenaManagerImpl: Loaded 6 arena(s).
[25-05-22 06:50:36] [INFO] [DEBUG] ArenaManagerImpl has been loaded. (took 8ms)
[25-05-22 06:50:36] [INFO] [DEBUG] Starting load of SettingsManager at 1747896636580
[25-05-22 06:50:36] [INFO] [DEBUG] SettingsManager has been loaded. (took 0ms)
[25-05-22 06:50:36] [INFO] [DEBUG] Starting load of PlayerInfoManager at 1747896636580
[25-05-22 06:50:36] [INFO] [DEBUG] PlayerInfoManager has been loaded. (took 45ms)
[25-05-22 06:50:36] [INFO] [DEBUG] Starting load of SpectateManagerImpl at 1747896636625
[25-05-22 06:50:36] [INFO] [DEBUG] SpectateManagerImpl has been loaded. (took 0ms)
[25-05-22 06:50:36] [INFO] [DEBUG] Starting load of BettingManager at 1747896636625
[25-05-22 06:50:36] [INFO] [DEBUG] BettingManager has been loaded. (took 0ms)
[25-05-22 06:50:36] [INFO] [DEBUG] Starting load of InventoryManager at 1747896636625
[25-05-22 06:50:36] [INFO] [DEBUG] InventoryManager has been loaded. (took 0ms)
[25-05-22 06:50:36] [INFO] [DEBUG] Starting load of DuelManager at 1747896636625
[25-05-22 06:50:36] [INFO] [DEBUG] DuelManager has been loaded. (took 0ms)
[25-05-22 06:50:36] [INFO] [DEBUG] Starting load of QueueManager at 1747896636625
[25-05-22 06:50:36] [INFO] QueueManager: Loaded 0 queue(s).
[25-05-22 06:50:36] [INFO] [DEBUG] QueueManager has been loaded. (took 1ms)
[25-05-22 06:50:36] [INFO] [DEBUG] Starting load of QueueSignManagerImpl at 1747896636626
[25-05-22 06:50:36] [INFO] QueueSignManagerImpl: Loaded 0 queue sign(s).
[25-05-22 06:50:36] [INFO] [DEBUG] QueueSignManagerImpl has been loaded. (took 0ms)
[25-05-22 06:50:36] [INFO] [DEBUG] Starting load of RequestManager at 1747896636626
[25-05-22 06:50:36] [INFO] [DEBUG] RequestManager has been loaded. (took 0ms)
[25-05-22 06:50:36] [INFO] [DEBUG] Starting load of Teleport at 1747896636627
[25-05-22 06:50:36] [INFO] [DEBUG] Teleport has been loaded. (took 0ms)
[25-05-22 06:50:36] [INFO] [DEBUG] Starting load of ExtensionManager at 1747896636627
[25-05-22 06:50:36] [INFO] [DEBUG] ExtensionManager has been loaded. (took 0ms)
[25-05-22 18:24:04] [WARNING] Chernyshrrrr has attempted to use a kit item while not in duel, but was prevented by KitItemListener.
[25-05-23 13:06:29] [WARNING] AlramyyZek has attempted to use a kit item while not in duel, but was prevented by KitItemListener.
[25-05-23 14:00:25] [INFO] [DEBUG] onDisable start -> 1748008825448

[25-05-23 14:00:25] [INFO] [DEBUG] Starting unload of ExtensionManager at 1748008825450
[25-05-23 14:00:25] [INFO] [DEBUG] ExtensionManager has been unloaded. (took 0ms)
[25-05-23 14:00:25] [INFO] [DEBUG] Starting unload of Teleport at 1748008825450
[25-05-23 14:00:25] [INFO] [DEBUG] Teleport has been unloaded. (took 0ms)
[25-05-23 14:00:25] [INFO] [DEBUG] Starting unload of RequestManager at 1748008825450
[25-05-23 14:00:25] [INFO] [DEBUG] RequestManager has been unloaded. (took 1ms)
[25-05-23 14:00:25] [INFO] [DEBUG] Starting unload of QueueSignManagerImpl at 1748008825451
[25-05-23 14:00:25] [INFO] [DEBUG] QueueSignManagerImpl has been unloaded. (took 0ms)
[25-05-23 14:00:25] [INFO] [DEBUG] Starting unload of QueueManager at 1748008825451
[25-05-23 14:00:25] [INFO] [DEBUG] QueueManager has been unloaded. (took 0ms)
[25-05-23 14:00:25] [INFO] [DEBUG] Starting unload of DuelManager at 1748008825451
[25-05-23 14:00:25] [INFO] [DEBUG] DuelManager has been unloaded. (took 0ms)
[25-05-23 14:00:25] [INFO] [DEBUG] Starting unload of InventoryManager at 1748008825451
[25-05-23 14:00:25] [INFO] [DEBUG] InventoryManager has been unloaded. (took 0ms)
[25-05-23 14:00:25] [INFO] [DEBUG] Starting unload of BettingManager at 1748008825451
[25-05-23 14:00:25] [INFO] [DEBUG] BettingManager has been unloaded. (took 0ms)
[25-05-23 14:00:25] [INFO] [DEBUG] Starting unload of SpectateManagerImpl at 1748008825451
[25-05-23 14:00:25] [INFO] [DEBUG] SpectateManagerImpl has been unloaded. (took 0ms)
[25-05-23 14:00:25] [INFO] [DEBUG] Starting unload of PlayerInfoManager at 1748008825451
[25-05-23 14:00:25] [INFO] [DEBUG] PlayerInfoManager has been unloaded. (took 59ms)
[25-05-23 14:00:25] [INFO] [DEBUG] Starting unload of SettingsManager at 1748008825510
[25-05-23 14:00:25] [INFO] [DEBUG] SettingsManager has been unloaded. (took 0ms)
[25-05-23 14:00:25] [INFO] [DEBUG] Starting unload of ArenaManagerImpl at 1748008825510
[25-05-23 14:00:25] [INFO] [DEBUG] ArenaManagerImpl has been unloaded. (took 0ms)
[25-05-23 14:00:25] [INFO] [DEBUG] Starting unload of KitManagerImpl at 1748008825510
[25-05-23 14:00:25] [INFO] [DEBUG] KitManagerImpl has been unloaded. (took 0ms)
[25-05-23 14:00:25] [INFO] [DEBUG] Starting unload of GuiListener at 1748008825510
[25-05-23 14:00:25] [INFO] [DEBUG] GuiListener has been unloaded. (took 0ms)
[25-05-23 14:00:25] [INFO] [DEBUG] Starting unload of UserManagerImpl at 1748008825510
[25-05-23 14:00:25] [INFO] [DEBUG] UserManagerImpl has been unloaded. (took 8ms)
[25-05-23 14:00:25] [INFO] [DEBUG] Starting unload of Lang at 1748008825518
[25-05-23 14:00:25] [INFO] [DEBUG] Lang has been unloaded. (took 0ms)
[25-05-23 14:00:25] [INFO] [DEBUG] Starting unload of Config at 1748008825518
[25-05-23 14:00:25] [INFO] [DEBUG] Config has been unloaded. (took 0ms)
[25-05-23 14:00:25] [INFO] [DEBUG] unload done (took 70ms)
[25-05-23 14:00:25] [INFO] [DEBUG] Log#clearSources done (took 0ms)
