[27.05.2025 01:38:52][serveritem][give] agent90 obtained 1 of golovas4 (§5§lГолова Гарри-Поттера)
[27.05.2025 01:45:17][serveritem][give] hshshs7373uoloxk obtained 1 of golovas4 (§5§lГолова Гарри-Поттера)
[27.05.2025 02:42:57][serveritem][give] hshshs7373uoloxk obtained 1 of golovas4 (§5§lГолова Гарри-Поттера)
[27.05.2025 04:11:51][serveritem][give] Xarek_UWU obtained 1 of шарскорки2 (§3§lШар Скорости 2)
[27.05.2025 04:16:19][serveritem][give] Xarek_UWU obtained 1 of шарскорки2 (§3§lШар Скорости 2)
[27.05.2025 04:18:37][serveritem][give] SpeexBurd obtained 1 of golovas1 (§e§lГолова Сема-Тарли)
[27.05.2025 04:19:56][serveritem][give] hshshs7373uoloxk obtained 1 of golovas3 (§6§l§nГэндальф)
[27.05.2025 04:24:13][serveritem][give] ilya5200ilya obtained 1 of шарздоровья1 (§d§lШар Здоровья 1)
[27.05.2025 04:37:12][serveritem][give] maycl12 obtained 1 of шарскорки1 (§3§lШар Скорости 1)
[27.05.2025 04:37:18][serveritem][give] maycl12 obtained 1 of шарздоровья3 (§d§lШар Здоровья 3)
[27.05.2025 05:37:57][serveritem][give] nothavetomoe obtained 1 of шарздоровья3 (§d§lШар Здоровья 3)
[27.05.2025 05:52:43][serveritem][give] Eric_tBha39 obtained 1 of шарздоровья3 (§d§lШар Здоровья 3)
[27.05.2025 05:56:37][serveritem][give] ChairgMaddi404 obtained 1 of шарздоровья1 (§d§lШар Здоровья 1)
[27.05.2025 06:00:06][serveritem][give] ArkComrad849 obtained 1 of шарздоровья3 (§d§lШар Здоровья 3)
[27.05.2025 06:00:09][serveritem][give] ArkComrad849 obtained 1 of шарздоровья1 (§d§lШар Здоровья 1)
[27.05.2025 06:04:32][serveritem][give] Dins999 obtained 1 of секирахаоса (§4§lСекира Хаоса)
[27.05.2025 06:10:35][serveritem][give] aaeeeeeee obtained 1 of секирахаоса (§4§lСекира Хаоса)
[27.05.2025 06:15:47][serveritem][give] fffd obtained 1 of шарскорки2 (§3§lШар Скорости 2)
[27.05.2025 06:21:52][serveritem][give] muuphschic obtained 1 of шарздоровья3 (§d§lШар Здоровья 3)
[27.05.2025 06:51:51][serveritem][give] ilya5200ilya obtained 1 of шарздоровья2 (§d§lШар Здоровья 2)
[27.05.2025 06:58:28][serveritem][give] AWd obtained 1 of golovas4 (§5§lГолова Гарри-Поттера)
[27.05.2025 06:58:32][serveritem][give] AWd obtained 1 of шарздоровья3 (§d§lШар Здоровья 3)
[27.05.2025 06:59:04][serveritem][give] AWd obtained 1 of golovas4 (§5§lГолова Гарри-Поттера)
[27.05.2025 07:17:35][serveritem][give] drhzdxcghfsss obtained 1 of golovas4 (§5§lГолова Гарри-Поттера)
[27.05.2025 07:28:52][serveritem][give] DaniloBrat obtained 1 of шарздоровья1 (§d§lШар Здоровья 1)
[27.05.2025 07:44:18][serveritem][give] kiriEshKa211 obtained 1 of golovas4 (§5§lГолова Гарри-Поттера)
[27.05.2025 07:48:54][serveritem][give] goku_mafia obtained 1 of шаршипа2 (§2§lШар Шипов 2)
[27.05.2025 07:56:04][serveritem][give] reallyhelp obtained 1 of golovas4 (§5§lГолова Гарри-Поттера)
[27.05.2025 08:04:14][serveritem][give] Maniaccccc obtained 1 of шарздоровья2 (§d§lШар Здоровья 2)
[27.05.2025 08:12:07][serveritem][give] MusterBuilder obtained 1 of golovas4 (§5§lГолова Гарри-Поттера)
[27.05.2025 08:17:58][serveritem][give] qwqniksss obtained 1 of golovas1 (§e§lГолова Сема-Тарли)
[27.05.2025 08:18:09][serveritem][give] kirsancheg obtained 1 of golovas1 (§e§lГолова Сема-Тарли)
[27.05.2025 08:20:37][serveritem][give] Fsiof obtained 1 of golovas4 (§5§lГолова Гарри-Поттера)
[27.05.2025 08:36:42][serveritem][give] Fsiof obtained 1 of golovas4 (§5§lГолова Гарри-Поттера)
[27.05.2025 08:57:30][serveritem][give] worksaturnthin obtained 1 of golovas4 (§5§lГолова Гарри-Поттера)
[27.05.2025 09:02:44][serveritem][give] VladGolts obtained 1 of шарздоровья2 (§d§lШар Здоровья 2)
[27.05.2025 09:21:21][serveritem][give] lerli123 obtained 1 of шарздоровья3 (§d§lШар Здоровья 3)
[27.05.2025 09:26:41][serveritem][give] SexInTrash_480 obtained 1 of golovas3 (§6§l§nГэндальф)
[27.05.2025 09:26:46][serveritem][give] xDeadFor135 obtained 1 of golovas4 (§5§lГолова Гарри-Поттера)
[27.05.2025 09:35:10][serveritem][give] FoxPokemon obtained 1 of golovas4 (§5§lГолова Гарри-Поттера)
[27.05.2025 09:42:22][serveritem][give] bu_1286 obtained 1 of шарскорки1 (§3§lШар Скорости 1)
[27.05.2025 09:44:07][serveritem][give] rortopcor obtained 1 of шарскорки2 (§3§lШар Скорости 2)
[27.05.2025 09:55:30][serveritem][give] MAIKASNYTELY obtained 1 of секирахаоса (§4§lСекира Хаоса)
[27.05.2025 10:00:01][serveritem][give] Viktor9_qq obtained 1 of golovas4 (§5§lГолова Гарри-Поттера)
[27.05.2025 10:18:19][serveritem][give] KLauncher_xvichv obtained 1 of шарздоровья2 (§d§lШар Здоровья 2)
[27.05.2025 10:20:46][serveritem][give] iops1000 obtained 1 of шаротбр2 (§9§lШар Отбрасывания 2)
[27.05.2025 10:26:20][serveritem][give] KLauncher_fudtpi obtained 1 of шарздоровья1 (§d§lШар Здоровья 1)
[27.05.2025 10:28:07][serveritem][give] _StRu4Ok_ obtained 1 of шарскорки2 (§3§lШар Скорости 2)
[27.05.2025 10:28:26][serveritem][give] nikitos16631 obtained 1 of golovas1 (§e§lГолова Сема-Тарли)
[27.05.2025 10:31:54][serveritem][give] gslsgdl obtained 1 of шарздоровья3 (§d§lШар Здоровья 3)
[27.05.2025 10:38:41][serveritem][give] OraNGE86 obtained 1 of golovas4 (§5§lГолова Гарри-Поттера)
[27.05.2025 10:38:42][serveritem][give] Archikys obtained 1 of golovas4 (§5§lГолова Гарри-Поттера)
[27.05.2025 10:43:32][serveritem][give] oyoven6 obtained 1 of golovas1 (§e§lГолова Сема-Тарли)
[27.05.2025 11:13:24][serveritem][give] Ars_2087 obtained 1 of секирахаоса (§4§lСекира Хаоса)
[27.05.2025 11:36:21][serveritem][give] ula357 obtained 1 of шарздоровья1 (§d§lШар Здоровья 1)
[27.05.2025 11:36:35][serveritem][give] Timilk obtained 1 of шарскорки1 (§3§lШар Скорости 1)
[27.05.2025 11:42:31][serveritem][give] mynix obtained 1 of секирахаоса (§4§lСекира Хаоса)
[27.05.2025 11:42:39][serveritem][give] mynix obtained 1 of golovas1 (§e§lГолова Сема-Тарли)
[27.05.2025 12:01:44][serveritem][give] muuphschic obtained 1 of шарздоровья3 (§d§lШар Здоровья 3)
[27.05.2025 12:03:14][serveritem][give] Pipa0001 obtained 1 of golovas3 (§6§l§nГэндальф)
[27.05.2025 12:10:38][serveritem][give] YT_Patr1k_YT obtained 1 of шарздоровья3 (§d§lШар Здоровья 3)
[27.05.2025 12:12:52][serveritem][give] mynix obtained 1 of golovas4 (§5§lГолова Гарри-Поттера)
[27.05.2025 12:13:49][serveritem][give] waltron obtained 1 of шарскорки1 (§3§lШар Скорости 1)
[27.05.2025 12:15:44][serveritem][give] muuphschic obtained 1 of шарздоровья3 (§d§lШар Здоровья 3)
[27.05.2025 12:41:04][serveritem][give] VARkakarkalol obtained 1 of шарздоровья3 (§d§lШар Здоровья 3)
[27.05.2025 12:41:52][serveritem][give] Domir237 obtained 1 of шарздоровья3 (§d§lШар Здоровья 3)
[27.05.2025 12:43:28][serveritem][give] lghjhghjbf obtained 1 of секирахаоса (§4§lСекира Хаоса)
[27.05.2025 12:50:26][serveritem][give] KomikZXC obtained 1 of шаротбр2 (§9§lШар Отбрасывания 2)
[27.05.2025 12:58:21][serveritem][give] blin4ik254 obtained 1 of секирахаоса (§4§lСекира Хаоса)
[27.05.2025 13:02:23][serveritem][give] Aboba1329184 obtained 1 of шарздоровья3 (§d§lШар Здоровья 3)
[27.05.2025 13:09:31][serveritem][give] muuphschic obtained 1 of golovas1 (§e§lГолова Сема-Тарли)
[27.05.2025 13:15:22][serveritem][give] 201214 obtained 1 of шарздоровья3 (§d§lШар Здоровья 3)
[27.05.2025 13:19:58][serveritem][give] Emin_98564 obtained 1 of шарздоровья3 (§d§lШар Здоровья 3)
[27.05.2025 13:20:33][serveritem][give] Domir237 obtained 1 of шарздоровья3 (§d§lШар Здоровья 3)
[27.05.2025 13:22:05][serveritem][give] Mrak235 obtained 1 of шарздоровья2 (§d§lШар Здоровья 2)
[27.05.2025 13:28:27][serveritem][give] MuuphBpchka123 obtained 1 of шарздоровья2 (§d§lШар Здоровья 2)
[27.05.2025 13:39:09][serveritem][give] lghjhghjbf obtained 1 of шаршипа1 (§2§lШар Шипов 1)
[27.05.2025 13:46:45][serveritem][give] fasdeer obtained 1 of golovas2 (§b§lГолова Цири)
[27.05.2025 13:49:07][serveritem][give] syparik obtained 1 of шаршипа2 (§2§lШар Шипов 2)
[27.05.2025 13:49:50][serveritem][give] syparik obtained 1 of шарздоровья3 (§d§lШар Здоровья 3)
[27.05.2025 13:49:54][serveritem][give] SLeM obtained 1 of шарскорки2 (§3§lШар Скорости 2)
[27.05.2025 13:51:33][serveritem][give] Mrak235 obtained 1 of секирахаоса (§4§lСекира Хаоса)
[27.05.2025 14:04:43][serveritem][give] nbvyhh obtained 1 of секирахаоса (§4§lСекира Хаоса)
[27.05.2025 14:10:02][serveritem][give] ananasik_oao obtained 1 of шарскорки2 (§3§lШар Скорости 2)
[27.05.2025 14:29:23][serveritem][give] vexi obtained 1 of шарздоровья2 (§d§lШар Здоровья 2)
[27.05.2025 14:30:35][serveritem][give] KeptGnat9284830 obtained 1 of golovas1 (§e§lГолова Сема-Тарли)
[27.05.2025 14:32:29][serveritem][give] ananasik_oao obtained 1 of шарскорки2 (§3§lШар Скорости 2)
[27.05.2025 14:34:30][serveritem][give] sdr obtained 1 of шарскорки2 (§3§lШар Скорости 2)
[27.05.2025 14:35:39][serveritem][give] vexi obtained 1 of шарздоровья3 (§d§lШар Здоровья 3)
[27.05.2025 14:39:35][serveritem][give] abibas_plaka obtained 1 of шарздоровья2 (§d§lШар Здоровья 2)
[27.05.2025 14:41:18][serveritem][give] pumotop2011 obtained 1 of шарскорки2 (§3§lШар Скорости 2)
[27.05.2025 14:41:46][serveritem][give] Black_Kill obtained 1 of golovas1 (§e§lГолова Сема-Тарли)
[27.05.2025 14:45:07][serveritem][give] yalegendaiii obtained 1 of шарздоровья3 (§d§lШар Здоровья 3)
[27.05.2025 14:53:14][serveritem][give] XoNc4eK obtained 1 of шарскорки2 (§3§lШар Скорости 2)
[27.05.2025 14:53:17][serveritem][give] XoNc4eK obtained 1 of шарздоровья3 (§d§lШар Здоровья 3)
[27.05.2025 14:57:12][serveritem][give] ananasik_oao obtained 1 of шарскорки2 (§3§lШар Скорости 2)
[27.05.2025 14:58:35][serveritem][give] Dream_89901877 obtained 1 of golovas1 (§e§lГолова Сема-Тарли)
[27.05.2025 14:58:55][serveritem][give] near558 obtained 1 of golovas4 (§5§lГолова Гарри-Поттера)
[27.05.2025 15:02:45][serveritem][give] hhfgffh11 obtained 1 of шарздоровья1 (§d§lШар Здоровья 1)
[27.05.2025 15:04:37][serveritem][give] nikitos16631 obtained 1 of golovas1 (§e§lГолова Сема-Тарли)
[27.05.2025 15:08:18][serveritem][give] njersea34f obtained 1 of golovas1 (§e§lГолова Сема-Тарли)
[27.05.2025 15:17:45][serveritem][give] BaBaJi105106107 obtained 1 of шарздоровья1 (§d§lШар Здоровья 1)
[27.05.2025 15:21:36][serveritem][give] KLauncher_uwfknt obtained 1 of секирахаоса (§4§lСекира Хаоса)
[27.05.2025 15:31:48][serveritem][give] pavel52denis obtained 1 of секирахаоса (§4§lСекира Хаоса)
[27.05.2025 15:36:46][serveritem][give] dsadadwfwefweefw obtained 1 of шарскорки1 (§3§lШар Скорости 1)
[27.05.2025 15:43:52][serveritem][give] KeptGnat9284830 obtained 1 of golovas1 (§e§lГолова Сема-Тарли)
[27.05.2025 15:53:43][serveritem][give] s1gma_6oy obtained 1 of golovas4 (§5§lГолова Гарри-Поттера)
[27.05.2025 15:58:40][serveritem][give] diikii1 obtained 1 of golovas4 (§5§lГолова Гарри-Поттера)
[27.05.2025 16:00:15][serveritem][give] Super_sonic_exe obtained 1 of golovas4 (§5§lГолова Гарри-Поттера)
[27.05.2025 16:00:16][serveritem][give] Super_sonic_exe obtained 1 of golovas4 (§5§lГолова Гарри-Поттера)
[27.05.2025 16:00:22][serveritem][give] Super_sonic_exe obtained 1 of секирахаоса (§4§lСекира Хаоса)
[27.05.2025 16:15:44][serveritem][give] hhfgffh11 obtained 1 of golovas4 (§5§lГолова Гарри-Поттера)
[27.05.2025 16:23:46][serveritem][give] LEFASUS555 obtained 1 of шарздоровья3 (§d§lШар Здоровья 3)
[27.05.2025 16:31:07][serveritem][give] MrLineika obtained 1 of шарздоровья3 (§d§lШар Здоровья 3)
[27.05.2025 16:38:38][serveritem][give] XoNc4eK obtained 1 of шарздоровья3 (§d§lШар Здоровья 3)
[27.05.2025 16:38:40][serveritem][give] XoNc4eK obtained 1 of шарскорки2 (§3§lШар Скорости 2)
[27.05.2025 16:46:42][serveritem][give] Xomakom228 obtained 1 of шаршипа2 (§2§lШар Шипов 2)
[27.05.2025 16:47:33][serveritem][give] DimanPuzo obtained 1 of шарскорки2 (§3§lШар Скорости 2)
[27.05.2025 16:54:31][serveritem][give] DimanPuzo obtained 1 of шарскорки2 (§3§lШар Скорости 2)
[27.05.2025 17:12:09][serveritem][give] FeUsCuK obtained 1 of golovas4 (§5§lГолова Гарри-Поттера)
[27.05.2025 17:14:26][serveritem][give] GCILL obtained 1 of golovas1 (§e§lГолова Сема-Тарли)
[27.05.2025 17:14:29][serveritem][give] GCILL obtained 1 of секирахаоса (§4§lСекира Хаоса)
[27.05.2025 17:14:49][serveritem][give] m1d7i7 obtained 1 of секирахаоса (§4§lСекира Хаоса)
[27.05.2025 17:15:58][serveritem][give] nbvyhh obtained 1 of секирахаоса (§4§lСекира Хаоса)
[27.05.2025 17:26:50][serveritem][give] limited obtained 1 of golovas4 (§5§lГолова Гарри-Поттера)
[27.05.2025 17:26:51][serveritem][give] sparder2045 obtained 1 of шарскорки2 (§3§lШар Скорости 2)
[27.05.2025 17:34:51][serveritem][give] GCILL obtained 1 of шарздоровья3 (§d§lШар Здоровья 3)
[27.05.2025 17:44:14][serveritem][give] _KILLGAMEOVER_ obtained 1 of шарскорки2 (§3§lШар Скорости 2)
[27.05.2025 17:44:46][serveritem][give] TheLordOfGames obtained 1 of golovas3 (§6§l§nГэндальф)
[27.05.2025 17:45:38][serveritem][give] laliha55afs obtained 1 of шарздоровья3 (§d§lШар Здоровья 3)
[27.05.2025 17:47:12][serveritem][give] StorwyCool obtained 1 of секирахаоса (§4§lСекира Хаоса)
[27.05.2025 17:47:44][serveritem][give] StorwyCool obtained 1 of шарздоровья2 (§d§lШар Здоровья 2)
[27.05.2025 17:58:38][serveritem][give] fyll_ez_server obtained 1 of golovas4 (§5§lГолова Гарри-Поттера)
[27.05.2025 18:02:14][serveritem][give] scolnezoy obtained 1 of шарздоровья1 (§d§lШар Здоровья 1)
[27.05.2025 18:05:06][serveritem][give] Xx_zi1ks_xX obtained 1 of секирахаоса (§4§lСекира Хаоса)
[27.05.2025 18:05:13][serveritem][give] Xx_zi1ks_xX obtained 1 of golovas1 (§e§lГолова Сема-Тарли)
[27.05.2025 18:05:21][serveritem][give] portosambari obtained 1 of golovas4 (§5§lГолова Гарри-Поттера)
[27.05.2025 18:05:22][serveritem][give] portosambari obtained 1 of golovas1 (§e§lГолова Сема-Тарли)
[27.05.2025 18:05:23][serveritem][give] diikii1 obtained 1 of golovas4 (§5§lГолова Гарри-Поттера)
[27.05.2025 18:07:59][serveritem][give] mdudb obtained 1 of шарздоровья3 (§d§lШар Здоровья 3)
[27.05.2025 18:08:41][serveritem][give] korobka obtained 1 of шарскорки2 (§3§lШар Скорости 2)
[27.05.2025 18:19:14][serveritem][give] premium654321 obtained 1 of секирахаоса (§4§lСекира Хаоса)
[27.05.2025 18:20:30][serveritem][give] ne_xochyn obtained 1 of шарскорки2 (§3§lШар Скорости 2)
[27.05.2025 18:32:56][serveritem][give] AFK3 obtained 1 of шарскорки2 (§3§lШар Скорости 2)
[27.05.2025 18:38:12][serveritem][give] ponkino_kiti obtained 1 of шарскорки2 (§3§lШар Скорости 2)
[27.05.2025 18:38:47][serveritem][give] highly1337 obtained 1 of секирахаоса (§4§lСекира Хаоса)
[27.05.2025 18:42:16][serveritem][give] xDeadForSquid obtained 1 of шарскорки2 (§3§lШар Скорости 2)
[27.05.2025 18:43:13][serveritem][give] pumotop2011 obtained 1 of шарскорки2 (§3§lШар Скорости 2)
[27.05.2025 18:48:11][serveritem][give] Daniaaaaa obtained 1 of шарздоровья3 (§d§lШар Здоровья 3)
[27.05.2025 18:51:15][serveritem][give] SashaKryasanchik obtained 1 of шарздоровья3 (§d§lШар Здоровья 3)
[27.05.2025 18:55:07][serveritem][give] StorwyCool obtained 1 of шарскорки1 (§3§lШар Скорости 1)
[27.05.2025 18:57:11][serveritem][give] Feonixxx obtained 1 of шарскорки1 (§3§lШар Скорости 1)
[27.05.2025 19:20:03][serveritem][give] hebyrek obtained 1 of golovas3 (§6§l§nГэндальф)
[27.05.2025 19:30:05][serveritem][give] Wandavio000 obtained 1 of golovas1 (§e§lГолова Сема-Тарли)
[27.05.2025 19:40:14][serveritem][give] GnomikPOdik obtained 1 of шарздоровья3 (§d§lШар Здоровья 3)
[27.05.2025 19:44:53][serveritem][give] kokoli obtained 1 of шарскорки2 (§3§lШар Скорости 2)
[27.05.2025 19:45:01][serveritem][give] kokoli obtained 1 of шарскорки2 (§3§lШар Скорости 2)
[27.05.2025 19:47:33][serveritem][give] Imperatopplus obtained 1 of шарздоровья3 (§d§lШар Здоровья 3)
[27.05.2025 19:59:33][serveritem][give] pumotop2011 obtained 1 of шарскорки2 (§3§lШар Скорости 2)
[27.05.2025 20:01:06][serveritem][give] Alexi21 obtained 1 of шарздоровья3 (§d§lШар Здоровья 3)
[27.05.2025 20:01:08][serveritem][give] Ruben777 obtained 1 of шарздоровья3 (§d§lШар Здоровья 3)
[27.05.2025 20:11:18][serveritem][give] ananasik_oao obtained 1 of шарскорки2 (§3§lШар Скорости 2)
[27.05.2025 20:14:14][serveritem][give] H3RtA obtained 1 of шарскорки2 (§3§lШар Скорости 2)
[27.05.2025 20:39:28][serveritem][give] GCILL obtained 1 of golovas4 (§5§lГолова Гарри-Поттера)
[27.05.2025 21:00:22][serveritem][give] baranuui3 obtained 1 of шаршипа2 (§2§lШар Шипов 2)
[27.05.2025 21:04:17][serveritem][give] hyper5000 obtained 1 of шаршипа2 (§2§lШар Шипов 2)
[27.05.2025 21:07:32][serveritem][give] Feonixxx obtained 1 of шарздоровья3 (§d§lШар Здоровья 3)
[27.05.2025 21:07:43][serveritem][give] Feonixxx obtained 1 of шарздоровья1 (§d§lШар Здоровья 1)
[27.05.2025 21:18:32][serveritem][give] Alexi21 obtained 1 of шарскорки2 (§3§lШар Скорости 2)
[27.05.2025 21:31:04][serveritem][give] hyper5000 obtained 1 of шаротбр2 (§9§lШар Отбрасывания 2)
[27.05.2025 23:18:36][serveritem][give] JBLOOD_RevengE obtained 1 of шарскорки2 (§3§lШар Скорости 2)
[27.05.2025 23:19:18][serveritem][give] JBLOOD_RevengE obtained 1 of секирахаоса (§4§lСекира Хаоса)
