[02.06.2025 00:08:48][serveritem][give] kikoshaxx obtained 1 of секирахаоса (§4§lСекира Хаоса)
[02.06.2025 00:41:52][serveritem][give] _Baby_ obtained 1 of golovas4 (§5§lГолова Гарри-Поттера)
[02.06.2025 00:54:33][serveritem][give] makaro664 obtained 1 of шарздоровья3 (§d§lШар Здоровья 3)
[02.06.2025 01:05:58][serveritem][give] _Baby_ obtained 1 of golovas4 (§5§lГолова Гарри-Поттера)
[02.06.2025 01:10:36][serveritem][give] DowHsqeJ obtained 1 of golovas4 (§5§lГолова Гарри-Поттера)
[02.06.2025 01:46:11][serveritem][give] dolbayob4432234 obtained 1 of golovas4 (§5§lГолова Гарри-Поттера)
[02.06.2025 02:05:42][serveritem][give] makaro662 obtained 1 of golovas4 (§5§lГолова Гарри-Поттера)
[02.06.2025 03:25:26][serveritem][give] BASKO_KALBACK obtained 1 of golovas3 (§6§l§nГэндальф)
[02.06.2025 03:25:26][serveritem][give] BASKO_KALBACK obtained 1 of golovas2 (§b§lГолова Цири)
[02.06.2025 04:38:03][serveritem][give] 201214 obtained 1 of golovas1 (§e§lГолова Сема-Тарли)
[02.06.2025 05:40:26][serveritem][give] portososka obtained 1 of golovas1 (§e§lГолова Сема-Тарли)
[02.06.2025 05:40:26][serveritem][give] portososka obtained 1 of golovas1 (§e§lГолова Сема-Тарли)
[02.06.2025 05:40:27][serveritem][give] portososka obtained 1 of golovas4 (§5§lГолова Гарри-Поттера)
[02.06.2025 05:40:37][serveritem][give] klevikxleb obtained 1 of golovas1 (§e§lГолова Сема-Тарли)
[02.06.2025 05:40:45][serveritem][give] LeSoulles_HZ1 obtained 1 of секирахаоса (§4§lСекира Хаоса)
[02.06.2025 05:41:30][serveritem][give] alush_uTT obtained 1 of шарздоровья3 (§d§lШар Здоровья 3)
[02.06.2025 05:42:07][serveritem][give] megaflopa obtained 1 of golovas4 (§5§lГолова Гарри-Поттера)
[02.06.2025 06:24:53][serveritem][give] Rotar4ik1337 obtained 1 of golovas1 (§e§lГолова Сема-Тарли)
[02.06.2025 06:24:55][serveritem][give] Rotar4ik1337 obtained 1 of golovas4 (§5§lГолова Гарри-Поттера)
[02.06.2025 06:30:49][serveritem][give] LeSoulles010 obtained 1 of golovas1 (§e§lГолова Сема-Тарли)
[02.06.2025 06:33:40][serveritem][give] KLauncher_tuulgw obtained 1 of шарздоровья3 (§d§lШар Здоровья 3)
[02.06.2025 06:36:08][serveritem][give] skyf_40 obtained 1 of шарскорки2 (§3§lШар Скорости 2)
[02.06.2025 06:45:21][serveritem][give] GLobi_warms5 obtained 1 of golovas1 (§e§lГолова Сема-Тарли)
[02.06.2025 06:45:28][serveritem][give] GLobi_warms5 obtained 1 of golovas4 (§5§lГолова Гарри-Поттера)
[02.06.2025 06:45:45][serveritem][give] GLobi_warms5 obtained 1 of шарскорки2 (§3§lШар Скорости 2)
[02.06.2025 06:55:06][serveritem][give] _Rob0t_ obtained 1 of golovas4 (§5§lГолова Гарри-Поттера)
[02.06.2025 07:02:21][serveritem][give] Mil_Laz2009 obtained 1 of шарздоровья3 (§d§lШар Здоровья 3)
[02.06.2025 07:04:34][serveritem][give] N1ZAR obtained 1 of шарскорки2 (§3§lШар Скорости 2)
[02.06.2025 07:10:07][serveritem][give] mentos292gg obtained 1 of шарскорки2 (§3§lШар Скорости 2)
[02.06.2025 07:19:46][serveritem][give] senky_legend obtained 1 of шарскорки2 (§3§lШар Скорости 2)
[02.06.2025 07:19:46][serveritem][give] Leposhka obtained 1 of шарскорки2 (§3§lШар Скорости 2)
[02.06.2025 07:29:09][serveritem][give] lokirv201352gg obtained 1 of golovas4 (§5§lГолова Гарри-Поттера)
[02.06.2025 07:29:10][serveritem][give] lokirv201352gg obtained 1 of golovas3 (§6§l§nГэндальф)
[02.06.2025 07:33:14][serveritem][give] opapa obtained 1 of шаротбр2 (§9§lШар Отбрасывания 2)
[02.06.2025 07:46:00][serveritem][give] Drachun_787 obtained 1 of шарздоровья3 (§d§lШар Здоровья 3)
[02.06.2025 07:46:14][serveritem][give] maksimka2281488 obtained 1 of golovas4 (§5§lГолова Гарри-Поттера)
[02.06.2025 07:51:09][serveritem][give] GLobi_warms5 obtained 1 of golovas1 (§e§lГолова Сема-Тарли)
[02.06.2025 07:55:44][serveritem][give] flirt_flirta obtained 1 of golovas4 (§5§lГолова Гарри-Поттера)
[02.06.2025 07:57:26][serveritem][give] Mitslli obtained 1 of шарздоровья3 (§d§lШар Здоровья 3)
[02.06.2025 08:08:42][serveritem][give] palma86753421 obtained 1 of golovas4 (§5§lГолова Гарри-Поттера)
[02.06.2025 08:08:57][serveritem][give] palma86753421 obtained 1 of golovas3 (§6§l§nГэндальф)
[02.06.2025 08:09:54][serveritem][give] Andreyhaccer2013 obtained 1 of секирахаоса (§4§lСекира Хаоса)
[02.06.2025 08:10:02][serveritem][give] Andreyhaccer2013 obtained 1 of шарскорки2 (§3§lШар Скорости 2)
[02.06.2025 08:25:03][serveritem][give] nazar_7778989 obtained 1 of golovas1 (§e§lГолова Сема-Тарли)
[02.06.2025 08:25:05][serveritem][give] nazar_7778989 obtained 1 of golovas4 (§5§lГолова Гарри-Поттера)
[02.06.2025 08:37:57][serveritem][give] ewtet obtained 1 of golovas4 (§5§lГолова Гарри-Поттера)
[02.06.2025 08:44:46][serveritem][give] pon_v_konche obtained 1 of секирахаоса (§4§lСекира Хаоса)
[02.06.2025 08:45:43][serveritem][give] pon_v_konche obtained 1 of golovas3 (§6§l§nГэндальф)
[02.06.2025 09:02:31][serveritem][give] dopdopdop111 obtained 1 of секирахаоса (§4§lСекира Хаоса)
[02.06.2025 09:02:57][serveritem][give] dopdopdop111 obtained 1 of golovas2 (§b§lГолова Цири)
[02.06.2025 09:03:01][serveritem][give] Toodyxz18 obtained 1 of golovas2 (§b§lГолова Цири)
[02.06.2025 09:03:02][serveritem][give] Toodyxz18 obtained 1 of секирахаоса (§4§lСекира Хаоса)
[02.06.2025 09:12:00][serveritem][give] FlakeHeim579 obtained 1 of golovas4 (§5§lГолова Гарри-Поттера)
[02.06.2025 09:27:18][serveritem][give] yhuuuui obtained 1 of golovas4 (§5§lГолова Гарри-Поттера)
[02.06.2025 09:33:41][serveritem][give] ansoftden1 obtained 1 of golovas4 (§5§lГолова Гарри-Поттера)
[02.06.2025 09:47:52][serveritem][give] portosambari obtained 1 of golovas1 (§e§lГолова Сема-Тарли)
[02.06.2025 09:55:07][serveritem][give] dildo_penis obtained 1 of golovas4 (§5§lГолова Гарри-Поттера)
[02.06.2025 10:03:15][serveritem][give] tuntuntunsagurka obtained 1 of шаршипа2 (§2§lШар Шипов 2)
[02.06.2025 10:09:51][serveritem][give] monugly obtained 1 of секирахаоса (§4§lСекира Хаоса)
[02.06.2025 10:16:21][serveritem][give] MakramonWear obtained 1 of golovas4 (§5§lГолова Гарри-Поттера)
[02.06.2025 10:46:29][serveritem][give] Artem4chikYT obtained 1 of шарздоровья2 (§d§lШар Здоровья 2)
[02.06.2025 10:49:05][serveritem][give] Artem4chikYT obtained 1 of шарздоровья3 (§d§lШар Здоровья 3)
[02.06.2025 10:49:10][serveritem][give] palma86753421 obtained 1 of шарздоровья3 (§d§lШар Здоровья 3)
[02.06.2025 10:49:39][serveritem][give] cacar obtained 1 of golovas1 (§e§lГолова Сема-Тарли)
[02.06.2025 10:50:09][serveritem][give] pumotop2011 obtained 1 of шарскорки2 (§3§lШар Скорости 2)
[02.06.2025 10:50:37][serveritem][give] onkslerr_0 obtained 1 of шарскорки2 (§3§lШар Скорости 2)
[02.06.2025 11:00:36][serveritem][give] xDeadFor135 obtained 1 of шарскорки2 (§3§lШар Скорости 2)
[02.06.2025 11:05:11][serveritem][give] Venom030814 obtained 1 of шарздоровья3 (§d§lШар Здоровья 3)
[02.06.2025 11:07:32][serveritem][give] mishabalbes obtained 1 of golovas1 (§e§lГолова Сема-Тарли)
[02.06.2025 11:14:09][serveritem][give] KoliBri2016 obtained 1 of golovas4 (§5§lГолова Гарри-Поттера)
[02.06.2025 11:16:38][serveritem][give] cacar obtained 1 of golovas1 (§e§lГолова Сема-Тарли)
[02.06.2025 11:26:53][serveritem][give] guziiiii obtained 1 of golovas4 (§5§lГолова Гарри-Поттера)
[02.06.2025 11:26:59][serveritem][give] guziiiii obtained 1 of секирахаоса (§4§lСекира Хаоса)
[02.06.2025 11:28:58][serveritem][give] QQQ_lozechka_QQQ obtained 1 of секирахаоса (§4§lСекира Хаоса)
[02.06.2025 11:36:18][serveritem][give] KLauncher_ifijbk obtained 1 of golovas1 (§e§lГолова Сема-Тарли)
[02.06.2025 11:48:26][serveritem][give] yetrskaxer obtained 1 of шарздоровья2 (§d§lШар Здоровья 2)
[02.06.2025 11:51:14][serveritem][give] qohada234 obtained 1 of golovas4 (§5§lГолова Гарри-Поттера)
[02.06.2025 12:02:57][serveritem][give] Creeper7671 obtained 1 of golovas1 (§e§lГолова Сема-Тарли)
[02.06.2025 12:05:48][serveritem][give] Vagan7399 obtained 1 of секирахаоса (§4§lСекира Хаоса)
[02.06.2025 12:06:48][serveritem][give] BekaSama9180 obtained 1 of шарскорки2 (§3§lШар Скорости 2)
[02.06.2025 12:33:58][serveritem][give] GLobi_warms7 obtained 1 of golovas3 (§6§l§nГэндальф)
[02.06.2025 12:40:31][serveritem][give] AlenaNeverDie obtained 1 of golovas4 (§5§lГолова Гарри-Поттера)
[02.06.2025 12:40:31][serveritem][give] AlenaNeverDie obtained 1 of golovas4 (§5§lГолова Гарри-Поттера)
[02.06.2025 12:46:05][serveritem][give] 201214 obtained 1 of golovas1 (§e§lГолова Сема-Тарли)
[02.06.2025 12:52:35][serveritem][give] rtertyrty obtained 1 of шарздоровья2 (§d§lШар Здоровья 2)
[02.06.2025 12:56:08][serveritem][give] kokosini223 obtained 1 of секирахаоса (§4§lСекира Хаоса)
[02.06.2025 12:59:22][serveritem][give] Hasler_eblan obtained 1 of golovas4 (§5§lГолова Гарри-Поттера)
[02.06.2025 13:12:41][serveritem][give] kokosini223 obtained 1 of golovas1 (§e§lГолова Сема-Тарли)
[02.06.2025 13:18:35][serveritem][give] mrresult obtained 1 of секирахаоса (§4§lСекира Хаоса)
[02.06.2025 13:18:36][serveritem][give] mrresult obtained 1 of golovas2 (§b§lГолова Цири)
[02.06.2025 13:29:33][serveritem][give] pshenichny obtained 1 of шарскорки2 (§3§lШар Скорости 2)
[02.06.2025 13:29:35][serveritem][give] pshenichny obtained 1 of шарздоровья3 (§d§lШар Здоровья 3)
[02.06.2025 13:56:42][serveritem][give] nfdu4l5 obtained 1 of шарздоровья1 (§d§lШар Здоровья 1)
[02.06.2025 14:13:22][serveritem][give] popabobra883 obtained 1 of шарздоровья2 (§d§lШар Здоровья 2)
[02.06.2025 14:35:41][serveritem][give] nfdu4l5 obtained 1 of golovas4 (§5§lГолова Гарри-Поттера)
[02.06.2025 14:36:11][serveritem][give] nfdu4l5 obtained 1 of golovas1 (§e§lГолова Сема-Тарли)
[02.06.2025 14:52:10][serveritem][give] MrLokolp567 obtained 1 of шаршипа1 (§2§lШар Шипов 1)
[02.06.2025 14:52:43][serveritem][give] 4CB_TVINK2 obtained 1 of шарздоровья2 (§d§lШар Здоровья 2)
[02.06.2025 14:54:00][serveritem][give] 4CB_TVINK3 obtained 1 of golovas4 (§5§lГолова Гарри-Поттера)
[02.06.2025 15:03:36][serveritem][give] lokirv201352gg obtained 1 of golovas4 (§5§lГолова Гарри-Поттера)
[02.06.2025 15:08:38][serveritem][give] FontGamesOwner obtained 1 of шарздоровья1 (§d§lШар Здоровья 1)
[02.06.2025 15:09:44][serveritem][give] AlenaNeverDie obtained 1 of шарскорки2 (§3§lШар Скорости 2)
[02.06.2025 15:12:43][serveritem][give] FUNTIMEPVP111111 obtained 1 of шарздоровья3 (§d§lШар Здоровья 3)
[02.06.2025 15:22:32][serveritem][give] Den37K obtained 1 of golovas4 (§5§lГолова Гарри-Поттера)
[02.06.2025 15:22:55][serveritem][give] fogjy obtained 1 of шарздоровья3 (§d§lШар Здоровья 3)
[02.06.2025 15:23:20][serveritem][give] kuallaUA obtained 1 of golovas4 (§5§lГолова Гарри-Поттера)
[02.06.2025 15:38:47][serveritem][give] fasdWE1477 obtained 1 of golovas4 (§5§lГолова Гарри-Поттера)
[02.06.2025 15:47:25][serveritem][give] qwertycomey obtained 1 of шарздоровья3 (§d§lШар Здоровья 3)
[02.06.2025 15:47:44][serveritem][give] denismihno obtained 1 of golovas2 (§b§lГолова Цири)
[02.06.2025 15:52:00][serveritem][give] Xxpq obtained 1 of шарздоровья3 (§d§lШар Здоровья 3)
[02.06.2025 15:58:19][serveritem][give] VLAD_MELNYK228 obtained 1 of шарздоровья3 (§d§lШар Здоровья 3)
[02.06.2025 16:10:24][serveritem][give] MrLokolp567 obtained 1 of шарскорки2 (§3§lШар Скорости 2)
[02.06.2025 16:10:33][serveritem][give] MrLokolp567 obtained 1 of шаршипа2 (§2§lШар Шипов 2)
[02.06.2025 16:13:12][serveritem][give] maksfr4 obtained 1 of шарздоровья3 (§d§lШар Здоровья 3)
[02.06.2025 16:21:05][serveritem][give] 4ita4iocv2 obtained 1 of golovas4 (§5§lГолова Гарри-Поттера)
[02.06.2025 16:21:06][serveritem][give] 4ita4iocv2 obtained 1 of секирахаоса (§4§lСекира Хаоса)
[02.06.2025 16:23:53][serveritem][give] Andreyhaccer2013 obtained 1 of golovas1 (§e§lГолова Сема-Тарли)
[02.06.2025 16:24:10][serveritem][give] Andreyhaccer2013 obtained 1 of секирахаоса (§4§lСекира Хаоса)
[02.06.2025 16:25:37][serveritem][give] Alexi21 obtained 1 of golovas1 (§e§lГолова Сема-Тарли)
[02.06.2025 16:29:01][serveritem][give] Eva01 obtained 1 of секирахаоса (§4§lСекира Хаоса)
[02.06.2025 16:43:29][serveritem][give] mishabalbes obtained 1 of golovas1 (§e§lГолова Сема-Тарли)
[02.06.2025 16:43:52][serveritem][give] dopdopdop111 obtained 1 of секирахаоса (§4§lСекира Хаоса)
[02.06.2025 17:09:31][serveritem][give] leraDDD777 obtained 1 of секирахаоса (§4§lСекира Хаоса)
[02.06.2025 17:31:15][serveritem][give] IdkTFTTF obtained 1 of golovas4 (§5§lГолова Гарри-Поттера)
[02.06.2025 17:39:15][serveritem][give] QQQ_lozechka_QQQ obtained 1 of секирахаоса (§4§lСекира Хаоса)
[02.06.2025 17:39:15][serveritem][give] QQQ_lozechka_QQQ obtained 1 of golovas4 (§5§lГолова Гарри-Поттера)
[02.06.2025 17:45:04][serveritem][give] faaaanatik obtained 1 of golovas4 (§5§lГолова Гарри-Поттера)
[02.06.2025 17:47:24][serveritem][give] NeDaniel123321 obtained 1 of секирахаоса (§4§lСекира Хаоса)
[02.06.2025 17:52:28][serveritem][give] vtf45tfd obtained 1 of golovas4 (§5§lГолова Гарри-Поттера)
[02.06.2025 17:53:01][serveritem][give] vtf45tfd obtained 1 of шарздоровья2 (§d§lШар Здоровья 2)
[02.06.2025 17:57:46][serveritem][give] mrresult obtained 1 of golovas2 (§b§lГолова Цири)
[02.06.2025 17:57:47][serveritem][give] mrresult obtained 1 of секирахаоса (§4§lСекира Хаоса)
[02.06.2025 18:02:54][serveritem][give] gamer2k28 obtained 1 of golovas4 (§5§lГолова Гарри-Поттера)
[02.06.2025 18:06:53][serveritem][give] qwertycomeso3 obtained 1 of golovas3 (§6§l§nГэндальф)
[02.06.2025 18:07:21][serveritem][give] qwertycomeso3 obtained 1 of шарскорки2 (§3§lШар Скорости 2)
[02.06.2025 18:08:56][serveritem][give] qwertycomeso3 obtained 1 of шарздоровья3 (§d§lШар Здоровья 3)
[02.06.2025 18:09:00][serveritem][give] qwertycomeso3 obtained 1 of шарздоровья3 (§d§lШар Здоровья 3)
[02.06.2025 18:09:06][serveritem][give] qwertycomeso3 obtained 1 of шарздоровья2 (§d§lШар Здоровья 2)
[02.06.2025 18:18:45][serveritem][give] hitler1777 obtained 1 of шарздоровья3 (§d§lШар Здоровья 3)
[02.06.2025 18:21:58][serveritem][give] hitler1777 obtained 1 of шарздоровья1 (§d§lШар Здоровья 1)
[02.06.2025 18:30:20][serveritem][give] mishabalbes obtained 1 of golovas4 (§5§lГолова Гарри-Поттера)
[02.06.2025 18:32:18][serveritem][give] TylerDurden obtained 1 of секирахаоса (§4§lСекира Хаоса)
[02.06.2025 18:40:31][serveritem][give] udud7ptueiodi obtained 1 of шарздоровья3 (§d§lШар Здоровья 3)
[02.06.2025 19:03:57][serveritem][give] gaMDLER1973 obtained 1 of секирахаоса (§4§lСекира Хаоса)
[02.06.2025 19:04:01][serveritem][give] gaMDLER1973 obtained 1 of golovas4 (§5§lГолова Гарри-Поттера)
[02.06.2025 19:17:05][serveritem][give] LichniiMafioznik obtained 1 of шарскорки2 (§3§lШар Скорости 2)
[02.06.2025 19:19:23][serveritem][give] kakd obtained 1 of golovas2 (§b§lГолова Цири)
[02.06.2025 19:19:38][serveritem][give] kakd obtained 1 of golovas3 (§6§l§nГэндальф)
[02.06.2025 19:22:26][serveritem][give] gaMDLER1973 obtained 1 of шарздоровья1 (§d§lШар Здоровья 1)
[02.06.2025 19:34:47][serveritem][give] biba228 obtained 1 of секирахаоса (§4§lСекира Хаоса)
[02.06.2025 19:36:08][serveritem][give] Timilk obtained 1 of шаршипа1 (§2§lШар Шипов 1)
[02.06.2025 19:44:55][serveritem][give] 8929 obtained 1 of шарскорки2 (§3§lШар Скорости 2)
[02.06.2025 19:46:57][serveritem][give] dolbayob4432234 obtained 1 of шарздоровья3 (§d§lШар Здоровья 3)
[02.06.2025 19:56:59][serveritem][give] xakirru obtained 1 of секирахаоса (§4§lСекира Хаоса)
[02.06.2025 20:11:44][serveritem][give] xDeadFor135 obtained 1 of шарскорки2 (§3§lШар Скорости 2)
[02.06.2025 20:26:16][serveritem][give] hgtedryu obtained 1 of golovas2 (§b§lГолова Цири)
[02.06.2025 20:26:48][serveritem][give] HobalirG obtained 1 of секирахаоса (§4§lСекира Хаоса)
[02.06.2025 20:47:51][serveritem][give] dolbayob4432234 obtained 1 of golovas1 (§e§lГолова Сема-Тарли)
[02.06.2025 21:25:29][serveritem][give] notuyedlk obtained 1 of шарздоровья3 (§d§lШар Здоровья 3)
[02.06.2025 21:36:43][serveritem][give] artem_228228 obtained 1 of golovas4 (§5§lГолова Гарри-Поттера)
[02.06.2025 22:49:04][serveritem][give] i_l0ve_k0kain obtained 1 of golovas1 (§e§lГолова Сема-Тарли)
[02.06.2025 23:56:29][serveritem][give] DANIIL228 obtained 1 of шарскорки2 (§3§lШар Скорости 2)
