[03.06.2025 01:45:16][serveritem][give] xxcutekixxx45460 obtained 1 of golovas4 (§5§lГолова Гарри-Поттера)
[03.06.2025 02:21:06][serveritem][give] skughdl obtained 1 of шарздоровья3 (§d§lШар Здоровья 3)
[03.06.2025 02:23:05][serveritem][give] xxcutekixxx45460 obtained 1 of golovas4 (§5§lГолова Гарри-Поттера)
[03.06.2025 02:42:57][serveritem][give] dopdopdop111 obtained 1 of golovas4 (§5§lГолова Гарри-Поттера)
[03.06.2025 02:47:33][serveritem][give] dopdopdop111 obtained 1 of golovas2 (§b§lГолова Цири)
[03.06.2025 03:27:10][serveritem][give] arte123m obtained 1 of шарздоровья2 (§d§lШар Здоровья 2)
[03.06.2025 04:33:09][serveritem][give] popabobra883 obtained 1 of секирахаоса (§4§lСекира Хаоса)
[03.06.2025 05:25:45][serveritem][give] dopdopdop111 obtained 1 of golovas4 (§5§lГолова Гарри-Поттера)
[03.06.2025 05:40:15][serveritem][give] Cubic_120fps obtained 1 of golovas4 (§5§lГолова Гарри-Поттера)
[03.06.2025 05:50:11][serveritem][give] mrzanga1231 obtained 1 of секирахаоса (§4§lСекира Хаоса)
[03.06.2025 06:17:52][serveritem][give] njfhxjd obtained 1 of golovas4 (§5§lГолова Гарри-Поттера)
[03.06.2025 06:36:26][serveritem][give] flirt_flirta obtained 1 of golovas4 (§5§lГолова Гарри-Поттера)
[03.06.2025 06:40:16][serveritem][give] Holodos1k obtained 1 of шарскорки2 (§3§lШар Скорости 2)
[03.06.2025 06:46:53][serveritem][give] mishabalbes obtained 1 of golovas4 (§5§lГолова Гарри-Поттера)
[03.06.2025 06:58:55][serveritem][give] flirt_flirta obtained 1 of golovas4 (§5§lГолова Гарри-Поттера)
[03.06.2025 07:01:05][serveritem][give] flirt_flirta obtained 1 of golovas4 (§5§lГолова Гарри-Поттера)
[03.06.2025 07:01:53][serveritem][give] rotw1kss obtained 1 of шарздоровья3 (§d§lШар Здоровья 3)
[03.06.2025 07:05:25][serveritem][give] flirt_flirta obtained 1 of golovas4 (§5§lГолова Гарри-Поттера)
[03.06.2025 07:05:53][serveritem][give] SkaiFoM obtained 1 of golovas1 (§e§lГолова Сема-Тарли)
[03.06.2025 07:08:08][serveritem][give] do1tsss obtained 1 of golovas4 (§5§lГолова Гарри-Поттера)
[03.06.2025 07:15:04][serveritem][give] weym1x obtained 1 of golovas4 (§5§lГолова Гарри-Поттера)
[03.06.2025 07:56:54][serveritem][give] GILZA5 obtained 1 of golovas2 (§b§lГолова Цири)
[03.06.2025 07:57:29][serveritem][give] matvei_cigma obtained 1 of шарздоровья3 (§d§lШар Здоровья 3)
[03.06.2025 08:00:11][serveritem][give] mishabalbes obtained 1 of golovas1 (§e§lГолова Сема-Тарли)
[03.06.2025 08:14:38][serveritem][give] extkane_M0 obtained 1 of golovas4 (§5§lГолова Гарри-Поттера)
[03.06.2025 08:44:17][serveritem][give] pubgmobiL obtained 1 of шарскорки2 (§3§lШар Скорости 2)
[03.06.2025 08:44:21][serveritem][give] pubgmobiL obtained 1 of golovas1 (§e§lГолова Сема-Тарли)
[03.06.2025 08:53:04][serveritem][give] xxcutekixxx45460 obtained 1 of golovas4 (§5§lГолова Гарри-Поттера)
[03.06.2025 08:55:50][serveritem][give] pubgmobiL obtained 1 of шарскорки2 (§3§lШар Скорости 2)
[03.06.2025 08:58:27][serveritem][give] releasert obtained 1 of golovas1 (§e§lГолова Сема-Тарли)
[03.06.2025 08:59:11][serveritem][give] releasert obtained 1 of шарскорки2 (§3§lШар Скорости 2)
[03.06.2025 08:59:41][serveritem][give] releasert obtained 1 of golovas1 (§e§lГолова Сема-Тарли)
[03.06.2025 08:59:41][serveritem][give] releasert obtained 1 of golovas1 (§e§lГолова Сема-Тарли)
[03.06.2025 09:05:49][serveritem][give] Creeper7671 obtained 1 of golovas1 (§e§lГолова Сема-Тарли)
[03.06.2025 09:17:40][serveritem][give] DereeYT202567890 obtained 1 of шарздоровья1 (§d§lШар Здоровья 1)
[03.06.2025 09:22:11][serveritem][give] mishabalbes obtained 1 of golovas1 (§e§lГолова Сема-Тарли)
[03.06.2025 09:24:04][serveritem][give] PoPa_tyt obtained 1 of секирахаоса (§4§lСекира Хаоса)
[03.06.2025 09:26:06][serveritem][give] flirt_Dan4 obtained 1 of golovas4 (§5§lГолова Гарри-Поттера)
[03.06.2025 09:34:12][serveritem][give] SlumyRed_r079 obtained 1 of golovas4 (§5§lГолова Гарри-Поттера)
[03.06.2025 09:43:07][serveritem][give] ML_VarenyK obtained 1 of шарздоровья3 (§d§lШар Здоровья 3)
[03.06.2025 09:45:56][serveritem][give] kuallaUA obtained 1 of шаротбр2 (§9§lШар Отбрасывания 2)
[03.06.2025 09:45:57][serveritem][give] kuallaUA obtained 1 of шарскорки2 (§3§lШар Скорости 2)
[03.06.2025 09:45:57][serveritem][give] kuallaUA obtained 1 of шаршипа1 (§2§lШар Шипов 1)
[03.06.2025 09:45:58][serveritem][give] kuallaUA obtained 1 of шаротбр2 (§9§lШар Отбрасывания 2)
[03.06.2025 09:45:58][serveritem][give] kuallaUA obtained 1 of шарздоровья1 (§d§lШар Здоровья 1)
[03.06.2025 09:45:58][serveritem][give] kuallaUA obtained 1 of шаршипа1 (§2§lШар Шипов 1)
[03.06.2025 09:45:58][serveritem][give] kuallaUA obtained 1 of шарскорки2 (§3§lШар Скорости 2)
[03.06.2025 09:45:59][serveritem][give] kuallaUA obtained 1 of шаротбр2 (§9§lШар Отбрасывания 2)
[03.06.2025 09:45:59][serveritem][give] kuallaUA obtained 1 of шарскорки1 (§3§lШар Скорости 1)
[03.06.2025 09:45:59][serveritem][give] kuallaUA obtained 1 of шаротбр2 (§9§lШар Отбрасывания 2)
[03.06.2025 09:46:06][serveritem][give] kuallaUA obtained 1 of шарздоровья3 (§d§lШар Здоровья 3)
[03.06.2025 09:46:07][serveritem][give] kuallaUA obtained 1 of шарздоровья3 (§d§lШар Здоровья 3)
[03.06.2025 09:46:07][serveritem][give] kuallaUA obtained 1 of шарздоровья3 (§d§lШар Здоровья 3)
[03.06.2025 09:46:07][serveritem][give] kuallaUA obtained 1 of шарздоровья3 (§d§lШар Здоровья 3)
[03.06.2025 09:51:14][serveritem][give] MrZeny_YT obtained 1 of golovas4 (§5§lГолова Гарри-Поттера)
[03.06.2025 10:18:01][serveritem][give] SkibidiDapYesYes obtained 1 of golovas3 (§6§l§nГэндальф)
[03.06.2025 10:24:59][serveritem][give] ilyanazarov315 obtained 1 of секирахаоса (§4§lСекира Хаоса)
[03.06.2025 10:30:37][serveritem][give] nana obtained 1 of шарскорки2 (§3§lШар Скорости 2)
[03.06.2025 10:35:31][serveritem][give] artem_228228 obtained 1 of golovas4 (§5§lГолова Гарри-Поттера)
[03.06.2025 10:50:28][serveritem][give] SkibidiDapYesYes obtained 1 of секирахаоса (§4§lСекира Хаоса)
[03.06.2025 10:55:13][serveritem][give] artem_228228 obtained 1 of golovas4 (§5§lГолова Гарри-Поттера)
[03.06.2025 11:17:00][serveritem][give] AZIZHODJA obtained 1 of секирахаоса (§4§lСекира Хаоса)
[03.06.2025 11:36:50][serveritem][give] SkibidiDapYesYes obtained 1 of golovas4 (§5§lГолова Гарри-Поттера)
[03.06.2025 11:38:55][serveritem][give] SkibidiDapYesYes obtained 1 of шаршипа2 (§2§lШар Шипов 2)
[03.06.2025 11:54:58][serveritem][give] _KILLGAMEOVER_ obtained 1 of шарскорки2 (§3§lШар Скорости 2)
[03.06.2025 11:59:42][serveritem][give] qwerty09767 obtained 1 of шарздоровья3 (§d§lШар Здоровья 3)
[03.06.2025 12:00:26][serveritem][give] qwerty09767 obtained 1 of шаротбр1 (§9§lШар Отбрасывания 1)
[03.06.2025 12:28:57][serveritem][give] wawa44 obtained 1 of golovas4 (§5§lГолова Гарри-Поттера)
[03.06.2025 12:34:53][serveritem][give] unmar obtained 1 of секирахаоса (§4§lСекира Хаоса)
[03.06.2025 12:45:44][serveritem][give] dolbayob4432234 obtained 1 of golovas4 (§5§lГолова Гарри-Поттера)
[03.06.2025 13:06:06][serveritem][give] geteon obtained 1 of секирахаоса (§4§lСекира Хаоса)
[03.06.2025 13:11:13][serveritem][give] Den37K obtained 1 of golovas4 (§5§lГолова Гарри-Поттера)
[03.06.2025 13:12:53][serveritem][give] unmar obtained 1 of шарздоровья3 (§d§lШар Здоровья 3)
[03.06.2025 13:21:13][serveritem][give] LORDHACKERHEXFIG obtained 1 of секирахаоса (§4§lСекира Хаоса)
[03.06.2025 13:21:38][serveritem][give] LORDHACKERHEXFIG obtained 1 of golovas4 (§5§lГолова Гарри-Поттера)
[03.06.2025 13:29:28][serveritem][give] barabulkaa5252 obtained 1 of шарскорки2 (§3§lШар Скорости 2)
[03.06.2025 13:30:28][serveritem][give] popabobra883 obtained 1 of golovas3 (§6§l§nГэндальф)
[03.06.2025 13:30:29][serveritem][give] popabobra883 obtained 1 of секирахаоса (§4§lСекира Хаоса)
[03.06.2025 13:43:45][serveritem][give] artem_228228 obtained 1 of golovas4 (§5§lГолова Гарри-Поттера)
[03.06.2025 13:43:50][serveritem][give] artem_228228 obtained 1 of шарскорки2 (§3§lШар Скорости 2)
[03.06.2025 13:48:23][serveritem][give] VVUYSQgP obtained 1 of шарздоровья2 (§d§lШар Здоровья 2)
[03.06.2025 14:08:13][serveritem][give] dSsDS obtained 1 of шарскорки1 (§3§lШар Скорости 1)
[03.06.2025 14:16:19][serveritem][give] maxzzz7 obtained 1 of шарскорки1 (§3§lШар Скорости 1)
[03.06.2025 14:22:19][serveritem][give] metal400 obtained 1 of шарскорки1 (§3§lШар Скорости 1)
[03.06.2025 14:24:36][serveritem][give] mzfkabu7777 obtained 1 of шарскорки1 (§3§lШар Скорости 1)
[03.06.2025 14:24:45][serveritem][give] ANaRCHuuuud obtained 1 of шарздоровья2 (§d§lШар Здоровья 2)
[03.06.2025 14:29:07][serveritem][give] Officaly_VETER obtained 1 of шарздоровья3 (§d§lШар Здоровья 3)
[03.06.2025 14:30:11][serveritem][give] zexyyyy7777 obtained 1 of golovas4 (§5§lГолова Гарри-Поттера)
[03.06.2025 14:40:44][serveritem][give] vena4670 obtained 1 of шарздоровья2 (§d§lШар Здоровья 2)
[03.06.2025 14:53:16][serveritem][give] Mr_Morkva obtained 1 of шаршипа2 (§2§lШар Шипов 2)
[03.06.2025 15:25:14][serveritem][give] aylin obtained 1 of шарздоровья3 (§d§lШар Здоровья 3)
[03.06.2025 15:25:45][serveritem][give] asdstgvg obtained 1 of шарздоровья2 (§d§lШар Здоровья 2)
[03.06.2025 15:45:15][serveritem][give] rhdhdhejsid obtained 1 of шарздоровья2 (§d§lШар Здоровья 2)
[03.06.2025 15:46:00][serveritem][give] dam1hcik obtained 1 of шарздоровья3 (§d§lШар Здоровья 3)
[03.06.2025 15:46:11][serveritem][give] xnsnsi obtained 1 of golovas4 (§5§lГолова Гарри-Поттера)
[03.06.2025 15:46:12][serveritem][give] xnsnsi obtained 1 of golovas2 (§b§lГолова Цири)
[03.06.2025 15:49:56][serveritem][give] vena4670 obtained 1 of шарскорки2 (§3§lШар Скорости 2)
[03.06.2025 15:49:59][serveritem][give] vena4670 obtained 1 of шарздоровья3 (§d§lШар Здоровья 3)
[03.06.2025 15:50:45][serveritem][give] kakd obtained 1 of шарскорки2 (§3§lШар Скорости 2)
[03.06.2025 15:52:02][serveritem][give] ffji9kjff obtained 1 of шарздоровья1 (§d§lШар Здоровья 1)
[03.06.2025 15:52:08][serveritem][give] KarTa_5 obtained 1 of golovas4 (§5§lГолова Гарри-Поттера)
[03.06.2025 15:52:26][serveritem][give] Leowild10 obtained 1 of шарскорки2 (§3§lШар Скорости 2)
[03.06.2025 15:52:44][serveritem][give] SkibidiDapYesYes obtained 1 of шарздоровья3 (§d§lШар Здоровья 3)
[03.06.2025 15:57:05][serveritem][give] DeKu obtained 1 of golovas4 (§5§lГолова Гарри-Поттера)
[03.06.2025 15:58:04][serveritem][give] ghgjoifd obtained 1 of шарздоровья3 (§d§lШар Здоровья 3)
[03.06.2025 16:10:13][serveritem][give] wawa44 obtained 1 of golovas4 (§5§lГолова Гарри-Поттера)
[03.06.2025 16:12:15][serveritem][give] Asya252525 obtained 1 of секирахаоса (§4§lСекира Хаоса)
[03.06.2025 16:22:15][serveritem][give] MrVova22 obtained 1 of шарздоровья3 (§d§lШар Здоровья 3)
[03.06.2025 16:22:58][serveritem][give] pookpook2013 obtained 1 of шарздоровья1 (§d§lШар Здоровья 1)
[03.06.2025 16:23:45][serveritem][give] VenomsAboudno obtained 1 of golovas4 (§5§lГолова Гарри-Поттера)
[03.06.2025 16:35:54][serveritem][give] bbg2024ez555 obtained 1 of golovas2 (§b§lГолова Цири)
[03.06.2025 16:35:54][serveritem][give] bbg2024ez555 obtained 1 of секирахаоса (§4§lСекира Хаоса)
[03.06.2025 16:36:03][serveritem][give] SunNight obtained 1 of golovas3 (§6§l§nГэндальф)
[03.06.2025 16:40:20][serveritem][give] QQQ_lozechka_QQQ obtained 1 of golovas4 (§5§lГолова Гарри-Поттера)
[03.06.2025 16:54:24][serveritem][give] SunNight obtained 1 of секирахаоса (§4§lСекира Хаоса)
[03.06.2025 16:54:25][serveritem][give] SunNight obtained 1 of golovas1 (§e§lГолова Сема-Тарли)
[03.06.2025 16:58:08][serveritem][give] bu_1434 obtained 1 of шарскорки2 (§3§lШар Скорости 2)
[03.06.2025 17:11:18][serveritem][give] HELPER obtained 1 of golovas4 (§5§lГолова Гарри-Поттера)
[03.06.2025 17:11:22][serveritem][give] dolbayob4432234 obtained 1 of шарздоровья3 (§d§lШар Здоровья 3)
[03.06.2025 17:12:53][serveritem][give] niger_org777 obtained 1 of golovas4 (§5§lГолова Гарри-Поттера)
[03.06.2025 17:19:42][serveritem][give] bu_1434 obtained 1 of golovas1 (§e§lГолова Сема-Тарли)
[03.06.2025 17:22:13][serveritem][give] HELPER obtained 1 of golovas4 (§5§lГолова Гарри-Поттера)
[03.06.2025 17:23:03][serveritem][give] ban_ obtained 1 of golovas4 (§5§lГолова Гарри-Поттера)
[03.06.2025 17:23:13][serveritem][give] bu_1434 obtained 1 of golovas4 (§5§lГолова Гарри-Поттера)
[03.06.2025 17:24:42][serveritem][give] IMERATOR240FPS obtained 1 of golovas4 (§5§lГолова Гарри-Поттера)
[03.06.2025 17:24:47][serveritem][give] IMERATOR240FPS obtained 1 of golovas3 (§6§l§nГэндальф)
[03.06.2025 17:25:02][serveritem][give] dolbayob4432234 obtained 1 of шаротбр2 (§9§lШар Отбрасывания 2)
[03.06.2025 17:35:39][serveritem][give] KLauncher_uwfknt obtained 1 of шарздоровья3 (§d§lШар Здоровья 3)
[03.06.2025 17:39:51][serveritem][give] fraisan obtained 1 of шарздоровья3 (§d§lШар Здоровья 3)
[03.06.2025 17:46:52][serveritem][give] wsmirnoffi obtained 1 of шарскорки2 (§3§lШар Скорости 2)
[03.06.2025 17:47:31][serveritem][give] fga obtained 1 of секирахаоса (§4§lСекира Хаоса)
[03.06.2025 17:47:45][serveritem][give] Danichk7736 obtained 1 of шарскорки2 (§3§lШар Скорости 2)
[03.06.2025 17:52:36][serveritem][give] Milka_TAN obtained 1 of golovas4 (§5§lГолова Гарри-Поттера)
[03.06.2025 17:58:37][serveritem][give] dolbayob4432234 obtained 1 of golovas1 (§e§lГолова Сема-Тарли)
[03.06.2025 18:02:37][serveritem][give] ghurgdhhgfhbcg obtained 1 of шарздоровья2 (§d§lШар Здоровья 2)
[03.06.2025 18:05:21][serveritem][give] wernikxx353 obtained 1 of секирахаоса (§4§lСекира Хаоса)
[03.06.2025 18:11:08][serveritem][give] makaro662 obtained 1 of golovas4 (§5§lГолова Гарри-Поттера)
[03.06.2025 18:16:34][serveritem][give] LegendRw201352gg obtained 1 of golovas1 (§e§lГолова Сема-Тарли)
[03.06.2025 18:19:49][serveritem][give] YA_TOP22228 obtained 1 of шарскорки2 (§3§lШар Скорости 2)
[03.06.2025 18:21:45][serveritem][give] rheel1shil obtained 1 of шарздоровья3 (§d§lШар Здоровья 3)
[03.06.2025 18:26:47][serveritem][give] iiytiyiiiii obtained 1 of golovas4 (§5§lГолова Гарри-Поттера)
[03.06.2025 18:32:00][serveritem][give] iaboba obtained 1 of шарздоровья1 (§d§lШар Здоровья 1)
[03.06.2025 18:37:17][serveritem][give] IMERATOR240FPS obtained 1 of шарздоровья3 (§d§lШар Здоровья 3)
[03.06.2025 18:37:28][serveritem][give] zxczxcczxdl obtained 1 of golovas4 (§5§lГолова Гарри-Поттера)
[03.06.2025 18:43:21][serveritem][give] mu_ycherite869 obtained 1 of golovas4 (§5§lГолова Гарри-Поттера)
[03.06.2025 18:45:44][serveritem][give] ffffufz obtained 1 of шарздоровья3 (§d§lШар Здоровья 3)
[03.06.2025 18:58:40][serveritem][give] downgovniuc obtained 1 of секирахаоса (§4§lСекира Хаоса)
[03.06.2025 19:07:23][serveritem][give] monKe_pik obtained 1 of шаршипа2 (§2§lШар Шипов 2)
[03.06.2025 19:07:55][serveritem][give] monKe_pik obtained 1 of шаротбр2 (§9§lШар Отбрасывания 2)
[03.06.2025 19:08:34][serveritem][give] YT_maffinn obtained 1 of секирахаоса (§4§lСекира Хаоса)
[03.06.2025 19:09:13][serveritem][give] Luca001zeey obtained 1 of шарздоровья1 (§d§lШар Здоровья 1)
[03.06.2025 19:12:13][serveritem][give] sadwesad123 obtained 1 of шарскорки2 (§3§lШар Скорости 2)
[03.06.2025 19:12:13][serveritem][give] sadwesad123 obtained 1 of шарздоровья2 (§d§lШар Здоровья 2)
[03.06.2025 19:12:14][serveritem][give] sadwesad123 obtained 1 of шаршипа2 (§2§lШар Шипов 2)
[03.06.2025 19:12:15][serveritem][give] sadwesad123 obtained 1 of шаротбр2 (§9§lШар Отбрасывания 2)
[03.06.2025 19:13:48][serveritem][give] monKe_pik obtained 1 of шарздоровья3 (§d§lШар Здоровья 3)
[03.06.2025 19:20:55][serveritem][give] ler5000nett obtained 1 of golovas4 (§5§lГолова Гарри-Поттера)
[03.06.2025 19:23:00][serveritem][give] olehka22809qwe obtained 1 of шарскорки2 (§3§lШар Скорости 2)
[03.06.2025 19:23:02][serveritem][give] olehka22809qwe obtained 1 of шарздоровья3 (§d§lШар Здоровья 3)
[03.06.2025 19:23:14][serveritem][give] monKe_pik obtained 1 of шарздоровья3 (§d§lШар Здоровья 3)
[03.06.2025 19:24:32][serveritem][give] monKe_pik obtained 1 of шарздоровья3 (§d§lШар Здоровья 3)
[03.06.2025 19:24:34][serveritem][give] monKe_pik obtained 1 of шарздоровья3 (§d§lШар Здоровья 3)
[03.06.2025 19:35:30][serveritem][give] YT_maffinn obtained 1 of шарскорки2 (§3§lШар Скорости 2)
[03.06.2025 19:36:06][serveritem][give] Major_Reset obtained 1 of golovas4 (§5§lГолова Гарри-Поттера)
[03.06.2025 19:43:39][serveritem][give] randomyasn obtained 1 of golovas4 (§5§lГолова Гарри-Поттера)
[03.06.2025 19:43:42][serveritem][give] qrtemkapro123 obtained 1 of шарскорки2 (§3§lШар Скорости 2)
[03.06.2025 19:43:45][serveritem][give] qrtemkapro123 obtained 1 of шарздоровья1 (§d§lШар Здоровья 1)
[03.06.2025 19:50:54][serveritem][give] kenzofcuk obtained 1 of шарздоровья3 (§d§lШар Здоровья 3)
[03.06.2025 19:50:54][serveritem][give] kenzofcuk obtained 1 of шарздоровья3 (§d§lШар Здоровья 3)
[03.06.2025 19:52:46][serveritem][give] Alkash_Zzz obtained 1 of секирахаоса (§4§lСекира Хаоса)
[03.06.2025 19:55:50][serveritem][give] HZeed obtained 1 of golovas4 (§5§lГолова Гарри-Поттера)
[03.06.2025 20:05:16][serveritem][give] Kirillik1 obtained 1 of шарздоровья3 (§d§lШар Здоровья 3)
[03.06.2025 20:32:47][serveritem][give] Ping134 obtained 1 of секирахаоса (§4§lСекира Хаоса)
[03.06.2025 21:21:20][serveritem][give] kapibarelo212 obtained 1 of golovas4 (§5§lГолова Гарри-Поттера)
[03.06.2025 21:58:56][serveritem][give] DIANA001 obtained 1 of секирахаоса (§4§lСекира Хаоса)
[03.06.2025 22:16:45][serveritem][give] Rubak_DAY obtained 1 of golovas4 (§5§lГолова Гарри-Поттера)
[03.06.2025 22:29:31][serveritem][give] Vpnoek973 obtained 1 of шарздоровья3 (§d§lШар Здоровья 3)
[03.06.2025 22:46:19][serveritem][give] Kirillik1 obtained 1 of шарздоровья3 (§d§lШар Здоровья 3)
