[10.06.2025 00:03:12][serveritem][give] TTfoks1kYT obtained 1 of golovas4 (§5§lГолова Гарри-Поттера)
[10.06.2025 00:39:11][serveritem][give] TTfoks1kYT obtained 1 of golovas4 (§5§lГолова Гарри-Поттера)
[10.06.2025 05:36:00][serveritem][give] ferddd_fr obtained 1 of golovas4 (§5§lГолова Гарри-Поттера)
[10.06.2025 05:36:01][serveritem][give] ferddd_fr obtained 1 of секирахаоса (§4§lСекира Хаоса)
[10.06.2025 05:49:59][serveritem][give] ANaRCHuuuud obtained 1 of шарздоровья3 (§d§lШар Здоровья 3)
[10.06.2025 06:34:19][serveritem][give] hinet52 obtained 1 of golovas4 (§5§lГолова Гарри-Поттера)
[10.06.2025 06:51:13][serveritem][give] M3owM3g4 obtained 1 of секирахаоса (§4§lСекира Хаоса)
[10.06.2025 07:42:03][serveritem][give] SpeedGlorus obtained 1 of golovas4 (§5§lГолова Гарри-Поттера)
[10.06.2025 08:00:24][serveritem][give] yrynuk911 obtained 1 of шарздоровья3 (§d§lШар Здоровья 3)
[10.06.2025 08:04:39][serveritem][give] vetal999 obtained 1 of шарздоровья2 (§d§lШар Здоровья 2)
[10.06.2025 08:09:12][serveritem][give] nosok_ronalda obtained 1 of секирахаоса (§4§lСекира Хаоса)
[10.06.2025 08:19:29][serveritem][give] xangelooooo obtained 1 of golovas4 (§5§lГолова Гарри-Поттера)
[10.06.2025 08:19:57][serveritem][give] leraDDD777 obtained 1 of golovas3 (§6§l§nГэндальф)
[10.06.2025 08:23:40][serveritem][give] pasha_swag obtained 1 of секирахаоса (§4§lСекира Хаоса)
[10.06.2025 08:26:34][serveritem][give] jigari123 obtained 1 of секирахаоса (§4§lСекира Хаоса)
[10.06.2025 08:26:57][serveritem][give] Dominik321pro obtained 1 of шарскорки2 (§3§lШар Скорости 2)
[10.06.2025 08:27:03][serveritem][give] Dominik321pro obtained 1 of шарздоровья3 (§d§lШар Здоровья 3)
[10.06.2025 08:34:04][serveritem][give] SisVrveD obtained 1 of шаршипа2 (§2§lШар Шипов 2)
[10.06.2025 08:35:09][serveritem][give] SpeedGlorus obtained 1 of golovas3 (§6§l§nГэндальф)
[10.06.2025 08:38:34][serveritem][give] tea obtained 1 of шарздоровья3 (§d§lШар Здоровья 3)
[10.06.2025 08:40:22][serveritem][give] gfgf473 obtained 1 of шарскорки2 (§3§lШар Скорости 2)
[10.06.2025 08:41:23][serveritem][give] PHTwxUfF obtained 1 of шарскорки1 (§3§lШар Скорости 1)
[10.06.2025 08:43:14][serveritem][give] hoGSZsHo obtained 1 of шаршипа1 (§2§lШар Шипов 1)
[10.06.2025 09:00:13][serveritem][give] Dantist obtained 1 of шарскорки1 (§3§lШар Скорости 1)
[10.06.2025 09:00:13][serveritem][give] Dantist obtained 1 of шарскорки1 (§3§lШар Скорости 1)
[10.06.2025 09:04:12][serveritem][give] royMvuXv obtained 1 of шарскорки2 (§3§lШар Скорости 2)
[10.06.2025 09:06:52][serveritem][give] pipidaster_okak obtained 1 of секирахаоса (§4§lСекира Хаоса)
[10.06.2025 09:07:03][serveritem][give] pipidaster_okak obtained 1 of golovas4 (§5§lГолова Гарри-Поттера)
[10.06.2025 09:36:22][serveritem][give] 20202014 obtained 1 of секирахаоса (§4§lСекира Хаоса)
[10.06.2025 09:36:47][serveritem][give] 20202014 obtained 1 of golovas2 (§b§lГолова Цири)
[10.06.2025 09:37:09][serveritem][give] AXMED4754 obtained 1 of шарздоровья3 (§d§lШар Здоровья 3)
[10.06.2025 09:38:12][serveritem][give] teaaa obtained 1 of шаршипа2 (§2§lШар Шипов 2)
[10.06.2025 09:38:43][serveritem][give] uziAgWCd obtained 1 of шарздоровья2 (§d§lШар Здоровья 2)
[10.06.2025 09:41:50][serveritem][give] GENIYSGODA obtained 1 of шарздоровья2 (§d§lШар Здоровья 2)
[10.06.2025 09:46:49][serveritem][give] SAD1503 obtained 1 of шарздоровья3 (§d§lШар Здоровья 3)
[10.06.2025 09:53:27][serveritem][give] 20202014 obtained 1 of golovas3 (§6§l§nГэндальф)
[10.06.2025 09:54:08][serveritem][give] Pypsic obtained 1 of шарздоровья3 (§d§lШар Здоровья 3)
[10.06.2025 10:06:28][serveritem][give] euclowns_ obtained 1 of golovas3 (§6§l§nГэндальф)
[10.06.2025 10:24:10][serveritem][give] kyra100top obtained 1 of golovas4 (§5§lГолова Гарри-Поттера)
[10.06.2025 10:25:06][serveritem][give] Pullcka obtained 1 of golovas4 (§5§lГолова Гарри-Поттера)
[10.06.2025 10:25:06][serveritem][give] Pullcka obtained 1 of golovas4 (§5§lГолова Гарри-Поттера)
[10.06.2025 10:25:07][serveritem][give] Pullcka obtained 1 of golovas4 (§5§lГолова Гарри-Поттера)
[10.06.2025 10:25:07][serveritem][give] Pullcka obtained 1 of golovas4 (§5§lГолова Гарри-Поттера)
[10.06.2025 10:25:07][serveritem][give] Pullcka obtained 1 of golovas4 (§5§lГолова Гарри-Поттера)
[10.06.2025 10:27:32][serveritem][give] saerty981 obtained 1 of секирахаоса (§4§lСекира Хаоса)
[10.06.2025 10:32:15][serveritem][give] 678567reg obtained 1 of шарскорки2 (§3§lШар Скорости 2)
[10.06.2025 10:33:00][serveritem][give] FetterZero obtained 1 of golovas4 (§5§lГолова Гарри-Поттера)
[10.06.2025 10:33:00][serveritem][give] FetterZero obtained 1 of golovas4 (§5§lГолова Гарри-Поттера)
[10.06.2025 10:33:01][serveritem][give] FetterZero obtained 1 of golovas4 (§5§lГолова Гарри-Поттера)
[10.06.2025 10:33:01][serveritem][give] FetterZero obtained 1 of golovas4 (§5§lГолова Гарри-Поттера)
[10.06.2025 10:33:01][serveritem][give] FetterZero obtained 1 of golovas4 (§5§lГолова Гарри-Поттера)
[10.06.2025 10:40:28][serveritem][give] 4234234reg obtained 1 of golovas1 (§e§lГолова Сема-Тарли)
[10.06.2025 11:00:40][serveritem][give] SpeedGlorus obtained 1 of golovas3 (§6§l§nГэндальф)
[10.06.2025 11:06:06][serveritem][give] xggc obtained 1 of шарздоровья3 (§d§lШар Здоровья 3)
[10.06.2025 11:06:18][serveritem][give] barabulkaa5252 obtained 1 of шарздоровья3 (§d§lШар Здоровья 3)
[10.06.2025 11:17:37][serveritem][give] Hufer obtained 1 of шарскорки2 (§3§lШар Скорости 2)
[10.06.2025 11:21:01][serveritem][give] OuterSheet07585 obtained 1 of golovas3 (§6§l§nГэндальф)
[10.06.2025 11:25:19][serveritem][give] _NegoDia_ obtained 1 of golovas1 (§e§lГолова Сема-Тарли)
[10.06.2025 11:34:36][serveritem][give] jisnvaram obtained 1 of golovas4 (§5§lГолова Гарри-Поттера)
[10.06.2025 11:35:59][serveritem][give] OuterSheet07585 obtained 1 of секирахаоса (§4§lСекира Хаоса)
[10.06.2025 11:42:18][serveritem][give] SAD1507 obtained 1 of шарздоровья3 (§d§lШар Здоровья 3)
[10.06.2025 11:52:55][serveritem][give] Emils_dolbaebs obtained 1 of шарскорки2 (§3§lШар Скорости 2)
[10.06.2025 12:17:38][serveritem][give] rokezx obtained 1 of шарздоровья2 (§d§lШар Здоровья 2)
[10.06.2025 12:18:40][serveritem][give] Banpis obtained 1 of шарздоровья1 (§d§lШар Здоровья 1)
[10.06.2025 12:19:11][serveritem][give] Banpis obtained 1 of шарздоровья3 (§d§lШар Здоровья 3)
[10.06.2025 12:21:22][serveritem][give] MR_NEYMAR obtained 1 of секирахаоса (§4§lСекира Хаоса)
[10.06.2025 12:21:45][serveritem][give] Banpis obtained 1 of шарздоровья1 (§d§lШар Здоровья 1)
[10.06.2025 12:22:21][serveritem][give] _kot_pro9 obtained 1 of golovas4 (§5§lГолова Гарри-Поттера)
[10.06.2025 12:22:27][serveritem][give] MR_NEYMAR obtained 1 of шарздоровья3 (§d§lШар Здоровья 3)
[10.06.2025 12:48:26][serveritem][give] rokezx obtained 1 of golovas1 (§e§lГолова Сема-Тарли)
[10.06.2025 12:50:03][serveritem][give] Pypsic obtained 1 of шарздоровья3 (§d§lШар Здоровья 3)
[10.06.2025 12:50:06][serveritem][give] Pypsic obtained 1 of шарскорки2 (§3§lШар Скорости 2)
[10.06.2025 12:50:13][serveritem][give] Pypsic obtained 1 of шаротбр2 (§9§lШар Отбрасывания 2)
[10.06.2025 12:50:18][serveritem][give] Pypsic obtained 1 of шарздоровья3 (§d§lШар Здоровья 3)
[10.06.2025 12:56:58][serveritem][give] WOLF_FENIKS obtained 1 of шарскорки1 (§3§lШар Скорости 1)
[10.06.2025 12:58:06][serveritem][give] rokezx obtained 1 of шарздоровья2 (§d§lШар Здоровья 2)
[10.06.2025 12:58:25][serveritem][give] szamsmoc012 obtained 1 of шарскорки1 (§3§lШар Скорости 1)
[10.06.2025 13:03:02][serveritem][give] vetal999 obtained 1 of golovas4 (§5§lГолова Гарри-Поттера)
[10.06.2025 13:20:31][serveritem][give] 131313gfdgreg obtained 1 of golovas4 (§5§lГолова Гарри-Поттера)
[10.06.2025 13:24:22][serveritem][give] Kirll_poxyi obtained 1 of golovas4 (§5§lГолова Гарри-Поттера)
[10.06.2025 13:24:36][serveritem][give] Kirll_poxyi obtained 1 of секирахаоса (§4§lСекира Хаоса)
[10.06.2025 13:31:37][serveritem][give] SAD1504 obtained 1 of шарздоровья1 (§d§lШар Здоровья 1)
[10.06.2025 13:33:35][serveritem][give] andreyka2000x obtained 1 of golovas4 (§5§lГолова Гарри-Поттера)
[10.06.2025 13:33:36][serveritem][give] andreyka2000x obtained 1 of секирахаоса (§4§lСекира Хаоса)
[10.06.2025 13:34:52][serveritem][give] rokezx obtained 1 of golovas1 (§e§lГолова Сема-Тарли)
[10.06.2025 13:37:43][serveritem][give] SkaiFoM obtained 1 of golovas1 (§e§lГолова Сема-Тарли)
[10.06.2025 13:42:29][serveritem][give] JABOCHKINGEEY obtained 1 of шаршипа2 (§2§lШар Шипов 2)
[10.06.2025 13:43:13][serveritem][give] Marlen4ik obtained 1 of шаршипа2 (§2§lШар Шипов 2)
[10.06.2025 13:43:15][serveritem][give] Marlen4ik obtained 1 of шарздоровья3 (§d§lШар Здоровья 3)
[10.06.2025 13:58:57][serveritem][give] zxczxc obtained 1 of шарскорки1 (§3§lШар Скорости 1)
[10.06.2025 13:59:27][serveritem][give] whatthe obtained 1 of секирахаоса (§4§lСекира Хаоса)
[10.06.2025 14:02:33][serveritem][give] mishakiller1224 obtained 1 of секирахаоса (§4§lСекира Хаоса)
[10.06.2025 14:02:50][serveritem][give] rokezx obtained 1 of golovas1 (§e§lГолова Сема-Тарли)
[10.06.2025 14:02:52][serveritem][give] mishakiller1224 obtained 1 of golovas4 (§5§lГолова Гарри-Поттера)
[10.06.2025 14:05:41][serveritem][give] rokezx obtained 1 of шарздоровья1 (§d§lШар Здоровья 1)
[10.06.2025 14:06:52][serveritem][give] Ki1ir_s1k obtained 1 of секирахаоса (§4§lСекира Хаоса)
[10.06.2025 14:18:38][serveritem][give] Kirish_228 obtained 1 of golovas4 (§5§lГолова Гарри-Поттера)
[10.06.2025 14:27:12][serveritem][give] zxcBANI_YTzxc obtained 1 of golovas4 (§5§lГолова Гарри-Поттера)
[10.06.2025 14:27:15][serveritem][give] zxcBANI_YTzxc obtained 1 of секирахаоса (§4§lСекира Хаоса)
[10.06.2025 14:46:02][serveritem][give] matrob obtained 1 of секирахаоса (§4§lСекира Хаоса)
[10.06.2025 14:47:55][serveritem][give] Kirish_228 obtained 1 of шаротбр2 (§9§lШар Отбрасывания 2)
[10.06.2025 14:48:57][serveritem][give] Kirish_228 obtained 1 of шарздоровья2 (§d§lШар Здоровья 2)
[10.06.2025 14:50:37][serveritem][give] skibidi999222 obtained 1 of golovas4 (§5§lГолова Гарри-Поттера)
[10.06.2025 15:00:35][serveritem][give] whatthe obtained 1 of golovas4 (§5§lГолова Гарри-Поттера)
[10.06.2025 15:05:12][serveritem][give] barabulkaa5252 obtained 1 of шарздоровья3 (§d§lШар Здоровья 3)
[10.06.2025 15:13:39][serveritem][give] lera_mne_15let obtained 1 of golovas4 (§5§lГолова Гарри-Поттера)
[10.06.2025 15:16:11][serveritem][give] whatthe obtained 1 of шарскорки2 (§3§lШар Скорости 2)
[10.06.2025 15:16:32][serveritem][give] C040 obtained 1 of шарздоровья3 (§d§lШар Здоровья 3)
[10.06.2025 15:16:54][serveritem][give] 3000IQ_HA obtained 1 of golovas4 (§5§lГолова Гарри-Поттера)
[10.06.2025 15:24:27][serveritem][give] Ki1ir_s1k obtained 1 of шарздоровья3 (§d§lШар Здоровья 3)
[10.06.2025 15:24:28][serveritem][give] Ki1ir_s1k obtained 1 of шарздоровья3 (§d§lШар Здоровья 3)
[10.06.2025 15:25:47][serveritem][give] Ki1ir_s1k obtained 1 of шаршипа2 (§2§lШар Шипов 2)
[10.06.2025 15:36:07][serveritem][give] Eldar4308 obtained 1 of секирахаоса (§4§lСекира Хаоса)
[10.06.2025 15:48:13][serveritem][give] Eldar4308 obtained 1 of golovas1 (§e§lГолова Сема-Тарли)
[10.06.2025 15:55:04][serveritem][give] diikii1 obtained 1 of golovas4 (§5§lГолова Гарри-Поттера)
[10.06.2025 16:05:11][serveritem][give] AXMED4754 obtained 1 of секирахаоса (§4§lСекира Хаоса)
[10.06.2025 16:07:05][serveritem][give] IBlQKK8Aj obtained 1 of шарздоровья3 (§d§lШар Здоровья 3)
[10.06.2025 16:07:59][serveritem][give] C040 obtained 1 of шарздоровья1 (§d§lШар Здоровья 1)
[10.06.2025 16:08:34][serveritem][give] sigma777pro obtained 1 of шарскорки2 (§3§lШар Скорости 2)
[10.06.2025 16:08:54][serveritem][give] Wandavio000 obtained 1 of golovas1 (§e§lГолова Сема-Тарли)
[10.06.2025 16:09:01][serveritem][give] Ars_2087 obtained 1 of golovas3 (§6§l§nГэндальф)
[10.06.2025 16:18:36][serveritem][give] ne_bein_a_nefor1 obtained 1 of секирахаоса (§4§lСекира Хаоса)
[10.06.2025 16:18:44][serveritem][give] ne_bein_a_nefor1 obtained 1 of golovas4 (§5§lГолова Гарри-Поттера)
[10.06.2025 16:42:01][serveritem][give] Bezdarnost3044 obtained 1 of golovas2 (§b§lГолова Цири)
[10.06.2025 16:42:02][serveritem][give] Bezdarnost3044 obtained 1 of секирахаоса (§4§lСекира Хаоса)
[10.06.2025 16:45:28][serveritem][give] Bezdarnost3044 obtained 1 of шарскорки2 (§3§lШар Скорости 2)
[10.06.2025 16:50:51][serveritem][give] LAC_PERMP5 obtained 1 of шаршипа2 (§2§lШар Шипов 2)
[10.06.2025 16:50:55][serveritem][give] LAC_PERMP5 obtained 1 of шарскорки1 (§3§lШар Скорости 1)
[10.06.2025 16:55:23][serveritem][give] barab777 obtained 1 of golovas4 (§5§lГолова Гарри-Поттера)
[10.06.2025 16:55:24][serveritem][give] barab777 obtained 1 of golovas4 (§5§lГолова Гарри-Поттера)
[10.06.2025 16:57:18][serveritem][give] EgorE12345gg432 obtained 1 of секирахаоса (§4§lСекира Хаоса)
[10.06.2025 16:57:34][serveritem][give] artem1516 obtained 1 of шарздоровья1 (§d§lШар Здоровья 1)
[10.06.2025 16:59:02][serveritem][give] lera_mne_15let obtained 1 of golovas4 (§5§lГолова Гарри-Поттера)
[10.06.2025 17:31:45][serveritem][give] sosisochka_22867 obtained 1 of секирахаоса (§4§lСекира Хаоса)
[10.06.2025 17:34:24][serveritem][give] JBLOOD_RevengE obtained 1 of секирахаоса (§4§lСекира Хаоса)
[10.06.2025 17:52:18][serveritem][give] homak_v_torte234 obtained 1 of шарздоровья3 (§d§lШар Здоровья 3)
[10.06.2025 17:55:40][serveritem][give] mrdacter obtained 1 of шарздоровья2 (§d§lШар Здоровья 2)
[10.06.2025 18:01:10][serveritem][give] krekst obtained 1 of шарскорки2 (§3§lШар Скорости 2)
[10.06.2025 18:02:40][serveritem][give] 1nfinityLegend obtained 1 of шарскорки2 (§3§lШар Скорости 2)
[10.06.2025 18:36:11][serveritem][give] pedik_56887 obtained 1 of шарздоровья1 (§d§lШар Здоровья 1)
[10.06.2025 18:36:22][serveritem][give] monKe_puk obtained 1 of шарздоровья3 (§d§lШар Здоровья 3)
[10.06.2025 18:50:11][serveritem][give] barab777 obtained 1 of секирахаоса (§4§lСекира Хаоса)
[10.06.2025 18:50:19][serveritem][give] mrdacter obtained 1 of секирахаоса (§4§lСекира Хаоса)
[10.06.2025 18:56:01][serveritem][give] SpeedGlorus obtained 1 of golovas3 (§6§l§nГэндальф)
[10.06.2025 18:56:28][serveritem][give] LAC_PERMP6 obtained 1 of шарскорки2 (§3§lШар Скорости 2)
[10.06.2025 18:56:59][serveritem][give] TralaleTralala obtained 1 of шарскорки2 (§3§lШар Скорости 2)
[10.06.2025 18:57:17][serveritem][give] WOLF_FENIKS obtained 1 of шарскорки2 (§3§lШар Скорости 2)
[10.06.2025 18:57:21][serveritem][give] WOLF_FENIKS obtained 1 of шаршипа2 (§2§lШар Шипов 2)
[10.06.2025 18:58:34][serveritem][give] LAC_PERMP6 obtained 1 of шарскорки2 (§3§lШар Скорости 2)
[10.06.2025 19:00:12][serveritem][give] Artur1007 obtained 1 of шаршипа2 (§2§lШар Шипов 2)
[10.06.2025 19:00:20][serveritem][give] andreyka2000x obtained 1 of секирахаоса (§4§lСекира Хаоса)
[10.06.2025 19:00:21][serveritem][give] andreyka2000x obtained 1 of golovas4 (§5§lГолова Гарри-Поттера)
[10.06.2025 19:01:38][serveritem][give] zxcBANI_YTzxc obtained 1 of golovas4 (§5§lГолова Гарри-Поттера)
[10.06.2025 19:07:03][serveritem][give] hygar_1 obtained 1 of golovas4 (§5§lГолова Гарри-Поттера)
[10.06.2025 19:11:18][serveritem][give] Okroshka777 obtained 1 of шарскорки2 (§3§lШар Скорости 2)
[10.06.2025 19:15:54][serveritem][give] L1m0nz obtained 1 of golovas4 (§5§lГолова Гарри-Поттера)
[10.06.2025 19:16:42][serveritem][give] Itaromi obtained 1 of секирахаоса (§4§lСекира Хаоса)
[10.06.2025 19:33:47][serveritem][give] niks_v3 obtained 1 of golovas4 (§5§lГолова Гарри-Поттера)
[10.06.2025 19:34:24][serveritem][give] KeptGnat9284830 obtained 1 of golovas1 (§e§lГолова Сема-Тарли)
[10.06.2025 19:44:29][serveritem][give] ArtemaX2120120 obtained 1 of шарскорки1 (§3§lШар Скорости 1)
[10.06.2025 19:44:35][serveritem][give] _kot_pro9_ obtained 1 of golovas4 (§5§lГолова Гарри-Поттера)
[10.06.2025 19:46:15][serveritem][give] young11111 obtained 1 of golovas4 (§5§lГолова Гарри-Поттера)
[10.06.2025 19:47:43][serveritem][give] vetal999 obtained 1 of golovas4 (§5§lГолова Гарри-Поттера)
[10.06.2025 19:47:45][serveritem][give] vetal999 obtained 1 of секирахаоса (§4§lСекира Хаоса)
[10.06.2025 19:48:31][serveritem][give] young11111 obtained 1 of шарскорки2 (§3§lШар Скорости 2)
[10.06.2025 19:53:02][serveritem][give] Mr_kristallik obtained 1 of шарздоровья2 (§d§lШар Здоровья 2)
[10.06.2025 19:53:32][serveritem][give] mrdomerrrr83738 obtained 1 of шарздоровья1 (§d§lШар Здоровья 1)
[10.06.2025 19:57:37][serveritem][give] mrdomerrrr83738 obtained 1 of шарздоровья3 (§d§lШар Здоровья 3)
[10.06.2025 20:01:50][serveritem][give] 3000IQ_HA obtained 1 of golovas1 (§e§lГолова Сема-Тарли)
[10.06.2025 20:02:42][serveritem][give] BIGOLEG obtained 1 of шарскорки2 (§3§lШар Скорости 2)
[10.06.2025 20:05:33][serveritem][give] Vova_avtomehan obtained 1 of шарздоровья2 (§d§lШар Здоровья 2)
[10.06.2025 20:06:04][serveritem][give] rerere1234 obtained 1 of шаршипа2 (§2§lШар Шипов 2)
[10.06.2025 20:07:44][serveritem][give] uttutut obtained 1 of шарздоровья2 (§d§lШар Здоровья 2)
[10.06.2025 20:08:14][serveritem][give] rerere1234 obtained 1 of секирахаоса (§4§lСекира Хаоса)
[10.06.2025 20:11:40][serveritem][give] squad1x obtained 1 of golovas4 (§5§lГолова Гарри-Поттера)
[10.06.2025 20:11:40][serveritem][give] squad1x obtained 1 of golovas4 (§5§lГолова Гарри-Поттера)
[10.06.2025 20:13:00][serveritem][give] rerere1234 obtained 1 of секирахаоса (§4§lСекира Хаоса)
[10.06.2025 20:25:50][serveritem][give] AIRaconPsol08 obtained 1 of шарздоровья2 (§d§lШар Здоровья 2)
[10.06.2025 20:28:28][serveritem][give] yebok777 obtained 1 of golovas1 (§e§lГолова Сема-Тарли)
[10.06.2025 20:28:35][serveritem][give] yebok777 obtained 1 of шарскорки1 (§3§lШар Скорости 1)
[10.06.2025 20:30:45][serveritem][give] go_mef obtained 1 of секирахаоса (§4§lСекира Хаоса)
[10.06.2025 20:30:46][serveritem][give] go_mef obtained 1 of golovas4 (§5§lГолова Гарри-Поттера)
[10.06.2025 20:39:28][serveritem][give] mamashl obtained 1 of golovas1 (§e§lГолова Сема-Тарли)
[10.06.2025 20:40:08][serveritem][give] imsocrazy obtained 1 of golovas1 (§e§lГолова Сема-Тарли)
[10.06.2025 20:40:15][serveritem][give] imsocrazy obtained 1 of шарскорки2 (§3§lШар Скорости 2)
[10.06.2025 20:40:18][serveritem][give] imsocrazy obtained 1 of шарскорки2 (§3§lШар Скорости 2)
[10.06.2025 20:53:11][serveritem][give] liniums obtained 1 of шарскорки2 (§3§lШар Скорости 2)
[10.06.2025 21:22:22][serveritem][give] Stoian obtained 1 of golovas2 (§b§lГолова Цири)
[10.06.2025 22:03:39][serveritem][give] tirik obtained 1 of шарскорки2 (§3§lШар Скорости 2)
