[06.06.2025 00:58:48][serveritem][give] BishopTheBest2 obtained 1 of секирахаоса (§4§lСекира Хаоса)
[06.06.2025 02:04:40][serveritem][give] arte123m obtained 1 of секирахаоса (§4§lСекира Хаоса)
[06.06.2025 02:04:54][serveritem][give] arte123m obtained 1 of шарздоровья3 (§d§lШар Здоровья 3)
[06.06.2025 02:32:04][serveritem][give] ak1zack obtained 1 of шарздоровья2 (§d§lШар Здоровья 2)
[06.06.2025 03:54:05][serveritem][give] MrdadaadaDomer obtained 1 of шарздоровья3 (§d§lШар Здоровья 3)
[06.06.2025 03:54:06][serveritem][give] MrdadaadaDomer obtained 1 of шарскорки2 (§3§lШар Скорости 2)
[06.06.2025 03:54:13][serveritem][give] MrdadaadaDomer obtained 1 of шарздоровья1 (§d§lШар Здоровья 1)
[06.06.2025 04:53:22][serveritem][give] Qhxjrlmfafryb obtained 1 of golovas2 (§b§lГолова Цири)
[06.06.2025 04:53:24][serveritem][give] Qhxjrlmfafryb obtained 1 of секирахаоса (§4§lСекира Хаоса)
[06.06.2025 05:03:04][serveritem][give] ZxcDODsinazxc obtained 1 of секирахаоса (§4§lСекира Хаоса)
[06.06.2025 05:07:24][serveritem][give] ZxcDODsinazxc obtained 1 of шаротбр2 (§9§lШар Отбрасывания 2)
[06.06.2025 05:07:35][serveritem][give] skm_lol_koks obtained 1 of шарздоровья3 (§d§lШар Здоровья 3)
[06.06.2025 05:13:03][serveritem][give] arte123m obtained 1 of шарздоровья2 (§d§lШар Здоровья 2)
[06.06.2025 05:14:02][serveritem][give] arte123m obtained 1 of секирахаоса (§4§lСекира Хаоса)
[06.06.2025 05:17:36][serveritem][give] ZxcDODsinazxc obtained 1 of шарскорки2 (§3§lШар Скорости 2)
[06.06.2025 05:21:34][serveritem][give] yewf obtained 1 of секирахаоса (§4§lСекира Хаоса)
[06.06.2025 05:22:37][serveritem][give] yewf obtained 1 of шарздоровья3 (§d§lШар Здоровья 3)
[06.06.2025 05:25:40][serveritem][give] yewf obtained 1 of golovas4 (§5§lГолова Гарри-Поттера)
[06.06.2025 05:32:19][serveritem][give] pe7xy obtained 1 of шарздоровья2 (§d§lШар Здоровья 2)
[06.06.2025 05:33:15][serveritem][give] rampage obtained 1 of шарздоровья3 (§d§lШар Здоровья 3)
[06.06.2025 05:41:09][serveritem][give] MrZenyYT76 obtained 1 of шарздоровья2 (§d§lШар Здоровья 2)
[06.06.2025 05:53:05][serveritem][give] Gudljmywfwuatr obtained 1 of golovas4 (§5§lГолова Гарри-Поттера)
[06.06.2025 05:55:40][serveritem][give] eggmer obtained 1 of golovas4 (§5§lГолова Гарри-Поттера)
[06.06.2025 06:00:30][serveritem][give] DanyN23 obtained 1 of golovas4 (§5§lГолова Гарри-Поттера)
[06.06.2025 06:00:31][serveritem][give] DanyN23 obtained 1 of секирахаоса (§4§lСекира Хаоса)
[06.06.2025 06:18:11][serveritem][give] lasha1 obtained 1 of секирахаоса (§4§lСекира Хаоса)
[06.06.2025 06:20:35][serveritem][give] pe7xy obtained 1 of шарздоровья3 (§d§lШар Здоровья 3)
[06.06.2025 06:24:26][serveritem][give] rbhbkk20122012 obtained 1 of шаршипа2 (§2§lШар Шипов 2)
[06.06.2025 06:25:31][serveritem][give] MAGA8364 obtained 1 of golovas2 (§b§lГолова Цири)
[06.06.2025 06:26:02][serveritem][give] lasha1 obtained 1 of golovas4 (§5§lГолова Гарри-Поттера)
[06.06.2025 06:33:49][serveritem][give] pe7xy obtained 1 of шарздоровья3 (§d§lШар Здоровья 3)
[06.06.2025 06:48:45][serveritem][give] dadadasdasdsdsd obtained 1 of golovas1 (§e§lГолова Сема-Тарли)
[06.06.2025 06:51:42][serveritem][give] fotim233 obtained 1 of golovas4 (§5§lГолова Гарри-Поттера)
[06.06.2025 06:53:45][serveritem][give] MraZoTo4KA obtained 1 of golovas1 (§e§lГолова Сема-Тарли)
[06.06.2025 06:53:53][serveritem][give] MorkovkaZeny289 obtained 1 of golovas4 (§5§lГолова Гарри-Поттера)
[06.06.2025 06:56:01][serveritem][give] dfaw2 obtained 1 of секирахаоса (§4§lСекира Хаоса)
[06.06.2025 06:56:02][serveritem][give] dfaw2 obtained 1 of golovas4 (§5§lГолова Гарри-Поттера)
[06.06.2025 06:57:31][serveritem][give] TIMUR010715 obtained 1 of секирахаоса (§4§lСекира Хаоса)
[06.06.2025 06:58:54][serveritem][give] ZxcDODsinazxc obtained 1 of golovas2 (§b§lГолова Цири)
[06.06.2025 06:59:16][serveritem][give] ZxcDODsinazxc obtained 1 of секирахаоса (§4§lСекира Хаоса)
[06.06.2025 07:01:58][serveritem][give] asfdghdfghfgh obtained 1 of шарскорки2 (§3§lШар Скорости 2)
[06.06.2025 07:03:47][serveritem][give] ZxcDODsinazxc obtained 1 of секирахаоса (§4§lСекира Хаоса)
[06.06.2025 07:03:48][serveritem][give] ZxcDODsinazxc obtained 1 of golovas2 (§b§lГолова Цири)
[06.06.2025 07:13:51][serveritem][give] ZxcDODsinazxc obtained 1 of golovas4 (§5§lГолова Гарри-Поттера)
[06.06.2025 07:17:53][serveritem][give] pipiska obtained 1 of golovas3 (§6§l§nГэндальф)
[06.06.2025 07:17:56][serveritem][give] pipiska obtained 1 of секирахаоса (§4§lСекира Хаоса)
[06.06.2025 07:17:59][serveritem][give] pipiska obtained 1 of golovas4 (§5§lГолова Гарри-Поттера)
[06.06.2025 07:18:05][serveritem][give] pipiska obtained 1 of golovas1 (§e§lГолова Сема-Тарли)
[06.06.2025 07:21:10][serveritem][give] thegreatleo670 obtained 1 of golovas4 (§5§lГолова Гарри-Поттера)
[06.06.2025 07:25:14][serveritem][give] furmik1391 obtained 1 of golovas4 (§5§lГолова Гарри-Поттера)
[06.06.2025 07:29:00][serveritem][give] krekst obtained 1 of golovas4 (§5§lГолова Гарри-Поттера)
[06.06.2025 07:59:37][serveritem][give] krekst obtained 1 of golovas4 (§5§lГолова Гарри-Поттера)
[06.06.2025 08:02:00][serveritem][give] TIMUR010715 obtained 1 of шарздоровья3 (§d§lШар Здоровья 3)
[06.06.2025 08:06:59][serveritem][give] YukiX11 obtained 1 of шарздоровья3 (§d§lШар Здоровья 3)
[06.06.2025 09:01:49][serveritem][give] YTPLAYSANYA_123 obtained 1 of шарздоровья3 (§d§lШар Здоровья 3)
[06.06.2025 09:12:28][serveritem][give] ZxcDODsinazxc obtained 1 of секирахаоса (§4§lСекира Хаоса)
[06.06.2025 09:12:28][serveritem][give] ZxcDODsinazxc obtained 1 of golovas2 (§b§lГолова Цири)
[06.06.2025 09:21:46][serveritem][give] alush_uTT obtained 1 of секирахаоса (§4§lСекира Хаоса)
[06.06.2025 09:24:30][serveritem][give] Saetosi obtained 1 of секирахаоса (§4§lСекира Хаоса)
[06.06.2025 09:24:48][serveritem][give] sharik2024 obtained 1 of секирахаоса (§4§lСекира Хаоса)
[06.06.2025 09:26:33][serveritem][give] sharik2024 obtained 1 of golovas4 (§5§lГолова Гарри-Поттера)
[06.06.2025 09:27:11][serveritem][give] ppppprrrrf222 obtained 1 of секирахаоса (§4§lСекира Хаоса)
[06.06.2025 09:27:15][serveritem][give] ppppprrrrf222 obtained 1 of golovas4 (§5§lГолова Гарри-Поттера)
[06.06.2025 09:37:39][serveritem][give] SwagTimoha obtained 1 of golovas4 (§5§lГолова Гарри-Поттера)
[06.06.2025 10:01:48][serveritem][give] ROCKY228785 obtained 1 of секирахаоса (§4§lСекира Хаоса)
[06.06.2025 10:38:53][serveritem][give] sosr3333 obtained 1 of шарздоровья3 (§d§lШар Здоровья 3)
[06.06.2025 10:42:00][serveritem][give] WIP12315 obtained 1 of секирахаоса (§4§lСекира Хаоса)
[06.06.2025 10:49:21][serveritem][give] Ars_2087 obtained 1 of шарздоровья3 (§d§lШар Здоровья 3)
[06.06.2025 10:58:19][serveritem][give] BekaSama9180 obtained 1 of golovas3 (§6§l§nГэндальф)
[06.06.2025 11:02:30][serveritem][give] Archikys obtained 1 of golovas4 (§5§lГолова Гарри-Поттера)
[06.06.2025 11:05:32][serveritem][give] NOSO4K obtained 1 of golovas4 (§5§lГолова Гарри-Поттера)
[06.06.2025 11:11:08][serveritem][give] ffffufz obtained 1 of golovas4 (§5§lГолова Гарри-Поттера)
[06.06.2025 11:14:35][serveritem][give] skm_lol_koks obtained 1 of golovas1 (§e§lГолова Сема-Тарли)
[06.06.2025 11:14:50][serveritem][give] skm_lol_koks obtained 1 of секирахаоса (§4§lСекира Хаоса)
[06.06.2025 11:14:54][serveritem][give] skm_lol_koks obtained 1 of golovas1 (§e§lГолова Сема-Тарли)
[06.06.2025 11:16:27][serveritem][give] llyryfeeeeeu obtained 1 of шарздоровья3 (§d§lШар Здоровья 3)
[06.06.2025 11:17:36][serveritem][give] ladno123 obtained 1 of golovas4 (§5§lГолова Гарри-Поттера)
[06.06.2025 11:18:31][serveritem][give] ladno123 obtained 1 of секирахаоса (§4§lСекира Хаоса)
[06.06.2025 11:24:29][serveritem][give] llyryfeeeeeu obtained 1 of секирахаоса (§4§lСекира Хаоса)
[06.06.2025 11:25:06][serveritem][give] llyryfeeeeeu obtained 1 of golovas1 (§e§lГолова Сема-Тарли)
[06.06.2025 11:26:50][serveritem][give] ladno123 obtained 1 of golovas4 (§5§lГолова Гарри-Поттера)
[06.06.2025 11:28:58][serveritem][give] ladno123 obtained 1 of секирахаоса (§4§lСекира Хаоса)
[06.06.2025 11:33:11][serveritem][give] B3LOMAL_CASICC obtained 1 of golovas4 (§5§lГолова Гарри-Поттера)
[06.06.2025 11:54:46][serveritem][give] 1WanttoTheDk obtained 1 of golovas4 (§5§lГолова Гарри-Поттера)
[06.06.2025 11:56:26][serveritem][give] isef obtained 1 of golovas4 (§5§lГолова Гарри-Поттера)
[06.06.2025 11:56:27][serveritem][give] isef obtained 1 of golovas3 (§6§l§nГэндальф)
[06.06.2025 11:56:29][serveritem][give] KYLER_2288 obtained 1 of golovas4 (§5§lГолова Гарри-Поттера)
[06.06.2025 12:00:11][serveritem][give] sharik2024 obtained 1 of golovas4 (§5§lГолова Гарри-Поттера)
[06.06.2025 12:00:29][serveritem][give] hajimurad obtained 1 of golovas3 (§6§l§nГэндальф)
[06.06.2025 12:08:17][serveritem][give] GooderPlayer obtained 1 of шарздоровья3 (§d§lШар Здоровья 3)
[06.06.2025 12:18:44][serveritem][give] izkiclpvp obtained 1 of golovas4 (§5§lГолова Гарри-Поттера)
[06.06.2025 12:26:26][serveritem][give] KYLER_1488 obtained 1 of golovas4 (§5§lГолова Гарри-Поттера)
[06.06.2025 12:33:36][serveritem][give] eewgd obtained 1 of golovas4 (§5§lГолова Гарри-Поттера)
[06.06.2025 12:39:33][serveritem][give] izkiclpvp obtained 1 of golovas4 (§5§lГолова Гарри-Поттера)
[06.06.2025 12:51:27][serveritem][give] Rost15 obtained 1 of шарздоровья3 (§d§lШар Здоровья 3)
[06.06.2025 12:53:38][serveritem][give] zxcP4nd4__ obtained 1 of секирахаоса (§4§lСекира Хаоса)
[06.06.2025 12:53:38][serveritem][give] zxcP4nd4__ obtained 1 of golovas2 (§b§lГолова Цири)
[06.06.2025 12:53:39][serveritem][give] zxcP4nd4__ obtained 1 of golovas4 (§5§lГолова Гарри-Поттера)
[06.06.2025 12:53:40][serveritem][give] zxcP4nd4__ obtained 1 of секирахаоса (§4§lСекира Хаоса)
[06.06.2025 13:10:45][serveritem][give] RU_4ur0r4YT obtained 1 of шарскорки2 (§3§lШар Скорости 2)
[06.06.2025 13:10:49][serveritem][give] RU_4ur0r4YT obtained 1 of golovas1 (§e§lГолова Сема-Тарли)
[06.06.2025 13:12:00][serveritem][give] syn_ko_Pra851 obtained 1 of golovas1 (§e§lГолова Сема-Тарли)
[06.06.2025 13:12:05][serveritem][give] syn_ko_Pra851 obtained 1 of шарскорки2 (§3§lШар Скорости 2)
[06.06.2025 13:18:39][serveritem][give] exsidedid obtained 1 of секирахаоса (§4§lСекира Хаоса)
[06.06.2025 13:26:04][serveritem][give] Rost15 obtained 1 of шарскорки1 (§3§lШар Скорости 1)
[06.06.2025 13:34:48][serveritem][give] _markizz_ obtained 1 of golovas4 (§5§lГолова Гарри-Поттера)
[06.06.2025 13:35:03][serveritem][give] _markizz_ obtained 1 of секирахаоса (§4§lСекира Хаоса)
[06.06.2025 13:41:20][serveritem][give] PancilOMathew078 obtained 1 of golovas4 (§5§lГолова Гарри-Поттера)
[06.06.2025 13:49:38][serveritem][give] valerkaval obtained 1 of секирахаоса (§4§lСекира Хаоса)
[06.06.2025 13:49:38][serveritem][give] valerkaval obtained 1 of секирахаоса (§4§lСекира Хаоса)
[06.06.2025 14:00:05][serveritem][give] vveeeeeeee2 obtained 1 of golovas3 (§6§l§nГэндальф)
[06.06.2025 14:03:13][serveritem][give] Sonderp3 obtained 1 of golovas4 (§5§lГолова Гарри-Поттера)
[06.06.2025 14:05:49][serveritem][give] darkbgdwg0 obtained 1 of шарскорки2 (§3§lШар Скорости 2)
[06.06.2025 14:21:05][serveritem][give] newlegend10 obtained 1 of шаротбр2 (§9§lШар Отбрасывания 2)
[06.06.2025 14:24:08][serveritem][give] FlamingMammoth69 obtained 1 of шарздоровья3 (§d§lШар Здоровья 3)
[06.06.2025 14:29:02][serveritem][give] Blade_man obtained 1 of golovas1 (§e§lГолова Сема-Тарли)
[06.06.2025 14:29:19][serveritem][give] Blade_man obtained 1 of golovas1 (§e§lГолова Сема-Тарли)
[06.06.2025 14:30:19][serveritem][give] CTMM obtained 1 of шарздоровья3 (§d§lШар Здоровья 3)
[06.06.2025 14:31:12][serveritem][give] izkiclpvp obtained 1 of секирахаоса (§4§lСекира Хаоса)
[06.06.2025 14:37:34][serveritem][give] X_wenter obtained 1 of шарздоровья3 (§d§lШар Здоровья 3)
[06.06.2025 14:37:54][serveritem][give] 1212Ivanchik obtained 1 of шарздоровья3 (§d§lШар Здоровья 3)
[06.06.2025 14:38:05][serveritem][give] sasha_apple2012 obtained 1 of шарздоровья3 (§d§lШар Здоровья 3)
[06.06.2025 14:38:17][serveritem][give] X_wenter obtained 1 of секирахаоса (§4§lСекира Хаоса)
[06.06.2025 14:38:35][serveritem][give] lochka obtained 1 of golovas4 (§5§lГолова Гарри-Поттера)
[06.06.2025 14:41:04][serveritem][give] Maria29 obtained 1 of шарздоровья3 (§d§lШар Здоровья 3)
[06.06.2025 14:50:03][serveritem][give] lochka obtained 1 of секирахаоса (§4§lСекира Хаоса)
[06.06.2025 14:50:03][serveritem][give] lochka obtained 1 of golovas4 (§5§lГолова Гарри-Поттера)
[06.06.2025 14:51:27][serveritem][give] 1212Ivanchik obtained 1 of шарздоровья2 (§d§lШар Здоровья 2)
[06.06.2025 14:51:43][serveritem][give] 1212Ivanchik obtained 1 of шарздоровья2 (§d§lШар Здоровья 2)
[06.06.2025 14:51:59][serveritem][give] 1212Ivanchik obtained 1 of шарздоровья2 (§d§lШар Здоровья 2)
[06.06.2025 14:52:12][serveritem][give] 1WanttoTheDk obtained 1 of golovas4 (§5§lГолова Гарри-Поттера)
[06.06.2025 14:52:12][serveritem][give] 1WanttoTheDk obtained 1 of секирахаоса (§4§lСекира Хаоса)
[06.06.2025 14:52:20][serveritem][give] CTMM obtained 1 of секирахаоса (§4§lСекира Хаоса)
[06.06.2025 14:52:38][serveritem][give] wergrht399 obtained 1 of шарздоровья3 (§d§lШар Здоровья 3)
[06.06.2025 14:59:52][serveritem][give] Eldar430444 obtained 1 of секирахаоса (§4§lСекира Хаоса)
[06.06.2025 15:00:09][serveritem][give] Eldar430444 obtained 1 of golovas1 (§e§lГолова Сема-Тарли)
[06.06.2025 15:01:58][serveritem][give] Lol_228 obtained 1 of шаршипа2 (§2§lШар Шипов 2)
[06.06.2025 15:08:25][serveritem][give] Eldar430444 obtained 1 of шарздоровья3 (§d§lШар Здоровья 3)
[06.06.2025 15:10:46][serveritem][give] Afk220 obtained 1 of шарздоровья2 (§d§lШар Здоровья 2)
[06.06.2025 15:11:37][serveritem][give] ezz obtained 1 of golovas1 (§e§lГолова Сема-Тарли)
[06.06.2025 15:11:38][serveritem][give] ezz obtained 1 of golovas1 (§e§lГолова Сема-Тарли)
[06.06.2025 15:14:11][serveritem][give] ttttt8899dsfs obtained 1 of секирахаоса (§4§lСекира Хаоса)
[06.06.2025 15:14:13][serveritem][give] ttttt8899dsfs obtained 1 of golovas4 (§5§lГолова Гарри-Поттера)
[06.06.2025 15:14:14][serveritem][give] ttttt8899dsfs obtained 1 of golovas4 (§5§lГолова Гарри-Поттера)
[06.06.2025 15:14:18][serveritem][give] ttttt8899dsfs obtained 1 of golovas3 (§6§l§nГэндальф)
[06.06.2025 15:15:40][serveritem][give] zzz124 obtained 1 of шаротбр2 (§9§lШар Отбрасывания 2)
[06.06.2025 15:21:09][serveritem][give] gggggggggggggggl obtained 1 of секирахаоса (§4§lСекира Хаоса)
[06.06.2025 15:21:09][serveritem][give] h0ur8 obtained 1 of секирахаоса (§4§lСекира Хаоса)
[06.06.2025 15:23:25][serveritem][give] ladno123 obtained 1 of golovas4 (§5§lГолова Гарри-Поттера)
[06.06.2025 15:26:17][serveritem][give] TamaRa_BysTeR obtained 1 of golovas4 (§5§lГолова Гарри-Поттера)
[06.06.2025 15:26:18][serveritem][give] TamaRa_BysTeR obtained 1 of golovas4 (§5§lГолова Гарри-Поттера)
[06.06.2025 15:26:35][serveritem][give] anon228 obtained 1 of шарздоровья3 (§d§lШар Здоровья 3)
[06.06.2025 15:30:16][serveritem][give] dedrun obtained 1 of шарздоровья1 (§d§lШар Здоровья 1)
[06.06.2025 15:32:16][serveritem][give] bobo_gg_guys obtained 1 of golovas1 (§e§lГолова Сема-Тарли)
[06.06.2025 15:32:17][serveritem][give] bobo_gg_guys obtained 1 of секирахаоса (§4§lСекира Хаоса)
[06.06.2025 15:36:52][serveritem][give] KLauncher_hobaad obtained 1 of секирахаоса (§4§lСекира Хаоса)
[06.06.2025 15:36:53][serveritem][give] Eldar430444 obtained 1 of шаршипа2 (§2§lШар Шипов 2)
[06.06.2025 15:38:47][serveritem][give] Tvink_VETERA obtained 1 of golovas1 (§e§lГолова Сема-Тарли)
[06.06.2025 15:43:34][serveritem][give] Tvink_VETERA obtained 1 of golovas2 (§b§lГолова Цири)
[06.06.2025 15:44:17][serveritem][give] Strick_moon obtained 1 of golovas4 (§5§lГолова Гарри-Поттера)
[06.06.2025 15:48:29][serveritem][give] izkiclpvp obtained 1 of golovas4 (§5§lГолова Гарри-Поттера)
[06.06.2025 15:50:52][serveritem][give] IIuoner_Hrushka obtained 1 of секирахаоса (§4§lСекира Хаоса)
[06.06.2025 15:53:26][serveritem][give] Eldar4304 obtained 1 of шарздоровья3 (§d§lШар Здоровья 3)
[06.06.2025 15:58:23][serveritem][give] Philipp11 obtained 1 of golovas3 (§6§l§nГэндальф)
[06.06.2025 15:59:51][serveritem][give] 55813 obtained 1 of шарздоровья3 (§d§lШар Здоровья 3)
[06.06.2025 16:00:14][serveritem][give] kkkVovaZoriy14 obtained 1 of секирахаоса (§4§lСекира Хаоса)
[06.06.2025 16:03:34][serveritem][give] kkkVovaZoriy14 obtained 1 of шарскорки2 (§3§lШар Скорости 2)
[06.06.2025 16:07:13][serveritem][give] gomojuwe334 obtained 1 of секирахаоса (§4§lСекира Хаоса)
[06.06.2025 16:09:27][serveritem][give] 71sha obtained 1 of секирахаоса (§4§lСекира Хаоса)
[06.06.2025 16:12:20][serveritem][give] 71sha obtained 1 of секирахаоса (§4§lСекира Хаоса)
[06.06.2025 16:15:35][serveritem][give] 71sha obtained 1 of секирахаоса (§4§lСекира Хаоса)
[06.06.2025 16:24:48][serveritem][give] ladno123 obtained 1 of golovas4 (§5§lГолова Гарри-Поттера)
[06.06.2025 16:29:14][serveritem][give] Eldar4304 obtained 1 of golovas2 (§b§lГолова Цири)
[06.06.2025 16:30:15][serveritem][give] bob_bab5555 obtained 1 of golovas1 (§e§lГолова Сема-Тарли)
[06.06.2025 16:32:49][serveritem][give] 71sha obtained 1 of секирахаоса (§4§lСекира Хаоса)
[06.06.2025 16:33:53][serveritem][give] mavo obtained 1 of golovas4 (§5§lГолова Гарри-Поттера)
[06.06.2025 16:35:12][serveritem][give] 71sha obtained 1 of секирахаоса (§4§lСекира Хаоса)
[06.06.2025 16:39:41][serveritem][give] KLauncher_hobaad obtained 1 of golovas1 (§e§lГолова Сема-Тарли)
[06.06.2025 16:46:14][serveritem][give] ladno123 obtained 1 of golovas4 (§5§lГолова Гарри-Поттера)
[06.06.2025 16:54:01][serveritem][give] Develish54 obtained 1 of golovas4 (§5§lГолова Гарри-Поттера)
[06.06.2025 16:54:14][serveritem][give] Eldar4304 obtained 1 of секирахаоса (§4§lСекира Хаоса)
[06.06.2025 16:54:18][serveritem][give] Develish54 obtained 1 of golovas1 (§e§lГолова Сема-Тарли)
[06.06.2025 16:54:19][serveritem][give] Eldar4304 obtained 1 of golovas4 (§5§lГолова Гарри-Поттера)
[06.06.2025 17:03:00][serveritem][give] TortikStp obtained 1 of golovas4 (§5§lГолова Гарри-Поттера)
[06.06.2025 17:03:01][serveritem][give] TortikStp obtained 1 of golovas4 (§5§lГолова Гарри-Поттера)
[06.06.2025 17:15:01][serveritem][give] conque obtained 1 of golovas3 (§6§l§nГэндальф)
[06.06.2025 17:18:06][serveritem][give] Fyrass obtained 1 of секирахаоса (§4§lСекира Хаоса)
[06.06.2025 17:31:31][serveritem][give] weaksy19 obtained 1 of шарздоровья1 (§d§lШар Здоровья 1)
[06.06.2025 17:33:19][serveritem][give] weaksy19 obtained 1 of шарздоровья3 (§d§lШар Здоровья 3)
[06.06.2025 17:33:24][serveritem][give] weaksy19 obtained 1 of шаршипа2 (§2§lШар Шипов 2)
[06.06.2025 17:44:23][serveritem][give] VARDIK obtained 1 of секирахаоса (§4§lСекира Хаоса)
[06.06.2025 17:46:48][serveritem][give] Qwwiz1xx obtained 1 of golovas4 (§5§lГолова Гарри-Поттера)
[06.06.2025 17:59:47][serveritem][give] Rost15 obtained 1 of шарскорки2 (§3§lШар Скорости 2)
[06.06.2025 18:01:34][serveritem][give] AndreyKA2222 obtained 1 of шарздоровья3 (§d§lШар Здоровья 3)
[06.06.2025 18:20:45][serveritem][give] barabulkaa5252 obtained 1 of шарздоровья3 (§d§lШар Здоровья 3)
[06.06.2025 18:24:40][serveritem][give] pozor100k obtained 1 of golovas4 (§5§lГолова Гарри-Поттера)
[06.06.2025 18:24:52][serveritem][give] pozor100k obtained 1 of golovas1 (§e§lГолова Сема-Тарли)
[06.06.2025 18:26:08][serveritem][give] pozor100k obtained 1 of шарскорки2 (§3§lШар Скорости 2)
[06.06.2025 18:26:08][serveritem][give] pozor100k obtained 1 of шарскорки2 (§3§lШар Скорости 2)
[06.06.2025 18:34:00][serveritem][give] tartagila obtained 1 of golovas1 (§e§lГолова Сема-Тарли)
[06.06.2025 18:37:25][serveritem][give] AndreyKA2222 obtained 1 of шарздоровья1 (§d§lШар Здоровья 1)
[06.06.2025 18:40:52][serveritem][give] wergrht399 obtained 1 of шарздоровья3 (§d§lШар Здоровья 3)
[06.06.2025 18:50:48][serveritem][give] barabulkaa5252 obtained 1 of шарскорки2 (§3§lШар Скорости 2)
[06.06.2025 18:55:20][serveritem][give] starc123456 obtained 1 of golovas4 (§5§lГолова Гарри-Поттера)
[06.06.2025 18:58:46][serveritem][give] soundOfficial obtained 1 of golovas4 (§5§lГолова Гарри-Поттера)
[06.06.2025 19:05:03][serveritem][give] KirikPro2222 obtained 1 of шарздоровья1 (§d§lШар Здоровья 1)
[06.06.2025 19:08:18][serveritem][give] Bezdarnost3044 obtained 1 of шарскорки2 (§3§lШар Скорости 2)
[06.06.2025 19:17:24][serveritem][give] ytsoft obtained 1 of golovas4 (§5§lГолова Гарри-Поттера)
[06.06.2025 19:20:56][serveritem][give] garaste obtained 1 of шарскорки2 (§3§lШар Скорости 2)
[06.06.2025 19:21:45][serveritem][give] garaste obtained 1 of golovas4 (§5§lГолова Гарри-Поттера)
[06.06.2025 19:21:49][serveritem][give] garaste obtained 1 of секирахаоса (§4§lСекира Хаоса)
[06.06.2025 19:21:50][serveritem][give] starc123456 obtained 1 of golovas3 (§6§l§nГэндальф)
[06.06.2025 19:23:01][serveritem][give] garaste obtained 1 of golovas3 (§6§l§nГэндальф)
[06.06.2025 19:25:18][serveritem][give] ShadowPirst obtained 1 of шарздоровья3 (§d§lШар Здоровья 3)
[06.06.2025 19:37:59][serveritem][give] BaSiKaot obtained 1 of golovas4 (§5§lГолова Гарри-Поттера)
[06.06.2025 19:42:54][serveritem][give] koshmar_topera obtained 1 of шарздоровья3 (§d§lШар Здоровья 3)
[06.06.2025 19:44:25][serveritem][give] saik obtained 1 of golovas4 (§5§lГолова Гарри-Поттера)
[06.06.2025 19:50:12][serveritem][give] 71sha obtained 1 of секирахаоса (§4§lСекира Хаоса)
[06.06.2025 20:05:50][serveritem][give] Muuuph obtained 1 of golovas1 (§e§lГолова Сема-Тарли)
[06.06.2025 20:05:59][serveritem][give] Muuuph obtained 1 of шарскорки2 (§3§lШар Скорости 2)
[06.06.2025 20:08:22][serveritem][give] wiscas_bebrica obtained 1 of секирахаоса (§4§lСекира Хаоса)
[06.06.2025 20:12:32][serveritem][give] asdasfazxxcx obtained 1 of golovas1 (§e§lГолова Сема-Тарли)
[06.06.2025 20:12:35][serveritem][give] asdasfazxxcx obtained 1 of шарскорки2 (§3§lШар Скорости 2)
[06.06.2025 20:14:59][serveritem][give] Muuuph obtained 1 of шарздоровья3 (§d§lШар Здоровья 3)
[06.06.2025 20:16:28][serveritem][give] leraDDD777 obtained 1 of golovas4 (§5§lГолова Гарри-Поттера)
[06.06.2025 20:29:16][serveritem][give] nokia77 obtained 1 of golovas4 (§5§lГолова Гарри-Поттера)
[06.06.2025 20:31:44][serveritem][give] nokia77 obtained 1 of golovas4 (§5§lГолова Гарри-Поттера)
[06.06.2025 20:33:00][serveritem][give] vtf45tfd obtained 1 of golovas1 (§e§lГолова Сема-Тарли)
[06.06.2025 20:36:41][serveritem][give] nokia77 obtained 1 of golovas4 (§5§lГолова Гарри-Поттера)
[06.06.2025 20:44:02][serveritem][give] fhdhrjdj obtained 1 of шарскорки2 (§3§lШар Скорости 2)
[06.06.2025 20:45:57][serveritem][give] Muuuph obtained 1 of шарскорки2 (§3§lШар Скорости 2)
[06.06.2025 20:57:06][serveritem][give] 1nfinityLegend obtained 1 of шарскорки2 (§3§lШар Скорости 2)
[06.06.2025 21:00:24][serveritem][give] ShadowPirst obtained 1 of golovas1 (§e§lГолова Сема-Тарли)
[06.06.2025 21:11:59][serveritem][give] vizivalamagnit obtained 1 of golovas2 (§b§lГолова Цири)
[06.06.2025 21:35:13][serveritem][give] hfghdggg obtained 1 of golovas1 (§e§lГолова Сема-Тарли)
[06.06.2025 21:47:35][serveritem][give] vena4670 obtained 1 of golovas4 (§5§lГолова Гарри-Поттера)
[06.06.2025 21:47:36][serveritem][give] vena4670 obtained 1 of golovas2 (§b§lГолова Цири)
[06.06.2025 21:47:38][serveritem][give] vena4670 obtained 1 of golovas3 (§6§l§nГэндальф)
[06.06.2025 21:47:47][serveritem][give] vena4670 obtained 1 of шарздоровья1 (§d§lШар Здоровья 1)
[06.06.2025 23:37:54][serveritem][give] badabyn417y obtained 1 of секирахаоса (§4§lСекира Хаоса)
[06.06.2025 23:53:20][serveritem][give] telepys obtained 1 of секирахаоса (§4§lСекира Хаоса)
[06.06.2025 23:58:27][serveritem][give] NBA_qwe obtained 1 of шарскорки2 (§3§lШар Скорости 2)
