[20.05.2025 01:05:30][serveritem][give] DOoMERYAshki12 obtained 1 of секирахаоса (§4§lСекира Хаоса)
[20.05.2025 01:05:31][serveritem][give] DOoMERYAshki12 obtained 1 of секирахаоса (§4§lСекира Хаоса)
[20.05.2025 01:06:32][serveritem][give] DOoMERYAshki12 obtained 1 of golovas4 (§5§lГолова Гарри-Поттера)
[20.05.2025 01:06:34][serveritem][give] DOoMERYAshki12 obtained 1 of golovas4 (§5§lГолова Гарри-Поттера)
[20.05.2025 01:59:38][serveritem][give] serega2007228 obtained 1 of секирахаоса (§4§lСекира Хаоса)
[20.05.2025 02:23:48][serveritem][give] kaizbub16 obtained 1 of шарскорки2 (§3§lШар Скорости 2)
[20.05.2025 03:22:02][serveritem][give] XdeadForlolkatg obtained 1 of шарскорки2 (§3§lШар Скорости 2)
[20.05.2025 04:08:05][serveritem][give] Bronze_5182 obtained 1 of шарскорки2 (§3§lШар Скорости 2)
[20.05.2025 04:25:12][serveritem][give] gega94572 obtained 1 of шарскорки2 (§3§lШар Скорости 2)
[20.05.2025 04:27:22][serveritem][give] Lp1xx obtained 1 of golovas4 (§5§lГолова Гарри-Поттера)
[20.05.2025 04:41:00][serveritem][give] XdeadForlolkatg obtained 1 of шарскорки1 (§3§lШар Скорости 1)
[20.05.2025 04:56:24][serveritem][give] AnonimYT52 obtained 1 of шарскорки2 (§3§lШар Скорости 2)
[20.05.2025 05:14:48][serveritem][give] emo254 obtained 1 of шарздоровья3 (§d§lШар Здоровья 3)
[20.05.2025 05:32:36][serveritem][give] PiroJokeNoJoke obtained 1 of golovas1 (§e§lГолова Сема-Тарли)
[20.05.2025 05:38:08][serveritem][give] YTPLAYSANYA_123 obtained 1 of golovas1 (§e§lГолова Сема-Тарли)
[20.05.2025 05:38:13][serveritem][give] YTPLAYSANYA_123 obtained 1 of шарскорки2 (§3§lШар Скорости 2)
[20.05.2025 05:54:10][serveritem][give] bronze5181 obtained 1 of секирахаоса (§4§lСекира Хаоса)
[20.05.2025 05:57:35][serveritem][give] ttr1tyyyy obtained 1 of шарздоровья2 (§d§lШар Здоровья 2)
[20.05.2025 05:58:53][serveritem][give] ttr1tyyyy obtained 1 of шарздоровья2 (§d§lШар Здоровья 2)
[20.05.2025 05:58:53][serveritem][give] ttr1tyyyy obtained 1 of шарздоровья2 (§d§lШар Здоровья 2)
[20.05.2025 06:03:01][serveritem][give] blbrik3 obtained 1 of шаршипа2 (§2§lШар Шипов 2)
[20.05.2025 06:12:22][serveritem][give] AdminDontCheater obtained 1 of секирахаоса (§4§lСекира Хаоса)
[20.05.2025 06:17:12][serveritem][give] AdminDontCheater obtained 1 of секирахаоса (§4§lСекира Хаоса)
[20.05.2025 06:27:40][serveritem][give] Aloeee1337 obtained 1 of golovas1 (§e§lГолова Сема-Тарли)
[20.05.2025 06:27:41][serveritem][give] Aloeee1337 obtained 1 of golovas4 (§5§lГолова Гарри-Поттера)
[20.05.2025 06:33:31][serveritem][give] or4ng3FayeSlif7 obtained 1 of шарздоровья1 (§d§lШар Здоровья 1)
[20.05.2025 06:36:15][serveritem][give] PiroJokeNoJoke obtained 1 of golovas4 (§5§lГолова Гарри-Поттера)
[20.05.2025 06:52:17][serveritem][give] Polina98334pp obtained 1 of golovas4 (§5§lГолова Гарри-Поттера)
[20.05.2025 06:59:22][serveritem][give] IvanKot obtained 1 of golovas4 (§5§lГолова Гарри-Поттера)
[20.05.2025 07:12:08][serveritem][give] ttr1tyyyy obtained 1 of шарздоровья2 (§d§lШар Здоровья 2)
[20.05.2025 07:12:08][serveritem][give] ttr1tyyyy obtained 1 of шарздоровья2 (§d§lШар Здоровья 2)
[20.05.2025 07:12:11][serveritem][give] ttr1tyyyy obtained 1 of шарздоровья2 (§d§lШар Здоровья 2)
[20.05.2025 07:15:15][serveritem][give] NewUserIOzJv obtained 1 of golovas4 (§5§lГолова Гарри-Поттера)
[20.05.2025 07:16:11][serveritem][give] ttr1tyyyy obtained 1 of шарздоровья1 (§d§lШар Здоровья 1)
[20.05.2025 07:16:11][serveritem][give] ttr1tyyyy obtained 1 of шарздоровья1 (§d§lШар Здоровья 1)
[20.05.2025 07:22:59][serveritem][give] darhan3909 obtained 1 of golovas4 (§5§lГолова Гарри-Поттера)
[20.05.2025 07:30:09][serveritem][give] udlkpop obtained 1 of golovas1 (§e§lГолова Сема-Тарли)
[20.05.2025 07:55:03][serveritem][give] vanygra3 obtained 1 of golovas3 (§6§l§nГэндальф)
[20.05.2025 08:15:26][serveritem][give] uoy_tanc obtained 1 of шаршипа2 (§2§lШар Шипов 2)
[20.05.2025 08:33:39][serveritem][give] Bertuweskr obtained 1 of секирахаоса (§4§lСекира Хаоса)
[20.05.2025 08:44:41][serveritem][give] Hulkit obtained 1 of golovas1 (§e§lГолова Сема-Тарли)
[20.05.2025 08:53:25][serveritem][give] seXZukiu obtained 1 of шарздоровья3 (§d§lШар Здоровья 3)
[20.05.2025 08:53:30][serveritem][give] seXZukiu obtained 1 of шарздоровья3 (§d§lШар Здоровья 3)
[20.05.2025 08:53:43][serveritem][give] seXZukiu obtained 1 of шарздоровья3 (§d§lШар Здоровья 3)
[20.05.2025 08:54:08][serveritem][give] neser00 obtained 1 of golovas1 (§e§lГолова Сема-Тарли)
[20.05.2025 08:56:28][serveritem][give] neser00 obtained 1 of golovas4 (§5§lГолова Гарри-Поттера)
[20.05.2025 09:04:49][serveritem][give] sanchousskim obtained 1 of секирахаоса (§4§lСекира Хаоса)
[20.05.2025 09:09:44][serveritem][give] VanBeanya obtained 1 of golovas1 (§e§lГолова Сема-Тарли)
[20.05.2025 09:10:52][serveritem][give] DaniL_123GG obtained 1 of golovas3 (§6§l§nГэндальф)
[20.05.2025 09:10:56][serveritem][give] Huritage obtained 1 of секирахаоса (§4§lСекира Хаоса)
[20.05.2025 09:20:54][serveritem][give] deniskaroblox obtained 1 of шарздоровья3 (§d§lШар Здоровья 3)
[20.05.2025 09:23:37][serveritem][give] 22Astro obtained 1 of секирахаоса (§4§lСекира Хаоса)
[20.05.2025 09:27:26][serveritem][give] 22Astro obtained 1 of golovas4 (§5§lГолова Гарри-Поттера)
[20.05.2025 09:29:45][serveritem][give] 22Astro obtained 1 of golovas4 (§5§lГолова Гарри-Поттера)
[20.05.2025 09:34:26][serveritem][give] 22Astro obtained 1 of секирахаоса (§4§lСекира Хаоса)
[20.05.2025 09:37:33][serveritem][give] 22Astro obtained 1 of golovas1 (§e§lГолова Сема-Тарли)
[20.05.2025 09:46:03][serveritem][give] DaniL_123GG obtained 1 of секирахаоса (§4§lСекира Хаоса)
[20.05.2025 09:46:05][serveritem][give] DaniL_123GG obtained 1 of golovas4 (§5§lГолова Гарри-Поттера)
[20.05.2025 09:56:51][serveritem][give] SvintusProkol obtained 1 of golovas3 (§6§l§nГэндальф)
[20.05.2025 10:02:45][serveritem][give] makaro662 obtained 1 of golovas3 (§6§l§nГэндальф)
[20.05.2025 10:03:29][serveritem][give] 0_Robby_0 obtained 1 of шарскорки2 (§3§lШар Скорости 2)
[20.05.2025 10:03:30][serveritem][give] 22Astro obtained 1 of секирахаоса (§4§lСекира Хаоса)
[20.05.2025 10:03:37][serveritem][give] nosok566 obtained 1 of секирахаоса (§4§lСекира Хаоса)
[20.05.2025 10:05:48][serveritem][give] nosok566 obtained 1 of шарздоровья2 (§d§lШар Здоровья 2)
[20.05.2025 10:06:39][serveritem][give] 22Astro obtained 1 of golovas4 (§5§lГолова Гарри-Поттера)
[20.05.2025 10:07:21][serveritem][give] 22Astro obtained 1 of секирахаоса (§4§lСекира Хаоса)
[20.05.2025 10:19:34][serveritem][give] Lexa132021 obtained 1 of шарздоровья2 (§d§lШар Здоровья 2)
[20.05.2025 10:21:54][serveritem][give] DaniL_123GG obtained 1 of шарздоровья1 (§d§lШар Здоровья 1)
[20.05.2025 10:22:02][serveritem][give] DaniL_123GG obtained 1 of шарздоровья3 (§d§lШар Здоровья 3)
[20.05.2025 10:22:06][serveritem][give] DaniL_123GG obtained 1 of шарздоровья3 (§d§lШар Здоровья 3)
[20.05.2025 10:28:22][serveritem][give] bronze5181 obtained 1 of секирахаоса (§4§lСекира Хаоса)
[20.05.2025 10:31:31][serveritem][give] NIKITA120673 obtained 1 of шарскорки2 (§3§lШар Скорости 2)
[20.05.2025 10:32:39][serveritem][give] mark1997 obtained 1 of шарздоровья3 (§d§lШар Здоровья 3)
[20.05.2025 10:32:52][serveritem][give] NIKITA120673 obtained 1 of golovas4 (§5§lГолова Гарри-Поттера)
[20.05.2025 10:33:29][serveritem][give] Pesik_mersik obtained 1 of шарздоровья1 (§d§lШар Здоровья 1)
[20.05.2025 10:33:45][serveritem][give] NIKITA120673 obtained 1 of секирахаоса (§4§lСекира Хаоса)
[20.05.2025 10:47:24][serveritem][give] yabritvasero obtained 1 of golovas2 (§b§lГолова Цири)
[20.05.2025 11:02:18][serveritem][give] arab obtained 1 of golovas1 (§e§lГолова Сема-Тарли)
[20.05.2025 11:04:06][serveritem][give] Bobric228saras obtained 1 of шарскорки2 (§3§lШар Скорости 2)
[20.05.2025 11:10:49][serveritem][give] MrsN3llyPro obtained 1 of секирахаоса (§4§lСекира Хаоса)
[20.05.2025 11:11:14][serveritem][give] loseventy76 obtained 1 of golovas4 (§5§lГолова Гарри-Поттера)
[20.05.2025 11:11:14][serveritem][give] loseventy76 obtained 1 of golovas1 (§e§lГолова Сема-Тарли)
[20.05.2025 11:12:56][serveritem][give] Rayz_Zombi obtained 1 of секирахаоса (§4§lСекира Хаоса)
[20.05.2025 11:13:45][serveritem][give] KeptGnat9284830 obtained 1 of golovas4 (§5§lГолова Гарри-Поттера)
[20.05.2025 11:19:11][serveritem][give] dimon obtained 1 of секирахаоса (§4§lСекира Хаоса)
[20.05.2025 11:19:43][serveritem][give] uLmOrtkh obtained 1 of golovas2 (§b§lГолова Цири)
[20.05.2025 11:19:53][serveritem][give] dimon obtained 1 of golovas3 (§6§l§nГэндальф)
[20.05.2025 11:36:45][serveritem][give] GolimeniM obtained 1 of шарздоровья3 (§d§lШар Здоровья 3)
[20.05.2025 11:37:41][serveritem][give] GolimeniM obtained 1 of golovas4 (§5§lГолова Гарри-Поттера)
[20.05.2025 11:41:48][serveritem][give] Mrfunsky324 obtained 1 of шарздоровья3 (§d§lШар Здоровья 3)
[20.05.2025 11:43:19][serveritem][give] SexyBarn3y obtained 1 of секирахаоса (§4§lСекира Хаоса)
[20.05.2025 11:46:27][serveritem][give] sgerzg obtained 1 of golovas4 (§5§lГолова Гарри-Поттера)
[20.05.2025 11:52:44][serveritem][give] cemyon2423 obtained 1 of шарскорки1 (§3§lШар Скорости 1)
[20.05.2025 11:56:37][serveritem][give] hojoko34 obtained 1 of секирахаоса (§4§lСекира Хаоса)
[20.05.2025 12:25:50][serveritem][give] musicalpakonei9 obtained 1 of шарскорки2 (§3§lШар Скорости 2)
[20.05.2025 12:37:18][serveritem][give] Aqzik obtained 1 of golovas3 (§6§l§nГэндальф)
[20.05.2025 12:38:57][serveritem][give] Tank2010sanyka obtained 1 of секирахаоса (§4§lСекира Хаоса)
[20.05.2025 12:44:47][serveritem][give] saha_try obtained 1 of секирахаоса (§4§lСекира Хаоса)
[20.05.2025 12:44:50][serveritem][give] saha_try obtained 1 of секирахаоса (§4§lСекира Хаоса)
[20.05.2025 12:46:27][serveritem][give] saha_try obtained 1 of golovas4 (§5§lГолова Гарри-Поттера)
[20.05.2025 12:46:27][serveritem][give] saha_try obtained 1 of golovas4 (§5§lГолова Гарри-Поттера)
[20.05.2025 12:46:28][serveritem][give] saha_try obtained 1 of golovas4 (§5§lГолова Гарри-Поттера)
[20.05.2025 12:46:29][serveritem][give] saha_try obtained 1 of golovas4 (§5§lГолова Гарри-Поттера)
[20.05.2025 12:46:30][serveritem][give] saha_try obtained 1 of golovas4 (§5§lГолова Гарри-Поттера)
[20.05.2025 12:46:30][serveritem][give] saha_try obtained 1 of golovas4 (§5§lГолова Гарри-Поттера)
[20.05.2025 12:46:30][serveritem][give] saha_try obtained 1 of golovas4 (§5§lГолова Гарри-Поттера)
[20.05.2025 12:46:31][serveritem][give] saha_try obtained 1 of golovas4 (§5§lГолова Гарри-Поттера)
[20.05.2025 12:46:31][serveritem][give] saha_try obtained 1 of golovas4 (§5§lГолова Гарри-Поттера)
[20.05.2025 12:46:32][serveritem][give] saha_try obtained 1 of секирахаоса (§4§lСекира Хаоса)
[20.05.2025 12:46:32][serveritem][give] saha_try obtained 1 of секирахаоса (§4§lСекира Хаоса)
[20.05.2025 12:46:34][serveritem][give] saha_try obtained 1 of секирахаоса (§4§lСекира Хаоса)
[20.05.2025 12:46:34][serveritem][give] saha_try obtained 1 of секирахаоса (§4§lСекира Хаоса)
[20.05.2025 12:46:34][serveritem][give] saha_try obtained 1 of секирахаоса (§4§lСекира Хаоса)
[20.05.2025 12:46:35][serveritem][give] saha_try obtained 1 of секирахаоса (§4§lСекира Хаоса)
[20.05.2025 12:46:36][serveritem][give] saha_try obtained 1 of секирахаоса (§4§lСекира Хаоса)
[20.05.2025 12:48:50][serveritem][give] nonoim obtained 1 of секирахаоса (§4§lСекира Хаоса)
[20.05.2025 12:48:54][serveritem][give] nonoim obtained 1 of golovas3 (§6§l§nГэндальф)
[20.05.2025 12:49:46][serveritem][give] saha_try obtained 1 of шарскорки2 (§3§lШар Скорости 2)
[20.05.2025 12:49:48][serveritem][give] saha_try obtained 1 of шарздоровья3 (§d§lШар Здоровья 3)
[20.05.2025 12:54:01][serveritem][give] IIoner_744 obtained 1 of golovas1 (§e§lГолова Сема-Тарли)
[20.05.2025 13:02:11][serveritem][give] k0pazik obtained 1 of шарскорки2 (§3§lШар Скорости 2)
[20.05.2025 13:04:36][serveritem][give] rsnt1234 obtained 1 of golovas1 (§e§lГолова Сема-Тарли)
[20.05.2025 13:07:13][serveritem][give] hearts1de obtained 1 of шарскорки2 (§3§lШар Скорости 2)
[20.05.2025 13:09:22][serveritem][give] nonoim obtained 1 of golovas4 (§5§lГолова Гарри-Поттера)
[20.05.2025 13:14:59][serveritem][give] RX27 obtained 1 of шарздоровья2 (§d§lШар Здоровья 2)
[20.05.2025 13:29:28][serveritem][give] Monetka2 obtained 1 of секирахаоса (§4§lСекира Хаоса)
[20.05.2025 13:30:56][serveritem][give] Bobric228saras obtained 1 of шарскорки2 (§3§lШар Скорости 2)
[20.05.2025 13:41:42][serveritem][give] DaniL_123GG obtained 1 of шарздоровья3 (§d§lШар Здоровья 3)
[20.05.2025 13:43:42][serveritem][give] clizniebolok obtained 1 of шарздоровья1 (§d§lШар Здоровья 1)
[20.05.2025 13:46:27][serveritem][give] negrois228 obtained 1 of секирахаоса (§4§lСекира Хаоса)
[20.05.2025 13:50:36][serveritem][give] Bobric228saras obtained 1 of шарскорки2 (§3§lШар Скорости 2)
[20.05.2025 13:52:10][serveritem][give] Bogdan202763 obtained 1 of шарздоровья3 (§d§lШар Здоровья 3)
[20.05.2025 13:53:20][serveritem][give] negrois228 obtained 1 of шарздоровья2 (§d§lШар Здоровья 2)
[20.05.2025 13:55:10][serveritem][give] Fortik_pidor obtained 1 of шарздоровья2 (§d§lШар Здоровья 2)
[20.05.2025 13:58:43][serveritem][give] DiDimon575 obtained 1 of секирахаоса (§4§lСекира Хаоса)
[20.05.2025 14:01:58][serveritem][give] ttsanek_ obtained 1 of шарздоровья3 (§d§lШар Здоровья 3)
[20.05.2025 14:02:16][serveritem][give] weghbdcw obtained 1 of шарздоровья1 (§d§lШар Здоровья 1)
[20.05.2025 14:04:47][serveritem][give] DiDimon575 obtained 1 of шарздоровья3 (§d§lШар Здоровья 3)
[20.05.2025 14:05:21][serveritem][give] ttsanek_ obtained 1 of шарздоровья3 (§d§lШар Здоровья 3)
[20.05.2025 14:06:53][serveritem][give] Bobric228saras obtained 1 of шарскорки2 (§3§lШар Скорости 2)
[20.05.2025 14:09:45][serveritem][give] Bobric228saras obtained 1 of шарскорки2 (§3§lШар Скорости 2)
[20.05.2025 14:11:59][serveritem][give] Errorik obtained 1 of секирахаоса (§4§lСекира Хаоса)
[20.05.2025 14:12:20][serveritem][give] Errorik obtained 1 of golovas4 (§5§lГолова Гарри-Поттера)
[20.05.2025 14:13:11][serveritem][give] nain2 obtained 1 of шаршипа2 (§2§lШар Шипов 2)
[20.05.2025 14:14:21][serveritem][give] ivan301312 obtained 1 of шарздоровья3 (§d§lШар Здоровья 3)
[20.05.2025 14:14:24][serveritem][give] zerty1209543 obtained 1 of шарздоровья1 (§d§lШар Здоровья 1)
[20.05.2025 14:14:25][serveritem][give] zerty1209543 obtained 1 of шарздоровья1 (§d§lШар Здоровья 1)
[20.05.2025 14:14:29][serveritem][give] WIZYTUTU obtained 1 of golovas1 (§e§lГолова Сема-Тарли)
[20.05.2025 14:14:39][serveritem][give] WIZYTUTU obtained 1 of секирахаоса (§4§lСекира Хаоса)
[20.05.2025 14:14:57][serveritem][give] vanygra3 obtained 1 of шаршипа1 (§2§lШар Шипов 1)
[20.05.2025 14:14:59][serveritem][give] zerty1209543 obtained 1 of шарздоровья3 (§d§lШар Здоровья 3)
[20.05.2025 14:15:02][serveritem][give] Razkumar obtained 1 of golovas4 (§5§lГолова Гарри-Поттера)
[20.05.2025 14:15:23][serveritem][give] dimasik609090 obtained 1 of golovas4 (§5§lГолова Гарри-Поттера)
[20.05.2025 14:15:58][serveritem][give] RX32 obtained 1 of секирахаоса (§4§lСекира Хаоса)
[20.05.2025 14:17:36][serveritem][give] imix8 obtained 1 of секирахаоса (§4§lСекира Хаоса)
[20.05.2025 14:17:45][serveritem][give] imix8 obtained 1 of golovas4 (§5§lГолова Гарри-Поттера)
[20.05.2025 14:19:52][serveritem][give] imix8 obtained 1 of секирахаоса (§4§lСекира Хаоса)
[20.05.2025 14:21:25][serveritem][give] dimon obtained 1 of секирахаоса (§4§lСекира Хаоса)
[20.05.2025 14:21:38][serveritem][give] dimon obtained 1 of golovas3 (§6§l§nГэндальф)
[20.05.2025 14:23:36][serveritem][give] nubikdak232 obtained 1 of секирахаоса (§4§lСекира Хаоса)
[20.05.2025 14:24:55][serveritem][give] bronze5181 obtained 1 of golovas4 (§5§lГолова Гарри-Поттера)
[20.05.2025 14:25:44][serveritem][give] hgvuehsuy obtained 1 of golovas4 (§5§lГолова Гарри-Поттера)
[20.05.2025 14:30:28][serveritem][give] nonoim obtained 1 of секирахаоса (§4§lСекира Хаоса)
[20.05.2025 14:34:19][serveritem][give] scandalist obtained 1 of шарскорки2 (§3§lШар Скорости 2)
[20.05.2025 14:36:23][serveritem][give] negrois228 obtained 1 of секирахаоса (§4§lСекира Хаоса)
[20.05.2025 14:37:13][serveritem][give] ksbdwkxhc9 obtained 1 of секирахаоса (§4§lСекира Хаоса)
[20.05.2025 14:37:55][serveritem][give] zxcgamer1 obtained 1 of секирахаоса (§4§lСекира Хаоса)
[20.05.2025 14:40:24][serveritem][give] montooop obtained 1 of golovas2 (§b§lГолова Цири)
[20.05.2025 14:42:25][serveritem][give] montooop obtained 1 of golovas2 (§b§lГолова Цири)
[20.05.2025 14:44:55][serveritem][give] nonoim obtained 1 of секирахаоса (§4§lСекира Хаоса)
[20.05.2025 14:54:31][serveritem][give] Loki689 obtained 1 of шаршипа2 (§2§lШар Шипов 2)
[20.05.2025 14:54:45][serveritem][give] Loki689 obtained 1 of шарздоровья2 (§d§lШар Здоровья 2)
[20.05.2025 14:56:41][serveritem][give] Alay1 obtained 1 of golovas4 (§5§lГолова Гарри-Поттера)
[20.05.2025 14:57:42][serveritem][give] Alay1 obtained 1 of секирахаоса (§4§lСекира Хаоса)
[20.05.2025 15:03:40][serveritem][give] eted obtained 1 of секирахаоса (§4§lСекира Хаоса)
[20.05.2025 15:06:37][serveritem][give] pisaqas obtained 1 of секирахаоса (§4§lСекира Хаоса)
[20.05.2025 15:06:37][serveritem][give] pisaqas obtained 1 of golovas4 (§5§lГолова Гарри-Поттера)
[20.05.2025 15:07:21][serveritem][give] scandalist obtained 1 of шарскорки2 (§3§lШар Скорости 2)
[20.05.2025 15:09:17][serveritem][give] bogmankafta obtained 1 of golovas4 (§5§lГолова Гарри-Поттера)
[20.05.2025 15:11:03][serveritem][give] popbobpon4ik23 obtained 1 of golovas4 (§5§lГолова Гарри-Поттера)
[20.05.2025 15:15:05][serveritem][give] WIZYTUTU obtained 1 of golovas2 (§b§lГолова Цири)
[20.05.2025 15:17:33][serveritem][give] eted obtained 1 of секирахаоса (§4§lСекира Хаоса)
[20.05.2025 15:21:46][serveritem][give] PRINK1 obtained 1 of шарздоровья3 (§d§lШар Здоровья 3)
[20.05.2025 15:31:45][serveritem][give] scandalist obtained 1 of шарскорки2 (§3§lШар Скорости 2)
[20.05.2025 15:32:09][serveritem][give] Ostap8526gogo obtained 1 of шарздоровья2 (§d§lШар Здоровья 2)
[20.05.2025 15:32:22][serveritem][give] Ostap8526gogo obtained 1 of шарздоровья3 (§d§lШар Здоровья 3)
[20.05.2025 15:33:30][serveritem][give] DeN_ZZeR obtained 1 of golovas4 (§5§lГолова Гарри-Поттера)
[20.05.2025 15:33:55][serveritem][give] DeN_ZZeR obtained 1 of golovas3 (§6§l§nГэндальф)
[20.05.2025 15:34:18][serveritem][give] XZXProudenXZX obtained 1 of секирахаоса (§4§lСекира Хаоса)
[20.05.2025 15:36:14][serveritem][give] hajimurad obtained 1 of golovas3 (§6§l§nГэндальф)
[20.05.2025 15:38:38][serveritem][give] Ostap8526gogo obtained 1 of секирахаоса (§4§lСекира Хаоса)
[20.05.2025 15:38:40][serveritem][give] Ostap8526gogo obtained 1 of golovas4 (§5§lГолова Гарри-Поттера)
[20.05.2025 15:38:42][serveritem][give] Ostap8526gogo obtained 1 of golovas3 (§6§l§nГэндальф)
[20.05.2025 15:41:09][serveritem][give] blin4ik254 obtained 1 of секирахаоса (§4§lСекира Хаоса)
[20.05.2025 15:58:38][serveritem][give] kdrahon1212 obtained 1 of golovas1 (§e§lГолова Сема-Тарли)
[20.05.2025 16:03:12][serveritem][give] 22Astro obtained 1 of секирахаоса (§4§lСекира Хаоса)
[20.05.2025 16:03:40][serveritem][give] 22Astro obtained 1 of шарскорки2 (§3§lШар Скорости 2)
[20.05.2025 16:03:42][serveritem][give] 22Astro obtained 1 of шаршипа2 (§2§lШар Шипов 2)
[20.05.2025 16:03:43][serveritem][give] 22Astro obtained 1 of шаротбр2 (§9§lШар Отбрасывания 2)
[20.05.2025 16:03:56][serveritem][give] 22Astro obtained 1 of golovas3 (§6§l§nГэндальф)
[20.05.2025 16:03:56][serveritem][give] 22Astro obtained 1 of golovas2 (§b§lГолова Цири)
[20.05.2025 16:03:57][serveritem][give] 22Astro obtained 1 of golovas1 (§e§lГолова Сема-Тарли)
[20.05.2025 16:03:57][serveritem][give] 22Astro obtained 1 of golovas4 (§5§lГолова Гарри-Поттера)
[20.05.2025 16:05:07][serveritem][give] kkkpoBococ obtained 1 of шарздоровья3 (§d§lШар Здоровья 3)
[20.05.2025 16:06:44][serveritem][give] fasdeer obtained 1 of golovas1 (§e§lГолова Сема-Тарли)
[20.05.2025 16:07:04][serveritem][give] fasdeer obtained 1 of шарскорки2 (§3§lШар Скорости 2)
[20.05.2025 16:07:58][serveritem][give] weew12344356 obtained 1 of секирахаоса (§4§lСекира Хаоса)
[20.05.2025 16:12:25][serveritem][give] nosok566 obtained 1 of секирахаоса (§4§lСекира Хаоса)
[20.05.2025 16:12:26][serveritem][give] nosok566 obtained 1 of секирахаоса (§4§lСекира Хаоса)
[20.05.2025 16:12:26][serveritem][give] nosok566 obtained 1 of секирахаоса (§4§lСекира Хаоса)
[20.05.2025 16:16:39][serveritem][give] Creeper76711 obtained 1 of golovas1 (§e§lГолова Сема-Тарли)
[20.05.2025 16:18:42][serveritem][give] portosambari obtained 1 of шарскорки1 (§3§lШар Скорости 1)
[20.05.2025 16:18:42][serveritem][give] portosambari obtained 1 of шарскорки1 (§3§lШар Скорости 1)
[20.05.2025 16:18:43][serveritem][give] portosambari obtained 1 of шарскорки1 (§3§lШар Скорости 1)
[20.05.2025 16:18:43][serveritem][give] portosambari obtained 1 of шарскорки1 (§3§lШар Скорости 1)
[20.05.2025 16:18:44][serveritem][give] kpmax2014 obtained 1 of golovas3 (§6§l§nГэндальф)
[20.05.2025 16:18:48][serveritem][give] kpmax2014 obtained 1 of секирахаоса (§4§lСекира Хаоса)
[20.05.2025 16:20:08][serveritem][give] DaniL_123GG obtained 1 of секирахаоса (§4§lСекира Хаоса)
[20.05.2025 16:22:15][serveritem][give] m1d7i7 obtained 1 of golovas4 (§5§lГолова Гарри-Поттера)
[20.05.2025 16:22:56][serveritem][give] Creeper7671 obtained 1 of golovas1 (§e§lГолова Сема-Тарли)
[20.05.2025 16:24:03][serveritem][give] BANG123 obtained 1 of golovas3 (§6§l§nГэндальф)
[20.05.2025 16:24:29][serveritem][give] k0pazik obtained 1 of шарскорки1 (§3§lШар Скорости 1)
[20.05.2025 16:31:01][serveritem][give] nonoim obtained 1 of шаршипа1 (§2§lШар Шипов 1)
[20.05.2025 16:32:41][serveritem][give] eted obtained 1 of golovas1 (§e§lГолова Сема-Тарли)
[20.05.2025 16:32:41][serveritem][give] k0pazik obtained 1 of golovas1 (§e§lГолова Сема-Тарли)
[20.05.2025 16:37:30][serveritem][give] bobstroiteli666 obtained 1 of golovas1 (§e§lГолова Сема-Тарли)
[20.05.2025 16:38:09][serveritem][give] VanBeanya obtained 1 of golovas1 (§e§lГолова Сема-Тарли)
[20.05.2025 16:40:50][serveritem][give] k0pazik obtained 1 of шарскорки2 (§3§lШар Скорости 2)
[20.05.2025 16:41:56][serveritem][give] zhenya1234 obtained 1 of шарскорки2 (§3§lШар Скорости 2)
[20.05.2025 16:41:59][serveritem][give] Toad_32 obtained 1 of golovas1 (§e§lГолова Сема-Тарли)
[20.05.2025 16:42:16][serveritem][give] BANG123 obtained 1 of секирахаоса (§4§lСекира Хаоса)
[20.05.2025 16:42:30][serveritem][give] BANG123 obtained 1 of golovas3 (§6§l§nГэндальф)
[20.05.2025 16:47:00][serveritem][give] k0pazik obtained 1 of шарскорки2 (§3§lШар Скорости 2)
[20.05.2025 16:47:09][serveritem][give] 4545455444 obtained 1 of шаротбр2 (§9§lШар Отбрасывания 2)
[20.05.2025 16:49:22][serveritem][give] fasdeer obtained 1 of golovas4 (§5§lГолова Гарри-Поттера)
[20.05.2025 16:49:55][serveritem][give] 4545455444 obtained 1 of golovas1 (§e§lГолова Сема-Тарли)
[20.05.2025 16:58:24][serveritem][give] sigma_hmt obtained 1 of шарздоровья2 (§d§lШар Здоровья 2)
[20.05.2025 17:02:47][serveritem][give] klevikxleb obtained 1 of шарздоровья2 (§d§lШар Здоровья 2)
[20.05.2025 17:02:48][serveritem][give] klevikxleb obtained 1 of шарскорки2 (§3§lШар Скорости 2)
[20.05.2025 17:04:15][serveritem][give] fasdeer obtained 1 of golovas4 (§5§lГолова Гарри-Поттера)
[20.05.2025 17:11:24][serveritem][give] Privet_privet_ obtained 1 of шарздоровья1 (§d§lШар Здоровья 1)
[20.05.2025 17:13:22][serveritem][give] you_abuzer42 obtained 1 of golovas4 (§5§lГолова Гарри-Поттера)
[20.05.2025 17:22:41][serveritem][give] eted obtained 1 of секирахаоса (§4§lСекира Хаоса)
[20.05.2025 17:24:16][serveritem][give] voropron12 obtained 1 of golovas2 (§b§lГолова Цири)
[20.05.2025 17:25:52][serveritem][give] YTPLAYSANYA_123 obtained 1 of golovas1 (§e§lГолова Сема-Тарли)
[20.05.2025 17:25:52][serveritem][give] YTPLAYSANYA_123 obtained 1 of секирахаоса (§4§lСекира Хаоса)
[20.05.2025 17:26:01][serveritem][give] YTPLAYSANYA_123 obtained 1 of шарскорки2 (§3§lШар Скорости 2)
[20.05.2025 17:26:26][serveritem][give] bobstroiteli666 obtained 1 of шарскорки2 (§3§lШар Скорости 2)
[20.05.2025 17:28:18][serveritem][give] voropron12 obtained 1 of секирахаоса (§4§lСекира Хаоса)
[20.05.2025 17:29:59][serveritem][give] fasdeer obtained 1 of golovas4 (§5§lГолова Гарри-Поттера)
[20.05.2025 17:31:58][serveritem][give] W1nzyyy12345 obtained 1 of шарздоровья2 (§d§lШар Здоровья 2)
[20.05.2025 17:32:26][serveritem][give] serg555 obtained 1 of golovas4 (§5§lГолова Гарри-Поттера)
[20.05.2025 17:32:49][serveritem][give] voropron12 obtained 1 of golovas3 (§6§l§nГэндальф)
[20.05.2025 17:33:55][serveritem][give] _Yan_Y obtained 1 of golovas4 (§5§lГолова Гарри-Поттера)
[20.05.2025 17:34:25][serveritem][give] 3JLou_3AdrOT253 obtained 1 of шарздоровья3 (§d§lШар Здоровья 3)
[20.05.2025 17:41:06][serveritem][give] 2288ABOBYS obtained 1 of секирахаоса (§4§lСекира Хаоса)
[20.05.2025 17:41:07][serveritem][give] 2288ABOBYS obtained 1 of golovas3 (§6§l§nГэндальф)
[20.05.2025 17:45:17][serveritem][give] SigmaKakashka obtained 1 of шарздоровья1 (§d§lШар Здоровья 1)
[20.05.2025 17:45:20][serveritem][give] SigmaKakashka obtained 1 of шарскорки1 (§3§lШар Скорости 1)
[20.05.2025 17:49:43][serveritem][give] RealyWorld2343 obtained 1 of шаршипа1 (§2§lШар Шипов 1)
[20.05.2025 17:50:50][serveritem][give] sila666 obtained 1 of golovas4 (§5§lГолова Гарри-Поттера)
[20.05.2025 17:50:50][serveritem][give] sila666 obtained 1 of golovas4 (§5§lГолова Гарри-Поттера)
[20.05.2025 17:50:51][serveritem][give] sila666 obtained 1 of golovas4 (§5§lГолова Гарри-Поттера)
[20.05.2025 17:50:51][serveritem][give] sila666 obtained 1 of golovas4 (§5§lГолова Гарри-Поттера)
[20.05.2025 17:50:51][serveritem][give] sila666 obtained 1 of golovas4 (§5§lГолова Гарри-Поттера)
[20.05.2025 17:50:52][serveritem][give] sila666 obtained 1 of golovas4 (§5§lГолова Гарри-Поттера)
[20.05.2025 17:50:52][serveritem][give] sila666 obtained 1 of golovas4 (§5§lГолова Гарри-Поттера)
[20.05.2025 17:52:51][serveritem][give] help_me_pls obtained 1 of golovas4 (§5§lГолова Гарри-Поттера)
[20.05.2025 17:52:56][serveritem][give] k0pazik obtained 1 of шарскорки2 (§3§lШар Скорости 2)
[20.05.2025 17:54:48][serveritem][give] LionRK obtained 1 of секирахаоса (§4§lСекира Хаоса)
[20.05.2025 17:56:31][serveritem][give] thoapthvhy obtained 1 of golovas1 (§e§lГолова Сема-Тарли)
[20.05.2025 17:57:08][serveritem][give] makac567 obtained 1 of секирахаоса (§4§lСекира Хаоса)
[20.05.2025 18:00:09][serveritem][give] bitch45 obtained 1 of шарздоровья2 (§d§lШар Здоровья 2)
[20.05.2025 18:00:35][serveritem][give] kiril11111e9 obtained 1 of шарскорки2 (§3§lШар Скорости 2)
[20.05.2025 18:01:44][serveritem][give] erefrwedf obtained 1 of golovas1 (§e§lГолова Сема-Тарли)
[20.05.2025 18:02:18][serveritem][give] 2015maradona obtained 1 of golovas3 (§6§l§nГэндальф)
[20.05.2025 18:03:12][serveritem][give] sysii42 obtained 1 of golovas4 (§5§lГолова Гарри-Поттера)
[20.05.2025 18:12:57][serveritem][give] Aptem5733 obtained 1 of шарздоровья2 (§d§lШар Здоровья 2)
[20.05.2025 18:16:11][serveritem][give] sethome obtained 1 of golovas1 (§e§lГолова Сема-Тарли)
[20.05.2025 18:16:41][serveritem][give] TYRKA333 obtained 1 of шарздоровья3 (§d§lШар Здоровья 3)
[20.05.2025 18:19:28][serveritem][give] Artem201711895 obtained 1 of шарздоровья3 (§d§lШар Здоровья 3)
[20.05.2025 18:23:07][serveritem][give] zxc_wagner obtained 1 of golovas1 (§e§lГолова Сема-Тарли)
[20.05.2025 18:24:49][serveritem][give] Romasik252 obtained 1 of шарздоровья3 (§d§lШар Здоровья 3)
[20.05.2025 18:29:38][serveritem][give] popbobpon4ik23 obtained 1 of golovas4 (§5§lГолова Гарри-Поттера)
[20.05.2025 18:34:37][serveritem][give] Diagnozeeer obtained 1 of шарздоровья2 (§d§lШар Здоровья 2)
[20.05.2025 18:35:40][serveritem][give] darhan3909 obtained 1 of golovas4 (§5§lГолова Гарри-Поттера)
[20.05.2025 18:36:26][serveritem][give] nonoim obtained 1 of секирахаоса (§4§lСекира Хаоса)
[20.05.2025 18:47:30][serveritem][give] lakerend obtained 1 of golovas1 (§e§lГолова Сема-Тарли)
[20.05.2025 18:48:36][serveritem][give] nbvfssss obtained 1 of шарздоровья3 (§d§lШар Здоровья 3)
[20.05.2025 18:48:46][serveritem][give] nbvfssss obtained 1 of шарскорки2 (§3§lШар Скорости 2)
[20.05.2025 18:55:53][serveritem][give] Kronos_Kick obtained 1 of golovas1 (§e§lГолова Сема-Тарли)
[20.05.2025 19:01:32][serveritem][give] vavysikperdysikl obtained 1 of секирахаоса (§4§lСекира Хаоса)
[20.05.2025 19:02:18][serveritem][give] vavysikperdysikl obtained 1 of golovas4 (§5§lГолова Гарри-Поттера)
[20.05.2025 19:02:19][serveritem][give] vavysikperdysikl obtained 1 of golovas3 (§6§l§nГэндальф)
[20.05.2025 19:03:05][serveritem][give] bronze5181 obtained 1 of секирахаоса (§4§lСекира Хаоса)
[20.05.2025 19:10:41][serveritem][give] bronze5181 obtained 1 of golovas4 (§5§lГолова Гарри-Поттера)
[20.05.2025 19:23:11][serveritem][give] shic obtained 1 of golovas1 (§e§lГолова Сема-Тарли)
[20.05.2025 19:46:45][serveritem][give] GEHUYC obtained 1 of golovas4 (§5§lГолова Гарри-Поттера)
[20.05.2025 19:50:12][serveritem][give] tahwem obtained 1 of golovas1 (§e§lГолова Сема-Тарли)
[20.05.2025 19:53:34][serveritem][give] megaflopa obtained 1 of шарскорки1 (§3§lШар Скорости 1)
[20.05.2025 19:53:39][serveritem][give] megaflopa obtained 1 of шарздоровья1 (§d§lШар Здоровья 1)
[20.05.2025 20:12:08][serveritem][give] kakeshke_vkysnu obtained 1 of golovas4 (§5§lГолова Гарри-Поттера)
[20.05.2025 20:21:58][serveritem][give] giena1024 obtained 1 of секирахаоса (§4§lСекира Хаоса)
[20.05.2025 20:22:04][serveritem][give] giena1024 obtained 1 of golovas4 (§5§lГолова Гарри-Поттера)
[20.05.2025 20:28:56][serveritem][give] ftyGriffin201369 obtained 1 of golovas4 (§5§lГолова Гарри-Поттера)
[20.05.2025 20:36:11][serveritem][give] ftyGriffin201369 obtained 1 of golovas4 (§5§lГолова Гарри-Поттера)
[20.05.2025 20:41:44][serveritem][give] pumotop obtained 1 of шарскорки2 (§3§lШар Скорости 2)
[20.05.2025 20:41:46][serveritem][give] pumotop obtained 1 of шарскорки2 (§3§lШар Скорости 2)
[20.05.2025 20:43:43][serveritem][give] Speedsportik1 obtained 1 of шарскорки2 (§3§lШар Скорости 2)
[20.05.2025 20:45:14][serveritem][give] MSVena obtained 1 of golovas3 (§6§l§nГэндальф)
[20.05.2025 21:02:14][serveritem][give] i_die obtained 1 of шарздоровья3 (§d§lШар Здоровья 3)
[20.05.2025 21:15:51][serveritem][give] i_die obtained 1 of golovas3 (§6§l§nГэндальф)
[20.05.2025 22:06:38][serveritem][give] Seeyee obtained 1 of шарскорки2 (§3§lШар Скорости 2)
[20.05.2025 22:26:59][serveritem][give] ananasik_oao obtained 1 of шарскорки2 (§3§lШар Скорости 2)
[20.05.2025 22:33:24][serveritem][give] 8926 obtained 1 of шарскорки2 (§3§lШар Скорости 2)
[20.05.2025 23:37:02][serveritem][give] Kds_topka obtained 1 of golovas4 (§5§lГолова Гарри-Поттера)
[20.05.2025 23:42:02][serveritem][give] ARMEN_UWU_228 obtained 1 of golovas4 (§5§lГолова Гарри-Поттера)
[20.05.2025 23:42:13][serveritem][give] ARMEN_UWU_228 obtained 1 of секирахаоса (§4§lСекира Хаоса)
