[16.06.2025 00:00:57][serveritem][give] ekaterina_shlah obtained 1 of секирахаоса (§4§lСекира Хаоса)
[16.06.2025 00:06:15][serveritem][give] PopkaZalupka2 obtained 1 of шарздоровья3 (§d§lШар Здоровья 3)
[16.06.2025 00:07:25][serveritem][give] Matuxan1337 obtained 1 of golovas1 (§e§lГолова Сема-Тарли)
[16.06.2025 00:07:43][serveritem][give] 1nfinityLegend obtained 1 of golovas1 (§e§lГолова Сема-Тарли)
[16.06.2025 00:20:24][serveritem][give] OXOTNIK_SP obtained 1 of секирахаоса (§4§lСекира Хаоса)
[16.06.2025 00:20:51][serveritem][give] xX_Ol1v14RU3289 obtained 1 of шарздоровья2 (§d§lШар Здоровья 2)
[16.06.2025 00:22:08][serveritem][give] OXOTNIK_SP obtained 1 of golovas4 (§5§lГолова Гарри-Поттера)
[16.06.2025 00:25:43][serveritem][give] CatkindAdam obtained 1 of golovas1 (§e§lГолова Сема-Тарли)
[16.06.2025 00:25:45][serveritem][give] CatkindAdam obtained 1 of golovas3 (§6§l§nГэндальф)
[16.06.2025 00:25:52][serveritem][give] CatkindAdam obtained 1 of golovas4 (§5§lГолова Гарри-Поттера)
[16.06.2025 00:25:58][serveritem][give] CatkindAdam obtained 1 of golovas1 (§e§lГолова Сема-Тарли)
[16.06.2025 00:30:04][serveritem][give] Tre1ny obtained 1 of шарздоровья1 (§d§lШар Здоровья 1)
[16.06.2025 00:32:42][serveritem][give] PopkaZalupka obtained 1 of секирахаоса (§4§lСекира Хаоса)
[16.06.2025 00:37:22][serveritem][give] prosto1TAK obtained 1 of шарздоровья3 (§d§lШар Здоровья 3)
[16.06.2025 00:38:53][serveritem][give] El_Ce obtained 1 of шарскорки2 (§3§lШар Скорости 2)
[16.06.2025 00:46:30][serveritem][give] adolfik obtained 1 of секирахаоса (§4§lСекира Хаоса)
[16.06.2025 00:50:02][serveritem][give] JohnySem obtained 1 of golovas1 (§e§lГолова Сема-Тарли)
[16.06.2025 00:55:47][serveritem][give] ezvpdciPXVFRNyh obtained 1 of секирахаоса (§4§lСекира Хаоса)
[16.06.2025 00:55:49][serveritem][give] ezvpdciPXVFRNyh obtained 1 of секирахаоса (§4§lСекира Хаоса)
[16.06.2025 00:55:58][serveritem][give] ezvpdciPXVFRNyh obtained 1 of шарздоровья3 (§d§lШар Здоровья 3)
[16.06.2025 01:00:25][serveritem][give] ezvpdciPXVFRNyh obtained 1 of golovas3 (§6§l§nГэндальф)
[16.06.2025 01:07:40][serveritem][give] HplatFormus obtained 1 of golovas1 (§e§lГолова Сема-Тарли)
[16.06.2025 01:14:40][serveritem][give] HplatFormus obtained 1 of шарскорки2 (§3§lШар Скорости 2)
[16.06.2025 01:16:45][serveritem][give] ezvpdciPXVFRNyh obtained 1 of секирахаоса (§4§lСекира Хаоса)
[16.06.2025 01:31:13][serveritem][give] winston333 obtained 1 of golovas4 (§5§lГолова Гарри-Поттера)
[16.06.2025 01:34:27][serveritem][give] fferhetjntjtjt obtained 1 of шарскорки2 (§3§lШар Скорости 2)
[16.06.2025 01:35:57][serveritem][give] Bomjik_Valerchik obtained 1 of секирахаоса (§4§lСекира Хаоса)
[16.06.2025 01:38:11][serveritem][give] ffrethjethjeth obtained 1 of шарздоровья3 (§d§lШар Здоровья 3)
[16.06.2025 01:40:23][serveritem][give] ffngrenhpeh obtained 1 of шарздоровья3 (§d§lШар Здоровья 3)
[16.06.2025 01:43:20][serveritem][give] fffhh5tztrjzr obtained 1 of шарздоровья3 (§d§lШар Здоровья 3)
[16.06.2025 01:54:35][serveritem][give] winston333 obtained 1 of golovas3 (§6§l§nГэндальф)
[16.06.2025 02:20:45][serveritem][give] celestial_bust obtained 1 of шарздоровья3 (§d§lШар Здоровья 3)
[16.06.2025 02:20:51][serveritem][give] celestial_bust obtained 1 of шарздоровья3 (§d§lШар Здоровья 3)
[16.06.2025 02:20:57][serveritem][give] celestial_bust obtained 1 of шарскорки1 (§3§lШар Скорости 1)
[16.06.2025 02:29:23][serveritem][give] Motion3ver12 obtained 1 of golovas4 (§5§lГолова Гарри-Поттера)
[16.06.2025 02:29:24][serveritem][give] Motion3ver12 obtained 1 of golovas3 (§6§l§nГэндальф)
[16.06.2025 02:29:24][serveritem][give] Motion3ver12 obtained 1 of golovas2 (§b§lГолова Цири)
[16.06.2025 02:29:24][serveritem][give] Motion3ver12 obtained 1 of golovas1 (§e§lГолова Сема-Тарли)
[16.06.2025 02:54:23][serveritem][give] Bezobrazie obtained 1 of секирахаоса (§4§lСекира Хаоса)
[16.06.2025 03:06:31][serveritem][give] MenRoR2 obtained 1 of golovas4 (§5§lГолова Гарри-Поттера)
[16.06.2025 03:19:25][serveritem][give] lalalatop126 obtained 1 of шарздоровья3 (§d§lШар Здоровья 3)
[16.06.2025 03:38:10][serveritem][give] zxcD0naldYT968 obtained 1 of шаршипа1 (§2§lШар Шипов 1)
[16.06.2025 03:40:06][serveritem][give] sasasa obtained 1 of golovas4 (§5§lГолова Гарри-Поттера)
[16.06.2025 04:02:15][serveritem][give] MenRoR2 obtained 1 of golovas4 (§5§lГолова Гарри-Поттера)
[16.06.2025 04:20:39][serveritem][give] kaxa obtained 1 of секирахаоса (§4§lСекира Хаоса)
[16.06.2025 04:46:06][serveritem][give] Physiks001 obtained 1 of golovas1 (§e§lГолова Сема-Тарли)
[16.06.2025 04:49:53][serveritem][give] Physiks001 obtained 1 of секирахаоса (§4§lСекира Хаоса)
[16.06.2025 04:51:53][serveritem][give] rusik_topchik123 obtained 1 of секирахаоса (§4§lСекира Хаоса)
[16.06.2025 04:54:59][serveritem][give] uerbnv002d obtained 1 of golovas1 (§e§lГолова Сема-Тарли)
[16.06.2025 04:55:01][serveritem][give] uerbnv002d obtained 1 of секирахаоса (§4§lСекира Хаоса)
[16.06.2025 05:52:35][serveritem][give] LORDHACKERHEXFIG obtained 1 of golovas4 (§5§lГолова Гарри-Поттера)
[16.06.2025 05:55:45][serveritem][give] LORDHACKERHEXFIG obtained 1 of golovas3 (§6§l§nГэндальф)
[16.06.2025 05:56:16][serveritem][give] gargader obtained 1 of golovas1 (§e§lГолова Сема-Тарли)
[16.06.2025 06:05:19][serveritem][give] MenRoR4 obtained 1 of golovas4 (§5§lГолова Гарри-Поттера)
[16.06.2025 06:21:20][serveritem][give] 8406793573 obtained 1 of секирахаоса (§4§lСекира Хаоса)
[16.06.2025 06:34:37][serveritem][give] ch1ps1nka obtained 1 of golovas2 (§b§lГолова Цири)
[16.06.2025 06:45:34][serveritem][give] inoske66 obtained 1 of шарздоровья3 (§d§lШар Здоровья 3)
[16.06.2025 07:16:08][serveritem][give] Bogdan7458 obtained 1 of шарздоровья3 (§d§lШар Здоровья 3)
[16.06.2025 07:28:09][serveritem][give] vanili_kotuc obtained 1 of golovas4 (§5§lГолова Гарри-Поттера)
[16.06.2025 07:48:21][serveritem][give] flolospop2 obtained 1 of секирахаоса (§4§lСекира Хаоса)
[16.06.2025 07:49:04][serveritem][give] flolospop2 obtained 1 of секирахаоса (§4§lСекира Хаоса)
[16.06.2025 07:49:16][serveritem][give] flolospop2 obtained 1 of golovas4 (§5§lГолова Гарри-Поттера)
[16.06.2025 07:49:45][serveritem][give] flolospop2 obtained 1 of шарздоровья3 (§d§lШар Здоровья 3)
[16.06.2025 08:09:59][serveritem][give] McSwag obtained 1 of шарздоровья3 (§d§lШар Здоровья 3)
[16.06.2025 08:41:00][serveritem][give] ewafewgg obtained 1 of шарскорки2 (§3§lШар Скорости 2)
[16.06.2025 08:42:26][serveritem][give] flolospop2 obtained 1 of секирахаоса (§4§lСекира Хаоса)
[16.06.2025 08:50:37][serveritem][give] vanili_kotuc obtained 1 of golovas4 (§5§lГолова Гарри-Поттера)
[16.06.2025 08:53:58][serveritem][give] POZI2029 obtained 1 of секирахаоса (§4§lСекира Хаоса)
[16.06.2025 08:55:44][serveritem][give] moxito900 obtained 1 of golovas3 (§6§l§nГэндальф)
[16.06.2025 09:00:04][serveritem][give] gitler228 obtained 1 of секирахаоса (§4§lСекира Хаоса)
[16.06.2025 09:00:04][serveritem][give] gitler228 obtained 1 of секирахаоса (§4§lСекира Хаоса)
[16.06.2025 09:09:38][serveritem][give] ezzKM obtained 1 of golovas4 (§5§lГолова Гарри-Поттера)
[16.06.2025 09:26:01][serveritem][give] sdferbnh obtained 1 of шарздоровья2 (§d§lШар Здоровья 2)
[16.06.2025 09:37:12][serveritem][give] ezzKM obtained 1 of golovas4 (§5§lГолова Гарри-Поттера)
[16.06.2025 09:43:58][serveritem][give] sadxzcewef obtained 1 of golovas1 (§e§lГолова Сема-Тарли)
[16.06.2025 09:44:25][serveritem][give] sand1xt obtained 1 of golovas4 (§5§lГолова Гарри-Поттера)
[16.06.2025 09:44:26][serveritem][give] sand1xt obtained 1 of golovas4 (§5§lГолова Гарри-Поттера)
[16.06.2025 09:53:43][serveritem][give] ebanator1616 obtained 1 of golovas4 (§5§lГолова Гарри-Поттера)
[16.06.2025 09:53:52][serveritem][give] Kitsune_TOP obtained 1 of шарздоровья3 (§d§lШар Здоровья 3)
[16.06.2025 09:54:29][serveritem][give] VenomsAboudno obtained 1 of golovas4 (§5§lГолова Гарри-Поттера)
[16.06.2025 09:57:25][serveritem][give] TPXfxplR obtained 1 of golovas4 (§5§lГолова Гарри-Поттера)
[16.06.2025 09:58:09][serveritem][give] xraewfrwfds obtained 1 of golovas1 (§e§lГолова Сема-Тарли)
[16.06.2025 09:59:21][serveritem][give] ueZOtiov obtained 1 of golovas4 (§5§lГолова Гарри-Поттера)
[16.06.2025 10:00:15][serveritem][give] ueZOtiov obtained 1 of шарскорки2 (§3§lШар Скорости 2)
[16.06.2025 10:02:01][serveritem][give] xraewfrwfds obtained 1 of golovas4 (§5§lГолова Гарри-Поттера)
[16.06.2025 10:03:05][serveritem][give] ueZOtiov obtained 1 of golovas4 (§5§lГолова Гарри-Поттера)
[16.06.2025 10:04:29][serveritem][give] McSwag obtained 1 of шарздоровья3 (§d§lШар Здоровья 3)
[16.06.2025 10:04:29][serveritem][give] McSwag obtained 1 of шарздоровья3 (§d§lШар Здоровья 3)
[16.06.2025 10:04:29][serveritem][give] McSwag obtained 1 of шарздоровья3 (§d§lШар Здоровья 3)
[16.06.2025 10:04:30][serveritem][give] McSwag obtained 1 of шарздоровья3 (§d§lШар Здоровья 3)
[16.06.2025 10:04:30][serveritem][give] McSwag obtained 1 of шарздоровья3 (§d§lШар Здоровья 3)
[16.06.2025 10:05:38][serveritem][give] asdwtregv obtained 1 of секирахаоса (§4§lСекира Хаоса)
[16.06.2025 10:07:57][serveritem][give] ueZOtiov obtained 1 of golovas4 (§5§lГолова Гарри-Поттера)
[16.06.2025 10:11:03][serveritem][give] sand1xt obtained 1 of шарздоровья3 (§d§lШар Здоровья 3)
[16.06.2025 10:14:09][serveritem][give] weew12344356 obtained 1 of шарздоровья1 (§d§lШар Здоровья 1)
[16.06.2025 10:21:17][serveritem][give] MaMkiN_Ezzo4ka obtained 1 of секирахаоса (§4§lСекира Хаоса)
[16.06.2025 10:21:18][serveritem][give] MaMkiN_Ezzo4ka obtained 1 of golovas4 (§5§lГолова Гарри-Поттера)
[16.06.2025 10:21:26][serveritem][give] BOOGONI obtained 1 of golovas1 (§e§lГолова Сема-Тарли)
[16.06.2025 10:24:20][serveritem][give] rqrt obtained 1 of golovas4 (§5§lГолова Гарри-Поттера)
[16.06.2025 10:26:04][serveritem][give] Kitsune_TOP obtained 1 of секирахаоса (§4§lСекира Хаоса)
[16.06.2025 10:27:40][serveritem][give] BOOGONI obtained 1 of секирахаоса (§4§lСекира Хаоса)
[16.06.2025 10:28:32][serveritem][give] unixy obtained 1 of шарздоровья1 (§d§lШар Здоровья 1)
[16.06.2025 10:36:04][serveritem][give] FANIG14 obtained 1 of шарздоровья1 (§d§lШар Здоровья 1)
[16.06.2025 10:37:43][serveritem][give] ElanSosi obtained 1 of секирахаоса (§4§lСекира Хаоса)
[16.06.2025 10:37:53][serveritem][give] ElanSosi obtained 1 of golovas2 (§b§lГолова Цири)
[16.06.2025 10:38:19][serveritem][give] SkibidiDapYesYes obtained 1 of шаршипа2 (§2§lШар Шипов 2)
[16.06.2025 10:46:49][serveritem][give] BOOGONI obtained 1 of golovas1 (§e§lГолова Сема-Тарли)
[16.06.2025 10:48:17][serveritem][give] moxito900 obtained 1 of golovas4 (§5§lГолова Гарри-Поттера)
[16.06.2025 10:48:41][serveritem][give] YukiXSXD obtained 1 of golovas1 (§e§lГолова Сема-Тарли)
[16.06.2025 10:50:41][serveritem][give] Spedgay obtained 1 of секирахаоса (§4§lСекира Хаоса)
[16.06.2025 10:50:42][serveritem][give] Spedgay obtained 1 of секирахаоса (§4§lСекира Хаоса)
[16.06.2025 10:50:44][serveritem][give] Spedgay obtained 1 of golovas4 (§5§lГолова Гарри-Поттера)
[16.06.2025 10:50:57][serveritem][give] MaMkiN_Ezzo4ka obtained 1 of секирахаоса (§4§lСекира Хаоса)
[16.06.2025 10:50:57][serveritem][give] MaMkiN_Ezzo4ka obtained 1 of секирахаоса (§4§lСекира Хаоса)
[16.06.2025 10:51:23][serveritem][give] ElanEblaN obtained 1 of шарздоровья2 (§d§lШар Здоровья 2)
[16.06.2025 10:51:49][serveritem][give] RealMrDemonYT obtained 1 of шарздоровья1 (§d§lШар Здоровья 1)
[16.06.2025 10:52:48][serveritem][give] jghiyhnYT obtained 1 of golovas4 (§5§lГолова Гарри-Поттера)
[16.06.2025 10:53:18][serveritem][give] skopwer obtained 1 of шарскорки1 (§3§lШар Скорости 1)
[16.06.2025 10:56:23][serveritem][give] 1212Ivanchik obtained 1 of шарздоровья3 (§d§lШар Здоровья 3)
[16.06.2025 10:56:25][serveritem][give] FewaGD obtained 1 of секирахаоса (§4§lСекира Хаоса)
[16.06.2025 10:59:00][serveritem][give] MironchikSigma obtained 1 of шарздоровья3 (§d§lШар Здоровья 3)
[16.06.2025 10:59:37][serveritem][give] FewaGD obtained 1 of golovas1 (§e§lГолова Сема-Тарли)
[16.06.2025 10:59:46][serveritem][give] skopwero obtained 1 of golovas3 (§6§l§nГэндальф)
[16.06.2025 11:01:10][serveritem][give] ezvpdciPXVFRNyh obtained 1 of шарздоровья3 (§d§lШар Здоровья 3)
[16.06.2025 11:02:39][serveritem][give] ezvpdciPXVFRNyh obtained 1 of шарздоровья3 (§d§lШар Здоровья 3)
[16.06.2025 11:04:17][serveritem][give] ezvpdciPXVFRNyh obtained 1 of golovas3 (§6§l§nГэндальф)
[16.06.2025 11:05:43][serveritem][give] ezvpdciPXVFRNyh obtained 1 of секирахаоса (§4§lСекира Хаоса)
[16.06.2025 11:08:31][serveritem][give] _OpenHead_ obtained 1 of шарздоровья3 (§d§lШар Здоровья 3)
[16.06.2025 11:14:12][serveritem][give] hdeueg obtained 1 of шарздоровья2 (§d§lШар Здоровья 2)
[16.06.2025 11:14:22][serveritem][give] signatm1 obtained 1 of golovas4 (§5§lГолова Гарри-Поттера)
[16.06.2025 11:17:18][serveritem][give] Panda906 obtained 1 of golovas2 (§b§lГолова Цири)
[16.06.2025 11:17:18][serveritem][give] Panda906 obtained 1 of секирахаоса (§4§lСекира Хаоса)
[16.06.2025 11:19:40][serveritem][give] Panda906 obtained 1 of golovas3 (§6§l§nГэндальф)
[16.06.2025 11:21:28][serveritem][give] nqazrh3454 obtained 1 of шарздоровья3 (§d§lШар Здоровья 3)
[16.06.2025 11:21:51][serveritem][give] CHUPOKABRA_3000 obtained 1 of golovas1 (§e§lГолова Сема-Тарли)
[16.06.2025 11:22:51][serveritem][give] RealMrDemonYT obtained 1 of season1 (§5§lГолова Джотаро)
[16.06.2025 11:23:36][serveritem][give] funregister4 obtained 1 of шаршипа2 (§2§lШар Шипов 2)
[16.06.2025 11:24:14][serveritem][give] almaziiik_11 obtained 1 of секирахаоса (§4§lСекира Хаоса)
[16.06.2025 11:24:26][serveritem][give] BOOGONI obtained 1 of golovas1 (§e§lГолова Сема-Тарли)
[16.06.2025 11:25:31][serveritem][give] yyy556 obtained 1 of golovas4 (§5§lГолова Гарри-Поттера)
[16.06.2025 11:26:20][serveritem][give] nqazrh3454 obtained 1 of season1 (§5§lГолова Джотаро)
[16.06.2025 11:29:10][serveritem][give] kuallaUA obtained 1 of секирахаоса (§4§lСекира Хаоса)
[16.06.2025 11:30:07][serveritem][give] YT_roy obtained 1 of шарздоровья3 (§d§lШар Здоровья 3)
[16.06.2025 11:34:49][serveritem][give] FireSamuria obtained 1 of шарздоровья3 (§d§lШар Здоровья 3)
[16.06.2025 11:36:28][serveritem][give] h0ks obtained 1 of шарздоровья3 (§d§lШар Здоровья 3)
[16.06.2025 11:37:15][serveritem][give] artemone1 obtained 1 of шарздоровья2 (§d§lШар Здоровья 2)
[16.06.2025 11:39:42][serveritem][give] LynixzV2 obtained 1 of season1 (§5§lГолова Джотаро)
[16.06.2025 11:41:56][serveritem][give] vladSIGMA1488 obtained 1 of golovas4 (§5§lГолова Гарри-Поттера)
[16.06.2025 11:44:19][serveritem][give] Roshia90 obtained 1 of golovas4 (§5§lГолова Гарри-Поттера)
[16.06.2025 11:46:19][serveritem][give] _OpenHead_ obtained 1 of шарздоровья3 (§d§lШар Здоровья 3)
[16.06.2025 11:58:05][serveritem][give] _EterIalshard_ obtained 1 of season5 (§6§lГолова Зеницу)
[16.06.2025 11:59:56][serveritem][give] gigna obtained 1 of шарздоровья3 (§d§lШар Здоровья 3)
[16.06.2025 12:05:21][serveritem][give] CHUPOKABRA_3000 obtained 1 of golovas4 (§5§lГолова Гарри-Поттера)
[16.06.2025 12:06:59][serveritem][give] funregister4 obtained 1 of season1 (§5§lГолова Джотаро)
[16.06.2025 12:08:52][serveritem][give] _J4k3__RU obtained 1 of golovas1 (§e§lГолова Сема-Тарли)
[16.06.2025 12:09:32][serveritem][give] _J4k3__RU obtained 1 of golovas4 (§5§lГолова Гарри-Поттера)
[16.06.2025 12:09:43][serveritem][give] Qwwiz1xx obtained 1 of golovas4 (§5§lГолова Гарри-Поттера)
[16.06.2025 12:13:02][serveritem][give] VearWexess obtained 1 of golovas4 (§5§lГолова Гарри-Поттера)
[16.06.2025 12:14:34][serveritem][give] ReS_qo obtained 1 of golovas4 (§5§lГолова Гарри-Поттера)
[16.06.2025 12:16:04][serveritem][give] artem1516 obtained 1 of golovas4 (§5§lГолова Гарри-Поттера)
[16.06.2025 12:23:30][serveritem][give] Lol obtained 1 of golovas4 (§5§lГолова Гарри-Поттера)
[16.06.2025 12:23:32][serveritem][give] Lol obtained 1 of golovas4 (§5§lГолова Гарри-Поттера)
[16.06.2025 12:23:32][serveritem][give] HakuThemaxx950 obtained 1 of шарздоровья3 (§d§lШар Здоровья 3)
[16.06.2025 12:23:46][serveritem][give] RUMess1Xtreme obtained 1 of шарскорки2 (§3§lШар Скорости 2)
[16.06.2025 12:34:48][serveritem][give] ya_klyt obtained 1 of golovas4 (§5§lГолова Гарри-Поттера)
[16.06.2025 12:38:30][serveritem][give] wearstdgh obtained 1 of шарздоровья2 (§d§lШар Здоровья 2)
[16.06.2025 12:39:38][serveritem][give] tojey_jubeer305 obtained 1 of golovas4 (§5§lГолова Гарри-Поттера)
[16.06.2025 12:41:42][serveritem][give] gyhujikol obtained 1 of шарздоровья2 (§d§lШар Здоровья 2)
[16.06.2025 12:47:17][serveritem][give] dojawian obtained 1 of golovas4 (§5§lГолова Гарри-Поттера)
[16.06.2025 12:47:48][serveritem][give] 3UW1ll14msXtr3m obtained 1 of шарскорки1 (§3§lШар Скорости 1)
[16.06.2025 12:48:15][serveritem][give] h0ks obtained 1 of шарздоровья3 (§d§lШар Здоровья 3)
[16.06.2025 12:48:24][serveritem][give] h0ks obtained 1 of шарздоровья3 (§d§lШар Здоровья 3)
[16.06.2025 12:49:31][serveritem][give] hirokoli obtained 1 of шарскорки2 (§3§lШар Скорости 2)
[16.06.2025 12:55:08][serveritem][give] ghghgh obtained 1 of golovas4 (§5§lГолова Гарри-Поттера)
[16.06.2025 12:55:10][serveritem][give] ghghgh obtained 1 of golovas4 (§5§lГолова Гарри-Поттера)
[16.06.2025 12:57:36][serveritem][give] h0ks obtained 1 of шаршипа2 (§2§lШар Шипов 2)
[16.06.2025 12:58:04][serveritem][give] h0ks obtained 1 of шарскорки2 (§3§lШар Скорости 2)
[16.06.2025 13:00:37][serveritem][give] wtf_GretzkyCOM8 obtained 1 of шарскорки2 (§3§lШар Скорости 2)
[16.06.2025 13:00:37][serveritem][give] wtf_GretzkyCOM8 obtained 1 of шарскорки2 (§3§lШар Скорости 2)
[16.06.2025 13:00:37][serveritem][give] wtf_GretzkyCOM8 obtained 1 of шарскорки2 (§3§lШар Скорости 2)
[16.06.2025 13:04:40][serveritem][give] wtf_GretzkyCOM8 obtained 1 of шарздоровья3 (§d§lШар Здоровья 3)
[16.06.2025 13:05:44][serveritem][give] Qwwiz1xx obtained 1 of golovas4 (§5§lГолова Гарри-Поттера)
[16.06.2025 13:06:19][serveritem][give] CHUPOKABRA_3000 obtained 1 of секирахаоса (§4§lСекира Хаоса)
[16.06.2025 13:06:23][serveritem][give] CHUPOKABRA_3000 obtained 1 of golovas4 (§5§lГолова Гарри-Поттера)
[16.06.2025 13:10:26][serveritem][give] _Dark_Xom0uak_ obtained 1 of golovas2 (§b§lГолова Цири)
[16.06.2025 13:10:42][serveritem][give] bu_1304 obtained 1 of шарскорки2 (§3§lШар Скорости 2)
[16.06.2025 13:10:42][serveritem][give] bu_1304 obtained 1 of шарскорки2 (§3§lШар Скорости 2)
[16.06.2025 13:10:42][serveritem][give] bu_1304 obtained 1 of шарскорки2 (§3§lШар Скорости 2)
[16.06.2025 13:10:42][serveritem][give] bu_1304 obtained 1 of шарскорки2 (§3§lШар Скорости 2)
[16.06.2025 13:10:42][serveritem][give] bu_1304 obtained 1 of шарскорки2 (§3§lШар Скорости 2)
[16.06.2025 13:10:42][serveritem][give] bu_1304 obtained 1 of шарскорки2 (§3§lШар Скорости 2)
[16.06.2025 13:10:43][serveritem][give] bu_1304 obtained 1 of шарскорки2 (§3§lШар Скорости 2)
[16.06.2025 13:14:24][serveritem][give] RU_KokanM3ga obtained 1 of шарскорки2 (§3§lШар Скорости 2)
[16.06.2025 13:15:14][serveritem][give] gffds obtained 1 of шарздоровья3 (§d§lШар Здоровья 3)
[16.06.2025 13:19:22][serveritem][give] 4eLok_MaMku1 obtained 1 of шарздоровья3 (§d§lШар Здоровья 3)
[16.06.2025 13:24:10][serveritem][give] BubenMezhduNog obtained 1 of шарздоровья3 (§d§lШар Здоровья 3)
[16.06.2025 13:30:16][serveritem][give] Vecis0 obtained 1 of golovas4 (§5§lГолова Гарри-Поттера)
[16.06.2025 13:38:50][serveritem][give] vuvetuo obtained 1 of golovas4 (§5§lГолова Гарри-Поттера)
[16.06.2025 13:43:37][serveritem][give] SINHAZE obtained 1 of golovas4 (§5§lГолова Гарри-Поттера)
[16.06.2025 13:47:49][serveritem][give] xgrsafd obtained 1 of golovas4 (§5§lГолова Гарри-Поттера)
[16.06.2025 13:50:47][serveritem][give] RapTur4ik obtained 1 of шарскорки2 (§3§lШар Скорости 2)
[16.06.2025 13:53:46][serveritem][give] McSwag obtained 1 of season1 (§5§lГолова Джотаро)
[16.06.2025 13:54:11][serveritem][give] xgrsafd obtained 1 of golovas4 (§5§lГолова Гарри-Поттера)
[16.06.2025 13:54:12][serveritem][give] xgrsafd obtained 1 of golovas4 (§5§lГолова Гарри-Поттера)
[16.06.2025 13:54:14][serveritem][give] Vecis0 obtained 1 of секирахаоса (§4§lСекира Хаоса)
[16.06.2025 13:55:59][serveritem][give] KLauncher_ufudoz obtained 1 of golovas4 (§5§lГолова Гарри-Поттера)
[16.06.2025 13:56:02][serveritem][give] KLauncher_ufudoz obtained 1 of секирахаоса (§4§lСекира Хаоса)
[16.06.2025 13:56:30][serveritem][give] EUC0pern1cusRUS obtained 1 of шарздоровья1 (§d§lШар Здоровья 1)
[16.06.2025 13:57:59][serveritem][give] EliteB0hrRUS obtained 1 of шарздоровья1 (§d§lШар Здоровья 1)
[16.06.2025 13:58:13][serveritem][give] WOLF_FENIKS obtained 1 of шаршипа2 (§2§lШар Шипов 2)
[16.06.2025 13:58:20][serveritem][give] WOLF_FENIKS obtained 1 of шарскорки2 (§3§lШар Скорости 2)
[16.06.2025 13:59:15][serveritem][give] RUCor3lliRUS obtained 1 of шарздоровья1 (§d§lШар Здоровья 1)
[16.06.2025 14:00:13][serveritem][give] WOLF_FENIKS obtained 1 of шарздоровья3 (§d§lШар Здоровья 3)
[16.06.2025 14:00:14][serveritem][give] WOLF_FENIKS obtained 1 of шарздоровья3 (§d§lШар Здоровья 3)
[16.06.2025 14:00:14][serveritem][give] WOLF_FENIKS obtained 1 of шарздоровья3 (§d§lШар Здоровья 3)
[16.06.2025 14:00:14][serveritem][give] WOLF_FENIKS obtained 1 of шарздоровья3 (§d§lШар Здоровья 3)
[16.06.2025 14:00:17][serveritem][give] WOLF_FENIKS obtained 1 of шарскорки2 (§3§lШар Скорости 2)
[16.06.2025 14:00:17][serveritem][give] WOLF_FENIKS obtained 1 of шарскорки2 (§3§lШар Скорости 2)
[16.06.2025 14:00:17][serveritem][give] WOLF_FENIKS obtained 1 of шарскорки2 (§3§lШар Скорости 2)
[16.06.2025 14:00:20][serveritem][give] WOLF_FENIKS obtained 1 of шаротбр2 (§9§lШар Отбрасывания 2)
[16.06.2025 14:00:20][serveritem][give] WOLF_FENIKS obtained 1 of шаротбр2 (§9§lШар Отбрасывания 2)
[16.06.2025 14:00:20][serveritem][give] WOLF_FENIKS obtained 1 of шаротбр2 (§9§lШар Отбрасывания 2)
[16.06.2025 14:00:23][serveritem][give] WOLF_FENIKS obtained 1 of шаршипа2 (§2§lШар Шипов 2)
[16.06.2025 14:00:24][serveritem][give] WOLF_FENIKS obtained 1 of шаршипа2 (§2§lШар Шипов 2)
[16.06.2025 14:01:24][serveritem][give] global999 obtained 1 of секирахаоса (§4§lСекира Хаоса)
[16.06.2025 14:02:11][serveritem][give] WOLF_FENIKS obtained 1 of шаршипа2 (§2§lШар Шипов 2)
[16.06.2025 14:02:12][serveritem][give] WOLF_FENIKS obtained 1 of шарздоровья2 (§d§lШар Здоровья 2)
[16.06.2025 14:02:12][serveritem][give] WOLF_FENIKS obtained 1 of шарскорки2 (§3§lШар Скорости 2)
[16.06.2025 14:02:13][serveritem][give] WOLF_FENIKS obtained 1 of шарскорки2 (§3§lШар Скорости 2)
[16.06.2025 14:04:52][serveritem][give] q5qaa obtained 1 of шарздоровья2 (§d§lШар Здоровья 2)
[16.06.2025 14:05:07][serveritem][give] Cyb3rV1v4ld1_PO obtained 1 of шарскорки1 (§3§lШар Скорости 1)
[16.06.2025 14:10:35][serveritem][give] SigmaPlanck_P0G obtained 1 of шарздоровья1 (§d§lШар Здоровья 1)
[16.06.2025 14:11:58][serveritem][give] xgrsafd obtained 1 of golovas4 (§5§lГолова Гарри-Поттера)
[16.06.2025 14:11:59][serveritem][give] xgrsafd obtained 1 of секирахаоса (§4§lСекира Хаоса)
[16.06.2025 14:11:59][serveritem][give] xgrsafd obtained 1 of секирахаоса (§4§lСекира Хаоса)
[16.06.2025 14:13:36][serveritem][give] BoBickLaki obtained 1 of шарскорки1 (§3§lШар Скорости 1)
[16.06.2025 14:17:03][serveritem][give] PixelAura obtained 1 of golovas4 (§5§lГолова Гарри-Поттера)
[16.06.2025 14:19:25][serveritem][give] mrddeenn obtained 1 of шаршипа2 (§2§lШар Шипов 2)
[16.06.2025 14:31:22][serveritem][give] tojey_jubeer305 obtained 1 of golovas4 (§5§lГолова Гарри-Поттера)
[16.06.2025 14:32:54][serveritem][give] roomiK obtained 1 of season1 (§5§lГолова Джотаро)
[16.06.2025 14:40:33][serveritem][give] sosisochka_22867 obtained 1 of golovas1 (§e§lГолова Сема-Тарли)
[16.06.2025 14:40:45][serveritem][give] sosisochka_22867 obtained 1 of шарскорки1 (§3§lШар Скорости 1)
[16.06.2025 14:41:34][serveritem][give] tojey_jubeer305 obtained 1 of golovas4 (§5§lГолова Гарри-Поттера)
[16.06.2025 14:47:30][serveritem][give] artem00_ obtained 1 of шарздоровья1 (§d§lШар Здоровья 1)
[16.06.2025 14:49:35][serveritem][give] tojey_jubeer305 obtained 1 of golovas4 (§5§lГолова Гарри-Поттера)
[16.06.2025 14:51:41][serveritem][give] ezvpdciPXVFRNyh obtained 1 of секирахаоса (§4§lСекира Хаоса)
[16.06.2025 14:51:42][serveritem][give] ezvpdciPXVFRNyh obtained 1 of секирахаоса (§4§lСекира Хаоса)
[16.06.2025 14:52:50][serveritem][give] ryyos015 obtained 1 of шарздоровья1 (§d§lШар Здоровья 1)
[16.06.2025 14:53:35][serveritem][give] tojey_jubeer305 obtained 1 of golovas4 (§5§lГолова Гарри-Поттера)
[16.06.2025 15:02:28][serveritem][give] lera_mne_15let obtained 1 of golovas4 (§5§lГолова Гарри-Поттера)
[16.06.2025 15:11:11][serveritem][give] Magp1 obtained 1 of golovas1 (§e§lГолова Сема-Тарли)
[16.06.2025 15:11:39][serveritem][give] xgrsafd obtained 1 of шарздоровья3 (§d§lШар Здоровья 3)
[16.06.2025 15:13:23][serveritem][give] N3oBr4dy_GG obtained 1 of секирахаоса (§4§lСекира Хаоса)
[16.06.2025 15:13:51][serveritem][give] N3oBr4dy_GG obtained 1 of golovas4 (§5§lГолова Гарри-Поттера)
[16.06.2025 15:14:45][serveritem][give] N3oBr4dy_GG obtained 1 of секирахаоса (§4§lСекира Хаоса)
[16.06.2025 15:15:34][serveritem][give] Matuxan1337 obtained 1 of golovas1 (§e§lГолова Сема-Тарли)
[16.06.2025 15:15:37][serveritem][give] Matuxan1337 obtained 1 of golovas1 (§e§lГолова Сема-Тарли)
[16.06.2025 15:15:39][serveritem][give] Matuxan1337 obtained 1 of golovas1 (§e§lГолова Сема-Тарли)
[16.06.2025 15:15:42][serveritem][give] wergrht397 obtained 1 of season1 (§5§lГолова Джотаро)
[16.06.2025 15:16:23][serveritem][give] wergrht397 obtained 1 of golovas4 (§5§lГолова Гарри-Поттера)
[16.06.2025 15:18:03][serveritem][give] xgrsafd obtained 1 of шарздоровья3 (§d§lШар Здоровья 3)
[16.06.2025 15:21:25][serveritem][give] Iheb_Matj obtained 1 of golovas1 (§e§lГолова Сема-Тарли)
[16.06.2025 15:21:31][serveritem][give] Iheb_Matj obtained 1 of golovas3 (§6§l§nГэндальф)
[16.06.2025 15:21:32][serveritem][give] Iheb_Matj obtained 1 of golovas1 (§e§lГолова Сема-Тарли)
[16.06.2025 15:21:34][serveritem][give] Iheb_Matj obtained 1 of golovas3 (§6§l§nГэндальф)
[16.06.2025 15:21:35][serveritem][give] Iheb_Matj obtained 1 of golovas1 (§e§lГолова Сема-Тарли)
[16.06.2025 15:23:09][serveritem][give] AXMED4754 obtained 1 of season1 (§5§lГолова Джотаро)
[16.06.2025 15:26:41][serveritem][give] PixelAura obtained 1 of шарскорки2 (§3§lШар Скорости 2)
[16.06.2025 15:27:32][serveritem][give] tojey_jubeer305 obtained 1 of шарздоровья3 (§d§lШар Здоровья 3)
[16.06.2025 15:27:57][serveritem][give] Neuzor_7 obtained 1 of шарскорки1 (§3§lШар Скорости 1)
[16.06.2025 15:29:07][serveritem][give] Neuzor_7 obtained 1 of шарскорки2 (§3§lШар Скорости 2)
[16.06.2025 15:30:05][serveritem][give] predatornndn obtained 1 of шарздоровья3 (§d§lШар Здоровья 3)
[16.06.2025 15:30:05][serveritem][give] predatornndn obtained 1 of шарздоровья3 (§d§lШар Здоровья 3)
[16.06.2025 15:33:26][serveritem][give] BODRIC obtained 1 of секирахаоса (§4§lСекира Хаоса)
[16.06.2025 15:33:28][serveritem][give] BODRIC obtained 1 of golovas4 (§5§lГолова Гарри-Поттера)
[16.06.2025 15:33:49][serveritem][give] qwee obtained 1 of шарскорки2 (§3§lШар Скорости 2)
[16.06.2025 15:34:28][serveritem][give] qwee obtained 1 of golovas4 (§5§lГолова Гарри-Поттера)
[16.06.2025 15:34:29][serveritem][give] qwee obtained 1 of golovas4 (§5§lГолова Гарри-Поттера)
[16.06.2025 15:34:44][serveritem][give] qwee obtained 1 of шаршипа2 (§2§lШар Шипов 2)
[16.06.2025 15:37:13][serveritem][give] almaziiik_11 obtained 1 of season1 (§5§lГолова Джотаро)
[16.06.2025 15:38:24][serveritem][give] Nacanddrk obtained 1 of golovas1 (§e§lГолова Сема-Тарли)
[16.06.2025 15:38:24][serveritem][give] Nacanddrk obtained 1 of golovas1 (§e§lГолова Сема-Тарли)
[16.06.2025 15:38:25][serveritem][give] Nacanddrk obtained 1 of golovas1 (§e§lГолова Сема-Тарли)
[16.06.2025 15:38:25][serveritem][give] Nacanddrk obtained 1 of golovas1 (§e§lГолова Сема-Тарли)
[16.06.2025 15:38:25][serveritem][give] Nacanddrk obtained 1 of golovas1 (§e§lГолова Сема-Тарли)
[16.06.2025 15:38:28][serveritem][give] Nacanddrk obtained 1 of golovas3 (§6§l§nГэндальф)
[16.06.2025 15:38:28][serveritem][give] Nacanddrk obtained 1 of golovas3 (§6§l§nГэндальф)
[16.06.2025 15:38:28][serveritem][give] Nacanddrk obtained 1 of golovas3 (§6§l§nГэндальф)
[16.06.2025 15:38:28][serveritem][give] Nacanddrk obtained 1 of golovas3 (§6§l§nГэндальф)
[16.06.2025 15:39:32][serveritem][give] qwee obtained 1 of шарскорки2 (§3§lШар Скорости 2)
[16.06.2025 15:39:37][serveritem][give] qwee obtained 1 of шарздоровья2 (§d§lШар Здоровья 2)
[16.06.2025 15:45:00][serveritem][give] qaz obtained 1 of шарскорки2 (§3§lШар Скорости 2)
[16.06.2025 15:45:15][serveritem][give] YoungerBr obtained 1 of golovas1 (§e§lГолова Сема-Тарли)
[16.06.2025 15:45:16][serveritem][give] YoungerBr obtained 1 of golovas4 (§5§lГолова Гарри-Поттера)
[16.06.2025 15:47:26][serveritem][give] 1000zxc obtained 1 of golovas3 (§6§l§nГэндальф)
[16.06.2025 15:47:27][serveritem][give] 1000zxc obtained 1 of golovas3 (§6§l§nГэндальф)
[16.06.2025 15:51:48][serveritem][give] celohka obtained 1 of шаршипа2 (§2§lШар Шипов 2)
[16.06.2025 15:52:13][serveritem][give] PixelAura obtained 1 of секирахаоса (§4§lСекира Хаоса)
[16.06.2025 15:59:59][serveritem][give] artem00_ obtained 1 of golovas1 (§e§lГолова Сема-Тарли)
[16.06.2025 16:01:35][serveritem][give] operer123456 obtained 1 of секирахаоса (§4§lСекира Хаоса)
[16.06.2025 16:04:05][serveritem][give] zxcarty1 obtained 1 of golovas1 (§e§lГолова Сема-Тарли)
[16.06.2025 16:04:19][serveritem][give] Sphinx_FPS obtained 1 of шарскорки2 (§3§lШар Скорости 2)
[16.06.2025 16:04:27][serveritem][give] zxcarty1 obtained 1 of шарскорки2 (§3§lШар Скорости 2)
[16.06.2025 16:06:06][serveritem][give] uyjthgerfds obtained 1 of golovas1 (§e§lГолова Сема-Тарли)
[16.06.2025 16:11:24][serveritem][give] zxcarty1 obtained 1 of golovas1 (§e§lГолова Сема-Тарли)
[16.06.2025 16:11:26][serveritem][give] zxcarty1 obtained 1 of шарскорки2 (§3§lШар Скорости 2)
[16.06.2025 16:16:55][serveritem][give] eqe213wad obtained 1 of шарздоровья2 (§d§lШар Здоровья 2)
[16.06.2025 16:17:51][serveritem][give] pumotop obtained 1 of шарскорки2 (§3§lШар Скорости 2)
[16.06.2025 16:18:34][serveritem][give] ReS_qo obtained 1 of секирахаоса (§4§lСекира Хаоса)
[16.06.2025 16:18:50][serveritem][give] ReS_qo obtained 1 of golovas2 (§b§lГолова Цири)
[16.06.2025 16:27:40][serveritem][give] sosalka228123 obtained 1 of шарздоровья3 (§d§lШар Здоровья 3)
[16.06.2025 16:36:42][serveritem][give] fraty0 obtained 1 of шарздоровья3 (§d§lШар Здоровья 3)
[16.06.2025 16:41:09][serveritem][give] ewarw1 obtained 1 of секирахаоса (§4§lСекира Хаоса)
[16.06.2025 16:41:22][serveritem][give] MrLime2279 obtained 1 of шарздоровья3 (§d§lШар Здоровья 3)
[16.06.2025 16:42:51][serveritem][give] ewarw1 obtained 1 of секирахаоса (§4§lСекира Хаоса)
[16.06.2025 16:45:33][serveritem][give] MWvUrMYx obtained 1 of секирахаоса (§4§lСекира Хаоса)
[16.06.2025 16:45:36][serveritem][give] MWvUrMYx obtained 1 of golovas4 (§5§lГолова Гарри-Поттера)
[16.06.2025 16:46:05][serveritem][give] laky4 obtained 1 of шарздоровья3 (§d§lШар Здоровья 3)
[16.06.2025 16:46:07][serveritem][give] laky4 obtained 1 of шарздоровья3 (§d§lШар Здоровья 3)
[16.06.2025 16:46:25][serveritem][give] ewarw1 obtained 1 of golovas1 (§e§lГолова Сема-Тарли)
[16.06.2025 16:57:06][serveritem][give] ewarw1 obtained 1 of секирахаоса (§4§lСекира Хаоса)
[16.06.2025 16:57:06][serveritem][give] ewarw1 obtained 1 of секирахаоса (§4§lСекира Хаоса)
[16.06.2025 16:57:12][serveritem][give] ewarw1 obtained 1 of golovas4 (§5§lГолова Гарри-Поттера)
[16.06.2025 16:57:13][serveritem][give] ewarw1 obtained 1 of golovas4 (§5§lГолова Гарри-Поттера)
[16.06.2025 16:58:52][serveritem][give] Black_King001 obtained 1 of секирахаоса (§4§lСекира Хаоса)
[16.06.2025 16:59:22][serveritem][give] valeeeeeeeee13ra obtained 1 of секирахаоса (§4§lСекира Хаоса)
[16.06.2025 17:02:46][serveritem][give] Holyy obtained 1 of шарскорки2 (§3§lШар Скорости 2)
[16.06.2025 17:06:21][serveritem][give] abac obtained 1 of golovas3 (§6§l§nГэндальф)
[16.06.2025 17:06:21][serveritem][give] abac obtained 1 of golovas1 (§e§lГолова Сема-Тарли)
[16.06.2025 17:06:22][serveritem][give] abac obtained 1 of секирахаоса (§4§lСекира Хаоса)
[16.06.2025 17:06:45][serveritem][give] VmfHOxox obtained 1 of golovas4 (§5§lГолова Гарри-Поттера)
[16.06.2025 17:07:08][serveritem][give] VmfHOxox obtained 1 of шарскорки2 (§3§lШар Скорости 2)
[16.06.2025 17:14:53][serveritem][give] wrasysita obtained 1 of golovas3 (§6§l§nГэндальф)
[16.06.2025 17:15:41][serveritem][give] DYDKA obtained 1 of шарскорки2 (§3§lШар Скорости 2)
[16.06.2025 17:16:09][serveritem][give] vanili_kotuc obtained 1 of golovas4 (§5§lГолова Гарри-Поттера)
[16.06.2025 17:16:30][serveritem][give] MaMkiN_Ezzo4ka obtained 1 of season3 (§b§lГолова Римуру Темпеста)
[16.06.2025 17:17:08][serveritem][give] IMFUCKEDYOURMOM obtained 1 of golovas4 (§5§lГолова Гарри-Поттера)
[16.06.2025 17:17:32][serveritem][give] d1lg0r obtained 1 of шарздоровья3 (§d§lШар Здоровья 3)
[16.06.2025 17:17:54][serveritem][give] ewarw obtained 1 of секирахаоса (§4§lСекира Хаоса)
[16.06.2025 17:17:57][serveritem][give] ewarw obtained 1 of секирахаоса (§4§lСекира Хаоса)
[16.06.2025 17:18:26][serveritem][give] ewarw obtained 1 of golovas4 (§5§lГолова Гарри-Поттера)
[16.06.2025 17:18:27][serveritem][give] ewarw obtained 1 of golovas4 (§5§lГолова Гарри-Поттера)
[16.06.2025 17:19:44][serveritem][give] sanyamamapro obtained 1 of секирахаоса (§4§lСекира Хаоса)
[16.06.2025 17:19:51][serveritem][give] sanyamamapro obtained 1 of golovas4 (§5§lГолова Гарри-Поттера)
[16.06.2025 17:23:48][serveritem][give] NN_glorix obtained 1 of golovas4 (§5§lГолова Гарри-Поттера)
[16.06.2025 17:32:17][serveritem][give] SwagTimoha obtained 1 of шарскорки2 (§3§lШар Скорости 2)
[16.06.2025 17:40:50][serveritem][give] melllonyy obtained 1 of шарскорки2 (§3§lШар Скорости 2)
[16.06.2025 17:41:36][serveritem][give] SAdafatasdr obtained 1 of шарздоровья3 (§d§lШар Здоровья 3)
[16.06.2025 17:45:53][serveritem][give] _MrWriteMan__ obtained 1 of секирахаоса (§4§lСекира Хаоса)
[16.06.2025 17:47:06][serveritem][give] Banan4iki424 obtained 1 of season3 (§b§lГолова Римуру Темпеста)
[16.06.2025 17:47:09][serveritem][give] Holyy obtained 1 of season3 (§b§lГолова Римуру Темпеста)
[16.06.2025 17:47:59][serveritem][give] Abobus260 obtained 1 of шарскорки2 (§3§lШар Скорости 2)
[16.06.2025 17:56:42][serveritem][give] KotSamp obtained 1 of season1 (§5§lГолова Джотаро)
[16.06.2025 17:58:26][serveritem][give] MRxtutd obtained 1 of шарздоровья2 (§d§lШар Здоровья 2)
[16.06.2025 17:58:29][serveritem][give] MRxtutd obtained 1 of шарскорки2 (§3§lШар Скорости 2)
[16.06.2025 17:58:49][serveritem][give] dan1ksnesoft obtained 1 of golovas4 (§5§lГолова Гарри-Поттера)
[16.06.2025 18:01:21][serveritem][give] TokiBor obtained 1 of golovas1 (§e§lГолова Сема-Тарли)
[16.06.2025 18:08:11][serveritem][give] kraken2852 obtained 1 of golovas1 (§e§lГолова Сема-Тарли)
[16.06.2025 18:11:36][serveritem][give] MrPurpleYt obtained 1 of шарскорки2 (§3§lШар Скорости 2)
[16.06.2025 18:13:11][serveritem][give] maxutka obtained 1 of секирахаоса (§4§lСекира Хаоса)
[16.06.2025 18:20:56][serveritem][give] zxc_kakaqka obtained 1 of golovas1 (§e§lГолова Сема-Тарли)
[16.06.2025 18:20:58][serveritem][give] zxc_kakaqka obtained 1 of секирахаоса (§4§lСекира Хаоса)
[16.06.2025 18:22:19][serveritem][give] rqrt obtained 1 of golovas4 (§5§lГолова Гарри-Поттера)
[16.06.2025 18:22:43][serveritem][give] zxc_kakaqka obtained 1 of шарскорки2 (§3§lШар Скорости 2)
[16.06.2025 18:23:26][serveritem][give] zxc_kakaqka obtained 1 of шаршипа1 (§2§lШар Шипов 1)
[16.06.2025 18:24:35][serveritem][give] rqrt obtained 1 of секирахаоса (§4§lСекира Хаоса)
[16.06.2025 18:31:02][serveritem][give] TECNOPLAYROBLOX obtained 1 of golovas1 (§e§lГолова Сема-Тарли)
[16.06.2025 18:32:36][serveritem][give] tirik obtained 1 of шарскорки2 (§3§lШар Скорости 2)
[16.06.2025 18:42:53][serveritem][give] sslki obtained 1 of шарскорки2 (§3§lШар Скорости 2)
[16.06.2025 18:43:53][serveritem][give] yellow_123 obtained 1 of секирахаоса (§4§lСекира Хаоса)
[16.06.2025 18:51:07][serveritem][give] BODRIC obtained 1 of секирахаоса (§4§lСекира Хаоса)
[16.06.2025 18:57:43][serveritem][give] Derzkiy90 obtained 1 of секирахаоса (§4§lСекира Хаоса)
[16.06.2025 18:57:50][serveritem][give] Derzkiy90 obtained 1 of golovas3 (§6§l§nГэндальф)
[16.06.2025 19:01:19][serveritem][give] BACUA obtained 1 of шарскорки2 (§3§lШар Скорости 2)
[16.06.2025 19:05:06][serveritem][give] tirik obtained 1 of шарскорки2 (§3§lШар Скорости 2)
[16.06.2025 19:06:50][serveritem][give] dream148852 obtained 1 of шарздоровья1 (§d§lШар Здоровья 1)
[16.06.2025 19:07:14][serveritem][give] Derzkiy90 obtained 1 of season5 (§6§lГолова Зеницу)
[16.06.2025 19:08:00][serveritem][give] Honua1 obtained 1 of шарскорки2 (§3§lШар Скорости 2)
[16.06.2025 19:10:27][serveritem][give] GweenbLuo obtained 1 of секирахаоса (§4§lСекира Хаоса)
[16.06.2025 19:12:04][serveritem][give] Matvey_5072 obtained 1 of шарскорки2 (§3§lШар Скорости 2)
[16.06.2025 19:12:08][serveritem][give] Matvey_5072 obtained 1 of шарздоровья1 (§d§lШар Здоровья 1)
[16.06.2025 19:12:20][serveritem][give] GweenbLuo obtained 1 of golovas3 (§6§l§nГэндальф)
[16.06.2025 19:12:25][serveritem][give] GweenbLuo obtained 1 of golovas1 (§e§lГолова Сема-Тарли)
[16.06.2025 19:12:47][serveritem][give] dream148852 obtained 1 of шарскорки2 (§3§lШар Скорости 2)
[16.06.2025 19:18:32][serveritem][give] diikii1 obtained 1 of golovas4 (§5§lГолова Гарри-Поттера)
[16.06.2025 19:18:34][serveritem][give] diikii1 obtained 1 of golovas1 (§e§lГолова Сема-Тарли)
[16.06.2025 19:18:38][serveritem][give] 1VIRUSSS1 obtained 1 of golovas1 (§e§lГолова Сема-Тарли)
[16.06.2025 19:19:21][serveritem][give] 1VIRUSSS1 obtained 1 of golovas3 (§6§l§nГэндальф)
[16.06.2025 19:21:09][serveritem][give] Aylanderr obtained 1 of golovas4 (§5§lГолова Гарри-Поттера)
[16.06.2025 19:23:01][serveritem][give] Radagastu_79 obtained 1 of golovas3 (§6§l§nГэндальф)
[16.06.2025 19:23:01][serveritem][give] Radagastu_79 obtained 1 of golovas1 (§e§lГолова Сема-Тарли)
[16.06.2025 19:24:12][serveritem][give] diikii1 obtained 1 of golovas4 (§5§lГолова Гарри-Поттера)
[16.06.2025 19:27:01][serveritem][give] mikabPurple_95 obtained 1 of golovas4 (§5§lГолова Гарри-Поттера)
[16.06.2025 19:27:54][serveritem][give] fraty0 obtained 1 of golovas4 (§5§lГолова Гарри-Поттера)
[16.06.2025 19:29:40][serveritem][give] Xeromann_1 obtained 1 of шаршипа2 (§2§lШар Шипов 2)
[16.06.2025 19:35:34][serveritem][give] Honua1 obtained 1 of секирахаоса (§4§lСекира Хаоса)
[16.06.2025 19:36:59][serveritem][give] Honua1 obtained 1 of шарскорки2 (§3§lШар Скорости 2)
[16.06.2025 19:40:29][serveritem][give] MarshaL_228_8 obtained 1 of golovas4 (§5§lГолова Гарри-Поттера)
[16.06.2025 19:41:39][serveritem][give] mainkraft3000 obtained 1 of golovas4 (§5§lГолова Гарри-Поттера)
[16.06.2025 19:41:55][serveritem][give] Xeromann_4 obtained 1 of шарскорки1 (§3§lШар Скорости 1)
[16.06.2025 19:42:13][serveritem][give] fasderast obtained 1 of golovas4 (§5§lГолова Гарри-Поттера)
[16.06.2025 19:45:08][serveritem][give] wer148 obtained 1 of golovas3 (§6§l§nГэндальф)
[16.06.2025 19:45:08][serveritem][give] wer148 obtained 1 of golovas2 (§b§lГолова Цири)
[16.06.2025 19:45:09][serveritem][give] wer148 obtained 1 of golovas1 (§e§lГолова Сема-Тарли)
[16.06.2025 19:45:09][serveritem][give] wer148 obtained 1 of golovas4 (§5§lГолова Гарри-Поттера)
[16.06.2025 19:45:38][serveritem][give] wer148 obtained 1 of шарздоровья3 (§d§lШар Здоровья 3)
[16.06.2025 19:45:39][serveritem][give] wer148 obtained 1 of шаротбр2 (§9§lШар Отбрасывания 2)
[16.06.2025 19:45:40][serveritem][give] wer148 obtained 1 of шаршипа2 (§2§lШар Шипов 2)
[16.06.2025 19:49:06][serveritem][give] Fillmora44 obtained 1 of golovas4 (§5§lГолова Гарри-Поттера)
[16.06.2025 19:51:16][serveritem][give] MarshaL_228_8 obtained 1 of golovas4 (§5§lГолова Гарри-Поттера)
[16.06.2025 19:53:06][serveritem][give] dbchvfr547 obtained 1 of golovas4 (§5§lГолова Гарри-Поттера)
[16.06.2025 19:54:44][serveritem][give] k1ox obtained 1 of golovas4 (§5§lГолова Гарри-Поттера)
[16.06.2025 19:55:40][serveritem][give] 123hro123boo obtained 1 of golovas4 (§5§lГолова Гарри-Поттера)
[16.06.2025 19:55:41][serveritem][give] 123hro123boo obtained 1 of секирахаоса (§4§lСекира Хаоса)
[16.06.2025 19:55:51][serveritem][give] dbchvfr547 obtained 1 of golovas4 (§5§lГолова Гарри-Поттера)
[16.06.2025 19:58:46][serveritem][give] wer148 obtained 1 of golovas4 (§5§lГолова Гарри-Поттера)
[16.06.2025 20:07:19][serveritem][give] FGVFGgvdf obtained 1 of golovas1 (§e§lГолова Сема-Тарли)
[16.06.2025 20:08:21][serveritem][give] pvechel obtained 1 of golovas1 (§e§lГолова Сема-Тарли)
[16.06.2025 20:08:30][serveritem][give] ElanPedik obtained 1 of секирахаоса (§4§lСекира Хаоса)
[16.06.2025 20:09:55][serveritem][give] McSwag obtained 1 of шарздоровья3 (§d§lШар Здоровья 3)
[16.06.2025 20:15:05][serveritem][give] DYDKA obtained 1 of golovas2 (§b§lГолова Цири)
[16.06.2025 20:15:08][serveritem][give] asfu7 obtained 1 of шаршипа2 (§2§lШар Шипов 2)
[16.06.2025 20:22:38][serveritem][give] ammirskifa obtained 1 of секирахаоса (§4§lСекира Хаоса)
[16.06.2025 20:22:48][serveritem][give] ammirskifa obtained 1 of golovas4 (§5§lГолова Гарри-Поттера)
[16.06.2025 20:26:14][serveritem][give] MichaVolk2014 obtained 1 of golovas4 (§5§lГолова Гарри-Поттера)
[16.06.2025 20:26:15][serveritem][give] MichaVolk2014 obtained 1 of секирахаоса (§4§lСекира Хаоса)
[16.06.2025 20:27:27][serveritem][give] grtgrg obtained 1 of golovas1 (§e§lГолова Сема-Тарли)
[16.06.2025 20:27:28][serveritem][give] grtgrg obtained 1 of golovas1 (§e§lГолова Сема-Тарли)
[16.06.2025 20:27:28][serveritem][give] grtgrg obtained 1 of golovas1 (§e§lГолова Сема-Тарли)
[16.06.2025 20:27:31][serveritem][give] grtgrg obtained 1 of секирахаоса (§4§lСекира Хаоса)
[16.06.2025 20:27:33][serveritem][give] grtgrg obtained 1 of секирахаоса (§4§lСекира Хаоса)
[16.06.2025 20:27:36][serveritem][give] grtgrg obtained 1 of шарскорки2 (§3§lШар Скорости 2)
[16.06.2025 20:27:45][serveritem][give] grtgrg obtained 1 of шарскорки2 (§3§lШар Скорости 2)
[16.06.2025 20:27:45][serveritem][give] grtgrg obtained 1 of шарскорки2 (§3§lШар Скорости 2)
[16.06.2025 20:31:52][serveritem][give] 123hro123boo obtained 1 of шарскорки2 (§3§lШар Скорости 2)
[16.06.2025 20:35:38][serveritem][give] hghu7y obtained 1 of секирахаоса (§4§lСекира Хаоса)
[16.06.2025 20:35:41][serveritem][give] Derzko90 obtained 1 of golovas1 (§e§lГолова Сема-Тарли)
[16.06.2025 20:36:23][serveritem][give] jmeme obtained 1 of секирахаоса (§4§lСекира Хаоса)
[16.06.2025 20:36:35][serveritem][give] artemggtuo obtained 1 of golovas3 (§6§l§nГэндальф)
[16.06.2025 20:36:47][serveritem][give] YoungerBr obtained 1 of golovas4 (§5§lГолова Гарри-Поттера)
[16.06.2025 20:41:03][serveritem][give] ShadowPirst obtained 1 of шарскорки1 (§3§lШар Скорости 1)
[16.06.2025 20:41:18][serveritem][give] artemmmmmm121212 obtained 1 of golovas1 (§e§lГолова Сема-Тарли)
[16.06.2025 20:41:36][serveritem][give] artemmmmmm121212 obtained 1 of шарскорки2 (§3§lШар Скорости 2)
[16.06.2025 20:46:12][serveritem][give] sokskks obtained 1 of шарскорки2 (§3§lШар Скорости 2)
[16.06.2025 20:49:54][serveritem][give] 1VIRUSSS1 obtained 1 of golovas3 (§6§l§nГэндальф)
[16.06.2025 20:50:04][serveritem][give] Hyp3rWilliamsKi obtained 1 of секирахаоса (§4§lСекира Хаоса)
[16.06.2025 20:50:06][serveritem][give] Hyp3rWilliamsKi obtained 1 of golovas4 (§5§lГолова Гарри-Поттера)
[16.06.2025 20:54:40][serveritem][give] ShadowPirst obtained 1 of секирахаоса (§4§lСекира Хаоса)
[16.06.2025 20:54:43][serveritem][give] ShadowPirst obtained 1 of golovas1 (§e§lГолова Сема-Тарли)
[16.06.2025 20:59:19][serveritem][give] baklan4ik obtained 1 of шарздоровья1 (§d§lШар Здоровья 1)
[16.06.2025 21:02:10][serveritem][give] GyDfAzErerer2 obtained 1 of golovas1 (§e§lГолова Сема-Тарли)
[16.06.2025 21:03:43][serveritem][give] artemmmmmm121212 obtained 1 of golovas1 (§e§lГолова Сема-Тарли)
[16.06.2025 21:05:18][serveritem][give] McSwag obtained 1 of секирахаоса (§4§lСекира Хаоса)
[16.06.2025 21:05:28][serveritem][give] _UwU_ obtained 1 of season5 (§6§lГолова Зеницу)
[16.06.2025 21:08:13][serveritem][give] Sphinx_FPS obtained 1 of секирахаоса (§4§lСекира Хаоса)
[16.06.2025 21:12:34][serveritem][give] hghu7y obtained 1 of golovas4 (§5§lГолова Гарри-Поттера)
[16.06.2025 21:16:23][serveritem][give] bubilda_1234 obtained 1 of секирахаоса (§4§lСекира Хаоса)
[16.06.2025 21:19:08][serveritem][give] fvfvfvfvfv777 obtained 1 of секирахаоса (§4§lСекира Хаоса)
[16.06.2025 21:19:18][serveritem][give] bubilda_1234 obtained 1 of шарздоровья1 (§d§lШар Здоровья 1)
[16.06.2025 21:21:26][serveritem][give] kabinlomateli123 obtained 1 of шарздоровья3 (§d§lШар Здоровья 3)
[16.06.2025 21:24:22][serveritem][give] dota1234517 obtained 1 of секирахаоса (§4§lСекира Хаоса)
[16.06.2025 21:25:31][serveritem][give] tirujean obtained 1 of секирахаоса (§4§lСекира Хаоса)
[16.06.2025 21:26:42][serveritem][give] sematorulove obtained 1 of golovas4 (§5§lГолова Гарри-Поттера)
[16.06.2025 21:27:52][serveritem][give] skarpion2482 obtained 1 of шарздоровья2 (§d§lШар Здоровья 2)
[16.06.2025 21:28:36][serveritem][give] skarpion2482 obtained 1 of шарздоровья3 (§d§lШар Здоровья 3)
[16.06.2025 21:28:57][serveritem][give] skarpion2482 obtained 1 of шарздоровья1 (§d§lШар Здоровья 1)
[16.06.2025 21:29:32][serveritem][give] skarpion2482 obtained 1 of шарскорки2 (§3§lШар Скорости 2)
[16.06.2025 21:29:45][serveritem][give] skarpion2482 obtained 1 of шарскорки2 (§3§lШар Скорости 2)
[16.06.2025 21:29:58][serveritem][give] leshkin_kur obtained 1 of секирахаоса (§4§lСекира Хаоса)
[16.06.2025 21:30:00][serveritem][give] leshkin_kur obtained 1 of golovas4 (§5§lГолова Гарри-Поттера)
[16.06.2025 21:32:14][serveritem][give] fvfvfvfvfv777 obtained 1 of golovas4 (§5§lГолова Гарри-Поттера)
[16.06.2025 21:32:15][serveritem][give] fvfvfvfvfv777 obtained 1 of секирахаоса (§4§lСекира Хаоса)
[16.06.2025 21:32:49][serveritem][give] PixelAura obtained 1 of шарскорки2 (§3§lШар Скорости 2)
[16.06.2025 21:34:20][serveritem][give] pakses2341 obtained 1 of секирахаоса (§4§lСекира Хаоса)
[16.06.2025 21:36:50][serveritem][give] mainkraft3000 obtained 1 of шарздоровья3 (§d§lШар Здоровья 3)
[16.06.2025 21:38:37][serveritem][give] izkiclpvp obtained 1 of golovas4 (§5§lГолова Гарри-Поттера)
[16.06.2025 21:41:38][serveritem][give] Hyp3rWilliamsKi obtained 1 of секирахаоса (§4§lСекира Хаоса)
[16.06.2025 21:41:39][serveritem][give] Hyp3rWilliamsKi obtained 1 of golovas4 (§5§lГолова Гарри-Поттера)
[16.06.2025 21:43:59][serveritem][give] avavava123 obtained 1 of шарскорки2 (§3§lШар Скорости 2)
[16.06.2025 21:47:07][serveritem][give] ja_hakygay obtained 1 of секирахаоса (§4§lСекира Хаоса)
[16.06.2025 21:47:07][serveritem][give] ja_hakygay obtained 1 of golovas4 (§5§lГолова Гарри-Поттера)
[16.06.2025 21:49:18][serveritem][give] avavava123 obtained 1 of шарскорки2 (§3§lШар Скорости 2)
[16.06.2025 21:49:35][serveritem][give] Sphinx_FPS obtained 1 of секирахаоса (§4§lСекира Хаоса)
[16.06.2025 21:51:56][serveritem][give] _UwU_ obtained 1 of season5 (§6§lГолова Зеницу)
[16.06.2025 21:55:11][serveritem][give] operer123456 obtained 1 of шарздоровья1 (§d§lШар Здоровья 1)
[16.06.2025 21:55:59][serveritem][give] yuko_d obtained 1 of секирахаоса (§4§lСекира Хаоса)
[16.06.2025 21:56:12][serveritem][give] yuko_d obtained 1 of golovas4 (§5§lГолова Гарри-Поттера)
[16.06.2025 21:56:53][serveritem][give] Sphinx_FPS obtained 1 of секирахаоса (§4§lСекира Хаоса)
[16.06.2025 21:57:22][serveritem][give] Kt4ik_ZXC obtained 1 of шарздоровья3 (§d§lШар Здоровья 3)
[16.06.2025 21:59:02][serveritem][give] mamk2019 obtained 1 of golovas1 (§e§lГолова Сема-Тарли)
[16.06.2025 22:00:31][serveritem][give] adadad obtained 1 of шаротбр2 (§9§lШар Отбрасывания 2)
[16.06.2025 22:00:58][serveritem][give] NuckaBAF_MSK obtained 1 of шаршипа2 (§2§lШар Шипов 2)
[16.06.2025 22:01:55][serveritem][give] miscka_SSG obtained 1 of golovas1 (§e§lГолова Сема-Тарли)
[16.06.2025 22:03:18][serveritem][give] KrokoChlen obtained 1 of секирахаоса (§4§lСекира Хаоса)
[16.06.2025 22:03:46][serveritem][give] fdsss obtained 1 of golovas3 (§6§l§nГэндальф)
[16.06.2025 22:05:43][serveritem][give] KrokoChlen obtained 1 of golovas4 (§5§lГолова Гарри-Поттера)
[16.06.2025 22:06:12][serveritem][give] Aboba1000_88 obtained 1 of golovas1 (§e§lГолова Сема-Тарли)
[16.06.2025 22:06:14][serveritem][give] Aboba1000_88 obtained 1 of golovas2 (§b§lГолова Цири)
[16.06.2025 22:06:14][serveritem][give] Aboba1000_88 obtained 1 of golovas4 (§5§lГолова Гарри-Поттера)
[16.06.2025 22:06:15][serveritem][give] Aboba1000_88 obtained 1 of golovas3 (§6§l§nГэндальф)
[16.06.2025 22:09:13][serveritem][give] DLCStorm_SUS obtained 1 of golovas4 (§5§lГолова Гарри-Поттера)
[16.06.2025 22:11:14][serveritem][give] Tachadik obtained 1 of golovas3 (§6§l§nГэндальф)
[16.06.2025 22:11:23][serveritem][give] Tachadik obtained 1 of golovas1 (§e§lГолова Сема-Тарли)
[16.06.2025 22:12:08][serveritem][give] Hyp3rWilliamsKi obtained 1 of секирахаоса (§4§lСекира Хаоса)
[16.06.2025 22:12:09][serveritem][give] Hyp3rWilliamsKi obtained 1 of golovas4 (§5§lГолова Гарри-Поттера)
[16.06.2025 22:13:07][serveritem][give] fasateme435 obtained 1 of golovas1 (§e§lГолова Сема-Тарли)
[16.06.2025 22:13:08][serveritem][give] mkopzvn173 obtained 1 of секирахаоса (§4§lСекира Хаоса)
[16.06.2025 22:15:27][serveritem][give] Aboba1000_88 obtained 1 of секирахаоса (§4§lСекира Хаоса)
[16.06.2025 22:15:28][serveritem][give] Aboba1000_88 obtained 1 of секирахаоса (§4§lСекира Хаоса)
[16.06.2025 22:15:29][serveritem][give] Aboba1000_88 obtained 1 of секирахаоса (§4§lСекира Хаоса)
[16.06.2025 22:15:33][serveritem][give] Aboba1000_88 obtained 1 of секирахаоса (§4§lСекира Хаоса)
[16.06.2025 22:18:20][serveritem][give] Ruben777 obtained 1 of golovas4 (§5§lГолова Гарри-Поттера)
[16.06.2025 22:22:00][serveritem][give] swsesax obtained 1 of golovas4 (§5§lГолова Гарри-Поттера)
[16.06.2025 22:24:42][serveritem][give] Nucka777_RGB obtained 1 of golovas4 (§5§lГолова Гарри-Поттера)
[16.06.2025 22:26:39][serveritem][give] dan1ksr obtained 1 of секирахаоса (§4§lСекира Хаоса)
[16.06.2025 22:26:52][serveritem][give] 888000 obtained 1 of шарздоровья3 (§d§lШар Здоровья 3)
[16.06.2025 22:27:48][serveritem][give] moxito900 obtained 1 of golovas4 (§5§lГолова Гарри-Поттера)
[16.06.2025 22:29:09][serveritem][give] oker1234567 obtained 1 of шарздоровья1 (§d§lШар Здоровья 1)
[16.06.2025 22:29:16][serveritem][give] oker1234567 obtained 1 of шарздоровья3 (§d§lШар Здоровья 3)
[16.06.2025 22:29:53][serveritem][give] dan1ksr obtained 1 of golovas4 (§5§lГолова Гарри-Поттера)
[16.06.2025 22:33:21][serveritem][give] RU_KokanM3ga obtained 1 of golovas1 (§e§lГолова Сема-Тарли)
[16.06.2025 22:34:00][serveritem][give] RU_KokanM3ga obtained 1 of шарскорки2 (§3§lШар Скорости 2)
[16.06.2025 22:36:19][serveritem][give] HaAANTIS obtained 1 of шарздоровья2 (§d§lШар Здоровья 2)
[16.06.2025 22:41:05][serveritem][give] ebash_4urok obtained 1 of golovas4 (§5§lГолова Гарри-Поттера)
[16.06.2025 22:41:06][serveritem][give] ebash_4urok obtained 1 of golovas3 (§6§l§nГэндальф)
[16.06.2025 22:41:06][serveritem][give] ebash_4urok obtained 1 of golovas4 (§5§lГолова Гарри-Поттера)
[16.06.2025 22:45:45][serveritem][give] moxito900 obtained 1 of golovas4 (§5§lГолова Гарри-Поттера)
[16.06.2025 22:45:49][serveritem][give] moxito900 obtained 1 of секирахаоса (§4§lСекира Хаоса)
[16.06.2025 22:46:20][serveritem][give] awfgaegfhselkjfs obtained 1 of секирахаоса (§4§lСекира Хаоса)
[16.06.2025 22:51:00][serveritem][give] avavava123 obtained 1 of шарскорки2 (§3§lШар Скорости 2)
[16.06.2025 22:52:28][serveritem][give] tirujean obtained 1 of секирахаоса (§4§lСекира Хаоса)
[16.06.2025 22:55:52][serveritem][give] dma3442424244 obtained 1 of шарздоровья3 (§d§lШар Здоровья 3)
[16.06.2025 23:00:09][serveritem][give] oker1234567 obtained 1 of шарскорки2 (§3§lШар Скорости 2)
[16.06.2025 23:00:09][serveritem][give] oker1234567 obtained 1 of шарскорки2 (§3§lШар Скорости 2)
[16.06.2025 23:02:05][serveritem][give] sexvibe0 obtained 1 of шарскорки2 (§3§lШар Скорости 2)
[16.06.2025 23:02:06][serveritem][give] sexvibe0 obtained 1 of шарскорки2 (§3§lШар Скорости 2)
[16.06.2025 23:08:46][serveritem][give] noer_papoan obtained 1 of golovas4 (§5§lГолова Гарри-Поттера)
[16.06.2025 23:27:17][serveritem][give] TheVan1k obtained 1 of golovas4 (§5§lГолова Гарри-Поттера)
[16.06.2025 23:32:49][serveritem][give] jefferyfrancy68 obtained 1 of golovas4 (§5§lГолова Гарри-Поттера)
[16.06.2025 23:33:22][serveritem][give] jmeme obtained 1 of секирахаоса (§4§lСекира Хаоса)
[16.06.2025 23:35:38][serveritem][give] ktoya obtained 1 of golovas4 (§5§lГолова Гарри-Поттера)
[16.06.2025 23:52:45][serveritem][give] GyDfAzErerer8 obtained 1 of шаршипа2 (§2§lШар Шипов 2)
[16.06.2025 23:58:34][serveritem][give] kiril90085 obtained 1 of golovas4 (§5§lГолова Гарри-Поттера)
