[31.05.2025 01:19:08][serveritem][give] megaflopa obtained 1 of шарскорки1 (§3§lШар Скорости 1)
[31.05.2025 01:36:31][serveritem][give] Mektraxer obtained 1 of golovas1 (§e§lГолова Сема-Тарли)
[31.05.2025 03:07:17][serveritem][give] Amyr_86 obtained 1 of секирахаоса (§4§lСекира Хаоса)
[31.05.2025 04:24:01][serveritem][give] hinkal09 obtained 1 of шарздоровья3 (§d§lШар Здоровья 3)
[31.05.2025 04:37:22][serveritem][give] Mektraxer obtained 1 of golovas1 (§e§lГолова Сема-Тарли)
[31.05.2025 04:37:44][serveritem][give] PPERCHECKRW obtained 1 of секирахаоса (§4§lСекира Хаоса)
[31.05.2025 04:37:47][serveritem][give] PPERCHECKRW obtained 1 of секирахаоса (§4§lСекира Хаоса)
[31.05.2025 05:23:36][serveritem][give] GeGe_pRoShKa obtained 1 of golovas4 (§5§lГолова Гарри-Поттера)
[31.05.2025 05:23:45][serveritem][give] Tikonchik obtained 1 of секирахаоса (§4§lСекира Хаоса)
[31.05.2025 05:28:18][serveritem][give] O4KAPUK_1337 obtained 1 of golovas4 (§5§lГолова Гарри-Поттера)
[31.05.2025 05:28:19][serveritem][give] O4KAPUK_1337 obtained 1 of секирахаоса (§4§lСекира Хаоса)
[31.05.2025 05:30:50][serveritem][give] Mama_ckul obtained 1 of шарскорки2 (§3§lШар Скорости 2)
[31.05.2025 05:38:30][serveritem][give] wexiidee obtained 1 of шарздоровья3 (§d§lШар Здоровья 3)
[31.05.2025 05:39:08][serveritem][give] Dream_89901877 obtained 1 of golovas4 (§5§lГолова Гарри-Поттера)
[31.05.2025 06:30:15][serveritem][give] LG_GROM_ZLOY obtained 1 of golovas4 (§5§lГолова Гарри-Поттера)
[31.05.2025 06:38:28][serveritem][give] _ZefirkaMB obtained 1 of golovas4 (§5§lГолова Гарри-Поттера)
[31.05.2025 06:45:01][serveritem][give] anarhia_top456 obtained 1 of golovas1 (§e§lГолова Сема-Тарли)
[31.05.2025 06:48:44][serveritem][give] popa4ka313313 obtained 1 of шарскорки1 (§3§lШар Скорости 1)
[31.05.2025 07:05:35][serveritem][give] pumotop obtained 1 of шарскорки2 (§3§lШар Скорости 2)
[31.05.2025 07:06:11][serveritem][give] tapok_deda5656 obtained 1 of шарскорки2 (§3§lШар Скорости 2)
[31.05.2025 07:07:07][serveritem][give] tapok_deda5656 obtained 1 of секирахаоса (§4§lСекира Хаоса)
[31.05.2025 07:07:28][serveritem][give] hgtedryu obtained 1 of golovas2 (§b§lГолова Цири)
[31.05.2025 07:08:03][serveritem][give] PussyYourMom obtained 1 of golovas1 (§e§lГолова Сема-Тарли)
[31.05.2025 07:08:27][serveritem][give] shapa obtained 1 of golovas1 (§e§lГолова Сема-Тарли)
[31.05.2025 07:08:31][serveritem][give] Vivi_L0V3__97 obtained 1 of golovas1 (§e§lГолова Сема-Тарли)
[31.05.2025 07:09:57][serveritem][give] Vivi_L0V3__97 obtained 1 of шарскорки2 (§3§lШар Скорости 2)
[31.05.2025 07:14:17][serveritem][give] wexiidee obtained 1 of шарздоровья1 (§d§lШар Здоровья 1)
[31.05.2025 07:14:21][serveritem][give] portososka obtained 1 of golovas4 (§5§lГолова Гарри-Поттера)
[31.05.2025 07:14:25][serveritem][give] portososka obtained 1 of golovas1 (§e§lГолова Сема-Тарли)
[31.05.2025 07:14:27][serveritem][give] Proverka1 obtained 1 of шарздоровья1 (§d§lШар Здоровья 1)
[31.05.2025 07:17:41][serveritem][give] portosambari obtained 1 of golovas4 (§5§lГолова Гарри-Поттера)
[31.05.2025 07:17:41][serveritem][give] portosambari obtained 1 of golovas1 (§e§lГолова Сема-Тарли)
[31.05.2025 07:20:22][serveritem][give] brawedanik obtained 1 of шарздоровья3 (§d§lШар Здоровья 3)
[31.05.2025 07:24:15][serveritem][give] CutVeins_SEX obtained 1 of golovas3 (§6§l§nГэндальф)
[31.05.2025 07:24:32][serveritem][give] PussyYourMom obtained 1 of golovas1 (§e§lГолова Сема-Тарли)
[31.05.2025 07:24:41][serveritem][give] BalckTeaGemer obtained 1 of шарздоровья3 (§d§lШар Здоровья 3)
[31.05.2025 07:29:46][serveritem][give] Vivi_L0V3__97 obtained 1 of шарскорки2 (§3§lШар Скорости 2)
[31.05.2025 07:29:57][serveritem][give] Vivi_L0V3__97 obtained 1 of golovas1 (§e§lГолова Сема-Тарли)
[31.05.2025 07:31:17][serveritem][give] LG_GROM_ZLOY obtained 1 of golovas4 (§5§lГолова Гарри-Поттера)
[31.05.2025 07:34:12][serveritem][give] shapa obtained 1 of golovas1 (§e§lГолова Сема-Тарли)
[31.05.2025 07:36:14][serveritem][give] PussyYourMom obtained 1 of шарскорки2 (§3§lШар Скорости 2)
[31.05.2025 07:41:33][serveritem][give] jisnvaram obtained 1 of golovas4 (§5§lГолова Гарри-Поттера)
[31.05.2025 07:41:58][serveritem][give] 3635125 obtained 1 of секирахаоса (§4§lСекира Хаоса)
[31.05.2025 07:42:48][serveritem][give] hgtedryu obtained 1 of секирахаоса (§4§lСекира Хаоса)
[31.05.2025 07:44:42][serveritem][give] loveviku obtained 1 of секирахаоса (§4§lСекира Хаоса)
[31.05.2025 07:44:57][serveritem][give] loveviku obtained 1 of golovas3 (§6§l§nГэндальф)
[31.05.2025 07:45:43][serveritem][give] loveviku obtained 1 of секирахаоса (§4§lСекира Хаоса)
[31.05.2025 07:45:43][serveritem][give] loveviku obtained 1 of секирахаоса (§4§lСекира Хаоса)
[31.05.2025 07:45:43][serveritem][give] loveviku obtained 1 of секирахаоса (§4§lСекира Хаоса)
[31.05.2025 07:45:44][serveritem][give] loveviku obtained 1 of секирахаоса (§4§lСекира Хаоса)
[31.05.2025 07:45:44][serveritem][give] loveviku obtained 1 of секирахаоса (§4§lСекира Хаоса)
[31.05.2025 07:45:44][serveritem][give] loveviku obtained 1 of секирахаоса (§4§lСекира Хаоса)
[31.05.2025 07:45:44][serveritem][give] loveviku obtained 1 of секирахаоса (§4§lСекира Хаоса)
[31.05.2025 07:45:44][serveritem][give] loveviku obtained 1 of секирахаоса (§4§lСекира Хаоса)
[31.05.2025 07:45:44][serveritem][give] loveviku obtained 1 of секирахаоса (§4§lСекира Хаоса)
[31.05.2025 07:45:45][serveritem][give] loveviku obtained 1 of секирахаоса (§4§lСекира Хаоса)
[31.05.2025 07:45:45][serveritem][give] loveviku obtained 1 of секирахаоса (§4§lСекира Хаоса)
[31.05.2025 07:45:45][serveritem][give] loveviku obtained 1 of секирахаоса (§4§lСекира Хаоса)
[31.05.2025 07:45:45][serveritem][give] loveviku obtained 1 of секирахаоса (§4§lСекира Хаоса)
[31.05.2025 07:45:45][serveritem][give] loveviku obtained 1 of секирахаоса (§4§lСекира Хаоса)
[31.05.2025 07:49:49][serveritem][give] arte123m obtained 1 of секирахаоса (§4§lСекира Хаоса)
[31.05.2025 07:50:19][serveritem][give] PussyYourMom obtained 1 of golovas1 (§e§lГолова Сема-Тарли)
[31.05.2025 07:50:54][serveritem][give] arte123m obtained 1 of шарздоровья2 (§d§lШар Здоровья 2)
[31.05.2025 07:51:18][serveritem][give] LG_GROM_ZLOY obtained 1 of golovas4 (§5§lГолова Гарри-Поттера)
[31.05.2025 07:51:29][serveritem][give] PussyYourMom obtained 1 of шарскорки2 (§3§lШар Скорости 2)
[31.05.2025 07:52:53][serveritem][give] artem_228228 obtained 1 of golovas3 (§6§l§nГэндальф)
[31.05.2025 07:53:12][serveritem][give] legendevill obtained 1 of шарздоровья2 (§d§lШар Здоровья 2)
[31.05.2025 07:54:27][serveritem][give] anka456 obtained 1 of golovas1 (§e§lГолова Сема-Тарли)
[31.05.2025 07:56:14][serveritem][give] DULDO_TOP obtained 1 of шарздоровья2 (§d§lШар Здоровья 2)
[31.05.2025 08:05:34][serveritem][give] nizerth obtained 1 of golovas4 (§5§lГолова Гарри-Поттера)
[31.05.2025 08:05:42][serveritem][give] Eva21 obtained 1 of golovas4 (§5§lГолова Гарри-Поттера)
[31.05.2025 08:05:44][serveritem][give] Eva21 obtained 1 of секирахаоса (§4§lСекира Хаоса)
[31.05.2025 08:06:17][serveritem][give] Tusaaaaa obtained 1 of шарздоровья3 (§d§lШар Здоровья 3)
[31.05.2025 08:09:09][serveritem][give] pumotop2011 obtained 1 of golovas4 (§5§lГолова Гарри-Поттера)
[31.05.2025 08:09:17][serveritem][give] pumotop2011 obtained 1 of шарскорки2 (§3§lШар Скорости 2)
[31.05.2025 08:09:59][serveritem][give] anka456 obtained 1 of golovas1 (§e§lГолова Сема-Тарли)
[31.05.2025 08:10:04][serveritem][give] anka456 obtained 1 of секирахаоса (§4§lСекира Хаоса)
[31.05.2025 08:13:25][serveritem][give] Vivi_L0V3__97 obtained 1 of секирахаоса (§4§lСекира Хаоса)
[31.05.2025 08:13:26][serveritem][give] Vivi_L0V3__97 obtained 1 of golovas2 (§b§lГолова Цири)
[31.05.2025 08:13:58][serveritem][give] Vivi_L0V3__97 obtained 1 of шарскорки2 (§3§lШар Скорости 2)
[31.05.2025 08:14:54][serveritem][give] portosaw obtained 1 of golovas4 (§5§lГолова Гарри-Поттера)
[31.05.2025 08:17:44][serveritem][give] Sownics obtained 1 of шарздоровья3 (§d§lШар Здоровья 3)
[31.05.2025 08:20:43][serveritem][give] Bro9i obtained 1 of golovas4 (§5§lГолова Гарри-Поттера)
[31.05.2025 08:24:11][serveritem][give] Joni2021 obtained 1 of шарздоровья3 (§d§lШар Здоровья 3)
[31.05.2025 08:31:02][serveritem][give] byterbrodaaaa obtained 1 of golovas4 (§5§lГолова Гарри-Поттера)
[31.05.2025 08:31:25][serveritem][give] edvinanidesk obtained 1 of секирахаоса (§4§lСекира Хаоса)
[31.05.2025 08:35:05][serveritem][give] PussyYourMom obtained 1 of golovas1 (§e§lГолова Сема-Тарли)
[31.05.2025 08:36:59][serveritem][give] jigari123 obtained 1 of шарздоровья3 (§d§lШар Здоровья 3)
[31.05.2025 08:37:00][serveritem][give] anarhia_top457 obtained 1 of golovas1 (§e§lГолова Сема-Тарли)
[31.05.2025 08:37:02][serveritem][give] anarhia_top457 obtained 1 of секирахаоса (§4§lСекира Хаоса)
[31.05.2025 08:40:13][serveritem][give] _syirex_ obtained 1 of секирахаоса (§4§lСекира Хаоса)
[31.05.2025 08:40:20][serveritem][give] _syirex_ obtained 1 of golovas4 (§5§lГолова Гарри-Поттера)
[31.05.2025 08:44:01][serveritem][give] super_globus obtained 1 of шарскорки2 (§3§lШар Скорости 2)
[31.05.2025 08:44:20][serveritem][give] snisuez1337 obtained 1 of golovas4 (§5§lГолова Гарри-Поттера)
[31.05.2025 08:44:20][serveritem][give] super_globus obtained 1 of шарздоровья3 (§d§lШар Здоровья 3)
[31.05.2025 08:44:21][serveritem][give] super_globus obtained 1 of шаршипа2 (§2§lШар Шипов 2)
[31.05.2025 08:44:22][serveritem][give] snisuez1337 obtained 1 of секирахаоса (§4§lСекира Хаоса)
[31.05.2025 08:44:22][serveritem][give] super_globus obtained 1 of шаротбр2 (§9§lШар Отбрасывания 2)
[31.05.2025 08:44:27][serveritem][give] minimasha obtained 1 of секирахаоса (§4§lСекира Хаоса)
[31.05.2025 08:47:45][serveritem][give] minimasha obtained 1 of шарздоровья3 (§d§lШар Здоровья 3)
[31.05.2025 08:47:45][serveritem][give] super_globus obtained 1 of секирахаоса (§4§lСекира Хаоса)
[31.05.2025 08:47:52][serveritem][give] super_globus obtained 1 of golovas2 (§b§lГолова Цири)
[31.05.2025 08:47:54][serveritem][give] minimasha obtained 1 of шарскорки2 (§3§lШар Скорости 2)
[31.05.2025 08:48:44][serveritem][give] Bro9i obtained 1 of golovas4 (§5§lГолова Гарри-Поттера)
[31.05.2025 08:50:38][serveritem][give] minimasha obtained 1 of шарздоровья3 (§d§lШар Здоровья 3)
[31.05.2025 08:52:02][serveritem][give] CutVeins_SEX obtained 1 of секирахаоса (§4§lСекира Хаоса)
[31.05.2025 08:52:25][serveritem][give] minimasha obtained 1 of секирахаоса (§4§lСекира Хаоса)
[31.05.2025 08:58:24][serveritem][give] jigari123 obtained 1 of golovas4 (§5§lГолова Гарри-Поттера)
[31.05.2025 08:58:24][serveritem][give] jigari123 obtained 1 of golovas4 (§5§lГолова Гарри-Поттера)
[31.05.2025 08:59:23][serveritem][give] snisuez1337 obtained 1 of секирахаоса (§4§lСекира Хаоса)
[31.05.2025 09:00:57][serveritem][give] snisuez1337 obtained 1 of golovas2 (§b§lГолова Цири)
[31.05.2025 09:01:48][serveritem][give] hinkal09 obtained 1 of golovas4 (§5§lГолова Гарри-Поттера)
[31.05.2025 09:09:23][serveritem][give] meshogwe8 obtained 1 of секирахаоса (§4§lСекира Хаоса)
[31.05.2025 09:13:19][serveritem][give] quinttwisted247 obtained 1 of шарскорки1 (§3§lШар Скорости 1)
[31.05.2025 09:15:15][serveritem][give] lawazd52 obtained 1 of golovas1 (§e§lГолова Сема-Тарли)
[31.05.2025 09:16:58][serveritem][give] MIXA_228 obtained 1 of секирахаоса (§4§lСекира Хаоса)
[31.05.2025 09:20:01][serveritem][give] SSSdorik obtained 1 of секирахаоса (§4§lСекира Хаоса)
[31.05.2025 09:22:44][serveritem][give] Kendirw obtained 1 of шарздоровья3 (§d§lШар Здоровья 3)
[31.05.2025 09:32:01][serveritem][give] Zaletelpodbit obtained 1 of шарскорки1 (§3§lШар Скорости 1)
[31.05.2025 09:33:31][serveritem][give] warden_3ara3a1 obtained 1 of golovas3 (§6§l§nГэндальф)
[31.05.2025 09:35:50][serveritem][give] LowRrus970 obtained 1 of golovas4 (§5§lГолова Гарри-Поттера)
[31.05.2025 09:35:51][serveritem][give] LowRrus970 obtained 1 of golovas4 (§5§lГолова Гарри-Поттера)
[31.05.2025 09:35:51][serveritem][give] LowRrus970 obtained 1 of golovas4 (§5§lГолова Гарри-Поттера)
[31.05.2025 09:48:52][serveritem][give] zabaitrl1x0 obtained 1 of шарскорки2 (§3§lШар Скорости 2)
[31.05.2025 09:50:30][serveritem][give] Rudi_233 obtained 1 of шарздоровья1 (§d§lШар Здоровья 1)
[31.05.2025 09:50:51][serveritem][give] WZy_rsnt obtained 1 of шарздоровья3 (§d§lШар Здоровья 3)
[31.05.2025 09:51:46][serveritem][give] snisuez1337 obtained 1 of golovas4 (§5§lГолова Гарри-Поттера)
[31.05.2025 09:51:46][serveritem][give] snisuez1337 obtained 1 of секирахаоса (§4§lСекира Хаоса)
[31.05.2025 09:52:23][serveritem][give] Alesfeizzz obtained 1 of шаршипа2 (§2§lШар Шипов 2)
[31.05.2025 09:52:24][serveritem][give] nizerth obtained 1 of golovas4 (§5§lГолова Гарри-Поттера)
[31.05.2025 09:52:24][serveritem][give] nizerth obtained 1 of golovas4 (§5§lГолова Гарри-Поттера)
[31.05.2025 09:54:00][serveritem][give] lupachka229 obtained 1 of секирахаоса (§4§lСекира Хаоса)
[31.05.2025 09:54:09][serveritem][give] MLGlox5 obtained 1 of golovas4 (§5§lГолова Гарри-Поттера)
[31.05.2025 09:54:32][serveritem][give] LowRrus970 obtained 1 of шарскорки2 (§3§lШар Скорости 2)
[31.05.2025 09:54:35][serveritem][give] LowRrus970 obtained 1 of шарскорки2 (§3§lШар Скорости 2)
[31.05.2025 09:55:17][serveritem][give] arte123m obtained 1 of секирахаоса (§4§lСекира Хаоса)
[31.05.2025 10:12:01][serveritem][give] tt_superr1sen obtained 1 of golovas4 (§5§lГолова Гарри-Поттера)
[31.05.2025 10:13:26][serveritem][give] Rudi_233 obtained 1 of golovas1 (§e§lГолова Сема-Тарли)
[31.05.2025 10:16:18][serveritem][give] codefuda obtained 1 of шарздоровья3 (§d§lШар Здоровья 3)
[31.05.2025 10:20:22][serveritem][give] artem_228228 obtained 1 of golovas1 (§e§lГолова Сема-Тарли)
[31.05.2025 10:21:37][serveritem][give] codefuda obtained 1 of шарскорки2 (§3§lШар Скорости 2)
[31.05.2025 10:26:34][serveritem][give] palma86753421 obtained 1 of секирахаоса (§4§lСекира Хаоса)
[31.05.2025 10:28:38][serveritem][give] matveyblooody obtained 1 of golovas1 (§e§lГолова Сема-Тарли)
[31.05.2025 10:35:37][serveritem][give] Amyr_86 obtained 1 of golovas4 (§5§lГолова Гарри-Поттера)
[31.05.2025 10:36:49][serveritem][give] MrSwaga obtained 1 of шарскорки2 (§3§lШар Скорости 2)
[31.05.2025 10:37:50][serveritem][give] Globi_warms obtained 1 of секирахаоса (§4§lСекира Хаоса)
[31.05.2025 10:46:32][serveritem][give] plzzzz3000k obtained 1 of шарздоровья1 (§d§lШар Здоровья 1)
[31.05.2025 10:46:32][serveritem][give] plzzzz3000k obtained 1 of шарздоровья1 (§d§lШар Здоровья 1)
[31.05.2025 10:46:32][serveritem][give] plzzzz3000k obtained 1 of шарздоровья1 (§d§lШар Здоровья 1)
[31.05.2025 10:46:33][serveritem][give] plzzzz3000k obtained 1 of шарздоровья1 (§d§lШар Здоровья 1)
[31.05.2025 10:46:33][serveritem][give] plzzzz3000k obtained 1 of шарздоровья1 (§d§lШар Здоровья 1)
[31.05.2025 10:48:30][serveritem][give] nasati_akvi4 obtained 1 of шарздоровья2 (§d§lШар Здоровья 2)
[31.05.2025 10:53:40][serveritem][give] Globi_warms obtained 1 of шарскорки2 (§3§lШар Скорости 2)
[31.05.2025 11:01:42][serveritem][give] Andreyhaccer2013 obtained 1 of шарскорки2 (§3§lШар Скорости 2)
[31.05.2025 11:02:54][serveritem][give] tocno_nesoft_lol obtained 1 of golovas4 (§5§lГолова Гарри-Поттера)
[31.05.2025 11:02:56][serveritem][give] tocno_nesoft_lol obtained 1 of секирахаоса (§4§lСекира Хаоса)
[31.05.2025 11:07:30][serveritem][give] e4r34r3rr23r32r3 obtained 1 of секирахаоса (§4§lСекира Хаоса)
[31.05.2025 11:11:51][serveritem][give] UkrainNosok obtained 1 of шарздоровья2 (§d§lШар Здоровья 2)
[31.05.2025 11:19:05][serveritem][give] nasati_akvi4 obtained 1 of шарскорки2 (§3§lШар Скорости 2)
[31.05.2025 11:21:43][serveritem][give] SkaiFoM obtained 1 of golovas1 (§e§lГолова Сема-Тарли)
[31.05.2025 11:22:37][serveritem][give] N3chto obtained 1 of golovas2 (§b§lГолова Цири)
[31.05.2025 11:29:15][serveritem][give] shapa obtained 1 of golovas1 (§e§lГолова Сема-Тарли)
[31.05.2025 11:32:08][serveritem][give] ebu4er obtained 1 of шарскорки2 (§3§lШар Скорости 2)
[31.05.2025 11:34:55][serveritem][give] ttytytyt obtained 1 of шарздоровья3 (§d§lШар Здоровья 3)
[31.05.2025 11:34:56][serveritem][give] ttytytyt obtained 1 of шарскорки2 (§3§lШар Скорости 2)
[31.05.2025 11:36:50][serveritem][give] _syirex_ obtained 1 of секирахаоса (§4§lСекира Хаоса)
[31.05.2025 11:36:54][serveritem][give] _syirex_ obtained 1 of golovas1 (§e§lГолова Сема-Тарли)
[31.05.2025 11:36:55][serveritem][give] _syirex_ obtained 1 of golovas4 (§5§lГолова Гарри-Поттера)
[31.05.2025 11:36:57][serveritem][give] _syirex_ obtained 1 of golovas2 (§b§lГолова Цири)
[31.05.2025 11:36:58][serveritem][give] _syirex_ obtained 1 of golovas3 (§6§l§nГэндальф)
[31.05.2025 11:39:22][serveritem][give] ttytytyt obtained 1 of шарздоровья3 (§d§lШар Здоровья 3)
[31.05.2025 11:45:02][serveritem][give] IvanZOlo2004 obtained 1 of golovas1 (§e§lГолова Сема-Тарли)
[31.05.2025 11:47:59][serveritem][give] tregdffgl obtained 1 of шарздоровья3 (§d§lШар Здоровья 3)
[31.05.2025 11:47:59][serveritem][give] tregdffgl obtained 1 of шарскорки2 (§3§lШар Скорости 2)
[31.05.2025 11:48:20][serveritem][give] GEROIN_TYT69 obtained 1 of golovas4 (§5§lГолова Гарри-Поттера)
[31.05.2025 11:48:30][serveritem][give] Sasha5606 obtained 1 of шарздоровья3 (§d§lШар Здоровья 3)
[31.05.2025 11:48:39][serveritem][give] sik12k obtained 1 of golovas4 (§5§lГолова Гарри-Поттера)
[31.05.2025 11:49:53][serveritem][give] 65u546uy4y45u45u obtained 1 of секирахаоса (§4§lСекира Хаоса)
[31.05.2025 11:50:05][serveritem][give] ilkinrrrrrrr1234 obtained 1 of шарздоровья3 (§d§lШар Здоровья 3)
[31.05.2025 11:53:14][serveritem][give] f34t34t34rt34 obtained 1 of секирахаоса (§4§lСекира Хаоса)
[31.05.2025 11:53:30][serveritem][give] f34t34t34rt34 obtained 1 of шарскорки2 (§3§lШар Скорости 2)
[31.05.2025 11:53:41][serveritem][give] Sasha5606 obtained 1 of секирахаоса (§4§lСекира Хаоса)
[31.05.2025 11:53:54][serveritem][give] Sasha5606 obtained 1 of golovas4 (§5§lГолова Гарри-Поттера)
[31.05.2025 11:54:08][serveritem][give] f34t34t34rt34 obtained 1 of шарскорки2 (§3§lШар Скорости 2)
[31.05.2025 11:59:28][serveritem][give] maken59 obtained 1 of шарздоровья3 (§d§lШар Здоровья 3)
[31.05.2025 12:04:10][serveritem][give] asdasdasd obtained 1 of секирахаоса (§4§lСекира Хаоса)
[31.05.2025 12:04:16][serveritem][give] asdasdasd obtained 1 of golovas1 (§e§lГолова Сема-Тарли)
[31.05.2025 12:04:39][serveritem][give] asdasdasd obtained 1 of шарскорки2 (§3§lШар Скорости 2)
[31.05.2025 12:05:41][serveritem][give] maga_aboqdno obtained 1 of golovas1 (§e§lГолова Сема-Тарли)
[31.05.2025 12:06:50][serveritem][give] sasharsnt1455 obtained 1 of golovas2 (§b§lГолова Цири)
[31.05.2025 12:08:59][serveritem][give] HAHAHAH_22_4 obtained 1 of секирахаоса (§4§lСекира Хаоса)
[31.05.2025 12:09:03][serveritem][give] HAHAHAH_22_4 obtained 1 of golovas4 (§5§lГолова Гарри-Поттера)
[31.05.2025 12:13:20][serveritem][give] asdasdasd obtained 1 of секирахаоса (§4§lСекира Хаоса)
[31.05.2025 12:15:22][serveritem][give] WZy_rsnt obtained 1 of шарздоровья2 (§d§lШар Здоровья 2)
[31.05.2025 12:16:34][serveritem][give] Killis202 obtained 1 of шарздоровья2 (§d§lШар Здоровья 2)
[31.05.2025 12:22:45][serveritem][give] lghjhghjbf obtained 1 of секирахаоса (§4§lСекира Хаоса)
[31.05.2025 12:28:39][serveritem][give] Hero129Fish obtained 1 of шарздоровья2 (§d§lШар Здоровья 2)
[31.05.2025 12:31:50][serveritem][give] wexiidee obtained 1 of шарздоровья3 (§d§lШар Здоровья 3)
[31.05.2025 12:32:57][serveritem][give] artem_228228 obtained 1 of golovas1 (§e§lГолова Сема-Тарли)
[31.05.2025 12:35:32][serveritem][give] zlobiha obtained 1 of golovas1 (§e§lГолова Сема-Тарли)
[31.05.2025 12:42:36][serveritem][give] tt_superr1sen obtained 1 of golovas1 (§e§lГолова Сема-Тарли)
[31.05.2025 13:01:58][serveritem][give] Mektraxer obtained 1 of golovas1 (§e§lГолова Сема-Тарли)
[31.05.2025 13:09:10][serveritem][give] PussyYourMom obtained 1 of golovas1 (§e§lГолова Сема-Тарли)
[31.05.2025 13:10:23][serveritem][give] niko_2000 obtained 1 of шарздоровья3 (§d§lШар Здоровья 3)
[31.05.2025 13:16:30][serveritem][give] 3635125 obtained 1 of golovas4 (§5§lГолова Гарри-Поттера)
[31.05.2025 13:18:51][serveritem][give] HAHAHAH_22_4 obtained 1 of секирахаоса (§4§lСекира Хаоса)
[31.05.2025 13:21:58][serveritem][give] MrSwaga obtained 1 of шарскорки2 (§3§lШар Скорости 2)
[31.05.2025 13:23:17][serveritem][give] hanemiks obtained 1 of шаршипа2 (§2§lШар Шипов 2)
[31.05.2025 13:30:32][serveritem][give] ColdFlame obtained 1 of шарскорки2 (§3§lШар Скорости 2)
[31.05.2025 13:37:33][serveritem][give] HAHAHAH_22_4 obtained 1 of golovas4 (§5§lГолова Гарри-Поттера)
[31.05.2025 13:39:31][serveritem][give] KoliBri2016 obtained 1 of секирахаоса (§4§lСекира Хаоса)
[31.05.2025 13:45:27][serveritem][give] niko_2000 obtained 1 of секирахаоса (§4§lСекира Хаоса)
[31.05.2025 13:45:52][serveritem][give] MrBeasdda obtained 1 of шарскорки1 (§3§lШар Скорости 1)
[31.05.2025 14:02:55][serveritem][give] zloi_zloi obtained 1 of golovas4 (§5§lГолова Гарри-Поттера)
[31.05.2025 14:14:49][serveritem][give] PoMaHTu4Ho obtained 1 of golovas4 (§5§lГолова Гарри-Поттера)
[31.05.2025 14:18:17][serveritem][give] y6y46y4646u5u645 obtained 1 of шарздоровья3 (§d§lШар Здоровья 3)
[31.05.2025 14:21:29][serveritem][give] epor1098 obtained 1 of golovas4 (§5§lГолова Гарри-Поттера)
[31.05.2025 14:21:32][serveritem][give] artem_228228 obtained 1 of golovas1 (§e§lГолова Сема-Тарли)
[31.05.2025 14:34:07][serveritem][give] PoMaHTu4Ho obtained 1 of golovas4 (§5§lГолова Гарри-Поттера)
[31.05.2025 14:39:25][serveritem][give] artem_228228 obtained 1 of golovas1 (§e§lГолова Сема-Тарли)
[31.05.2025 14:41:08][serveritem][give] sersoka obtained 1 of шарздоровья2 (§d§lШар Здоровья 2)
[31.05.2025 14:43:36][serveritem][give] artem_228228 obtained 1 of шарздоровья1 (§d§lШар Здоровья 1)
[31.05.2025 14:44:37][serveritem][give] Globi_warms obtained 1 of golovas1 (§e§lГолова Сема-Тарли)
[31.05.2025 14:47:33][serveritem][give] PoMaHTu4Ho obtained 1 of golovas4 (§5§lГолова Гарри-Поттера)
[31.05.2025 14:47:35][serveritem][give] sdgffasd obtained 1 of golovas1 (§e§lГолова Сема-Тарли)
[31.05.2025 15:20:23][serveritem][give] hanemiks obtained 1 of golovas4 (§5§lГолова Гарри-Поттера)
[31.05.2025 15:33:23][serveritem][give] Andreyhaccer2013 obtained 1 of golovas1 (§e§lГолова Сема-Тарли)
[31.05.2025 15:38:51][serveritem][give] worksaturnthink1 obtained 1 of golovas1 (§e§lГолова Сема-Тарли)
[31.05.2025 15:46:42][serveritem][give] chimin5203 obtained 1 of golovas4 (§5§lГолова Гарри-Поттера)
[31.05.2025 15:51:50][serveritem][give] nasad obtained 1 of шарздоровья3 (§d§lШар Здоровья 3)
[31.05.2025 16:02:27][serveritem][give] artem_228228 obtained 1 of секирахаоса (§4§lСекира Хаоса)
[31.05.2025 16:02:30][serveritem][give] artem_228228 obtained 1 of golovas1 (§e§lГолова Сема-Тарли)
[31.05.2025 16:07:46][serveritem][give] dolbayob4432234 obtained 1 of golovas1 (§e§lГолова Сема-Тарли)
[31.05.2025 16:17:32][serveritem][give] artem_228228 obtained 1 of секирахаоса (§4§lСекира Хаоса)
[31.05.2025 16:17:34][serveritem][give] artem_228228 obtained 1 of golovas1 (§e§lГолова Сема-Тарли)
[31.05.2025 16:23:08][serveritem][give] Compot obtained 1 of шарздоровья1 (§d§lШар Здоровья 1)
[31.05.2025 16:23:19][serveritem][give] Compot obtained 1 of шарскорки1 (§3§lШар Скорости 1)
[31.05.2025 16:31:50][serveritem][give] wexiidee obtained 1 of шарздоровья1 (§d§lШар Здоровья 1)
[31.05.2025 16:32:29][serveritem][give] Eva01 obtained 1 of секирахаоса (§4§lСекира Хаоса)
[31.05.2025 16:54:27][serveritem][give] resentertop obtained 1 of golovas1 (§e§lГолова Сема-Тарли)
[31.05.2025 16:58:24][serveritem][give] sonikas obtained 1 of секирахаоса (§4§lСекира Хаоса)
[31.05.2025 17:13:17][serveritem][give] lepopom obtained 1 of шарздоровья3 (§d§lШар Здоровья 3)
[31.05.2025 17:19:51][serveritem][give] shapa obtained 1 of шарздоровья3 (§d§lШар Здоровья 3)
[31.05.2025 17:33:14][serveritem][give] SolarDragon731 obtained 1 of golovas4 (§5§lГолова Гарри-Поттера)
[31.05.2025 17:36:05][serveritem][give] vaseliska obtained 1 of golovas2 (§b§lГолова Цири)
[31.05.2025 17:41:34][serveritem][give] jisnvaram obtained 1 of golovas4 (§5§lГолова Гарри-Поттера)
[31.05.2025 17:46:47][serveritem][give] BogdanGuz obtained 1 of секирахаоса (§4§lСекира Хаоса)
[31.05.2025 17:46:59][serveritem][give] vaseliska obtained 1 of golovas2 (§b§lГолова Цири)
[31.05.2025 17:47:09][serveritem][give] vaseliska obtained 1 of секирахаоса (§4§lСекира Хаоса)
[31.05.2025 17:48:05][serveritem][give] vlad_152 obtained 1 of шарскорки2 (§3§lШар Скорости 2)
[31.05.2025 17:48:07][serveritem][give] vlad_152 obtained 1 of шарздоровья3 (§d§lШар Здоровья 3)
[31.05.2025 17:48:16][serveritem][give] vlad_152 obtained 1 of шаротбр2 (§9§lШар Отбрасывания 2)
[31.05.2025 17:50:54][serveritem][give] fghdfhgfhfghfgh obtained 1 of golovas2 (§b§lГолова Цири)
[31.05.2025 17:50:55][serveritem][give] fghdfhgfhfghfgh obtained 1 of golovas3 (§6§l§nГэндальф)
[31.05.2025 17:53:49][serveritem][give] fdsfsfs obtained 1 of секирахаоса (§4§lСекира Хаоса)
[31.05.2025 17:53:54][serveritem][give] fdsfsfs obtained 1 of golovas4 (§5§lГолова Гарри-Поттера)
[31.05.2025 17:57:59][serveritem][give] fytytigiyufyuo obtained 1 of golovas4 (§5§lГолова Гарри-Поттера)
[31.05.2025 17:58:48][serveritem][give] fytytigiyufyuo obtained 1 of шарздоровья3 (§d§lШар Здоровья 3)
[31.05.2025 17:59:08][serveritem][give] 9Dream obtained 1 of шарздоровья3 (§d§lШар Здоровья 3)
[31.05.2025 17:59:27][serveritem][give] 9Dream obtained 1 of шарскорки2 (§3§lШар Скорости 2)
[31.05.2025 18:00:09][serveritem][give] straniknik obtained 1 of шаршипа2 (§2§lШар Шипов 2)
[31.05.2025 18:01:50][serveritem][give] Doposz obtained 1 of golovas4 (§5§lГолова Гарри-Поттера)
[31.05.2025 18:01:52][serveritem][give] Doposz obtained 1 of golovas4 (§5§lГолова Гарри-Поттера)
[31.05.2025 18:10:33][serveritem][give] feexxy obtained 1 of golovas3 (§6§l§nГэндальф)
[31.05.2025 18:14:33][serveritem][give] Den37K obtained 1 of секирахаоса (§4§lСекира Хаоса)
[31.05.2025 18:18:26][serveritem][give] huiiiiiiiiiiiiii obtained 1 of секирахаоса (§4§lСекира Хаоса)
[31.05.2025 18:19:03][serveritem][give] ilea_2013_60fps obtained 1 of шарздоровья3 (§d§lШар Здоровья 3)
[31.05.2025 18:29:50][serveritem][give] wexiidee obtained 1 of шаршипа2 (§2§lШар Шипов 2)
[31.05.2025 18:29:53][serveritem][give] wexiidee obtained 1 of шаршипа2 (§2§lШар Шипов 2)
[31.05.2025 18:30:24][serveritem][give] egesgyebc obtained 1 of шарздоровья2 (§d§lШар Здоровья 2)
[31.05.2025 18:31:13][serveritem][give] omar228333 obtained 1 of шарздоровья3 (§d§lШар Здоровья 3)
[31.05.2025 18:31:25][serveritem][give] huiglotalhahaha obtained 1 of секирахаоса (§4§lСекира Хаоса)
[31.05.2025 18:31:30][serveritem][give] huiglotalhahaha obtained 1 of golovas3 (§6§l§nГэндальф)
[31.05.2025 18:58:53][serveritem][give] nmnmnmnmfgddddd obtained 1 of golovas4 (§5§lГолова Гарри-Поттера)
[31.05.2025 19:00:10][serveritem][give] Angelino4ka obtained 1 of шарздоровья2 (§d§lШар Здоровья 2)
[31.05.2025 19:04:33][serveritem][give] superidolsmileee obtained 1 of шарскорки2 (§3§lШар Скорости 2)
[31.05.2025 19:16:15][serveritem][give] sALATIK_2025 obtained 1 of секирахаоса (§4§lСекира Хаоса)
[31.05.2025 19:20:42][serveritem][give] LIMUX1003 obtained 1 of шарздоровья3 (§d§lШар Здоровья 3)
[31.05.2025 19:23:16][serveritem][give] DEDashab obtained 1 of секирахаоса (§4§lСекира Хаоса)
[31.05.2025 19:24:02][serveritem][give] kikrek obtained 1 of шарскорки2 (§3§lШар Скорости 2)
[31.05.2025 19:24:02][serveritem][give] kikrek obtained 1 of шарскорки2 (§3§lШар Скорости 2)
[31.05.2025 19:25:18][serveritem][give] 4nCVLNgX obtained 1 of шарздоровья1 (§d§lШар Здоровья 1)
[31.05.2025 19:26:58][serveritem][give] dolbayob4432234 obtained 1 of секирахаоса (§4§lСекира Хаоса)
[31.05.2025 19:27:50][serveritem][give] olegkola1337 obtained 1 of секирахаоса (§4§lСекира Хаоса)
[31.05.2025 19:28:01][serveritem][give] olegkola1337 obtained 1 of golovas4 (§5§lГолова Гарри-Поттера)
[31.05.2025 19:30:19][serveritem][give] dfgdgdfgyy obtained 1 of шарздоровья1 (§d§lШар Здоровья 1)
[31.05.2025 19:30:19][serveritem][give] dfgdgdfgyy obtained 1 of шарздоровья1 (§d§lШар Здоровья 1)
[31.05.2025 19:30:52][serveritem][give] BASKOOOO1 obtained 1 of шаршипа2 (§2§lШар Шипов 2)
[31.05.2025 19:31:47][serveritem][give] wexiidee obtained 1 of шарздоровья1 (§d§lШар Здоровья 1)
[31.05.2025 19:36:50][serveritem][give] wexiidee obtained 1 of golovas4 (§5§lГолова Гарри-Поттера)
[31.05.2025 19:37:03][serveritem][give] wexiidee obtained 1 of golovas1 (§e§lГолова Сема-Тарли)
[31.05.2025 19:37:41][serveritem][give] wexiidee obtained 1 of golovas3 (§6§l§nГэндальф)
[31.05.2025 19:46:03][serveritem][give] wexiidee obtained 1 of шарздоровья2 (§d§lШар Здоровья 2)
[31.05.2025 20:00:59][serveritem][give] Shama_Youkazzov obtained 1 of шарздоровья3 (§d§lШар Здоровья 3)
[31.05.2025 20:01:34][serveritem][give] uyrety890 obtained 1 of секирахаоса (§4§lСекира Хаоса)
[31.05.2025 20:13:20][serveritem][give] zxchill222 obtained 1 of шарздоровья3 (§d§lШар Здоровья 3)
[31.05.2025 20:17:21][serveritem][give] klevikxleb obtained 1 of golovas4 (§5§lГолова Гарри-Поттера)
[31.05.2025 20:17:35][serveritem][give] EgorE12345gg432 obtained 1 of секирахаоса (§4§lСекира Хаоса)
[31.05.2025 20:17:36][serveritem][give] EgorE12345gg432 obtained 1 of golovas3 (§6§l§nГэндальф)
[31.05.2025 20:18:02][serveritem][give] malinki221 obtained 1 of golovas1 (§e§lГолова Сема-Тарли)
[31.05.2025 20:19:45][serveritem][give] klevikxleb obtained 1 of шарскорки2 (§3§lШар Скорости 2)
[31.05.2025 20:20:25][serveritem][give] Den37K obtained 1 of шарздоровья3 (§d§lШар Здоровья 3)
[31.05.2025 20:20:34][serveritem][give] Trapeza obtained 1 of golovas4 (§5§lГолова Гарри-Поттера)
[31.05.2025 20:21:07][serveritem][give] Crarra obtained 1 of шарскорки2 (§3§lШар Скорости 2)
[31.05.2025 20:28:30][serveritem][give] UkrainNosok obtained 1 of шарздоровья2 (§d§lШар Здоровья 2)
[31.05.2025 20:28:37][serveritem][give] UkrainNosok obtained 1 of шарздоровья3 (§d§lШар Здоровья 3)
[31.05.2025 20:45:18][serveritem][give] EgorE12345gg432 obtained 1 of шарскорки1 (§3§lШар Скорости 1)
[31.05.2025 20:50:55][serveritem][give] sALATIK_2025 obtained 1 of golovas3 (§6§l§nГэндальф)
[31.05.2025 20:59:59][serveritem][give] haker2280987gg obtained 1 of шарздоровья3 (§d§lШар Здоровья 3)
[31.05.2025 21:17:19][serveritem][give] wor9x obtained 1 of golovas4 (§5§lГолова Гарри-Поттера)
[31.05.2025 21:17:27][serveritem][give] niko_2000 obtained 1 of шарздоровья2 (§d§lШар Здоровья 2)
[31.05.2025 21:17:27][serveritem][give] niko_2000 obtained 1 of шарздоровья2 (§d§lШар Здоровья 2)
[31.05.2025 21:19:07][serveritem][give] bobo_gg_guys obtained 1 of шарскорки2 (§3§lШар Скорости 2)
[31.05.2025 21:24:25][serveritem][give] tvaloaloal obtained 1 of шарздоровья2 (§d§lШар Здоровья 2)
[31.05.2025 21:24:40][serveritem][give] MrLokolp567 obtained 1 of шарздоровья3 (§d§lШар Здоровья 3)
[31.05.2025 21:28:18][serveritem][give] MatviyUKR obtained 1 of шарздоровья3 (§d§lШар Здоровья 3)
[31.05.2025 21:28:20][serveritem][give] MatviyUKR obtained 1 of шарздоровья3 (§d§lШар Здоровья 3)
[31.05.2025 21:49:28][serveritem][give] Tusaaaaa obtained 1 of шарздоровья3 (§d§lШар Здоровья 3)
[31.05.2025 22:06:36][serveritem][give] VenominalnbIu obtained 1 of шарздоровья3 (§d§lШар Здоровья 3)
[31.05.2025 22:48:29][serveritem][give] tirik obtained 1 of шарздоровья3 (§d§lШар Здоровья 3)
