[18.05.2025 03:10:45][serveritem][give] hfdhftgys obtained 1 of golovas4 (§5§lГолова Гарри-Поттера)
[18.05.2025 03:15:12][serveritem][give] ighwFU obtained 1 of секирахаоса (§4§lСекира Хаоса)
[18.05.2025 03:37:10][serveritem][give] uhgvzdoipudfg obtained 1 of шарскорки2 (§3§lШар Скорости 2)
[18.05.2025 03:48:03][serveritem][give] opeRS obtained 1 of golovas1 (§e§lГолова Сема-Тарли)
[18.05.2025 04:24:58][serveritem][give] VearWexess obtained 1 of golovas3 (§6§l§nГэндальф)
[18.05.2025 04:31:40][serveritem][give] BoolKKK obtained 1 of golovas3 (§6§l§nГэндальф)
[18.05.2025 05:02:07][serveritem][give] darhan3909 obtained 1 of golovas4 (§5§lГолова Гарри-Поттера)
[18.05.2025 05:45:54][serveritem][give] lanser obtained 1 of golovas1 (§e§lГолова Сема-Тарли)
[18.05.2025 05:51:52][serveritem][give] gega94572 obtained 1 of секирахаоса (§4§lСекира Хаоса)
[18.05.2025 06:00:39][serveritem][give] zerty1209543 obtained 1 of шарздоровья3 (§d§lШар Здоровья 3)
[18.05.2025 06:12:49][serveritem][give] Leon4ikkkkkkkk obtained 1 of шарздоровья3 (§d§lШар Здоровья 3)
[18.05.2025 06:30:06][serveritem][give] bogmankafta obtained 1 of golovas1 (§e§lГолова Сема-Тарли)
[18.05.2025 06:40:11][serveritem][give] w32424 obtained 1 of шарздоровья2 (§d§lШар Здоровья 2)
[18.05.2025 06:45:29][serveritem][give] mat2299 obtained 1 of golovas4 (§5§lГолова Гарри-Поттера)
[18.05.2025 07:19:54][serveritem][give] FanoMLOrd obtained 1 of шарздоровья2 (§d§lШар Здоровья 2)
[18.05.2025 07:23:01][serveritem][give] kristofferr obtained 1 of секирахаоса (§4§lСекира Хаоса)
[18.05.2025 07:26:52][serveritem][give] montooop obtained 1 of шарскорки1 (§3§lШар Скорости 1)
[18.05.2025 07:27:55][serveritem][give] montooop obtained 1 of шарздоровья3 (§d§lШар Здоровья 3)
[18.05.2025 07:31:26][serveritem][give] bogmankafta obtained 1 of секирахаоса (§4§lСекира Хаоса)
[18.05.2025 07:41:14][serveritem][give] Vasue_2014 obtained 1 of шарскорки1 (§3§lШар Скорости 1)
[18.05.2025 07:43:23][serveritem][give] YT_LoveMinecraft obtained 1 of golovas4 (§5§lГолова Гарри-Поттера)
[18.05.2025 07:48:10][serveritem][give] artur_mirnua obtained 1 of шарздоровья2 (§d§lШар Здоровья 2)
[18.05.2025 07:57:08][serveritem][give] De6ikr obtained 1 of секирахаоса (§4§lСекира Хаоса)
[18.05.2025 08:04:19][serveritem][give] De6ikr obtained 1 of шарздоровья3 (§d§lШар Здоровья 3)
[18.05.2025 08:04:23][serveritem][give] De6ikr obtained 1 of шаршипа2 (§2§lШар Шипов 2)
[18.05.2025 08:04:29][serveritem][give] De6ikr obtained 1 of шарздоровья2 (§d§lШар Здоровья 2)
[18.05.2025 09:20:35][serveritem][give] Trag3dy obtained 1 of шаротбр1 (§9§lШар Отбрасывания 1)
[18.05.2025 09:24:15][serveritem][give] tralali obtained 1 of golovas1 (§e§lГолова Сема-Тарли)
[18.05.2025 09:28:20][serveritem][give] ne_domer33333 obtained 1 of шаршипа1 (§2§lШар Шипов 1)
[18.05.2025 09:40:27][serveritem][give] sdfgkff obtained 1 of golovas1 (§e§lГолова Сема-Тарли)
[18.05.2025 09:41:57][serveritem][give] frozen792 obtained 1 of секирахаоса (§4§lСекира Хаоса)
[18.05.2025 09:47:28][serveritem][give] the_hard obtained 1 of golovas1 (§e§lГолова Сема-Тарли)
[18.05.2025 09:53:35][serveritem][give] Ananimusua obtained 1 of шарздоровья3 (§d§lШар Здоровья 3)
[18.05.2025 10:10:57][serveritem][give] h0ur8 obtained 1 of секирахаоса (§4§lСекира Хаоса)
[18.05.2025 10:29:48][serveritem][give] fieaeu obtained 1 of шаршипа2 (§2§lШар Шипов 2)
[18.05.2025 10:32:10][serveritem][give] 3JLou_3AdrOT253 obtained 1 of шарздоровья3 (§d§lШар Здоровья 3)
[18.05.2025 10:34:47][serveritem][give] Puvazi obtained 1 of шарздоровья2 (§d§lШар Здоровья 2)
[18.05.2025 10:43:19][serveritem][give] s1mple_zxc obtained 1 of golovas4 (§5§lГолова Гарри-Поттера)
[18.05.2025 10:43:19][serveritem][give] s1mple_zxc obtained 1 of секирахаоса (§4§lСекира Хаоса)
[18.05.2025 10:45:54][serveritem][give] Storm_ obtained 1 of секирахаоса (§4§lСекира Хаоса)
[18.05.2025 10:47:19][serveritem][give] zdfxdf obtained 1 of секирахаоса (§4§lСекира Хаоса)
[18.05.2025 10:49:26][serveritem][give] PRINK1 obtained 1 of шарздоровья1 (§d§lШар Здоровья 1)
[18.05.2025 10:49:48][serveritem][give] PRINK1 obtained 1 of шарздоровья3 (§d§lШар Здоровья 3)
[18.05.2025 10:51:36][serveritem][give] _Foxic obtained 1 of секирахаоса (§4§lСекира Хаоса)
[18.05.2025 11:01:05][serveritem][give] birlysas obtained 1 of шарскорки2 (§3§lШар Скорости 2)
[18.05.2025 11:02:53][serveritem][give] blbrik2 obtained 1 of golovas1 (§e§lГолова Сема-Тарли)
[18.05.2025 11:06:17][serveritem][give] tyvushfvusdg obtained 1 of секирахаоса (§4§lСекира Хаоса)
[18.05.2025 11:13:34][serveritem][give] kkkpoBococ obtained 1 of шарздоровья3 (§d§lШар Здоровья 3)
[18.05.2025 11:14:55][serveritem][give] sanToryo_ obtained 1 of golovas4 (§5§lГолова Гарри-Поттера)
[18.05.2025 11:14:55][serveritem][give] sanToryo_ obtained 1 of golovas4 (§5§lГолова Гарри-Поттера)
[18.05.2025 11:14:55][serveritem][give] sanToryo_ obtained 1 of golovas4 (§5§lГолова Гарри-Поттера)
[18.05.2025 11:15:13][serveritem][give] De6ikr obtained 1 of golovas3 (§6§l§nГэндальф)
[18.05.2025 11:16:50][serveritem][give] sasharsnt1455 obtained 1 of секирахаоса (§4§lСекира Хаоса)
[18.05.2025 11:17:24][serveritem][give] sasharsnt1455 obtained 1 of golovas1 (§e§lГолова Сема-Тарли)
[18.05.2025 11:19:00][serveritem][give] PRINK1 obtained 1 of шарздоровья1 (§d§lШар Здоровья 1)
[18.05.2025 11:19:41][serveritem][give] LomerFlow obtained 1 of шарздоровья2 (§d§lШар Здоровья 2)
[18.05.2025 11:23:44][serveritem][give] hajimurad obtained 1 of golovas4 (§5§lГолова Гарри-Поттера)
[18.05.2025 11:26:24][serveritem][give] ProFesso obtained 1 of шарскорки2 (§3§lШар Скорости 2)
[18.05.2025 11:32:26][serveritem][give] yrjhsjgld obtained 1 of секирахаоса (§4§lСекира Хаоса)
[18.05.2025 11:32:43][serveritem][give] gameover46654 obtained 1 of golovas4 (§5§lГолова Гарри-Поттера)
[18.05.2025 11:33:14][serveritem][give] wq46 obtained 1 of шарздоровья3 (§d§lШар Здоровья 3)
[18.05.2025 11:39:13][serveritem][give] shyrik_soso obtained 1 of golovas2 (§b§lГолова Цири)
[18.05.2025 11:41:01][serveritem][give] meamorie obtained 1 of golovas4 (§5§lГолова Гарри-Поттера)
[18.05.2025 11:42:24][serveritem][give] styl777 obtained 1 of секирахаоса (§4§lСекира Хаоса)
[18.05.2025 11:43:27][serveritem][give] montooop obtained 1 of golovas3 (§6§l§nГэндальф)
[18.05.2025 11:47:54][serveritem][give] CbIH_S3xy_Barn3y obtained 1 of golovas4 (§5§lГолова Гарри-Поттера)
[18.05.2025 11:47:54][serveritem][give] CbIH_S3xy_Barn3y obtained 1 of golovas4 (§5§lГолова Гарри-Поттера)
[18.05.2025 11:48:38][serveritem][give] wq90 obtained 1 of шарздоровья3 (§d§lШар Здоровья 3)
[18.05.2025 11:50:40][serveritem][give] CbIH_macs0908 obtained 1 of golovas4 (§5§lГолова Гарри-Поттера)
[18.05.2025 11:56:21][serveritem][give] ProFesso obtained 1 of golovas4 (§5§lГолова Гарри-Поттера)
[18.05.2025 11:59:38][serveritem][give] klevikxleb obtained 1 of шарздоровья1 (§d§lШар Здоровья 1)
[18.05.2025 11:59:48][serveritem][give] Karina228 obtained 1 of шарздоровья1 (§d§lШар Здоровья 1)
[18.05.2025 12:08:14][serveritem][give] luminar obtained 1 of секирахаоса (§4§lСекира Хаоса)
[18.05.2025 12:31:28][serveritem][give] blbrik7 obtained 1 of golovas4 (§5§lГолова Гарри-Поттера)
[18.05.2025 12:31:52][serveritem][give] saportzalypi obtained 1 of секирахаоса (§4§lСекира Хаоса)
[18.05.2025 12:34:57][serveritem][give] MELSTROI228 obtained 1 of шарскорки2 (§3§lШар Скорости 2)
[18.05.2025 12:37:37][serveritem][give] VanBeanya obtained 1 of golovas4 (§5§lГолова Гарри-Поттера)
[18.05.2025 12:42:17][serveritem][give] In_GaMe_BaBa obtained 1 of шарскорки2 (§3§lШар Скорости 2)
[18.05.2025 12:42:20][serveritem][give] In_GaMe_BaBa obtained 1 of шарздоровья1 (§d§lШар Здоровья 1)
[18.05.2025 12:47:39][serveritem][give] VanBeanya obtained 1 of golovas4 (§5§lГолова Гарри-Поттера)
[18.05.2025 12:48:38][serveritem][give] toti12344321 obtained 1 of шарздоровья3 (§d§lШар Здоровья 3)
[18.05.2025 12:52:05][serveritem][give] blbrik10 obtained 1 of секирахаоса (§4§lСекира Хаоса)
[18.05.2025 12:58:32][serveritem][give] blbrik11 obtained 1 of шарскорки2 (§3§lШар Скорости 2)
[18.05.2025 13:02:36][serveritem][give] rivet123 obtained 1 of шарскорки1 (§3§lШар Скорости 1)
[18.05.2025 13:08:02][serveritem][give] macs0908 obtained 1 of шарскорки2 (§3§lШар Скорости 2)
[18.05.2025 13:09:48][serveritem][give] MrBarmaley obtained 1 of шарскорки1 (§3§lШар Скорости 1)
[18.05.2025 13:10:40][serveritem][give] MrBarmaley obtained 1 of golovas1 (§e§lГолова Сема-Тарли)
[18.05.2025 13:12:36][serveritem][give] Rip_Whitefire obtained 1 of шарскорки2 (§3§lШар Скорости 2)
[18.05.2025 13:14:59][serveritem][give] rewger12345 obtained 1 of шарздоровья3 (§d§lШар Здоровья 3)
[18.05.2025 13:30:26][serveritem][give] Ya_Ne_Robot obtained 1 of golovas4 (§5§lГолова Гарри-Поттера)
[18.05.2025 13:36:10][serveritem][give] Naglasheni obtained 1 of golovas4 (§5§lГолова Гарри-Поттера)
[18.05.2025 13:41:18][serveritem][give] _Foxic obtained 1 of шарскорки2 (§3§lШар Скорости 2)
[18.05.2025 13:43:59][serveritem][give] GuysComplete obtained 1 of шарздоровья1 (§d§lШар Здоровья 1)
[18.05.2025 13:46:51][serveritem][give] GuysComplete obtained 1 of шарздоровья3 (§d§lШар Здоровья 3)
[18.05.2025 13:53:58][serveritem][give] Dane4kaPrivetik obtained 1 of шаршипа2 (§2§lШар Шипов 2)
[18.05.2025 13:58:36][serveritem][give] rich_zerobattle obtained 1 of golovas4 (§5§lГолова Гарри-Поттера)
[18.05.2025 14:01:30][serveritem][give] Bobric228saras obtained 1 of шарздоровья1 (§d§lШар Здоровья 1)
[18.05.2025 14:01:37][serveritem][give] Bobric228saras obtained 1 of шарскорки1 (§3§lШар Скорости 1)
[18.05.2025 14:04:05][serveritem][give] salfetka12 obtained 1 of секирахаоса (§4§lСекира Хаоса)
[18.05.2025 14:04:32][serveritem][give] salfetka12 obtained 1 of golovas1 (§e§lГолова Сема-Тарли)
[18.05.2025 14:04:36][serveritem][give] SerikKazah2016 obtained 1 of golovas1 (§e§lГолова Сема-Тарли)
[18.05.2025 14:05:21][serveritem][give] Eropr obtained 1 of шаршипа1 (§2§lШар Шипов 1)
[18.05.2025 14:06:50][serveritem][give] In_GaMe_BaBa obtained 1 of шарскорки2 (§3§lШар Скорости 2)
[18.05.2025 14:06:57][serveritem][give] rich_zerobattle obtained 1 of golovas4 (§5§lГолова Гарри-Поттера)
[18.05.2025 14:18:46][serveritem][give] Naglasheni obtained 1 of golovas4 (§5§lГолова Гарри-Поттера)
[18.05.2025 14:28:29][serveritem][give] Leon4ikkkkkkkk obtained 1 of шаротбр2 (§9§lШар Отбрасывания 2)
[18.05.2025 14:29:52][serveritem][give] vayp_758 obtained 1 of golovas3 (§6§l§nГэндальф)
[18.05.2025 14:44:56][serveritem][give] nain2 obtained 1 of шарздоровья3 (§d§lШар Здоровья 3)
[18.05.2025 14:48:45][serveritem][give] AHAHA_DAMIR_AHAH obtained 1 of шарскорки2 (§3§lШар Скорости 2)
[18.05.2025 14:53:32][serveritem][give] xristofor8145 obtained 1 of golovas1 (§e§lГолова Сема-Тарли)
[18.05.2025 14:55:59][serveritem][give] GutsBlack obtained 1 of шарскорки2 (§3§lШар Скорости 2)
[18.05.2025 15:06:33][serveritem][give] bgbgdbgd obtained 1 of шарздоровья3 (§d§lШар Здоровья 3)
[18.05.2025 15:06:34][serveritem][give] bgbgdbgd obtained 1 of шаршипа2 (§2§lШар Шипов 2)
[18.05.2025 15:06:36][serveritem][give] bgbgdbgd obtained 1 of шаротбр1 (§9§lШар Отбрасывания 1)
[18.05.2025 15:08:14][serveritem][give] Floxzzz obtained 1 of секирахаоса (§4§lСекира Хаоса)
[18.05.2025 15:08:29][serveritem][give] wYnd9R_waFL1A obtained 1 of секирахаоса (§4§lСекира Хаоса)
[18.05.2025 15:08:33][serveritem][give] delay225 obtained 1 of секирахаоса (§4§lСекира Хаоса)
[18.05.2025 15:09:19][serveritem][give] wYnd9R_waFL1A obtained 1 of шарздоровья3 (§d§lШар Здоровья 3)
[18.05.2025 15:09:32][serveritem][give] orfmof obtained 1 of шарздоровья3 (§d§lШар Здоровья 3)
[18.05.2025 15:09:35][serveritem][give] grgfgg obtained 1 of golovas4 (§5§lГолова Гарри-Поттера)
[18.05.2025 15:12:09][serveritem][give] salfetka12 obtained 1 of golovas4 (§5§lГолова Гарри-Поттера)
[18.05.2025 15:13:39][serveritem][give] kadx11123 obtained 1 of шарскорки2 (§3§lШар Скорости 2)
[18.05.2025 15:14:26][serveritem][give] blin4ik254 obtained 1 of golovas1 (§e§lГолова Сема-Тарли)
[18.05.2025 15:24:44][serveritem][give] Naglasheni obtained 1 of golovas1 (§e§lГолова Сема-Тарли)
[18.05.2025 15:26:20][serveritem][give] kakd obtained 1 of секирахаоса (§4§lСекира Хаоса)
[18.05.2025 15:27:46][serveritem][give] NeD1x obtained 1 of секирахаоса (§4§lСекира Хаоса)
[18.05.2025 15:27:47][serveritem][give] NeD1x obtained 1 of golovas2 (§b§lГолова Цири)
[18.05.2025 15:27:57][serveritem][give] Alibek69044 obtained 1 of golovas1 (§e§lГолова Сема-Тарли)
[18.05.2025 15:28:12][serveritem][give] Creeper7671 obtained 1 of шарздоровья3 (§d§lШар Здоровья 3)
[18.05.2025 15:29:28][serveritem][give] wYnd9R_waFL1A obtained 1 of golovas3 (§6§l§nГэндальф)
[18.05.2025 15:29:29][serveritem][give] wYnd9R_waFL1A obtained 1 of секирахаоса (§4§lСекира Хаоса)
[18.05.2025 15:29:58][serveritem][give] wYnd9R_waFL1A obtained 1 of секирахаоса (§4§lСекира Хаоса)
[18.05.2025 15:30:03][serveritem][give] shic obtained 1 of golovas4 (§5§lГолова Гарри-Поттера)
[18.05.2025 15:30:03][serveritem][give] shic obtained 1 of секирахаоса (§4§lСекира Хаоса)
[18.05.2025 15:30:14][serveritem][give] crdlock1234 obtained 1 of golovas1 (§e§lГолова Сема-Тарли)
[18.05.2025 15:30:51][serveritem][give] top4kk obtained 1 of шарскорки2 (§3§lШар Скорости 2)
[18.05.2025 15:31:42][serveritem][give] wYnd9R_waFL1A obtained 1 of секирахаоса (§4§lСекира Хаоса)
[18.05.2025 15:34:16][serveritem][give] Alibek69044 obtained 1 of секирахаоса (§4§lСекира Хаоса)
[18.05.2025 15:35:48][serveritem][give] maloko obtained 1 of секирахаоса (§4§lСекира Хаоса)
[18.05.2025 15:36:10][serveritem][give] AAAAndre0 obtained 1 of шарздоровья3 (§d§lШар Здоровья 3)
[18.05.2025 15:38:40][serveritem][give] hajimurad obtained 1 of шарздоровья3 (§d§lШар Здоровья 3)
[18.05.2025 15:45:58][serveritem][give] DRIM666 obtained 1 of шарскорки1 (§3§lШар Скорости 1)
[18.05.2025 15:52:32][serveritem][give] m1d7i7 obtained 1 of golovas1 (§e§lГолова Сема-Тарли)
[18.05.2025 16:07:18][serveritem][give] PRO1488PROO obtained 1 of шарздоровья2 (§d§lШар Здоровья 2)
[18.05.2025 16:11:00][serveritem][give] dodik2x23t obtained 1 of секирахаоса (§4§lСекира Хаоса)
[18.05.2025 16:18:32][serveritem][give] blin4ik271 obtained 1 of golovas4 (§5§lГолова Гарри-Поттера)
[18.05.2025 16:18:35][serveritem][give] blin4ik271 obtained 1 of golovas4 (§5§lГолова Гарри-Поттера)
[18.05.2025 16:18:56][serveritem][give] Naglasheni obtained 1 of секирахаоса (§4§lСекира Хаоса)
[18.05.2025 16:19:25][serveritem][give] Naglasheni obtained 1 of golovas4 (§5§lГолова Гарри-Поттера)
[18.05.2025 16:21:42][serveritem][give] anton obtained 1 of секирахаоса (§4§lСекира Хаоса)
[18.05.2025 16:21:43][serveritem][give] Rukia_kuchiki1 obtained 1 of шарскорки2 (§3§lШар Скорости 2)
[18.05.2025 16:22:49][serveritem][give] darhan3909 obtained 1 of golovas3 (§6§l§nГэндальф)
[18.05.2025 16:26:28][serveritem][give] jopapopaolega obtained 1 of секирахаоса (§4§lСекира Хаоса)
[18.05.2025 16:27:37][serveritem][give] m1d7m obtained 1 of golovas1 (§e§lГолова Сема-Тарли)
[18.05.2025 16:28:11][serveritem][give] m1d7m obtained 1 of golovas1 (§e§lГолова Сема-Тарли)
[18.05.2025 16:28:14][serveritem][give] anton obtained 1 of секирахаоса (§4§lСекира Хаоса)
[18.05.2025 16:28:15][serveritem][give] proded1 obtained 1 of шарскорки1 (§3§lШар Скорости 1)
[18.05.2025 16:28:40][serveritem][give] montooop obtained 1 of golovas1 (§e§lГолова Сема-Тарли)
[18.05.2025 16:29:04][serveritem][give] BEFFCH12 obtained 1 of шарздоровья1 (§d§lШар Здоровья 1)
[18.05.2025 16:36:59][serveritem][give] ghehrg12 obtained 1 of шарздоровья2 (§d§lШар Здоровья 2)
[18.05.2025 16:44:31][serveritem][give] dota1234517 obtained 1 of golovas4 (§5§lГолова Гарри-Поттера)
[18.05.2025 16:44:37][serveritem][give] top4kkkkk obtained 1 of шарздоровья2 (§d§lШар Здоровья 2)
[18.05.2025 16:45:08][serveritem][give] Rukia_kuchiki1 obtained 1 of секирахаоса (§4§lСекира Хаоса)
[18.05.2025 16:46:59][serveritem][give] MrKako obtained 1 of golovas4 (§5§lГолова Гарри-Поттера)
[18.05.2025 16:50:32][serveritem][give] wYnd9R_waFL1A obtained 1 of секирахаоса (§4§lСекира Хаоса)
[18.05.2025 16:52:06][serveritem][give] toti12344321 obtained 1 of секирахаоса (§4§lСекира Хаоса)
[18.05.2025 16:55:40][serveritem][give] toti12344321 obtained 1 of golovas4 (§5§lГолова Гарри-Поттера)
[18.05.2025 16:55:44][serveritem][give] ghadv3423jjj obtained 1 of шарскорки2 (§3§lШар Скорости 2)
[18.05.2025 16:55:48][serveritem][give] ghadv3423jjj obtained 1 of golovas1 (§e§lГолова Сема-Тарли)
[18.05.2025 16:56:56][serveritem][give] Totoroe obtained 1 of секирахаоса (§4§lСекира Хаоса)
[18.05.2025 16:57:03][serveritem][give] efevuF311 obtained 1 of golovas4 (§5§lГолова Гарри-Поттера)
[18.05.2025 16:57:05][serveritem][give] m1d73 obtained 1 of golovas3 (§6§l§nГэндальф)
[18.05.2025 16:57:07][serveritem][give] Totoroe obtained 1 of golovas4 (§5§lГолова Гарри-Поттера)
[18.05.2025 16:57:14][serveritem][give] sosy_y_ezzok obtained 1 of шарскорки2 (§3§lШар Скорости 2)
[18.05.2025 17:02:46][serveritem][give] Tim_kinger obtained 1 of шарздоровья2 (§d§lШар Здоровья 2)
[18.05.2025 17:04:53][serveritem][give] m1d74 obtained 1 of golovas4 (§5§lГолова Гарри-Поттера)
[18.05.2025 17:04:53][serveritem][give] m1d74 obtained 1 of golovas1 (§e§lГолова Сема-Тарли)
[18.05.2025 17:11:46][serveritem][give] toxa22 obtained 1 of секирахаоса (§4§lСекира Хаоса)
[18.05.2025 17:11:47][serveritem][give] rotik_offf obtained 1 of golovas4 (§5§lГолова Гарри-Поттера)
[18.05.2025 17:11:48][serveritem][give] rotik_offf obtained 1 of секирахаоса (§4§lСекира Хаоса)
[18.05.2025 17:17:13][serveritem][give] The_Deep obtained 1 of golovas4 (§5§lГолова Гарри-Поттера)
[18.05.2025 17:18:38][serveritem][give] Naglasheni obtained 1 of golovas4 (§5§lГолова Гарри-Поттера)
[18.05.2025 17:21:45][serveritem][give] kkkpoBococ obtained 1 of golovas4 (§5§lГолова Гарри-Поттера)
[18.05.2025 17:28:25][serveritem][give] vaseliska obtained 1 of golovas2 (§b§lГолова Цири)
[18.05.2025 17:28:31][serveritem][give] UsinYter obtained 1 of golovas1 (§e§lГолова Сема-Тарли)
[18.05.2025 17:39:27][serveritem][give] kancha_shaHeda obtained 1 of golovas4 (§5§lГолова Гарри-Поттера)
[18.05.2025 17:39:46][serveritem][give] Kay obtained 1 of шарздоровья3 (§d§lШар Здоровья 3)
[18.05.2025 17:40:00][serveritem][give] Naglasheni obtained 1 of golovas1 (§e§lГолова Сема-Тарли)
[18.05.2025 17:43:24][serveritem][give] artemko1609 obtained 1 of шарздоровья3 (§d§lШар Здоровья 3)
[18.05.2025 17:45:13][serveritem][give] pandorka_ezzzz obtained 1 of шарздоровья1 (§d§lШар Здоровья 1)
[18.05.2025 17:53:17][serveritem][give] Naglasheni obtained 1 of golovas4 (§5§lГолова Гарри-Поттера)
[18.05.2025 17:54:26][serveritem][give] EgoRemboo obtained 1 of шарскорки2 (§3§lШар Скорости 2)
[18.05.2025 17:59:24][serveritem][give] pipetka50 obtained 1 of шарздоровья3 (§d§lШар Здоровья 3)
[18.05.2025 18:02:26][serveritem][give] _factur321455554 obtained 1 of golovas1 (§e§lГолова Сема-Тарли)
[18.05.2025 18:02:27][serveritem][give] _factur321455554 obtained 1 of golovas4 (§5§lГолова Гарри-Поттера)
[18.05.2025 18:03:09][serveritem][give] lol7171 obtained 1 of golovas1 (§e§lГолова Сема-Тарли)
[18.05.2025 18:03:45][serveritem][give] _factur321455554 obtained 1 of секирахаоса (§4§lСекира Хаоса)
[18.05.2025 18:05:08][serveritem][give] ssdfvsdf213 obtained 1 of секирахаоса (§4§lСекира Хаоса)
[18.05.2025 18:06:50][serveritem][give] artemko1609 obtained 1 of шарскорки2 (§3§lШар Скорости 2)
[18.05.2025 18:14:49][serveritem][give] Twixkaka obtained 1 of шарскорки2 (§3§lШар Скорости 2)
[18.05.2025 18:15:12][serveritem][give] lol7171 obtained 1 of golovas1 (§e§lГолова Сема-Тарли)
[18.05.2025 18:17:25][serveritem][give] Sex obtained 1 of секирахаоса (§4§lСекира Хаоса)
[18.05.2025 18:18:32][serveritem][give] twink_poperoz3 obtained 1 of golovas1 (§e§lГолова Сема-Тарли)
[18.05.2025 18:24:28][serveritem][give] FunT1K_812 obtained 1 of секирахаоса (§4§lСекира Хаоса)
[18.05.2025 18:25:49][serveritem][give] Warzin675 obtained 1 of секирахаоса (§4§lСекира Хаоса)
[18.05.2025 18:27:03][serveritem][give] Physic_Ilya obtained 1 of секирахаоса (§4§lСекира Хаоса)
[18.05.2025 18:28:02][serveritem][give] DiDimon575 obtained 1 of шарздоровья3 (§d§lШар Здоровья 3)
[18.05.2025 18:29:41][serveritem][give] GLICHIK obtained 1 of golovas4 (§5§lГолова Гарри-Поттера)
[18.05.2025 18:34:09][serveritem][give] mateggkkkl obtained 1 of шарздоровья2 (§d§lШар Здоровья 2)
[18.05.2025 18:34:10][serveritem][give] mateggkkkl obtained 1 of шарздоровья2 (§d§lШар Здоровья 2)
[18.05.2025 18:39:43][serveritem][give] popbobpon4ik23 obtained 1 of golovas4 (§5§lГолова Гарри-Поттера)
[18.05.2025 18:46:41][serveritem][give] Bobric228saras obtained 1 of шарскорки2 (§3§lШар Скорости 2)
[18.05.2025 18:50:14][serveritem][give] KeptGnat9284830 obtained 1 of шарздоровья2 (§d§lШар Здоровья 2)
[18.05.2025 18:57:55][serveritem][give] IMAG28 obtained 1 of шарздоровья3 (§d§lШар Здоровья 3)
[18.05.2025 19:02:56][serveritem][give] ByPanda67 obtained 1 of golovas1 (§e§lГолова Сема-Тарли)
[18.05.2025 19:11:18][serveritem][give] ilyaMAIN1 obtained 1 of шарздоровья3 (§d§lШар Здоровья 3)
[18.05.2025 19:15:11][serveritem][give] Speedsportik obtained 1 of секирахаоса (§4§lСекира Хаоса)
[18.05.2025 19:15:56][serveritem][give] twink_poperoz3 obtained 1 of golovas1 (§e§lГолова Сема-Тарли)
[18.05.2025 19:21:55][serveritem][give] 8926 obtained 1 of golovas4 (§5§lГолова Гарри-Поттера)
[18.05.2025 19:24:11][serveritem][give] Banananas obtained 1 of golovas1 (§e§lГолова Сема-Тарли)
[18.05.2025 19:25:04][serveritem][give] Banananas obtained 1 of секирахаоса (§4§lСекира Хаоса)
[18.05.2025 19:27:47][serveritem][give] Banananas obtained 1 of golovas4 (§5§lГолова Гарри-Поттера)
[18.05.2025 19:33:05][serveritem][give] twink_poperoz3 obtained 1 of golovas4 (§5§lГолова Гарри-Поттера)
[18.05.2025 19:34:29][serveritem][give] Banananas obtained 1 of секирахаоса (§4§lСекира Хаоса)
[18.05.2025 19:34:30][serveritem][give] Banananas obtained 1 of golovas4 (§5§lГолова Гарри-Поттера)
[18.05.2025 19:34:31][serveritem][give] Banananas obtained 1 of golovas1 (§e§lГолова Сема-Тарли)
[18.05.2025 19:39:32][serveritem][give] Banananas obtained 1 of golovas1 (§e§lГолова Сема-Тарли)
[18.05.2025 19:42:21][serveritem][give] Warzin675 obtained 1 of golovas1 (§e§lГолова Сема-Тарли)
[18.05.2025 19:43:46][serveritem][give] ExERw7382 obtained 1 of golovas4 (§5§lГолова Гарри-Поттера)
[18.05.2025 19:43:46][serveritem][give] ExERw7382 obtained 1 of golovas1 (§e§lГолова Сема-Тарли)
[18.05.2025 19:43:47][serveritem][give] ExERw7382 obtained 1 of секирахаоса (§4§lСекира Хаоса)
[18.05.2025 20:04:54][serveritem][give] Seeyee obtained 1 of шарскорки2 (§3§lШар Скорости 2)
[18.05.2025 20:23:09][serveritem][give] shic obtained 1 of golovas1 (§e§lГолова Сема-Тарли)
[18.05.2025 20:29:39][serveritem][give] 8929 obtained 1 of golovas1 (§e§lГолова Сема-Тарли)
[18.05.2025 21:13:42][serveritem][give] sosybiby obtained 1 of golovas1 (§e§lГолова Сема-Тарли)
[18.05.2025 21:13:43][serveritem][give] sosybiby obtained 1 of golovas4 (§5§lГолова Гарри-Поттера)
[18.05.2025 21:13:44][serveritem][give] sosybiby obtained 1 of golovas1 (§e§lГолова Сема-Тарли)
[18.05.2025 21:13:44][serveritem][give] sosybiby obtained 1 of golovas4 (§5§lГолова Гарри-Поттера)
[18.05.2025 21:13:47][serveritem][give] sosybiby obtained 1 of golovas4 (§5§lГолова Гарри-Поттера)
[18.05.2025 21:13:48][serveritem][give] sosybiby obtained 1 of golovas1 (§e§lГолова Сема-Тарли)
[18.05.2025 21:51:42][serveritem][give] megaflopa obtained 1 of шарскорки1 (§3§lШар Скорости 1)
