[25.05.2025 00:59:18][serveritem][give] maksimka2281488 obtained 1 of секирахаоса (§4§lСекира Хаоса)
[25.05.2025 02:08:33][serveritem][give] Robby_0 obtained 1 of шарскорки2 (§3§lШар Скорости 2)
[25.05.2025 02:35:15][serveritem][give] agent90 obtained 1 of шарскорки2 (§3§lШар Скорости 2)
[25.05.2025 04:03:03][serveritem][give] gega94572 obtained 1 of секирахаоса (§4§lСекира Хаоса)
[25.05.2025 04:03:12][serveritem][give] gega94572 obtained 1 of шарздоровья3 (§d§lШар Здоровья 3)
[25.05.2025 04:10:02][serveritem][give] gega94572 obtained 1 of golovas1 (§e§lГолова Сема-Тарли)
[25.05.2025 04:10:02][serveritem][give] gega94572 obtained 1 of секирахаоса (§4§lСекира Хаоса)
[25.05.2025 04:10:54][serveritem][give] HoBiU_Akk_bomja obtained 1 of golovas4 (§5§lГолова Гарри-Поттера)
[25.05.2025 04:23:31][serveritem][give] gega94572 obtained 1 of шарскорки2 (§3§lШар Скорости 2)
[25.05.2025 05:34:46][serveritem][give] Botic1248EndPvP obtained 1 of golovas3 (§6§l§nГэндальф)
[25.05.2025 05:55:34][serveritem][give] bogmankafta obtained 1 of golovas1 (§e§lГолова Сема-Тарли)
[25.05.2025 06:19:55][serveritem][give] opaska_574 obtained 1 of шарздоровья2 (§d§lШар Здоровья 2)
[25.05.2025 06:27:49][serveritem][give] Komik_Official2 obtained 1 of golovas2 (§b§lГолова Цири)
[25.05.2025 06:28:17][serveritem][give] chechot obtained 1 of golovas4 (§5§lГолова Гарри-Поттера)
[25.05.2025 06:33:08][serveritem][give] SaKnEr4iK obtained 1 of golovas3 (§6§l§nГэндальф)
[25.05.2025 06:48:03][serveritem][give] xDeadFor135 obtained 1 of шарскорки2 (§3§lШар Скорости 2)
[25.05.2025 07:06:50][serveritem][give] GALCHONOK obtained 1 of golovas3 (§6§l§nГэндальф)
[25.05.2025 07:10:24][serveritem][give] TOPER_2000 obtained 1 of шарздоровья3 (§d§lШар Здоровья 3)
[25.05.2025 07:16:48][serveritem][give] dodororomo obtained 1 of секирахаоса (§4§lСекира Хаоса)
[25.05.2025 07:22:36][serveritem][give] TOPER_2000 obtained 1 of golovas1 (§e§lГолова Сема-Тарли)
[25.05.2025 07:28:26][serveritem][give] ezzdims obtained 1 of шарздоровья3 (§d§lШар Здоровья 3)
[25.05.2025 07:32:06][serveritem][give] rdtrtrtr obtained 1 of golovas4 (§5§lГолова Гарри-Поттера)
[25.05.2025 08:18:37][serveritem][give] Emin_98724345 obtained 1 of шарздоровья3 (§d§lШар Здоровья 3)
[25.05.2025 08:19:04][serveritem][give] Emin_98724345 obtained 1 of шарскорки2 (§3§lШар Скорости 2)
[25.05.2025 08:19:14][serveritem][give] Emin_98724345 obtained 1 of шарздоровья2 (§d§lШар Здоровья 2)
[25.05.2025 08:19:15][serveritem][give] bogmankafta obtained 1 of golovas3 (§6§l§nГэндальф)
[25.05.2025 08:22:33][serveritem][give] Fsiof obtained 1 of golovas4 (§5§lГолова Гарри-Поттера)
[25.05.2025 08:29:32][serveritem][give] zxc_history obtained 1 of golovas1 (§e§lГолова Сема-Тарли)
[25.05.2025 08:32:53][serveritem][give] Timur2011111 obtained 1 of golovas4 (§5§lГолова Гарри-Поттера)
[25.05.2025 08:35:30][serveritem][give] Emin_987 obtained 1 of шарздоровья3 (§d§lШар Здоровья 3)
[25.05.2025 08:35:46][serveritem][give] laliga_top obtained 1 of golovas4 (§5§lГолова Гарри-Поттера)
[25.05.2025 08:35:48][serveritem][give] Emin_987 obtained 1 of шаротбр1 (§9§lШар Отбрасывания 1)
[25.05.2025 08:43:28][serveritem][give] makshaker2 obtained 1 of секирахаоса (§4§lСекира Хаоса)
[25.05.2025 08:46:04][serveritem][give] Fsiof obtained 1 of golovas4 (§5§lГолова Гарри-Поттера)
[25.05.2025 08:49:44][serveritem][give] VwVolt obtained 1 of golovas4 (§5§lГолова Гарри-Поттера)
[25.05.2025 08:52:19][serveritem][give] Emin_987HTGTF obtained 1 of шарздоровья3 (§d§lШар Здоровья 3)
[25.05.2025 08:54:23][serveritem][give] Fsiof obtained 1 of golovas4 (§5§lГолова Гарри-Поттера)
[25.05.2025 09:02:01][serveritem][give] VwVolt obtained 1 of секирахаоса (§4§lСекира Хаоса)
[25.05.2025 09:16:25][serveritem][give] Egor_LITVIN obtained 1 of шарздоровья3 (§d§lШар Здоровья 3)
[25.05.2025 09:32:34][serveritem][give] Emin_9876 obtained 1 of шарздоровья3 (§d§lШар Здоровья 3)
[25.05.2025 09:35:25][serveritem][give] laliga_top obtained 1 of golovas4 (§5§lГолова Гарри-Поттера)
[25.05.2025 09:36:09][serveritem][give] innzyy obtained 1 of шарздоровья3 (§d§lШар Здоровья 3)
[25.05.2025 09:50:05][serveritem][give] Zenty_ezz obtained 1 of golovas4 (§5§lГолова Гарри-Поттера)
[25.05.2025 09:53:27][serveritem][give] LIvKA_YT obtained 1 of golovas3 (§6§l§nГэндальф)
[25.05.2025 09:53:52][serveritem][give] sanchousskim obtained 1 of секирахаоса (§4§lСекира Хаоса)
[25.05.2025 09:55:00][serveritem][give] vlad13371337 obtained 1 of шарскорки2 (§3§lШар Скорости 2)
[25.05.2025 10:10:25][serveritem][give] Zenty_ezz obtained 1 of golovas4 (§5§lГолова Гарри-Поттера)
[25.05.2025 10:13:56][serveritem][give] neloshock113131 obtained 1 of golovas4 (§5§lГолова Гарри-Поттера)
[25.05.2025 10:14:37][serveritem][give] abudno454 obtained 1 of golovas1 (§e§lГолова Сема-Тарли)
[25.05.2025 10:33:48][serveritem][give] hold1k obtained 1 of шарздоровья3 (§d§lШар Здоровья 3)
[25.05.2025 10:42:02][serveritem][give] udlkpop obtained 1 of golovas1 (§e§lГолова Сема-Тарли)
[25.05.2025 10:44:56][serveritem][give] babibzhon777 obtained 1 of golovas4 (§5§lГолова Гарри-Поттера)
[25.05.2025 10:58:35][serveritem][give] Emin_987689 obtained 1 of шарздоровья3 (§d§lШар Здоровья 3)
[25.05.2025 11:04:35][serveritem][give] Bezobrazie obtained 1 of шарскорки2 (§3§lШар Скорости 2)
[25.05.2025 11:06:21][serveritem][give] Dima88997 obtained 1 of шарздоровья2 (§d§lШар Здоровья 2)
[25.05.2025 11:14:27][serveritem][give] Danila obtained 1 of шарздоровья3 (§d§lШар Здоровья 3)
[25.05.2025 11:16:48][serveritem][give] megaflopa obtained 1 of golovas4 (§5§lГолова Гарри-Поттера)
[25.05.2025 11:16:49][serveritem][give] megaflopa obtained 1 of golovas4 (§5§lГолова Гарри-Поттера)
[25.05.2025 11:16:49][serveritem][give] megaflopa obtained 1 of golovas4 (§5§lГолова Гарри-Поттера)
[25.05.2025 11:16:49][serveritem][give] megaflopa obtained 1 of golovas4 (§5§lГолова Гарри-Поттера)
[25.05.2025 11:16:50][serveritem][give] megaflopa obtained 1 of golovas4 (§5§lГолова Гарри-Поттера)
[25.05.2025 11:18:06][serveritem][give] BoberBtat228 obtained 1 of шаротбр2 (§9§lШар Отбрасывания 2)
[25.05.2025 11:18:08][serveritem][give] BoberBtat228 obtained 1 of шарскорки2 (§3§lШар Скорости 2)
[25.05.2025 11:18:11][serveritem][give] BoberBtat228 obtained 1 of шарздоровья2 (§d§lШар Здоровья 2)
[25.05.2025 11:18:42][serveritem][give] LG_STRAXX_ZLOY obtained 1 of golovas1 (§e§lГолова Сема-Тарли)
[25.05.2025 11:18:44][serveritem][give] LG_STRAXX_ZLOY obtained 1 of секирахаоса (§4§lСекира Хаоса)
[25.05.2025 11:18:54][serveritem][give] Emin_98768987 obtained 1 of шарздоровья3 (§d§lШар Здоровья 3)
[25.05.2025 11:24:33][serveritem][give] QreYhjiS obtained 1 of golovas3 (§6§l§nГэндальф)
[25.05.2025 11:34:26][serveritem][give] LG_NAZAR_ZLOY obtained 1 of golovas4 (§5§lГолова Гарри-Поттера)
[25.05.2025 11:35:50][serveritem][give] Dima88997 obtained 1 of секирахаоса (§4§lСекира Хаоса)
[25.05.2025 11:36:51][serveritem][give] QreYhjiS obtained 1 of golovas4 (§5§lГолова Гарри-Поттера)
[25.05.2025 11:37:25][serveritem][give] megaflopa obtained 1 of golovas1 (§e§lГолова Сема-Тарли)
[25.05.2025 11:37:26][serveritem][give] megaflopa obtained 1 of golovas2 (§b§lГолова Цири)
[25.05.2025 11:37:30][serveritem][give] megaflopa obtained 1 of golovas3 (§6§l§nГэндальф)
[25.05.2025 11:38:33][serveritem][give] tatat02 obtained 1 of шарздоровья3 (§d§lШар Здоровья 3)
[25.05.2025 11:42:47][serveritem][give] Napoleon obtained 1 of шарздоровья3 (§d§lШар Здоровья 3)
[25.05.2025 11:44:56][serveritem][give] Napoleon obtained 1 of шарздоровья3 (§d§lШар Здоровья 3)
[25.05.2025 11:55:06][serveritem][give] Yarko12345 obtained 1 of шарскорки2 (§3§lШар Скорости 2)
[25.05.2025 12:06:48][serveritem][give] bogmankafta obtained 1 of golovas1 (§e§lГолова Сема-Тарли)
[25.05.2025 12:09:09][serveritem][give] ponkino_kiti obtained 1 of секирахаоса (§4§lСекира Хаоса)
[25.05.2025 12:16:16][serveritem][give] pisunetor obtained 1 of шарздоровья1 (§d§lШар Здоровья 1)
[25.05.2025 12:16:29][serveritem][give] pisunetor obtained 1 of шарздоровья1 (§d§lШар Здоровья 1)
[25.05.2025 12:22:32][serveritem][give] gogovas obtained 1 of секирахаоса (§4§lСекира Хаоса)
[25.05.2025 12:22:32][serveritem][give] gogovas obtained 1 of секирахаоса (§4§lСекира Хаоса)
[25.05.2025 12:27:58][serveritem][give] TOM_222_TOM obtained 1 of шарздоровья3 (§d§lШар Здоровья 3)
[25.05.2025 12:34:20][serveritem][give] XAIZcpqj obtained 1 of шарскорки1 (§3§lШар Скорости 1)
[25.05.2025 13:00:49][serveritem][give] Remover_122 obtained 1 of golovas1 (§e§lГолова Сема-Тарли)
[25.05.2025 13:02:39][serveritem][give] alya_2015 obtained 1 of секирахаоса (§4§lСекира Хаоса)
[25.05.2025 13:03:51][serveritem][give] LG_NAZAR_ZLOY obtained 1 of секирахаоса (§4§lСекира Хаоса)
[25.05.2025 13:07:13][serveritem][give] hasada obtained 1 of golovas4 (§5§lГолова Гарри-Поттера)
[25.05.2025 13:11:21][serveritem][give] Emin_98768987806 obtained 1 of шарздоровья3 (§d§lШар Здоровья 3)
[25.05.2025 13:14:30][serveritem][give] pisunetor obtained 1 of шарздоровья1 (§d§lШар Здоровья 1)
[25.05.2025 13:21:35][serveritem][give] DANIL_12343 obtained 1 of шаршипа1 (§2§lШар Шипов 1)
[25.05.2025 13:44:54][serveritem][give] alya_2015 obtained 1 of секирахаоса (§4§lСекира Хаоса)
[25.05.2025 13:45:50][serveritem][give] alya_2015 obtained 1 of golovas2 (§b§lГолова Цири)
[25.05.2025 13:47:03][serveritem][give] portosaw obtained 1 of golovas2 (§b§lГолова Цири)
[25.05.2025 13:47:04][serveritem][give] portosaw obtained 1 of golovas3 (§6§l§nГэндальф)
[25.05.2025 14:00:41][serveritem][give] ldCerberus201681 obtained 1 of golovas2 (§b§lГолова Цири)
[25.05.2025 14:00:42][serveritem][give] ldCerberus201681 obtained 1 of секирахаоса (§4§lСекира Хаоса)
[25.05.2025 14:01:44][serveritem][give] ldCerberus201681 obtained 1 of шарздоровья1 (§d§lШар Здоровья 1)
[25.05.2025 14:12:14][serveritem][give] Neonchik2288 obtained 1 of golovas3 (§6§l§nГэндальф)
[25.05.2025 14:13:39][serveritem][give] Maniaccccc obtained 1 of golovas1 (§e§lГолова Сема-Тарли)
[25.05.2025 14:16:30][serveritem][give] Neonchik8822 obtained 1 of шарскорки2 (§3§lШар Скорости 2)
[25.05.2025 14:16:38][serveritem][give] wx0qw1x obtained 1 of golovas4 (§5§lГолова Гарри-Поттера)
[25.05.2025 14:18:25][serveritem][give] MusterBuilder obtained 1 of секирахаоса (§4§lСекира Хаоса)
[25.05.2025 14:24:04][serveritem][give] 1sigslie80 obtained 1 of шарскорки2 (§3§lШар Скорости 2)
[25.05.2025 14:29:43][serveritem][give] Jokelorips obtained 1 of шарскорки1 (§3§lШар Скорости 1)
[25.05.2025 14:32:53][serveritem][give] alalma_p55 obtained 1 of golovas4 (§5§lГолова Гарри-Поттера)
[25.05.2025 14:53:43][serveritem][give] qwert12345q obtained 1 of секирахаоса (§4§lСекира Хаоса)
[25.05.2025 14:57:51][serveritem][give] Kipis125 obtained 1 of golovas1 (§e§lГолова Сема-Тарли)
[25.05.2025 14:58:19][serveritem][give] NamiIISAN obtained 1 of golovas1 (§e§lГолова Сема-Тарли)
[25.05.2025 15:08:03][serveritem][give] eezbaf obtained 1 of секирахаоса (§4§lСекира Хаоса)
[25.05.2025 15:09:04][serveritem][give] Kipis125 obtained 1 of секирахаоса (§4§lСекира Хаоса)
[25.05.2025 15:16:49][serveritem][give] gega94572 obtained 1 of golovas4 (§5§lГолова Гарри-Поттера)
[25.05.2025 15:18:02][serveritem][give] _doprblboy_ obtained 1 of golovas1 (§e§lГолова Сема-Тарли)
[25.05.2025 15:24:15][serveritem][give] dedloked obtained 1 of golovas4 (§5§lГолова Гарри-Поттера)
[25.05.2025 15:30:37][serveritem][give] mynix obtained 1 of golovas4 (§5§lГолова Гарри-Поттера)
[25.05.2025 15:48:39][serveritem][give] Timur2011111 obtained 1 of golovas1 (§e§lГолова Сема-Тарли)
[25.05.2025 15:59:32][serveritem][give] R3NN4C obtained 1 of шаршипа1 (§2§lШар Шипов 1)
[25.05.2025 16:00:58][serveritem][give] VIP_RyzenTV_J obtained 1 of golovas1 (§e§lГолова Сема-Тарли)
[25.05.2025 16:04:14][serveritem][give] xDeadFor135 obtained 1 of golovas4 (§5§lГолова Гарри-Поттера)
[25.05.2025 16:04:50][serveritem][give] POPPOP111 obtained 1 of шарздоровья2 (§d§lШар Здоровья 2)
[25.05.2025 16:08:42][serveritem][give] YEQTWGE obtained 1 of секирахаоса (§4§lСекира Хаоса)
[25.05.2025 16:17:04][serveritem][give] Bezobrazie obtained 1 of golovas4 (§5§lГолова Гарри-Поттера)
[25.05.2025 16:22:58][serveritem][give] xFightToShadoww obtained 1 of golovas4 (§5§lГолова Гарри-Поттера)
[25.05.2025 16:32:33][serveritem][give] TitanXplorer obtained 1 of golovas4 (§5§lГолова Гарри-Поттера)
[25.05.2025 16:55:08][serveritem][give] AWERFV_1234567 obtained 1 of golovas4 (§5§lГолова Гарри-Поттера)
[25.05.2025 16:55:13][serveritem][give] AWERFV_1234567 obtained 1 of golovas4 (§5§lГолова Гарри-Поттера)
[25.05.2025 17:01:36][serveritem][give] after_dark777 obtained 1 of шарскорки2 (§3§lШар Скорости 2)
[25.05.2025 17:16:33][serveritem][give] darhan3909 obtained 1 of секирахаоса (§4§lСекира Хаоса)
[25.05.2025 17:16:33][serveritem][give] darhan3909 obtained 1 of секирахаоса (§4§lСекира Хаоса)
[25.05.2025 17:16:35][serveritem][give] darhan3909 obtained 1 of секирахаоса (§4§lСекира Хаоса)
[25.05.2025 17:18:15][serveritem][give] Bezobrazie obtained 1 of golovas4 (§5§lГолова Гарри-Поттера)
[25.05.2025 17:30:18][serveritem][give] xFightToShadoww obtained 1 of golovas4 (§5§lГолова Гарри-Поттера)
[25.05.2025 17:31:04][serveritem][give] 7834444 obtained 1 of шарздоровья3 (§d§lШар Здоровья 3)
[25.05.2025 17:48:57][serveritem][give] Dream obtained 1 of секирахаоса (§4§lСекира Хаоса)
[25.05.2025 17:49:18][serveritem][give] Danila obtained 1 of шарздоровья3 (§d§lШар Здоровья 3)
[25.05.2025 17:49:46][serveritem][give] Dream obtained 1 of golovas4 (§5§lГолова Гарри-Поттера)
[25.05.2025 17:51:18][serveritem][give] Dream obtained 1 of шарздоровья3 (§d§lШар Здоровья 3)
[25.05.2025 17:53:55][serveritem][give] XorsikFlazzy obtained 1 of golovas2 (§b§lГолова Цири)
[25.05.2025 17:59:22][serveritem][give] Barada23 obtained 1 of секирахаоса (§4§lСекира Хаоса)
[25.05.2025 17:59:37][serveritem][give] ewertik obtained 1 of шарздоровья3 (§d§lШар Здоровья 3)
[25.05.2025 18:05:57][serveritem][give] alya_2015 obtained 1 of golovas2 (§b§lГолова Цири)
[25.05.2025 18:11:29][serveritem][give] sugeweon obtained 1 of шаршипа2 (§2§lШар Шипов 2)
[25.05.2025 18:18:52][serveritem][give] amnamhik125 obtained 1 of шарздоровья3 (§d§lШар Здоровья 3)
[25.05.2025 18:21:17][serveritem][give] onkslerr_0 obtained 1 of шарскорки2 (§3§lШар Скорости 2)
[25.05.2025 18:25:12][serveritem][give] frosi obtained 1 of шарскорки2 (§3§lШар Скорости 2)
[25.05.2025 18:25:24][serveritem][give] frosi obtained 1 of шарздоровья2 (§d§lШар Здоровья 2)
[25.05.2025 18:52:59][serveritem][give] ___D0kk13M1n354 obtained 1 of шарскорки2 (§3§lШар Скорости 2)
[25.05.2025 19:04:43][serveritem][give] kyalanew2 obtained 1 of секирахаоса (§4§lСекира Хаоса)
[25.05.2025 19:17:51][serveritem][give] mudrak229 obtained 1 of шарздоровья2 (§d§lШар Здоровья 2)
[25.05.2025 19:19:01][serveritem][give] baranuui3 obtained 1 of шаршипа1 (§2§lШар Шипов 1)
[25.05.2025 19:39:48][serveritem][give] kkkVovaZoriy14 obtained 1 of шарскорки2 (§3§lШар Скорости 2)
[25.05.2025 19:54:00][serveritem][give] Napoleon obtained 1 of шарздоровья3 (§d§lШар Здоровья 3)
[25.05.2025 19:54:25][serveritem][give] pumotop2011 obtained 1 of шарскорки2 (§3§lШар Скорости 2)
[25.05.2025 19:55:26][serveritem][give] alya_2015 obtained 1 of шарздоровья2 (§d§lШар Здоровья 2)
[25.05.2025 20:00:52][serveritem][give] alya_2015 obtained 1 of секирахаоса (§4§lСекира Хаоса)
[25.05.2025 20:01:04][serveritem][give] geniy5556 obtained 1 of golovas4 (§5§lГолова Гарри-Поттера)
[25.05.2025 20:03:30][serveritem][give] geniy5556 obtained 1 of golovas4 (§5§lГолова Гарри-Поттера)
[25.05.2025 20:03:32][serveritem][give] lemon_lmati668 obtained 1 of секирахаоса (§4§lСекира Хаоса)
[25.05.2025 20:25:24][serveritem][give] ___D0kk13M1n354 obtained 1 of шарскорки2 (§3§lШар Скорости 2)
[25.05.2025 20:42:45][serveritem][give] Mr_Membal obtained 1 of golovas4 (§5§lГолова Гарри-Поттера)
[25.05.2025 20:54:07][serveritem][give] nonosoftnono obtained 1 of шарздоровья3 (§d§lШар Здоровья 3)
[25.05.2025 21:07:23][serveritem][give] IIuoneR_FUNTIME obtained 1 of шарздоровья3 (§d§lШар Здоровья 3)
[25.05.2025 21:11:37][serveritem][give] qwerYT___ obtained 1 of шаршипа1 (§2§lШар Шипов 1)
[25.05.2025 23:17:06][serveritem][give] DANIL_12343 obtained 1 of шарздоровья2 (§d§lШар Здоровья 2)
