[15.05.2025 06:18:40][serveritem][give] iiya13 obtained 1 of шаротбр2 (§9§lШар Отбрасывания 2)
[15.05.2025 07:30:37][serveritem][give] segmahesus obtained 1 of golovas1 (§e§lГолова Сема-Тарли)
[15.05.2025 07:48:16][serveritem][give] Faber1337 obtained 1 of шарздоровья1 (§d§lШар Здоровья 1)
[15.05.2025 08:36:14][serveritem][give] MrDomer123old obtained 1 of шарздоровья3 (§d§lШар Здоровья 3)
[15.05.2025 08:36:38][serveritem][give] MrDomer123old obtained 1 of шарздоровья3 (§d§lШар Здоровья 3)
[15.05.2025 10:05:40][serveritem][give] BraisFOUR obtained 1 of секирахаоса (§4§lСекира Хаоса)
[15.05.2025 10:07:28][serveritem][give] BasedZXCYT obtained 1 of секирахаоса (§4§lСекира Хаоса)
[15.05.2025 10:09:14][serveritem][give] BasedZXCYT obtained 1 of секирахаоса (§4§lСекира Хаоса)
[15.05.2025 10:47:45][serveritem][give] dmitry obtained 1 of шарздоровья3 (§d§lШар Здоровья 3)
[15.05.2025 11:04:23][serveritem][give] the_hard obtained 1 of шарздоровья2 (§d§lШар Здоровья 2)
[15.05.2025 11:29:59][serveritem][give] iiya26 obtained 1 of шарздоровья1 (§d§lШар Здоровья 1)
[15.05.2025 12:34:06][serveritem][give] Iiya9 obtained 1 of шаршипа2 (§2§lШар Шипов 2)
[15.05.2025 12:43:46][serveritem][give] undwaf13 obtained 1 of секирахаоса (§4§lСекира Хаоса)
[15.05.2025 13:41:17][serveritem][give] tesya337 obtained 1 of golovas1 (§e§lГолова Сема-Тарли)
[15.05.2025 13:56:35][serveritem][give] skvidvardr obtained 1 of шарскорки2 (§3§lШар Скорости 2)
[15.05.2025 13:56:36][serveritem][give] skvidvardr obtained 1 of шарздоровья2 (§d§lШар Здоровья 2)
[15.05.2025 14:10:56][serveritem][give] turchiua obtained 1 of шарскорки1 (§3§lШар Скорости 1)
[15.05.2025 14:14:45][serveritem][give] GGa4eHbKa obtained 1 of шарскорки2 (§3§lШар Скорости 2)
[15.05.2025 14:29:31][serveritem][give] turchiua obtained 1 of шарздоровья1 (§d§lШар Здоровья 1)
[15.05.2025 14:55:44][serveritem][give] turchiua obtained 1 of шаршипа2 (§2§lШар Шипов 2)
[15.05.2025 15:31:24][serveritem][give] Joker47 obtained 1 of шаршипа2 (§2§lШар Шипов 2)
[15.05.2025 15:34:45][serveritem][give] lopikuj obtained 1 of шаротбр2 (§9§lШар Отбрасывания 2)
[15.05.2025 15:37:19][serveritem][give] turchiua obtained 1 of шаршипа2 (§2§lШар Шипов 2)
[15.05.2025 15:37:20][serveritem][give] turchiua obtained 1 of шаротбр2 (§9§lШар Отбрасывания 2)
[15.05.2025 15:37:21][serveritem][give] turchiua obtained 1 of шарздоровья3 (§d§lШар Здоровья 3)
[15.05.2025 15:37:26][serveritem][give] turchiua obtained 1 of шарскорки2 (§3§lШар Скорости 2)
[15.05.2025 15:37:33][serveritem][give] nyfoy_seer obtained 1 of секирахаоса (§4§lСекира Хаоса)
[15.05.2025 15:38:09][serveritem][give] nyfoy_seer obtained 1 of golovas4 (§5§lГолова Гарри-Поттера)
[15.05.2025 15:40:10][serveritem][give] nikkchA obtained 1 of golovas1 (§e§lГолова Сема-Тарли)
[15.05.2025 15:42:44][serveritem][give] Joker47 obtained 1 of golovas4 (§5§lГолова Гарри-Поттера)
[15.05.2025 15:46:13][serveritem][give] BioosBro obtained 1 of шарскорки2 (§3§lШар Скорости 2)
[15.05.2025 15:58:38][serveritem][give] BraisFOUR obtained 1 of секирахаоса (§4§lСекира Хаоса)
[15.05.2025 16:13:04][serveritem][give] zaly4kacosh obtained 1 of шарскорки2 (§3§lШар Скорости 2)
[15.05.2025 16:16:39][serveritem][give] kazym9k obtained 1 of golovas1 (§e§lГолова Сема-Тарли)
[15.05.2025 16:25:21][serveritem][give] XenoGhost_ obtained 1 of секирахаоса (§4§lСекира Хаоса)
[15.05.2025 16:27:20][serveritem][give] dodgsoftovb obtained 1 of шарскорки2 (§3§lШар Скорости 2)
[15.05.2025 16:40:32][serveritem][give] tutueufh obtained 1 of шарздоровья1 (§d§lШар Здоровья 1)
[15.05.2025 16:41:33][serveritem][give] BasedZXCYT obtained 1 of секирахаоса (§4§lСекира Хаоса)
[15.05.2025 16:57:10][serveritem][give] kazym9k obtained 1 of секирахаоса (§4§lСекира Хаоса)
[15.05.2025 16:57:39][serveritem][give] kazym9k obtained 1 of шарздоровья2 (§d§lШар Здоровья 2)
[15.05.2025 17:21:16][serveritem][give] dodgsoftovb obtained 1 of шарскорки2 (§3§lШар Скорости 2)
[15.05.2025 17:22:20][serveritem][give] Vadim3335242 obtained 1 of golovas4 (§5§lГолова Гарри-Поттера)
[15.05.2025 17:22:45][serveritem][give] Karasik_Boss obtained 1 of шарскорки2 (§3§lШар Скорости 2)
[15.05.2025 17:26:36][serveritem][give] nenovestj obtained 1 of шарздоровья3 (§d§lШар Здоровья 3)
[15.05.2025 18:04:44][serveritem][give] xelzi4ch obtained 1 of шарздоровья3 (§d§lШар Здоровья 3)
[15.05.2025 18:31:13][serveritem][give] BarneyQdlll obtained 1 of golovas4 (§5§lГолова Гарри-Поттера)
[15.05.2025 18:31:14][serveritem][give] BarneyQdlll obtained 1 of секирахаоса (§4§lСекира Хаоса)
[15.05.2025 18:43:25][serveritem][give] DragoNal obtained 1 of golovas1 (§e§lГолова Сема-Тарли)
[15.05.2025 18:53:12][serveritem][give] hearts1de obtained 1 of шарздоровья2 (§d§lШар Здоровья 2)
[15.05.2025 19:00:43][serveritem][give] Atlas obtained 1 of секирахаоса (§4§lСекира Хаоса)
[15.05.2025 19:02:02][serveritem][give] botsuk594 obtained 1 of golovas4 (§5§lГолова Гарри-Поттера)
[15.05.2025 19:05:41][serveritem][give] wertrewsazzz obtained 1 of golovas1 (§e§lГолова Сема-Тарли)
[15.05.2025 19:45:15][serveritem][give] The__Lorbgro2 obtained 1 of golovas4 (§5§lГолова Гарри-Поттера)
[15.05.2025 20:00:13][serveritem][give] Megacot_ obtained 1 of секирахаоса (§4§lСекира Хаоса)
[15.05.2025 20:01:19][serveritem][give] Megacot_ obtained 1 of golovas4 (§5§lГолова Гарри-Поттера)
[15.05.2025 20:09:20][serveritem][give] MSVena obtained 1 of golovas4 (§5§lГолова Гарри-Поттера)
[15.05.2025 20:09:35][serveritem][give] MSVena obtained 1 of секирахаоса (§4§lСекира Хаоса)
[15.05.2025 23:04:18][serveritem][give] Be3uH4uK_TT obtained 1 of golovas1 (§e§lГолова Сема-Тарли)
