[13.06.2025 00:04:08][serveritem][give] asdsfjghf obtained 1 of golovas1 (§e§lГолова Сема-Тарли)
[13.06.2025 00:04:08][serveritem][give] asdsfjghf obtained 1 of golovas1 (§e§lГолова Сема-Тарли)
[13.06.2025 00:04:10][serveritem][give] _EterIalshard_ obtained 1 of golovas4 (§5§lГолова Гарри-Поттера)
[13.06.2025 00:24:52][serveritem][give] TwinkyEzz obtained 1 of golovas4 (§5§lГолова Гарри-Поттера)
[13.06.2025 00:38:24][serveritem][give] faraspeedSi obtained 1 of шаршипа2 (§2§lШар Шипов 2)
[13.06.2025 01:37:35][serveritem][give] leraDDD777 obtained 1 of секирахаоса (§4§lСекира Хаоса)
[13.06.2025 01:38:11][serveritem][give] h1L1 obtained 1 of секирахаоса (§4§lСекира Хаоса)
[13.06.2025 01:41:08][serveritem][give] h1L1 obtained 1 of golovas4 (§5§lГолова Гарри-Поттера)
[13.06.2025 02:34:34][serveritem][give] Kiparis576 obtained 1 of шарскорки2 (§3§lШар Скорости 2)
[13.06.2025 04:12:47][serveritem][give] goga124 obtained 1 of golovas4 (§5§lГолова Гарри-Поттера)
[13.06.2025 05:40:03][serveritem][give] Smertnix obtained 1 of шарздоровья2 (§d§lШар Здоровья 2)
[13.06.2025 05:40:03][serveritem][give] Smertnix obtained 1 of шарздоровья2 (§d§lШар Здоровья 2)
[13.06.2025 07:05:51][serveritem][give] katana_lox obtained 1 of шарздоровья3 (§d§lШар Здоровья 3)
[13.06.2025 07:12:58][serveritem][give] Katana_6666 obtained 1 of шарздоровья2 (§d§lШар Здоровья 2)
[13.06.2025 07:38:30][serveritem][give] AXMED4754 obtained 1 of golovas4 (§5§lГолова Гарри-Поттера)
[13.06.2025 09:00:27][serveritem][give] YouTube obtained 1 of секирахаоса (§4§lСекира Хаоса)
[13.06.2025 09:10:52][serveritem][give] Excle obtained 1 of golovas1 (§e§lГолова Сема-Тарли)
[13.06.2025 09:11:04][serveritem][give] Excle obtained 1 of golovas1 (§e§lГолова Сема-Тарли)
[13.06.2025 09:46:37][serveritem][give] dead_maksimka22 obtained 1 of шарздоровья1 (§d§lШар Здоровья 1)
[13.06.2025 09:47:03][serveritem][give] B1bizan obtained 1 of шарздоровья1 (§d§lШар Здоровья 1)
[13.06.2025 10:25:05][serveritem][give] Danil392903 obtained 1 of шарздоровья3 (§d§lШар Здоровья 3)
[13.06.2025 10:29:46][serveritem][give] Danil392903 obtained 1 of шарздоровья3 (§d§lШар Здоровья 3)
[13.06.2025 10:29:47][serveritem][give] Danil392903 obtained 1 of шарздоровья3 (§d§lШар Здоровья 3)
[13.06.2025 10:29:47][serveritem][give] Danil392903 obtained 1 of шарздоровья3 (§d§lШар Здоровья 3)
[13.06.2025 10:29:48][serveritem][give] Danil392903 obtained 1 of шарздоровья3 (§d§lШар Здоровья 3)
[13.06.2025 10:29:49][serveritem][give] Danil392903 obtained 1 of шарздоровья3 (§d§lШар Здоровья 3)
[13.06.2025 10:50:18][serveritem][give] AXMED4755 obtained 1 of golovas4 (§5§lГолова Гарри-Поттера)
[13.06.2025 10:53:00][serveritem][give] AXMED4755 obtained 1 of golovas4 (§5§lГолова Гарри-Поттера)
[13.06.2025 10:54:18][serveritem][give] maugli774 obtained 1 of golovas4 (§5§lГолова Гарри-Поттера)
[13.06.2025 10:54:18][serveritem][give] maugli774 obtained 1 of секирахаоса (§4§lСекира Хаоса)
[13.06.2025 10:55:54][serveritem][give] BobritoBondito obtained 1 of golovas3 (§6§l§nГэндальф)
[13.06.2025 10:55:54][serveritem][give] BobritoBondito obtained 1 of golovas2 (§b§lГолова Цири)
[13.06.2025 10:55:55][serveritem][give] BobritoBondito obtained 1 of секирахаоса (§4§lСекира Хаоса)
[13.06.2025 10:55:55][serveritem][give] BobritoBondito obtained 1 of golovas1 (§e§lГолова Сема-Тарли)
[13.06.2025 10:55:55][serveritem][give] BobritoBondito obtained 1 of golovas4 (§5§lГолова Гарри-Поттера)
[13.06.2025 10:55:59][serveritem][give] BobritoBondito obtained 1 of golovas2 (§b§lГолова Цири)
[13.06.2025 10:55:59][serveritem][give] BobritoBondito obtained 1 of golovas1 (§e§lГолова Сема-Тарли)
[13.06.2025 10:56:00][serveritem][give] BobritoBondito obtained 1 of golovas4 (§5§lГолова Гарри-Поттера)
[13.06.2025 10:56:01][serveritem][give] BobritoBondito obtained 1 of golovas4 (§5§lГолова Гарри-Поттера)
[13.06.2025 10:56:02][serveritem][give] BobritoBondito obtained 1 of golovas3 (§6§l§nГэндальф)
[13.06.2025 11:03:45][serveritem][give] SpeedGlorus obtained 1 of шарскорки2 (§3§lШар Скорости 2)
[13.06.2025 11:08:00][serveritem][give] SasukeX obtained 1 of шарздоровья3 (§d§lШар Здоровья 3)
[13.06.2025 11:16:50][serveritem][give] Kathrizarp1 obtained 1 of шарскорки2 (§3§lШар Скорости 2)
[13.06.2025 11:18:28][serveritem][give] SeRuN obtained 1 of golovas4 (§5§lГолова Гарри-Поттера)
[13.06.2025 11:18:56][serveritem][give] agent2025 obtained 1 of секирахаоса (§4§lСекира Хаоса)
[13.06.2025 11:22:53][serveritem][give] aerophobic obtained 1 of шарскорки2 (§3§lШар Скорости 2)
[13.06.2025 11:22:54][serveritem][give] aerophobic obtained 1 of шарскорки2 (§3§lШар Скорости 2)
[13.06.2025 11:22:54][serveritem][give] aerophobic obtained 1 of шарздоровья3 (§d§lШар Здоровья 3)
[13.06.2025 11:22:55][serveritem][give] aerophobic obtained 1 of шаротбр2 (§9§lШар Отбрасывания 2)
[13.06.2025 11:22:55][serveritem][give] aerophobic obtained 1 of шаротбр2 (§9§lШар Отбрасывания 2)
[13.06.2025 11:22:55][serveritem][give] aerophobic obtained 1 of шаршипа2 (§2§lШар Шипов 2)
[13.06.2025 11:25:47][serveritem][give] AXMED4755 obtained 1 of шарскорки2 (§3§lШар Скорости 2)
[13.06.2025 11:27:49][serveritem][give] DanyN23 obtained 1 of golovas4 (§5§lГолова Гарри-Поттера)
[13.06.2025 11:29:12][serveritem][give] ggSpeedSi obtained 1 of шарскорки1 (§3§lШар Скорости 1)
[13.06.2025 11:31:20][serveritem][give] DanyN23 obtained 1 of golovas4 (§5§lГолова Гарри-Поттера)
[13.06.2025 11:38:53][serveritem][give] ShtefanNEINSyka obtained 1 of шарскорки2 (§3§lШар Скорости 2)
[13.06.2025 11:39:35][serveritem][give] Kathrizarp1 obtained 1 of шарскорки2 (§3§lШар Скорости 2)
[13.06.2025 11:59:32][serveritem][give] tormResolute0089 obtained 1 of шарскорки1 (§3§lШар Скорости 1)
[13.06.2025 12:03:40][serveritem][give] nqazrh3454 obtained 1 of шарздоровья3 (§d§lШар Здоровья 3)
[13.06.2025 12:09:07][serveritem][give] ShtefanNEINSyka obtained 1 of секирахаоса (§4§lСекира Хаоса)
[13.06.2025 12:30:08][serveritem][give] AndroidXXL obtained 1 of golovas4 (§5§lГолова Гарри-Поттера)
[13.06.2025 12:37:26][serveritem][give] Banan4iki424 obtained 1 of golovas1 (§e§lГолова Сема-Тарли)
[13.06.2025 12:37:31][serveritem][give] LiqueGOKU3 obtained 1 of шарскорки2 (§3§lШар Скорости 2)
[13.06.2025 12:47:50][serveritem][give] faraspeedSi obtained 1 of шарздоровья1 (§d§lШар Здоровья 1)
[13.06.2025 12:48:37][serveritem][give] faraspeedSi obtained 1 of golovas4 (§5§lГолова Гарри-Поттера)
[13.06.2025 12:50:21][serveritem][give] nqazrh3454 obtained 1 of golovas1 (§e§lГолова Сема-Тарли)
[13.06.2025 12:58:45][serveritem][give] stas_228 obtained 1 of шарздоровья1 (§d§lШар Здоровья 1)
[13.06.2025 13:09:22][serveritem][give] gfgfgdhdh obtained 1 of шаршипа1 (§2§lШар Шипов 1)
[13.06.2025 13:20:25][serveritem][give] sdfdsfsdgs obtained 1 of шарздоровья2 (§d§lШар Здоровья 2)
[13.06.2025 13:20:53][serveritem][give] ML_VarenyK obtained 1 of шарздоровья3 (§d§lШар Здоровья 3)
[13.06.2025 13:27:06][serveritem][give] gargaEZZ obtained 1 of шарздоровья1 (§d§lШар Здоровья 1)
[13.06.2025 13:36:33][serveritem][give] hfshjdfhjsh obtained 1 of шаршипа1 (§2§lШар Шипов 1)
[13.06.2025 13:39:52][serveritem][give] McSwag obtained 1 of секирахаоса (§4§lСекира Хаоса)
[13.06.2025 13:41:41][serveritem][give] _Foxic obtained 1 of шарскорки2 (§3§lШар Скорости 2)
[13.06.2025 13:44:53][serveritem][give] artem1516 obtained 1 of golovas1 (§e§lГолова Сема-Тарли)
[13.06.2025 13:45:36][serveritem][give] dhtsgfsdfsdf obtained 1 of шаршипа2 (§2§lШар Шипов 2)
[13.06.2025 13:48:58][serveritem][give] LiqueGOKU3 obtained 1 of golovas4 (§5§lГолова Гарри-Поттера)
[13.06.2025 13:55:23][serveritem][give] xdeforpo4ka12 obtained 1 of секирахаоса (§4§lСекира Хаоса)
[13.06.2025 13:58:40][serveritem][give] arte123m obtained 1 of секирахаоса (§4§lСекира Хаоса)
[13.06.2025 14:00:21][serveritem][give] arte123m obtained 1 of golovas1 (§e§lГолова Сема-Тарли)
[13.06.2025 14:00:28][serveritem][give] arte123m obtained 1 of golovas4 (§5§lГолова Гарри-Поттера)
[13.06.2025 14:01:59][serveritem][give] nqazrh3454 obtained 1 of шарздоровья3 (§d§lШар Здоровья 3)
[13.06.2025 14:02:36][serveritem][give] nqazrh3454 obtained 1 of golovas3 (§6§l§nГэндальф)
[13.06.2025 14:07:18][serveritem][give] AgileCaiman188 obtained 1 of golovas1 (§e§lГолова Сема-Тарли)
[13.06.2025 14:10:12][serveritem][give] vovkatop obtained 1 of шарскорки2 (§3§lШар Скорости 2)
[13.06.2025 14:14:56][serveritem][give] adaa obtained 1 of шарздоровья2 (§d§lШар Здоровья 2)
[13.06.2025 14:20:31][serveritem][give] Thepulmas2 obtained 1 of golovas4 (§5§lГолова Гарри-Поттера)
[13.06.2025 14:22:12][serveritem][give] bobofon obtained 1 of golovas4 (§5§lГолова Гарри-Поттера)
[13.06.2025 14:23:04][serveritem][give] nestux2_102 obtained 1 of шаршипа2 (§2§lШар Шипов 2)
[13.06.2025 14:26:09][serveritem][give] nikita23565 obtained 1 of шарздоровья2 (§d§lШар Здоровья 2)
[13.06.2025 14:31:47][serveritem][give] Erkosh11 obtained 1 of шарздоровья2 (§d§lШар Здоровья 2)
[13.06.2025 14:32:13][serveritem][give] Kirillchik52852 obtained 1 of шарздоровья3 (§d§lШар Здоровья 3)
[13.06.2025 14:32:24][serveritem][give] mrdekart18 obtained 1 of golovas1 (§e§lГолова Сема-Тарли)
[13.06.2025 14:56:27][serveritem][give] minimasha obtained 1 of шарскорки2 (§3§lШар Скорости 2)
[13.06.2025 15:13:28][serveritem][give] csgo17 obtained 1 of шарздоровья3 (§d§lШар Здоровья 3)
[13.06.2025 15:13:29][serveritem][give] csgo17 obtained 1 of шарздоровья3 (§d§lШар Здоровья 3)
[13.06.2025 15:13:29][serveritem][give] csgo17 obtained 1 of шарздоровья3 (§d§lШар Здоровья 3)
[13.06.2025 15:26:33][serveritem][give] csgo18 obtained 1 of шарздоровья1 (§d§lШар Здоровья 1)
[13.06.2025 15:29:20][serveritem][give] 1dark1111 obtained 1 of шарскорки2 (§3§lШар Скорости 2)
[13.06.2025 15:33:37][serveritem][give] speremoge obtained 1 of шарскорки2 (§3§lШар Скорости 2)
[13.06.2025 15:35:30][serveritem][give] legit_uwu obtained 1 of шарздоровья3 (§d§lШар Здоровья 3)
[13.06.2025 15:36:14][serveritem][give] TARS124 obtained 1 of шарздоровья3 (§d§lШар Здоровья 3)
[13.06.2025 15:42:07][serveritem][give] kowolk obtained 1 of шарздоровья3 (§d§lШар Здоровья 3)
[13.06.2025 15:49:44][serveritem][give] GooderPlayer obtained 1 of шарздоровья3 (§d§lШар Здоровья 3)
[13.06.2025 15:57:56][serveritem][give] fotim233 obtained 1 of шарскорки2 (§3§lШар Скорости 2)
[13.06.2025 16:14:28][serveritem][give] montooop obtained 1 of golovas3 (§6§l§nГэндальф)
[13.06.2025 16:19:24][serveritem][give] fabrickk obtained 1 of golovas4 (§5§lГолова Гарри-Поттера)
[13.06.2025 16:37:35][serveritem][give] IHBokP1g obtained 1 of golovas4 (§5§lГолова Гарри-Поттера)
[13.06.2025 16:45:21][serveritem][give] Dreams_Storms1 obtained 1 of golovas4 (§5§lГолова Гарри-Поттера)
[13.06.2025 16:47:57][serveritem][give] legit_uwu obtained 1 of шарздоровья3 (§d§lШар Здоровья 3)
[13.06.2025 16:50:01][serveritem][give] KeptGnat9284830 obtained 1 of golovas1 (§e§lГолова Сема-Тарли)
[13.06.2025 16:52:07][serveritem][give] fron4ik699 obtained 1 of golovas3 (§6§l§nГэндальф)
[13.06.2025 16:52:23][serveritem][give] ya_klyt obtained 1 of golovas4 (§5§lГолова Гарри-Поттера)
[13.06.2025 17:18:01][serveritem][give] Mimicronchik obtained 1 of шарздоровья2 (§d§lШар Здоровья 2)
[13.06.2025 17:18:33][serveritem][give] Mr_Fisher obtained 1 of шарздоровья2 (§d§lШар Здоровья 2)
[13.06.2025 17:22:03][serveritem][give] fron4ik699 obtained 1 of секирахаоса (§4§lСекира Хаоса)
[13.06.2025 17:25:03][serveritem][give] fron4ik699 obtained 1 of golovas4 (§5§lГолова Гарри-Поттера)
[13.06.2025 17:34:54][serveritem][give] lajuka obtained 1 of секирахаоса (§4§lСекира Хаоса)
[13.06.2025 17:38:44][serveritem][give] ME_T4ylorRUS obtained 1 of шарскорки2 (§3§lШар Скорости 2)
[13.06.2025 17:46:55][serveritem][give] BaSiKaot obtained 1 of golovas4 (§5§lГолова Гарри-Поттера)
[13.06.2025 18:03:21][serveritem][give] Finskiyvoen1122 obtained 1 of шарздоровья3 (§d§lШар Здоровья 3)
[13.06.2025 18:04:26][serveritem][give] Aylanderr obtained 1 of golovas4 (§5§lГолова Гарри-Поттера)
[13.06.2025 18:04:41][serveritem][give] cZSeHQgU obtained 1 of шаршипа2 (§2§lШар Шипов 2)
[13.06.2025 18:05:36][serveritem][give] Aylanderr obtained 1 of секирахаоса (§4§lСекира Хаоса)
[13.06.2025 18:12:29][serveritem][give] SpeedGlorus obtained 1 of golovas4 (§5§lГолова Гарри-Поттера)
[13.06.2025 18:14:21][serveritem][give] agent2025 obtained 1 of шарскорки1 (§3§lШар Скорости 1)
[13.06.2025 18:21:15][serveritem][give] olkoty16 obtained 1 of шарскорки2 (§3§lШар Скорости 2)
[13.06.2025 18:21:21][serveritem][give] C32 obtained 1 of шаршипа2 (§2§lШар Шипов 2)
[13.06.2025 18:21:33][serveritem][give] olkoty16 obtained 1 of шаршипа2 (§2§lШар Шипов 2)
[13.06.2025 18:24:05][serveritem][give] agent2025 obtained 1 of шарскорки1 (§3§lШар Скорости 1)
[13.06.2025 18:28:57][serveritem][give] gay1337 obtained 1 of golovas4 (§5§lГолова Гарри-Поттера)
[13.06.2025 18:41:59][serveritem][give] wer146 obtained 1 of шарздоровья3 (§d§lШар Здоровья 3)
[13.06.2025 18:48:47][serveritem][give] monkey01 obtained 1 of шарздоровья3 (§d§lШар Здоровья 3)
[13.06.2025 18:49:46][serveritem][give] wer146 obtained 1 of шарздоровья3 (§d§lШар Здоровья 3)
[13.06.2025 18:54:53][serveritem][give] Dreams_Storms7 obtained 1 of секирахаоса (§4§lСекира Хаоса)
[13.06.2025 18:54:57][serveritem][give] Dreams_Storms7 obtained 1 of golovas3 (§6§l§nГэндальф)
[13.06.2025 19:01:52][serveritem][give] Dreams_Storms77 obtained 1 of секирахаоса (§4§lСекира Хаоса)
[13.06.2025 19:07:39][serveritem][give] Finskiyvoen1122 obtained 1 of golovas1 (§e§lГолова Сема-Тарли)
[13.06.2025 19:11:42][serveritem][give] foslik obtained 1 of шарздоровья1 (§d§lШар Здоровья 1)
[13.06.2025 19:13:18][serveritem][give] lajuka obtained 1 of шаршипа2 (§2§lШар Шипов 2)
[13.06.2025 19:19:57][serveritem][give] Dreams_Storms456 obtained 1 of шарздоровья3 (§d§lШар Здоровья 3)
[13.06.2025 19:33:16][serveritem][give] h1wb_ obtained 1 of golovas4 (§5§lГолова Гарри-Поттера)
[13.06.2025 19:35:04][serveritem][give] YT_horl obtained 1 of секирахаоса (§4§lСекира Хаоса)
[13.06.2025 19:36:09][serveritem][give] MrPidorYT obtained 1 of секирахаоса (§4§lСекира Хаоса)
[13.06.2025 19:39:26][serveritem][give] Tim_filip obtained 1 of golovas4 (§5§lГолова Гарри-Поттера)
[13.06.2025 19:40:11][serveritem][give] GRAF_KILLER_666 obtained 1 of секирахаоса (§4§lСекира Хаоса)
[13.06.2025 19:42:19][serveritem][give] ggsvord obtained 1 of шаршипа1 (§2§lШар Шипов 1)
[13.06.2025 19:46:47][serveritem][give] 7gentelman7 obtained 1 of шарздоровья3 (§d§lШар Здоровья 3)
[13.06.2025 19:48:30][serveritem][give] _Foxic obtained 1 of шарскорки2 (§3§lШар Скорости 2)
[13.06.2025 20:00:28][serveritem][give] To4no_Ne_SoFtE12 obtained 1 of golovas2 (§b§lГолова Цири)
[13.06.2025 20:01:50][serveritem][give] To4no_Ne_SoFtE12 obtained 1 of golovas2 (§b§lГолова Цири)
[13.06.2025 20:06:13][serveritem][give] zero obtained 1 of шарздоровья1 (§d§lШар Здоровья 1)
[13.06.2025 20:08:15][serveritem][give] Kathrizarpl_ obtained 1 of шарскорки2 (§3§lШар Скорости 2)
[13.06.2025 20:09:21][serveritem][give] dwaoijdjiawdaw obtained 1 of секирахаоса (§4§lСекира Хаоса)
[13.06.2025 20:12:51][serveritem][give] Artem287 obtained 1 of шарскорки1 (§3§lШар Скорости 1)
[13.06.2025 20:13:35][serveritem][give] Artem287 obtained 1 of шарскорки1 (§3§lШар Скорости 1)
[13.06.2025 20:21:44][serveritem][give] legit_uwu obtained 1 of секирахаоса (§4§lСекира Хаоса)
[13.06.2025 20:21:53][serveritem][give] teryyyx obtained 1 of шарздоровья1 (§d§lШар Здоровья 1)
[13.06.2025 20:26:32][serveritem][give] LegendRw201352gg obtained 1 of шарздоровья3 (§d§lШар Здоровья 3)
[13.06.2025 20:26:55][serveritem][give] LegendRw201352gg obtained 1 of секирахаоса (§4§lСекира Хаоса)
[13.06.2025 20:27:03][serveritem][give] hygar_1 obtained 1 of секирахаоса (§4§lСекира Хаоса)
[13.06.2025 20:29:05][serveritem][give] axmedtamaev obtained 1 of golovas4 (§5§lГолова Гарри-Поттера)
[13.06.2025 20:30:41][serveritem][give] xfdgvoidzriv obtained 1 of секирахаоса (§4§lСекира Хаоса)
[13.06.2025 20:33:41][serveritem][give] pro_bedvars obtained 1 of golovas2 (§b§lГолова Цири)
[13.06.2025 20:34:47][serveritem][give] Mr_Fisher obtained 1 of шарскорки2 (§3§lШар Скорости 2)
[13.06.2025 20:35:25][serveritem][give] zero obtained 1 of секирахаоса (§4§lСекира Хаоса)
[13.06.2025 20:42:02][serveritem][give] korobka obtained 1 of шарскорки2 (§3§lШар Скорости 2)
[13.06.2025 20:50:30][serveritem][give] bibi73 obtained 1 of шарздоровья2 (§d§lШар Здоровья 2)
[13.06.2025 20:52:24][serveritem][give] young11111 obtained 1 of секирахаоса (§4§lСекира Хаоса)
[13.06.2025 21:00:36][serveritem][give] lettkho351 obtained 1 of шарздоровья2 (§d§lШар Здоровья 2)
[13.06.2025 21:00:41][serveritem][give] Aktef564 obtained 1 of шарскорки2 (§3§lШар Скорости 2)
[13.06.2025 21:08:42][serveritem][give] hygar_1 obtained 1 of golovas4 (§5§lГолова Гарри-Поттера)
[13.06.2025 21:10:10][serveritem][give] HplatFormus obtained 1 of шарскорки2 (§3§lШар Скорости 2)
[13.06.2025 21:27:06][serveritem][give] BARAB9 obtained 1 of шарскорки2 (§3§lШар Скорости 2)
[13.06.2025 21:29:48][serveritem][give] CommonPearce obtained 1 of season1 (§5§lГолова Джотаро)
[13.06.2025 21:30:01][serveritem][give] __Sempa1__ obtained 1 of секирахаоса (§4§lСекира Хаоса)
[13.06.2025 21:42:06][serveritem][give] ShadowPirst obtained 1 of шаршипа2 (§2§lШар Шипов 2)
[13.06.2025 21:49:23][serveritem][give] 328230martinyuk obtained 1 of golovas4 (§5§lГолова Гарри-Поттера)
[13.06.2025 21:49:44][serveritem][give] PixelAura obtained 1 of golovas3 (§6§l§nГэндальф)
[13.06.2025 21:52:31][serveritem][give] Kathrizarpl_ obtained 1 of шарскорки2 (§3§lШар Скорости 2)
[13.06.2025 21:52:46][serveritem][give] ReS_qo obtained 1 of шарздоровья3 (§d§lШар Здоровья 3)
[13.06.2025 21:52:46][serveritem][give] ReS_qo obtained 1 of шарздоровья3 (§d§lШар Здоровья 3)
[13.06.2025 21:52:47][serveritem][give] ReS_qo obtained 1 of шарздоровья3 (§d§lШар Здоровья 3)
[13.06.2025 21:52:47][serveritem][give] ReS_qo obtained 1 of шарздоровья3 (§d§lШар Здоровья 3)
[13.06.2025 21:52:47][serveritem][give] ReS_qo obtained 1 of шарздоровья3 (§d§lШар Здоровья 3)
[13.06.2025 21:52:47][serveritem][give] ReS_qo obtained 1 of шарздоровья3 (§d§lШар Здоровья 3)
[13.06.2025 21:52:47][serveritem][give] ReS_qo obtained 1 of шарздоровья3 (§d§lШар Здоровья 3)
[13.06.2025 21:52:48][serveritem][give] ReS_qo obtained 1 of шарздоровья3 (§d§lШар Здоровья 3)
[13.06.2025 21:55:12][serveritem][give] h1ghifka obtained 1 of шарскорки1 (§3§lШар Скорости 1)
[13.06.2025 21:59:05][serveritem][give] pidornewaq obtained 1 of шаршипа2 (§2§lШар Шипов 2)
[13.06.2025 21:59:46][serveritem][give] Killya_Zo1dyck obtained 1 of шарскорки2 (§3§lШар Скорости 2)
[13.06.2025 22:00:45][serveritem][give] AXMED4755 obtained 1 of шарскорки1 (§3§lШар Скорости 1)
[13.06.2025 22:05:13][serveritem][give] fh5t obtained 1 of шарскорки2 (§3§lШар Скорости 2)
[13.06.2025 22:10:38][serveritem][give] kaktus999 obtained 1 of golovas4 (§5§lГолова Гарри-Поттера)
[13.06.2025 22:11:43][serveritem][give] kaktus999 obtained 1 of секирахаоса (§4§lСекира Хаоса)
[13.06.2025 22:11:48][serveritem][give] AndreakaaYT obtained 1 of шаршипа2 (§2§lШар Шипов 2)
[13.06.2025 22:16:50][serveritem][give] skibidi999222 obtained 1 of шарскорки2 (§3§lШар Скорости 2)
[13.06.2025 22:17:11][serveritem][give] Tishkams obtained 1 of секирахаоса (§4§lСекира Хаоса)
[13.06.2025 22:28:07][serveritem][give] kaka77722 obtained 1 of шарскорки2 (§3§lШар Скорости 2)
[13.06.2025 22:29:57][serveritem][give] Kirilbfu228 obtained 1 of секирахаоса (§4§lСекира Хаоса)
[13.06.2025 22:31:31][serveritem][give] krytoitipoqq obtained 1 of шарскорки2 (§3§lШар Скорости 2)
[13.06.2025 22:45:30][serveritem][give] DeKu obtained 1 of golovas4 (§5§lГолова Гарри-Поттера)
[13.06.2025 22:45:34][serveritem][give] MilakVlad obtained 1 of шарскорки2 (§3§lШар Скорости 2)
[13.06.2025 22:48:47][serveritem][give] YouTube obtained 1 of секирахаоса (§4§lСекира Хаоса)
[13.06.2025 22:49:37][serveritem][give] leraDDD777 obtained 1 of шарскорки2 (§3§lШар Скорости 2)
[13.06.2025 22:52:22][serveritem][give] DeKu obtained 1 of golovas4 (§5§lГолова Гарри-Поттера)
[13.06.2025 22:56:20][serveritem][give] bRatYxa_toper obtained 1 of шарскорки1 (§3§lШар Скорости 1)
[13.06.2025 23:09:22][serveritem][give] KDuBHMCs obtained 1 of golovas1 (§e§lГолова Сема-Тарли)
[13.06.2025 23:09:22][serveritem][give] KDuBHMCs obtained 1 of golovas4 (§5§lГолова Гарри-Поттера)
[13.06.2025 23:10:34][serveritem][give] Kathrizarpl_ obtained 1 of шарскорки2 (§3§lШар Скорости 2)
[13.06.2025 23:26:21][serveritem][give] MilakVlad obtained 1 of шарздоровья2 (§d§lШар Здоровья 2)
[13.06.2025 23:32:37][serveritem][give] svinota42 obtained 1 of шарздоровья3 (§d§lШар Здоровья 3)
[13.06.2025 23:36:34][serveritem][give] goldixxi obtained 1 of golovas1 (§e§lГолова Сема-Тарли)
[13.06.2025 23:36:52][serveritem][give] svinota42 obtained 1 of golovas1 (§e§lГолова Сема-Тарли)
[13.06.2025 23:37:38][serveritem][give] Pusynmenhik obtained 1 of секирахаоса (§4§lСекира Хаоса)
[13.06.2025 23:41:42][serveritem][give] Tiger222220 obtained 1 of golovas4 (§5§lГолова Гарри-Поттера)
[13.06.2025 23:42:30][serveritem][give] Bolsartur obtained 1 of шарздоровья1 (§d§lШар Здоровья 1)
[13.06.2025 23:44:34][serveritem][give] VIK4560 obtained 1 of golovas1 (§e§lГолова Сема-Тарли)
[13.06.2025 23:55:56][serveritem][give] maugli774 obtained 1 of секирахаоса (§4§lСекира Хаоса)
[13.06.2025 23:55:57][serveritem][give] maugli774 obtained 1 of golovas4 (§5§lГолова Гарри-Поттера)
[13.06.2025 23:56:59][serveritem][give] goldixxi obtained 1 of секирахаоса (§4§lСекира Хаоса)
