[23.05.2025 04:30:02][serveritem][give] WOLF_FENIKS obtained 1 of шарскорки2 (§3§lШар Скорости 2)
[23.05.2025 05:10:55][serveritem][give] Mr_WEFL obtained 1 of шарздоровья3 (§d§lШар Здоровья 3)
[23.05.2025 05:12:08][serveritem][give] mynix obtained 1 of golovas4 (§5§lГолова Гарри-Поттера)
[23.05.2025 05:12:18][serveritem][give] fyl_lol obtained 1 of шарздоровья3 (§d§lШар Здоровья 3)
[23.05.2025 05:16:52][serveritem][give] _1_w1ther_1_ obtained 1 of шарскорки2 (§3§lШар Скорости 2)
[23.05.2025 05:16:57][serveritem][give] Aptem5733 obtained 1 of шарздоровья3 (§d§lШар Здоровья 3)
[23.05.2025 05:19:17][serveritem][give] Aptem5733 obtained 1 of секирахаоса (§4§lСекира Хаоса)
[23.05.2025 05:38:27][serveritem][give] T0P1GRA obtained 1 of golovas4 (§5§lГолова Гарри-Поттера)
[23.05.2025 05:48:12][serveritem][give] zxc_fogzir1 obtained 1 of шарздоровья3 (§d§lШар Здоровья 3)
[23.05.2025 05:52:34][serveritem][give] Ki1ir_s1k obtained 1 of шарскорки2 (§3§lШар Скорости 2)
[23.05.2025 05:52:52][serveritem][give] Ki1ir_s1k obtained 1 of шаротбр2 (§9§lШар Отбрасывания 2)
[23.05.2025 05:54:41][serveritem][give] Ki1ir_s1k obtained 1 of шаршипа2 (§2§lШар Шипов 2)
[23.05.2025 06:09:30][serveritem][give] poshla9i obtained 1 of шарздоровья2 (§d§lШар Здоровья 2)
[23.05.2025 06:46:46][serveritem][give] XB_PIZDAT obtained 1 of golovas4 (§5§lГолова Гарри-Поттера)
[23.05.2025 06:56:03][serveritem][give] ayaz230615 obtained 1 of шарздоровья3 (§d§lШар Здоровья 3)
[23.05.2025 06:57:26][serveritem][give] Iepr1con obtained 1 of golovas4 (§5§lГолова Гарри-Поттера)
[23.05.2025 07:01:38][serveritem][give] titiaaq obtained 1 of секирахаоса (§4§lСекира Хаоса)
[23.05.2025 07:01:51][serveritem][give] titiaaq obtained 1 of golovas4 (§5§lГолова Гарри-Поттера)
[23.05.2025 07:04:06][serveritem][give] Uwu_cute obtained 1 of golovas4 (§5§lГолова Гарри-Поттера)
[23.05.2025 07:04:07][serveritem][give] Uwu_cute obtained 1 of секирахаоса (§4§lСекира Хаоса)
[23.05.2025 07:41:07][serveritem][give] Geodop obtained 1 of секирахаоса (§4§lСекира Хаоса)
[23.05.2025 07:43:15][serveritem][give] swenntyx obtained 1 of шаршипа2 (§2§lШар Шипов 2)
[23.05.2025 07:48:36][serveritem][give] Geka75645 obtained 1 of секирахаоса (§4§lСекира Хаоса)
[23.05.2025 07:58:18][serveritem][give] Be_goobs obtained 1 of секирахаоса (§4§lСекира Хаоса)
[23.05.2025 08:04:20][serveritem][give] alfa204 obtained 1 of секирахаоса (§4§lСекира Хаоса)
[23.05.2025 08:20:59][serveritem][give] MrZenychika111 obtained 1 of секирахаоса (§4§lСекира Хаоса)
[23.05.2025 08:21:19][serveritem][give] Zenty_ezz obtained 1 of golovas1 (§e§lГолова Сема-Тарли)
[23.05.2025 08:28:00][serveritem][give] DmitriTTodvoxoB obtained 1 of секирахаоса (§4§lСекира Хаоса)
[23.05.2025 08:28:01][serveritem][give] DmitriTTodvoxoB obtained 1 of golovas4 (§5§lГолова Гарри-Поттера)
[23.05.2025 08:28:01][serveritem][give] DmitriTTodvoxoB obtained 1 of golovas4 (§5§lГолова Гарри-Поттера)
[23.05.2025 08:28:02][serveritem][give] DmitriTTodvoxoB obtained 1 of секирахаоса (§4§lСекира Хаоса)
[23.05.2025 08:35:34][serveritem][give] Zenty_ezz obtained 1 of golovas1 (§e§lГолова Сема-Тарли)
[23.05.2025 08:44:43][serveritem][give] Nikipoloko obtained 1 of шарздоровья3 (§d§lШар Здоровья 3)
[23.05.2025 08:45:18][serveritem][give] Mrmaxfoma obtained 1 of golovas3 (§6§l§nГэндальф)
[23.05.2025 08:45:20][serveritem][give] Mrmaxfoma obtained 1 of секирахаоса (§4§lСекира Хаоса)
[23.05.2025 08:50:20][serveritem][give] megaflopa obtained 1 of golovas1 (§e§lГолова Сема-Тарли)
[23.05.2025 08:50:22][serveritem][give] megaflopa obtained 1 of golovas2 (§b§lГолова Цири)
[23.05.2025 08:50:23][serveritem][give] megaflopa obtained 1 of golovas4 (§5§lГолова Гарри-Поттера)
[23.05.2025 08:50:34][serveritem][give] megaflopa obtained 1 of golovas4 (§5§lГолова Гарри-Поттера)
[23.05.2025 08:50:35][serveritem][give] megaflopa obtained 1 of golovas2 (§b§lГолова Цири)
[23.05.2025 08:50:37][serveritem][give] megaflopa obtained 1 of golovas4 (§5§lГолова Гарри-Поттера)
[23.05.2025 08:57:16][serveritem][give] pisunetor obtained 1 of шарздоровья3 (§d§lШар Здоровья 3)
[23.05.2025 09:10:33][serveritem][give] oSerpeGoo72 obtained 1 of golovas4 (§5§lГолова Гарри-Поттера)
[23.05.2025 09:16:16][serveritem][give] oSerpeGoo72 obtained 1 of шарскорки1 (§3§lШар Скорости 1)
[23.05.2025 09:20:41][serveritem][give] Ph0n1x_ezz obtained 1 of golovas4 (§5§lГолова Гарри-Поттера)
[23.05.2025 09:33:07][serveritem][give] KomikZXC obtained 1 of шаротбр2 (§9§lШар Отбрасывания 2)
[23.05.2025 09:45:23][serveritem][give] chechot obtained 1 of шаротбр2 (§9§lШар Отбрасывания 2)
[23.05.2025 09:47:47][serveritem][give] jojowori2 obtained 1 of шарздоровья3 (§d§lШар Здоровья 3)
[23.05.2025 09:54:08][serveritem][give] fasdeer obtained 1 of golovas4 (§5§lГолова Гарри-Поттера)
[23.05.2025 10:05:48][serveritem][give] KLutassad_451 obtained 1 of шарскорки2 (§3§lШар Скорости 2)
[23.05.2025 10:05:50][serveritem][give] KLutassad_451 obtained 1 of шарздоровья3 (§d§lШар Здоровья 3)
[23.05.2025 10:05:50][serveritem][give] KLutassad_451 obtained 1 of шаршипа2 (§2§lШар Шипов 2)
[23.05.2025 10:05:51][serveritem][give] KLutassad_451 obtained 1 of шаротбр2 (§9§lШар Отбрасывания 2)
[23.05.2025 10:08:54][serveritem][give] KLutassad_451 obtained 1 of шарскорки2 (§3§lШар Скорости 2)
[23.05.2025 10:26:46][serveritem][give] KLutassad_451 obtained 1 of шарздоровья3 (§d§lШар Здоровья 3)
[23.05.2025 10:26:47][serveritem][give] KLutassad_451 obtained 1 of шарскорки2 (§3§lШар Скорости 2)
[23.05.2025 10:27:27][serveritem][give] WOLF_FENIKS obtained 1 of шарздоровья2 (§d§lШар Здоровья 2)
[23.05.2025 10:34:05][serveritem][give] caps123123twink2 obtained 1 of golovas3 (§6§l§nГэндальф)
[23.05.2025 10:34:15][serveritem][give] caps123123twink2 obtained 1 of секирахаоса (§4§lСекира Хаоса)
[23.05.2025 10:36:08][serveritem][give] imakilll obtained 1 of golovas1 (§e§lГолова Сема-Тарли)
[23.05.2025 10:36:09][serveritem][give] imakilll obtained 1 of секирахаоса (§4§lСекира Хаоса)
[23.05.2025 10:38:53][serveritem][give] imakilll obtained 1 of шарздоровья3 (§d§lШар Здоровья 3)
[23.05.2025 10:49:00][serveritem][give] SASKAKTOP obtained 1 of шарздоровья2 (§d§lШар Здоровья 2)
[23.05.2025 10:59:02][serveritem][give] KRIPER___ obtained 1 of шарздоровья3 (§d§lШар Здоровья 3)
[23.05.2025 11:14:53][serveritem][give] r6y7uua obtained 1 of шарздоровья3 (§d§lШар Здоровья 3)
[23.05.2025 11:21:06][serveritem][give] SergPro100Max obtained 1 of шарздоровья2 (§d§lШар Здоровья 2)
[23.05.2025 11:21:25][serveritem][give] SergPro100Max obtained 1 of golovas4 (§5§lГолова Гарри-Поттера)
[23.05.2025 11:22:28][serveritem][give] dgjsgjweuhu obtained 1 of шарздоровья3 (§d§lШар Здоровья 3)
[23.05.2025 11:23:45][serveritem][give] aafafsfa obtained 1 of golovas4 (§5§lГолова Гарри-Поттера)
[23.05.2025 11:23:48][serveritem][give] aafafsfa obtained 1 of секирахаоса (§4§lСекира Хаоса)
[23.05.2025 11:23:51][serveritem][give] aafafsfa obtained 1 of golovas3 (§6§l§nГэндальф)
[23.05.2025 11:23:53][serveritem][give] aafafsfa obtained 1 of golovas1 (§e§lГолова Сема-Тарли)
[23.05.2025 11:47:10][serveritem][give] dfsdferserffsef obtained 1 of секирахаоса (§4§lСекира Хаоса)
[23.05.2025 11:51:14][serveritem][give] dsfsdfgdfg obtained 1 of golovas4 (§5§lГолова Гарри-Поттера)
[23.05.2025 11:58:56][serveritem][give] kiilllllka_bust obtained 1 of шарздоровья1 (§d§lШар Здоровья 1)
[23.05.2025 12:00:07][serveritem][give] Manius obtained 1 of golovas4 (§5§lГолова Гарри-Поттера)
[23.05.2025 12:08:40][serveritem][give] umRaptorViking52 obtained 1 of шарздоровья3 (§d§lШар Здоровья 3)
[23.05.2025 12:09:34][serveritem][give] penis001 obtained 1 of golovas2 (§b§lГолова Цири)
[23.05.2025 12:18:05][serveritem][give] Manius obtained 1 of golovas4 (§5§lГолова Гарри-Поттера)
[23.05.2025 12:26:30][serveritem][give] smkll obtained 1 of шарскорки2 (§3§lШар Скорости 2)
[23.05.2025 12:35:12][serveritem][give] kalahk950 obtained 1 of шаротбр2 (§9§lШар Отбрасывания 2)
[23.05.2025 12:35:13][serveritem][give] kalahk950 obtained 1 of шаротбр2 (§9§lШар Отбрасывания 2)
[23.05.2025 12:35:16][serveritem][give] kalahk950 obtained 1 of шаршипа2 (§2§lШар Шипов 2)
[23.05.2025 12:35:16][serveritem][give] kalahk950 obtained 1 of шаршипа2 (§2§lШар Шипов 2)
[23.05.2025 12:36:16][serveritem][give] kalahk950 obtained 1 of шарздоровья2 (§d§lШар Здоровья 2)
[23.05.2025 12:42:23][serveritem][give] diikii1 obtained 1 of golovas1 (§e§lГолова Сема-Тарли)
[23.05.2025 12:42:24][serveritem][give] XleBareska obtained 1 of golovas2 (§b§lГолова Цири)
[23.05.2025 12:42:25][serveritem][give] diikii1 obtained 1 of golovas4 (§5§lГолова Гарри-Поттера)
[23.05.2025 12:42:25][serveritem][give] XleBareska obtained 1 of секирахаоса (§4§lСекира Хаоса)
[23.05.2025 12:42:27][serveritem][give] aafafsfa obtained 1 of шарскорки2 (§3§lШар Скорости 2)
[23.05.2025 12:42:28][serveritem][give] diikii1 obtained 1 of golovas3 (§6§l§nГэндальф)
[23.05.2025 12:42:28][serveritem][give] diikii1 obtained 1 of golovas2 (§b§lГолова Цири)
[23.05.2025 12:42:29][serveritem][give] aafafsfa obtained 1 of шаротбр2 (§9§lШар Отбрасывания 2)
[23.05.2025 12:43:01][serveritem][give] quaeda obtained 1 of шарскорки1 (§3§lШар Скорости 1)
[23.05.2025 12:43:14][serveritem][give] Andriy091 obtained 1 of шарздоровья3 (§d§lШар Здоровья 3)
[23.05.2025 12:43:49][serveritem][give] tipo4ik1234567 obtained 1 of golovas4 (§5§lГолова Гарри-Поттера)
[23.05.2025 12:44:50][serveritem][give] geniy5556 obtained 1 of секирахаоса (§4§lСекира Хаоса)
[23.05.2025 12:44:54][serveritem][give] diikii1 obtained 1 of golovas1 (§e§lГолова Сема-Тарли)
[23.05.2025 12:44:57][serveritem][give] Aboba13200 obtained 1 of секирахаоса (§4§lСекира Хаоса)
[23.05.2025 12:45:02][serveritem][give] nvgyfyf obtained 1 of golovas1 (§e§lГолова Сема-Тарли)
[23.05.2025 12:45:03][serveritem][give] nvgyfyf obtained 1 of golovas1 (§e§lГолова Сема-Тарли)
[23.05.2025 12:45:22][serveritem][give] geniy5556 obtained 1 of golovas3 (§6§l§nГэндальф)
[23.05.2025 12:47:01][serveritem][give] dgjsgjweuhu obtained 1 of golovas1 (§e§lГолова Сема-Тарли)
[23.05.2025 12:47:01][serveritem][give] dgjsgjweuhu obtained 1 of golovas2 (§b§lГолова Цири)
[23.05.2025 12:47:03][serveritem][give] dgjsgjweuhu obtained 1 of golovas4 (§5§lГолова Гарри-Поттера)
[23.05.2025 12:47:06][serveritem][give] nikitos16631 obtained 1 of golovas1 (§e§lГолова Сема-Тарли)
[23.05.2025 12:47:07][serveritem][give] Aboba13200 obtained 1 of секирахаоса (§4§lСекира Хаоса)
[23.05.2025 12:47:11][serveritem][give] lordworlds obtained 1 of секирахаоса (§4§lСекира Хаоса)
[23.05.2025 12:47:21][serveritem][give] Aboba13200 obtained 1 of golovas1 (§e§lГолова Сема-Тарли)
[23.05.2025 12:47:21][serveritem][give] lordworlds obtained 1 of golovas3 (§6§l§nГэндальф)
[23.05.2025 12:47:22][serveritem][give] Aboba13200 obtained 1 of golovas1 (§e§lГолова Сема-Тарли)
[23.05.2025 12:52:11][serveritem][give] klevikxleb obtained 1 of golovas4 (§5§lГолова Гарри-Поттера)
[23.05.2025 12:55:46][serveritem][give] KLutassad_451 obtained 1 of шарскорки2 (§3§lШар Скорости 2)
[23.05.2025 12:55:46][serveritem][give] KLutassad_451 obtained 1 of шарздоровья3 (§d§lШар Здоровья 3)
[23.05.2025 12:56:48][serveritem][give] VearWexess obtained 1 of шарскорки2 (§3§lШар Скорости 2)
[23.05.2025 12:58:20][serveritem][give] Bitek_Soska12 obtained 1 of секирахаоса (§4§lСекира Хаоса)
[23.05.2025 12:58:22][serveritem][give] Bitek_Soska12 obtained 1 of golovas2 (§b§lГолова Цири)
[23.05.2025 13:09:14][serveritem][give] Mrrus343 obtained 1 of шарздоровья3 (§d§lШар Здоровья 3)
[23.05.2025 13:10:23][serveritem][give] Seeyee obtained 1 of golovas1 (§e§lГолова Сема-Тарли)
[23.05.2025 13:10:24][serveritem][give] Seeyee obtained 1 of секирахаоса (§4§lСекира Хаоса)
[23.05.2025 13:10:29][serveritem][give] smkll obtained 1 of шарскорки2 (§3§lШар Скорости 2)
[23.05.2025 13:42:56][serveritem][give] Asakawa obtained 1 of golovas1 (§e§lГолова Сема-Тарли)
[23.05.2025 13:50:16][serveritem][give] diikii1 obtained 1 of секирахаоса (§4§lСекира Хаоса)
[23.05.2025 13:54:07][serveritem][give] _NegoDia_ obtained 1 of golovas1 (§e§lГолова Сема-Тарли)
[23.05.2025 13:58:49][serveritem][give] Nastyaaa obtained 1 of шарздоровья3 (§d§lШар Здоровья 3)
