[01.06.2025 02:08:07][serveritem][give] mrzanga1231 obtained 1 of golovas4 (§5§lГолова Гарри-Поттера)
[01.06.2025 03:09:56][serveritem][give] Vagan7399 obtained 1 of golovas1 (§e§lГолова Сема-Тарли)
[01.06.2025 04:49:38][serveritem][give] mongoloxov12 obtained 1 of golovas4 (§5§lГолова Гарри-Поттера)
[01.06.2025 04:49:40][serveritem][give] mongoloxov12 obtained 1 of секирахаоса (§4§lСекира Хаоса)
[01.06.2025 04:52:49][serveritem][give] GLobi_warms5 obtained 1 of шарскорки2 (§3§lШар Скорости 2)
[01.06.2025 05:02:04][serveritem][give] nfdu4l5 obtained 1 of golovas4 (§5§lГолова Гарри-Поттера)
[01.06.2025 05:12:20][serveritem][give] NonameSari obtained 1 of golovas3 (§6§l§nГэндальф)
[01.06.2025 05:26:41][serveritem][give] 1232gfg obtained 1 of шарздоровья3 (§d§lШар Здоровья 3)
[01.06.2025 05:29:55][serveritem][give] 1211dddd obtained 1 of секирахаоса (§4§lСекира Хаоса)
[01.06.2025 05:30:12][serveritem][give] Platon_boxpvp43 obtained 1 of шарздоровья2 (§d§lШар Здоровья 2)
[01.06.2025 05:41:33][serveritem][give] Direxxx_ZXC_ obtained 1 of шарздоровья3 (§d§lШар Здоровья 3)
[01.06.2025 05:41:52][serveritem][give] AlramyyZek obtained 1 of шарскорки2 (§3§lШар Скорости 2)
[01.06.2025 05:57:44][serveritem][give] swer1xaez obtained 1 of golovas4 (§5§lГолова Гарри-Поттера)
[01.06.2025 06:00:12][serveritem][give] swer1xaez obtained 1 of golovas1 (§e§lГолова Сема-Тарли)
[01.06.2025 06:33:42][serveritem][give] fyll_ez_server obtained 1 of шарскорки2 (§3§lШар Скорости 2)
[01.06.2025 06:37:30][serveritem][give] niko_2000 obtained 1 of секирахаоса (§4§lСекира Хаоса)
[01.06.2025 06:38:02][serveritem][give] niko_2000 obtained 1 of golovas1 (§e§lГолова Сема-Тарли)
[01.06.2025 06:50:12][serveritem][give] LORDHACKERHEXFIG obtained 1 of golovas4 (§5§lГолова Гарри-Поттера)
[01.06.2025 06:50:26][serveritem][give] LORDHACKERHEXFIG obtained 1 of шарздоровья3 (§d§lШар Здоровья 3)
[01.06.2025 07:09:23][serveritem][give] frfr obtained 1 of секирахаоса (§4§lСекира Хаоса)
[01.06.2025 07:10:08][serveritem][give] frfr obtained 1 of golovas3 (§6§l§nГэндальф)
[01.06.2025 07:13:12][serveritem][give] portososka obtained 1 of секирахаоса (§4§lСекира Хаоса)
[01.06.2025 07:16:54][serveritem][give] portosaw obtained 1 of шарскорки2 (§3§lШар Скорости 2)
[01.06.2025 07:20:03][serveritem][give] do1tsss obtained 1 of golovas1 (§e§lГолова Сема-Тарли)
[01.06.2025 07:31:09][serveritem][give] Mark4677 obtained 1 of шарздоровья1 (§d§lШар Здоровья 1)
[01.06.2025 07:32:11][serveritem][give] bleWalrus2014785 obtained 1 of golovas4 (§5§lГолова Гарри-Поттера)
[01.06.2025 07:44:24][serveritem][give] diikii1 obtained 1 of golovas4 (§5§lГолова Гарри-Поттера)
[01.06.2025 07:58:01][serveritem][give] uyrety890 obtained 1 of шарскорки2 (§3§lШар Скорости 2)
[01.06.2025 08:12:10][serveritem][give] code obtained 1 of golovas4 (§5§lГолова Гарри-Поттера)
[01.06.2025 08:14:26][serveritem][give] Doner_5 obtained 1 of шарздоровья3 (§d§lШар Здоровья 3)
[01.06.2025 08:15:49][serveritem][give] Doner_5 obtained 1 of golovas3 (§6§l§nГэндальф)
[01.06.2025 08:37:18][serveritem][give] lokirv201352gg obtained 1 of шарскорки2 (§3§lШар Скорости 2)
[01.06.2025 09:03:44][serveritem][give] Angelinka_ebet obtained 1 of шарздоровья1 (§d§lШар Здоровья 1)
[01.06.2025 09:09:21][serveritem][give] kav1k obtained 1 of шаршипа1 (§2§lШар Шипов 1)
[01.06.2025 09:13:18][serveritem][give] kIra3315 obtained 1 of секирахаоса (§4§lСекира Хаоса)
[01.06.2025 09:13:23][serveritem][give] kIra3315 obtained 1 of golovas4 (§5§lГолова Гарри-Поттера)
[01.06.2025 09:15:42][serveritem][give] KLauncher_ifijbk obtained 1 of секирахаоса (§4§lСекира Хаоса)
[01.06.2025 09:16:05][serveritem][give] lazzJadeRu442 obtained 1 of шарскорки2 (§3§lШар Скорости 2)
[01.06.2025 09:37:09][serveritem][give] flirt_Dan4 obtained 1 of golovas4 (§5§lГолова Гарри-Поттера)
[01.06.2025 09:39:24][serveritem][give] Cubic_120fps obtained 1 of шарздоровья3 (§d§lШар Здоровья 3)
[01.06.2025 09:41:56][serveritem][give] Kon223 obtained 1 of шарскорки2 (§3§lШар Скорости 2)
[01.06.2025 09:55:06][serveritem][give] bRatYxa_toper obtained 1 of секирахаоса (§4§lСекира Хаоса)
[01.06.2025 10:03:17][serveritem][give] gaMDLER1973 obtained 1 of golovas4 (§5§lГолова Гарри-Поттера)
[01.06.2025 10:03:18][serveritem][give] cacar obtained 1 of секирахаоса (§4§lСекира Хаоса)
[01.06.2025 10:03:19][serveritem][give] cacar obtained 1 of golovas2 (§b§lГолова Цири)
[01.06.2025 10:03:23][serveritem][give] MilakMisha obtained 1 of секирахаоса (§4§lСекира Хаоса)
[01.06.2025 10:04:06][serveritem][give] psich003 obtained 1 of golovas1 (§e§lГолова Сема-Тарли)
[01.06.2025 10:08:31][serveritem][give] gaMDLER1973 obtained 1 of секирахаоса (§4§lСекира Хаоса)
[01.06.2025 10:11:54][serveritem][give] mrresult obtained 1 of golovas1 (§e§lГолова Сема-Тарли)
[01.06.2025 10:13:25][serveritem][give] Asya252525 obtained 1 of golovas1 (§e§lГолова Сема-Тарли)
[01.06.2025 10:37:23][serveritem][give] portosambari obtained 1 of шарскорки1 (§3§lШар Скорости 1)
[01.06.2025 10:38:40][serveritem][give] popabobra obtained 1 of шарздоровья1 (§d§lШар Здоровья 1)
[01.06.2025 10:38:42][serveritem][give] popabobra obtained 1 of шарздоровья1 (§d§lШар Здоровья 1)
[01.06.2025 10:39:38][serveritem][give] Doner_5 obtained 1 of секирахаоса (§4§lСекира Хаоса)
[01.06.2025 10:40:03][serveritem][give] Doner_5 obtained 1 of golovas1 (§e§lГолова Сема-Тарли)
[01.06.2025 10:44:48][serveritem][give] Ded_Skld obtained 1 of шарскорки1 (§3§lШар Скорости 1)
[01.06.2025 11:08:30][serveritem][give] palma86753421 obtained 1 of секирахаоса (§4§lСекира Хаоса)
[01.06.2025 11:11:57][serveritem][give] BLOOMz obtained 1 of golovas4 (§5§lГолова Гарри-Поттера)
[01.06.2025 11:14:25][serveritem][give] almaziiik_11 obtained 1 of golovas4 (§5§lГолова Гарри-Поттера)
[01.06.2025 11:23:47][serveritem][give] skyf_40 obtained 1 of шарздоровья3 (§d§lШар Здоровья 3)
[01.06.2025 11:36:02][serveritem][give] de1dg obtained 1 of секирахаоса (§4§lСекира Хаоса)
[01.06.2025 11:55:07][serveritem][give] JongHavary obtained 1 of golovas1 (§e§lГолова Сема-Тарли)
[01.06.2025 11:59:11][serveritem][give] MilakMisha obtained 1 of golovas4 (§5§lГолова Гарри-Поттера)
[01.06.2025 12:00:27][serveritem][give] anka456 obtained 1 of golovas1 (§e§lГолова Сема-Тарли)
[01.06.2025 12:29:23][serveritem][give] cacar obtained 1 of golovas1 (§e§lГолова Сема-Тарли)
[01.06.2025 12:35:06][serveritem][give] dolbayob4432234 obtained 1 of golovas1 (§e§lГолова Сема-Тарли)
[01.06.2025 12:36:40][serveritem][give] Andreyhaccer2013 obtained 1 of golovas1 (§e§lГолова Сема-Тарли)
[01.06.2025 12:37:20][serveritem][give] Fearless666 obtained 1 of golovas4 (§5§lГолова Гарри-Поттера)
[01.06.2025 12:37:23][serveritem][give] Fearless666 obtained 1 of шарскорки2 (§3§lШар Скорости 2)
[01.06.2025 12:40:09][serveritem][give] Makar_57 obtained 1 of секирахаоса (§4§lСекира Хаоса)
[01.06.2025 12:40:32][serveritem][give] Makar_57 obtained 1 of golovas4 (§5§lГолова Гарри-Поттера)
[01.06.2025 12:44:50][serveritem][give] mcfuntimesu obtained 1 of golovas4 (§5§lГолова Гарри-Поттера)
[01.06.2025 12:48:36][serveritem][give] MIRON_MEGALADON obtained 1 of golovas1 (§e§lГолова Сема-Тарли)
[01.06.2025 12:49:12][serveritem][give] mavo obtained 1 of golovas3 (§6§l§nГэндальф)
[01.06.2025 12:51:39][serveritem][give] mcFunSkysu obtained 1 of golovas4 (§5§lГолова Гарри-Поттера)
[01.06.2025 14:13:19][serveritem][give] haker2280987gg obtained 1 of шарздоровья1 (§d§lШар Здоровья 1)
[01.06.2025 14:16:53][serveritem][give] Cubic_120fps obtained 1 of golovas4 (§5§lГолова Гарри-Поттера)
[01.06.2025 14:17:13][serveritem][give] haker22909981 obtained 1 of шарздоровья3 (§d§lШар Здоровья 3)
[01.06.2025 14:17:26][serveritem][give] haker22909981 obtained 1 of шаршипа2 (§2§lШар Шипов 2)
[01.06.2025 14:18:07][serveritem][give] KoliBri2016 obtained 1 of шарздоровья3 (§d§lШар Здоровья 3)
[01.06.2025 14:21:24][serveritem][give] BaconAnanas obtained 1 of шарздоровья3 (§d§lШар Здоровья 3)
[01.06.2025 14:21:47][serveritem][give] BaconAnanas obtained 1 of шаршипа2 (§2§lШар Шипов 2)
[01.06.2025 14:21:55][serveritem][give] BaconAnanas obtained 1 of шарскорки2 (§3§lШар Скорости 2)
[01.06.2025 14:44:14][serveritem][give] PoMaHTu4Ho obtained 1 of golovas4 (§5§lГолова Гарри-Поттера)
[01.06.2025 14:54:33][serveritem][give] klevikxleb obtained 1 of golovas4 (§5§lГолова Гарри-Поттера)
[01.06.2025 14:54:46][serveritem][give] klevikxleb obtained 1 of шарскорки2 (§3§lШар Скорости 2)
[01.06.2025 14:55:56][serveritem][give] EgorE12345gg432 obtained 1 of golovas3 (§6§l§nГэндальф)
[01.06.2025 14:56:01][serveritem][give] EgorE12345gg432 obtained 1 of шарскорки2 (§3§lШар Скорости 2)
[01.06.2025 14:57:01][serveritem][give] KLauncher_qijqpd obtained 1 of шарздоровья2 (§d§lШар Здоровья 2)
[01.06.2025 14:57:11][serveritem][give] ItzC4T_ obtained 1 of golovas1 (§e§lГолова Сема-Тарли)
[01.06.2025 15:03:11][serveritem][give] AktysTK obtained 1 of golovas2 (§b§lГолова Цири)
[01.06.2025 15:09:03][serveritem][give] Faber1337 obtained 1 of шарскорки2 (§3§lШар Скорости 2)
[01.06.2025 15:24:10][serveritem][give] Andreyhaccer2013 obtained 1 of golovas1 (§e§lГолова Сема-Тарли)
[01.06.2025 15:24:11][serveritem][give] Andreyhaccer2013 obtained 1 of golovas1 (§e§lГолова Сема-Тарли)
[01.06.2025 15:29:14][serveritem][give] diikii1 obtained 1 of golovas4 (§5§lГолова Гарри-Поттера)
[01.06.2025 15:29:40][serveritem][give] diikii1 obtained 1 of golovas1 (§e§lГолова Сема-Тарли)
[01.06.2025 15:43:05][serveritem][give] Emin_98564459695 obtained 1 of шарздоровья3 (§d§lШар Здоровья 3)
[01.06.2025 15:44:56][serveritem][give] Platon_boxpvp43 obtained 1 of шарскорки1 (§3§lШар Скорости 1)
[01.06.2025 15:46:49][serveritem][give] Platon_boxpvp43 obtained 1 of шарскорки2 (§3§lШар Скорости 2)
[01.06.2025 15:52:58][serveritem][give] 4ita4iocv2 obtained 1 of секирахаоса (§4§lСекира Хаоса)
[01.06.2025 15:58:39][serveritem][give] Platon_boxpvp43 obtained 1 of шарздоровья3 (§d§lШар Здоровья 3)
[01.06.2025 16:19:25][serveritem][give] kIra3315 obtained 1 of шарздоровья1 (§d§lШар Здоровья 1)
[01.06.2025 16:19:25][serveritem][give] kIra3315 obtained 1 of шарздоровья1 (§d§lШар Здоровья 1)
[01.06.2025 16:19:25][serveritem][give] kIra3315 obtained 1 of шарздоровья1 (§d§lШар Здоровья 1)
[01.06.2025 16:19:25][serveritem][give] kIra3315 obtained 1 of шарздоровья1 (§d§lШар Здоровья 1)
[01.06.2025 16:19:26][serveritem][give] kIra3315 obtained 1 of шарздоровья1 (§d§lШар Здоровья 1)
[01.06.2025 16:19:26][serveritem][give] kIra3315 obtained 1 of шарздоровья1 (§d§lШар Здоровья 1)
[01.06.2025 16:20:42][serveritem][give] YouZeKiller obtained 1 of golovas4 (§5§lГолова Гарри-Поттера)
[01.06.2025 16:29:54][serveritem][give] 1TIGRLEVK obtained 1 of golovas4 (§5§lГолова Гарри-Поттера)
[01.06.2025 16:31:56][serveritem][give] SplayHoney27152 obtained 1 of golovas4 (§5§lГолова Гарри-Поттера)
[01.06.2025 16:32:03][serveritem][give] SplayHoney27152 obtained 1 of секирахаоса (§4§lСекира Хаоса)
[01.06.2025 16:35:02][serveritem][give] pavap3121 obtained 1 of шарздоровья3 (§d§lШар Здоровья 3)
[01.06.2025 16:35:16][serveritem][give] maksimka2281488 obtained 1 of golovas4 (§5§lГолова Гарри-Поттера)
[01.06.2025 16:49:21][serveritem][give] mrresult obtained 1 of golovas1 (§e§lГолова Сема-Тарли)
[01.06.2025 17:09:47][serveritem][give] 4ita4iocv2 obtained 1 of секирахаоса (§4§lСекира Хаоса)
[01.06.2025 17:18:48][serveritem][give] ilea_2013_60fps obtained 1 of golovas4 (§5§lГолова Гарри-Поттера)
[01.06.2025 17:19:26][serveritem][give] ilea_2013_60fps obtained 1 of golovas1 (§e§lГолова Сема-Тарли)
[01.06.2025 17:22:13][serveritem][give] ilea_2013_60fps obtained 1 of секирахаоса (§4§lСекира Хаоса)
[01.06.2025 17:22:50][serveritem][give] WWW_n1zel1x_WWW obtained 1 of golovas4 (§5§lГолова Гарри-Поттера)
[01.06.2025 17:23:02][serveritem][give] artem_228228 obtained 1 of секирахаоса (§4§lСекира Хаоса)
[01.06.2025 17:23:03][serveritem][give] artem_228228 obtained 1 of golovas1 (§e§lГолова Сема-Тарли)
[01.06.2025 17:25:15][serveritem][give] Den37K obtained 1 of секирахаоса (§4§lСекира Хаоса)
[01.06.2025 17:38:03][serveritem][give] resentertop obtained 1 of golovas1 (§e§lГолова Сема-Тарли)
[01.06.2025 17:38:04][serveritem][give] resentertop obtained 1 of golovas1 (§e§lГолова Сема-Тарли)
[01.06.2025 17:41:59][serveritem][give] andrey354 obtained 1 of шаротбр2 (§9§lШар Отбрасывания 2)
[01.06.2025 17:46:19][serveritem][give] flirt_Dan4 obtained 1 of golovas4 (§5§lГолова Гарри-Поттера)
[01.06.2025 17:49:01][serveritem][give] weym1x obtained 1 of golovas4 (§5§lГолова Гарри-Поттера)
[01.06.2025 17:53:00][serveritem][give] weym1x obtained 1 of секирахаоса (§4§lСекира Хаоса)
[01.06.2025 18:00:42][serveritem][give] virsavixx obtained 1 of шарскорки1 (§3§lШар Скорости 1)
[01.06.2025 18:01:44][serveritem][give] BAXA202001 obtained 1 of шарздоровья3 (§d§lШар Здоровья 3)
[01.06.2025 18:05:31][serveritem][give] MrLokolp567 obtained 1 of шарздоровья2 (§d§lШар Здоровья 2)
[01.06.2025 18:06:02][serveritem][give] dolbayob4432234 obtained 1 of golovas1 (§e§lГолова Сема-Тарли)
[01.06.2025 18:11:30][serveritem][give] tt_superr1sen obtained 1 of golovas4 (§5§lГолова Гарри-Поттера)
[01.06.2025 18:15:53][serveritem][give] DEDashab obtained 1 of секирахаоса (§4§lСекира Хаоса)
[01.06.2025 18:19:11][serveritem][give] makaro662 obtained 1 of golovas4 (§5§lГолова Гарри-Поттера)
[01.06.2025 18:22:55][serveritem][give] _mangofonk_ obtained 1 of секирахаоса (§4§lСекира Хаоса)
[01.06.2025 18:23:59][serveritem][give] MrLokolp567 obtained 1 of шарздоровья1 (§d§lШар Здоровья 1)
[01.06.2025 18:27:14][serveritem][give] flirt_Dan4 obtained 1 of golovas4 (§5§lГолова Гарри-Поттера)
[01.06.2025 18:49:07][serveritem][give] UsinYter obtained 1 of шарздоровья2 (§d§lШар Здоровья 2)
[01.06.2025 18:51:12][serveritem][give] artem_228228 obtained 1 of шарздоровья3 (§d§lШар Здоровья 3)
[01.06.2025 19:04:28][serveritem][give] dolbayob4432234 obtained 1 of golovas1 (§e§lГолова Сема-Тарли)
[01.06.2025 19:09:14][serveritem][give] kkkVovaZoriy14 obtained 1 of golovas4 (§5§lГолова Гарри-Поттера)
[01.06.2025 19:10:32][serveritem][give] 4ita4iocv2 obtained 1 of golovas4 (§5§lГолова Гарри-Поттера)
[01.06.2025 19:18:58][serveritem][give] popabobra obtained 1 of шарздоровья1 (§d§lШар Здоровья 1)
[01.06.2025 19:18:59][serveritem][give] popabobra obtained 1 of шарздоровья1 (§d§lШар Здоровья 1)
[01.06.2025 19:18:59][serveritem][give] popabobra obtained 1 of шарздоровья1 (§d§lШар Здоровья 1)
[01.06.2025 19:19:00][serveritem][give] popabobra obtained 1 of шарздоровья1 (§d§lШар Здоровья 1)
[01.06.2025 19:19:00][serveritem][give] popabobra obtained 1 of шарздоровья1 (§d§lШар Здоровья 1)
[01.06.2025 19:19:04][serveritem][give] popabobra obtained 1 of шарскорки1 (§3§lШар Скорости 1)
[01.06.2025 19:19:05][serveritem][give] popabobra obtained 1 of шаршипа1 (§2§lШар Шипов 1)
[01.06.2025 19:19:06][serveritem][give] popabobra obtained 1 of шаротбр1 (§9§lШар Отбрасывания 1)
[01.06.2025 19:19:14][serveritem][give] popabobra obtained 1 of шарздоровья2 (§d§lШар Здоровья 2)
[01.06.2025 19:19:14][serveritem][give] popabobra obtained 1 of шарздоровья2 (§d§lШар Здоровья 2)
[01.06.2025 19:19:17][serveritem][give] popabobra obtained 1 of шарздоровья1 (§d§lШар Здоровья 1)
[01.06.2025 19:30:55][serveritem][give] mrresult obtained 1 of golovas1 (§e§lГолова Сема-Тарли)
[01.06.2025 19:35:25][serveritem][give] egesgyebc obtained 1 of секирахаоса (§4§lСекира Хаоса)
[01.06.2025 19:35:26][serveritem][give] egesgyebc obtained 1 of golovas1 (§e§lГолова Сема-Тарли)
[01.06.2025 19:37:03][serveritem][give] ilea_2013_60fps obtained 1 of шарскорки2 (§3§lШар Скорости 2)
[01.06.2025 19:44:39][serveritem][give] dolbayob4432234 obtained 1 of golovas3 (§6§l§nГэндальф)
[01.06.2025 19:45:29][serveritem][give] Dragon_4ulky obtained 1 of golovas4 (§5§lГолова Гарри-Поттера)
[01.06.2025 19:50:01][serveritem][give] dolbayob4432234 obtained 1 of шарздоровья3 (§d§lШар Здоровья 3)
[01.06.2025 19:54:28][serveritem][give] dolbayob4432234 obtained 1 of golovas1 (§e§lГолова Сема-Тарли)
[01.06.2025 20:01:22][serveritem][give] makaro662 obtained 1 of golovas4 (§5§lГолова Гарри-Поттера)
[01.06.2025 20:03:33][serveritem][give] I_AM_POOP obtained 1 of шарздоровья3 (§d§lШар Здоровья 3)
[01.06.2025 20:04:43][serveritem][give] makaro662 obtained 1 of golovas1 (§e§lГолова Сема-Тарли)
[01.06.2025 22:17:50][serveritem][give] makaro664 obtained 1 of golovas4 (§5§lГолова Гарри-Поттера)
[01.06.2025 22:18:22][serveritem][give] makaro663 obtained 1 of секирахаоса (§4§lСекира Хаоса)
