[19.05.2025 02:55:47][serveritem][give] Sooildor1234 obtained 1 of golovas4 (§5§lГолова Гарри-Поттера)
[19.05.2025 03:49:11][serveritem][give] Emperor_void obtained 1 of golovas4 (§5§lГолова Гарри-Поттера)
[19.05.2025 04:02:23][serveritem][give] GNrbrhfV obtained 1 of шарскорки2 (§3§lШар Скорости 2)
[19.05.2025 04:02:25][serveritem][give] GNrbrhfV obtained 1 of шарздоровья3 (§d§lШар Здоровья 3)
[19.05.2025 04:32:01][serveritem][give] Fonalena obtained 1 of golovas4 (§5§lГолова Гарри-Поттера)
[19.05.2025 04:35:51][serveritem][give] Bobric228saras obtained 1 of шарскорки2 (§3§lШар Скорости 2)
[19.05.2025 04:50:13][serveritem][give] TTTTTTTFGDZFZ obtained 1 of шарздоровья3 (§d§lШар Здоровья 3)
[19.05.2025 04:55:10][serveritem][give] Pipisandra12Pro obtained 1 of секирахаоса (§4§lСекира Хаоса)
[19.05.2025 04:55:10][serveritem][give] Pipisandra12Pro obtained 1 of секирахаоса (§4§lСекира Хаоса)
[19.05.2025 04:55:20][serveritem][give] Pipisandra12Pro obtained 1 of golovas3 (§6§l§nГэндальф)
[19.05.2025 05:08:02][serveritem][give] GGa4eHbKa obtained 1 of секирахаоса (§4§lСекира Хаоса)
[19.05.2025 05:08:05][serveritem][give] GGa4eHbKa obtained 1 of golovas2 (§b§lГолова Цири)
[19.05.2025 05:12:42][serveritem][give] AndinuTop obtained 1 of шарздоровья3 (§d§lШар Здоровья 3)
[19.05.2025 05:23:09][serveritem][give] MeWormy_CHO obtained 1 of секирахаоса (§4§lСекира Хаоса)
[19.05.2025 05:23:10][serveritem][give] MeWormy_CHO obtained 1 of golovas2 (§b§lГолова Цири)
[19.05.2025 05:45:03][serveritem][give] wYnd9R_waFL1A obtained 1 of шарздоровья3 (§d§lШар Здоровья 3)
[19.05.2025 05:45:18][serveritem][give] wYnd9R_waFL1A obtained 1 of секирахаоса (§4§lСекира Хаоса)
[19.05.2025 05:45:21][serveritem][give] wYnd9R_waFL1A obtained 1 of шарздоровья3 (§d§lШар Здоровья 3)
[19.05.2025 05:51:51][serveritem][give] wYnd9R_waFL1A obtained 1 of секирахаоса (§4§lСекира Хаоса)
[19.05.2025 05:51:55][serveritem][give] wYnd9R_waFL1A obtained 1 of шарздоровья3 (§d§lШар Здоровья 3)
[19.05.2025 05:52:58][serveritem][give] senky_legend obtained 1 of шарскорки2 (§3§lШар Скорости 2)
[19.05.2025 05:53:20][serveritem][give] wYnd9R_waFL1A obtained 1 of секирахаоса (§4§lСекира Хаоса)
[19.05.2025 05:53:24][serveritem][give] wYnd9R_waFL1A obtained 1 of шарздоровья3 (§d§lШар Здоровья 3)
[19.05.2025 05:54:53][serveritem][give] weee obtained 1 of шарздоровья2 (§d§lШар Здоровья 2)
[19.05.2025 05:59:12][serveritem][give] Leon4ikkkkkkkk obtained 1 of golovas4 (§5§lГолова Гарри-Поттера)
[19.05.2025 06:08:27][serveritem][give] Naglasheni obtained 1 of golovas1 (§e§lГолова Сема-Тарли)
[19.05.2025 06:12:56][serveritem][give] Naglasheni obtained 1 of golovas4 (§5§lГолова Гарри-Поттера)
[19.05.2025 06:26:34][serveritem][give] YTPLAYSANYA_123 obtained 1 of golovas4 (§5§lГолова Гарри-Поттера)
[19.05.2025 06:31:32][serveritem][give] Naglasheni obtained 1 of golovas1 (§e§lГолова Сема-Тарли)
[19.05.2025 06:39:34][serveritem][give] Naglasheni obtained 1 of golovas4 (§5§lГолова Гарри-Поттера)
[19.05.2025 06:46:37][serveritem][give] vasya517 obtained 1 of шарздоровья3 (§d§lШар Здоровья 3)
[19.05.2025 06:48:54][serveritem][give] Homikys obtained 1 of golovas1 (§e§lГолова Сема-Тарли)
[19.05.2025 06:53:47][serveritem][give] YTPLAYSANYA_123 obtained 1 of golovas3 (§6§l§nГэндальф)
[19.05.2025 07:08:18][serveritem][give] ananasik_oao obtained 1 of шарскорки2 (§3§lШар Скорости 2)
[19.05.2025 07:11:03][serveritem][give] Xolixs_pvp obtained 1 of шарскорки2 (§3§lШар Скорости 2)
[19.05.2025 07:11:05][serveritem][give] Xolixs_pvp obtained 1 of шарздоровья3 (§d§lШар Здоровья 3)
[19.05.2025 07:19:16][serveritem][give] kakaski obtained 1 of шарскорки2 (§3§lШар Скорости 2)
[19.05.2025 07:23:57][serveritem][give] Naglasheni obtained 1 of golovas4 (§5§lГолова Гарри-Поттера)
[19.05.2025 07:29:15][serveritem][give] wq4 obtained 1 of шарздоровья3 (§d§lШар Здоровья 3)
[19.05.2025 07:29:43][serveritem][give] kakaski obtained 1 of golovas4 (§5§lГолова Гарри-Поттера)
[19.05.2025 07:33:23][serveritem][give] kakaski132z1z obtained 1 of golovas3 (§6§l§nГэндальф)
[19.05.2025 07:43:12][serveritem][give] Naglasheni obtained 1 of golovas4 (§5§lГолова Гарри-Поттера)
[19.05.2025 07:43:28][serveritem][give] Aizen_solo obtained 1 of golovas3 (§6§l§nГэндальф)
[19.05.2025 07:53:10][serveritem][give] Kudokid15 obtained 1 of шарздоровья2 (§d§lШар Здоровья 2)
[19.05.2025 07:54:33][serveritem][give] kazqz obtained 1 of шарскорки2 (§3§lШар Скорости 2)
[19.05.2025 08:01:10][serveritem][give] DeN_ZZeR obtained 1 of секирахаоса (§4§lСекира Хаоса)
[19.05.2025 08:02:00][serveritem][give] ivan301312 obtained 1 of шарздоровья3 (§d§lШар Здоровья 3)
[19.05.2025 08:16:25][serveritem][give] ivan301312 obtained 1 of шарскорки2 (§3§lШар Скорости 2)
[19.05.2025 08:21:15][serveritem][give] lendyyy52q obtained 1 of шарздоровья3 (§d§lШар Здоровья 3)
[19.05.2025 08:45:52][serveritem][give] vasya517 obtained 1 of шарздоровья3 (§d§lШар Здоровья 3)
[19.05.2025 09:22:30][serveritem][give] gurechik_1 obtained 1 of секирахаоса (§4§lСекира Хаоса)
[19.05.2025 09:23:01][serveritem][give] gurechik_1 obtained 1 of golovas3 (§6§l§nГэндальф)
[19.05.2025 09:25:08][serveritem][give] vetakua12jjj obtained 1 of golovas4 (§5§lГолова Гарри-Поттера)
[19.05.2025 09:26:53][serveritem][give] cyxarik123456 obtained 1 of golovas4 (§5§lГолова Гарри-Поттера)
[19.05.2025 09:35:14][serveritem][give] makaro662 obtained 1 of golovas4 (§5§lГолова Гарри-Поттера)
[19.05.2025 09:51:03][serveritem][give] glovus obtained 1 of golovas4 (§5§lГолова Гарри-Поттера)
[19.05.2025 09:59:06][serveritem][give] bronze5181 obtained 1 of секирахаоса (§4§lСекира Хаоса)
[19.05.2025 10:15:40][serveritem][give] Kudokid15 obtained 1 of шарздоровья3 (§d§lШар Здоровья 3)
[19.05.2025 10:16:34][serveritem][give] sisi4kavrotik obtained 1 of шарскорки2 (§3§lШар Скорости 2)
[19.05.2025 10:17:48][serveritem][give] sosiska232 obtained 1 of шарздоровья3 (§d§lШар Здоровья 3)
[19.05.2025 10:25:44][serveritem][give] Fanatka_Babijon obtained 1 of секирахаоса (§4§lСекира Хаоса)
[19.05.2025 10:43:25][serveritem][give] erefrwedf obtained 1 of секирахаоса (§4§lСекира Хаоса)
[19.05.2025 10:51:27][serveritem][give] k0pazik obtained 1 of golovas4 (§5§lГолова Гарри-Поттера)
[19.05.2025 10:53:15][serveritem][give] vasya517 obtained 1 of секирахаоса (§4§lСекира Хаоса)
[19.05.2025 10:58:12][serveritem][give] megaflopa obtained 1 of шарскорки2 (§3§lШар Скорости 2)
[19.05.2025 11:18:13][serveritem][give] cyxarik1234567 obtained 1 of golovas4 (§5§lГолова Гарри-Поттера)
[19.05.2025 11:24:32][serveritem][give] cyxarik1234567 obtained 1 of golovas4 (§5§lГолова Гарри-Поттера)
[19.05.2025 11:37:58][serveritem][give] prostochurka95 obtained 1 of шарскорки2 (§3§lШар Скорости 2)
[19.05.2025 11:39:50][serveritem][give] prostochurka95 obtained 1 of шарскорки2 (§3§lШар Скорости 2)
[19.05.2025 11:41:32][serveritem][give] keptgnat5555 obtained 1 of секирахаоса (§4§lСекира Хаоса)
[19.05.2025 11:42:49][serveritem][give] keptgnat5555 obtained 1 of шарздоровья2 (§d§lШар Здоровья 2)
[19.05.2025 11:55:30][serveritem][give] Makson89989 obtained 1 of шарздоровья3 (§d§lШар Здоровья 3)
[19.05.2025 11:59:13][serveritem][give] Makson89989 obtained 1 of секирахаоса (§4§lСекира Хаоса)
[19.05.2025 11:59:20][serveritem][give] Makson89989 obtained 1 of golovas4 (§5§lГолова Гарри-Поттера)
[19.05.2025 12:03:28][serveritem][give] FanoMLOrd obtained 1 of шарздоровья3 (§d§lШар Здоровья 3)
[19.05.2025 12:04:24][serveritem][give] 3A_CBET obtained 1 of golovas4 (§5§lГолова Гарри-Поттера)
[19.05.2025 12:05:19][serveritem][give] betgodo0 obtained 1 of секирахаоса (§4§lСекира Хаоса)
[19.05.2025 12:05:19][serveritem][give] betgodo0 obtained 1 of секирахаоса (§4§lСекира Хаоса)
[19.05.2025 12:05:20][serveritem][give] betgodo0 obtained 1 of секирахаоса (§4§lСекира Хаоса)
[19.05.2025 12:05:20][serveritem][give] betgodo0 obtained 1 of секирахаоса (§4§lСекира Хаоса)
[19.05.2025 12:07:01][serveritem][give] BANG123 obtained 1 of golovas4 (§5§lГолова Гарри-Поттера)
[19.05.2025 12:07:03][serveritem][give] BANG123 obtained 1 of секирахаоса (§4§lСекира Хаоса)
[19.05.2025 12:12:05][serveritem][give] Kudokid15 obtained 1 of шарздоровья3 (§d§lШар Здоровья 3)
[19.05.2025 12:12:05][serveritem][give] keptgnat5555 obtained 1 of шарздоровья3 (§d§lШар Здоровья 3)
[19.05.2025 12:13:57][serveritem][give] pidrahui1252 obtained 1 of golovas2 (§b§lГолова Цири)
[19.05.2025 12:21:00][serveritem][give] nain2 obtained 1 of шарздоровья3 (§d§lШар Здоровья 3)
[19.05.2025 12:22:39][serveritem][give] pandorka_ezzzz obtained 1 of шаршипа2 (§2§lШар Шипов 2)
[19.05.2025 12:31:06][serveritem][give] SvintusProkol obtained 1 of секирахаоса (§4§lСекира Хаоса)
[19.05.2025 12:36:45][serveritem][give] OperWin obtained 1 of golovas4 (§5§lГолова Гарри-Поттера)
[19.05.2025 12:41:50][serveritem][give] VanBeanya obtained 1 of golovas1 (§e§lГолова Сема-Тарли)
[19.05.2025 12:41:54][serveritem][give] ivan301312 obtained 1 of golovas1 (§e§lГолова Сема-Тарли)
[19.05.2025 12:45:55][serveritem][give] efevuF311 obtained 1 of golovas4 (§5§lГолова Гарри-Поттера)
[19.05.2025 12:50:50][serveritem][give] pisaqas obtained 1 of golovas4 (§5§lГолова Гарри-Поттера)
[19.05.2025 12:50:52][serveritem][give] pisaqas obtained 1 of секирахаоса (§4§lСекира Хаоса)
[19.05.2025 13:00:20][serveritem][give] megaflopa obtained 1 of шарскорки2 (§3§lШар Скорости 2)
[19.05.2025 13:02:01][serveritem][give] DAniell_2022 obtained 1 of шарздоровья3 (§d§lШар Здоровья 3)
[19.05.2025 13:05:50][serveritem][give] rak666 obtained 1 of golovas4 (§5§lГолова Гарри-Поттера)
[19.05.2025 13:16:15][serveritem][give] rmkdfksfjiw obtained 1 of golovas4 (§5§lГолова Гарри-Поттера)
[19.05.2025 13:17:16][serveritem][give] rmkdfksfjiw obtained 1 of шарскорки2 (§3§lШар Скорости 2)
[19.05.2025 13:17:17][serveritem][give] rmkdfksfjiw obtained 1 of шарздоровья2 (§d§lШар Здоровья 2)
[19.05.2025 13:17:18][serveritem][give] rmkdfksfjiw obtained 1 of шарздоровья3 (§d§lШар Здоровья 3)
[19.05.2025 13:17:20][serveritem][give] rmkdfksfjiw obtained 1 of шаршипа2 (§2§lШар Шипов 2)
[19.05.2025 13:17:20][serveritem][give] rmkdfksfjiw obtained 1 of шаротбр2 (§9§lШар Отбрасывания 2)
[19.05.2025 13:17:30][serveritem][give] rmkdfksfjiw obtained 1 of шарздоровья3 (§d§lШар Здоровья 3)
[19.05.2025 13:36:29][serveritem][give] KNCAM__ obtained 1 of шарздоровья1 (§d§lШар Здоровья 1)
[19.05.2025 13:39:43][serveritem][give] Boevoy_4upa4upS obtained 1 of golovas4 (§5§lГолова Гарри-Поттера)
[19.05.2025 13:46:16][serveritem][give] RapTur4ik obtained 1 of секирахаоса (§4§lСекира Хаоса)
[19.05.2025 13:48:45][serveritem][give] Dima620 obtained 1 of шарскорки2 (§3§lШар Скорости 2)
[19.05.2025 13:51:39][serveritem][give] pumotop obtained 1 of шарскорки2 (§3§lШар Скорости 2)
[19.05.2025 13:54:07][serveritem][give] ignat300 obtained 1 of шарздоровья3 (§d§lШар Здоровья 3)
[19.05.2025 13:56:13][serveritem][give] KNCAM__ obtained 1 of секирахаоса (§4§lСекира Хаоса)
[19.05.2025 14:00:50][serveritem][give] SexyBarn3y obtained 1 of golovas4 (§5§lГолова Гарри-Поттера)
[19.05.2025 14:11:49][serveritem][give] Arsick obtained 1 of шарскорки1 (§3§lШар Скорости 1)
[19.05.2025 14:12:19][serveritem][give] Bobric228saras obtained 1 of шарскорки2 (§3§lШар Скорости 2)
[19.05.2025 14:15:25][serveritem][give] Kudokid15 obtained 1 of шарздоровья3 (§d§lШар Здоровья 3)
[19.05.2025 14:21:19][serveritem][give] Tank2010sanyka obtained 1 of секирахаоса (§4§lСекира Хаоса)
[19.05.2025 14:23:50][serveritem][give] fruhiglo obtained 1 of секирахаоса (§4§lСекира Хаоса)
[19.05.2025 14:26:19][serveritem][give] pumotop obtained 1 of шарскорки2 (§3§lШар Скорости 2)
[19.05.2025 14:29:24][serveritem][give] raxman123 obtained 1 of секирахаоса (§4§lСекира Хаоса)
[19.05.2025 14:32:28][serveritem][give] Rukia_kuchiki1 obtained 1 of шарскорки2 (§3§lШар Скорости 2)
[19.05.2025 14:38:23][serveritem][give] PRINK1 obtained 1 of шарздоровья1 (§d§lШар Здоровья 1)
[19.05.2025 14:43:40][serveritem][give] ligphoenix315 obtained 1 of шарздоровья1 (§d§lШар Здоровья 1)
[19.05.2025 14:43:41][serveritem][give] ligphoenix315 obtained 1 of шарздоровья1 (§d§lШар Здоровья 1)
[19.05.2025 14:52:10][serveritem][give] frtrfr obtained 1 of шаршипа2 (§2§lШар Шипов 2)
[19.05.2025 14:53:04][serveritem][give] Panties_CPS obtained 1 of шарскорки2 (§3§lШар Скорости 2)
[19.05.2025 14:57:50][serveritem][give] Ymry_six obtained 1 of секирахаоса (§4§lСекира Хаоса)
[19.05.2025 14:58:15][serveritem][give] fasdeer obtained 1 of шарскорки2 (§3§lШар Скорости 2)
[19.05.2025 15:00:45][serveritem][give] GLOBAL_GOD obtained 1 of шарздоровья3 (§d§lШар Здоровья 3)
[19.05.2025 15:01:01][serveritem][give] papapepegev_1 obtained 1 of секирахаоса (§4§lСекира Хаоса)
[19.05.2025 15:06:46][serveritem][give] Boyevitik007 obtained 1 of шарздоровья3 (§d§lШар Здоровья 3)
[19.05.2025 15:07:59][serveritem][give] LWNFpkho obtained 1 of golovas1 (§e§lГолова Сема-Тарли)
[19.05.2025 15:10:24][serveritem][give] logotip_molchan obtained 1 of секирахаоса (§4§lСекира Хаоса)
[19.05.2025 15:12:23][serveritem][give] ilyxa777 obtained 1 of golovas3 (§6§l§nГэндальф)
[19.05.2025 15:12:24][serveritem][give] portosambari obtained 1 of golovas4 (§5§lГолова Гарри-Поттера)
[19.05.2025 15:13:12][serveritem][give] 11223344556677 obtained 1 of golovas4 (§5§lГолова Гарри-Поттера)
[19.05.2025 15:14:40][serveritem][give] ilyxa777 obtained 1 of golovas1 (§e§lГолова Сема-Тарли)
[19.05.2025 15:14:47][serveritem][give] ilyxa777 obtained 1 of golovas4 (§5§lГолова Гарри-Поттера)
[19.05.2025 15:15:36][serveritem][give] diikii1 obtained 1 of шарздоровья3 (§d§lШар Здоровья 3)
[19.05.2025 15:20:07][serveritem][give] portosambari obtained 1 of golovas1 (§e§lГолова Сема-Тарли)
[19.05.2025 15:25:50][serveritem][give] yla_54388345 obtained 1 of шарздоровья1 (§d§lШар Здоровья 1)
[19.05.2025 15:27:00][serveritem][give] portosambari obtained 1 of шарскорки2 (§3§lШар Скорости 2)
[19.05.2025 15:30:10][serveritem][give] hearts1de obtained 1 of шарскорки2 (§3§lШар Скорости 2)
[19.05.2025 15:37:19][serveritem][give] MrVict0rPr0 obtained 1 of шарскорки2 (§3§lШар Скорости 2)
[19.05.2025 15:40:11][serveritem][give] StrongTea_HXI obtained 1 of секирахаоса (§4§lСекира Хаоса)
[19.05.2025 15:40:13][serveritem][give] StrongTea_HXI obtained 1 of golovas4 (§5§lГолова Гарри-Поттера)
[19.05.2025 15:41:08][serveritem][give] StrongTea_HXI obtained 1 of golovas1 (§e§lГолова Сема-Тарли)
[19.05.2025 15:41:27][serveritem][give] StrongTea_HXI obtained 1 of шарскорки2 (§3§lШар Скорости 2)
[19.05.2025 15:42:36][serveritem][give] GSTRE obtained 1 of шарздоровья3 (§d§lШар Здоровья 3)
[19.05.2025 15:52:12][serveritem][give] hajimurad obtained 1 of golovas4 (§5§lГолова Гарри-Поттера)
[19.05.2025 15:53:55][serveritem][give] DiDimon575 obtained 1 of golovas3 (§6§l§nГэндальф)
[19.05.2025 15:56:56][serveritem][give] MrVict0rPr0 obtained 1 of секирахаоса (§4§lСекира Хаоса)
[19.05.2025 15:57:25][serveritem][give] MrVict0rPr0 obtained 1 of golovas4 (§5§lГолова Гарри-Поттера)
[19.05.2025 15:59:09][serveritem][give] tahwem obtained 1 of секирахаоса (§4§lСекира Хаоса)
[19.05.2025 16:04:34][serveritem][give] NeDaniel123321 obtained 1 of golovas4 (§5§lГолова Гарри-Поттера)
[19.05.2025 16:07:01][serveritem][give] Liberashka obtained 1 of шарскорки1 (§3§lШар Скорости 1)
[19.05.2025 16:07:11][serveritem][give] DiDimon575 obtained 1 of golovas1 (§e§lГолова Сема-Тарли)
[19.05.2025 16:07:12][serveritem][give] DiDimon575 obtained 1 of golovas2 (§b§lГолова Цири)
[19.05.2025 16:07:12][serveritem][give] DiDimon575 obtained 1 of golovas3 (§6§l§nГэндальф)
[19.05.2025 16:07:13][serveritem][give] DiDimon575 obtained 1 of golovas4 (§5§lГолова Гарри-Поттера)
[19.05.2025 16:16:08][serveritem][give] zx_Demon obtained 1 of шарздоровья1 (§d§lШар Здоровья 1)
[19.05.2025 16:19:37][serveritem][give] KNCAM__ obtained 1 of шарздоровья1 (§d§lШар Здоровья 1)
[19.05.2025 16:25:26][serveritem][give] Naglasheni obtained 1 of golovas4 (§5§lГолова Гарри-Поттера)
[19.05.2025 16:37:14][serveritem][give] yeh17we obtained 1 of шарздоровья3 (§d§lШар Здоровья 3)
[19.05.2025 16:38:05][serveritem][give] Naglasheni obtained 1 of golovas4 (§5§lГолова Гарри-Поттера)
[19.05.2025 16:40:39][serveritem][give] waruto777 obtained 1 of секирахаоса (§4§lСекира Хаоса)
[19.05.2025 16:40:50][serveritem][give] waruto777 obtained 1 of golovas4 (§5§lГолова Гарри-Поттера)
[19.05.2025 16:43:43][serveritem][give] Naglasheni obtained 1 of golovas1 (§e§lГолова Сема-Тарли)
[19.05.2025 16:49:34][serveritem][give] VanBeanya obtained 1 of golovas1 (§e§lГолова Сема-Тарли)
[19.05.2025 16:49:49][serveritem][give] Hoytime obtained 1 of секирахаоса (§4§lСекира Хаоса)
[19.05.2025 16:49:54][serveritem][give] udlkpop obtained 1 of golovas2 (§b§lГолова Цири)
[19.05.2025 16:50:06][serveritem][give] Hoytime obtained 1 of golovas2 (§b§lГолова Цири)
[19.05.2025 16:51:44][serveritem][give] yeh17we obtained 1 of шарздоровья3 (§d§lШар Здоровья 3)
[19.05.2025 16:53:40][serveritem][give] bebrick obtained 1 of golovas3 (§6§l§nГэндальф)
[19.05.2025 16:53:59][serveritem][give] Creeper7671 obtained 1 of golovas1 (§e§lГолова Сема-Тарли)
[19.05.2025 16:55:09][serveritem][give] Sex obtained 1 of шарскорки2 (§3§lШар Скорости 2)
[19.05.2025 16:58:50][serveritem][give] nehazratne obtained 1 of секирахаоса (§4§lСекира Хаоса)
[19.05.2025 16:59:30][serveritem][give] saha_try obtained 1 of golovas4 (§5§lГолова Гарри-Поттера)
[19.05.2025 16:59:32][serveritem][give] saha_try obtained 1 of golovas4 (§5§lГолова Гарри-Поттера)
[19.05.2025 17:02:01][serveritem][give] nosok566 obtained 1 of секирахаоса (§4§lСекира Хаоса)
[19.05.2025 17:03:32][serveritem][give] Pv3_Penit2 obtained 1 of golovas4 (§5§lГолова Гарри-Поттера)
[19.05.2025 17:05:01][serveritem][give] nosok566 obtained 1 of шарздоровья3 (§d§lШар Здоровья 3)
[19.05.2025 17:06:29][serveritem][give] tahwem obtained 1 of golovas3 (§6§l§nГэндальф)
[19.05.2025 17:08:36][serveritem][give] Free obtained 1 of шарскорки2 (§3§lШар Скорости 2)
[19.05.2025 17:08:39][serveritem][give] Free obtained 1 of шарздоровья2 (§d§lШар Здоровья 2)
[19.05.2025 17:08:46][serveritem][give] KNCAM__ obtained 1 of шарскорки2 (§3§lШар Скорости 2)
[19.05.2025 17:12:49][serveritem][give] dota1234517 obtained 1 of шарздоровья3 (§d§lШар Здоровья 3)
[19.05.2025 17:13:13][serveritem][give] tahwem obtained 1 of golovas4 (§5§lГолова Гарри-Поттера)
[19.05.2025 17:13:28][serveritem][give] dota1234517 obtained 1 of секирахаоса (§4§lСекира Хаоса)
[19.05.2025 17:21:11][serveritem][give] IIoner_744 obtained 1 of секирахаоса (§4§lСекира Хаоса)
[19.05.2025 17:21:30][serveritem][give] IIoner_744 obtained 1 of golovas1 (§e§lГолова Сема-Тарли)
[19.05.2025 17:21:48][serveritem][give] IIoner_744 obtained 1 of golovas4 (§5§lГолова Гарри-Поттера)
[19.05.2025 17:28:11][serveritem][give] megaflopa obtained 1 of шарскорки1 (§3§lШар Скорости 1)
[19.05.2025 17:35:56][serveritem][give] eted obtained 1 of секирахаоса (§4§lСекира Хаоса)
[19.05.2025 17:37:59][serveritem][give] KNCAM__ obtained 1 of шарздоровья3 (§d§lШар Здоровья 3)
[19.05.2025 17:38:06][serveritem][give] rule34xxx obtained 1 of golovas1 (§e§lГолова Сема-Тарли)
[19.05.2025 17:38:07][serveritem][give] KNCAM__ obtained 1 of шарздоровья2 (§d§lШар Здоровья 2)
[19.05.2025 17:38:09][serveritem][give] KNCAM__ obtained 1 of шаршипа2 (§2§lШар Шипов 2)
[19.05.2025 17:38:11][serveritem][give] KNCAM__ obtained 1 of шарздоровья1 (§d§lШар Здоровья 1)
[19.05.2025 17:40:28][serveritem][give] Speedsportik obtained 1 of секирахаоса (§4§lСекира Хаоса)
[19.05.2025 17:40:33][serveritem][give] EnqZ1k obtained 1 of шарскорки2 (§3§lШар Скорости 2)
[19.05.2025 17:42:13][serveritem][give] Speedsportik obtained 1 of секирахаоса (§4§lСекира Хаоса)
[19.05.2025 17:43:21][serveritem][give] Speedsportik obtained 1 of golovas1 (§e§lГолова Сема-Тарли)
[19.05.2025 17:43:22][serveritem][give] Speedsportik obtained 1 of секирахаоса (§4§lСекира Хаоса)
[19.05.2025 17:45:08][serveritem][give] Speedsportik obtained 1 of секирахаоса (§4§lСекира Хаоса)
[19.05.2025 17:45:10][serveritem][give] Speedsportik obtained 1 of golovas1 (§e§lГолова Сема-Тарли)
[19.05.2025 17:45:10][serveritem][give] Speedsportik obtained 1 of golovas2 (§b§lГолова Цири)
[19.05.2025 17:45:11][serveritem][give] Speedsportik obtained 1 of golovas3 (§6§l§nГэндальф)
[19.05.2025 17:47:38][serveritem][give] Speedsportik obtained 1 of golovas1 (§e§lГолова Сема-Тарли)
[19.05.2025 17:52:25][serveritem][give] diikii1 obtained 1 of шарскорки2 (§3§lШар Скорости 2)
[19.05.2025 18:06:51][serveritem][give] 22Astro obtained 1 of секирахаоса (§4§lСекира Хаоса)
[19.05.2025 18:26:50][serveritem][give] _Foxic obtained 1 of golovas4 (§5§lГолова Гарри-Поттера)
[19.05.2025 18:31:34][serveritem][give] Fufelshmez3434 obtained 1 of шарздоровья3 (§d§lШар Здоровья 3)
[19.05.2025 18:35:21][serveritem][give] _Yan_Y obtained 1 of шарскорки2 (§3§lШар Скорости 2)
[19.05.2025 18:37:31][serveritem][give] Pv3_Penit2 obtained 1 of шарскорки2 (§3§lШар Скорости 2)
[19.05.2025 18:39:24][serveritem][give] N3st1nYT obtained 1 of секирахаоса (§4§lСекира Хаоса)
[19.05.2025 18:44:05][serveritem][give] syparik obtained 1 of шарздоровья2 (§d§lШар Здоровья 2)
[19.05.2025 18:45:08][serveritem][give] N3st1nYT obtained 1 of секирахаоса (§4§lСекира Хаоса)
[19.05.2025 18:45:13][serveritem][give] N3st1nYT obtained 1 of golovas2 (§b§lГолова Цири)
[19.05.2025 18:45:17][serveritem][give] N3st1nYT obtained 1 of golovas3 (§6§l§nГэндальф)
[19.05.2025 18:46:43][serveritem][give] ModsCraft9315 obtained 1 of секирахаоса (§4§lСекира Хаоса)
[19.05.2025 18:47:19][serveritem][give] ModsCraft9315 obtained 1 of шарздоровья3 (§d§lШар Здоровья 3)
[19.05.2025 18:50:02][serveritem][give] N3st1nYT obtained 1 of секирахаоса (§4§lСекира Хаоса)
[19.05.2025 18:50:06][serveritem][give] N3st1nYT obtained 1 of golovas4 (§5§lГолова Гарри-Поттера)
[19.05.2025 18:54:13][serveritem][give] N3st1nYT obtained 1 of шаршипа2 (§2§lШар Шипов 2)
[19.05.2025 18:54:27][serveritem][give] N3st1nYT obtained 1 of шаротбр1 (§9§lШар Отбрасывания 1)
[19.05.2025 18:56:11][serveritem][give] BEFFCH12 obtained 1 of шарздоровья3 (§d§lШар Здоровья 3)
[19.05.2025 19:03:43][serveritem][give] NENORMALNIIY obtained 1 of секирахаоса (§4§lСекира Хаоса)
[19.05.2025 19:06:55][serveritem][give] bint34 obtained 1 of golovas4 (§5§lГолова Гарри-Поттера)
[19.05.2025 19:21:35][serveritem][give] Twixfreet obtained 1 of шарскорки2 (§3§lШар Скорости 2)
[19.05.2025 20:03:44][serveritem][give] AsAsIn25457 obtained 1 of шаршипа2 (§2§lШар Шипов 2)
[19.05.2025 20:20:08][serveritem][give] pnpochedcfk2311 obtained 1 of шарскорки2 (§3§lШар Скорости 2)
[19.05.2025 20:24:28][serveritem][give] DOoMERYAshki12 obtained 1 of шарздоровья3 (§d§lШар Здоровья 3)
[19.05.2025 20:25:57][serveritem][give] DOoMERYAshki12 obtained 1 of секирахаоса (§4§lСекира Хаоса)
[19.05.2025 20:26:23][serveritem][give] DOoMERYAshki12 obtained 1 of golovas4 (§5§lГолова Гарри-Поттера)
[19.05.2025 20:33:36][serveritem][give] vertuspro obtained 1 of шарздоровья3 (§d§lШар Здоровья 3)
[19.05.2025 20:42:49][serveritem][give] _spiner_ obtained 1 of секирахаоса (§4§lСекира Хаоса)
[19.05.2025 20:42:59][serveritem][give] soloansoft obtained 1 of секирахаоса (§4§lСекира Хаоса)
[19.05.2025 20:46:52][serveritem][give] soloansoft obtained 1 of шарздоровья3 (§d§lШар Здоровья 3)
[19.05.2025 20:57:36][serveritem][give] Laki_akk obtained 1 of шарздоровья1 (§d§lШар Здоровья 1)
[19.05.2025 21:22:16][serveritem][give] swagaSHADE6 obtained 1 of golovas3 (§6§l§nГэндальф)
[19.05.2025 21:24:37][serveritem][give] swagaSHADE6 obtained 1 of секирахаоса (§4§lСекира Хаоса)
[19.05.2025 21:24:58][serveritem][give] swagaSHADE6 obtained 1 of golovas1 (§e§lГолова Сема-Тарли)
[19.05.2025 21:25:28][serveritem][give] swagaSHADE6 obtained 1 of golovas4 (§5§lГолова Гарри-Поттера)
[19.05.2025 21:57:27][serveritem][give] analgin696969 obtained 1 of шарздоровья3 (§d§lШар Здоровья 3)
