[17.06.2025 00:04:23][serveritem][give] fraty0 obtained 1 of шарздоровья3 (§d§lШар Здоровья 3)
[17.06.2025 00:08:35][serveritem][give] fraty0 obtained 1 of шарскорки2 (§3§lШар Скорости 2)
[17.06.2025 00:09:57][serveritem][give] kolik4akogolik obtained 1 of шарскорки1 (§3§lШар Скорости 1)
[17.06.2025 00:12:09][serveritem][give] skarpion2482 obtained 1 of секирахаоса (§4§lСекира Хаоса)
[17.06.2025 00:12:36][serveritem][give] GyDfAzErerer2 obtained 1 of шарздоровья3 (§d§lШар Здоровья 3)
[17.06.2025 00:15:41][serveritem][give] farenzz obtained 1 of шарздоровья3 (§d§lШар Здоровья 3)
[17.06.2025 00:16:05][serveritem][give] artem00_ obtained 1 of секирахаоса (§4§lСекира Хаоса)
[17.06.2025 00:16:10][serveritem][give] farenzz obtained 1 of шарздоровья3 (§d§lШар Здоровья 3)
[17.06.2025 00:29:22][serveritem][give] FORTUNA612 obtained 1 of секирахаоса (§4§lСекира Хаоса)
[17.06.2025 00:29:26][serveritem][give] FORTUNA612 obtained 1 of секирахаоса (§4§lСекира Хаоса)
[17.06.2025 00:29:26][serveritem][give] FORTUNA612 obtained 1 of секирахаоса (§4§lСекира Хаоса)
[17.06.2025 00:32:39][serveritem][give] MenRoR obtained 1 of golovas4 (§5§lГолова Гарри-Поттера)
[17.06.2025 00:35:30][serveritem][give] Bomjik_Valerchik obtained 1 of season1 (§5§lГолова Джотаро)
[17.06.2025 00:38:00][serveritem][give] skarpion2482 obtained 1 of шарздоровья3 (§d§lШар Здоровья 3)
[17.06.2025 00:38:26][serveritem][give] skarpion2482 obtained 1 of шарздоровья3 (§d§lШар Здоровья 3)
[17.06.2025 00:38:42][serveritem][give] skarpion2482 obtained 1 of шарскорки2 (§3§lШар Скорости 2)
[17.06.2025 00:40:20][serveritem][give] sematorulove obtained 1 of golovas4 (§5§lГолова Гарри-Поттера)
[17.06.2025 00:50:36][serveritem][give] Pavuk obtained 1 of шарскорки2 (§3§lШар Скорости 2)
[17.06.2025 00:51:54][serveritem][give] artem00_ obtained 1 of секирахаоса (§4§lСекира Хаоса)
[17.06.2025 00:54:14][serveritem][give] emuLeon76 obtained 1 of шарскорки2 (§3§lШар Скорости 2)
[17.06.2025 01:00:32][serveritem][give] yosherth268kf754 obtained 1 of golovas1 (§e§lГолова Сема-Тарли)
[17.06.2025 01:00:34][serveritem][give] yosherth268kf754 obtained 1 of golovas1 (§e§lГолова Сема-Тарли)
[17.06.2025 01:00:39][serveritem][give] yosherth268kf754 obtained 1 of golovas1 (§e§lГолова Сема-Тарли)
[17.06.2025 01:00:40][serveritem][give] yosherth268kf754 obtained 1 of golovas1 (§e§lГолова Сема-Тарли)
[17.06.2025 01:01:48][serveritem][give] yosherth268kf754 obtained 1 of секирахаоса (§4§lСекира Хаоса)
[17.06.2025 01:01:48][serveritem][give] yosherth268kf754 obtained 1 of секирахаоса (§4§lСекира Хаоса)
[17.06.2025 01:01:49][serveritem][give] yosherth268kf754 obtained 1 of секирахаоса (§4§lСекира Хаоса)
[17.06.2025 01:01:49][serveritem][give] yosherth268kf754 obtained 1 of секирахаоса (§4§lСекира Хаоса)
[17.06.2025 01:01:49][serveritem][give] yosherth268kf754 obtained 1 of секирахаоса (§4§lСекира Хаоса)
[17.06.2025 01:04:40][serveritem][give] SteveSense914 obtained 1 of секирахаоса (§4§lСекира Хаоса)
[17.06.2025 01:30:23][serveritem][give] sematorulove obtained 1 of golovas4 (§5§lГолова Гарри-Поттера)
[17.06.2025 01:31:20][serveritem][give] kiberultra obtained 1 of шарскорки2 (§3§lШар Скорости 2)
[17.06.2025 01:35:04][serveritem][give] EvangelionRB obtained 1 of шарскорки2 (§3§lШар Скорости 2)
[17.06.2025 01:35:04][serveritem][give] EvangelionRB obtained 1 of шарскорки2 (§3§lШар Скорости 2)
[17.06.2025 01:35:08][serveritem][give] EvangelionRB obtained 1 of golovas1 (§e§lГолова Сема-Тарли)
[17.06.2025 01:35:08][serveritem][give] EvangelionRB obtained 1 of golovas1 (§e§lГолова Сема-Тарли)
[17.06.2025 01:35:08][serveritem][give] EvangelionRB obtained 1 of golovas1 (§e§lГолова Сема-Тарли)
[17.06.2025 01:36:10][serveritem][give] Tre5ny obtained 1 of golovas1 (§e§lГолова Сема-Тарли)
[17.06.2025 01:36:12][serveritem][give] Tre5ny obtained 1 of шарскорки2 (§3§lШар Скорости 2)
[17.06.2025 01:39:02][serveritem][give] Tre5ny obtained 1 of шарскорки2 (§3§lШар Скорости 2)
[17.06.2025 01:39:04][serveritem][give] Tre5ny obtained 1 of golovas1 (§e§lГолова Сема-Тарли)
[17.06.2025 01:56:47][serveritem][give] sdfhyeb12334 obtained 1 of golovas1 (§e§lГолова Сема-Тарли)
[17.06.2025 01:56:48][serveritem][give] sdfhyeb12334 obtained 1 of golovas1 (§e§lГолова Сема-Тарли)
[17.06.2025 01:56:59][serveritem][give] sdfhyeb12334 obtained 1 of шарскорки2 (§3§lШар Скорости 2)
[17.06.2025 01:56:59][serveritem][give] sdfhyeb12334 obtained 1 of шарскорки2 (§3§lШар Скорости 2)
[17.06.2025 02:03:00][serveritem][give] sdfhyeb12334 obtained 1 of шарскорки2 (§3§lШар Скорости 2)
[17.06.2025 02:03:06][serveritem][give] sdfhyeb12334 obtained 1 of golovas1 (§e§lГолова Сема-Тарли)
[17.06.2025 02:03:07][serveritem][give] sdfhyeb12334 obtained 1 of golovas1 (§e§lГолова Сема-Тарли)
[17.06.2025 02:03:10][serveritem][give] sdfhyeb12334 obtained 1 of шарскорки2 (§3§lШар Скорости 2)
[17.06.2025 02:11:20][serveritem][give] CheeziCrazy77 obtained 1 of шарздоровья1 (§d§lШар Здоровья 1)
[17.06.2025 02:11:41][serveritem][give] daswcxzc obtained 1 of golovas1 (§e§lГолова Сема-Тарли)
[17.06.2025 02:11:45][serveritem][give] daswcxzc obtained 1 of шарскорки2 (§3§lШар Скорости 2)
[17.06.2025 02:11:58][serveritem][give] sdfhyeb12334 obtained 1 of golovas1 (§e§lГолова Сема-Тарли)
[17.06.2025 02:12:01][serveritem][give] sdfhyeb12334 obtained 1 of шарскорки2 (§3§lШар Скорости 2)
[17.06.2025 02:15:15][serveritem][give] CheeziCrazy77 obtained 1 of golovas4 (§5§lГолова Гарри-Поттера)
[17.06.2025 02:15:31][serveritem][give] CheeziCrazy77 obtained 1 of секирахаоса (§4§lСекира Хаоса)
[17.06.2025 03:41:55][serveritem][give] menumama obtained 1 of шарздоровья2 (§d§lШар Здоровья 2)
[17.06.2025 04:14:22][serveritem][give] roomiK_3 obtained 1 of шарскорки2 (§3§lШар Скорости 2)
[17.06.2025 04:17:10][serveritem][give] tykion_hoer obtained 1 of шарздоровья3 (§d§lШар Здоровья 3)
[17.06.2025 04:17:55][serveritem][give] tykion_hoer obtained 1 of шарздоровья3 (§d§lШар Здоровья 3)
[17.06.2025 04:45:59][serveritem][give] tykion_hoer obtained 1 of шарскорки2 (§3§lШар Скорости 2)
[17.06.2025 06:03:31][serveritem][give] csdaczsa obtained 1 of шарскорки2 (§3§lШар Скорости 2)
[17.06.2025 06:08:34][serveritem][give] cxbsfgdfdgzvxc obtained 1 of golovas1 (§e§lГолова Сема-Тарли)
[17.06.2025 06:26:35][serveritem][give] bvhgfdhxbvc obtained 1 of шарскорки2 (§3§lШар Скорости 2)
[17.06.2025 06:28:39][serveritem][give] zufeo_daus obtained 1 of шарздоровья3 (§d§lШар Здоровья 3)
[17.06.2025 06:46:07][serveritem][give] Tre1ny obtained 1 of шарскорки2 (§3§lШар Скорости 2)
[17.06.2025 06:47:59][serveritem][give] uioykjgh obtained 1 of секирахаоса (§4§lСекира Хаоса)
[17.06.2025 07:27:02][serveritem][give] MichaVolk2014 obtained 1 of шарскорки2 (§3§lШар Скорости 2)
[17.06.2025 07:27:03][serveritem][give] MichaVolk2014 obtained 1 of шарздоровья3 (§d§lШар Здоровья 3)
[17.06.2025 07:37:26][serveritem][give] calozuan_fuen obtained 1 of golovas1 (§e§lГолова Сема-Тарли)
[17.06.2025 07:38:58][serveritem][give] MrPurpleYt obtained 1 of шарскорки2 (§3§lШар Скорости 2)
[17.06.2025 08:04:40][serveritem][give] xgrsafd obtained 1 of golovas1 (§e§lГолова Сема-Тарли)
[17.06.2025 08:16:18][serveritem][give] xgrsafd obtained 1 of golovas4 (§5§lГолова Гарри-Поттера)
[17.06.2025 08:31:11][serveritem][give] uyjthgerfds obtained 1 of golovas1 (§e§lГолова Сема-Тарли)
[17.06.2025 08:32:56][serveritem][give] B1n23k obtained 1 of шарздоровья2 (§d§lШар Здоровья 2)
[17.06.2025 08:39:59][serveritem][give] miscka_SSG obtained 1 of шарскорки2 (§3§lШар Скорости 2)
[17.06.2025 08:44:11][serveritem][give] vanili_kotuc obtained 1 of golovas4 (§5§lГолова Гарри-Поттера)
[17.06.2025 08:46:10][serveritem][give] DYDKA obtained 1 of секирахаоса (§4§lСекира Хаоса)
[17.06.2025 08:46:15][serveritem][give] DYDKA obtained 1 of golovas4 (§5§lГолова Гарри-Поттера)
[17.06.2025 08:48:29][serveritem][give] MichaVolk2014 obtained 1 of секирахаоса (§4§lСекира Хаоса)
[17.06.2025 08:59:57][serveritem][give] LordRon4ldoKing obtained 1 of golovas4 (§5§lГолова Гарри-Поттера)
[17.06.2025 09:39:05][serveritem][give] YukiXSXD obtained 1 of golovas4 (§5§lГолова Гарри-Поттера)
[17.06.2025 09:44:38][serveritem][give] Cubic_120fps obtained 1 of golovas4 (§5§lГолова Гарри-Поттера)
[17.06.2025 09:46:39][serveritem][give] jcisiworihihfto obtained 1 of шарздоровья1 (§d§lШар Здоровья 1)
[17.06.2025 09:50:00][serveritem][give] YukiXSXD obtained 1 of golovas4 (§5§lГолова Гарри-Поттера)
[17.06.2025 09:55:52][serveritem][give] Vova5623 obtained 1 of секирахаоса (§4§lСекира Хаоса)
[17.06.2025 09:59:38][serveritem][give] Vova5623 obtained 1 of шаршипа2 (§2§lШар Шипов 2)
[17.06.2025 10:13:36][serveritem][give] xgrsafd obtained 1 of golovas4 (§5§lГолова Гарри-Поттера)
[17.06.2025 10:16:38][serveritem][give] rjxjjcgvetke obtained 1 of шарздоровья2 (§d§lШар Здоровья 2)
[17.06.2025 10:16:58][serveritem][give] flhsksda obtained 1 of golovas4 (§5§lГолова Гарри-Поттера)
[17.06.2025 10:28:36][serveritem][give] dsasda obtained 1 of golovas4 (§5§lГолова Гарри-Поттера)
[17.06.2025 10:30:07][serveritem][give] ewarw1 obtained 1 of шарскорки2 (§3§lШар Скорости 2)
[17.06.2025 10:32:26][serveritem][give] reeptyr421 obtained 1 of season1 (§5§lГолова Джотаро)
[17.06.2025 10:34:06][serveritem][give] reeptyr421 obtained 1 of секирахаоса (§4§lСекира Хаоса)
[17.06.2025 10:34:08][serveritem][give] reeptyr421 obtained 1 of секирахаоса (§4§lСекира Хаоса)
[17.06.2025 10:35:12][serveritem][give] dodik2x23t obtained 1 of шаршипа2 (§2§lШар Шипов 2)
[17.06.2025 10:46:20][serveritem][give] DYDKA obtained 1 of шарздоровья2 (§d§lШар Здоровья 2)
[17.06.2025 10:49:28][serveritem][give] wer148 obtained 1 of golovas4 (§5§lГолова Гарри-Поттера)
[17.06.2025 10:54:18][serveritem][give] wukoo6 obtained 1 of шарздоровья3 (§d§lШар Здоровья 3)
[17.06.2025 10:57:36][serveritem][give] Luvvikkiii obtained 1 of секирахаоса (§4§lСекира Хаоса)
[17.06.2025 10:58:32][serveritem][give] Luvvikkiii obtained 1 of шарздоровья3 (§d§lШар Здоровья 3)
[17.06.2025 11:00:32][serveritem][give] wer146 obtained 1 of golovas4 (§5§lГолова Гарри-Поттера)
[17.06.2025 11:03:02][serveritem][give] McSwag obtained 1 of шарздоровья3 (§d§lШар Здоровья 3)
[17.06.2025 11:11:34][serveritem][give] dolbayob4432234 obtained 1 of season1 (§5§lГолова Джотаро)
[17.06.2025 11:15:40][serveritem][give] Kt4ik_ZXC obtained 1 of golovas3 (§6§l§nГэндальф)
[17.06.2025 11:15:51][serveritem][give] DarkR0nald0King obtained 1 of golovas4 (§5§lГолова Гарри-Поттера)
[17.06.2025 11:18:26][serveritem][give] 0m3g4W1ll14msM4 obtained 1 of секирахаоса (§4§lСекира Хаоса)
[17.06.2025 11:19:01][serveritem][give] bubilda_123456 obtained 1 of шарздоровья1 (§d§lШар Здоровья 1)
[17.06.2025 11:23:25][serveritem][give] cabubara228097 obtained 1 of golovas4 (§5§lГолова Гарри-Поттера)
[17.06.2025 11:30:26][serveritem][give] DDSOULSG obtained 1 of шарскорки2 (§3§lШар Скорости 2)
[17.06.2025 11:31:34][serveritem][give] DYDKA obtained 1 of golovas3 (§6§l§nГэндальф)
[17.06.2025 11:31:56][serveritem][give] DYDKA obtained 1 of шарздоровья3 (§d§lШар Здоровья 3)
[17.06.2025 11:32:55][serveritem][give] PixelAura obtained 1 of golovas4 (§5§lГолова Гарри-Поттера)
[17.06.2025 11:35:33][serveritem][give] xgrsafd obtained 1 of golovas4 (§5§lГолова Гарри-Поттера)
[17.06.2025 11:38:55][serveritem][give] Killis202 obtained 1 of шарскорки2 (§3§lШар Скорости 2)
[17.06.2025 11:39:10][serveritem][give] Killis202 obtained 1 of шарздоровья2 (§d§lШар Здоровья 2)
[17.06.2025 11:39:18][serveritem][give] ArtyemGames obtained 1 of golovas2 (§b§lГолова Цири)
[17.06.2025 11:40:49][serveritem][give] xgrsafd obtained 1 of golovas1 (§e§lГолова Сема-Тарли)
[17.06.2025 11:40:52][serveritem][give] xgrsafd obtained 1 of шарскорки2 (§3§lШар Скорости 2)
[17.06.2025 11:42:31][serveritem][give] inal213 obtained 1 of секирахаоса (§4§lСекира Хаоса)
[17.06.2025 11:43:23][serveritem][give] Ponofidin321 obtained 1 of шаршипа2 (§2§lШар Шипов 2)
[17.06.2025 11:43:40][serveritem][give] Grisha2067 obtained 1 of шаршипа2 (§2§lШар Шипов 2)
[17.06.2025 11:51:00][serveritem][give] xgrsafd obtained 1 of golovas4 (§5§lГолова Гарри-Поттера)
[17.06.2025 11:58:53][serveritem][give] pisun228 obtained 1 of шарскорки2 (§3§lШар Скорости 2)
[17.06.2025 12:02:37][serveritem][give] pisun228 obtained 1 of шаршипа2 (§2§lШар Шипов 2)
[17.06.2025 12:10:47][serveritem][give] VIK4560 obtained 1 of шарздоровья3 (§d§lШар Здоровья 3)
[17.06.2025 12:11:07][serveritem][give] Megacot_ obtained 1 of golovas1 (§e§lГолова Сема-Тарли)
[17.06.2025 12:11:10][serveritem][give] Killya_Zo1dyck obtained 1 of шарздоровья1 (§d§lШар Здоровья 1)
[17.06.2025 12:21:13][serveritem][give] turka1488 obtained 1 of шарздоровья2 (§d§lШар Здоровья 2)
[17.06.2025 12:23:29][serveritem][give] bablop10 obtained 1 of шарздоровья3 (§d§lШар Здоровья 3)
[17.06.2025 12:29:09][serveritem][give] VIK4560 obtained 1 of golovas4 (§5§lГолова Гарри-Поттера)
[17.06.2025 12:33:51][serveritem][give] VIK4560 obtained 1 of golovas1 (§e§lГолова Сема-Тарли)
[17.06.2025 12:33:51][serveritem][give] fastersanker obtained 1 of golovas4 (§5§lГолова Гарри-Поттера)
[17.06.2025 12:34:42][serveritem][give] ___AnimE___ obtained 1 of шарскорки2 (§3§lШар Скорости 2)
[17.06.2025 12:36:45][serveritem][give] VichtoSAmeos obtained 1 of golovas4 (§5§lГолова Гарри-Поттера)
[17.06.2025 12:39:51][serveritem][give] SoHard_New obtained 1 of golovas4 (§5§lГолова Гарри-Поттера)
[17.06.2025 12:40:56][serveritem][give] TheKnight_G0P obtained 1 of шарздоровья1 (§d§lШар Здоровья 1)
[17.06.2025 12:41:24][serveritem][give] __sadYE__ obtained 1 of golovas1 (§e§lГолова Сема-Тарли)
[17.06.2025 12:43:00][serveritem][give] GDAGOLUBAUEV obtained 1 of шарздоровья3 (§d§lШар Здоровья 3)
[17.06.2025 12:45:22][serveritem][give] lyzeo_mua95 obtained 1 of шарскорки1 (§3§lШар Скорости 1)
[17.06.2025 12:47:01][serveritem][give] ___AnimE___ obtained 1 of golovas4 (§5§lГолова Гарри-Поттера)
[17.06.2025 13:05:42][serveritem][give] bodnarm0801t obtained 1 of шарздоровья1 (§d§lШар Здоровья 1)
[17.06.2025 13:09:08][serveritem][give] bodnarm0801t obtained 1 of season1 (§5§lГолова Джотаро)
[17.06.2025 13:09:16][serveritem][give] Tirkbun obtained 1 of golovas1 (§e§lГолова Сема-Тарли)
[17.06.2025 13:12:53][serveritem][give] dimkakartinka obtained 1 of golovas4 (§5§lГолова Гарри-Поттера)
[17.06.2025 13:17:01][serveritem][give] axdasdxasdada obtained 1 of шарздоровья3 (§d§lШар Здоровья 3)
[17.06.2025 13:17:20][serveritem][give] RU_Simon__7926 obtained 1 of шарскорки1 (§3§lШар Скорости 1)
[17.06.2025 13:28:25][serveritem][give] jmeme obtained 1 of season1 (§5§lГолова Джотаро)
[17.06.2025 13:29:37][serveritem][give] 1VIRUSSS1 obtained 1 of season5 (§6§lГолова Зеницу)
[17.06.2025 13:35:47][serveritem][give] barabulkaa5252 obtained 1 of шарскорки2 (§3§lШар Скорости 2)
[17.06.2025 13:37:59][serveritem][give] GyDfAzErerer3 obtained 1 of golovas1 (§e§lГолова Сема-Тарли)
[17.06.2025 13:38:52][serveritem][give] Dydka777 obtained 1 of шарздоровья1 (§d§lШар Здоровья 1)
[17.06.2025 13:43:43][serveritem][give] dema565656 obtained 1 of golovas4 (§5§lГолова Гарри-Поттера)
[17.06.2025 13:50:50][serveritem][give] mohnati_chlen obtained 1 of golovas1 (§e§lГолова Сема-Тарли)
[17.06.2025 14:05:03][serveritem][give] YukiXSXD obtained 1 of golovas4 (§5§lГолова Гарри-Поттера)
[17.06.2025 14:08:25][serveritem][give] YukiXXXXF obtained 1 of golovas4 (§5§lГолова Гарри-Поттера)
[17.06.2025 14:18:37][serveritem][give] YukiXXXXF obtained 1 of golovas4 (§5§lГолова Гарри-Поттера)
[17.06.2025 14:20:10][serveritem][give] YukiXXXXF obtained 1 of golovas3 (§6§l§nГэндальф)
[17.06.2025 14:20:18][serveritem][give] admins_otebis obtained 1 of шарздоровья1 (§d§lШар Здоровья 1)
[17.06.2025 14:20:42][serveritem][give] nine12345 obtained 1 of golovas4 (§5§lГолова Гарри-Поттера)
[17.06.2025 14:20:43][serveritem][give] nine12345 obtained 1 of секирахаоса (§4§lСекира Хаоса)
[17.06.2025 14:27:29][serveritem][give] pon4ik obtained 1 of season3 (§b§lГолова Римуру Темпеста)
[17.06.2025 14:28:58][serveritem][give] starXjelly obtained 1 of шарздоровья3 (§d§lШар Здоровья 3)
[17.06.2025 14:39:15][serveritem][give] FireIcing obtained 1 of шарздоровья3 (§d§lШар Здоровья 3)
[17.06.2025 14:39:21][serveritem][give] FireIcing obtained 1 of шаршипа2 (§2§lШар Шипов 2)
[17.06.2025 14:40:08][serveritem][give] afsahasf obtained 1 of шарскорки2 (§3§lШар Скорости 2)
[17.06.2025 14:45:47][serveritem][give] Snaik_1 obtained 1 of шарздоровья3 (§d§lШар Здоровья 3)
[17.06.2025 14:46:05][serveritem][give] ___Nik4L0rd7034 obtained 1 of секирахаоса (§4§lСекира Хаоса)
[17.06.2025 14:47:14][serveritem][give] vanoshka1487 obtained 1 of golovas4 (§5§lГолова Гарри-Поттера)
[17.06.2025 14:49:23][serveritem][give] Dydka777 obtained 1 of шарздоровья3 (§d§lШар Здоровья 3)
[17.06.2025 14:49:49][serveritem][give] Dydka777 obtained 1 of шарскорки1 (§3§lШар Скорости 1)
[17.06.2025 14:52:13][serveritem][give] dfgbr142 obtained 1 of шаршипа1 (§2§lШар Шипов 1)
[17.06.2025 14:53:24][serveritem][give] oker1234567 obtained 1 of секирахаоса (§4§lСекира Хаоса)
[17.06.2025 14:54:15][serveritem][give] RU_KokanM3ga obtained 1 of golovas4 (§5§lГолова Гарри-Поттера)
[17.06.2025 14:55:13][serveritem][give] RU_KokanM3ga obtained 1 of golovas2 (§b§lГолова Цири)
[17.06.2025 14:55:39][serveritem][give] callrg obtained 1 of шарздоровья3 (§d§lШар Здоровья 3)
[17.06.2025 14:57:22][serveritem][give] mayonesiska obtained 1 of шарздоровья3 (§d§lШар Здоровья 3)
[17.06.2025 15:07:00][serveritem][give] funregister7 obtained 1 of шарздоровья3 (§d§lШар Здоровья 3)
[17.06.2025 15:07:39][serveritem][give] hinkal09 obtained 1 of шарскорки2 (§3§lШар Скорости 2)
[17.06.2025 15:12:34][serveritem][give] ImDanCaT obtained 1 of шарздоровья3 (§d§lШар Здоровья 3)
[17.06.2025 15:17:02][serveritem][give] JBLOOD_RevengE obtained 1 of golovas4 (§5§lГолова Гарри-Поттера)
[17.06.2025 15:17:34][serveritem][give] V1RUS080YT obtained 1 of секирахаоса (§4§lСекира Хаоса)
[17.06.2025 15:18:43][serveritem][give] ImDanCaT obtained 1 of шарскорки2 (§3§lШар Скорости 2)
[17.06.2025 15:19:06][serveritem][give] mayonesiska obtained 1 of шарздоровья3 (§d§lШар Здоровья 3)
[17.06.2025 15:19:51][serveritem][give] V1RUS080YT obtained 1 of golovas3 (§6§l§nГэндальф)
[17.06.2025 15:19:52][serveritem][give] V1RUS080YT obtained 1 of golovas3 (§6§l§nГэндальф)
[17.06.2025 15:22:30][serveritem][give] MrMinekraft1 obtained 1 of шарздоровья3 (§d§lШар Здоровья 3)
[17.06.2025 15:26:25][serveritem][give] PrivMisha999 obtained 1 of golovas1 (§e§lГолова Сема-Тарли)
[17.06.2025 15:27:27][serveritem][give] lolotgnj obtained 1 of шарздоровья2 (§d§lШар Здоровья 2)
[17.06.2025 15:29:08][serveritem][give] V1RUS080YT obtained 1 of golovas4 (§5§lГолова Гарри-Поттера)
[17.06.2025 15:30:10][serveritem][give] V1RUS080YT obtained 1 of шарздоровья3 (§d§lШар Здоровья 3)
[17.06.2025 15:30:12][serveritem][give] V1RUS080YT obtained 1 of шаршипа2 (§2§lШар Шипов 2)
[17.06.2025 15:34:37][serveritem][give] oyitmg obtained 1 of секирахаоса (§4§lСекира Хаоса)
[17.06.2025 15:37:10][serveritem][give] oni_fai763 obtained 1 of шарскорки2 (§3§lШар Скорости 2)
[17.06.2025 15:40:49][serveritem][give] teryrrheg obtained 1 of golovas4 (§5§lГолова Гарри-Поттера)
[17.06.2025 15:44:22][serveritem][give] fopfop obtained 1 of golovas3 (§6§l§nГэндальф)
[17.06.2025 15:46:27][serveritem][give] _PlaY_Maks obtained 1 of шарздоровья3 (§d§lШар Здоровья 3)
[17.06.2025 15:47:49][serveritem][give] _UwU_ obtained 1 of season5 (§6§lГолова Зеницу)
[17.06.2025 15:57:19][serveritem][give] Razzy1218 obtained 1 of секирахаоса (§4§lСекира Хаоса)
[17.06.2025 15:58:35][serveritem][give] venopiolok obtained 1 of шарздоровья2 (§d§lШар Здоровья 2)
[17.06.2025 15:59:53][serveritem][give] SpermoGlot1488 obtained 1 of golovas4 (§5§lГолова Гарри-Поттера)
[17.06.2025 16:01:15][serveritem][give] bulousDefender39 obtained 1 of golovas1 (§e§lГолова Сема-Тарли)
[17.06.2025 16:09:00][serveritem][give] roomiK obtained 1 of шарскорки2 (§3§lШар Скорости 2)
[17.06.2025 16:11:55][serveritem][give] wergrht399 obtained 1 of golovas2 (§b§lГолова Цири)
[17.06.2025 16:11:57][serveritem][give] wergrht399 obtained 1 of golovas3 (§6§l§nГэндальф)
[17.06.2025 16:11:59][serveritem][give] wergrht399 obtained 1 of golovas1 (§e§lГолова Сема-Тарли)
[17.06.2025 16:12:11][serveritem][give] wergrht399 obtained 1 of шарскорки2 (§3§lШар Скорости 2)
[17.06.2025 16:16:32][serveritem][give] xakirru obtained 1 of шаротбр1 (§9§lШар Отбрасывания 1)
[17.06.2025 16:16:33][serveritem][give] xakirru obtained 1 of шаршипа1 (§2§lШар Шипов 1)
[17.06.2025 16:16:34][serveritem][give] xakirru obtained 1 of шарздоровья1 (§d§lШар Здоровья 1)
[17.06.2025 16:16:36][serveritem][give] xakirru obtained 1 of шарскорки1 (§3§lШар Скорости 1)
[17.06.2025 16:17:12][serveritem][give] KOLACHIT obtained 1 of golovas4 (§5§lГолова Гарри-Поттера)
[17.06.2025 16:24:06][serveritem][give] BPWORLD2023 obtained 1 of секирахаоса (§4§lСекира Хаоса)
[17.06.2025 16:28:44][serveritem][give] dan1ksr obtained 1 of golovas4 (§5§lГолова Гарри-Поттера)
[17.06.2025 16:32:14][serveritem][give] MichaVolk2014 obtained 1 of golovas3 (§6§l§nГэндальф)
[17.06.2025 16:34:41][serveritem][give] gosha7978 obtained 1 of шарздоровья3 (§d§lШар Здоровья 3)
[17.06.2025 16:34:42][serveritem][give] gosha7978 obtained 1 of шарздоровья2 (§d§lШар Здоровья 2)
[17.06.2025 16:49:54][serveritem][give] YouSoapLive obtained 1 of шарздоровья2 (§d§lШар Здоровья 2)
[17.06.2025 16:52:33][serveritem][give] xays obtained 1 of секирахаоса (§4§lСекира Хаоса)
[17.06.2025 16:52:54][serveritem][give] xays obtained 1 of golovas2 (§b§lГолова Цири)
[17.06.2025 17:02:05][serveritem][give] RU_KokanM3ga obtained 1 of golovas4 (§5§lГолова Гарри-Поттера)
[17.06.2025 17:04:53][serveritem][give] Kiraffas obtained 1 of season1 (§5§lГолова Джотаро)
[17.06.2025 17:07:55][serveritem][give] Fillmora44 obtained 1 of season3 (§b§lГолова Римуру Темпеста)
[17.06.2025 17:10:53][serveritem][give] oker1234567 obtained 1 of секирахаоса (§4§lСекира Хаоса)
[17.06.2025 17:10:53][serveritem][give] oker1234567 obtained 1 of секирахаоса (§4§lСекира Хаоса)
[17.06.2025 17:10:55][serveritem][give] oker1234567 obtained 1 of golovas4 (§5§lГолова Гарри-Поттера)
[17.06.2025 17:10:55][serveritem][give] oker1234567 obtained 1 of golovas4 (§5§lГолова Гарри-Поттера)
[17.06.2025 17:21:38][serveritem][give] merka1ru obtained 1 of golovas3 (§6§l§nГэндальф)
[17.06.2025 17:22:18][serveritem][give] FetterZero obtained 1 of секирахаоса (§4§lСекира Хаоса)
[17.06.2025 17:22:18][serveritem][give] FetterZero obtained 1 of golovas4 (§5§lГолова Гарри-Поттера)
[17.06.2025 17:29:20][serveritem][give] sexvibe0 obtained 1 of шарскорки2 (§3§lШар Скорости 2)
[17.06.2025 17:29:20][serveritem][give] sexvibe0 obtained 1 of шарскорки2 (§3§lШар Скорости 2)
[17.06.2025 17:29:49][serveritem][give] baklan4ik obtained 1 of golovas2 (§b§lГолова Цири)
[17.06.2025 17:30:00][serveritem][give] baklan4ik obtained 1 of секирахаоса (§4§lСекира Хаоса)
[17.06.2025 17:30:01][serveritem][give] baklan4ik obtained 1 of golovas1 (§e§lГолова Сема-Тарли)
[17.06.2025 17:30:43][serveritem][give] fouxet obtained 1 of шарздоровья3 (§d§lШар Здоровья 3)
[17.06.2025 17:30:57][serveritem][give] fouxet obtained 1 of шарздоровья3 (§d§lШар Здоровья 3)
[17.06.2025 17:31:09][serveritem][give] fouxet obtained 1 of шарздоровья3 (§d§lШар Здоровья 3)
[17.06.2025 17:35:07][serveritem][give] Derzkiy90 obtained 1 of season1 (§5§lГолова Джотаро)
[17.06.2025 17:35:19][serveritem][give] KIRILKA_1882 obtained 1 of шарскорки2 (§3§lШар Скорости 2)
[17.06.2025 17:39:12][serveritem][give] MrPurpleYt obtained 1 of season1 (§5§lГолова Джотаро)
[17.06.2025 17:43:15][serveritem][give] rip_h1muraC obtained 1 of шарскорки2 (§3§lШар Скорости 2)
[17.06.2025 17:46:24][serveritem][give] BODRIC obtained 1 of секирахаоса (§4§lСекира Хаоса)
[17.06.2025 17:46:33][serveritem][give] BODRIC obtained 1 of golovas4 (§5§lГолова Гарри-Поттера)
[17.06.2025 17:48:19][serveritem][give] AJTHEBOLO obtained 1 of шарздоровья3 (§d§lШар Здоровья 3)
[17.06.2025 17:56:23][serveritem][give] sergdfgdfvdg obtained 1 of season5 (§6§lГолова Зеницу)
[17.06.2025 17:56:42][serveritem][give] fouxet obtained 1 of секирахаоса (§4§lСекира Хаоса)
[17.06.2025 17:57:38][serveritem][give] Derzko90 obtained 1 of season5 (§6§lГолова Зеницу)
[17.06.2025 17:58:10][serveritem][give] Tishkams obtained 1 of season3 (§b§lГолова Римуру Темпеста)
[17.06.2025 18:24:37][serveritem][give] NN_glorix2 obtained 1 of шарскорки2 (§3§lШар Скорости 2)
[17.06.2025 18:26:40][serveritem][give] Ket_Laik obtained 1 of шаршипа2 (§2§lШар Шипов 2)
[17.06.2025 18:28:24][serveritem][give] hamius_wuma obtained 1 of шарздоровья3 (§d§lШар Здоровья 3)
[17.06.2025 18:28:56][serveritem][give] signatm1 obtained 1 of golovas4 (§5§lГолова Гарри-Поттера)
[17.06.2025 18:30:15][serveritem][give] vanoshka1487 obtained 1 of golovas4 (§5§lГолова Гарри-Поттера)
[17.06.2025 18:30:27][serveritem][give] vanoshka1487 obtained 1 of golovas1 (§e§lГолова Сема-Тарли)
[17.06.2025 18:31:04][serveritem][give] vanoshka1487 obtained 1 of golovas1 (§e§lГолова Сема-Тарли)
[17.06.2025 18:35:34][serveritem][give] karis obtained 1 of golovas4 (§5§lГолова Гарри-Поттера)
[17.06.2025 18:35:35][serveritem][give] karis obtained 1 of секирахаоса (§4§lСекира Хаоса)
[17.06.2025 18:35:59][serveritem][give] _OpenHead_ obtained 1 of golovas2 (§b§lГолова Цири)
[17.06.2025 18:37:19][serveritem][give] _OpenHead_ obtained 1 of season3 (§b§lГолова Римуру Темпеста)
[17.06.2025 18:40:27][serveritem][give] JBLOOD_RevengE obtained 1 of golovas4 (§5§lГолова Гарри-Поттера)
[17.06.2025 18:46:36][serveritem][give] signatm1 obtained 1 of golovas4 (§5§lГолова Гарри-Поттера)
[17.06.2025 18:50:04][serveritem][give] wesidee obtained 1 of секирахаоса (§4§lСекира Хаоса)
[17.06.2025 18:56:40][serveritem][give] signatm1 obtained 1 of golovas4 (§5§lГолова Гарри-Поттера)
[17.06.2025 18:59:42][serveritem][give] 4ipsinka247 obtained 1 of шарздоровья3 (§d§lШар Здоровья 3)
[17.06.2025 19:02:59][serveritem][give] deFER57 obtained 1 of golovas4 (§5§lГолова Гарри-Поттера)
[17.06.2025 19:03:09][serveritem][give] YukiXXXXF obtained 1 of golovas4 (§5§lГолова Гарри-Поттера)
[17.06.2025 19:03:15][serveritem][give] deFER57 obtained 1 of секирахаоса (§4§lСекира Хаоса)
[17.06.2025 19:07:06][serveritem][give] Xeromann obtained 1 of шарскорки2 (§3§lШар Скорости 2)
[17.06.2025 19:07:11][serveritem][give] Dydka777 obtained 1 of шарскорки2 (§3§lШар Скорости 2)
