[26.05.2025 02:05:17][serveritem][give] DANIL_12343 obtained 1 of секирахаоса (§4§lСекира Хаоса)
[26.05.2025 02:05:26][serveritem][give] DANIL_12343 obtained 1 of golovas1 (§e§lГолова Сема-Тарли)
[26.05.2025 03:37:44][serveritem][give] agent90 obtained 1 of шарскорки1 (§3§lШар Скорости 1)
[26.05.2025 03:37:47][serveritem][give] agent90 obtained 1 of шаршипа1 (§2§lШар Шипов 1)
[26.05.2025 03:37:52][serveritem][give] agent90 obtained 1 of шаротбр2 (§9§lШар Отбрасывания 2)
[26.05.2025 04:46:31][serveritem][give] kqwgggg obtained 1 of golovas4 (§5§lГолова Гарри-Поттера)
[26.05.2025 05:10:37][serveritem][give] geugeurrr obtained 1 of шарздоровья3 (§d§lШар Здоровья 3)
[26.05.2025 05:13:12][serveritem][give] 8r4d13yHer8i3V00 obtained 1 of шарздоровья2 (§d§lШар Здоровья 2)
[26.05.2025 05:24:50][serveritem][give] onkslerr_0 obtained 1 of шарскорки2 (§3§lШар Скорости 2)
[26.05.2025 06:00:07][serveritem][give] amnamhik125 obtained 1 of golovas4 (§5§lГолова Гарри-Поттера)
[26.05.2025 06:00:29][serveritem][give] CkamergodaChun obtained 1 of golovas4 (§5§lГолова Гарри-Поттера)
[26.05.2025 06:04:44][serveritem][give] kirsancheg obtained 1 of golovas1 (§e§lГолова Сема-Тарли)
[26.05.2025 06:04:44][serveritem][give] kirsancheg obtained 1 of golovas1 (§e§lГолова Сема-Тарли)
[26.05.2025 06:05:05][serveritem][give] amnamhik125 obtained 1 of golovas4 (§5§lГолова Гарри-Поттера)
[26.05.2025 06:10:53][serveritem][give] no_name221 obtained 1 of golovas1 (§e§lГолова Сема-Тарли)
[26.05.2025 06:27:04][serveritem][give] kingpvpn1 obtained 1 of golovas4 (§5§lГолова Гарри-Поттера)
[26.05.2025 06:27:05][serveritem][give] kingpvpn1 obtained 1 of golovas4 (§5§lГолова Гарри-Поттера)
[26.05.2025 06:27:07][serveritem][give] kingpvpn1 obtained 1 of golovas4 (§5§lГолова Гарри-Поттера)
[26.05.2025 06:29:34][serveritem][give] _inc_mont_ixc_ obtained 1 of шарскорки1 (§3§lШар Скорости 1)
[26.05.2025 06:31:58][serveritem][give] Baber16 obtained 1 of шарздоровья3 (§d§lШар Здоровья 3)
[26.05.2025 06:36:01][serveritem][give] xDeadFor135 obtained 1 of golovas4 (§5§lГолова Гарри-Поттера)
[26.05.2025 06:37:09][serveritem][give] DRARON_GLAZ obtained 1 of шарздоровья3 (§d§lШар Здоровья 3)
[26.05.2025 06:57:10][serveritem][give] sLise_21 obtained 1 of golovas4 (§5§lГолова Гарри-Поттера)
[26.05.2025 07:16:21][serveritem][give] hshshs7373uolox obtained 1 of шарздоровья3 (§d§lШар Здоровья 3)
[26.05.2025 07:18:10][serveritem][give] Timur2011111 obtained 1 of секирахаоса (§4§lСекира Хаоса)
[26.05.2025 07:51:44][serveritem][give] KuSpEr_09 obtained 1 of секирахаоса (§4§lСекира Хаоса)
[26.05.2025 08:18:42][serveritem][give] KuSpEr_09 obtained 1 of golovas1 (§e§lГолова Сема-Тарли)
[26.05.2025 08:31:33][serveritem][give] Fsiof obtained 1 of golovas4 (§5§lГолова Гарри-Поттера)
[26.05.2025 09:06:43][serveritem][give] Neonchik2288 obtained 1 of golovas4 (§5§lГолова Гарри-Поттера)
[26.05.2025 09:18:26][serveritem][give] Domir237 obtained 1 of golovas4 (§5§lГолова Гарри-Поттера)
[26.05.2025 09:45:48][serveritem][give] liperg obtained 1 of шарздоровья3 (§d§lШар Здоровья 3)
[26.05.2025 09:50:00][serveritem][give] liperg obtained 1 of шаротбр2 (§9§lШар Отбрасывания 2)
[26.05.2025 09:59:02][serveritem][give] SENIMO obtained 1 of шарздоровья2 (§d§lШар Здоровья 2)
[26.05.2025 10:04:05][serveritem][give] Kipis125 obtained 1 of golovas1 (§e§lГолова Сема-Тарли)
[26.05.2025 10:04:05][serveritem][give] Kipis125 obtained 1 of секирахаоса (§4§lСекира Хаоса)
[26.05.2025 10:08:08][serveritem][give] reeex5 obtained 1 of шарздоровья3 (§d§lШар Здоровья 3)
[26.05.2025 10:23:45][serveritem][give] POPPOP001 obtained 1 of шарздоровья1 (§d§lШар Здоровья 1)
[26.05.2025 10:54:57][serveritem][give] Sigma_Sobaka obtained 1 of golovas2 (§b§lГолова Цири)
[26.05.2025 11:29:57][serveritem][give] Tututu_qq obtained 1 of шарздоровья3 (§d§lШар Здоровья 3)
[26.05.2025 11:33:18][serveritem][give] De6ikr obtained 1 of шарздоровья3 (§d§lШар Здоровья 3)
[26.05.2025 11:33:20][serveritem][give] De6ikr obtained 1 of шарскорки2 (§3§lШар Скорости 2)
[26.05.2025 11:35:06][serveritem][give] PEBZN_GP_TOPCHIK obtained 1 of golovas4 (§5§lГолова Гарри-Поттера)
[26.05.2025 11:36:24][serveritem][give] PEBZN_GP_TOPCHIK obtained 1 of golovas4 (§5§lГолова Гарри-Поттера)
[26.05.2025 11:55:52][serveritem][give] ___D0kk13M1n354 obtained 1 of секирахаоса (§4§lСекира Хаоса)
[26.05.2025 11:59:27][serveritem][give] drooova0 obtained 1 of шарздоровья3 (§d§lШар Здоровья 3)
[26.05.2025 12:02:32][serveritem][give] sdsd obtained 1 of golovas4 (§5§lГолова Гарри-Поттера)
[26.05.2025 12:06:39][serveritem][give] Fsiof obtained 1 of golovas4 (§5§lГолова Гарри-Поттера)
[26.05.2025 12:12:14][serveritem][give] megaflopa obtained 1 of шарскорки2 (§3§lШар Скорости 2)
[26.05.2025 12:21:07][serveritem][give] sdsdsd obtained 1 of секирахаоса (§4§lСекира Хаоса)
[26.05.2025 12:23:17][serveritem][give] XorsikFlazzy obtained 1 of секирахаоса (§4§lСекира Хаоса)
[26.05.2025 12:41:47][serveritem][give] mynix obtained 1 of секирахаоса (§4§lСекира Хаоса)
[26.05.2025 12:41:50][serveritem][give] mynix obtained 1 of golovas4 (§5§lГолова Гарри-Поттера)
[26.05.2025 12:42:19][serveritem][give] mynix obtained 1 of секирахаоса (§4§lСекира Хаоса)
[26.05.2025 12:42:41][serveritem][give] RedBullchik_ obtained 1 of golovas1 (§e§lГолова Сема-Тарли)
[26.05.2025 12:43:05][serveritem][give] Black_Kill obtained 1 of golovas1 (§e§lГолова Сема-Тарли)
[26.05.2025 12:47:54][serveritem][give] mynix obtained 1 of секирахаоса (§4§lСекира Хаоса)
[26.05.2025 12:57:03][serveritem][give] Maniaccccc obtained 1 of секирахаоса (§4§lСекира Хаоса)
[26.05.2025 13:03:00][serveritem][give] Skazyyk333 obtained 1 of шарздоровья3 (§d§lШар Здоровья 3)
[26.05.2025 13:09:12][serveritem][give] NimbleMink81542 obtained 1 of шарскорки2 (§3§lШар Скорости 2)
[26.05.2025 13:17:09][serveritem][give] Cocola000 obtained 1 of golovas4 (§5§lГолова Гарри-Поттера)
[26.05.2025 13:23:33][serveritem][give] antonakis obtained 1 of golovas4 (§5§lГолова Гарри-Поттера)
[26.05.2025 13:36:13][serveritem][give] qweqdsaeqwe222 obtained 1 of golovas1 (§e§lГолова Сема-Тарли)
[26.05.2025 13:47:01][serveritem][give] xDeadFor135 obtained 1 of golovas4 (§5§lГолова Гарри-Поттера)
[26.05.2025 13:52:41][serveritem][give] l_am_gay obtained 1 of шарздоровья2 (§d§lШар Здоровья 2)
[26.05.2025 13:55:38][serveritem][give] kDragon obtained 1 of шарздоровья3 (§d§lШар Здоровья 3)
[26.05.2025 13:57:52][serveritem][give] shimpaze12 obtained 1 of шарздоровья3 (§d§lШар Здоровья 3)
[26.05.2025 14:07:49][serveritem][give] MusterBuilder obtained 1 of шарскорки2 (§3§lШар Скорости 2)
[26.05.2025 14:11:31][serveritem][give] dgdscxvb obtained 1 of шарскорки2 (§3§lШар Скорости 2)
[26.05.2025 14:13:03][serveritem][give] KLauncher_xhlran obtained 1 of шарздоровья2 (§d§lШар Здоровья 2)
[26.05.2025 14:18:07][serveritem][give] Pufistik2007 obtained 1 of шарздоровья2 (§d§lШар Здоровья 2)
[26.05.2025 14:19:58][serveritem][give] joha123 obtained 1 of шарздоровья2 (§d§lШар Здоровья 2)
[26.05.2025 14:27:01][serveritem][give] zamzut obtained 1 of секирахаоса (§4§lСекира Хаоса)
[26.05.2025 14:28:33][serveritem][give] kdnfcxdfg obtained 1 of шарздоровья3 (§d§lШар Здоровья 3)
[26.05.2025 14:33:58][serveritem][give] chleszx93 obtained 1 of шарскорки2 (§3§lШар Скорости 2)
[26.05.2025 14:34:08][serveritem][give] groshevgey obtained 1 of секирахаоса (§4§lСекира Хаоса)
[26.05.2025 14:37:13][serveritem][give] ceilbep33 obtained 1 of шарздоровья2 (§d§lШар Здоровья 2)
[26.05.2025 14:45:43][serveritem][give] perilux_pl617 obtained 1 of шарскорки2 (§3§lШар Скорости 2)
[26.05.2025 14:46:03][serveritem][give] mynix obtained 1 of golovas4 (§5§lГолова Гарри-Поттера)
[26.05.2025 14:46:17][serveritem][give] perilux_pl617 obtained 1 of шарздоровья1 (§d§lШар Здоровья 1)
[26.05.2025 14:46:48][serveritem][give] lnigger2 obtained 1 of секирахаоса (§4§lСекира Хаоса)
[26.05.2025 14:47:30][serveritem][give] mynix obtained 1 of секирахаоса (§4§lСекира Хаоса)
[26.05.2025 14:50:23][serveritem][give] wqgqwgqw_daddy80 obtained 1 of шарскорки2 (§3§lШар Скорости 2)
[26.05.2025 14:55:17][serveritem][give] BelOshine66 obtained 1 of golovas4 (§5§lГолова Гарри-Поттера)
[26.05.2025 14:55:32][serveritem][give] postavlaik obtained 1 of секирахаоса (§4§lСекира Хаоса)
[26.05.2025 15:05:12][serveritem][give] Ybitii_Yrod obtained 1 of шарздоровья1 (§d§lШар Здоровья 1)
[26.05.2025 15:09:02][serveritem][give] nmv45_wfwq obtained 1 of golovas4 (§5§lГолова Гарри-Поттера)
[26.05.2025 15:09:38][serveritem][give] 1000_riliks obtained 1 of golovas4 (§5§lГолова Гарри-Поттера)
[26.05.2025 15:21:16][serveritem][give] Topsy112777 obtained 1 of шарскорки1 (§3§lШар Скорости 1)
[26.05.2025 15:21:59][serveritem][give] s2ndy obtained 1 of golovas1 (§e§lГолова Сема-Тарли)
[26.05.2025 15:26:24][serveritem][give] 100TopPoTopy obtained 1 of шарздоровья2 (§d§lШар Здоровья 2)
[26.05.2025 15:26:27][serveritem][give] dgdscxvb obtained 1 of golovas4 (§5§lГолова Гарри-Поттера)
[26.05.2025 15:29:51][serveritem][give] TETR1XXX obtained 1 of golovas4 (§5§lГолова Гарри-Поттера)
[26.05.2025 15:30:08][serveritem][give] TETR1XXX obtained 1 of шарздоровья3 (§d§lШар Здоровья 3)
[26.05.2025 15:30:15][serveritem][give] TETR1XXX obtained 1 of шарскорки2 (§3§lШар Скорости 2)
[26.05.2025 15:31:56][serveritem][give] tort_napolion obtained 1 of golovas2 (§b§lГолова Цири)
[26.05.2025 15:36:34][serveritem][give] floppoko obtained 1 of шарздоровья1 (§d§lШар Здоровья 1)
[26.05.2025 15:48:01][serveritem][give] popari3 obtained 1 of секирахаоса (§4§lСекира Хаоса)
[26.05.2025 15:48:23][serveritem][give] KeptGnat9284830 obtained 1 of golovas1 (§e§lГолова Сема-Тарли)
[26.05.2025 16:19:52][serveritem][give] kkkVovaZoriy14 obtained 1 of шарскорки2 (§3§lШар Скорости 2)
[26.05.2025 16:21:35][serveritem][give] Domir237 obtained 1 of шаротбр2 (§9§lШар Отбрасывания 2)
[26.05.2025 16:22:09][serveritem][give] xDeadFor135 obtained 1 of шаротбр2 (§9§lШар Отбрасывания 2)
[26.05.2025 16:26:59][serveritem][give] Killis202 obtained 1 of шарздоровья2 (§d§lШар Здоровья 2)
[26.05.2025 16:27:00][serveritem][give] ImHSMOK34 obtained 1 of шарздоровья3 (§d§lШар Здоровья 3)
[26.05.2025 16:27:02][serveritem][give] Killis202 obtained 1 of шарздоровья2 (§d§lШар Здоровья 2)
[26.05.2025 16:27:30][serveritem][give] Dins999 obtained 1 of шарздоровья3 (§d§lШар Здоровья 3)
[26.05.2025 16:29:25][serveritem][give] hamburger294329 obtained 1 of golovas4 (§5§lГолова Гарри-Поттера)
[26.05.2025 16:45:05][serveritem][give] gega94572 obtained 1 of golovas4 (§5§lГолова Гарри-Поттера)
[26.05.2025 16:52:33][serveritem][give] De6ikr obtained 1 of шарскорки2 (§3§lШар Скорости 2)
[26.05.2025 16:59:52][serveritem][give] XorsikFlazzy obtained 1 of golovas4 (§5§lГолова Гарри-Поттера)
[26.05.2025 17:04:23][serveritem][give] Barada23 obtained 1 of секирахаоса (§4§lСекира Хаоса)
[26.05.2025 17:08:27][serveritem][give] ananasik_oao obtained 1 of шарскорки2 (§3§lШар Скорости 2)
[26.05.2025 17:10:19][serveritem][give] xDeadFor1354567 obtained 1 of golovas4 (§5§lГолова Гарри-Поттера)
[26.05.2025 17:11:38][serveritem][give] ananasik_oao obtained 1 of шарскорки2 (§3§lШар Скорости 2)
[26.05.2025 17:16:13][serveritem][give] _Bikysa obtained 1 of шарздоровья2 (§d§lШар Здоровья 2)
[26.05.2025 17:17:13][serveritem][give] limited obtained 1 of golovas1 (§e§lГолова Сема-Тарли)
[26.05.2025 17:29:33][serveritem][give] Eva01 obtained 1 of golovas1 (§e§lГолова Сема-Тарли)
[26.05.2025 17:29:34][serveritem][give] Eva01 obtained 1 of секирахаоса (§4§lСекира Хаоса)
[26.05.2025 17:39:06][serveritem][give] ImHSMOK34 obtained 1 of golovas3 (§6§l§nГэндальф)
[26.05.2025 17:39:58][serveritem][give] BaSiKaot obtained 1 of golovas4 (§5§lГолова Гарри-Поттера)
[26.05.2025 17:50:43][serveritem][give] xDeadFor1354567 obtained 1 of шарздоровья3 (§d§lШар Здоровья 3)
[26.05.2025 18:17:17][serveritem][give] Emin_987 obtained 1 of golovas3 (§6§l§nГэндальф)
[26.05.2025 18:19:42][serveritem][give] hommmm obtained 1 of секирахаоса (§4§lСекира Хаоса)
[26.05.2025 18:19:48][serveritem][give] hommmm obtained 1 of секирахаоса (§4§lСекира Хаоса)
[26.05.2025 18:26:01][serveritem][give] sdfsfsfsfsfs obtained 1 of секирахаоса (§4§lСекира Хаоса)
[26.05.2025 18:28:09][serveritem][give] sdfsfsfsfsfs obtained 1 of golovas4 (§5§lГолова Гарри-Поттера)
[26.05.2025 18:29:58][serveritem][give] psich003 obtained 1 of golovas1 (§e§lГолова Сема-Тарли)
[26.05.2025 18:33:34][serveritem][give] HarukXyzu obtained 1 of секирахаоса (§4§lСекира Хаоса)
[26.05.2025 18:55:13][serveritem][give] Hyfgjcesrfa obtained 1 of секирахаоса (§4§lСекира Хаоса)
[26.05.2025 19:08:37][serveritem][give] ImHSMOK34 obtained 1 of шарскорки1 (§3§lШар Скорости 1)
[26.05.2025 19:19:50][serveritem][give] alfa204 obtained 1 of golovas4 (§5§lГолова Гарри-Поттера)
[26.05.2025 19:19:51][serveritem][give] alfa204 obtained 1 of golovas3 (§6§l§nГэндальф)
[26.05.2025 19:23:17][serveritem][give] BaSiKaot obtained 1 of golovas4 (§5§lГолова Гарри-Поттера)
[26.05.2025 19:27:25][serveritem][give] SaKnEr4iK obtained 1 of секирахаоса (§4§lСекира Хаоса)
[26.05.2025 19:35:46][serveritem][give] adfad obtained 1 of шарскорки2 (§3§lШар Скорости 2)
[26.05.2025 19:39:52][serveritem][give] aaaaaaaaaaaa obtained 1 of шарздоровья3 (§d§lШар Здоровья 3)
[26.05.2025 19:59:24][serveritem][give] eeppppp obtained 1 of секирахаоса (§4§lСекира Хаоса)
[26.05.2025 20:25:16][serveritem][give] alya_2015 obtained 1 of golovas2 (§b§lГолова Цири)
[26.05.2025 20:26:12][serveritem][give] pumotop2011 obtained 1 of шарскорки2 (§3§lШар Скорости 2)
[26.05.2025 20:29:53][serveritem][give] alya_2015 obtained 1 of секирахаоса (§4§lСекира Хаоса)
[26.05.2025 20:42:31][serveritem][give] hebyrek obtained 1 of секирахаоса (§4§lСекира Хаоса)
[26.05.2025 20:42:59][serveritem][give] hebyrek obtained 1 of golovas1 (§e§lГолова Сема-Тарли)
[26.05.2025 20:43:31][serveritem][give] Kivi2208 obtained 1 of секирахаоса (§4§lСекира Хаоса)
[26.05.2025 20:47:39][serveritem][give] arsenij338 obtained 1 of секирахаоса (§4§lСекира Хаоса)
