[12.06.2025 02:18:17][serveritem][give] zxcursed_kakish obtained 1 of golovas4 (§5§lГолова Гарри-Поттера)
[12.06.2025 02:35:56][serveritem][give] ULTYYT obtained 1 of шарскорки2 (§3§lШар Скорости 2)
[12.06.2025 03:10:55][serveritem][give] VitaminBom obtained 1 of golovas1 (§e§lГолова Сема-Тарли)
[12.06.2025 03:43:36][serveritem][give] MenRoR obtained 1 of секирахаоса (§4§lСекира Хаоса)
[12.06.2025 03:58:59][serveritem][give] l_QjasT_l obtained 1 of golovas4 (§5§lГолова Гарри-Поттера)
[12.06.2025 04:10:17][serveritem][give] Pentik141 obtained 1 of шаршипа2 (§2§lШар Шипов 2)
[12.06.2025 06:17:25][serveritem][give] MenRoR3 obtained 1 of golovas4 (§5§lГолова Гарри-Поттера)
[12.06.2025 07:48:44][serveritem][give] s3m34k2 obtained 1 of секирахаоса (§4§lСекира Хаоса)
[12.06.2025 07:49:31][serveritem][give] s3m34k2 obtained 1 of шаршипа2 (§2§lШар Шипов 2)
[12.06.2025 08:11:02][serveritem][give] HA77ETC_BOG obtained 1 of golovas4 (§5§lГолова Гарри-Поттера)
[12.06.2025 08:41:25][serveritem][give] M0JLuTBA_Dog obtained 1 of шарздоровья3 (§d§lШар Здоровья 3)
[12.06.2025 08:55:30][serveritem][give] wergrht397 obtained 1 of шарздоровья3 (§d§lШар Здоровья 3)
[12.06.2025 09:07:49][serveritem][give] zero333 obtained 1 of секирахаоса (§4§lСекира Хаоса)
[12.06.2025 09:30:43][serveritem][give] Warzin675 obtained 1 of шарскорки2 (§3§lШар Скорости 2)
[12.06.2025 09:30:58][serveritem][give] Warzin675 obtained 1 of golovas2 (§b§lГолова Цири)
[12.06.2025 09:33:08][serveritem][give] M0pedik_GIT obtained 1 of шарздоровья3 (§d§lШар Здоровья 3)
[12.06.2025 09:47:11][serveritem][give] jamhutik005 obtained 1 of шарздоровья2 (§d§lШар Здоровья 2)
[12.06.2025 09:52:46][serveritem][give] ds_123123tw2 obtained 1 of шарздоровья2 (§d§lШар Здоровья 2)
[12.06.2025 10:00:45][serveritem][give] inedBeluga200969 obtained 1 of golovas1 (§e§lГолова Сема-Тарли)
[12.06.2025 10:08:28][serveritem][give] vosik131 obtained 1 of golovas4 (§5§lГолова Гарри-Поттера)
[12.06.2025 10:13:25][serveritem][give] eroma3000pro obtained 1 of шарскорки1 (§3§lШар Скорости 1)
[12.06.2025 10:13:29][serveritem][give] eroma3000pro obtained 1 of шарздоровья1 (§d§lШар Здоровья 1)
[12.06.2025 10:14:37][serveritem][give] inedBeluga200969 obtained 1 of шарздоровья1 (§d§lШар Здоровья 1)
[12.06.2025 10:14:49][serveritem][give] vosik131 obtained 1 of golovas1 (§e§lГолова Сема-Тарли)
[12.06.2025 10:17:02][serveritem][give] 3000IQ_HA obtained 1 of шарскорки2 (§3§lШар Скорости 2)
[12.06.2025 10:19:49][serveritem][give] sanja_cool obtained 1 of секирахаоса (§4§lСекира Хаоса)
[12.06.2025 10:21:22][serveritem][give] Eldar4308 obtained 1 of секирахаоса (§4§lСекира Хаоса)
[12.06.2025 10:24:29][serveritem][give] rracudaAvenger52 obtained 1 of секирахаоса (§4§lСекира Хаоса)
[12.06.2025 10:27:13][serveritem][give] Lovi7 obtained 1 of секирахаоса (§4§lСекира Хаоса)
[12.06.2025 10:27:58][serveritem][give] fivepvp obtained 1 of секирахаоса (§4§lСекира Хаоса)
[12.06.2025 10:28:53][serveritem][give] jamhutik005 obtained 1 of golovas3 (§6§l§nГэндальф)
[12.06.2025 10:37:26][serveritem][give] uttutut obtained 1 of шарздоровья3 (§d§lШар Здоровья 3)
[12.06.2025 10:53:11][serveritem][give] rerere1234 obtained 1 of шаршипа2 (§2§lШар Шипов 2)
[12.06.2025 10:54:59][serveritem][give] Ananimusua obtained 1 of шаршипа2 (§2§lШар Шипов 2)
[12.06.2025 11:09:22][serveritem][give] sasha515555 obtained 1 of секирахаоса (§4§lСекира Хаоса)
[12.06.2025 11:15:27][serveritem][give] pasha_swag obtained 1 of шарздоровья1 (§d§lШар Здоровья 1)
[12.06.2025 11:15:45][serveritem][give] pasha_swag obtained 1 of шарздоровья1 (§d§lШар Здоровья 1)
[12.06.2025 11:21:41][serveritem][give] Forzen1231211 obtained 1 of шарскорки2 (§3§lШар Скорости 2)
[12.06.2025 11:21:41][serveritem][give] Forzen1231211 obtained 1 of шарздоровья3 (§d§lШар Здоровья 3)
[12.06.2025 11:26:14][serveritem][give] pasha_swag obtained 1 of golovas4 (§5§lГолова Гарри-Поттера)
[12.06.2025 11:28:07][serveritem][give] SpeedGlorus obtained 1 of golovas3 (§6§l§nГэндальф)
[12.06.2025 11:39:03][serveritem][give] young11111 obtained 1 of шарскорки2 (§3§lШар Скорости 2)
[12.06.2025 11:39:46][serveritem][give] ogyrhuc obtained 1 of golovas4 (§5§lГолова Гарри-Поттера)
[12.06.2025 11:44:29][serveritem][give] misatik obtained 1 of golovas4 (§5§lГолова Гарри-Поттера)
[12.06.2025 11:45:16][serveritem][give] Xim__1 obtained 1 of секирахаоса (§4§lСекира Хаоса)
[12.06.2025 11:45:34][serveritem][give] MetaHostel obtained 1 of шарскорки1 (§3§lШар Скорости 1)
[12.06.2025 11:45:37][serveritem][give] MetaHostel obtained 1 of шарскорки2 (§3§lШар Скорости 2)
[12.06.2025 11:53:25][serveritem][give] MetaHostel obtained 1 of golovas4 (§5§lГолова Гарри-Поттера)
[12.06.2025 11:53:28][serveritem][give] MetaHostel obtained 1 of golovas4 (§5§lГолова Гарри-Поттера)
[12.06.2025 11:55:43][serveritem][give] Itaromi obtained 1 of секирахаоса (§4§lСекира Хаоса)
[12.06.2025 12:44:36][serveritem][give] csghj23 obtained 1 of golovas4 (§5§lГолова Гарри-Поттера)
[12.06.2025 12:45:57][serveritem][give] BobritoBondito obtained 1 of golovas2 (§b§lГолова Цири)
[12.06.2025 12:46:22][serveritem][give] Dimasik2014 obtained 1 of golovas4 (§5§lГолова Гарри-Поттера)
[12.06.2025 12:46:23][serveritem][give] Dimasik2014 obtained 1 of секирахаоса (§4§lСекира Хаоса)
[12.06.2025 12:46:56][serveritem][give] DobKinn000 obtained 1 of шарздоровья3 (§d§lШар Здоровья 3)
[12.06.2025 12:47:23][serveritem][give] kyrka4900 obtained 1 of шарздоровья1 (§d§lШар Здоровья 1)
[12.06.2025 13:05:38][serveritem][give] DobKinn000 obtained 1 of шарздоровья3 (§d§lШар Здоровья 3)
[12.06.2025 13:18:28][serveritem][give] shaber obtained 1 of golovas4 (§5§lГолова Гарри-Поттера)
[12.06.2025 13:31:15][serveritem][give] Otporiks obtained 1 of шарздоровья1 (§d§lШар Здоровья 1)
[12.06.2025 13:37:23][serveritem][give] jolou228 obtained 1 of шарздоровья1 (§d§lШар Здоровья 1)
[12.06.2025 13:43:04][serveritem][give] fron4ik699 obtained 1 of шарздоровья3 (§d§lШар Здоровья 3)
[12.06.2025 13:51:31][serveritem][give] BobritoBondito obtained 1 of golovas2 (§b§lГолова Цири)
[12.06.2025 14:01:04][serveritem][give] blessmegod obtained 1 of секирахаоса (§4§lСекира Хаоса)
[12.06.2025 14:05:52][serveritem][give] fron4ik699 obtained 1 of шарздоровья3 (§d§lШар Здоровья 3)
[12.06.2025 14:14:13][serveritem][give] zxcursed_kakish obtained 1 of golovas4 (§5§lГолова Гарри-Поттера)
[12.06.2025 14:27:40][serveritem][give] reretyere obtained 1 of шарздоровья3 (§d§lШар Здоровья 3)
[12.06.2025 14:31:02][serveritem][give] fVYvuaBU obtained 1 of golovas1 (§e§lГолова Сема-Тарли)
[12.06.2025 14:31:58][serveritem][give] lesha1231234 obtained 1 of шарздоровья1 (§d§lШар Здоровья 1)
[12.06.2025 14:32:52][serveritem][give] lazzywich obtained 1 of golovas2 (§b§lГолова Цири)
[12.06.2025 14:32:54][serveritem][give] lazzywich obtained 1 of секирахаоса (§4§lСекира Хаоса)
[12.06.2025 14:37:06][serveritem][give] MolikHolik1213 obtained 1 of golovas4 (§5§lГолова Гарри-Поттера)
[12.06.2025 14:38:12][serveritem][give] rerere1234 obtained 1 of шаршипа2 (§2§lШар Шипов 2)
[12.06.2025 14:38:32][serveritem][give] GooderPlayer obtained 1 of шарскорки2 (§3§lШар Скорости 2)
[12.06.2025 14:38:58][serveritem][give] GooderPlayer obtained 1 of шарскорки2 (§3§lШар Скорости 2)
[12.06.2025 14:45:30][serveritem][give] flolospop2 obtained 1 of секирахаоса (§4§lСекира Хаоса)
[12.06.2025 14:45:36][serveritem][give] flolospop2 obtained 1 of golovas1 (§e§lГолова Сема-Тарли)
[12.06.2025 14:47:54][serveritem][give] uyrety890 obtained 1 of шарскорки2 (§3§lШар Скорости 2)
[12.06.2025 14:53:26][serveritem][give] zero333 obtained 1 of секирахаоса (§4§lСекира Хаоса)
[12.06.2025 14:54:15][serveritem][give] zero333 obtained 1 of шарздоровья3 (§d§lШар Здоровья 3)
[12.06.2025 14:56:56][serveritem][give] krekst obtained 1 of шарскорки2 (§3§lШар Скорости 2)
[12.06.2025 15:01:41][serveritem][give] MarshaL_228_8 obtained 1 of golovas4 (§5§lГолова Гарри-Поттера)
[12.06.2025 15:04:58][serveritem][give] SpeedGlorus obtained 1 of golovas4 (§5§lГолова Гарри-Поттера)
[12.06.2025 15:05:18][serveritem][give] BobritoBondito obtained 1 of golovas2 (§b§lГолова Цири)
[12.06.2025 18:42:53][serveritem][give] den333777 obtained 1 of секирахаоса (§4§lСекира Хаоса)
[12.06.2025 18:49:39][serveritem][give] adadafss obtained 1 of секирахаоса (§4§lСекира Хаоса)
[12.06.2025 18:53:06][serveritem][give] zxceverestii obtained 1 of секирахаоса (§4§lСекира Хаоса)
[12.06.2025 18:53:28][serveritem][give] zxceverestii obtained 1 of golovas4 (§5§lГолова Гарри-Поттера)
[12.06.2025 19:07:35][serveritem][give] bulbatron obtained 1 of golovas1 (§e§lГолова Сема-Тарли)
[12.06.2025 19:07:36][serveritem][give] sosibibo obtained 1 of golovas1 (§e§lГолова Сема-Тарли)
[12.06.2025 19:08:57][serveritem][give] Lonilnu obtained 1 of шарздоровья3 (§d§lШар Здоровья 3)
[12.06.2025 19:10:32][serveritem][give] AXMED4755 obtained 1 of golovas4 (§5§lГолова Гарри-Поттера)
[12.06.2025 19:10:33][serveritem][give] AXMED4755 obtained 1 of golovas4 (§5§lГолова Гарри-Поттера)
[12.06.2025 19:11:26][serveritem][give] montooop obtained 1 of секирахаоса (§4§lСекира Хаоса)
[12.06.2025 19:13:30][serveritem][give] Qeltop obtained 1 of шарздоровья1 (§d§lШар Здоровья 1)
[12.06.2025 19:15:51][serveritem][give] frost1cs obtained 1 of шарздоровья3 (§d§lШар Здоровья 3)
[12.06.2025 19:15:53][serveritem][give] Lonilnu obtained 1 of шарздоровья3 (§d§lШар Здоровья 3)
[12.06.2025 19:35:21][serveritem][give] eric66t obtained 1 of golovas3 (§6§l§nГэндальф)
[12.06.2025 19:46:09][serveritem][give] laliha55afs obtained 1 of секирахаоса (§4§lСекира Хаоса)
[12.06.2025 19:51:51][serveritem][give] CheeziCrazy77 obtained 1 of golovas4 (§5§lГолова Гарри-Поттера)
[12.06.2025 19:52:37][serveritem][give] VearWexess obtained 1 of golovas4 (§5§lГолова Гарри-Поттера)
[12.06.2025 19:53:28][serveritem][give] MrChebypeli obtained 1 of шарздоровья3 (§d§lШар Здоровья 3)
[12.06.2025 19:54:11][serveritem][give] lumu_y486 obtained 1 of шарскорки1 (§3§lШар Скорости 1)
[12.06.2025 19:54:53][serveritem][give] laliha55afs obtained 1 of golovas4 (§5§lГолова Гарри-Поттера)
[12.06.2025 19:55:15][serveritem][give] ivanchik212 obtained 1 of golovas3 (§6§l§nГэндальф)
[12.06.2025 19:55:50][serveritem][give] pro_bedvars obtained 1 of golovas3 (§6§l§nГэндальф)
[12.06.2025 19:55:52][serveritem][give] pro_bedvars obtained 1 of golovas2 (§b§lГолова Цири)
[12.06.2025 19:55:56][serveritem][give] pro_bedvars obtained 1 of golovas4 (§5§lГолова Гарри-Поттера)
[12.06.2025 19:56:43][serveritem][give] CheeziCrazy77 obtained 1 of секирахаоса (§4§lСекира Хаоса)
[12.06.2025 19:59:20][serveritem][give] zxcursed_kakish obtained 1 of golovas4 (§5§lГолова Гарри-Поттера)
[12.06.2025 20:00:34][serveritem][give] Robloxian11 obtained 1 of golovas4 (§5§lГолова Гарри-Поттера)
[12.06.2025 20:03:34][serveritem][give] ivanchik212 obtained 1 of секирахаоса (§4§lСекира Хаоса)
[12.06.2025 20:05:48][serveritem][give] Kiraffas obtained 1 of шарздоровья3 (§d§lШар Здоровья 3)
[12.06.2025 20:05:49][serveritem][give] Kiraffas obtained 1 of шаротбр2 (§9§lШар Отбрасывания 2)
[12.06.2025 20:05:50][serveritem][give] Kiraffas obtained 1 of шаротбр1 (§9§lШар Отбрасывания 1)
[12.06.2025 20:05:50][serveritem][give] Kiraffas obtained 1 of шаршипа1 (§2§lШар Шипов 1)
[12.06.2025 20:05:50][serveritem][give] Kiraffas obtained 1 of шаршипа2 (§2§lШар Шипов 2)
[12.06.2025 20:05:51][serveritem][give] Kiraffas obtained 1 of шарздоровья2 (§d§lШар Здоровья 2)
[12.06.2025 20:05:51][serveritem][give] Kiraffas obtained 1 of шарздоровья1 (§d§lШар Здоровья 1)
[12.06.2025 20:05:52][serveritem][give] Kiraffas obtained 1 of шарскорки1 (§3§lШар Скорости 1)
[12.06.2025 20:05:52][serveritem][give] Kiraffas obtained 1 of шарскорки2 (§3§lШар Скорости 2)
[12.06.2025 20:05:59][serveritem][give] ggSpeedSi obtained 1 of шарздоровья2 (§d§lШар Здоровья 2)
[12.06.2025 20:05:59][serveritem][give] ggSpeedSi obtained 1 of шаротбр2 (§9§lШар Отбрасывания 2)
[12.06.2025 20:05:59][serveritem][give] ggSpeedSi obtained 1 of шарздоровья1 (§d§lШар Здоровья 1)
[12.06.2025 20:06:00][serveritem][give] ggSpeedSi obtained 1 of шарздоровья2 (§d§lШар Здоровья 2)
[12.06.2025 20:06:08][serveritem][give] Mirasdfrt65 obtained 1 of шарскорки1 (§3§lШар Скорости 1)
[12.06.2025 20:07:04][serveritem][give] montooop obtained 1 of golovas3 (§6§l§nГэндальф)
[12.06.2025 20:08:18][serveritem][give] eric66t obtained 1 of шарздоровья3 (§d§lШар Здоровья 3)
[12.06.2025 20:08:58][serveritem][give] kraken2852 obtained 1 of golovas3 (§6§l§nГэндальф)
[12.06.2025 20:08:59][serveritem][give] kraken2852 obtained 1 of golovas3 (§6§l§nГэндальф)
[12.06.2025 20:09:03][serveritem][give] MrChebypeli obtained 1 of golovas4 (§5§lГолова Гарри-Поттера)
[12.06.2025 20:15:15][serveritem][give] BobritoBondito obtained 1 of шарскорки2 (§3§lШар Скорости 2)
[12.06.2025 20:20:00][serveritem][give] DOLMAPIONERA2 obtained 1 of шарскорки1 (§3§lШар Скорости 1)
[12.06.2025 20:21:49][serveritem][give] zaharcat111 obtained 1 of шарскорки2 (§3§lШар Скорости 2)
[12.06.2025 20:24:20][serveritem][give] CjmIDsol obtained 1 of golovas1 (§e§lГолова Сема-Тарли)
[12.06.2025 20:39:39][serveritem][give] gsdadad obtained 1 of шарздоровья3 (§d§lШар Здоровья 3)
[12.06.2025 20:47:57][serveritem][give] Itaromi obtained 1 of шарскорки2 (§3§lШар Скорости 2)
[12.06.2025 20:50:18][serveritem][give] hertzStoutMage69 obtained 1 of golovas1 (§e§lГолова Сема-Тарли)
[12.06.2025 20:54:33][serveritem][give] Xim__1 obtained 1 of шарскорки2 (§3§lШар Скорости 2)
[12.06.2025 20:54:46][serveritem][give] Xim__1 obtained 1 of шарскорки2 (§3§lШар Скорости 2)
[12.06.2025 20:54:51][serveritem][give] tirik obtained 1 of секирахаоса (§4§lСекира Хаоса)
[12.06.2025 20:55:23][serveritem][give] Bezdarnost3044 obtained 1 of шарскорки2 (§3§lШар Скорости 2)
[12.06.2025 20:58:29][serveritem][give] XorsikFlazzy obtained 1 of шарскорки2 (§3§lШар Скорости 2)
[12.06.2025 21:02:04][serveritem][give] BANK_MSK obtained 1 of шарздоровья1 (§d§lШар Здоровья 1)
[12.06.2025 21:06:23][serveritem][give] M0jang_3OO obtained 1 of шаршипа1 (§2§lШар Шипов 1)
[12.06.2025 21:08:34][serveritem][give] Banan4iki424 obtained 1 of golovas4 (§5§lГолова Гарри-Поттера)
[12.06.2025 21:09:38][serveritem][give] SeRuN obtained 1 of golovas4 (§5§lГолова Гарри-Поттера)
[12.06.2025 21:10:42][serveritem][give] Aboba1000_88 obtained 1 of golovas1 (§e§lГолова Сема-Тарли)
[12.06.2025 21:24:19][serveritem][give] lll_zip_lll obtained 1 of golovas4 (§5§lГолова Гарри-Поттера)
[12.06.2025 21:25:36][serveritem][give] lll_zip_lll obtained 1 of секирахаоса (§4§lСекира Хаоса)
[12.06.2025 21:35:02][serveritem][give] DEMON_666 obtained 1 of golovas3 (§6§l§nГэндальф)
[12.06.2025 21:35:10][serveritem][give] DEMON_666 obtained 1 of шарздоровья3 (§d§lШар Здоровья 3)
[12.06.2025 21:40:03][serveritem][give] sosibibo obtained 1 of golovas1 (§e§lГолова Сема-Тарли)
[12.06.2025 21:40:21][serveritem][give] sosisochka_22867 obtained 1 of golovas1 (§e§lГолова Сема-Тарли)
[12.06.2025 21:40:49][serveritem][give] sosisochka_22867 obtained 1 of шарскорки2 (§3§lШар Скорости 2)
[12.06.2025 21:54:50][serveritem][give] Excle obtained 1 of golovas1 (§e§lГолова Сема-Тарли)
[12.06.2025 21:57:23][serveritem][give] andreyka3000x obtained 1 of секирахаоса (§4§lСекира Хаоса)
[12.06.2025 22:05:02][serveritem][give] unmar obtained 1 of секирахаоса (§4§lСекира Хаоса)
[12.06.2025 22:07:04][serveritem][give] ganwe obtained 1 of golovas4 (§5§lГолова Гарри-Поттера)
[12.06.2025 22:07:24][serveritem][give] Shershuly obtained 1 of golovas1 (§e§lГолова Сема-Тарли)
[12.06.2025 22:13:22][serveritem][give] JBLOOD_RevengE obtained 1 of golovas4 (§5§lГолова Гарри-Поттера)
[12.06.2025 22:14:51][serveritem][give] pumotop obtained 1 of шарскорки2 (§3§lШар Скорости 2)
[12.06.2025 22:21:30][serveritem][give] zxcursed_kakish obtained 1 of секирахаоса (§4§lСекира Хаоса)
[12.06.2025 22:24:41][serveritem][give] Thepulmas2 obtained 1 of golovas4 (§5§lГолова Гарри-Поттера)
[12.06.2025 22:27:52][serveritem][give] evbo obtained 1 of секирахаоса (§4§lСекира Хаоса)
[12.06.2025 22:30:49][serveritem][give] faraspeedSi obtained 1 of шарскорки2 (§3§lШар Скорости 2)
[12.06.2025 22:33:33][serveritem][give] BobritoBondito obtained 1 of секирахаоса (§4§lСекира Хаоса)
[12.06.2025 22:33:33][serveritem][give] BobritoBondito obtained 1 of golovas1 (§e§lГолова Сема-Тарли)
[12.06.2025 22:38:20][serveritem][give] pumotop obtained 1 of шарскорки2 (§3§lШар Скорости 2)
[12.06.2025 22:41:38][serveritem][give] chicha12343 obtained 1 of golovas1 (§e§lГолова Сема-Тарли)
[12.06.2025 22:43:11][serveritem][give] ganwe obtained 1 of golovas4 (§5§lГолова Гарри-Поттера)
[12.06.2025 22:49:04][serveritem][give] chicha228 obtained 1 of golovas1 (§e§lГолова Сема-Тарли)
[12.06.2025 22:50:59][serveritem][give] loktarina obtained 1 of golovas4 (§5§lГолова Гарри-Поттера)
[12.06.2025 22:58:10][serveritem][give] Itaromi obtained 1 of секирахаоса (§4§lСекира Хаоса)
[12.06.2025 23:00:23][serveritem][give] Itaromi obtained 1 of шаршипа2 (§2§lШар Шипов 2)
[12.06.2025 23:01:52][serveritem][give] NatashaP1S obtained 1 of golovas4 (§5§lГолова Гарри-Поттера)
[12.06.2025 23:02:59][serveritem][give] tirik obtained 1 of секирахаоса (§4§lСекира Хаоса)
[12.06.2025 23:04:10][serveritem][give] Simba040473 obtained 1 of шаршипа1 (§2§lШар Шипов 1)
[12.06.2025 23:04:39][serveritem][give] JongHavary obtained 1 of секирахаоса (§4§lСекира Хаоса)
[12.06.2025 23:05:57][serveritem][give] Simba040473 obtained 1 of шарскорки2 (§3§lШар Скорости 2)
[12.06.2025 23:09:59][serveritem][give] 1nfinityLegend obtained 1 of шарскорки2 (§3§lШар Скорости 2)
[12.06.2025 23:10:49][serveritem][give] AwefR4FWE3G obtained 1 of golovas4 (§5§lГолова Гарри-Поттера)
[12.06.2025 23:14:12][serveritem][give] h9maji obtained 1 of секирахаоса (§4§lСекира Хаоса)
[12.06.2025 23:30:08][serveritem][give] kotik_love2015 obtained 1 of шарздоровья1 (§d§lШар Здоровья 1)
[12.06.2025 23:32:31][serveritem][give] diikii1 obtained 1 of golovas4 (§5§lГолова Гарри-Поттера)
[12.06.2025 23:33:30][serveritem][give] TrippiTroppi obtained 1 of golovas1 (§e§lГолова Сема-Тарли)
[12.06.2025 23:37:10][serveritem][give] anarhia_top456 obtained 1 of golovas1 (§e§lГолова Сема-Тарли)
[12.06.2025 23:37:10][serveritem][give] anarhia_top456 obtained 1 of golovas1 (§e§lГолова Сема-Тарли)
[12.06.2025 23:46:44][serveritem][give] loktarina obtained 1 of golovas4 (§5§lГолова Гарри-Поттера)
[12.06.2025 23:53:20][serveritem][give] fasfa obtained 1 of golovas1 (§e§lГолова Сема-Тарли)
