[15.06.2025 00:07:28][serveritem][give] KotSamp obtained 1 of шарздоровья3 (§d§lШар Здоровья 3)
[15.06.2025 00:20:40][serveritem][give] bloodbath228 obtained 1 of секирахаоса (§4§lСекира Хаоса)
[15.06.2025 00:27:55][serveritem][give] Kenukic6 obtained 1 of секирахаоса (§4§lСекира Хаоса)
[15.06.2025 00:31:51][serveritem][give] 88822222 obtained 1 of шарздоровья2 (§d§lШар Здоровья 2)
[15.06.2025 00:33:44][serveritem][give] maugli774 obtained 1 of секирахаоса (§4§lСекира Хаоса)
[15.06.2025 00:34:25][serveritem][give] resg3 obtained 1 of шарздоровья1 (§d§lШар Здоровья 1)
[15.06.2025 00:59:28][serveritem][give] vanoshka338 obtained 1 of golovas4 (§5§lГолова Гарри-Поттера)
[15.06.2025 01:20:28][serveritem][give] maugli774 obtained 1 of golovas2 (§b§lГолова Цири)
[15.06.2025 05:12:41][serveritem][give] artemerror obtained 1 of golovas1 (§e§lГолова Сема-Тарли)
[15.06.2025 05:18:31][serveritem][give] Mateo2025 obtained 1 of шарздоровья3 (§d§lШар Здоровья 3)
[15.06.2025 06:20:00][serveritem][give] artemerror obtained 1 of golovas1 (§e§lГолова Сема-Тарли)
[15.06.2025 06:28:44][serveritem][give] ezkaa obtained 1 of секирахаоса (§4§lСекира Хаоса)
[15.06.2025 08:13:38][serveritem][give] tuyfiuh obtained 1 of season3 (§b§lГолова Римуру Темпеста)
[15.06.2025 08:18:31][serveritem][give] diksike obtained 1 of шарздоровья3 (§d§lШар Здоровья 3)
[15.06.2025 08:22:56][serveritem][give] luza777 obtained 1 of шарздоровья2 (§d§lШар Здоровья 2)
[15.06.2025 08:32:06][serveritem][give] diksike obtained 1 of golovas3 (§6§l§nГэндальф)
[15.06.2025 08:32:08][serveritem][give] diksike obtained 1 of golovas4 (§5§lГолова Гарри-Поттера)
[15.06.2025 08:38:07][serveritem][give] BaSiKaot obtained 1 of golovas4 (§5§lГолова Гарри-Поттера)
[15.06.2025 08:54:14][serveritem][give] tuyfiuh obtained 1 of шарздоровья3 (§d§lШар Здоровья 3)
[15.06.2025 08:55:25][serveritem][give] Makuta123563 obtained 1 of шарздоровья3 (§d§lШар Здоровья 3)
[15.06.2025 08:55:28][serveritem][give] Makuta123563 obtained 1 of шарздоровья3 (§d§lШар Здоровья 3)
[15.06.2025 08:58:43][serveritem][give] MrKrayYt obtained 1 of season1 (§5§lГолова Джотаро)
[15.06.2025 08:59:11][serveritem][give] pepper42 obtained 1 of шарздоровья1 (§d§lШар Здоровья 1)
[15.06.2025 09:04:12][serveritem][give] Gr0mila_SSS obtained 1 of golovas1 (§e§lГолова Сема-Тарли)
[15.06.2025 09:04:28][serveritem][give] LIK_LOK_DIED obtained 1 of шарскорки2 (§3§lШар Скорости 2)
[15.06.2025 09:16:46][serveritem][give] Makes1038_p obtained 1 of секирахаоса (§4§lСекира Хаоса)
[15.06.2025 09:43:36][serveritem][give] vanoshka338 obtained 1 of golovas4 (§5§lГолова Гарри-Поттера)
[15.06.2025 09:44:02][serveritem][give] vanoshka338 obtained 1 of golovas1 (§e§lГолова Сема-Тарли)
[15.06.2025 09:48:31][serveritem][give] Holyy obtained 1 of шарскорки2 (§3§lШар Скорости 2)
[15.06.2025 10:02:53][serveritem][give] reeptyr421 obtained 1 of шарскорки2 (§3§lШар Скорости 2)
[15.06.2025 10:02:56][serveritem][give] reeptyr421 obtained 1 of шарздоровья3 (§d§lШар Здоровья 3)
[15.06.2025 10:32:29][serveritem][give] artem1516 obtained 1 of шарздоровья1 (§d§lШар Здоровья 1)
[15.06.2025 10:32:31][serveritem][give] artem1516 obtained 1 of шарздоровья1 (§d§lШар Здоровья 1)
[15.06.2025 10:45:06][serveritem][give] almaziiik_11 obtained 1 of golovas4 (§5§lГолова Гарри-Поттера)
[15.06.2025 10:53:10][serveritem][give] dolbayob4432234 obtained 1 of season1 (§5§lГолова Джотаро)
[15.06.2025 10:56:06][serveritem][give] Roshia90 obtained 1 of golovas4 (§5§lГолова Гарри-Поттера)
[15.06.2025 10:57:21][serveritem][give] BODRIC obtained 1 of шаршипа1 (§2§lШар Шипов 1)
[15.06.2025 10:58:55][serveritem][give] Cuitepineapplik obtained 1 of шарздоровья3 (§d§lШар Здоровья 3)
[15.06.2025 11:00:45][serveritem][give] RU_Pers1kYT obtained 1 of golovas4 (§5§lГолова Гарри-Поттера)
[15.06.2025 11:03:21][serveritem][give] YT_Azam2 obtained 1 of секирахаоса (§4§lСекира Хаоса)
[15.06.2025 11:03:40][serveritem][give] YT_Azam2 obtained 1 of golovas1 (§e§lГолова Сема-Тарли)
[15.06.2025 11:09:21][serveritem][give] lkorcos obtained 1 of шарздоровья1 (§d§lШар Здоровья 1)
[15.06.2025 11:09:38][serveritem][give] RU_Pers1kYT obtained 1 of golovas4 (§5§lГолова Гарри-Поттера)
[15.06.2025 11:12:18][serveritem][give] LONIXSHADOWRAZE obtained 1 of секирахаоса (§4§lСекира Хаоса)
[15.06.2025 11:12:21][serveritem][give] LONIXSHADOWRAZE obtained 1 of golovas1 (§e§lГолова Сема-Тарли)
[15.06.2025 11:12:22][serveritem][give] LONIXSHADOWRAZE obtained 1 of golovas2 (§b§lГолова Цири)
[15.06.2025 11:12:22][serveritem][give] LONIXSHADOWRAZE obtained 1 of golovas3 (§6§l§nГэндальф)
[15.06.2025 11:12:23][serveritem][give] LONIXSHADOWRAZE obtained 1 of golovas4 (§5§lГолова Гарри-Поттера)
[15.06.2025 11:13:20][serveritem][give] GOSHA7777 obtained 1 of golovas1 (§e§lГолова Сема-Тарли)
[15.06.2025 11:13:21][serveritem][give] GOSHA7777 obtained 1 of golovas2 (§b§lГолова Цири)
[15.06.2025 11:14:14][serveritem][give] YT_Natal_ obtained 1 of golovas4 (§5§lГолова Гарри-Поттера)
[15.06.2025 11:14:21][serveritem][give] STUL2025 obtained 1 of golovas4 (§5§lГолова Гарри-Поттера)
[15.06.2025 11:15:14][serveritem][give] funregister4 obtained 1 of golovas3 (§6§l§nГэндальф)
[15.06.2025 11:26:06][serveritem][give] MAXA obtained 1 of шарздоровья3 (§d§lШар Здоровья 3)
[15.06.2025 11:26:25][serveritem][give] MAXA obtained 1 of шарскорки2 (§3§lШар Скорости 2)
[15.06.2025 11:27:03][serveritem][give] lkorcos obtained 1 of шарскорки1 (§3§lШар Скорости 1)
[15.06.2025 11:29:01][serveritem][give] ebalwsex obtained 1 of golovas1 (§e§lГолова Сема-Тарли)
[15.06.2025 11:34:39][serveritem][give] sand1xt obtained 1 of golovas4 (§5§lГолова Гарри-Поттера)
[15.06.2025 11:36:53][serveritem][give] 123hro123boo obtained 1 of шарскорки2 (§3§lШар Скорости 2)
[15.06.2025 11:40:17][serveritem][give] korobka obtained 1 of golovas4 (§5§lГолова Гарри-Поттера)
[15.06.2025 11:42:19][serveritem][give] sdheshr obtained 1 of шарздоровья2 (§d§lШар Здоровья 2)
[15.06.2025 11:47:23][serveritem][give] FanFluger obtained 1 of шарздоровья3 (§d§lШар Здоровья 3)
[15.06.2025 12:00:00][serveritem][give] vanoshka338 obtained 1 of шарскорки2 (§3§lШар Скорости 2)
[15.06.2025 12:02:24][serveritem][give] SavedNight0007 obtained 1 of golovas1 (§e§lГолова Сема-Тарли)
[15.06.2025 12:10:53][serveritem][give] Vaghan7399 obtained 1 of секирахаоса (§4§lСекира Хаоса)
[15.06.2025 12:17:47][serveritem][give] chama22 obtained 1 of шарздоровья3 (§d§lШар Здоровья 3)
[15.06.2025 12:24:12][serveritem][give] Sisum4k obtained 1 of golovas4 (§5§lГолова Гарри-Поттера)
[15.06.2025 12:28:06][serveritem][give] TDUB obtained 1 of golovas4 (§5§lГолова Гарри-Поттера)
[15.06.2025 12:30:07][serveritem][give] SavedNight0007 obtained 1 of шарздоровья3 (§d§lШар Здоровья 3)
[15.06.2025 12:31:02][serveritem][give] Lovi7 obtained 1 of season5 (§6§lГолова Зеницу)
[15.06.2025 12:31:16][serveritem][give] Lovi7 obtained 1 of секирахаоса (§4§lСекира Хаоса)
[15.06.2025 12:34:13][serveritem][give] MironchikSigma obtained 1 of шарздоровья3 (§d§lШар Здоровья 3)
[15.06.2025 12:37:34][serveritem][give] luza777 obtained 1 of шарздоровья3 (§d§lШар Здоровья 3)
[15.06.2025 12:37:40][serveritem][give] axmedik obtained 1 of season1 (§5§lГолова Джотаро)
[15.06.2025 12:38:09][serveritem][give] axmedik obtained 1 of шарскорки2 (§3§lШар Скорости 2)
[15.06.2025 12:46:45][serveritem][give] ya_klyt obtained 1 of golovas4 (§5§lГолова Гарри-Поттера)
[15.06.2025 13:01:46][serveritem][give] artem1516 obtained 1 of season1 (§5§lГолова Джотаро)
[15.06.2025 13:02:19][serveritem][give] worksaturnthink1 obtained 1 of golovas2 (§b§lГолова Цири)
[15.06.2025 13:03:11][serveritem][give] lokirv201352gg obtained 1 of golovas4 (§5§lГолова Гарри-Поттера)
[15.06.2025 13:08:09][serveritem][give] gargader obtained 1 of golovas4 (§5§lГолова Гарри-Поттера)
[15.06.2025 13:12:43][serveritem][give] ago5zeny obtained 1 of шарскорки2 (§3§lШар Скорости 2)
[15.06.2025 13:22:14][serveritem][give] gargader obtained 1 of секирахаоса (§4§lСекира Хаоса)
[15.06.2025 13:24:44][serveritem][give] beloe1337 obtained 1 of секирахаоса (§4§lСекира Хаоса)
[15.06.2025 13:24:59][serveritem][give] beloe1337 obtained 1 of season5 (§6§lГолова Зеницу)
[15.06.2025 13:33:12][serveritem][give] montooop obtained 1 of секирахаоса (§4§lСекира Хаоса)
[15.06.2025 13:33:15][serveritem][give] montooop obtained 1 of golovas3 (§6§l§nГэндальф)
[15.06.2025 13:34:48][serveritem][give] ago5zeny obtained 1 of шарскорки2 (§3§lШар Скорости 2)
[15.06.2025 13:34:53][serveritem][give] ago5zeny obtained 1 of шарздоровья3 (§d§lШар Здоровья 3)
[15.06.2025 13:35:19][serveritem][give] Garveks obtained 1 of секирахаоса (§4§lСекира Хаоса)
[15.06.2025 13:35:34][serveritem][give] Garveks obtained 1 of golovas4 (§5§lГолова Гарри-Поттера)
[15.06.2025 13:35:36][serveritem][give] jjjhjgdrsesxxx obtained 1 of golovas4 (§5§lГолова Гарри-Поттера)
[15.06.2025 13:39:35][serveritem][give] jjjhjgdrsesxxx obtained 1 of golovas3 (§6§l§nГэндальф)
[15.06.2025 13:42:36][serveritem][give] MRmillan obtained 1 of golovas4 (§5§lГолова Гарри-Поттера)
[15.06.2025 13:43:43][serveritem][give] ago5zeny obtained 1 of шарскорки2 (§3§lШар Скорости 2)
[15.06.2025 13:43:44][serveritem][give] ago5zeny obtained 1 of шарздоровья3 (§d§lШар Здоровья 3)
[15.06.2025 13:43:44][serveritem][give] ago5zeny obtained 1 of шаршипа2 (§2§lШар Шипов 2)
[15.06.2025 13:43:45][serveritem][give] ago5zeny obtained 1 of шаротбр2 (§9§lШар Отбрасывания 2)
[15.06.2025 13:47:13][serveritem][give] zaharcat111 obtained 1 of секирахаоса (§4§lСекира Хаоса)
[15.06.2025 13:47:15][serveritem][give] zaharcat111 obtained 1 of golovas3 (§6§l§nГэндальф)
[15.06.2025 13:48:31][serveritem][give] sand1xt obtained 1 of golovas4 (§5§lГолова Гарри-Поттера)
[15.06.2025 13:51:42][serveritem][give] lkorociswj obtained 1 of шарскорки2 (§3§lШар Скорости 2)
[15.06.2025 13:54:23][serveritem][give] be4nosleep obtained 1 of golovas1 (§e§lГолова Сема-Тарли)
[15.06.2025 13:54:24][serveritem][give] fdhfgdgdssssfvf obtained 1 of golovas3 (§6§l§nГэндальф)
[15.06.2025 13:56:52][serveritem][give] _kot_pro9_0_ obtained 1 of golovas4 (§5§lГолова Гарри-Поттера)
[15.06.2025 14:10:07][serveritem][give] weew12344356 obtained 1 of шарздоровья3 (§d§lШар Здоровья 3)
[15.06.2025 14:10:08][serveritem][give] weew12344356 obtained 1 of шарздоровья3 (§d§lШар Здоровья 3)
[15.06.2025 14:10:08][serveritem][give] weew12344356 obtained 1 of шарздоровья3 (§d§lШар Здоровья 3)
[15.06.2025 14:10:08][serveritem][give] weew12344356 obtained 1 of шарздоровья3 (§d§lШар Здоровья 3)
[15.06.2025 14:16:52][serveritem][give] yroslov288 obtained 1 of шаршипа1 (§2§lШар Шипов 1)
[15.06.2025 14:21:38][serveritem][give] pashotik456 obtained 1 of шарздоровья3 (§d§lШар Здоровья 3)
[15.06.2025 14:21:39][serveritem][give] pashotik456 obtained 1 of шарздоровья3 (§d§lШар Здоровья 3)
[15.06.2025 14:27:13][serveritem][give] artem_228228 obtained 1 of golovas4 (§5§lГолова Гарри-Поттера)
[15.06.2025 14:34:22][serveritem][give] shwnnw obtained 1 of golovas3 (§6§l§nГэндальф)
[15.06.2025 14:36:23][serveritem][give] f_Trlavala_f obtained 1 of golovas4 (§5§lГолова Гарри-Поттера)
[15.06.2025 14:37:58][serveritem][give] reeptyr421 obtained 1 of season3 (§b§lГолова Римуру Темпеста)
[15.06.2025 14:47:00][serveritem][give] pashotik456 obtained 1 of golovas4 (§5§lГолова Гарри-Поттера)
[15.06.2025 14:47:06][serveritem][give] pashotik456 obtained 1 of секирахаоса (§4§lСекира Хаоса)
[15.06.2025 14:50:31][serveritem][give] Tre7ny obtained 1 of golovas1 (§e§lГолова Сема-Тарли)
[15.06.2025 14:53:06][serveritem][give] Tre3ny obtained 1 of шарскорки2 (§3§lШар Скорости 2)
[15.06.2025 14:54:24][serveritem][give] kaldon21 obtained 1 of golovas4 (§5§lГолова Гарри-Поттера)
[15.06.2025 14:54:26][serveritem][give] kaldon21 obtained 1 of golovas4 (§5§lГолова Гарри-Поттера)
[15.06.2025 14:56:22][serveritem][give] f_Trlavala_f obtained 1 of golovas4 (§5§lГолова Гарри-Поттера)
[15.06.2025 14:58:17][serveritem][give] yuko_d obtained 1 of шарздоровья3 (§d§lШар Здоровья 3)
[15.06.2025 15:00:11][serveritem][give] YT_Azam2 obtained 1 of шарздоровья2 (§d§lШар Здоровья 2)
[15.06.2025 15:03:57][serveritem][give] Denis34549 obtained 1 of секирахаоса (§4§lСекира Хаоса)
[15.06.2025 15:05:57][serveritem][give] pashotik456 obtained 1 of шарздоровья3 (§d§lШар Здоровья 3)
[15.06.2025 15:05:57][serveritem][give] pashotik456 obtained 1 of шарздоровья3 (§d§lШар Здоровья 3)
[15.06.2025 15:07:09][serveritem][give] mark1997 obtained 1 of golovas4 (§5§lГолова Гарри-Поттера)
[15.06.2025 15:20:17][serveritem][give] wer146 obtained 1 of season1 (§5§lГолова Джотаро)
[15.06.2025 15:25:38][serveritem][give] hasada obtained 1 of golovas3 (§6§l§nГэндальф)
[15.06.2025 15:33:33][serveritem][give] 123hro123boo obtained 1 of golovas4 (§5§lГолова Гарри-Поттера)
[15.06.2025 15:34:09][serveritem][give] 123hro123boo obtained 1 of season1 (§5§lГолова Джотаро)
[15.06.2025 15:35:14][serveritem][give] ds23234242 obtained 1 of season1 (§5§lГолова Джотаро)
[15.06.2025 15:40:34][serveritem][give] VARDIK obtained 1 of секирахаоса (§4§lСекира Хаоса)
[15.06.2025 15:40:36][serveritem][give] VARDIK obtained 1 of golovas4 (§5§lГолова Гарри-Поттера)
[15.06.2025 15:47:48][serveritem][give] BARIMEN4IK obtained 1 of секирахаоса (§4§lСекира Хаоса)
[15.06.2025 15:49:22][serveritem][give] LowcherStyle obtained 1 of шарздоровья1 (§d§lШар Здоровья 1)
[15.06.2025 15:50:44][serveritem][give] Squared_Media obtained 1 of секирахаоса (§4§lСекира Хаоса)
[15.06.2025 15:53:36][serveritem][give] _OpenHead_ obtained 1 of секирахаоса (§4§lСекира Хаоса)
[15.06.2025 16:13:35][serveritem][give] Garveks obtained 1 of шарздоровья3 (§d§lШар Здоровья 3)
[15.06.2025 16:13:37][serveritem][give] Garveks obtained 1 of шарскорки2 (§3§lШар Скорости 2)
[15.06.2025 16:13:41][serveritem][give] Garveks obtained 1 of шаршипа2 (§2§lШар Шипов 2)
[15.06.2025 16:13:42][serveritem][give] Garveks obtained 1 of шаротбр2 (§9§lШар Отбрасывания 2)
[15.06.2025 16:19:10][serveritem][give] BAR_GG obtained 1 of golovas4 (§5§lГолова Гарри-Поттера)
[15.06.2025 16:19:11][serveritem][give] BAR_GG obtained 1 of golovas4 (§5§lГолова Гарри-Поттера)
[15.06.2025 16:19:27][serveritem][give] ya_klyt obtained 1 of golovas4 (§5§lГолова Гарри-Поттера)
[15.06.2025 16:21:27][serveritem][give] anotherme obtained 1 of секирахаоса (§4§lСекира Хаоса)
[15.06.2025 16:21:55][serveritem][give] Hef0p_EKB obtained 1 of секирахаоса (§4§lСекира Хаоса)
[15.06.2025 16:22:23][serveritem][give] Minori_nn obtained 1 of секирахаоса (§4§lСекира Хаоса)
[15.06.2025 16:23:42][serveritem][give] tirik obtained 1 of season5 (§6§lГолова Зеницу)
[15.06.2025 16:24:19][serveritem][give] YT_Azam2 obtained 1 of шарскорки1 (§3§lШар Скорости 1)
[15.06.2025 16:24:31][serveritem][give] BAR4ik552 obtained 1 of шарздоровья2 (§d§lШар Здоровья 2)
[15.06.2025 16:31:53][serveritem][give] BARUSKA obtained 1 of секирахаоса (§4§lСекира Хаоса)
[15.06.2025 16:34:46][serveritem][give] Tre1ny obtained 1 of секирахаоса (§4§lСекира Хаоса)
[15.06.2025 16:37:26][serveritem][give] matvey_ploxoy obtained 1 of golovas4 (§5§lГолова Гарри-Поттера)
[15.06.2025 17:15:16][serveritem][give] Leon4ikkkkkkkk obtained 1 of секирахаоса (§4§lСекира Хаоса)
[15.06.2025 17:21:54][serveritem][give] be4nosleep obtained 1 of golovas1 (§e§lГолова Сема-Тарли)
[15.06.2025 17:22:36][serveritem][give] pipetka50 obtained 1 of golovas3 (§6§l§nГэндальф)
[15.06.2025 17:25:34][serveritem][give] loprikish2202 obtained 1 of шарздоровья3 (§d§lШар Здоровья 3)
[15.06.2025 17:28:11][serveritem][give] _Dark_Xom0uak_ obtained 1 of golovas4 (§5§lГолова Гарри-Поттера)
[15.06.2025 17:40:51][serveritem][give] Turcia233 obtained 1 of шарздоровья3 (§d§lШар Здоровья 3)
[15.06.2025 17:41:02][serveritem][give] Pypsic obtained 1 of шарздоровья3 (§d§lШар Здоровья 3)
[15.06.2025 17:43:30][serveritem][give] loprikish2202 obtained 1 of шарздоровья3 (§d§lШар Здоровья 3)
[15.06.2025 17:49:44][serveritem][give] gaqfd3 obtained 1 of шарскорки2 (§3§lШар Скорости 2)
[15.06.2025 17:50:49][serveritem][give] _Platon69_ obtained 1 of golovas4 (§5§lГолова Гарри-Поттера)
[15.06.2025 17:50:49][serveritem][give] _Platon69_ obtained 1 of секирахаоса (§4§lСекира Хаоса)
[15.06.2025 17:51:14][serveritem][give] _Platon69_ obtained 1 of golovas1 (§e§lГолова Сема-Тарли)
[15.06.2025 17:53:58][serveritem][give] be4nosleep obtained 1 of golovas1 (§e§lГолова Сема-Тарли)
[15.06.2025 17:54:16][serveritem][give] dolboiob123 obtained 1 of golovas1 (§e§lГолова Сема-Тарли)
[15.06.2025 17:54:32][serveritem][give] dolboiob123 obtained 1 of секирахаоса (§4§lСекира Хаоса)
[15.06.2025 18:02:11][serveritem][give] nqazrh3454 obtained 1 of шарздоровья3 (§d§lШар Здоровья 3)
[15.06.2025 18:02:13][serveritem][give] nqazrh3454 obtained 1 of шарскорки2 (§3§lШар Скорости 2)
[15.06.2025 18:03:08][serveritem][give] nqazrh3454 obtained 1 of golovas4 (§5§lГолова Гарри-Поттера)
[15.06.2025 18:03:57][serveritem][give] sosibibo obtained 1 of golovas4 (§5§lГолова Гарри-Поттера)
[15.06.2025 18:03:58][serveritem][give] sosibibo obtained 1 of golovas4 (§5§lГолова Гарри-Поттера)
[15.06.2025 18:07:18][serveritem][give] denispavlenkich obtained 1 of шарскорки2 (§3§lШар Скорости 2)
[15.06.2025 18:08:30][serveritem][give] ya_klyt obtained 1 of golovas4 (§5§lГолова Гарри-Поттера)
[15.06.2025 18:10:29][serveritem][give] psp1780 obtained 1 of шарскорки2 (§3§lШар Скорости 2)
[15.06.2025 18:13:12][serveritem][give] FewaGD obtained 1 of golovas4 (§5§lГолова Гарри-Поттера)
[15.06.2025 18:15:41][serveritem][give] artemggtuo obtained 1 of golovas2 (§b§lГолова Цири)
[15.06.2025 18:17:00][serveritem][give] denisdqwdq obtained 1 of шарздоровья2 (§d§lШар Здоровья 2)
[15.06.2025 18:19:29][serveritem][give] KLauncher_hobaad obtained 1 of golovas4 (§5§lГолова Гарри-Поттера)
[15.06.2025 18:19:33][serveritem][give] KLauncher_hobaad obtained 1 of секирахаоса (§4§lСекира Хаоса)
[15.06.2025 18:19:36][serveritem][give] Xyusos228 obtained 1 of шарздоровья3 (§d§lШар Здоровья 3)
[15.06.2025 18:25:37][serveritem][give] dewewef obtained 1 of шарздоровья3 (§d§lШар Здоровья 3)
[15.06.2025 18:26:25][serveritem][give] Xyusos228 obtained 1 of golovas1 (§e§lГолова Сема-Тарли)
[15.06.2025 18:27:22][serveritem][give] Xyusos228 obtained 1 of шарскорки2 (§3§lШар Скорости 2)
[15.06.2025 18:43:11][serveritem][give] psp1780 obtained 1 of шарскорки1 (§3§lШар Скорости 1)
[15.06.2025 18:47:10][serveritem][give] psp1780 obtained 1 of шарскорки2 (§3§lШар Скорости 2)
[15.06.2025 18:47:54][serveritem][give] Bogdan7458 obtained 1 of шарскорки2 (§3§lШар Скорости 2)
[15.06.2025 18:53:30][serveritem][give] sosibibo obtained 1 of шарскорки2 (§3§lШар Скорости 2)
[15.06.2025 18:53:46][serveritem][give] Sphinx_FPS obtained 1 of шарздоровья3 (§d§lШар Здоровья 3)
[15.06.2025 18:58:34][serveritem][give] dan1ksnesoft obtained 1 of шарскорки2 (§3§lШар Скорости 2)
[15.06.2025 19:01:46][serveritem][give] sosalina_bali obtained 1 of golovas2 (§b§lГолова Цири)
[15.06.2025 19:05:31][serveritem][give] XD_daster_XD obtained 1 of секирахаоса (§4§lСекира Хаоса)
[15.06.2025 19:06:08][serveritem][give] medk1dasdqw obtained 1 of шаршипа2 (§2§lШар Шипов 2)
[15.06.2025 19:09:38][serveritem][give] medk1dd obtained 1 of шаршипа2 (§2§lШар Шипов 2)
[15.06.2025 19:10:12][serveritem][give] dewrwdscXFre4edx obtained 1 of шарздоровья3 (§d§lШар Здоровья 3)
[15.06.2025 19:12:01][serveritem][give] Kirieshkin1 obtained 1 of season1 (§5§lГолова Джотаро)
[15.06.2025 19:12:02][serveritem][give] XD_daster_XD obtained 1 of шарскорки2 (§3§lШар Скорости 2)
[15.06.2025 19:13:42][serveritem][give] dolboijb123 obtained 1 of golovas1 (§e§lГолова Сема-Тарли)
[15.06.2025 19:16:49][serveritem][give] Kirieshkin1 obtained 1 of golovas2 (§b§lГолова Цири)
[15.06.2025 19:16:52][serveritem][give] dan1ksnesoft obtained 1 of шарздоровья3 (§d§lШар Здоровья 3)
[15.06.2025 19:18:51][serveritem][give] medk1dd obtained 1 of секирахаоса (§4§lСекира Хаоса)
[15.06.2025 19:18:53][serveritem][give] dolboijb123 obtained 1 of секирахаоса (§4§lСекира Хаоса)
[15.06.2025 19:19:03][serveritem][give] signatm1 obtained 1 of golovas4 (§5§lГолова Гарри-Поттера)
[15.06.2025 19:22:29][serveritem][give] medk1dd obtained 1 of golovas1 (§e§lГолова Сема-Тарли)
[15.06.2025 19:23:09][serveritem][give] Tre1ny obtained 1 of golovas1 (§e§lГолова Сема-Тарли)
[15.06.2025 19:24:45][serveritem][give] Tre7ny obtained 1 of шарскорки2 (§3§lШар Скорости 2)
[15.06.2025 19:25:15][serveritem][give] dolbayob4432234 obtained 1 of шарскорки2 (§3§lШар Скорости 2)
[15.06.2025 19:25:29][serveritem][give] be4nosleep obtained 1 of шарскорки1 (§3§lШар Скорости 1)
[15.06.2025 19:26:05][serveritem][give] artemggtuo obtained 1 of шарскорки1 (§3§lШар Скорости 1)
[15.06.2025 19:31:44][serveritem][give] iubgpwehg obtained 1 of секирахаоса (§4§lСекира Хаоса)
[15.06.2025 19:31:58][serveritem][give] iubgpwehg obtained 1 of golovas3 (§6§l§nГэндальф)
[15.06.2025 19:31:58][serveritem][give] iubgpwehg obtained 1 of golovas3 (§6§l§nГэндальф)
[15.06.2025 19:34:06][serveritem][give] mark1997 obtained 1 of golovas4 (§5§lГолова Гарри-Поттера)
[15.06.2025 19:34:53][serveritem][give] tyre6t obtained 1 of шарскорки2 (§3§lШар Скорости 2)
[15.06.2025 19:36:46][serveritem][give] weym1x obtained 1 of golovas4 (§5§lГолова Гарри-Поттера)
[15.06.2025 19:36:59][serveritem][give] nqazrh3454 obtained 1 of шаршипа2 (§2§lШар Шипов 2)
[15.06.2025 19:37:29][serveritem][give] TECNOPLAYROBLOX obtained 1 of golovas1 (§e§lГолова Сема-Тарли)
[15.06.2025 19:37:33][serveritem][give] laky4 obtained 1 of шарздоровья1 (§d§lШар Здоровья 1)
[15.06.2025 19:37:38][serveritem][give] laky4 obtained 1 of шарздоровья3 (§d§lШар Здоровья 3)
[15.06.2025 19:37:56][serveritem][give] TECNOPLAYROBLOX obtained 1 of golovas1 (§e§lГолова Сема-Тарли)
[15.06.2025 19:38:30][serveritem][give] be4nosleep obtained 1 of golovas4 (§5§lГолова Гарри-Поттера)
[15.06.2025 19:40:35][serveritem][give] LnViales obtained 1 of шарскорки2 (§3§lШар Скорости 2)
[15.06.2025 19:41:07][serveritem][give] miscka_SSG obtained 1 of golovas1 (§e§lГолова Сема-Тарли)
[15.06.2025 19:41:44][serveritem][give] be4nosleep obtained 1 of golovas4 (§5§lГолова Гарри-Поттера)
[15.06.2025 19:42:16][serveritem][give] artemggtuo obtained 1 of golovas4 (§5§lГолова Гарри-Поттера)
[15.06.2025 19:42:39][serveritem][give] BGBGARTEM obtained 1 of golovas4 (§5§lГолова Гарри-Поттера)
[15.06.2025 19:42:40][serveritem][give] BGBGARTEM obtained 1 of секирахаоса (§4§lСекира Хаоса)
[15.06.2025 19:42:57][serveritem][give] BGBGARTEM obtained 1 of шарскорки2 (§3§lШар Скорости 2)
[15.06.2025 19:43:01][serveritem][give] BGBGARTEM obtained 1 of шарздоровья3 (§d§lШар Здоровья 3)
[15.06.2025 19:46:04][serveritem][give] xachik201434 obtained 1 of секирахаоса (§4§lСекира Хаоса)
[15.06.2025 19:46:07][serveritem][give] xachik201434 obtained 1 of golovas4 (§5§lГолова Гарри-Поттера)
[15.06.2025 19:46:11][serveritem][give] medk1dd obtained 1 of секирахаоса (§4§lСекира Хаоса)
[15.06.2025 19:47:00][serveritem][give] neeler obtained 1 of шарскорки2 (§3§lШар Скорости 2)
[15.06.2025 19:47:49][serveritem][give] dolboiob123 obtained 1 of golovas1 (§e§lГолова Сема-Тарли)
[15.06.2025 19:49:16][serveritem][give] LnViales obtained 1 of golovas4 (§5§lГолова Гарри-Поттера)
[15.06.2025 19:50:21][serveritem][give] ReS_qo obtained 1 of golovas4 (§5§lГолова Гарри-Поттера)
[15.06.2025 19:51:39][serveritem][give] neeler obtained 1 of golovas2 (§b§lГолова Цири)
[15.06.2025 19:52:16][serveritem][give] FaStIk44 obtained 1 of golovas3 (§6§l§nГэндальф)
[15.06.2025 19:52:26][serveritem][give] nine12345 obtained 1 of golovas4 (§5§lГолова Гарри-Поттера)
[15.06.2025 19:52:27][serveritem][give] nine12345 obtained 1 of секирахаоса (§4§lСекира Хаоса)
[15.06.2025 19:52:38][serveritem][give] fh5t obtained 1 of шарскорки2 (§3§lШар Скорости 2)
[15.06.2025 19:52:47][serveritem][give] ZaEchKa_PoN obtained 1 of шарздоровья3 (§d§lШар Здоровья 3)
[15.06.2025 19:52:49][serveritem][give] ZaEchKa_PoN obtained 1 of шаршипа2 (§2§lШар Шипов 2)
[15.06.2025 19:58:34][serveritem][give] neeler obtained 1 of шарскорки2 (§3§lШар Скорости 2)
[15.06.2025 19:59:17][serveritem][give] artemggtuo obtained 1 of golovas4 (§5§lГолова Гарри-Поттера)
[15.06.2025 20:04:05][serveritem][give] be4nosleep obtained 1 of шарскорки2 (§3§lШар Скорости 2)
[15.06.2025 20:04:11][serveritem][give] artemggtuo obtained 1 of шарскорки1 (§3§lШар Скорости 1)
[15.06.2025 20:04:14][serveritem][give] artem1516 obtained 1 of шарскорки2 (§3§lШар Скорости 2)
[15.06.2025 20:05:09][serveritem][give] rqrt obtained 1 of шарскорки2 (§3§lШар Скорости 2)
[15.06.2025 20:07:05][serveritem][give] leraDDD777 obtained 1 of golovas4 (§5§lГолова Гарри-Поттера)
[15.06.2025 20:07:59][serveritem][give] Cubic_120fps obtained 1 of шарскорки2 (§3§lШар Скорости 2)
[15.06.2025 20:09:20][serveritem][give] Finskiyvoen1122 obtained 1 of шарскорки2 (§3§lШар Скорости 2)
[15.06.2025 20:09:22][serveritem][give] Finskiyvoen1122 obtained 1 of шарскорки2 (§3§lШар Скорости 2)
[15.06.2025 20:11:03][serveritem][give] LORDHACKERHEXFIG obtained 1 of шарскорки2 (§3§lШар Скорости 2)
[15.06.2025 20:13:54][serveritem][give] zovut_lena obtained 1 of секирахаоса (§4§lСекира Хаоса)
[15.06.2025 20:15:26][serveritem][give] maksfr467 obtained 1 of golovas4 (§5§lГолова Гарри-Поттера)
[15.06.2025 20:16:27][serveritem][give] dewrwdscXFre4edx obtained 1 of шарскорки2 (§3§lШар Скорости 2)
[15.06.2025 20:21:00][serveritem][give] dolboiob123 obtained 1 of секирахаоса (§4§lСекира Хаоса)
[15.06.2025 20:21:02][serveritem][give] dolboiob123 obtained 1 of golovas1 (§e§lГолова Сема-Тарли)
[15.06.2025 20:21:30][serveritem][give] 123hro123boo obtained 1 of секирахаоса (§4§lСекира Хаоса)
[15.06.2025 20:22:04][serveritem][give] dewrwdscXFre4edx obtained 1 of секирахаоса (§4§lСекира Хаоса)
[15.06.2025 20:22:05][serveritem][give] dewrwdscXFre4edx obtained 1 of секирахаоса (§4§lСекира Хаоса)
[15.06.2025 20:22:06][serveritem][give] dolboiob123 obtained 1 of секирахаоса (§4§lСекира Хаоса)
[15.06.2025 20:22:46][serveritem][give] signatm1 obtained 1 of golovas4 (§5§lГолова Гарри-Поттера)
[15.06.2025 20:25:03][serveritem][give] 1212Ivanchik obtained 1 of секирахаоса (§4§lСекира Хаоса)
[15.06.2025 20:25:40][serveritem][give] 1212Ivanchik obtained 1 of шарздоровья3 (§d§lШар Здоровья 3)
[15.06.2025 20:26:34][serveritem][give] London_2002 obtained 1 of шаршипа2 (§2§lШар Шипов 2)
[15.06.2025 20:31:28][serveritem][give] caryea8 obtained 1 of секирахаоса (§4§lСекира Хаоса)
[15.06.2025 20:33:31][serveritem][give] dewrwdscXFre4edx obtained 1 of golovas4 (§5§lГолова Гарри-Поттера)
[15.06.2025 20:36:15][serveritem][give] H1ter obtained 1 of golovas1 (§e§lГолова Сема-Тарли)
[15.06.2025 20:37:53][serveritem][give] coolSayt2121 obtained 1 of шарскорки2 (§3§lШар Скорости 2)
[15.06.2025 20:37:53][serveritem][give] Phil12 obtained 1 of секирахаоса (§4§lСекира Хаоса)
[15.06.2025 20:37:54][serveritem][give] coolSayt2121 obtained 1 of шарздоровья2 (§d§lШар Здоровья 2)
[15.06.2025 20:37:56][serveritem][give] Sasuke obtained 1 of шаротбр2 (§9§lШар Отбрасывания 2)
[15.06.2025 20:37:56][serveritem][give] coolSayt2121 obtained 1 of шаршипа2 (§2§lШар Шипов 2)
[15.06.2025 20:41:13][serveritem][give] rotw1ks obtained 1 of секирахаоса (§4§lСекира Хаоса)
[15.06.2025 20:41:54][serveritem][give] LORDHACKERHEXFIG obtained 1 of golovas4 (§5§lГолова Гарри-Поттера)
[15.06.2025 20:41:56][serveritem][give] LORDHACKERHEXFIG obtained 1 of golovas2 (§b§lГолова Цири)
[15.06.2025 20:41:57][serveritem][give] LORDHACKERHEXFIG obtained 1 of golovas3 (§6§l§nГэндальф)
[15.06.2025 20:42:04][serveritem][give] Sasuke obtained 1 of шаршипа2 (§2§lШар Шипов 2)
[15.06.2025 20:42:08][serveritem][give] LORDHACKERHEXFIG obtained 1 of golovas1 (§e§lГолова Сема-Тарли)
[15.06.2025 20:42:18][serveritem][give] Sasuke obtained 1 of шарскорки2 (§3§lШар Скорости 2)
[15.06.2025 20:44:25][serveritem][give] LORDHACKERHEXFIG obtained 1 of golovas4 (§5§lГолова Гарри-Поттера)
[15.06.2025 20:48:34][serveritem][give] killerka3 obtained 1 of шарскорки2 (§3§lШар Скорости 2)
[15.06.2025 20:50:31][serveritem][give] pychko_droch obtained 1 of golovas2 (§b§lГолова Цири)
[15.06.2025 20:51:11][serveritem][give] pennys obtained 1 of секирахаоса (§4§lСекира Хаоса)
[15.06.2025 20:51:17][serveritem][give] D14n3___ obtained 1 of golovas4 (§5§lГолова Гарри-Поттера)
[15.06.2025 20:51:19][serveritem][give] D14n3___ obtained 1 of секирахаоса (§4§lСекира Хаоса)
[15.06.2025 20:51:19][serveritem][give] pennys obtained 1 of golovas1 (§e§lГолова Сема-Тарли)
[15.06.2025 20:51:21][serveritem][give] pennys obtained 1 of golovas3 (§6§l§nГэндальф)
[15.06.2025 20:51:31][serveritem][give] Razzy1218 obtained 1 of golovas4 (§5§lГолова Гарри-Поттера)
[15.06.2025 20:51:34][serveritem][give] Razzy1218 obtained 1 of секирахаоса (§4§lСекира Хаоса)
[15.06.2025 20:53:17][serveritem][give] dewrwdscXFre4edx obtained 1 of шарздоровья3 (§d§lШар Здоровья 3)
[15.06.2025 20:56:06][serveritem][give] consol_zaraza obtained 1 of golovas1 (§e§lГолова Сема-Тарли)
[15.06.2025 20:57:27][serveritem][give] consol_zaraza obtained 1 of golovas4 (§5§lГолова Гарри-Поттера)
[15.06.2025 20:58:07][serveritem][give] pvp_ezzzzzzzz88 obtained 1 of golovas4 (§5§lГолова Гарри-Поттера)
[15.06.2025 21:01:10][serveritem][give] wer146 obtained 1 of секирахаоса (§4§lСекира Хаоса)
[15.06.2025 21:01:13][serveritem][give] wer146 obtained 1 of golovas1 (§e§lГолова Сема-Тарли)
[15.06.2025 21:01:14][serveritem][give] wer146 obtained 1 of golovas2 (§b§lГолова Цири)
[15.06.2025 21:01:15][serveritem][give] wer146 obtained 1 of golovas3 (§6§l§nГэндальф)
[15.06.2025 21:01:16][serveritem][give] wer146 obtained 1 of golovas4 (§5§lГолова Гарри-Поттера)
[15.06.2025 21:01:18][serveritem][give] sexvibe0 obtained 1 of golovas1 (§e§lГолова Сема-Тарли)
[15.06.2025 21:01:19][serveritem][give] sexvibe0 obtained 1 of golovas1 (§e§lГолова Сема-Тарли)
[15.06.2025 21:03:01][serveritem][give] VenomsAboudno obtained 1 of golovas4 (§5§lГолова Гарри-Поттера)
[15.06.2025 21:05:19][serveritem][give] LIK_LOK_DIED obtained 1 of шарскорки2 (§3§lШар Скорости 2)
[15.06.2025 21:05:30][serveritem][give] 4ng3lRU obtained 1 of шарскорки2 (§3§lШар Скорости 2)
[15.06.2025 21:11:07][serveritem][give] Sasuke obtained 1 of секирахаоса (§4§lСекира Хаоса)
[15.06.2025 21:11:57][serveritem][give] Sasuke obtained 1 of шарздоровья3 (§d§lШар Здоровья 3)
[15.06.2025 21:12:05][serveritem][give] Iluxaslaam obtained 1 of секирахаоса (§4§lСекира Хаоса)
[15.06.2025 21:12:30][serveritem][give] sosibibo obtained 1 of season1 (§5§lГолова Джотаро)
[15.06.2025 21:13:21][serveritem][give] D14n3___ obtained 1 of golovas4 (§5§lГолова Гарри-Поттера)
[15.06.2025 21:13:22][serveritem][give] D14n3___ obtained 1 of секирахаоса (§4§lСекира Хаоса)
[15.06.2025 21:14:07][serveritem][give] LIK_LOK_DIED obtained 1 of шарскорки2 (§3§lШар Скорости 2)
[15.06.2025 21:14:16][serveritem][give] LIK_LOK_DIED obtained 1 of шарздоровья3 (§d§lШар Здоровья 3)
[15.06.2025 21:15:27][serveritem][give] Bogdan7458 obtained 1 of season1 (§5§lГолова Джотаро)
[15.06.2025 21:19:13][serveritem][give] MrsQu0rum_3707 obtained 1 of шаршипа1 (§2§lШар Шипов 1)
[15.06.2025 21:20:38][serveritem][give] SwagTimoha obtained 1 of шарздоровья3 (§d§lШар Здоровья 3)
[15.06.2025 21:21:27][serveritem][give] sosibibo obtained 1 of season1 (§5§lГолова Джотаро)
[15.06.2025 21:23:26][serveritem][give] be4nosleep obtained 1 of golovas4 (§5§lГолова Гарри-Поттера)
[15.06.2025 21:27:37][serveritem][give] pipetka50 obtained 1 of шарскорки2 (§3§lШар Скорости 2)
[15.06.2025 21:30:31][serveritem][give] art1k459 obtained 1 of шарскорки2 (§3§lШар Скорости 2)
[15.06.2025 21:32:37][serveritem][give] art1k459 obtained 1 of golovas4 (§5§lГолова Гарри-Поттера)
[15.06.2025 21:40:41][serveritem][give] be4nosleep obtained 1 of golovas4 (§5§lГолова Гарри-Поттера)
[15.06.2025 21:55:00][serveritem][give] glava obtained 1 of шарскорки2 (§3§lШар Скорости 2)
[15.06.2025 21:56:30][serveritem][give] skeins obtained 1 of golovas4 (§5§lГолова Гарри-Поттера)
[15.06.2025 21:58:15][serveritem][give] gmjp110 obtained 1 of шарздоровья2 (§d§lШар Здоровья 2)
[15.06.2025 22:07:20][serveritem][give] EpicWolf00 obtained 1 of шарздоровья2 (§d§lШар Здоровья 2)
[15.06.2025 22:07:58][serveritem][give] nickpidoras obtained 1 of секирахаоса (§4§lСекира Хаоса)
[15.06.2025 22:10:33][serveritem][give] gitler228 obtained 1 of шаршипа2 (§2§lШар Шипов 2)
[15.06.2025 22:11:33][serveritem][give] Vecis0 obtained 1 of секирахаоса (§4§lСекира Хаоса)
[15.06.2025 22:14:07][serveritem][give] Player624 obtained 1 of шарскорки2 (§3§lШар Скорости 2)
[15.06.2025 22:17:15][serveritem][give] 123hro123boo obtained 1 of шарскорки2 (§3§lШар Скорости 2)
[15.06.2025 22:19:42][serveritem][give] Tiobiazanmne obtained 1 of шарздоровья3 (§d§lШар Здоровья 3)
[15.06.2025 22:20:39][serveritem][give] bu_1285 obtained 1 of секирахаоса (§4§lСекира Хаоса)
[15.06.2025 22:27:07][serveritem][give] glava obtained 1 of шарскорки1 (§3§lШар Скорости 1)
[15.06.2025 22:29:03][serveritem][give] Modni_Lox_pypi obtained 1 of golovas4 (§5§lГолова Гарри-Поттера)
[15.06.2025 22:29:15][serveritem][give] Boyevitik obtained 1 of шарздоровья3 (§d§lШар Здоровья 3)
[15.06.2025 22:29:40][serveritem][give] MrDemonYT obtained 1 of golovas4 (§5§lГолова Гарри-Поттера)
[15.06.2025 22:31:49][serveritem][give] LIK_LOK_DIED obtained 1 of шаршипа2 (§2§lШар Шипов 2)
[15.06.2025 22:41:12][serveritem][give] Modni_Lox_pypi obtained 1 of golovas4 (§5§lГолова Гарри-Поттера)
[15.06.2025 22:42:29][serveritem][give] suboo041 obtained 1 of шарскорки2 (§3§lШар Скорости 2)
[15.06.2025 22:45:50][serveritem][give] trienswald51 obtained 1 of шарскорки2 (§3§lШар Скорости 2)
[15.06.2025 22:45:55][serveritem][give] trienswald51 obtained 1 of шарздоровья3 (§d§lШар Здоровья 3)
[15.06.2025 22:46:31][serveritem][give] NikitaRibak obtained 1 of шарздоровья1 (§d§lШар Здоровья 1)
[15.06.2025 22:46:59][serveritem][give] suboo12444 obtained 1 of шарскорки2 (§3§lШар Скорости 2)
[15.06.2025 22:47:00][serveritem][give] suboo12444 obtained 1 of шарскорки2 (§3§lШар Скорости 2)
[15.06.2025 22:48:21][serveritem][give] Aropollger obtained 1 of шарздоровья3 (§d§lШар Здоровья 3)
[15.06.2025 22:48:22][serveritem][give] powerbal112 obtained 1 of golovas4 (§5§lГолова Гарри-Поттера)
[15.06.2025 22:48:22][serveritem][give] powerbal112 obtained 1 of golovas4 (§5§lГолова Гарри-Поттера)
[15.06.2025 22:48:23][serveritem][give] powerbal112 obtained 1 of golovas4 (§5§lГолова Гарри-Поттера)
[15.06.2025 22:48:24][serveritem][give] powerbal112 obtained 1 of golovas4 (§5§lГолова Гарри-Поттера)
[15.06.2025 22:48:25][serveritem][give] powerbal112 obtained 1 of golovas4 (§5§lГолова Гарри-Поттера)
[15.06.2025 22:48:35][serveritem][give] powerbal112 obtained 1 of golovas4 (§5§lГолова Гарри-Поттера)
[15.06.2025 22:48:36][serveritem][give] powerbal112 obtained 1 of golovas4 (§5§lГолова Гарри-Поттера)
[15.06.2025 22:48:36][serveritem][give] powerbal112 obtained 1 of golovas4 (§5§lГолова Гарри-Поттера)
[15.06.2025 22:48:37][serveritem][give] powerbal112 obtained 1 of golovas4 (§5§lГолова Гарри-Поттера)
[15.06.2025 22:48:37][serveritem][give] powerbal112 obtained 1 of golovas4 (§5§lГолова Гарри-Поттера)
[15.06.2025 22:48:43][serveritem][give] powerbal112 obtained 1 of секирахаоса (§4§lСекира Хаоса)
[15.06.2025 22:49:36][serveritem][give] Tre4ny obtained 1 of golovas1 (§e§lГолова Сема-Тарли)
[15.06.2025 22:50:10][serveritem][give] celestial_bust obtained 1 of шарздоровья1 (§d§lШар Здоровья 1)
[15.06.2025 22:50:35][serveritem][give] gay1337 obtained 1 of golovas4 (§5§lГолова Гарри-Поттера)
[15.06.2025 22:50:36][serveritem][give] Aropollger obtained 1 of golovas1 (§e§lГолова Сема-Тарли)
[15.06.2025 22:50:42][serveritem][give] GlEb_EROr obtained 1 of шарздоровья3 (§d§lШар Здоровья 3)
[15.06.2025 22:53:17][serveritem][give] Modni_Lox_pypi obtained 1 of golovas4 (§5§lГолова Гарри-Поттера)
[15.06.2025 22:53:30][serveritem][give] xllklkddks obtained 1 of секирахаоса (§4§lСекира Хаоса)
[15.06.2025 22:53:36][serveritem][give] celestial_bust obtained 1 of шарздоровья1 (§d§lШар Здоровья 1)
[15.06.2025 22:54:56][serveritem][give] flippersaw412 obtained 1 of шарскорки2 (§3§lШар Скорости 2)
[15.06.2025 22:54:56][serveritem][give] flippersaw412 obtained 1 of шарскорки2 (§3§lШар Скорости 2)
[15.06.2025 22:54:57][serveritem][give] flippersaw412 obtained 1 of шарскорки2 (§3§lШар Скорости 2)
[15.06.2025 22:54:57][serveritem][give] flippersaw412 obtained 1 of шарскорки2 (§3§lШар Скорости 2)
[15.06.2025 22:54:57][serveritem][give] flippersaw412 obtained 1 of шарскорки2 (§3§lШар Скорости 2)
[15.06.2025 22:55:03][serveritem][give] laky4 obtained 1 of шарздоровья1 (§d§lШар Здоровья 1)
[15.06.2025 22:55:09][serveritem][give] laky4 obtained 1 of шарздоровья3 (§d§lШар Здоровья 3)
[15.06.2025 22:56:03][serveritem][give] flippersaw412 obtained 1 of шарздоровья2 (§d§lШар Здоровья 2)
[15.06.2025 22:56:43][serveritem][give] D1MON1 obtained 1 of секирахаоса (§4§lСекира Хаоса)
[15.06.2025 22:56:51][serveritem][give] moxito900 obtained 1 of секирахаоса (§4§lСекира Хаоса)
[15.06.2025 23:00:00][serveritem][give] moxito900 obtained 1 of шарздоровья3 (§d§lШар Здоровья 3)
[15.06.2025 23:01:12][serveritem][give] g_mod29 obtained 1 of шарздоровья3 (§d§lШар Здоровья 3)
[15.06.2025 23:01:43][serveritem][give] hgfghghff obtained 1 of шарздоровья3 (§d§lШар Здоровья 3)
[15.06.2025 23:02:23][serveritem][give] MrsDonald_xX obtained 1 of golovas2 (§b§lГолова Цири)
[15.06.2025 23:12:37][serveritem][give] L3yl4PvP1391 obtained 1 of шарскорки1 (§3§lШар Скорости 1)
[15.06.2025 23:21:02][serveritem][give] MrAlexa__ obtained 1 of шарскорки1 (§3§lШар Скорости 1)
[15.06.2025 23:25:16][serveritem][give] PopkaZalupka obtained 1 of секирахаоса (§4§lСекира Хаоса)
[15.06.2025 23:26:39][serveritem][give] lepaaa obtained 1 of шарздоровья3 (§d§lШар Здоровья 3)
[15.06.2025 23:26:40][serveritem][give] lepaaa obtained 1 of шарздоровья2 (§d§lШар Здоровья 2)
[15.06.2025 23:26:40][serveritem][give] lepaaa obtained 1 of шарздоровья1 (§d§lШар Здоровья 1)
[15.06.2025 23:26:45][serveritem][give] PvpRicki_6329 obtained 1 of golovas4 (§5§lГолова Гарри-Поттера)
[15.06.2025 23:34:12][serveritem][give] PopkaZalupka1 obtained 1 of шарздоровья3 (§d§lШар Здоровья 3)
[15.06.2025 23:49:28][serveritem][give] PopkaZalupka1 obtained 1 of шарздоровья3 (§d§lШар Здоровья 3)
