[28.05.2025 00:23:33][serveritem][give] vdoncov100314 obtained 1 of golovas1 (§e§lГолова Сема-Тарли)
[28.05.2025 01:06:47][serveritem][give] 33erfdsa obtained 1 of шаршипа2 (§2§lШар Шипов 2)
[28.05.2025 02:01:33][serveritem][give] agent90 obtained 1 of шаротбр2 (§9§lШар Отбрасывания 2)
[28.05.2025 02:07:53][serveritem][give] set_33445 obtained 1 of golovas4 (§5§lГолова Гарри-Поттера)
[28.05.2025 02:53:11][serveritem][give] Domermsdbzc obtained 1 of golovas3 (§6§l§nГэндальф)
[28.05.2025 02:53:53][serveritem][give] admin4589 obtained 1 of шарздоровья3 (§d§lШар Здоровья 3)
[28.05.2025 04:16:15][serveritem][give] BASKO_KALBACK obtained 1 of секирахаоса (§4§lСекира Хаоса)
[28.05.2025 08:26:36][serveritem][give] BACUA obtained 1 of шарздоровья3 (§d§lШар Здоровья 3)
[28.05.2025 08:26:38][serveritem][give] BACUA obtained 1 of шарскорки2 (§3§lШар Скорости 2)
[28.05.2025 08:38:47][serveritem][give] KLauncher_djmzhf obtained 1 of шарздоровья3 (§d§lШар Здоровья 3)
[28.05.2025 08:47:45][serveritem][give] evillon obtained 1 of шарздоровья2 (§d§lШар Здоровья 2)
[28.05.2025 08:56:50][serveritem][give] Killis202 obtained 1 of шаротбр2 (§9§lШар Отбрасывания 2)
[28.05.2025 08:56:52][serveritem][give] Killis202 obtained 1 of шаршипа2 (§2§lШар Шипов 2)
[28.05.2025 08:56:54][serveritem][give] Killis202 obtained 1 of шарздоровья2 (§d§lШар Здоровья 2)
[28.05.2025 09:01:46][serveritem][give] njersea34f obtained 1 of golovas1 (§e§lГолова Сема-Тарли)
[28.05.2025 09:02:08][serveritem][give] njersea34f obtained 1 of golovas1 (§e§lГолова Сема-Тарли)
[28.05.2025 09:03:11][serveritem][give] gsdssdfdwesfd obtained 1 of шарскорки2 (§3§lШар Скорости 2)
[28.05.2025 09:04:39][serveritem][give] CBACTOH obtained 1 of шарскорки2 (§3§lШар Скорости 2)
[28.05.2025 09:05:22][serveritem][give] _RazeD_ obtained 1 of golovas4 (§5§lГолова Гарри-Поттера)
[28.05.2025 09:05:31][serveritem][give] Airat333 obtained 1 of секирахаоса (§4§lСекира Хаоса)
[28.05.2025 09:05:31][serveritem][give] Airat333 obtained 1 of golovas3 (§6§l§nГэндальф)
[28.05.2025 09:05:31][serveritem][give] Airat333 obtained 1 of golovas2 (§b§lГолова Цири)
[28.05.2025 09:05:32][serveritem][give] Airat333 obtained 1 of golovas1 (§e§lГолова Сема-Тарли)
[28.05.2025 09:05:32][serveritem][give] Airat333 obtained 1 of golovas4 (§5§lГолова Гарри-Поттера)
[28.05.2025 09:07:22][serveritem][give] Marlen4ik obtained 1 of golovas3 (§6§l§nГэндальф)
[28.05.2025 09:08:01][serveritem][give] Airat333 obtained 1 of шарздоровья2 (§d§lШар Здоровья 2)
[28.05.2025 09:08:15][serveritem][give] LeanLight217905 obtained 1 of golovas1 (§e§lГолова Сема-Тарли)
[28.05.2025 09:09:39][serveritem][give] LeanLight217905 obtained 1 of секирахаоса (§4§lСекира Хаоса)
[28.05.2025 09:12:45][serveritem][give] FilinBain obtained 1 of шарздоровья3 (§d§lШар Здоровья 3)
[28.05.2025 09:19:05][serveritem][give] Monetka2 obtained 1 of шарскорки2 (§3§lШар Скорости 2)
[28.05.2025 09:19:31][serveritem][give] AlmazikEpt198 obtained 1 of шарздоровья3 (§d§lШар Здоровья 3)
[28.05.2025 09:19:50][serveritem][give] MrMrak obtained 1 of шарздоровья3 (§d§lШар Здоровья 3)
[28.05.2025 09:30:22][serveritem][give] Super_sonic obtained 1 of golovas1 (§e§lГолова Сема-Тарли)
[28.05.2025 09:31:01][serveritem][give] LeanLight217905 obtained 1 of golovas3 (§6§l§nГэндальф)
[28.05.2025 09:34:49][serveritem][give] liniums obtained 1 of шарскорки2 (§3§lШар Скорости 2)
[28.05.2025 09:41:13][serveritem][give] mr_biznes obtained 1 of секирахаоса (§4§lСекира Хаоса)
[28.05.2025 09:41:15][serveritem][give] mr_biznes obtained 1 of секирахаоса (§4§lСекира Хаоса)
[28.05.2025 09:45:05][serveritem][give] nbvyhh obtained 1 of шарскорки2 (§3§lШар Скорости 2)
[28.05.2025 09:45:06][serveritem][give] nbvyhh obtained 1 of шарздоровья2 (§d§lШар Здоровья 2)
[28.05.2025 09:45:07][serveritem][give] nbvyhh obtained 1 of шаршипа2 (§2§lШар Шипов 2)
[28.05.2025 09:45:08][serveritem][give] nbvyhh obtained 1 of шаротбр2 (§9§lШар Отбрасывания 2)
[28.05.2025 09:58:57][serveritem][give] SiX6SiX6 obtained 1 of golovas4 (§5§lГолова Гарри-Поттера)
[28.05.2025 10:00:47][serveritem][give] olegmaati213 obtained 1 of golovas2 (§b§lГолова Цири)
[28.05.2025 10:09:36][serveritem][give] adikoshadi obtained 1 of шарздоровья3 (§d§lШар Здоровья 3)
[28.05.2025 10:10:50][serveritem][give] KeptGnat9284830 obtained 1 of golovas4 (§5§lГолова Гарри-Поттера)
[28.05.2025 10:11:12][serveritem][give] Aet1333 obtained 1 of шарздоровья3 (§d§lШар Здоровья 3)
[28.05.2025 10:15:26][serveritem][give] Devikiber obtained 1 of шарздоровья3 (§d§lШар Здоровья 3)
[28.05.2025 10:17:15][serveritem][give] nbvyhh obtained 1 of секирахаоса (§4§lСекира Хаоса)
[28.05.2025 10:20:29][serveritem][give] MrDEN obtained 1 of шарздоровья3 (§d§lШар Здоровья 3)
[28.05.2025 10:23:28][serveritem][give] mr_biznes obtained 1 of секирахаоса (§4§lСекира Хаоса)
[28.05.2025 10:23:28][serveritem][give] mr_biznes obtained 1 of секирахаоса (§4§lСекира Хаоса)
[28.05.2025 10:23:28][serveritem][give] mr_biznes obtained 1 of секирахаоса (§4§lСекира Хаоса)
[28.05.2025 10:25:27][serveritem][give] Aet1333 obtained 1 of секирахаоса (§4§lСекира Хаоса)
[28.05.2025 10:26:20][serveritem][give] Super_sonic obtained 1 of golovas1 (§e§lГолова Сема-Тарли)
[28.05.2025 10:29:25][serveritem][give] NonameSari obtained 1 of секирахаоса (§4§lСекира Хаоса)
[28.05.2025 10:29:30][serveritem][give] NonameSari obtained 1 of golovas3 (§6§l§nГэндальф)
[28.05.2025 10:31:16][serveritem][give] NonameSari obtained 1 of golovas2 (§b§lГолова Цири)
[28.05.2025 10:32:05][serveritem][give] KLauncher_swvorw obtained 1 of шарскорки2 (§3§lШар Скорости 2)
[28.05.2025 10:36:43][serveritem][give] NonameSari obtained 1 of golovas3 (§6§l§nГэндальф)
[28.05.2025 10:45:04][serveritem][give] MrMrak obtained 1 of golovas1 (§e§lГолова Сема-Тарли)
[28.05.2025 10:47:33][serveritem][give] hgggbgf obtained 1 of секирахаоса (§4§lСекира Хаоса)
[28.05.2025 10:50:57][serveritem][give] liniums obtained 1 of шарскорки2 (§3§lШар Скорости 2)
[28.05.2025 10:57:20][serveritem][give] Kelody obtained 1 of шарздоровья2 (§d§lШар Здоровья 2)
[28.05.2025 10:58:24][serveritem][give] adikoshadi obtained 1 of шарздоровья3 (§d§lШар Здоровья 3)
[28.05.2025 10:59:10][serveritem][give] mrxamik22322 obtained 1 of golovas4 (§5§lГолова Гарри-Поттера)
[28.05.2025 11:02:39][serveritem][give] liniums obtained 1 of шарскорки2 (§3§lШар Скорости 2)
[28.05.2025 11:04:44][serveritem][give] fsfsfsdfs obtained 1 of секирахаоса (§4§lСекира Хаоса)
[28.05.2025 11:15:36][serveritem][give] ban1 obtained 1 of golovas3 (§6§l§nГэндальф)
[28.05.2025 11:16:00][serveritem][give] Bro9i obtained 1 of шарскорки2 (§3§lШар Скорости 2)
[28.05.2025 11:22:14][serveritem][give] drjkktweh obtained 1 of golovas4 (§5§lГолова Гарри-Поттера)
[28.05.2025 11:23:31][serveritem][give] DanyN23 obtained 1 of golovas4 (§5§lГолова Гарри-Поттера)
[28.05.2025 11:25:38][serveritem][give] Mr_pupc obtained 1 of golovas4 (§5§lГолова Гарри-Поттера)
[28.05.2025 11:30:16][serveritem][give] Fearless666 obtained 1 of golovas4 (§5§lГолова Гарри-Поттера)
[28.05.2025 11:33:45][serveritem][give] mank1wwww obtained 1 of шарздоровья1 (§d§lШар Здоровья 1)
[28.05.2025 11:36:06][serveritem][give] mr_biznes obtained 1 of шарздоровья3 (§d§lШар Здоровья 3)
[28.05.2025 11:38:21][serveritem][give] gsdssdfdwesfd obtained 1 of шарздоровья3 (§d§lШар Здоровья 3)
[28.05.2025 11:42:32][serveritem][give] Br09Ikill obtained 1 of golovas1 (§e§lГолова Сема-Тарли)
[28.05.2025 11:51:24][serveritem][give] Br09Ikill obtained 1 of golovas3 (§6§l§nГэндальф)
[28.05.2025 11:53:00][serveritem][give] premium654321 obtained 1 of шарскорки1 (§3§lШар Скорости 1)
[28.05.2025 11:53:00][serveritem][give] premium654321 obtained 1 of шарздоровья1 (§d§lШар Здоровья 1)
[28.05.2025 11:53:01][serveritem][give] premium654321 obtained 1 of шаршипа1 (§2§lШар Шипов 1)
[28.05.2025 11:53:01][serveritem][give] premium654321 obtained 1 of шаротбр1 (§9§lШар Отбрасывания 1)
[28.05.2025 11:53:02][serveritem][give] premium654321 obtained 1 of шаротбр2 (§9§lШар Отбрасывания 2)
[28.05.2025 11:53:03][serveritem][give] premium654321 obtained 1 of шаршипа2 (§2§lШар Шипов 2)
[28.05.2025 11:53:03][serveritem][give] premium654321 obtained 1 of шарздоровья2 (§d§lШар Здоровья 2)
[28.05.2025 11:53:04][serveritem][give] premium654321 obtained 1 of шарскорки2 (§3§lШар Скорости 2)
[28.05.2025 11:58:12][serveritem][give] heFierce20181381 obtained 1 of шарскорки2 (§3§lШар Скорости 2)
[28.05.2025 12:06:02][serveritem][give] GEROIN_TYT69 obtained 1 of шарскорки2 (§3§lШар Скорости 2)
[28.05.2025 12:07:50][serveritem][give] ghsu4 obtained 1 of шарздоровья1 (§d§lШар Здоровья 1)
[28.05.2025 12:09:04][serveritem][give] SATO4568 obtained 1 of шарздоровья2 (§d§lШар Здоровья 2)
[28.05.2025 12:15:21][serveritem][give] sisi4kavrotik obtained 1 of шарздоровья1 (§d§lШар Здоровья 1)
[28.05.2025 12:16:27][serveritem][give] Muupph obtained 1 of golovas1 (§e§lГолова Сема-Тарли)
[28.05.2025 12:19:28][serveritem][give] Muupph obtained 1 of шарскорки2 (§3§lШар Скорости 2)
[28.05.2025 12:23:29][serveritem][give] tytytytytyulik obtained 1 of шаротбр1 (§9§lШар Отбрасывания 1)
[28.05.2025 12:39:45][serveritem][give] Minik_Bro obtained 1 of golovas4 (§5§lГолова Гарри-Поттера)
[28.05.2025 12:46:01][serveritem][give] Airat333 obtained 1 of golovas1 (§e§lГолова Сема-Тарли)
[28.05.2025 12:48:21][serveritem][give] almaziiik_11 obtained 1 of golovas1 (§e§lГолова Сема-Тарли)
[28.05.2025 12:52:28][serveritem][give] WIZYTUTU obtained 1 of golovas4 (§5§lГолова Гарри-Поттера)
[28.05.2025 12:54:11][serveritem][give] CAHEKpro220 obtained 1 of шарздоровья3 (§d§lШар Здоровья 3)
[28.05.2025 13:01:07][serveritem][give] nbvyhh obtained 1 of секирахаоса (§4§lСекира Хаоса)
[28.05.2025 13:06:37][serveritem][give] igor_axem37 obtained 1 of golovas3 (§6§l§nГэндальф)
[28.05.2025 13:08:09][serveritem][give] SENIMO obtained 1 of шарздоровья3 (§d§lШар Здоровья 3)
[28.05.2025 13:10:27][serveritem][give] ban1 obtained 1 of шарздоровья3 (§d§lШар Здоровья 3)
[28.05.2025 13:11:20][serveritem][give] TraBoMaH obtained 1 of шарздоровья3 (§d§lШар Здоровья 3)
[28.05.2025 13:11:48][serveritem][give] Alexi21 obtained 1 of секирахаоса (§4§lСекира Хаоса)
[28.05.2025 13:15:54][serveritem][give] Pvpesher obtained 1 of шарздоровья3 (§d§lШар Здоровья 3)
[28.05.2025 13:16:46][serveritem][give] tt_superr1sen obtained 1 of golovas2 (§b§lГолова Цири)
[28.05.2025 13:19:48][serveritem][give] SashaKryasanchik obtained 1 of шарздоровья3 (§d§lШар Здоровья 3)
[28.05.2025 13:29:24][serveritem][give] xexe52 obtained 1 of шарздоровья1 (§d§lШар Здоровья 1)
[28.05.2025 13:30:09][serveritem][give] joker_steve obtained 1 of шарздоровья3 (§d§lШар Здоровья 3)
[28.05.2025 13:32:50][serveritem][give] sigmaboy111 obtained 1 of шарздоровья1 (§d§lШар Здоровья 1)
[28.05.2025 13:43:06][serveritem][give] vana4ikkk obtained 1 of шарскорки2 (§3§lШар Скорости 2)
[28.05.2025 13:47:02][serveritem][give] N3chto obtained 1 of шарскорки2 (§3§lШар Скорости 2)
[28.05.2025 13:49:57][serveritem][give] hamburger294329 obtained 1 of golovas1 (§e§lГолова Сема-Тарли)
[28.05.2025 13:59:05][serveritem][give] ramshan2011 obtained 1 of секирахаоса (§4§lСекира Хаоса)
[28.05.2025 13:59:18][serveritem][give] ramshan2011 obtained 1 of golovas2 (§b§lГолова Цири)
[28.05.2025 14:01:46][serveritem][give] bylo4ka22 obtained 1 of golovas4 (§5§lГолова Гарри-Поттера)
[28.05.2025 14:07:16][serveritem][give] handi_007 obtained 1 of golovas4 (§5§lГолова Гарри-Поттера)
[28.05.2025 14:16:45][serveritem][give] 201214 obtained 1 of golovas4 (§5§lГолова Гарри-Поттера)
[28.05.2025 14:19:36][serveritem][give] 138291 obtained 1 of шаршипа2 (§2§lШар Шипов 2)
[28.05.2025 14:20:02][serveritem][give] xexe52 obtained 1 of шарздоровья3 (§d§lШар Здоровья 3)
[28.05.2025 14:26:45][serveritem][give] 138291 obtained 1 of шарздоровья2 (§d§lШар Здоровья 2)
[28.05.2025 14:30:58][serveritem][give] 138291 obtained 1 of golovas3 (§6§l§nГэндальф)
[28.05.2025 14:33:28][serveritem][give] wewewowo obtained 1 of шарздоровья3 (§d§lШар Здоровья 3)
[28.05.2025 14:40:51][serveritem][give] vansa obtained 1 of шарздоровья2 (§d§lШар Здоровья 2)
[28.05.2025 14:49:44][serveritem][give] hamburger294329 obtained 1 of шарздоровья1 (§d§lШар Здоровья 1)
[28.05.2025 14:52:45][serveritem][give] OMOGUAS obtained 1 of шарскорки2 (§3§lШар Скорости 2)
[28.05.2025 14:55:20][serveritem][give] demoooon obtained 1 of golovas4 (§5§lГолова Гарри-Поттера)
[28.05.2025 14:55:33][serveritem][give] sanya100000 obtained 1 of шарздоровья3 (§d§lШар Здоровья 3)
[28.05.2025 15:03:15][serveritem][give] GnomikPOdik obtained 1 of шарскорки2 (§3§lШар Скорости 2)
[28.05.2025 15:08:45][serveritem][give] Xx_zi1ks_xX obtained 1 of golovas1 (§e§lГолова Сема-Тарли)
[28.05.2025 15:11:51][serveritem][give] nehazrat obtained 1 of шарскорки1 (§3§lШар Скорости 1)
[28.05.2025 15:13:51][serveritem][give] dragon02 obtained 1 of секирахаоса (§4§lСекира Хаоса)
[28.05.2025 15:16:12][serveritem][give] raftanjik obtained 1 of шарскорки2 (§3§lШар Скорости 2)
[28.05.2025 15:17:08][serveritem][give] pipipisa obtained 1 of шарскорки2 (§3§lШар Скорости 2)
[28.05.2025 15:19:15][serveritem][give] Mr_poper_polo obtained 1 of секирахаоса (§4§lСекира Хаоса)
[28.05.2025 15:21:39][serveritem][give] macs0908 obtained 1 of шарскорки2 (§3§lШар Скорости 2)
[28.05.2025 15:28:34][serveritem][give] mrleowild10lox obtained 1 of golovas4 (§5§lГолова Гарри-Поттера)
[28.05.2025 15:28:44][serveritem][give] BlackSky007 obtained 1 of шарскорки2 (§3§lШар Скорости 2)
[28.05.2025 15:31:14][serveritem][give] zloizloi obtained 1 of golovas4 (§5§lГолова Гарри-Поттера)
[28.05.2025 15:31:54][serveritem][give] sanya100000 obtained 1 of шарскорки2 (§3§lШар Скорости 2)
[28.05.2025 15:37:41][serveritem][give] tt_superr1sen obtained 1 of golovas2 (§b§lГолова Цири)
[28.05.2025 15:42:26][serveritem][give] manip1488 obtained 1 of секирахаоса (§4§lСекира Хаоса)
[28.05.2025 15:49:09][serveritem][give] Timilk obtained 1 of шарздоровья1 (§d§lШар Здоровья 1)
[28.05.2025 15:51:23][serveritem][give] Tikonchik obtained 1 of шарскорки2 (§3§lШар Скорости 2)
[28.05.2025 16:06:29][serveritem][give] flirt_Dan4 obtained 1 of golovas4 (§5§lГолова Гарри-Поттера)
[28.05.2025 16:07:43][serveritem][give] YTGVEST obtained 1 of шарскорки2 (§3§lШар Скорости 2)
[28.05.2025 16:07:43][serveritem][give] flirt_Dan4 obtained 1 of golovas4 (§5§lГолова Гарри-Поттера)
[28.05.2025 16:10:08][serveritem][give] CTAKANHIK_CMEPTU obtained 1 of шарздоровья3 (§d§lШар Здоровья 3)
[28.05.2025 16:18:24][serveritem][give] CTAKANHIK_CMEPTU obtained 1 of шаршипа2 (§2§lШар Шипов 2)
[28.05.2025 16:26:14][serveritem][give] Helio99 obtained 1 of шарздоровья3 (§d§lШар Здоровья 3)
[28.05.2025 16:28:29][serveritem][give] pp_hhp1 obtained 1 of шарскорки2 (§3§lШар Скорости 2)
[28.05.2025 16:29:02][serveritem][give] 666sw111z1x obtained 1 of шарскорки2 (§3§lШар Скорости 2)
[28.05.2025 16:34:08][serveritem][give] SYSLIK1488 obtained 1 of секирахаоса (§4§lСекира Хаоса)
[28.05.2025 16:34:58][serveritem][give] portosaw obtained 1 of golovas4 (§5§lГолова Гарри-Поттера)
[28.05.2025 16:36:26][serveritem][give] crazykarasik obtained 1 of golovas1 (§e§lГолова Сема-Тарли)
[28.05.2025 16:36:36][serveritem][give] mrdobri_dobri obtained 1 of golovas4 (§5§lГолова Гарри-Поттера)
[28.05.2025 16:45:56][serveritem][give] SiX6SiX6 obtained 1 of golovas4 (§5§lГолова Гарри-Поттера)
[28.05.2025 16:49:32][serveritem][give] megaflopa obtained 1 of golovas3 (§6§l§nГэндальф)
[28.05.2025 16:49:32][serveritem][give] megaflopa obtained 1 of golovas2 (§b§lГолова Цири)
[28.05.2025 16:49:32][serveritem][give] megaflopa obtained 1 of golovas1 (§e§lГолова Сема-Тарли)
[28.05.2025 16:49:32][serveritem][give] megaflopa obtained 1 of golovas4 (§5§lГолова Гарри-Поттера)
[28.05.2025 16:49:33][serveritem][give] popa4ka313313 obtained 1 of шаршипа1 (§2§lШар Шипов 1)
[28.05.2025 16:50:36][serveritem][give] Bro9i obtained 1 of шарскорки2 (§3§lШар Скорости 2)
[28.05.2025 16:57:07][serveritem][give] Direxxx_ZXC_ obtained 1 of шарскорки1 (§3§lШар Скорости 1)
[28.05.2025 17:02:57][serveritem][give] NIKITA__17 obtained 1 of шарздоровья3 (§d§lШар Здоровья 3)
[28.05.2025 17:04:15][serveritem][give] YARIKBOBER2 obtained 1 of golovas2 (§b§lГолова Цири)
[28.05.2025 17:04:26][serveritem][give] pluy obtained 1 of шарскорки2 (§3§lШар Скорости 2)
[28.05.2025 17:04:28][serveritem][give] pluy obtained 1 of шарздоровья3 (§d§lШар Здоровья 3)
[28.05.2025 17:04:29][serveritem][give] pluy obtained 1 of шаршипа2 (§2§lШар Шипов 2)
[28.05.2025 17:04:30][serveritem][give] pluy obtained 1 of шаротбр2 (§9§lШар Отбрасывания 2)
[28.05.2025 17:07:20][serveritem][give] mrdobri_dobri obtained 1 of golovas4 (§5§lГолова Гарри-Поттера)
[28.05.2025 17:07:58][serveritem][give] raftanjik obtained 1 of golovas4 (§5§lГолова Гарри-Поттера)
[28.05.2025 17:08:23][serveritem][give] blin4ik254 obtained 1 of golovas4 (§5§lГолова Гарри-Поттера)
[28.05.2025 17:09:05][serveritem][give] raftanjik obtained 1 of секирахаоса (§4§lСекира Хаоса)
[28.05.2025 17:09:13][serveritem][give] raftanjik obtained 1 of golovas3 (§6§l§nГэндальф)
[28.05.2025 17:09:15][serveritem][give] raftanjik obtained 1 of golovas4 (§5§lГолова Гарри-Поттера)
[28.05.2025 17:09:33][serveritem][give] downgovniuc obtained 1 of golovas4 (§5§lГолова Гарри-Поттера)
[28.05.2025 17:10:08][serveritem][give] GnomikPOdik obtained 1 of шарскорки2 (§3§lШар Скорости 2)
[28.05.2025 17:11:31][serveritem][give] Emiron_VerisT obtained 1 of секирахаоса (§4§lСекира Хаоса)
[28.05.2025 17:13:56][serveritem][give] ekksdllddgg obtained 1 of секирахаоса (§4§lСекира Хаоса)
[28.05.2025 17:14:04][serveritem][give] smkll obtained 1 of шарскорки2 (§3§lШар Скорости 2)
[28.05.2025 17:14:04][serveritem][give] smkll obtained 1 of шарскорки2 (§3§lШар Скорости 2)
[28.05.2025 17:14:06][serveritem][give] smkll obtained 1 of шарскорки2 (§3§lШар Скорости 2)
[28.05.2025 17:17:04][serveritem][give] NonameSari obtained 1 of golovas1 (§e§lГолова Сема-Тарли)
[28.05.2025 17:23:44][serveritem][give] jolik obtained 1 of golovas1 (§e§lГолова Сема-Тарли)
[28.05.2025 17:24:13][serveritem][give] Tututu_qq obtained 1 of golovas1 (§e§lГолова Сема-Тарли)
[28.05.2025 17:25:01][serveritem][give] popa4ka313313 obtained 1 of шарскорки2 (§3§lШар Скорости 2)
[28.05.2025 17:25:21][serveritem][give] popa4ka313313 obtained 1 of шарскорки2 (§3§lШар Скорости 2)
[28.05.2025 17:30:50][serveritem][give] DragonActive69 obtained 1 of golovas4 (§5§lГолова Гарри-Поттера)
[28.05.2025 17:47:31][serveritem][give] YARIKBOBER2 obtained 1 of golovas1 (§e§lГолова Сема-Тарли)
[28.05.2025 17:49:09][serveritem][give] T0P1GRA obtained 1 of golovas4 (§5§lГолова Гарри-Поттера)
[28.05.2025 17:57:20][serveritem][give] Fearless666 obtained 1 of шарскорки2 (§3§lШар Скорости 2)
[28.05.2025 17:57:46][serveritem][give] JovialVirtuoso52 obtained 1 of golovas4 (§5§lГолова Гарри-Поттера)
[28.05.2025 17:58:06][serveritem][give] Forzen1231211 obtained 1 of шарздоровья3 (§d§lШар Здоровья 3)
[28.05.2025 18:01:15][serveritem][give] NonameSari1 obtained 1 of секирахаоса (§4§lСекира Хаоса)
[28.05.2025 18:01:43][serveritem][give] nizerth obtained 1 of секирахаоса (§4§lСекира Хаоса)
[28.05.2025 18:05:49][serveritem][give] giperatrala5 obtained 1 of шарздоровья3 (§d§lШар Здоровья 3)
[28.05.2025 18:09:26][serveritem][give] flirt_Dan4 obtained 1 of секирахаоса (§4§lСекира Хаоса)
[28.05.2025 18:11:53][serveritem][give] sdr obtained 1 of секирахаоса (§4§lСекира Хаоса)
[28.05.2025 18:16:08][serveritem][give] tecto0019 obtained 1 of секирахаоса (§4§lСекира Хаоса)
[28.05.2025 18:18:06][serveritem][give] Serg7777 obtained 1 of golovas1 (§e§lГолова Сема-Тарли)
[28.05.2025 18:18:18][serveritem][give] Serg7777 obtained 1 of шарскорки2 (§3§lШар Скорости 2)
[28.05.2025 18:23:38][serveritem][give] XD_dead_ obtained 1 of шарздоровья1 (§d§lШар Здоровья 1)
[28.05.2025 18:32:22][serveritem][give] Alesfeizzz obtained 1 of шарздоровья3 (§d§lШар Здоровья 3)
[28.05.2025 18:34:05][serveritem][give] Timilk obtained 1 of шарздоровья3 (§d§lШар Здоровья 3)
[28.05.2025 18:34:06][serveritem][give] Timilk obtained 1 of шарздоровья3 (§d§lШар Здоровья 3)
[28.05.2025 18:34:16][serveritem][give] Sabzir obtained 1 of golovas1 (§e§lГолова Сема-Тарли)
[28.05.2025 18:34:16][serveritem][give] Timilk obtained 1 of шарздоровья2 (§d§lШар Здоровья 2)
[28.05.2025 18:34:17][serveritem][give] Sabzir obtained 1 of golovas1 (§e§lГолова Сема-Тарли)
[28.05.2025 18:37:01][serveritem][give] Xugen obtained 1 of секирахаоса (§4§lСекира Хаоса)
[28.05.2025 18:39:09][serveritem][give] Angelino4ka_ebet obtained 1 of шарскорки2 (§3§lШар Скорости 2)
[28.05.2025 18:46:44][serveritem][give] nesayfree obtained 1 of шарскорки2 (§3§lШар Скорости 2)
[28.05.2025 18:57:47][serveritem][give] Timilk obtained 1 of шарздоровья3 (§d§lШар Здоровья 3)
[28.05.2025 19:02:17][serveritem][give] Zaxar_Clumber obtained 1 of шарскорки2 (§3§lШар Скорости 2)
[28.05.2025 19:05:25][serveritem][give] _StRu4Ok_ obtained 1 of golovas4 (§5§lГолова Гарри-Поттера)
[28.05.2025 19:06:13][serveritem][give] LG_STRAXX_ZLOY obtained 1 of golovas4 (§5§lГолова Гарри-Поттера)
[28.05.2025 19:12:44][serveritem][give] XoNc4eK obtained 1 of golovas4 (§5§lГолова Гарри-Поттера)
[28.05.2025 19:23:22][serveritem][give] StorwyCool obtained 1 of шарздоровья2 (§d§lШар Здоровья 2)
[28.05.2025 19:57:13][serveritem][give] xolod55555 obtained 1 of golovas4 (§5§lГолова Гарри-Поттера)
[28.05.2025 19:59:06][serveritem][give] XorsikFlazzy obtained 1 of golovas4 (§5§lГолова Гарри-Поттера)
[28.05.2025 20:00:10][serveritem][give] XorsikFlazzy obtained 1 of golovas4 (§5§lГолова Гарри-Поттера)
[28.05.2025 20:01:58][serveritem][give] XorsikFlazzy obtained 1 of golovas3 (§6§l§nГэндальф)
[28.05.2025 20:02:20][serveritem][give] XorsikFlazzy obtained 1 of golovas1 (§e§lГолова Сема-Тарли)
[28.05.2025 20:05:57][serveritem][give] SashaKryasanchik obtained 1 of шаршипа2 (§2§lШар Шипов 2)
[28.05.2025 20:11:46][serveritem][give] werys20 obtained 1 of шаротбр1 (§9§lШар Отбрасывания 1)
[28.05.2025 20:43:48][serveritem][give] Shyll2n obtained 1 of шарскорки2 (§3§lШар Скорости 2)
[28.05.2025 20:46:14][serveritem][give] UsinYter obtained 1 of секирахаоса (§4§lСекира Хаоса)
[28.05.2025 20:46:46][serveritem][give] UsinYter obtained 1 of golovas1 (§e§lГолова Сема-Тарли)
[28.05.2025 21:09:24][serveritem][give] XoNc4eK obtained 1 of секирахаоса (§4§lСекира Хаоса)
[28.05.2025 21:19:18][serveritem][give] pumotop2011 obtained 1 of шарскорки2 (§3§lШар Скорости 2)
[28.05.2025 21:23:24][serveritem][give] UsinYter obtained 1 of секирахаоса (§4§lСекира Хаоса)
[28.05.2025 21:29:48][serveritem][give] Vadim27384 obtained 1 of шарздоровья1 (§d§lШар Здоровья 1)
[28.05.2025 21:45:41][serveritem][give] zloi_zloi obtained 1 of golovas4 (§5§lГолова Гарри-Поттера)
[28.05.2025 21:45:59][serveritem][give] SashaKryasanchik obtained 1 of секирахаоса (§4§lСекира Хаоса)
[28.05.2025 21:46:11][serveritem][give] SashaKryasanchik obtained 1 of golovas3 (§6§l§nГэндальф)
[28.05.2025 22:01:49][serveritem][give] dobri_almaznik obtained 1 of шарздоровья2 (§d§lШар Здоровья 2)
[28.05.2025 22:11:27][serveritem][give] zloy_almaznik obtained 1 of шарздоровья1 (§d§lШар Здоровья 1)
[28.05.2025 22:48:09][serveritem][give] bapybap obtained 1 of golovas3 (§6§l§nГэндальф)
[28.05.2025 23:00:35][serveritem][give] k900kk90 obtained 1 of шарздоровья2 (§d§lШар Здоровья 2)
