[29.05.2025 00:37:53][serveritem][give] TTfoks1kYT obtained 1 of секирахаоса (§4§lСекира Хаоса)
[29.05.2025 01:45:09][serveritem][give] JBLOOD_RevengE obtained 1 of golovas4 (§5§lГолова Гарри-Поттера)
[29.05.2025 01:47:24][serveritem][give] almaziiik_11 obtained 1 of golovas4 (§5§lГолова Гарри-Поттера)
[29.05.2025 02:08:38][serveritem][give] TTfoks1kYT obtained 1 of golovas4 (§5§lГолова Гарри-Поттера)
[29.05.2025 02:08:38][serveritem][give] TTfoks1kYT obtained 1 of golovas2 (§b§lГолова Цири)
[29.05.2025 02:08:39][serveritem][give] TTfoks1kYT obtained 1 of golovas3 (§6§l§nГэндальф)
[29.05.2025 02:08:40][serveritem][give] TTfoks1kYT obtained 1 of golovas1 (§e§lГолова Сема-Тарли)
[29.05.2025 03:18:36][serveritem][give] uyughk obtained 1 of шарздоровья3 (§d§lШар Здоровья 3)
[29.05.2025 03:37:41][serveritem][give] BASKO_KALBACK obtained 1 of шарздоровья3 (§d§lШар Здоровья 3)
[29.05.2025 03:37:57][serveritem][give] BASKO_KALBACK obtained 1 of golovas4 (§5§lГолова Гарри-Поттера)
[29.05.2025 03:56:43][serveritem][give] flirt_Dan4 obtained 1 of golovas4 (§5§lГолова Гарри-Поттера)
[29.05.2025 03:58:03][serveritem][give] Gokee obtained 1 of golovas4 (§5§lГолова Гарри-Поттера)
[29.05.2025 04:03:32][serveritem][give] sanya100000 obtained 1 of golovas4 (§5§lГолова Гарри-Поттера)
[29.05.2025 04:40:17][serveritem][give] hanemiks obtained 1 of golovas4 (§5§lГолова Гарри-Поттера)
[29.05.2025 05:00:11][serveritem][give] SpedSilver62202 obtained 1 of шарздоровья3 (§d§lШар Здоровья 3)
[29.05.2025 05:00:25][serveritem][give] flirt_Dan4 obtained 1 of шарскорки1 (§3§lШар Скорости 1)
[29.05.2025 05:07:49][serveritem][give] ban1 obtained 1 of golovas1 (§e§lГолова Сема-Тарли)
[29.05.2025 05:07:51][serveritem][give] ban1 obtained 1 of секирахаоса (§4§lСекира Хаоса)
[29.05.2025 05:09:15][serveritem][give] 71sha obtained 1 of секирахаоса (§4§lСекира Хаоса)
[29.05.2025 05:27:18][serveritem][give] StFANTOS obtained 1 of шарздоровья3 (§d§lШар Здоровья 3)
[29.05.2025 05:28:19][serveritem][give] Cubik obtained 1 of шарздоровья3 (§d§lШар Здоровья 3)
[29.05.2025 06:02:51][serveritem][give] paraxvio obtained 1 of шарскорки2 (§3§lШар Скорости 2)
[29.05.2025 06:07:18][serveritem][give] flirt_Dan4 obtained 1 of golovas4 (§5§lГолова Гарри-Поттера)
[29.05.2025 06:10:56][serveritem][give] edik_edishen obtained 1 of секирахаоса (§4§lСекира Хаоса)
[29.05.2025 06:12:45][serveritem][give] Fodker obtained 1 of шарздоровья1 (§d§lШар Здоровья 1)
[29.05.2025 06:17:03][serveritem][give] PR0XOJDEN1E obtained 1 of шарздоровья2 (§d§lШар Здоровья 2)
[29.05.2025 06:19:03][serveritem][give] 1TIGRLEVK obtained 1 of golovas4 (§5§lГолова Гарри-Поттера)
[29.05.2025 06:28:28][serveritem][give] edik_edishen obtained 1 of golovas4 (§5§lГолова Гарри-Поттера)
[29.05.2025 06:49:01][serveritem][give] 4ePi obtained 1 of golovas4 (§5§lГолова Гарри-Поттера)
[29.05.2025 06:51:53][serveritem][give] Xse_seen_xse obtained 1 of шарздоровья3 (§d§lШар Здоровья 3)
[29.05.2025 06:55:08][serveritem][give] 3635125 obtained 1 of golovas4 (§5§lГолова Гарри-Поттера)
[29.05.2025 07:09:35][serveritem][give] mr_biznes obtained 1 of golovas4 (§5§lГолова Гарри-Поттера)
[29.05.2025 07:09:37][serveritem][give] mr_biznes obtained 1 of секирахаоса (§4§lСекира Хаоса)
[29.05.2025 07:18:33][serveritem][give] XoNc4eK obtained 1 of golovas4 (§5§lГолова Гарри-Поттера)
[29.05.2025 07:18:41][serveritem][give] Xse_seen_xse obtained 1 of шарздоровья3 (§d§lШар Здоровья 3)
[29.05.2025 07:26:11][serveritem][give] den333777 obtained 1 of golovas4 (§5§lГолова Гарри-Поттера)
[29.05.2025 07:36:12][serveritem][give] blin4ik254 obtained 1 of golovas4 (§5§lГолова Гарри-Поттера)
[29.05.2025 07:38:23][serveritem][give] gitler_top42 obtained 1 of шарскорки2 (§3§lШар Скорости 2)
[29.05.2025 07:39:24][serveritem][give] LG_STRAXX_ZLOY obtained 1 of golovas4 (§5§lГолова Гарри-Поттера)
[29.05.2025 07:40:12][serveritem][give] liniums obtained 1 of шарскорки2 (§3§lШар Скорости 2)
[29.05.2025 08:03:12][serveritem][give] SYSLIK1488 obtained 1 of golovas1 (§e§lГолова Сема-Тарли)
[29.05.2025 08:05:44][serveritem][give] xqzlewood obtained 1 of шарскорки2 (§3§lШар Скорости 2)
[29.05.2025 08:06:21][serveritem][give] xqzlewood obtained 1 of шарздоровья2 (§d§lШар Здоровья 2)
[29.05.2025 08:06:25][serveritem][give] xqzlewood obtained 1 of шарздоровья3 (§d§lШар Здоровья 3)
[29.05.2025 08:12:01][serveritem][give] LG_STRAXX_ZLOY obtained 1 of golovas4 (§5§lГолова Гарри-Поттера)
[29.05.2025 08:13:38][serveritem][give] flirt_Dan4 obtained 1 of golovas4 (§5§lГолова Гарри-Поттера)
[29.05.2025 08:17:27][serveritem][give] Erewaqer obtained 1 of golovas4 (§5§lГолова Гарри-Поттера)
[29.05.2025 08:56:57][serveritem][give] me11tik3 obtained 1 of golovas4 (§5§lГолова Гарри-Поттера)
[29.05.2025 09:01:36][serveritem][give] Dream_89901877 obtained 1 of golovas1 (§e§lГолова Сема-Тарли)
[29.05.2025 09:02:45][serveritem][give] nigr_v_pene obtained 1 of golovas4 (§5§lГолова Гарри-Поттера)
[29.05.2025 09:04:52][serveritem][give] Eva obtained 1 of шарздоровья2 (§d§lШар Здоровья 2)
[29.05.2025 09:19:12][serveritem][give] shapa obtained 1 of шарскорки2 (§3§lШар Скорости 2)
[29.05.2025 09:19:58][serveritem][give] StFANTOS obtained 1 of шарздоровья3 (§d§lШар Здоровья 3)
[29.05.2025 09:19:58][serveritem][give] StFANTOS obtained 1 of шарздоровья3 (§d§lШар Здоровья 3)
[29.05.2025 09:19:58][serveritem][give] StFANTOS obtained 1 of шарздоровья3 (§d§lШар Здоровья 3)
[29.05.2025 09:19:58][serveritem][give] StFANTOS obtained 1 of шарздоровья3 (§d§lШар Здоровья 3)
[29.05.2025 09:19:58][serveritem][give] StFANTOS obtained 1 of шарздоровья3 (§d§lШар Здоровья 3)
[29.05.2025 09:19:58][serveritem][give] StFANTOS obtained 1 of шарздоровья3 (§d§lШар Здоровья 3)
[29.05.2025 09:19:59][serveritem][give] StFANTOS obtained 1 of шарздоровья3 (§d§lШар Здоровья 3)
[29.05.2025 09:19:59][serveritem][give] StFANTOS obtained 1 of шарздоровья3 (§d§lШар Здоровья 3)
[29.05.2025 09:19:59][serveritem][give] StFANTOS obtained 1 of шарздоровья3 (§d§lШар Здоровья 3)
[29.05.2025 09:27:53][serveritem][give] BekaSama9180 obtained 1 of шарздоровья3 (§d§lШар Здоровья 3)
[29.05.2025 09:28:43][serveritem][give] Vaghan7399 obtained 1 of golovas4 (§5§lГолова Гарри-Поттера)
[29.05.2025 09:38:49][serveritem][give] _StRu4Ok_ obtained 1 of golovas4 (§5§lГолова Гарри-Поттера)
[29.05.2025 09:59:21][serveritem][give] MrNindza obtained 1 of шарздоровья3 (§d§lШар Здоровья 3)
[29.05.2025 10:15:49][serveritem][give] Tipi_tropa obtained 1 of шарздоровья1 (§d§lШар Здоровья 1)
[29.05.2025 10:37:07][serveritem][give] xolod55555 obtained 1 of секирахаоса (§4§lСекира Хаоса)
[29.05.2025 10:46:54][serveritem][give] Alexi21 obtained 1 of шарздоровья3 (§d§lШар Здоровья 3)
[29.05.2025 10:46:55][serveritem][give] Cubik obtained 1 of шарздоровья3 (§d§lШар Здоровья 3)
[29.05.2025 10:50:40][serveritem][give] Yandexcom obtained 1 of шарскорки2 (§3§lШар Скорости 2)
[29.05.2025 10:50:51][serveritem][give] Yandexcom obtained 1 of golovas4 (§5§lГолова Гарри-Поттера)
[29.05.2025 11:19:05][serveritem][give] flirt_Dan4 obtained 1 of golovas4 (§5§lГолова Гарри-Поттера)
[29.05.2025 11:22:35][serveritem][give] Bro9i obtained 1 of golovas4 (§5§lГолова Гарри-Поттера)
[29.05.2025 12:00:07][serveritem][give] ponch122134 obtained 1 of шарздоровья3 (§d§lШар Здоровья 3)
[29.05.2025 12:01:42][serveritem][give] BalckTeaGemer obtained 1 of секирахаоса (§4§lСекира Хаоса)
[29.05.2025 12:05:38][serveritem][give] arte123m obtained 1 of секирахаоса (§4§lСекира Хаоса)
[29.05.2025 12:05:42][serveritem][give] arte123m obtained 1 of golovas1 (§e§lГолова Сема-Тарли)
[29.05.2025 12:07:35][serveritem][give] CTAKANHIK_CMEPTU obtained 1 of шарздоровья3 (§d§lШар Здоровья 3)
[29.05.2025 12:12:20][serveritem][give] BalckTeaGemer obtained 1 of секирахаоса (§4§lСекира Хаоса)
[29.05.2025 12:22:02][serveritem][give] Bro9i obtained 1 of golovas4 (§5§lГолова Гарри-Поттера)
[29.05.2025 12:22:14][serveritem][give] Airat333 obtained 1 of golovas1 (§e§lГолова Сема-Тарли)
[29.05.2025 12:34:05][serveritem][give] SYSLIK1488 obtained 1 of секирахаоса (§4§lСекира Хаоса)
[29.05.2025 12:38:46][serveritem][give] lghjhghjbf obtained 1 of секирахаоса (§4§lСекира Хаоса)
[29.05.2025 12:47:36][serveritem][give] portosambari obtained 1 of секирахаоса (§4§lСекира Хаоса)
[29.05.2025 12:55:33][serveritem][give] wwawawyt obtained 1 of шарздоровья2 (§d§lШар Здоровья 2)
[29.05.2025 13:05:11][serveritem][give] portosambari obtained 1 of golovas4 (§5§lГолова Гарри-Поттера)
[29.05.2025 13:05:12][serveritem][give] portosambari obtained 1 of golovas1 (§e§lГолова Сема-Тарли)
[29.05.2025 13:05:17][serveritem][give] portosambari obtained 1 of шарскорки2 (§3§lШар Скорости 2)
[29.05.2025 13:09:48][serveritem][give] tehnoblade obtained 1 of golovas4 (§5§lГолова Гарри-Поттера)
[29.05.2025 13:11:05][serveritem][give] tehnoblade obtained 1 of секирахаоса (§4§lСекира Хаоса)
[29.05.2025 13:18:05][serveritem][give] 52889 obtained 1 of шарздоровья3 (§d§lШар Здоровья 3)
[29.05.2025 13:18:38][serveritem][give] 52889 obtained 1 of шарздоровья3 (§d§lШар Здоровья 3)
[29.05.2025 13:18:52][serveritem][give] 52889 obtained 1 of шарздоровья3 (§d§lШар Здоровья 3)
[29.05.2025 13:18:52][serveritem][give] 52889 obtained 1 of шарздоровья3 (§d§lШар Здоровья 3)
[29.05.2025 13:21:53][serveritem][give] T0P1GRA obtained 1 of golovas4 (§5§lГолова Гарри-Поттера)
[29.05.2025 13:32:27][serveritem][give] Z1rozon obtained 1 of golovas4 (§5§lГолова Гарри-Поттера)
[29.05.2025 13:33:33][serveritem][give] xxxvalzich obtained 1 of секирахаоса (§4§lСекира Хаоса)
[29.05.2025 13:35:10][serveritem][give] GijhrMVIUE obtained 1 of golovas4 (§5§lГолова Гарри-Поттера)
[29.05.2025 13:48:47][serveritem][give] tehnoblade obtained 1 of golovas4 (§5§lГолова Гарри-Поттера)
[29.05.2025 13:50:23][serveritem][give] megaflopa obtained 1 of секирахаоса (§4§lСекира Хаоса)
[29.05.2025 13:56:25][serveritem][give] bandera obtained 1 of шарскорки2 (§3§lШар Скорости 2)
[29.05.2025 14:18:09][serveritem][give] SashaPikmiUwU obtained 1 of шарскорки2 (§3§lШар Скорости 2)
[29.05.2025 14:18:43][serveritem][give] epor1098 obtained 1 of golovas3 (§6§l§nГэндальф)
[29.05.2025 14:19:40][serveritem][give] 0Xx_SOUP_xX0 obtained 1 of шарздоровья3 (§d§lШар Здоровья 3)
[29.05.2025 14:23:40][serveritem][give] ilyfka72231 obtained 1 of шарздоровья3 (§d§lШар Здоровья 3)
[29.05.2025 14:25:00][serveritem][give] 0Xx_SOUP_xX0 obtained 1 of шарскорки2 (§3§lШар Скорости 2)
[29.05.2025 14:25:31][serveritem][give] me11tik2 obtained 1 of golovas4 (§5§lГолова Гарри-Поттера)
[29.05.2025 14:25:31][serveritem][give] me11tik2 obtained 1 of golovas4 (§5§lГолова Гарри-Поттера)
[29.05.2025 14:26:24][serveritem][give] bandera obtained 1 of шарздоровья3 (§d§lШар Здоровья 3)
[29.05.2025 14:26:25][serveritem][give] bandera obtained 1 of шарздоровья3 (§d§lШар Здоровья 3)
[29.05.2025 14:26:25][serveritem][give] bandera obtained 1 of шарздоровья3 (§d§lШар Здоровья 3)
[29.05.2025 14:30:20][serveritem][give] me11tik1 obtained 1 of golovas4 (§5§lГолова Гарри-Поттера)
[29.05.2025 14:30:48][serveritem][give] roma44 obtained 1 of golovas4 (§5§lГолова Гарри-Поттера)
[29.05.2025 14:42:02][serveritem][give] mavo obtained 1 of шарздоровья3 (§d§lШар Здоровья 3)
[29.05.2025 14:47:54][serveritem][give] MynixFamq obtained 1 of golovas4 (§5§lГолова Гарри-Поттера)
[29.05.2025 14:52:55][serveritem][give] Knackered obtained 1 of секирахаоса (§4§lСекира Хаоса)
[29.05.2025 15:09:45][serveritem][give] SashaKryasanchik obtained 1 of golovas1 (§e§lГолова Сема-Тарли)
[29.05.2025 15:09:57][serveritem][give] Kiritosikk obtained 1 of golovas4 (§5§lГолова Гарри-Поттера)
[29.05.2025 15:12:05][serveritem][give] SashaKryasanchik obtained 1 of golovas4 (§5§lГолова Гарри-Поттера)
[29.05.2025 15:26:16][serveritem][give] bogmankafta obtained 1 of golovas4 (§5§lГолова Гарри-Поттера)
[29.05.2025 15:28:29][serveritem][give] palma86753421 obtained 1 of шарздоровья3 (§d§lШар Здоровья 3)
[29.05.2025 15:48:21][serveritem][give] zloi_zloi obtained 1 of golovas4 (§5§lГолова Гарри-Поттера)
[29.05.2025 15:50:48][serveritem][give] zloi_zloi obtained 1 of golovas4 (§5§lГолова Гарри-Поттера)
[29.05.2025 15:58:18][serveritem][give] XDninja2013 obtained 1 of golovas1 (§e§lГолова Сема-Тарли)
[29.05.2025 15:58:32][serveritem][give] XDninja2013 obtained 1 of шарскорки1 (§3§lШар Скорости 1)
[29.05.2025 16:00:12][serveritem][give] KeptGnat9284830 obtained 1 of golovas1 (§e§lГолова Сема-Тарли)
[29.05.2025 16:05:58][serveritem][give] diikii1 obtained 1 of golovas1 (§e§lГолова Сема-Тарли)
[29.05.2025 16:05:58][serveritem][give] diikii1 obtained 1 of golovas4 (§5§lГолова Гарри-Поттера)
[29.05.2025 16:05:58][serveritem][give] diikii1 obtained 1 of golovas1 (§e§lГолова Сема-Тарли)
[29.05.2025 16:05:59][serveritem][give] diikii1 obtained 1 of golovas4 (§5§lГолова Гарри-Поттера)
[29.05.2025 16:06:41][serveritem][give] GLobi_warms3 obtained 1 of шарздоровья3 (§d§lШар Здоровья 3)
[29.05.2025 16:11:11][serveritem][give] zxcjifg obtained 1 of шарздоровья2 (§d§lШар Здоровья 2)
[29.05.2025 16:12:23][serveritem][give] nizerth obtained 1 of секирахаоса (§4§lСекира Хаоса)
[29.05.2025 16:14:38][serveritem][give] GLobi_warms1 obtained 1 of golovas1 (§e§lГолова Сема-Тарли)
[29.05.2025 16:14:51][serveritem][give] Knackered obtained 1 of секирахаоса (§4§lСекира Хаоса)
[29.05.2025 16:25:25][serveritem][give] Globi_warms obtained 1 of golovas3 (§6§l§nГэндальф)
[29.05.2025 16:32:53][serveritem][give] SYSLIK1488 obtained 1 of секирахаоса (§4§lСекира Хаоса)
[29.05.2025 16:52:13][serveritem][give] air_flak obtained 1 of шарздоровья2 (§d§lШар Здоровья 2)
[29.05.2025 16:55:04][serveritem][give] StaffPvP obtained 1 of шарскорки2 (§3§lШар Скорости 2)
[29.05.2025 17:03:39][serveritem][give] balerina obtained 1 of секирахаоса (§4§lСекира Хаоса)
[29.05.2025 17:05:22][serveritem][give] MynixFamq obtained 1 of golovas4 (§5§lГолова Гарри-Поттера)
[29.05.2025 17:05:57][serveritem][give] artem_228228 obtained 1 of шаротбр1 (§9§lШар Отбрасывания 1)
[29.05.2025 17:16:56][serveritem][give] balerina obtained 1 of golovas3 (§6§l§nГэндальф)
[29.05.2025 17:17:30][serveritem][give] artem_228228 obtained 1 of шарздоровья3 (§d§lШар Здоровья 3)
[29.05.2025 17:27:50][serveritem][give] Eva01 obtained 1 of golovas4 (§5§lГолова Гарри-Поттера)
[29.05.2025 17:28:51][serveritem][give] loveviku obtained 1 of шарздоровья1 (§d§lШар Здоровья 1)
[29.05.2025 17:41:31][serveritem][give] loveviku obtained 1 of шарздоровья3 (§d§lШар Здоровья 3)
[29.05.2025 17:47:07][serveritem][give] loveviku obtained 1 of секирахаоса (§4§lСекира Хаоса)
[29.05.2025 17:51:14][serveritem][give] tuntuntungsahur obtained 1 of шарздоровья3 (§d§lШар Здоровья 3)
[29.05.2025 17:56:40][serveritem][give] KLauncher_lopjoo obtained 1 of шарздоровья1 (§d§lШар Здоровья 1)
[29.05.2025 17:56:41][serveritem][give] KLauncher_lopjoo obtained 1 of шарздоровья1 (§d§lШар Здоровья 1)
[29.05.2025 17:56:41][serveritem][give] KLauncher_lopjoo obtained 1 of шарздоровья1 (§d§lШар Здоровья 1)
[29.05.2025 17:56:42][serveritem][give] KLauncher_lopjoo obtained 1 of шарздоровья1 (§d§lШар Здоровья 1)
[29.05.2025 17:56:42][serveritem][give] KLauncher_lopjoo obtained 1 of шарздоровья1 (§d§lШар Здоровья 1)
[29.05.2025 17:56:43][serveritem][give] KLauncher_lopjoo obtained 1 of шарздоровья1 (§d§lШар Здоровья 1)
[29.05.2025 17:59:47][serveritem][give] GLobi_warms2 obtained 1 of шарздоровья1 (§d§lШар Здоровья 1)
[29.05.2025 18:16:19][serveritem][give] ramshan2011 obtained 1 of golovas4 (§5§lГолова Гарри-Поттера)
[29.05.2025 18:26:00][serveritem][give] cryoideworlds obtained 1 of секирахаоса (§4§lСекира Хаоса)
[29.05.2025 18:28:10][serveritem][give] VLAD_MELNYK228 obtained 1 of шарздоровья3 (§d§lШар Здоровья 3)
[29.05.2025 18:45:02][serveritem][give] diikii1 obtained 1 of шарскорки2 (§3§lШар Скорости 2)
[29.05.2025 18:52:31][serveritem][give] TTfoks1kYT obtained 1 of секирахаоса (§4§lСекира Хаоса)
[29.05.2025 19:00:12][serveritem][give] Xleb986 obtained 1 of секирахаоса (§4§lСекира Хаоса)
[29.05.2025 19:06:04][serveritem][give] OMOGUAS obtained 1 of шарскорки2 (§3§lШар Скорости 2)
[29.05.2025 19:10:07][serveritem][give] Den34245 obtained 1 of шарскорки2 (§3§lШар Скорости 2)
[29.05.2025 19:11:34][serveritem][give] kokeshidoll22 obtained 1 of golovas3 (§6§l§nГэндальф)
[29.05.2025 19:13:00][serveritem][give] kuallaUA obtained 1 of шарскорки2 (§3§lШар Скорости 2)
[29.05.2025 19:16:44][serveritem][give] Bbeer_Team obtained 1 of шарздоровья3 (§d§lШар Здоровья 3)
[29.05.2025 19:19:08][serveritem][give] diikii1 obtained 1 of шарскорки1 (§3§lШар Скорости 1)
[29.05.2025 19:36:23][serveritem][give] YouZeKiller obtained 1 of секирахаоса (§4§lСекира Хаоса)
[29.05.2025 19:38:17][serveritem][give] YouZeKiller obtained 1 of шарскорки2 (§3§lШар Скорости 2)
[29.05.2025 19:38:18][serveritem][give] YouZeKiller obtained 1 of шарздоровья3 (§d§lШар Здоровья 3)
[29.05.2025 19:38:19][serveritem][give] YouZeKiller obtained 1 of шаршипа2 (§2§lШар Шипов 2)
[29.05.2025 19:58:55][serveritem][give] zloi_zloi obtained 1 of golovas4 (§5§lГолова Гарри-Поттера)
[29.05.2025 20:02:43][serveritem][give] tt_superr1sen obtained 1 of golovas4 (§5§lГолова Гарри-Поттера)
[29.05.2025 20:17:10][serveritem][give] TPaHb0JIOH obtained 1 of шарздоровья1 (§d§lШар Здоровья 1)
[29.05.2025 20:17:10][serveritem][give] TPaHb0JIOH obtained 1 of шарздоровья1 (§d§lШар Здоровья 1)
[29.05.2025 20:17:11][serveritem][give] TPaHb0JIOH obtained 1 of шарздоровья1 (§d§lШар Здоровья 1)
[29.05.2025 20:17:11][serveritem][give] TPaHb0JIOH obtained 1 of шарздоровья1 (§d§lШар Здоровья 1)
[29.05.2025 20:17:11][serveritem][give] TPaHb0JIOH obtained 1 of шарздоровья1 (§d§lШар Здоровья 1)
[29.05.2025 20:17:11][serveritem][give] TPaHb0JIOH obtained 1 of шарздоровья1 (§d§lШар Здоровья 1)
[29.05.2025 20:17:11][serveritem][give] TPaHb0JIOH obtained 1 of шарздоровья1 (§d§lШар Здоровья 1)
[29.05.2025 20:17:11][serveritem][give] TPaHb0JIOH obtained 1 of шарздоровья1 (§d§lШар Здоровья 1)
[29.05.2025 20:17:12][serveritem][give] TPaHb0JIOH obtained 1 of шарздоровья1 (§d§lШар Здоровья 1)
[29.05.2025 20:17:13][serveritem][give] TPaHb0JIOH obtained 1 of шарздоровья1 (§d§lШар Здоровья 1)
[29.05.2025 20:17:13][serveritem][give] TPaHb0JIOH obtained 1 of шарздоровья1 (§d§lШар Здоровья 1)
[29.05.2025 20:17:14][serveritem][give] TPaHb0JIOH obtained 1 of шарздоровья1 (§d§lШар Здоровья 1)
[29.05.2025 20:17:14][serveritem][give] TPaHb0JIOH obtained 1 of шарздоровья1 (§d§lШар Здоровья 1)
[29.05.2025 20:17:15][serveritem][give] TPaHb0JIOH obtained 1 of шарздоровья1 (§d§lШар Здоровья 1)
[29.05.2025 20:17:15][serveritem][give] TPaHb0JIOH obtained 1 of шарздоровья1 (§d§lШар Здоровья 1)
[29.05.2025 20:17:16][serveritem][give] TPaHb0JIOH obtained 1 of шарздоровья1 (§d§lШар Здоровья 1)
[29.05.2025 20:17:24][serveritem][give] TPaHb0JIOH obtained 1 of шаршипа1 (§2§lШар Шипов 1)
[29.05.2025 20:17:24][serveritem][give] TPaHb0JIOH obtained 1 of шаршипа1 (§2§lШар Шипов 1)
[29.05.2025 20:17:24][serveritem][give] TPaHb0JIOH obtained 1 of шаршипа1 (§2§lШар Шипов 1)
[29.05.2025 20:17:25][serveritem][give] TPaHb0JIOH obtained 1 of шаршипа1 (§2§lШар Шипов 1)
[29.05.2025 20:17:25][serveritem][give] TPaHb0JIOH obtained 1 of шаршипа1 (§2§lШар Шипов 1)
[29.05.2025 20:17:25][serveritem][give] TPaHb0JIOH obtained 1 of шаршипа1 (§2§lШар Шипов 1)
[29.05.2025 20:17:26][serveritem][give] TPaHb0JIOH obtained 1 of шаршипа1 (§2§lШар Шипов 1)
[29.05.2025 20:17:29][serveritem][give] TPaHb0JIOH obtained 1 of шаротбр2 (§9§lШар Отбрасывания 2)
[29.05.2025 20:17:38][serveritem][give] TPaHb0JIOH obtained 1 of шарздоровья1 (§d§lШар Здоровья 1)
[29.05.2025 20:19:46][serveritem][give] Fearless666 obtained 1 of шарздоровья2 (§d§lШар Здоровья 2)
[29.05.2025 20:19:46][serveritem][give] Fearless666 obtained 1 of шаршипа2 (§2§lШар Шипов 2)
[29.05.2025 20:19:47][serveritem][give] Fearless666 obtained 1 of шаршипа1 (§2§lШар Шипов 1)
[29.05.2025 20:19:47][serveritem][give] Fearless666 obtained 1 of шаротбр2 (§9§lШар Отбрасывания 2)
[29.05.2025 20:19:48][serveritem][give] Fearless666 obtained 1 of шарскорки1 (§3§lШар Скорости 1)
[29.05.2025 20:19:48][serveritem][give] Fearless666 obtained 1 of шарскорки1 (§3§lШар Скорости 1)
[29.05.2025 20:19:49][serveritem][give] Fearless666 obtained 1 of шарздоровья2 (§d§lШар Здоровья 2)
[29.05.2025 20:19:49][serveritem][give] Fearless666 obtained 1 of шаршипа2 (§2§lШар Шипов 2)
[29.05.2025 20:19:49][serveritem][give] Fearless666 obtained 1 of шарздоровья2 (§d§lШар Здоровья 2)
[29.05.2025 20:19:50][serveritem][give] Fearless666 obtained 1 of шарздоровья1 (§d§lШар Здоровья 1)
[29.05.2025 20:19:50][serveritem][give] Fearless666 obtained 1 of шарздоровья1 (§d§lШар Здоровья 1)
[29.05.2025 20:19:50][serveritem][give] Fearless666 obtained 1 of шарздоровья2 (§d§lШар Здоровья 2)
[29.05.2025 20:19:50][serveritem][give] Fearless666 obtained 1 of шарздоровья3 (§d§lШар Здоровья 3)
[29.05.2025 20:19:51][serveritem][give] Fearless666 obtained 1 of шарздоровья3 (§d§lШар Здоровья 3)
[29.05.2025 20:26:11][serveritem][give] 8926 obtained 1 of шарскорки2 (§3§lШар Скорости 2)
[29.05.2025 20:47:06][serveritem][give] Sohido1 obtained 1 of golovas4 (§5§lГолова Гарри-Поттера)
[29.05.2025 20:52:40][serveritem][give] shic obtained 1 of шарскорки2 (§3§lШар Скорости 2)
[29.05.2025 21:34:06][serveritem][give] regata94 obtained 1 of golovas1 (§e§lГолова Сема-Тарли)
[29.05.2025 21:34:06][serveritem][give] regata94 obtained 1 of секирахаоса (§4§lСекира Хаоса)
[29.05.2025 21:44:07][serveritem][give] shic obtained 1 of шарскорки2 (§3§lШар Скорости 2)
[29.05.2025 22:11:30][serveritem][give] XDtargeit obtained 1 of секирахаоса (§4§lСекира Хаоса)
[29.05.2025 23:06:58][serveritem][give] loveviku obtained 1 of секирахаоса (§4§lСекира Хаоса)
[29.05.2025 23:20:23][serveritem][give] loveviku obtained 1 of секирахаоса (§4§lСекира Хаоса)
[29.05.2025 23:36:26][serveritem][give] BLOOMz obtained 1 of golovas4 (§5§lГолова Гарри-Поттера)
[29.05.2025 23:59:34][serveritem][give] arte123m obtained 1 of шарздоровья2 (§d§lШар Здоровья 2)
