[16.05.2025 05:52:04][serveritem][give] MaksimKiewstar obtained 1 of шарздоровья3 (§d§lШар Здоровья 3)
[16.05.2025 06:27:26][serveritem][give] ALROO52 obtained 1 of golovas4 (§5§lГолова Гарри-Поттера)
[16.05.2025 08:43:15][serveritem][give] 13123222222 obtained 1 of секирахаоса (§4§lСекира Хаоса)
[16.05.2025 09:28:37][serveritem][give] GGa4eHbKa obtained 1 of golovas4 (§5§lГолова Гарри-Поттера)
[16.05.2025 10:25:25][serveritem][give] Mikous321 obtained 1 of шаршипа1 (§2§lШар Шипов 1)
[16.05.2025 10:31:40][serveritem][give] Br0wseHent_LORD obtained 1 of шарздоровья2 (§d§lШар Здоровья 2)
[16.05.2025 10:32:11][serveritem][give] svv obtained 1 of golovas4 (§5§lГолова Гарри-Поттера)
[16.05.2025 10:33:47][serveritem][give] iatraxnylteba obtained 1 of golovas4 (§5§lГолова Гарри-Поттера)
[16.05.2025 10:47:24][serveritem][give] Strick_moon obtained 1 of шарздоровья2 (§d§lШар Здоровья 2)
[16.05.2025 10:56:25][serveritem][give] Br0wseHent_LORD obtained 1 of шарздоровья1 (§d§lШар Здоровья 1)
[16.05.2025 11:01:27][serveritem][give] 13123222222 obtained 1 of golovas4 (§5§lГолова Гарри-Поттера)
[16.05.2025 11:04:55][serveritem][give] Mikous321 obtained 1 of golovas4 (§5§lГолова Гарри-Поттера)
[16.05.2025 11:29:53][serveritem][give] Do3a_Dexa_XD obtained 1 of шарздоровья3 (§d§lШар Здоровья 3)
[16.05.2025 11:34:36][serveritem][give] sosiska_piska obtained 1 of golovas1 (§e§lГолова Сема-Тарли)
[16.05.2025 11:39:07][serveritem][give] Strick_moon obtained 1 of golovas4 (§5§lГолова Гарри-Поттера)
[16.05.2025 11:43:50][serveritem][give] DmitriTTodvoxoB obtained 1 of шарскорки2 (§3§lШар Скорости 2)
[16.05.2025 11:53:50][serveritem][give] Dexterr obtained 1 of шаршипа1 (§2§lШар Шипов 1)
[16.05.2025 11:55:28][serveritem][give] watka obtained 1 of шарздоровья3 (§d§lШар Здоровья 3)
[16.05.2025 11:55:54][serveritem][give] rgnh5r obtained 1 of golovas1 (§e§lГолова Сема-Тарли)
[16.05.2025 11:56:37][serveritem][give] watka obtained 1 of шарздоровья1 (§d§lШар Здоровья 1)
[16.05.2025 11:56:41][serveritem][give] watka obtained 1 of шарздоровья3 (§d§lШар Здоровья 3)
[16.05.2025 11:56:42][serveritem][give] watka obtained 1 of шарздоровья1 (§d§lШар Здоровья 1)
[16.05.2025 12:07:05][serveritem][give] aerokrutoy obtained 1 of golovas4 (§5§lГолова Гарри-Поттера)
[16.05.2025 12:20:49][serveritem][give] NeDaniel123321 obtained 1 of шарздоровья3 (§d§lШар Здоровья 3)
[16.05.2025 12:21:03][serveritem][give] hHhbmftH obtained 1 of шарскорки1 (§3§lШар Скорости 1)
[16.05.2025 12:42:48][serveritem][give] GGa4eHbKa obtained 1 of шарскорки2 (§3§lШар Скорости 2)
[16.05.2025 12:46:30][serveritem][give] NeDaniel123321 obtained 1 of golovas3 (§6§l§nГэндальф)
[16.05.2025 12:53:59][serveritem][give] NewLauncher4251 obtained 1 of golovas4 (§5§lГолова Гарри-Поттера)
[16.05.2025 13:25:08][serveritem][give] palov200 obtained 1 of секирахаоса (§4§lСекира Хаоса)
[16.05.2025 13:31:25][serveritem][give] zVerixYT obtained 1 of шарскорки2 (§3§lШар Скорости 2)
[16.05.2025 13:47:54][serveritem][give] Crictiano obtained 1 of golovas4 (§5§lГолова Гарри-Поттера)
[16.05.2025 13:48:14][serveritem][give] CHOC_py3oM_ezz0k obtained 1 of golovas4 (§5§lГолова Гарри-Поттера)
[16.05.2025 13:53:20][serveritem][give] BarneyQdlll obtained 1 of golovas4 (§5§lГолова Гарри-Поттера)
[16.05.2025 14:23:31][serveritem][give] NeDaniel123321 obtained 1 of golovas4 (§5§lГолова Гарри-Поттера)
[16.05.2025 14:31:10][serveritem][give] botsuk594 obtained 1 of golovas4 (§5§lГолова Гарри-Поттера)
[16.05.2025 14:46:43][serveritem][give] problematishoys obtained 1 of шарздоровья3 (§d§lШар Здоровья 3)
[16.05.2025 14:51:51][serveritem][give] Zanda4kaNew obtained 1 of golovas4 (§5§lГолова Гарри-Поттера)
[16.05.2025 14:52:48][serveritem][give] Themarias obtained 1 of golovas4 (§5§lГолова Гарри-Поттера)
[16.05.2025 14:57:10][serveritem][give] larep obtained 1 of golovas1 (§e§lГолова Сема-Тарли)
[16.05.2025 15:00:55][serveritem][give] styl777 obtained 1 of golovas4 (§5§lГолова Гарри-Поттера)
[16.05.2025 15:11:33][serveritem][give] bogmankafta obtained 1 of шарскорки2 (§3§lШар Скорости 2)
[16.05.2025 15:17:08][serveritem][give] MSVena obtained 1 of шарздоровья3 (§d§lШар Здоровья 3)
[16.05.2025 15:21:21][serveritem][give] zxc_dagon obtained 1 of шарскорки2 (§3§lШар Скорости 2)
[16.05.2025 15:23:55][serveritem][give] aaawwwqqqsss obtained 1 of golovas1 (§e§lГолова Сема-Тарли)
[16.05.2025 15:24:32][serveritem][give] aaawwwqqqsss obtained 1 of golovas4 (§5§lГолова Гарри-Поттера)
[16.05.2025 15:29:16][serveritem][give] VearWexess obtained 1 of golovas4 (§5§lГолова Гарри-Поттера)
[16.05.2025 15:30:43][serveritem][give] virusew obtained 1 of шарскорки2 (§3§lШар Скорости 2)
[16.05.2025 15:31:46][serveritem][give] dadsisasas obtained 1 of golovas4 (§5§lГолова Гарри-Поттера)
[16.05.2025 15:31:54][serveritem][give] dadsisasas obtained 1 of секирахаоса (§4§lСекира Хаоса)
[16.05.2025 15:34:48][serveritem][give] swenntyx obtained 1 of шарздоровья3 (§d§lШар Здоровья 3)
[16.05.2025 15:37:11][serveritem][give] VearWexess obtained 1 of golovas1 (§e§lГолова Сема-Тарли)
[16.05.2025 15:53:11][serveritem][give] loppo100109 obtained 1 of секирахаоса (§4§lСекира Хаоса)
[16.05.2025 15:56:58][serveritem][give] swenntyx obtained 1 of шаршипа2 (§2§lШар Шипов 2)
[16.05.2025 15:59:43][serveritem][give] Ustum1234 obtained 1 of шарздоровья3 (§d§lШар Здоровья 3)
[16.05.2025 16:02:01][serveritem][give] lololo10i2 obtained 1 of golovas4 (§5§lГолова Гарри-Поттера)
[16.05.2025 16:02:03][serveritem][give] swenntyx obtained 1 of golovas4 (§5§lГолова Гарри-Поттера)
[16.05.2025 16:02:40][serveritem][give] Askisja obtained 1 of секирахаоса (§4§lСекира Хаоса)
[16.05.2025 16:02:43][serveritem][give] Askisja obtained 1 of golovas2 (§b§lГолова Цири)
[16.05.2025 16:02:48][serveritem][give] miroslavzabinoi obtained 1 of шарскорки2 (§3§lШар Скорости 2)
[16.05.2025 16:03:04][serveritem][give] Younswa obtained 1 of golovas4 (§5§lГолова Гарри-Поттера)
[16.05.2025 16:25:20][serveritem][give] sevek obtained 1 of golovas1 (§e§lГолова Сема-Тарли)
[16.05.2025 16:26:43][serveritem][give] Kosmos obtained 1 of шарздоровья3 (§d§lШар Здоровья 3)
[16.05.2025 16:27:48][serveritem][give] Night_2013 obtained 1 of шарздоровья3 (§d§lШар Здоровья 3)
[16.05.2025 16:30:59][serveritem][give] two_side obtained 1 of шарздоровья3 (§d§lШар Здоровья 3)
[16.05.2025 16:31:22][serveritem][give] yrfhchw obtained 1 of шаротбр1 (§9§lШар Отбрасывания 1)
[16.05.2025 16:56:11][serveritem][give] RabidBaton10680 obtained 1 of golovas4 (§5§lГолова Гарри-Поттера)
[16.05.2025 16:59:48][serveritem][give] RabidBaton10680 obtained 1 of шарздоровья1 (§d§lШар Здоровья 1)
[16.05.2025 17:03:37][serveritem][give] watka obtained 1 of golovas1 (§e§lГолова Сема-Тарли)
[16.05.2025 17:03:38][serveritem][give] watka obtained 1 of golovas1 (§e§lГолова Сема-Тарли)
[16.05.2025 17:03:39][serveritem][give] watka obtained 1 of golovas1 (§e§lГолова Сема-Тарли)
[16.05.2025 17:04:42][serveritem][give] Rabgggg obtained 1 of шарздоровья1 (§d§lШар Здоровья 1)
[16.05.2025 17:09:10][serveritem][give] dozeny obtained 1 of шарскорки2 (§3§lШар Скорости 2)
[16.05.2025 17:15:43][serveritem][give] Baksik_100 obtained 1 of golovas4 (§5§lГолова Гарри-Поттера)
[16.05.2025 17:16:13][serveritem][give] AdBoKaT_CATOHE obtained 1 of golovas4 (§5§lГолова Гарри-Поттера)
[16.05.2025 17:18:19][serveritem][give] swenntyx obtained 1 of шарздоровья3 (§d§lШар Здоровья 3)
[16.05.2025 17:20:11][serveritem][give] virusew obtained 1 of шарскорки2 (§3§lШар Скорости 2)
[16.05.2025 17:25:45][serveritem][give] sevek obtained 1 of golovas4 (§5§lГолова Гарри-Поттера)
[16.05.2025 17:37:04][serveritem][give] rtfdewggddds obtained 1 of golovas2 (§b§lГолова Цири)
[16.05.2025 17:46:54][serveritem][give] rule34xxx obtained 1 of golovas1 (§e§lГолова Сема-Тарли)
[16.05.2025 17:56:01][serveritem][give] MadMid obtained 1 of шарскорки1 (§3§lШар Скорости 1)
[16.05.2025 18:01:55][serveritem][give] NeDaniel123321 obtained 1 of golovas4 (§5§lГолова Гарри-Поттера)
[16.05.2025 18:08:35][serveritem][give] pve_terp obtained 1 of шарздоровья2 (§d§lШар Здоровья 2)
[16.05.2025 18:17:39][serveritem][give] RASPYAT2 obtained 1 of шарздоровья2 (§d§lШар Здоровья 2)
[16.05.2025 18:21:08][serveritem][give] A_Skill obtained 1 of шарздоровья1 (§d§lШар Здоровья 1)
[16.05.2025 18:36:20][serveritem][give] palov200 obtained 1 of golovas2 (§b§lГолова Цири)
[16.05.2025 18:36:20][serveritem][give] palov200 obtained 1 of секирахаоса (§4§lСекира Хаоса)
[16.05.2025 18:37:54][serveritem][give] palov200 obtained 1 of golovas1 (§e§lГолова Сема-Тарли)
[16.05.2025 18:46:06][serveritem][give] jsjdn obtained 1 of golovas1 (§e§lГолова Сема-Тарли)
[16.05.2025 18:50:57][serveritem][give] logotip_molchan obtained 1 of golovas1 (§e§lГолова Сема-Тарли)
[16.05.2025 18:58:23][serveritem][give] 3JLou_3AdrOT253 obtained 1 of шарскорки2 (§3§lШар Скорости 2)
[16.05.2025 19:32:15][serveritem][give] DoziK_Lox obtained 1 of golovas4 (§5§lГолова Гарри-Поттера)
[16.05.2025 20:40:20][serveritem][give] Kot_Rayzen__o obtained 1 of golovas4 (§5§lГолова Гарри-Поттера)
[16.05.2025 21:29:40][serveritem][give] hearts1de obtained 1 of шарскорки1 (§3§lШар Скорости 1)
[16.05.2025 21:29:40][serveritem][give] hearts1de obtained 1 of шарздоровья1 (§d§lШар Здоровья 1)
[16.05.2025 21:29:41][serveritem][give] hearts1de obtained 1 of шаршипа1 (§2§lШар Шипов 1)
