[09.06.2025 00:25:00][serveritem][give] disortedmemories obtained 1 of шарскорки2 (§3§lШар Скорости 2)
[09.06.2025 01:26:17][serveritem][give] Friarcies obtained 1 of шарздоровья1 (§d§lШар Здоровья 1)
[09.06.2025 03:56:14][serveritem][give] MrChebypeli obtained 1 of шарздоровья3 (§d§lШар Здоровья 3)
[09.06.2025 04:22:59][serveritem][give] zxc_ff1_dacd obtained 1 of секирахаоса (§4§lСекира Хаоса)
[09.06.2025 04:23:13][serveritem][give] zxc_ff1_dacd obtained 1 of golovas1 (§e§lГолова Сема-Тарли)
[09.06.2025 05:18:54][serveritem][give] Kirish_228 obtained 1 of секирахаоса (§4§lСекира Хаоса)
[09.06.2025 05:25:47][serveritem][give] Kirish_228 obtained 1 of шарздоровья3 (§d§lШар Здоровья 3)
[09.06.2025 05:55:07][serveritem][give] ignGladiator9591 obtained 1 of шаршипа1 (§2§lШар Шипов 1)
[09.06.2025 06:06:55][serveritem][give] auf192 obtained 1 of golovas4 (§5§lГолова Гарри-Поттера)
[09.06.2025 06:13:48][serveritem][give] Dude11 obtained 1 of секирахаоса (§4§lСекира Хаоса)
[09.06.2025 06:13:58][serveritem][give] Dude11 obtained 1 of golovas1 (§e§lГолова Сема-Тарли)
[09.06.2025 06:20:00][serveritem][give] nine12345 obtained 1 of секирахаоса (§4§lСекира Хаоса)
[09.06.2025 06:20:02][serveritem][give] nine12345 obtained 1 of golovas4 (§5§lГолова Гарри-Поттера)
[09.06.2025 06:34:38][serveritem][give] fafawfv obtained 1 of golovas4 (§5§lГолова Гарри-Поттера)
[09.06.2025 06:35:31][serveritem][give] artem_220 obtained 1 of golovas4 (§5§lГолова Гарри-Поттера)
[09.06.2025 06:36:20][serveritem][give] fafawfv obtained 1 of шарздоровья1 (§d§lШар Здоровья 1)
[09.06.2025 06:38:46][serveritem][give] afwfd obtained 1 of шарздоровья2 (§d§lШар Здоровья 2)
[09.06.2025 06:43:28][serveritem][give] huhfdwyu obtained 1 of шарздоровья3 (§d§lШар Здоровья 3)
[09.06.2025 07:00:37][serveritem][give] KLauncher_xdpxas obtained 1 of golovas2 (§b§lГолова Цири)
[09.06.2025 07:03:21][serveritem][give] almaziiik_11 obtained 1 of golovas4 (§5§lГолова Гарри-Поттера)
[09.06.2025 07:15:34][serveritem][give] Emils_sigma obtained 1 of шарскорки2 (§3§lШар Скорости 2)
[09.06.2025 07:21:31][serveritem][give] sksssdlolwwwew obtained 1 of шарздоровья2 (§d§lШар Здоровья 2)
[09.06.2025 07:22:45][serveritem][give] Werty567vm obtained 1 of секирахаоса (§4§lСекира Хаоса)
[09.06.2025 07:23:33][serveritem][give] Pashka1564 obtained 1 of golovas4 (§5§lГолова Гарри-Поттера)
[09.06.2025 07:23:51][serveritem][give] Pashka1564 obtained 1 of секирахаоса (§4§lСекира Хаоса)
[09.06.2025 07:27:50][serveritem][give] Killler_tigr obtained 1 of шарскорки2 (§3§lШар Скорости 2)
[09.06.2025 07:33:20][serveritem][give] kakaxa12345 obtained 1 of шаротбр2 (§9§lШар Отбрасывания 2)
[09.06.2025 07:34:51][serveritem][give] ScionBelt747678 obtained 1 of шарскорки2 (§3§lШар Скорости 2)
[09.06.2025 07:36:22][serveritem][give] Werty567vm obtained 1 of шарздоровья3 (§d§lШар Здоровья 3)
[09.06.2025 07:39:23][serveritem][give] vvvvvvvvvv obtained 1 of шарздоровья2 (§d§lШар Здоровья 2)
[09.06.2025 07:40:04][serveritem][give] megaflopa obtained 1 of golovas4 (§5§lГолова Гарри-Поттера)
[09.06.2025 07:40:04][serveritem][give] megaflopa obtained 1 of golovas4 (§5§lГолова Гарри-Поттера)
[09.06.2025 07:40:04][serveritem][give] megaflopa obtained 1 of golovas4 (§5§lГолова Гарри-Поттера)
[09.06.2025 07:40:04][serveritem][give] megaflopa obtained 1 of golovas4 (§5§lГолова Гарри-Поттера)
[09.06.2025 07:40:05][serveritem][give] megaflopa obtained 1 of golovas1 (§e§lГолова Сема-Тарли)
[09.06.2025 07:40:05][serveritem][give] megaflopa obtained 1 of golovas1 (§e§lГолова Сема-Тарли)
[09.06.2025 07:40:07][serveritem][give] megaflopa obtained 1 of golovas1 (§e§lГолова Сема-Тарли)
[09.06.2025 07:40:08][serveritem][give] megaflopa obtained 1 of golovas3 (§6§l§nГэндальф)
[09.06.2025 07:40:08][serveritem][give] megaflopa obtained 1 of golovas2 (§b§lГолова Цири)
[09.06.2025 07:40:09][serveritem][give] megaflopa obtained 1 of golovas3 (§6§l§nГэндальф)
[09.06.2025 07:40:10][serveritem][give] megaflopa obtained 1 of golovas2 (§b§lГолова Цири)
[09.06.2025 07:40:10][serveritem][give] megaflopa obtained 1 of golovas3 (§6§l§nГэндальф)
[09.06.2025 07:40:10][serveritem][give] megaflopa obtained 1 of golovas2 (§b§lГолова Цири)
[09.06.2025 07:40:11][serveritem][give] megaflopa obtained 1 of golovas3 (§6§l§nГэндальф)
[09.06.2025 07:40:11][serveritem][give] megaflopa obtained 1 of golovas2 (§b§lГолова Цири)
[09.06.2025 07:42:37][serveritem][give] ooooooo obtained 1 of шарздоровья1 (§d§lШар Здоровья 1)
[09.06.2025 07:44:11][serveritem][give] rwef215reg obtained 1 of шарздоровья2 (§d§lШар Здоровья 2)
[09.06.2025 07:45:31][serveritem][give] aaaaaaaa obtained 1 of шарздоровья1 (§d§lШар Здоровья 1)
[09.06.2025 07:45:41][serveritem][give] 42342reg obtained 1 of шарздоровья3 (§d§lШар Здоровья 3)
[09.06.2025 07:49:11][serveritem][give] 2342reg2 obtained 1 of шарздоровья1 (§d§lШар Здоровья 1)
[09.06.2025 07:50:20][serveritem][give] dddddddddddd obtained 1 of шарздоровья3 (§d§lШар Здоровья 3)
[09.06.2025 07:52:49][serveritem][give] ffffffffffff obtained 1 of шарздоровья1 (§d§lШар Здоровья 1)
[09.06.2025 07:53:25][serveritem][give] 234134reg obtained 1 of шарскорки1 (§3§lШар Скорости 1)
[09.06.2025 07:54:17][serveritem][give] 20202014 obtained 1 of шарздоровья3 (§d§lШар Здоровья 3)
[09.06.2025 07:55:52][serveritem][give] Tapok777 obtained 1 of шаротбр2 (§9§lШар Отбрасывания 2)
[09.06.2025 07:57:49][serveritem][give] Qwwiz1xx obtained 1 of golovas4 (§5§lГолова Гарри-Поттера)
[09.06.2025 08:08:13][serveritem][give] hupea_tynenia obtained 1 of шарздоровья3 (§d§lШар Здоровья 3)
[09.06.2025 08:14:02][serveritem][give] vafsh obtained 1 of шарздоровья3 (§d§lШар Здоровья 3)
[09.06.2025 08:24:23][serveritem][give] BARAB9 obtained 1 of шарскорки2 (§3§lШар Скорости 2)
[09.06.2025 08:27:39][serveritem][give] aoi2g0095 obtained 1 of golovas4 (§5§lГолова Гарри-Поттера)
[09.06.2025 08:27:39][serveritem][give] aoi2g0095 obtained 1 of секирахаоса (§4§lСекира Хаоса)
[09.06.2025 08:27:42][serveritem][give] SqfYvxCC obtained 1 of golovas4 (§5§lГолова Гарри-Поттера)
[09.06.2025 08:34:02][serveritem][give] lera_mne_15let obtained 1 of golovas4 (§5§lГолова Гарри-Поттера)
[09.06.2025 08:50:12][serveritem][give] dms1779 obtained 1 of golovas3 (§6§l§nГэндальф)
[09.06.2025 08:54:37][serveritem][give] 31241reg1 obtained 1 of шарздоровья2 (§d§lШар Здоровья 2)
[09.06.2025 08:57:41][serveritem][give] udacha_xuiny obtained 1 of шарскорки2 (§3§lШар Скорости 2)
[09.06.2025 09:00:05][serveritem][give] goida77 obtained 1 of шарздоровья2 (§d§lШар Здоровья 2)
[09.06.2025 09:02:17][serveritem][give] modera_pidagogi obtained 1 of шарздоровья3 (§d§lШар Здоровья 3)
[09.06.2025 09:12:33][serveritem][give] sigma777pro obtained 1 of golovas4 (§5§lГолова Гарри-Поттера)
[09.06.2025 09:16:57][serveritem][give] ASLAM obtained 1 of шарздоровья2 (§d§lШар Здоровья 2)
[09.06.2025 09:22:48][serveritem][give] luchik0604 obtained 1 of golovas4 (§5§lГолова Гарри-Поттера)
[09.06.2025 09:26:25][serveritem][give] LoveKnanzo obtained 1 of golovas4 (§5§lГолова Гарри-Поттера)
[09.06.2025 09:27:23][serveritem][give] LoveKnanzo obtained 1 of секирахаоса (§4§lСекира Хаоса)
[09.06.2025 09:31:18][serveritem][give] vetal999 obtained 1 of golovas4 (§5§lГолова Гарри-Поттера)
[09.06.2025 09:31:19][serveritem][give] vetal999 obtained 1 of секирахаоса (§4§lСекира Хаоса)
[09.06.2025 09:32:48][serveritem][give] Movietone_MST obtained 1 of golovas4 (§5§lГолова Гарри-Поттера)
[09.06.2025 09:35:16][serveritem][give] BARAB9 obtained 1 of golovas4 (§5§lГолова Гарри-Поттера)
[09.06.2025 09:48:26][serveritem][give] gfgf473 obtained 1 of шарздоровья3 (§d§lШар Здоровья 3)
[09.06.2025 09:48:29][serveritem][give] penka4567 obtained 1 of golovas2 (§b§lГолова Цири)
[09.06.2025 09:49:17][serveritem][give] penka4567 obtained 1 of golovas4 (§5§lГолова Гарри-Поттера)
[09.06.2025 09:59:55][serveritem][give] 324324 obtained 1 of golovas4 (§5§lГолова Гарри-Поттера)
[09.06.2025 10:06:18][serveritem][give] ganwe obtained 1 of шарскорки2 (§3§lШар Скорости 2)
[09.06.2025 10:13:21][serveritem][give] Kakaha_dekobraza obtained 1 of golovas4 (§5§lГолова Гарри-Поттера)
[09.06.2025 10:16:42][serveritem][give] Thepulmas2 obtained 1 of golovas4 (§5§lГолова Гарри-Поттера)
[09.06.2025 10:16:42][serveritem][give] Thepulmas2 obtained 1 of golovas4 (§5§lГолова Гарри-Поттера)
[09.06.2025 10:44:20][serveritem][give] artem321 obtained 1 of golovas4 (§5§lГолова Гарри-Поттера)
[09.06.2025 11:18:26][serveritem][give] zek_afk obtained 1 of golovas4 (§5§lГолова Гарри-Поттера)
[09.06.2025 11:28:42][serveritem][give] hehgeahwg obtained 1 of шарздоровья2 (§d§lШар Здоровья 2)
[09.06.2025 11:38:38][serveritem][give] ilkinrrrrrrr1234 obtained 1 of golovas4 (§5§lГолова Гарри-Поттера)
[09.06.2025 12:04:43][serveritem][give] LegendRw201352gg obtained 1 of golovas3 (§6§l§nГэндальф)
[09.06.2025 12:08:36][serveritem][give] zotex115500 obtained 1 of шарскорки2 (§3§lШар Скорости 2)
[09.06.2025 12:12:16][serveritem][give] ReS_qo obtained 1 of шарздоровья3 (§d§lШар Здоровья 3)
[09.06.2025 12:15:29][serveritem][give] zotex115500 obtained 1 of шарскорки2 (§3§lШар Скорости 2)
[09.06.2025 12:16:22][serveritem][give] ANTONddd11 obtained 1 of шарздоровья2 (§d§lШар Здоровья 2)
[09.06.2025 12:17:39][serveritem][give] blessmegod obtained 1 of секирахаоса (§4§lСекира Хаоса)
[09.06.2025 12:32:14][serveritem][give] artem321 obtained 1 of golovas4 (§5§lГолова Гарри-Поттера)
[09.06.2025 12:42:18][serveritem][give] ltzRcalMe obtained 1 of golovas4 (§5§lГолова Гарри-Поттера)
[09.06.2025 12:43:35][serveritem][give] Danichk7736 obtained 1 of секирахаоса (§4§lСекира Хаоса)
[09.06.2025 12:56:03][serveritem][give] jigari123 obtained 1 of golovas4 (§5§lГолова Гарри-Поттера)
[09.06.2025 13:13:10][serveritem][give] eqw_rrtbroshka obtained 1 of секирахаоса (§4§lСекира Хаоса)
[09.06.2025 13:13:11][serveritem][give] eqw_rrtbroshka obtained 1 of golovas4 (§5§lГолова Гарри-Поттера)
[09.06.2025 13:18:57][serveritem][give] eqw_rrtbroshka obtained 1 of golovas3 (§6§l§nГэндальф)
[09.06.2025 13:19:29][serveritem][give] artem098 obtained 1 of golovas4 (§5§lГолова Гарри-Поттера)
[09.06.2025 13:19:56][serveritem][give] OuterSheet07585 obtained 1 of golovas4 (§5§lГолова Гарри-Поттера)
[09.06.2025 13:21:03][serveritem][give] Muuuph obtained 1 of golovas4 (§5§lГолова Гарри-Поттера)
[09.06.2025 13:21:54][serveritem][give] OuterSheet07585 obtained 1 of секирахаоса (§4§lСекира Хаоса)
[09.06.2025 13:24:32][serveritem][give] 1212Ivanchik obtained 1 of секирахаоса (§4§lСекира Хаоса)
[09.06.2025 13:42:47][serveritem][give] artem999 obtained 1 of golovas4 (§5§lГолова Гарри-Поттера)
[09.06.2025 13:46:18][serveritem][give] _bladct obtained 1 of шарздоровья1 (§d§lШар Здоровья 1)
[09.06.2025 13:48:04][serveritem][give] hajimurad obtained 1 of golovas3 (§6§l§nГэндальф)
[09.06.2025 13:50:09][serveritem][give] hehgeahwg obtained 1 of секирахаоса (§4§lСекира Хаоса)
[09.06.2025 13:50:30][serveritem][give] ANTONddd11 obtained 1 of golovas4 (§5§lГолова Гарри-Поттера)
[09.06.2025 13:53:40][serveritem][give] ShadowPirst obtained 1 of golovas1 (§e§lГолова Сема-Тарли)
[09.06.2025 14:00:03][serveritem][give] Dizlaid obtained 1 of шарздоровья3 (§d§lШар Здоровья 3)
[09.06.2025 14:00:09][serveritem][give] Dizlaid obtained 1 of шарскорки2 (§3§lШар Скорости 2)
[09.06.2025 14:16:04][serveritem][give] _4EPEIIAIIIE4KA_ obtained 1 of golovas4 (§5§lГолова Гарри-Поттера)
[09.06.2025 14:28:46][serveritem][give] BARAB9 obtained 1 of секирахаоса (§4§lСекира Хаоса)
[09.06.2025 14:30:25][serveritem][give] rerere1234 obtained 1 of шарздоровья2 (§d§lШар Здоровья 2)
[09.06.2025 14:31:07][serveritem][give] Kirish_228 obtained 1 of шаротбр1 (§9§lШар Отбрасывания 1)
[09.06.2025 14:32:13][serveritem][give] fuckyourmemory obtained 1 of шарздоровья2 (§d§lШар Здоровья 2)
[09.06.2025 14:43:00][serveritem][give] artem1516 obtained 1 of golovas1 (§e§lГолова Сема-Тарли)
[09.06.2025 14:49:45][serveritem][give] topik558228 obtained 1 of golovas4 (§5§lГолова Гарри-Поттера)
[09.06.2025 14:49:45][serveritem][give] topik558228 obtained 1 of golovas4 (§5§lГолова Гарри-Поттера)
[09.06.2025 14:52:22][serveritem][give] Eldar43083 obtained 1 of секирахаоса (§4§lСекира Хаоса)
[09.06.2025 14:53:24][serveritem][give] Laxeze3344 obtained 1 of секирахаоса (§4§lСекира Хаоса)
[09.06.2025 14:53:28][serveritem][give] Laxeze3344 obtained 1 of golovas1 (§e§lГолова Сема-Тарли)
[09.06.2025 14:55:23][serveritem][give] Marlen4ik obtained 1 of golovas3 (§6§l§nГэндальф)
[09.06.2025 14:55:24][serveritem][give] Marlen4ik obtained 1 of golovas4 (§5§lГолова Гарри-Поттера)
[09.06.2025 14:56:06][serveritem][give] Marlen4ik obtained 1 of секирахаоса (§4§lСекира Хаоса)
[09.06.2025 15:08:15][serveritem][give] nicless obtained 1 of шарздоровья3 (§d§lШар Здоровья 3)
[09.06.2025 15:14:42][serveritem][give] nine12345 obtained 1 of golovas1 (§e§lГолова Сема-Тарли)
[09.06.2025 15:14:42][serveritem][give] nine12345 obtained 1 of golovas2 (§b§lГолова Цири)
[09.06.2025 15:14:43][serveritem][give] nine12345 obtained 1 of golovas3 (§6§l§nГэндальф)
[09.06.2025 15:15:52][serveritem][give] sin_shlyxi666 obtained 1 of шарздоровья3 (§d§lШар Здоровья 3)
[09.06.2025 15:17:51][serveritem][give] topik558227 obtained 1 of golovas4 (§5§lГолова Гарри-Поттера)
[09.06.2025 15:29:24][serveritem][give] Onix777 obtained 1 of golovas1 (§e§lГолова Сема-Тарли)
[09.06.2025 15:37:38][serveritem][give] geniwxxx obtained 1 of golovas2 (§b§lГолова Цири)
[09.06.2025 15:38:25][serveritem][give] geniwxxx obtained 1 of golovas2 (§b§lГолова Цири)
[09.06.2025 15:38:26][serveritem][give] geniwxxx obtained 1 of golovas2 (§b§lГолова Цири)
[09.06.2025 15:38:26][serveritem][give] geniwxxx obtained 1 of golovas2 (§b§lГолова Цири)
[09.06.2025 15:42:17][serveritem][give] popabobra1 obtained 1 of шарскорки2 (§3§lШар Скорости 2)
[09.06.2025 15:42:38][serveritem][give] qohada234 obtained 1 of шарздоровья1 (§d§lШар Здоровья 1)
[09.06.2025 15:48:56][serveritem][give] Den37K obtained 1 of шарскорки2 (§3§lШар Скорости 2)
[09.06.2025 15:48:58][serveritem][give] bobo_gg_guys obtained 1 of шарскорки2 (§3§lШар Скорости 2)
[09.06.2025 15:49:30][serveritem][give] bobo_gg_guys obtained 1 of секирахаоса (§4§lСекира Хаоса)
[09.06.2025 15:49:32][serveritem][give] bobo_gg_guys obtained 1 of golovas4 (§5§lГолова Гарри-Поттера)
[09.06.2025 16:03:40][serveritem][give] AXMED4754 obtained 1 of golovas4 (§5§lГолова Гарри-Поттера)
[09.06.2025 16:06:36][serveritem][give] AXMED4754 obtained 1 of шарздоровья3 (§d§lШар Здоровья 3)
[09.06.2025 16:07:02][serveritem][give] leraDDD777 obtained 1 of шарскорки2 (§3§lШар Скорости 2)
[09.06.2025 16:33:15][serveritem][give] megaflopa obtained 1 of golovas4 (§5§lГолова Гарри-Поттера)
[09.06.2025 16:33:25][serveritem][give] megaflopa obtained 1 of golovas1 (§e§lГолова Сема-Тарли)
[09.06.2025 16:37:26][serveritem][give] Ars_2087 obtained 1 of шарскорки2 (§3§lШар Скорости 2)
[09.06.2025 16:37:26][serveritem][give] Ars_2087 obtained 1 of шарскорки2 (§3§lШар Скорости 2)
[09.06.2025 16:39:17][serveritem][give] Dimasik2014 obtained 1 of шарскорки2 (§3§lШар Скорости 2)
[09.06.2025 16:43:05][serveritem][give] kostya_123456911 obtained 1 of шарздоровья2 (§d§lШар Здоровья 2)
[09.06.2025 16:43:05][serveritem][give] kostya_123456911 obtained 1 of шарскорки2 (§3§lШар Скорости 2)
[09.06.2025 16:45:48][serveritem][give] Marlen4ik obtained 1 of шарскорки2 (§3§lШар Скорости 2)
[09.06.2025 16:50:44][serveritem][give] kuallaUA obtained 1 of шарскорки2 (§3§lШар Скорости 2)
[09.06.2025 16:54:54][serveritem][give] xachik201434 obtained 1 of секирахаоса (§4§lСекира Хаоса)
[09.06.2025 16:56:30][serveritem][give] 3000IQ_HA obtained 1 of секирахаоса (§4§lСекира Хаоса)
[09.06.2025 17:05:34][serveritem][give] EgorE12345gg432 obtained 1 of секирахаоса (§4§lСекира Хаоса)
[09.06.2025 17:05:37][serveritem][give] EgorE12345gg432 obtained 1 of golovas3 (§6§l§nГэндальф)
[09.06.2025 17:25:13][serveritem][give] artist_26840 obtained 1 of golovas1 (§e§lГолова Сема-Тарли)
[09.06.2025 17:25:27][serveritem][give] LakiBloki obtained 1 of golovas4 (§5§lГолова Гарри-Поттера)
[09.06.2025 17:35:41][serveritem][give] Eldar43081111 obtained 1 of секирахаоса (§4§lСекира Хаоса)
[09.06.2025 17:37:49][serveritem][give] Emin_9856445 obtained 1 of шарздоровья3 (§d§lШар Здоровья 3)
[09.06.2025 17:39:23][serveritem][give] Dizlaid obtained 1 of секирахаоса (§4§lСекира Хаоса)
[09.06.2025 17:39:35][serveritem][give] peigorno3322 obtained 1 of golovas1 (§e§lГолова Сема-Тарли)
[09.06.2025 17:42:06][serveritem][give] Stoian obtained 1 of golovas1 (§e§lГолова Сема-Тарли)
[09.06.2025 17:49:45][serveritem][give] tipakuallalox obtained 1 of шарскорки2 (§3§lШар Скорости 2)
[09.06.2025 17:49:48][serveritem][give] tipakuallalox obtained 1 of шарздоровья3 (§d§lШар Здоровья 3)
[09.06.2025 17:51:18][serveritem][give] pupsik1337_Pro obtained 1 of golovas4 (§5§lГолова Гарри-Поттера)
[09.06.2025 17:56:59][serveritem][give] ZABIVNOY_KOLIA obtained 1 of golovas4 (§5§lГолова Гарри-Поттера)
[09.06.2025 18:05:04][serveritem][give] sigma777pro obtained 1 of golovas4 (§5§lГолова Гарри-Поттера)
[09.06.2025 18:06:10][serveritem][give] kovasaki69 obtained 1 of секирахаоса (§4§lСекира Хаоса)
[09.06.2025 18:12:06][serveritem][give] Den37K obtained 1 of golovas4 (§5§lГолова Гарри-Поттера)
[09.06.2025 18:16:43][serveritem][give] 13413reg123 obtained 1 of шарздоровья2 (§d§lШар Здоровья 2)
[09.06.2025 18:28:22][serveritem][give] sigma777pro obtained 1 of шарскорки2 (§3§lШар Скорости 2)
[09.06.2025 18:28:28][serveritem][give] sigma777pro obtained 1 of шарздоровья3 (§d§lШар Здоровья 3)
[09.06.2025 18:28:40][serveritem][give] sigma777pro obtained 1 of golovas4 (§5§lГолова Гарри-Поттера)
[09.06.2025 18:31:16][serveritem][give] sasha_apple2012 obtained 1 of шарздоровья3 (§d§lШар Здоровья 3)
[09.06.2025 18:33:20][serveritem][give] vetal999 obtained 1 of секирахаоса (§4§lСекира Хаоса)
[09.06.2025 18:46:12][serveritem][give] Xpirat_NO obtained 1 of секирахаоса (§4§lСекира Хаоса)
[09.06.2025 18:52:24][serveritem][give] werty567 obtained 1 of шарскорки1 (§3§lШар Скорости 1)
[09.06.2025 19:03:31][serveritem][give] IZI____MEN obtained 1 of golovas1 (§e§lГолова Сема-Тарли)
[09.06.2025 19:05:32][serveritem][give] rerere1234 obtained 1 of шарздоровья3 (§d§lШар Здоровья 3)
[09.06.2025 19:08:10][serveritem][give] dopdopdop111 obtained 1 of секирахаоса (§4§lСекира Хаоса)
[09.06.2025 19:08:12][serveritem][give] dopdopdop111 obtained 1 of golovas2 (§b§lГолова Цири)
[09.06.2025 19:13:44][serveritem][give] krekst obtained 1 of шарскорки2 (§3§lШар Скорости 2)
[09.06.2025 19:16:06][serveritem][give] Saskyforg1800 obtained 1 of шарздоровья1 (§d§lШар Здоровья 1)
[09.06.2025 19:17:58][serveritem][give] Artem287 obtained 1 of шаршипа2 (§2§lШар Шипов 2)
[09.06.2025 19:19:23][serveritem][give] artem999 obtained 1 of golovas4 (§5§lГолова Гарри-Поттера)
[09.06.2025 19:19:24][serveritem][give] artem999 obtained 1 of секирахаоса (§4§lСекира Хаоса)
[09.06.2025 19:19:45][serveritem][give] frutodildo2 obtained 1 of golovas4 (§5§lГолова Гарри-Поттера)
[09.06.2025 19:19:45][serveritem][give] frutodildo2 obtained 1 of golovas4 (§5§lГолова Гарри-Поттера)
[09.06.2025 19:20:13][serveritem][give] frutodildo2 obtained 1 of шарскорки2 (§3§lШар Скорости 2)
[09.06.2025 19:20:13][serveritem][give] frutodildo2 obtained 1 of шарскорки2 (§3§lШар Скорости 2)
[09.06.2025 19:20:39][serveritem][give] frutodildo2 obtained 1 of golovas4 (§5§lГолова Гарри-Поттера)
[09.06.2025 19:23:21][serveritem][give] krater228 obtained 1 of golovas4 (§5§lГолова Гарри-Поттера)
[09.06.2025 19:23:22][serveritem][give] krater228 obtained 1 of golovas4 (§5§lГолова Гарри-Поттера)
[09.06.2025 19:25:40][serveritem][give] B3LOMAL_CASICC obtained 1 of секирахаоса (§4§lСекира Хаоса)
[09.06.2025 19:25:52][serveritem][give] B3LOMAL_CASICC obtained 1 of golovas4 (§5§lГолова Гарри-Поттера)
[09.06.2025 19:37:19][serveritem][give] OuterSheet07585 obtained 1 of golovas4 (§5§lГолова Гарри-Поттера)
[09.06.2025 19:37:22][serveritem][give] OuterSheet07585 obtained 1 of секирахаоса (§4§lСекира Хаоса)
[09.06.2025 19:49:56][serveritem][give] KeRiLProPvP2013 obtained 1 of шарскорки2 (§3§lШар Скорости 2)
[09.06.2025 19:56:15][serveritem][give] NatashaP1S obtained 1 of golovas4 (§5§lГолова Гарри-Поттера)
[09.06.2025 19:58:47][serveritem][give] leraDDD777 obtained 1 of golovas3 (§6§l§nГэндальф)
[09.06.2025 20:07:35][serveritem][give] maxdidednko12345 obtained 1 of шарздоровья2 (§d§lШар Здоровья 2)
[09.06.2025 20:20:06][serveritem][give] Okroshka777 obtained 1 of секирахаоса (§4§lСекира Хаоса)
[09.06.2025 21:28:45][serveritem][give] geniy2903 obtained 1 of шарздоровья3 (§d§lШар Здоровья 3)
[09.06.2025 21:32:42][serveritem][give] Boyevitik obtained 1 of шарздоровья3 (§d§lШар Здоровья 3)
