[22.05.2025 00:45:07][serveritem][give] WIP12315 obtained 1 of секирахаоса (§4§lСекира Хаоса)
[22.05.2025 03:47:59][serveritem][give] IIIAXTER225 obtained 1 of шарскорки2 (§3§lШар Скорости 2)
[22.05.2025 04:05:36][serveritem][give] VibeMeloyXD obtained 1 of golovas4 (§5§lГолова Гарри-Поттера)
[22.05.2025 04:09:56][serveritem][give] gega94572 obtained 1 of шарскорки2 (§3§lШар Скорости 2)
[22.05.2025 04:59:07][serveritem][give] dyjf obtained 1 of golovas1 (§e§lГолова Сема-Тарли)
[22.05.2025 05:17:12][serveritem][give] niketrr51 obtained 1 of шаршипа1 (§2§lШар Шипов 1)
[22.05.2025 05:39:47][serveritem][give] dyjf obtained 1 of golovas1 (§e§lГолова Сема-Тарли)
[22.05.2025 05:46:56][serveritem][give] ttr1tyyyy obtained 1 of golovas3 (§6§l§nГэндальф)
[22.05.2025 05:51:47][serveritem][give] XB_PIZDAT obtained 1 of golovas4 (§5§lГолова Гарри-Поттера)
[22.05.2025 06:33:26][serveritem][give] KOLY977 obtained 1 of шарздоровья1 (§d§lШар Здоровья 1)
[22.05.2025 06:44:42][serveritem][give] vanua33i433 obtained 1 of шарздоровья3 (§d§lШар Здоровья 3)
[22.05.2025 07:10:51][serveritem][give] arab obtained 1 of golovas1 (§e§lГолова Сема-Тарли)
[22.05.2025 07:14:19][serveritem][give] Chernyshrrrr obtained 1 of секирахаоса (§4§lСекира Хаоса)
[22.05.2025 07:17:12][serveritem][give] Dziobaczektopro obtained 1 of шарздоровья2 (§d§lШар Здоровья 2)
[22.05.2025 07:20:21][serveritem][give] 3Jlonpenis obtained 1 of секирахаоса (§4§lСекира Хаоса)
[22.05.2025 07:20:30][serveritem][give] 3Jlonpenis obtained 1 of golovas4 (§5§lГолова Гарри-Поттера)
[22.05.2025 07:20:59][serveritem][give] qweezi obtained 1 of golovas4 (§5§lГолова Гарри-Поттера)
[22.05.2025 07:37:34][serveritem][give] T0P1GRA obtained 1 of секирахаоса (§4§lСекира Хаоса)
[22.05.2025 08:02:54][serveritem][give] maksimka2281488 obtained 1 of golovas4 (§5§lГолова Гарри-Поттера)
[22.05.2025 08:08:43][serveritem][give] dyjf obtained 1 of golovas1 (§e§lГолова Сема-Тарли)
[22.05.2025 08:08:48][serveritem][give] standoffky02 obtained 1 of секирахаоса (§4§lСекира Хаоса)
[22.05.2025 08:12:34][serveritem][give] luki3214 obtained 1 of секирахаоса (§4§lСекира Хаоса)
[22.05.2025 08:12:45][serveritem][give] luki3214 obtained 1 of golovas3 (§6§l§nГэндальф)
[22.05.2025 08:20:53][serveritem][give] sdfgkff obtained 1 of секирахаоса (§4§lСекира Хаоса)
[22.05.2025 08:21:01][serveritem][give] sdfgkff obtained 1 of golovas4 (§5§lГолова Гарри-Поттера)
[22.05.2025 08:25:25][serveritem][give] Chernyshrrrr obtained 1 of golovas4 (§5§lГолова Гарри-Поттера)
[22.05.2025 08:26:01][serveritem][give] berro obtained 1 of шарздоровья3 (§d§lШар Здоровья 3)
[22.05.2025 08:30:17][serveritem][give] Tatatattat2756 obtained 1 of шарздоровья3 (§d§lШар Здоровья 3)
[22.05.2025 08:47:22][serveritem][give] Fandy_PvP obtained 1 of golovas1 (§e§lГолова Сема-Тарли)
[22.05.2025 08:47:56][serveritem][give] KomikZXC obtained 1 of golovas4 (§5§lГолова Гарри-Поттера)
[22.05.2025 08:49:16][serveritem][give] KomikZXC2 obtained 1 of golovas4 (§5§lГолова Гарри-Поттера)
[22.05.2025 08:54:12][serveritem][give] 5581 obtained 1 of golovas4 (§5§lГолова Гарри-Поттера)
[22.05.2025 08:56:51][serveritem][give] 3y3y3 obtained 1 of шарздоровья3 (§d§lШар Здоровья 3)
[22.05.2025 08:59:24][serveritem][give] berro obtained 1 of шаршипа2 (§2§lШар Шипов 2)
[22.05.2025 09:08:28][serveritem][give] tyroon_vuin62 obtained 1 of golovas1 (§e§lГолова Сема-Тарли)
[22.05.2025 09:31:36][serveritem][give] pomakosta obtained 1 of шарздоровья3 (§d§lШар Здоровья 3)
[22.05.2025 09:35:22][serveritem][give] pro_bedvars obtained 1 of golovas1 (§e§lГолова Сема-Тарли)
[22.05.2025 09:42:55][serveritem][give] ilyxa777 obtained 1 of шарздоровья3 (§d§lШар Здоровья 3)
[22.05.2025 09:48:53][serveritem][give] mik33344 obtained 1 of шарздоровья2 (§d§lШар Здоровья 2)
[22.05.2025 09:49:43][serveritem][give] Pesik_mersik obtained 1 of шарздоровья1 (§d§lШар Здоровья 1)
[22.05.2025 10:05:08][serveritem][give] gifte obtained 1 of шарздоровья2 (§d§lШар Здоровья 2)
[22.05.2025 10:08:22][serveritem][give] T0P1GRA obtained 1 of golovas4 (§5§lГолова Гарри-Поттера)
[22.05.2025 10:11:36][serveritem][give] VearWexess obtained 1 of golovas4 (§5§lГолова Гарри-Поттера)
[22.05.2025 10:15:54][serveritem][give] sponnky obtained 1 of шарздоровья3 (§d§lШар Здоровья 3)
[22.05.2025 10:18:57][serveritem][give] IdkTFTTF obtained 1 of golovas3 (§6§l§nГэндальф)
[22.05.2025 10:27:56][serveritem][give] wanpix000009 obtained 1 of шарздоровья3 (§d§lШар Здоровья 3)
[22.05.2025 10:28:28][serveritem][give] gkgbg987 obtained 1 of шарздоровья3 (§d§lШар Здоровья 3)
[22.05.2025 10:30:08][serveritem][give] 3Dad obtained 1 of golovas4 (§5§lГолова Гарри-Поттера)
[22.05.2025 10:30:10][serveritem][give] 3Dad obtained 1 of golovas4 (§5§lГолова Гарри-Поттера)
[22.05.2025 10:31:46][serveritem][give] gifte obtained 1 of golovas3 (§6§l§nГэндальф)
[22.05.2025 10:36:35][serveritem][give] pomakosta obtained 1 of секирахаоса (§4§lСекира Хаоса)
[22.05.2025 10:40:34][serveritem][give] mrhkhllklh obtained 1 of golovas4 (§5§lГолова Гарри-Поттера)
[22.05.2025 10:40:36][serveritem][give] mrhkhllklh obtained 1 of golovas1 (§e§lГолова Сема-Тарли)
[22.05.2025 10:40:36][serveritem][give] mrhkhllklh obtained 1 of golovas2 (§b§lГолова Цири)
[22.05.2025 10:40:37][serveritem][give] mrhkhllklh obtained 1 of golovas3 (§6§l§nГэндальф)
[22.05.2025 10:42:00][serveritem][give] nezer034 obtained 1 of шарскорки1 (§3§lШар Скорости 1)
[22.05.2025 10:43:15][serveritem][give] parrot666 obtained 1 of секирахаоса (§4§lСекира Хаоса)
[22.05.2025 10:43:51][serveritem][give] parrot666 obtained 1 of golovas4 (§5§lГолова Гарри-Поттера)
[22.05.2025 10:56:21][serveritem][give] mrhkhllklh obtained 1 of шарздоровья3 (§d§lШар Здоровья 3)
[22.05.2025 10:56:23][serveritem][give] mrhkhllklh obtained 1 of шарскорки2 (§3§lШар Скорости 2)
[22.05.2025 10:56:27][serveritem][give] mrhkhllklh obtained 1 of шаротбр1 (§9§lШар Отбрасывания 1)
[22.05.2025 10:58:25][serveritem][give] megaflopa obtained 1 of шарскорки2 (§3§lШар Скорости 2)
[22.05.2025 11:04:30][serveritem][give] gfgf obtained 1 of шарздоровья3 (§d§lШар Здоровья 3)
[22.05.2025 11:06:21][serveritem][give] gfgf obtained 1 of шарздоровья2 (§d§lШар Здоровья 2)
[22.05.2025 11:09:57][serveritem][give] ekso obtained 1 of golovas1 (§e§lГолова Сема-Тарли)
[22.05.2025 11:10:21][serveritem][give] diikii1 obtained 1 of golovas1 (§e§lГолова Сема-Тарли)
[22.05.2025 11:11:37][serveritem][give] vovavanchi obtained 1 of шарздоровья3 (§d§lШар Здоровья 3)
[22.05.2025 11:11:47][serveritem][give] vovavanchi obtained 1 of шарздоровья1 (§d§lШар Здоровья 1)
[22.05.2025 11:12:53][serveritem][give] diikii1 obtained 1 of golovas3 (§6§l§nГэндальф)
[22.05.2025 11:13:33][serveritem][give] lox17_ obtained 1 of шарскорки2 (§3§lШар Скорости 2)
[22.05.2025 11:17:52][serveritem][give] 2020 obtained 1 of шарздоровья3 (§d§lШар Здоровья 3)
[22.05.2025 11:17:57][serveritem][give] 2020 obtained 1 of шарздоровья3 (§d§lШар Здоровья 3)
[22.05.2025 11:17:59][serveritem][give] 2020 obtained 1 of шарздоровья1 (§d§lШар Здоровья 1)
[22.05.2025 11:18:01][serveritem][give] dfsg obtained 1 of шарздоровья2 (§d§lШар Здоровья 2)
[22.05.2025 11:28:53][serveritem][give] WOLF_FENIKS obtained 1 of шаротбр1 (§9§lШар Отбрасывания 1)
[22.05.2025 11:54:42][serveritem][give] fesef obtained 1 of секирахаоса (§4§lСекира Хаоса)
[22.05.2025 11:59:11][serveritem][give] DARKMANCREATOR obtained 1 of секирахаоса (§4§lСекира Хаоса)
[22.05.2025 12:05:58][serveritem][give] rgdg obtained 1 of шарскорки2 (§3§lШар Скорости 2)
[22.05.2025 12:09:58][serveritem][give] lolkek42 obtained 1 of шарскорки2 (§3§lШар Скорости 2)
[22.05.2025 12:13:46][serveritem][give] FFSAFF obtained 1 of шарздоровья2 (§d§lШар Здоровья 2)
[22.05.2025 12:17:01][serveritem][give] grg obtained 1 of шарздоровья3 (§d§lШар Здоровья 3)
[22.05.2025 12:22:22][serveritem][give] Aizen_solo obtained 1 of golovas2 (§b§lГолова Цири)
[22.05.2025 12:22:23][serveritem][give] Aizen_solo obtained 1 of секирахаоса (§4§lСекира Хаоса)
[22.05.2025 12:23:34][serveritem][give] sponnky obtained 1 of шарскорки2 (§3§lШар Скорости 2)
[22.05.2025 12:24:05][serveritem][give] Hcloetgnoxjeoi obtained 1 of golovas4 (§5§lГолова Гарри-Поттера)
[22.05.2025 12:25:36][serveritem][give] dyjf obtained 1 of golovas4 (§5§lГолова Гарри-Поттера)
[22.05.2025 12:31:16][serveritem][give] lerli123 obtained 1 of шарздоровья3 (§d§lШар Здоровья 3)
[22.05.2025 12:33:58][serveritem][give] sponnky obtained 1 of секирахаоса (§4§lСекира Хаоса)
[22.05.2025 12:34:06][serveritem][give] sfxcvfhfd obtained 1 of golovas4 (§5§lГолова Гарри-Поттера)
[22.05.2025 12:35:46][serveritem][give] TETR1XXX obtained 1 of шарздоровья3 (§d§lШар Здоровья 3)
[22.05.2025 12:39:03][serveritem][give] lerli123 obtained 1 of шарскорки2 (§3§lШар Скорости 2)
[22.05.2025 12:39:09][serveritem][give] lerli123 obtained 1 of шарздоровья1 (§d§lШар Здоровья 1)
[22.05.2025 12:40:04][serveritem][give] EpicTiger492 obtained 1 of шарздоровья2 (§d§lШар Здоровья 2)
[22.05.2025 12:42:31][serveritem][give] DDDD obtained 1 of шарздоровья2 (§d§lШар Здоровья 2)
[22.05.2025 12:42:34][serveritem][give] DDDD obtained 1 of шарздоровья1 (§d§lШар Здоровья 1)
[22.05.2025 13:02:19][serveritem][give] fdsfsfrgrgfdg obtained 1 of шарздоровья3 (§d§lШар Здоровья 3)
[22.05.2025 13:03:33][serveritem][give] fake112fake112 obtained 1 of секирахаоса (§4§lСекира Хаоса)
[22.05.2025 13:03:42][serveritem][give] fake112fake112 obtained 1 of golovas4 (§5§lГолова Гарри-Поттера)
[22.05.2025 13:05:11][serveritem][give] fdfsdfrggfdgdsd obtained 1 of шаршипа1 (§2§lШар Шипов 1)
[22.05.2025 13:07:02][serveritem][give] bronze5181 obtained 1 of секирахаоса (§4§lСекира Хаоса)
[22.05.2025 13:07:03][serveritem][give] bronze5181 obtained 1 of golovas4 (§5§lГолова Гарри-Поттера)
[22.05.2025 13:21:37][serveritem][give] bronze5181 obtained 1 of golovas4 (§5§lГолова Гарри-Поттера)
[22.05.2025 13:21:38][serveritem][give] bronze5181 obtained 1 of golovas3 (§6§l§nГэндальф)
[22.05.2025 13:27:56][serveritem][give] pluy obtained 1 of секирахаоса (§4§lСекира Хаоса)
[22.05.2025 13:31:53][serveritem][give] TETR1XXX obtained 1 of шарздоровья3 (§d§lШар Здоровья 3)
[22.05.2025 13:32:45][serveritem][give] 123456hhh obtained 1 of шарздоровья2 (§d§lШар Здоровья 2)
[22.05.2025 13:34:45][serveritem][give] xenoz_ obtained 1 of секирахаоса (§4§lСекира Хаоса)
[22.05.2025 13:39:24][serveritem][give] vovavanchi obtained 1 of секирахаоса (§4§lСекира Хаоса)
[22.05.2025 13:39:54][serveritem][give] vovavanchi obtained 1 of golovas1 (§e§lГолова Сема-Тарли)
[22.05.2025 13:40:15][serveritem][give] t1grikx obtained 1 of golovas4 (§5§lГолова Гарри-Поттера)
[22.05.2025 13:40:19][serveritem][give] zxcgamer1 obtained 1 of секирахаоса (§4§lСекира Хаоса)
[22.05.2025 13:40:21][serveritem][give] lerli123 obtained 1 of шарздоровья3 (§d§lШар Здоровья 3)
[22.05.2025 13:40:27][serveritem][give] YAZAEVREE obtained 1 of golovas1 (§e§lГолова Сема-Тарли)
[22.05.2025 13:40:52][serveritem][give] zxcgamer1 obtained 1 of шарскорки1 (§3§lШар Скорости 1)
[22.05.2025 13:41:04][serveritem][give] zxcgamer1 obtained 1 of шарздоровья2 (§d§lШар Здоровья 2)
[22.05.2025 13:42:12][serveritem][give] kirsancheg obtained 1 of golovas4 (§5§lГолова Гарри-Поттера)
[22.05.2025 13:42:15][serveritem][give] kirsancheg obtained 1 of секирахаоса (§4§lСекира Хаоса)
[22.05.2025 13:43:46][serveritem][give] cemyon2423 obtained 1 of секирахаоса (§4§lСекира Хаоса)
[22.05.2025 13:45:09][serveritem][give] 12345 obtained 1 of секирахаоса (§4§lСекира Хаоса)
[22.05.2025 13:45:10][serveritem][give] 12345 obtained 1 of секирахаоса (§4§lСекира Хаоса)
[22.05.2025 13:45:11][serveritem][give] 12345 obtained 1 of golovas4 (§5§lГолова Гарри-Поттера)
[22.05.2025 13:45:57][serveritem][give] lerli123 obtained 1 of шаротбр2 (§9§lШар Отбрасывания 2)
[22.05.2025 13:46:44][serveritem][give] blin4ik254 obtained 1 of секирахаоса (§4§lСекира Хаоса)
[22.05.2025 13:47:28][serveritem][give] MrZenychika111 obtained 1 of шарздоровья2 (§d§lШар Здоровья 2)
[22.05.2025 13:47:39][serveritem][give] MrZenychika111 obtained 1 of шарскорки2 (§3§lШар Скорости 2)
[22.05.2025 13:47:51][serveritem][give] 12345678910 obtained 1 of golovas4 (§5§lГолова Гарри-Поттера)
[22.05.2025 13:49:40][serveritem][give] 3Dad obtained 1 of golovas4 (§5§lГолова Гарри-Поттера)
[22.05.2025 13:49:42][serveritem][give] BaSiKaot obtained 1 of golovas4 (§5§lГолова Гарри-Поттера)
[22.05.2025 13:49:43][serveritem][give] BaSiKaot obtained 1 of golovas4 (§5§lГолова Гарри-Поттера)
[22.05.2025 13:50:38][serveritem][give] gdjjoghjg obtained 1 of golovas3 (§6§l§nГэндальф)
[22.05.2025 13:50:39][serveritem][give] gdjjoghjg obtained 1 of golovas2 (§b§lГолова Цири)
[22.05.2025 13:54:55][serveritem][give] Grotec obtained 1 of golovas3 (§6§l§nГэндальф)
[22.05.2025 13:55:37][serveritem][give] fffaff obtained 1 of golovas1 (§e§lГолова Сема-Тарли)
[22.05.2025 13:56:04][serveritem][give] Nastyaaa obtained 1 of шарздоровья1 (§d§lШар Здоровья 1)
[22.05.2025 13:56:14][serveritem][give] kolano_snipera obtained 1 of golovas4 (§5§lГолова Гарри-Поттера)
[22.05.2025 13:57:48][serveritem][give] T0P1GRA obtained 1 of golovas4 (§5§lГолова Гарри-Поттера)
[22.05.2025 13:58:26][serveritem][give] gtrtyfh obtained 1 of шарскорки1 (§3§lШар Скорости 1)
[22.05.2025 13:59:34][serveritem][give] BEFF obtained 1 of шарскорки2 (§3§lШар Скорости 2)
[22.05.2025 14:02:37][serveritem][give] uuuu obtained 1 of секирахаоса (§4§lСекира Хаоса)
[22.05.2025 14:05:21][serveritem][give] kkkpoBococ obtained 1 of секирахаоса (§4§lСекира Хаоса)
[22.05.2025 14:05:57][serveritem][give] MAINIOSS obtained 1 of golovas3 (§6§l§nГэндальф)
[22.05.2025 14:06:21][serveritem][give] vovavanchi obtained 1 of шарскорки2 (§3§lШар Скорости 2)
[22.05.2025 14:08:01][serveritem][give] sfxcvfhfd obtained 1 of шарздоровья3 (§d§lШар Здоровья 3)
[22.05.2025 14:15:38][serveritem][give] fawdasfgaw obtained 1 of шарскорки1 (§3§lШар Скорости 1)
[22.05.2025 14:17:07][serveritem][give] ilyxa777 obtained 1 of секирахаоса (§4§lСекира Хаоса)
[22.05.2025 14:18:37][serveritem][give] awaffawds obtained 1 of golovas4 (§5§lГолова Гарри-Поттера)
[22.05.2025 14:22:43][serveritem][give] fjmmawfa obtained 1 of golovas1 (§e§lГолова Сема-Тарли)
[22.05.2025 14:22:52][serveritem][give] fjmmawfa obtained 1 of шарскорки1 (§3§lШар Скорости 1)
[22.05.2025 14:25:12][serveritem][give] lol1234145 obtained 1 of golovas4 (§5§lГолова Гарри-Поттера)
[22.05.2025 14:27:31][serveritem][give] polodddfft66 obtained 1 of шарздоровья3 (§d§lШар Здоровья 3)
[22.05.2025 14:37:51][serveritem][give] babibzhon777 obtained 1 of секирахаоса (§4§lСекира Хаоса)
[22.05.2025 14:40:33][serveritem][give] epor1098 obtained 1 of golovas3 (§6§l§nГэндальф)
[22.05.2025 14:44:48][serveritem][give] BATOREYA obtained 1 of секирахаоса (§4§lСекира Хаоса)
[22.05.2025 14:46:18][serveritem][give] t1grikx obtained 1 of шарздоровья3 (§d§lШар Здоровья 3)
[22.05.2025 14:47:44][serveritem][give] vovavanchi obtained 1 of шарскорки1 (§3§lШар Скорости 1)
[22.05.2025 14:49:41][serveritem][give] t1grikx obtained 1 of шаршипа2 (§2§lШар Шипов 2)
[22.05.2025 14:50:42][serveritem][give] t1grikx obtained 1 of golovas4 (§5§lГолова Гарри-Поттера)
[22.05.2025 15:02:00][serveritem][give] BATOREYA obtained 1 of golovas3 (§6§l§nГэндальф)
[22.05.2025 15:05:48][serveritem][give] eezbaf obtained 1 of golovas3 (§6§l§nГэндальф)
[22.05.2025 15:14:25][serveritem][give] duwaan998 obtained 1 of golovas4 (§5§lГолова Гарри-Поттера)
[22.05.2025 15:19:25][serveritem][give] bruh1941 obtained 1 of golovas4 (§5§lГолова Гарри-Поттера)
[22.05.2025 15:26:14][serveritem][give] Wixese obtained 1 of шарскорки2 (§3§lШар Скорости 2)
[22.05.2025 15:33:16][serveritem][give] eezbaf obtained 1 of golovas3 (§6§l§nГэндальф)
[22.05.2025 15:35:08][serveritem][give] fffffff2288 obtained 1 of шаршипа2 (§2§lШар Шипов 2)
[22.05.2025 15:35:13][serveritem][give] BATOREYA obtained 1 of golovas4 (§5§lГолова Гарри-Поттера)
[22.05.2025 15:35:18][serveritem][give] blackRab1488 obtained 1 of golovas4 (§5§lГолова Гарри-Поттера)
[22.05.2025 15:40:01][serveritem][give] sosalbtw obtained 1 of шарздоровья1 (§d§lШар Здоровья 1)
[22.05.2025 15:43:09][serveritem][give] fffffff2288 obtained 1 of golovas4 (§5§lГолова Гарри-Поттера)
[22.05.2025 15:49:10][serveritem][give] klaksisi obtained 1 of golovas4 (§5§lГолова Гарри-Поттера)
[22.05.2025 15:50:31][serveritem][give] sear obtained 1 of шарздоровья3 (§d§lШар Здоровья 3)
[22.05.2025 15:54:11][serveritem][give] _ytre_ obtained 1 of шарздоровья2 (§d§lШар Здоровья 2)
[22.05.2025 15:55:09][serveritem][give] derol obtained 1 of шарздоровья2 (§d§lШар Здоровья 2)
[22.05.2025 15:59:39][serveritem][give] WOLF_FENIKS obtained 1 of шарскорки1 (§3§lШар Скорости 1)
[22.05.2025 15:59:40][serveritem][give] WOLF_FENIKS obtained 1 of шарздоровья1 (§d§lШар Здоровья 1)
[22.05.2025 15:59:40][serveritem][give] WOLF_FENIKS obtained 1 of шаршипа1 (§2§lШар Шипов 1)
[22.05.2025 15:59:41][serveritem][give] WOLF_FENIKS obtained 1 of шаршипа1 (§2§lШар Шипов 1)
[22.05.2025 16:00:21][serveritem][give] _ytre__ obtained 1 of шарздоровья3 (§d§lШар Здоровья 3)
[22.05.2025 16:03:35][serveritem][give] babibzhon777 obtained 1 of golovas4 (§5§lГолова Гарри-Поттера)
[22.05.2025 16:06:40][serveritem][give] hewijyo92 obtained 1 of golovas1 (§e§lГолова Сема-Тарли)
[22.05.2025 16:14:59][serveritem][give] Torpost obtained 1 of секирахаоса (§4§lСекира Хаоса)
[22.05.2025 16:15:28][serveritem][give] qwerty111222 obtained 1 of шарздоровья2 (§d§lШар Здоровья 2)
[22.05.2025 16:16:41][serveritem][give] imakilll obtained 1 of шарздоровья3 (§d§lШар Здоровья 3)
[22.05.2025 16:16:45][serveritem][give] Nastyaaa obtained 1 of шарздоровья3 (§d§lШар Здоровья 3)
[22.05.2025 16:18:32][serveritem][give] RFTYJJG obtained 1 of golovas3 (§6§l§nГэндальф)
[22.05.2025 16:25:03][serveritem][give] Neletit obtained 1 of шарздоровья3 (§d§lШар Здоровья 3)
[22.05.2025 16:27:09][serveritem][give] FoxPokemon obtained 1 of шарздоровья1 (§d§lШар Здоровья 1)
[22.05.2025 16:27:50][serveritem][give] zero235 obtained 1 of секирахаоса (§4§lСекира Хаоса)
[22.05.2025 16:28:20][serveritem][give] sfxcvfhfd obtained 1 of golovas4 (§5§lГолова Гарри-Поттера)
[22.05.2025 16:37:19][serveritem][give] weym1x obtained 1 of шарздоровья2 (§d§lШар Здоровья 2)
[22.05.2025 16:43:09][serveritem][give] dfsdfsdfsdf obtained 1 of шарскорки1 (§3§lШар Скорости 1)
[22.05.2025 16:59:26][serveritem][give] lol1234145 obtained 1 of секирахаоса (§4§lСекира Хаоса)
[22.05.2025 17:01:04][serveritem][give] YAZAEVREE obtained 1 of golovas1 (§e§lГолова Сема-Тарли)
[22.05.2025 17:19:29][serveritem][give] Relard087 obtained 1 of шарскорки2 (§3§lШар Скорости 2)
[22.05.2025 17:20:14][serveritem][give] FoxPokemon obtained 1 of golovas1 (§e§lГолова Сема-Тарли)
[22.05.2025 17:22:11][serveritem][give] valera_piska obtained 1 of шарскорки2 (§3§lШар Скорости 2)
[22.05.2025 17:35:41][serveritem][give] sponnky obtained 1 of шарскорки2 (§3§lШар Скорости 2)
[22.05.2025 17:35:42][serveritem][give] sponnky obtained 1 of шарздоровья2 (§d§lШар Здоровья 2)
[22.05.2025 17:35:43][serveritem][give] sponnky obtained 1 of шаршипа2 (§2§lШар Шипов 2)
[22.05.2025 17:35:43][serveritem][give] sponnky obtained 1 of шаротбр2 (§9§lШар Отбрасывания 2)
[22.05.2025 17:46:40][serveritem][give] iJyzwBgu obtained 1 of golovas4 (§5§lГолова Гарри-Поттера)
[22.05.2025 17:49:34][serveritem][give] sponnky obtained 1 of golovas4 (§5§lГолова Гарри-Поттера)
[22.05.2025 17:49:58][serveritem][give] pluy obtained 1 of шарздоровья3 (§d§lШар Здоровья 3)
[22.05.2025 17:53:33][serveritem][give] ponkino_kiti obtained 1 of шарскорки2 (§3§lШар Скорости 2)
[22.05.2025 18:01:45][serveritem][give] lox17_ obtained 1 of golovas4 (§5§lГолова Гарри-Поттера)
[22.05.2025 18:16:08][serveritem][give] NOSO4K obtained 1 of golovas4 (§5§lГолова Гарри-Поттера)
[22.05.2025 18:18:50][serveritem][give] Vaghan7399 obtained 1 of golovas3 (§6§l§nГэндальф)
[22.05.2025 18:23:04][serveritem][give] tigrikx obtained 1 of шарскорки2 (§3§lШар Скорости 2)
[22.05.2025 18:25:46][serveritem][give] Dewerety obtained 1 of шаршипа2 (§2§lШар Шипов 2)
[22.05.2025 18:32:56][serveritem][give] DrollMetall5502 obtained 1 of шарздоровья2 (§d§lШар Здоровья 2)
[22.05.2025 18:37:41][serveritem][give] imakilll obtained 1 of шарздоровья3 (§d§lШар Здоровья 3)
[22.05.2025 18:40:45][serveritem][give] wolarbebe_ez obtained 1 of секирахаоса (§4§lСекира Хаоса)
[22.05.2025 18:46:07][serveritem][give] nawnuta obtained 1 of шарздоровья3 (§d§lШар Здоровья 3)
[22.05.2025 18:56:17][serveritem][give] DrollMetall5502 obtained 1 of шарздоровья3 (§d§lШар Здоровья 3)
[22.05.2025 18:58:47][serveritem][give] tecg_5 obtained 1 of секирахаоса (§4§lСекира Хаоса)
[22.05.2025 18:59:35][serveritem][give] alfa207 obtained 1 of секирахаоса (§4§lСекира Хаоса)
[22.05.2025 19:01:23][serveritem][give] DrollMetall5502 obtained 1 of секирахаоса (§4§lСекира Хаоса)
[22.05.2025 19:15:10][serveritem][give] eezbaf obtained 1 of golovas4 (§5§lГолова Гарри-Поттера)
[22.05.2025 19:19:47][serveritem][give] nvgyfyf obtained 1 of golovas1 (§e§lГолова Сема-Тарли)
[22.05.2025 19:42:16][serveritem][give] imakilll obtained 1 of шарздоровья3 (§d§lШар Здоровья 3)
[22.05.2025 19:42:18][serveritem][give] imakilll obtained 1 of шарздоровья3 (§d§lШар Здоровья 3)
[22.05.2025 19:50:35][serveritem][give] mynix obtained 1 of golovas4 (§5§lГолова Гарри-Поттера)
[22.05.2025 19:51:49][serveritem][give] babibzhon777 obtained 1 of шарскорки2 (§3§lШар Скорости 2)
[22.05.2025 20:36:57][serveritem][give] PRINK1 obtained 1 of секирахаоса (§4§lСекира Хаоса)
[22.05.2025 21:04:56][serveritem][give] NOMIKLOPIK123 obtained 1 of секирахаоса (§4§lСекира Хаоса)
[22.05.2025 21:27:01][serveritem][give] nvgyfyf obtained 1 of golovas3 (§6§l§nГэндальф)
[22.05.2025 21:27:02][serveritem][give] nvgyfyf obtained 1 of golovas4 (§5§lГолова Гарри-Поттера)
[22.05.2025 22:53:05][serveritem][give] Fsiof obtained 1 of golovas4 (§5§lГолова Гарри-Поттера)
