[14.06.2025 00:05:41][serveritem][give] kazym1k obtained 1 of golovas1 (§e§lГолова Сема-Тарли)
[14.06.2025 00:14:24][serveritem][give] xx5u_not9 obtained 1 of golovas4 (§5§lГолова Гарри-Поттера)
[14.06.2025 00:36:43][serveritem][give] faraspeedSi obtained 1 of golovas1 (§e§lГолова Сема-Тарли)
[14.06.2025 00:45:51][serveritem][give] VIK4560 obtained 1 of секирахаоса (§4§lСекира Хаоса)
[14.06.2025 00:45:51][serveritem][give] VIK4560 obtained 1 of golovas1 (§e§lГолова Сема-Тарли)
[14.06.2025 00:52:15][serveritem][give] Kathrizarpl_ obtained 1 of шарскорки2 (§3§lШар Скорости 2)
[14.06.2025 01:19:23][serveritem][give] sdfdfsdsf obtained 1 of шарздоровья3 (§d§lШар Здоровья 3)
[14.06.2025 02:48:23][serveritem][give] YdaLUIIt_ obtained 1 of шаршипа1 (§2§lШар Шипов 1)
[14.06.2025 04:12:29][serveritem][give] 1TAKATO1 obtained 1 of шарздоровья3 (§d§lШар Здоровья 3)
[14.06.2025 04:24:19][serveritem][give] negr_288 obtained 1 of golovas1 (§e§lГолова Сема-Тарли)
[14.06.2025 04:24:20][serveritem][give] negr_288 obtained 1 of golovas4 (§5§lГолова Гарри-Поттера)
[14.06.2025 05:11:14][serveritem][give] k1ox obtained 1 of golovas1 (§e§lГолова Сема-Тарли)
[14.06.2025 06:50:53][serveritem][give] forsun_2 obtained 1 of секирахаоса (§4§lСекира Хаоса)
[14.06.2025 06:51:11][serveritem][give] forsun_2 obtained 1 of golovas4 (§5§lГолова Гарри-Поттера)
[14.06.2025 07:17:12][serveritem][give] olkoty16 obtained 1 of шарздоровья3 (§d§lШар Здоровья 3)
[14.06.2025 07:41:29][serveritem][give] _polya12_ obtained 1 of golovas4 (§5§lГолова Гарри-Поттера)
[14.06.2025 07:42:37][serveritem][give] MrKrayYt obtained 1 of секирахаоса (§4§lСекира Хаоса)
[14.06.2025 07:56:24][serveritem][give] makaryn853 obtained 1 of шарздоровья3 (§d§lШар Здоровья 3)
[14.06.2025 08:23:12][serveritem][give] Gr0mila_SSS obtained 1 of шарздоровья3 (§d§lШар Здоровья 3)
[14.06.2025 08:24:58][serveritem][give] tutan6336 obtained 1 of golovas4 (§5§lГолова Гарри-Поттера)
[14.06.2025 08:25:43][serveritem][give] fhg6fygfgg obtained 1 of секирахаоса (§4§lСекира Хаоса)
[14.06.2025 09:21:51][serveritem][give] ImNefor obtained 1 of golovas1 (§e§lГолова Сема-Тарли)
[14.06.2025 09:33:16][serveritem][give] agent90 obtained 1 of секирахаоса (§4§lСекира Хаоса)
[14.06.2025 09:36:11][serveritem][give] agent90 obtained 1 of шарскорки2 (§3§lШар Скорости 2)
[14.06.2025 09:37:26][serveritem][give] LIK_LOK_DIED obtained 1 of шарздоровья1 (§d§lШар Здоровья 1)
[14.06.2025 09:43:42][serveritem][give] bablop10 obtained 1 of шарскорки1 (§3§lШар Скорости 1)
[14.06.2025 09:46:25][serveritem][give] AlramyyZek obtained 1 of секирахаоса (§4§lСекира Хаоса)
[14.06.2025 09:48:00][serveritem][give] HellCat_RTX obtained 1 of шарздоровья1 (§d§lШар Здоровья 1)
[14.06.2025 09:48:35][serveritem][give] bogmankafta obtained 1 of golovas4 (§5§lГолова Гарри-Поттера)
[14.06.2025 09:49:37][serveritem][give] 4ukeH_111 obtained 1 of шарздоровья3 (§d§lШар Здоровья 3)
[14.06.2025 09:51:24][serveritem][give] 7aIIIuK_SUS obtained 1 of шарскорки2 (§3§lШар Скорости 2)
[14.06.2025 09:51:26][serveritem][give] 7aIIIuK_SUS obtained 1 of шарздоровья1 (§d§lШар Здоровья 1)
[14.06.2025 09:51:53][serveritem][give] MrZenychika111 obtained 1 of шарздоровья3 (§d§lШар Здоровья 3)
[14.06.2025 09:52:58][serveritem][give] Miner_XZ obtained 1 of шарздоровья1 (§d§lШар Здоровья 1)
[14.06.2025 09:59:47][serveritem][give] Excle obtained 1 of golovas4 (§5§lГолова Гарри-Поттера)
[14.06.2025 10:02:53][serveritem][give] MrsD4niil__ obtained 1 of golovas4 (§5§lГолова Гарри-Поттера)
[14.06.2025 10:03:16][serveritem][give] MrsD4niil__ obtained 1 of golovas1 (§e§lГолова Сема-Тарли)
[14.06.2025 10:11:55][serveritem][give] _London_xX obtained 1 of golovas1 (§e§lГолова Сема-Тарли)
[14.06.2025 10:12:04][serveritem][give] _London_xX obtained 1 of шарздоровья1 (§d§lШар Здоровья 1)
[14.06.2025 10:12:04][serveritem][give] _London_xX obtained 1 of шарздоровья1 (§d§lШар Здоровья 1)
[14.06.2025 10:28:43][serveritem][give] AXMED4755 obtained 1 of golovas4 (§5§lГолова Гарри-Поттера)
[14.06.2025 10:38:52][serveritem][give] forsun_2 obtained 1 of season5 (§6§lГолова Зеницу)
[14.06.2025 10:41:34][serveritem][give] EFKEFKWDKO obtained 1 of golovas2 (§b§lГолова Цири)
[14.06.2025 10:42:46][serveritem][give] demikmoroz obtained 1 of golovas4 (§5§lГолова Гарри-Поттера)
[14.06.2025 10:45:59][serveritem][give] Excle obtained 1 of golovas4 (§5§lГолова Гарри-Поттера)
[14.06.2025 10:48:13][serveritem][give] artemone1 obtained 1 of шарздоровья1 (§d§lШар Здоровья 1)
[14.06.2025 10:51:33][serveritem][give] demikmoroz obtained 1 of шаршипа2 (§2§lШар Шипов 2)
[14.06.2025 10:53:45][serveritem][give] supervolarbebe1 obtained 1 of golovas1 (§e§lГолова Сема-Тарли)
[14.06.2025 10:55:16][serveritem][give] Holyy obtained 1 of шарскорки2 (§3§lШар Скорости 2)
[14.06.2025 11:03:20][serveritem][give] Tim_filip obtained 1 of golovas4 (§5§lГолова Гарри-Поттера)
[14.06.2025 11:07:23][serveritem][give] wer146 obtained 1 of season1 (§5§lГолова Джотаро)
[14.06.2025 11:13:39][serveritem][give] k1ox obtained 1 of golovas4 (§5§lГолова Гарри-Поттера)
[14.06.2025 11:19:45][serveritem][give] AXMED4755 obtained 1 of golovas4 (§5§lГолова Гарри-Поттера)
[14.06.2025 11:24:31][serveritem][give] maugli774 obtained 1 of секирахаоса (§4§lСекира Хаоса)
[14.06.2025 11:27:37][serveritem][give] me11tik2 obtained 1 of секирахаоса (§4§lСекира Хаоса)
[14.06.2025 11:28:05][serveritem][give] ggSpeedSi obtained 1 of секирахаоса (§4§lСекира Хаоса)
[14.06.2025 11:28:08][serveritem][give] ggSpeedSi obtained 1 of golovas1 (§e§lГолова Сема-Тарли)
[14.06.2025 11:33:46][serveritem][give] Millerokkristal obtained 1 of шарздоровья3 (§d§lШар Здоровья 3)
[14.06.2025 11:33:55][serveritem][give] Millerokkristal obtained 1 of шарскорки2 (§3§lШар Скорости 2)
[14.06.2025 11:38:35][serveritem][give] ggSpeedSi obtained 1 of шарскорки1 (§3§lШар Скорости 1)
[14.06.2025 11:41:34][serveritem][give] vafsh obtained 1 of golovas3 (§6§l§nГэндальф)
[14.06.2025 11:56:31][serveritem][give] MrPidorYT obtained 1 of шарздоровья3 (§d§lШар Здоровья 3)
[14.06.2025 12:10:47][serveritem][give] artem1516 obtained 1 of season1 (§5§lГолова Джотаро)
[14.06.2025 12:12:41][serveritem][give] Wekman obtained 1 of шарздоровья3 (§d§lШар Здоровья 3)
[14.06.2025 12:18:15][serveritem][give] lll_zip_lll obtained 1 of season5 (§6§lГолова Зеницу)
[14.06.2025 12:26:02][serveritem][give] vetey4 obtained 1 of шарздоровья3 (§d§lШар Здоровья 3)
[14.06.2025 12:43:00][serveritem][give] BUNNY obtained 1 of golovas2 (§b§lГолова Цири)
[14.06.2025 12:48:57][serveritem][give] Kathrizarpl_ obtained 1 of шарскорки2 (§3§lШар Скорости 2)
[14.06.2025 13:00:48][serveritem][give] nqazrh3454 obtained 1 of golovas4 (§5§lГолова Гарри-Поттера)
[14.06.2025 13:01:39][serveritem][give] DARGON obtained 1 of шарздоровья3 (§d§lШар Здоровья 3)
[14.06.2025 13:03:26][serveritem][give] zxscawsd obtained 1 of golovas4 (§5§lГолова Гарри-Поттера)
[14.06.2025 13:05:32][serveritem][give] YouTube obtained 1 of golovas2 (§b§lГолова Цири)
[14.06.2025 13:13:04][serveritem][give] defMach1ne obtained 1 of golovas4 (§5§lГолова Гарри-Поттера)
[14.06.2025 13:15:37][serveritem][give] zxscawsd obtained 1 of golovas4 (§5§lГолова Гарри-Поттера)
[14.06.2025 13:21:29][serveritem][give] Excle obtained 1 of golovas4 (§5§lГолова Гарри-Поттера)
[14.06.2025 13:28:45][serveritem][give] Burapy obtained 1 of season1 (§5§lГолова Джотаро)
[14.06.2025 13:30:51][serveritem][give] Pomodorka_1408 obtained 1 of шарздоровья3 (§d§lШар Здоровья 3)
[14.06.2025 13:31:15][serveritem][give] Pomodorka_1408 obtained 1 of шарздоровья3 (§d§lШар Здоровья 3)
[14.06.2025 13:31:16][serveritem][give] Pomodorka_1408 obtained 1 of шарздоровья3 (§d§lШар Здоровья 3)
[14.06.2025 13:45:36][serveritem][give] AKMEC obtained 1 of шарскорки1 (§3§lШар Скорости 1)
[14.06.2025 13:49:50][serveritem][give] mole obtained 1 of шарздоровья3 (§d§lШар Здоровья 3)
[14.06.2025 13:50:01][serveritem][give] ILAVEDOG1427 obtained 1 of шарздоровья3 (§d§lШар Здоровья 3)
[14.06.2025 13:50:07][serveritem][give] ILAVEDOG1427 obtained 1 of секирахаоса (§4§lСекира Хаоса)
[14.06.2025 13:58:50][serveritem][give] anime4ink2017 obtained 1 of шарздоровья1 (§d§lШар Здоровья 1)
[14.06.2025 14:06:52][serveritem][give] a3ewuonho obtained 1 of шарздоровья1 (§d§lШар Здоровья 1)
[14.06.2025 14:10:48][serveritem][give] Burapy obtained 1 of season5 (§6§lГолова Зеницу)
[14.06.2025 14:21:32][serveritem][give] fuckingMageN obtained 1 of шарскорки2 (§3§lШар Скорости 2)
[14.06.2025 14:22:13][serveritem][give] nestux2_102 obtained 1 of секирахаоса (§4§lСекира Хаоса)
[14.06.2025 14:24:31][serveritem][give] sigmaboyy8345 obtained 1 of шаршипа1 (§2§lШар Шипов 1)
[14.06.2025 14:25:05][serveritem][give] cococoAW obtained 1 of шарздоровья2 (§d§lШар Здоровья 2)
[14.06.2025 14:34:03][serveritem][give] VANtyt obtained 1 of шарздоровья3 (§d§lШар Здоровья 3)
[14.06.2025 14:34:16][serveritem][give] axmedtamaev obtained 1 of golovas1 (§e§lГолова Сема-Тарли)
[14.06.2025 14:35:06][serveritem][give] axmedtamaev obtained 1 of шарскорки2 (§3§lШар Скорости 2)
[14.06.2025 14:36:23][serveritem][give] M0JLuTBA_Dog obtained 1 of golovas1 (§e§lГолова Сема-Тарли)
[14.06.2025 14:36:24][serveritem][give] M0JLuTBA_Dog obtained 1 of golovas1 (§e§lГолова Сема-Тарли)
[14.06.2025 14:36:32][serveritem][give] M0JLuTBA_Dog obtained 1 of шарздоровья3 (§d§lШар Здоровья 3)
[14.06.2025 14:39:13][serveritem][give] LIK_LOK_DIED obtained 1 of шарскорки2 (§3§lШар Скорости 2)
[14.06.2025 14:57:02][serveritem][give] maraby1 obtained 1 of шарздоровья3 (§d§lШар Здоровья 3)
[14.06.2025 14:57:02][serveritem][give] ghwpad obtained 1 of шарздоровья3 (§d§lШар Здоровья 3)
[14.06.2025 15:01:00][serveritem][give] finMystic2012591 obtained 1 of шарздоровья3 (§d§lШар Здоровья 3)
[14.06.2025 15:03:58][serveritem][give] pika04151 obtained 1 of шарздоровья3 (§d§lШар Здоровья 3)
[14.06.2025 15:08:57][serveritem][give] zezya obtained 1 of golovas1 (§e§lГолова Сема-Тарли)
[14.06.2025 15:11:10][serveritem][give] SpeedGlorus obtained 1 of golovas3 (§6§l§nГэндальф)
[14.06.2025 15:18:01][serveritem][give] SpeedGlorus obtained 1 of секирахаоса (§4§lСекира Хаоса)
[14.06.2025 15:19:36][serveritem][give] twink_poperoz3 obtained 1 of golovas4 (§5§lГолова Гарри-Поттера)
[14.06.2025 15:26:52][serveritem][give] MrBarmaley obtained 1 of golovas1 (§e§lГолова Сема-Тарли)
[14.06.2025 15:49:23][serveritem][give] 123hro123boo obtained 1 of шарздоровья3 (§d§lШар Здоровья 3)
[14.06.2025 15:53:50][serveritem][give] Kathrizarpl_ obtained 1 of golovas2 (§b§lГолова Цири)
[14.06.2025 15:59:46][serveritem][give] TEPPOPUCT obtained 1 of golovas4 (§5§lГолова Гарри-Поттера)
[14.06.2025 16:00:03][serveritem][give] popkahitlera obtained 1 of golovas4 (§5§lГолова Гарри-Поттера)
[14.06.2025 16:00:45][serveritem][give] olkoty16 obtained 1 of шарскорки2 (§3§lШар Скорости 2)
[14.06.2025 16:05:41][serveritem][give] funregister4 obtained 1 of шарздоровья3 (§d§lШар Здоровья 3)
[14.06.2025 16:05:52][serveritem][give] funregister4 obtained 1 of шарздоровья3 (§d§lШар Здоровья 3)
[14.06.2025 16:07:54][serveritem][give] dlandior41 obtained 1 of golovas4 (§5§lГолова Гарри-Поттера)
[14.06.2025 16:13:23][serveritem][give] funregister4 obtained 1 of шарздоровья3 (§d§lШар Здоровья 3)
[14.06.2025 16:16:41][serveritem][give] maboy123qwe obtained 1 of шарздоровья3 (§d§lШар Здоровья 3)
[14.06.2025 16:17:03][serveritem][give] Tishkams obtained 1 of season5 (§6§lГолова Зеницу)
[14.06.2025 16:25:20][serveritem][give] bobofon obtained 1 of golovas3 (§6§l§nГэндальф)
[14.06.2025 16:32:04][serveritem][give] pika04151 obtained 1 of шарздоровья3 (§d§lШар Здоровья 3)
[14.06.2025 16:37:06][serveritem][give] funregister4 obtained 1 of секирахаоса (§4§lСекира Хаоса)
[14.06.2025 16:37:29][serveritem][give] funregister4 obtained 1 of шарздоровья3 (§d§lШар Здоровья 3)
[14.06.2025 16:38:25][serveritem][give] nqazrh3454 obtained 1 of шарздоровья3 (§d§lШар Здоровья 3)
[14.06.2025 16:42:26][serveritem][give] HYHR obtained 1 of шарздоровья3 (§d§lШар Здоровья 3)
[14.06.2025 16:47:30][serveritem][give] xR3g3n obtained 1 of шарскорки2 (§3§lШар Скорости 2)
[14.06.2025 16:51:27][serveritem][give] Im_noob obtained 1 of golovas1 (§e§lГолова Сема-Тарли)
[14.06.2025 16:52:58][serveritem][give] ya_klyt obtained 1 of season1 (§5§lГолова Джотаро)
[14.06.2025 17:05:07][serveritem][give] FewaGD obtained 1 of golovas4 (§5§lГолова Гарри-Поттера)
[14.06.2025 17:07:01][serveritem][give] ya_klyt obtained 1 of golovas4 (§5§lГолова Гарри-Поттера)
[14.06.2025 17:07:12][serveritem][give] Pullcka obtained 1 of golovas4 (§5§lГолова Гарри-Поттера)
[14.06.2025 17:11:58][serveritem][give] begay obtained 1 of шарскорки2 (§3§lШар Скорости 2)
[14.06.2025 17:11:58][serveritem][give] begay obtained 1 of шарскорки2 (§3§lШар Скорости 2)
[14.06.2025 17:12:15][serveritem][give] ya_klyt obtained 1 of секирахаоса (§4§lСекира Хаоса)
[14.06.2025 17:13:00][serveritem][give] Ket_Laik obtained 1 of шарздоровья3 (§d§lШар Здоровья 3)
[14.06.2025 17:13:23][serveritem][give] ya_klyt obtained 1 of golovas4 (§5§lГолова Гарри-Поттера)
[14.06.2025 17:14:00][serveritem][give] zxscawsd obtained 1 of golovas4 (§5§lГолова Гарри-Поттера)
[14.06.2025 17:22:18][serveritem][give] Jonn_Deivy_Haris obtained 1 of секирахаоса (§4§lСекира Хаоса)
[14.06.2025 17:24:07][serveritem][give] Jonn_Deivy_Haris obtained 1 of шарздоровья3 (§d§lШар Здоровья 3)
[14.06.2025 17:28:07][serveritem][give] f_Trlavala_f obtained 1 of season1 (§5§lГолова Джотаро)
[14.06.2025 17:39:55][serveritem][give] AXMED4755 obtained 1 of golovas4 (§5§lГолова Гарри-Поттера)
[14.06.2025 17:41:12][serveritem][give] artem1516 obtained 1 of golovas1 (§e§lГолова Сема-Тарли)
[14.06.2025 17:44:00][serveritem][give] VIK4560 obtained 1 of секирахаоса (§4§lСекира Хаоса)
[14.06.2025 18:07:55][serveritem][give] leraDDD777 obtained 1 of шарскорки2 (§3§lШар Скорости 2)
[14.06.2025 18:19:34][serveritem][give] coolSayt2121 obtained 1 of шарскорки1 (§3§lШар Скорости 1)
[14.06.2025 18:19:36][serveritem][give] coolSayt2121 obtained 1 of шарздоровья1 (§d§lШар Здоровья 1)
[14.06.2025 18:19:39][serveritem][give] coolSayt2121 obtained 1 of шаршипа1 (§2§lШар Шипов 1)
[14.06.2025 18:19:41][serveritem][give] coolSayt2121 obtained 1 of шаротбр1 (§9§lШар Отбрасывания 1)
[14.06.2025 18:24:47][serveritem][give] Eva01 obtained 1 of секирахаоса (§4§lСекира Хаоса)
[14.06.2025 18:29:58][serveritem][give] nqazrh3454 obtained 1 of season1 (§5§lГолова Джотаро)
[14.06.2025 18:34:09][serveritem][give] elkos obtained 1 of шарздоровья3 (§d§lШар Здоровья 3)
[14.06.2025 18:34:32][serveritem][give] hggyuj obtained 1 of шарздоровья3 (§d§lШар Здоровья 3)
[14.06.2025 18:46:35][serveritem][give] Holyy obtained 1 of шарскорки2 (§3§lШар Скорости 2)
[14.06.2025 18:49:14][serveritem][give] Zip_zona obtained 1 of секирахаоса (§4§lСекира Хаоса)
[14.06.2025 18:57:15][serveritem][give] Gr0mila_SSS obtained 1 of golovas1 (§e§lГолова Сема-Тарли)
[14.06.2025 18:58:31][serveritem][give] gasusTactician73 obtained 1 of секирахаоса (§4§lСекира Хаоса)
[14.06.2025 19:02:11][serveritem][give] xClownfish obtained 1 of секирахаоса (§4§lСекира Хаоса)
[14.06.2025 19:07:16][serveritem][give] sosalkaWosu obtained 1 of шарздоровья2 (§d§lШар Здоровья 2)
[14.06.2025 19:08:43][serveritem][give] nqazrh3454 obtained 1 of шарскорки2 (§3§lШар Скорости 2)
[14.06.2025 19:08:45][serveritem][give] nqazrh3454 obtained 1 of шаршипа2 (§2§lШар Шипов 2)
[14.06.2025 19:08:51][serveritem][give] artem1516 obtained 1 of golovas1 (§e§lГолова Сема-Тарли)
[14.06.2025 19:11:17][serveritem][give] MarshalBrisk476 obtained 1 of секирахаоса (§4§lСекира Хаоса)
[14.06.2025 19:16:56][serveritem][give] pozi222 obtained 1 of шарздоровья2 (§d§lШар Здоровья 2)
[14.06.2025 19:22:49][serveritem][give] 1TAKATO1 obtained 1 of шарздоровья2 (§d§lШар Здоровья 2)
[14.06.2025 19:26:51][serveritem][give] MRaiaiai1 obtained 1 of golovas3 (§6§l§nГэндальф)
[14.06.2025 19:38:49][serveritem][give] 1TAKATO1 obtained 1 of шарздоровья3 (§d§lШар Здоровья 3)
[14.06.2025 19:47:27][serveritem][give] D1MON1 obtained 1 of секирахаоса (§4§lСекира Хаоса)
[14.06.2025 19:49:09][serveritem][give] litvin_crazy obtained 1 of шарздоровья3 (§d§lШар Здоровья 3)
[14.06.2025 20:02:08][serveritem][give] awfgaegfhselkjfs obtained 1 of шарздоровья3 (§d§lШар Здоровья 3)
[14.06.2025 20:03:07][serveritem][give] Smert919 obtained 1 of шарздоровья3 (§d§lШар Здоровья 3)
[14.06.2025 20:03:48][serveritem][give] Smert919 obtained 1 of шарздоровья1 (§d§lШар Здоровья 1)
[14.06.2025 20:10:05][serveritem][give] ds23234242 obtained 1 of шарздоровья2 (§d§lШар Здоровья 2)
[14.06.2025 20:11:42][serveritem][give] artem1516 obtained 1 of golovas4 (§5§lГолова Гарри-Поттера)
[14.06.2025 20:11:56][serveritem][give] artem1516 obtained 1 of шарскорки2 (§3§lШар Скорости 2)
[14.06.2025 20:30:02][serveritem][give] topPvP1341 obtained 1 of шарздоровья2 (§d§lШар Здоровья 2)
[14.06.2025 20:31:43][serveritem][give] zxscawsd obtained 1 of секирахаоса (§4§lСекира Хаоса)
[14.06.2025 20:33:16][serveritem][give] MRmillan obtained 1 of golovas3 (§6§l§nГэндальф)
[14.06.2025 20:48:00][serveritem][give] poimaler obtained 1 of шарскорки2 (§3§lШар Скорости 2)
[14.06.2025 20:50:37][serveritem][give] Ars_2087 obtained 1 of шаротбр2 (§9§lШар Отбрасывания 2)
[14.06.2025 20:50:39][serveritem][give] Ars_2087 obtained 1 of шаршипа2 (§2§lШар Шипов 2)
[14.06.2025 20:51:48][serveritem][give] MrZenychika111 obtained 1 of секирахаоса (§4§lСекира Хаоса)
[14.06.2025 20:52:25][serveritem][give] MrZenychika111 obtained 1 of golovas3 (§6§l§nГэндальф)
[14.06.2025 20:53:07][serveritem][give] bulbatron obtained 1 of golovas1 (§e§lГолова Сема-Тарли)
[14.06.2025 20:53:15][serveritem][give] bulbatron obtained 1 of секирахаоса (§4§lСекира Хаоса)
[14.06.2025 20:55:40][serveritem][give] diksike obtained 1 of секирахаоса (§4§lСекира Хаоса)
[14.06.2025 20:56:13][serveritem][give] fasf obtained 1 of секирахаоса (§4§lСекира Хаоса)
[14.06.2025 20:56:13][serveritem][give] Zera1tik1 obtained 1 of шаротбр2 (§9§lШар Отбрасывания 2)
[14.06.2025 20:56:58][serveritem][give] draka100 obtained 1 of шарскорки1 (§3§lШар Скорости 1)
[14.06.2025 20:57:01][serveritem][give] JBLOOD_RevengE obtained 1 of шарскорки2 (§3§lШар Скорости 2)
[14.06.2025 20:58:15][serveritem][give] SwagTimoha obtained 1 of секирахаоса (§4§lСекира Хаоса)
[14.06.2025 21:01:27][serveritem][give] fasf obtained 1 of golovas1 (§e§lГолова Сема-Тарли)
[14.06.2025 21:02:08][serveritem][give] Matvii123 obtained 1 of шарскорки1 (§3§lШар Скорости 1)
[14.06.2025 21:02:48][serveritem][give] Mr_Pavel____584 obtained 1 of шарскорки2 (§3§lШар Скорости 2)
[14.06.2025 21:04:18][serveritem][give] MrZenychika111 obtained 1 of season1 (§5§lГолова Джотаро)
[14.06.2025 21:04:20][serveritem][give] mazik_v_potoke obtained 1 of шарскорки1 (§3§lШар Скорости 1)
[14.06.2025 21:05:10][serveritem][give] nestux2_102 obtained 1 of секирахаоса (§4§lСекира Хаоса)
[14.06.2025 21:08:09][serveritem][give] ArtemUkraine obtained 1 of шарздоровья3 (§d§lШар Здоровья 3)
[14.06.2025 21:08:54][serveritem][give] xsolla obtained 1 of секирахаоса (§4§lСекира Хаоса)
[14.06.2025 21:08:55][serveritem][give] xsolla obtained 1 of golovas1 (§e§lГолова Сема-Тарли)
[14.06.2025 21:12:46][serveritem][give] LIK_LOK_DIED obtained 1 of шарскорки2 (§3§lШар Скорости 2)
[14.06.2025 21:13:45][serveritem][give] Burapy obtained 1 of golovas2 (§b§lГолова Цири)
[14.06.2025 21:13:54][serveritem][give] Banpis obtained 1 of секирахаоса (§4§lСекира Хаоса)
[14.06.2025 21:20:17][serveritem][give] karimka990 obtained 1 of шарскорки1 (§3§lШар Скорости 1)
[14.06.2025 21:22:58][serveritem][give] zxc_missedHAHAHA obtained 1 of шарскорки2 (§3§lШар Скорости 2)
[14.06.2025 21:32:41][serveritem][give] Gr0mila_SSS obtained 1 of секирахаоса (§4§lСекира Хаоса)
[14.06.2025 21:33:18][serveritem][give] Cuitepineapplik obtained 1 of секирахаоса (§4§lСекира Хаоса)
[14.06.2025 21:33:48][serveritem][give] art1k459 obtained 1 of шарскорки2 (§3§lШар Скорости 2)
[14.06.2025 21:33:48][serveritem][give] MendingII obtained 1 of шарскорки2 (§3§lШар Скорости 2)
[14.06.2025 21:35:08][serveritem][give] YT_Azam2 obtained 1 of season1 (§5§lГолова Джотаро)
[14.06.2025 21:36:25][serveritem][give] BuQRvSPX obtained 1 of шарздоровья3 (§d§lШар Здоровья 3)
[14.06.2025 21:36:25][serveritem][give] BuQRvSPX obtained 1 of шарздоровья3 (§d§lШар Здоровья 3)
[14.06.2025 21:37:09][serveritem][give] Matvii123 obtained 1 of шарскорки2 (§3§lШар Скорости 2)
[14.06.2025 21:37:14][serveritem][give] prosto1TAK obtained 1 of шарскорки2 (§3§lШар Скорости 2)
[14.06.2025 21:40:14][serveritem][give] xsolla obtained 1 of шарскорки2 (§3§lШар Скорости 2)
[14.06.2025 21:40:37][serveritem][give] gffds obtained 1 of шарздоровья3 (§d§lШар Здоровья 3)
[14.06.2025 21:40:57][serveritem][give] artem22111 obtained 1 of шарскорки2 (§3§lШар Скорости 2)
[14.06.2025 21:40:59][serveritem][give] artem22111 obtained 1 of шарздоровья3 (§d§lШар Здоровья 3)
[14.06.2025 21:45:31][serveritem][give] Burapy obtained 1 of шарскорки2 (§3§lШар Скорости 2)
[14.06.2025 21:46:10][serveritem][give] MrBarmaley obtained 1 of шарскорки2 (§3§lШар Скорости 2)
[14.06.2025 21:47:25][serveritem][give] 3000IQ_Aye obtained 1 of шарздоровья1 (§d§lШар Здоровья 1)
[14.06.2025 21:53:39][serveritem][give] UwUtgYT obtained 1 of шарздоровья3 (§d§lШар Здоровья 3)
[14.06.2025 21:57:24][serveritem][give] ZXCalmaznikX obtained 1 of шарскорки2 (§3§lШар Скорости 2)
[14.06.2025 21:58:49][serveritem][give] poimaler obtained 1 of шарскорки2 (§3§lШар Скорости 2)
[14.06.2025 22:10:29][serveritem][give] Faber1337 obtained 1 of секирахаоса (§4§lСекира Хаоса)
[14.06.2025 22:10:30][serveritem][give] Faber1337 obtained 1 of golovas3 (§6§l§nГэндальф)
[14.06.2025 22:10:31][serveritem][give] Faber1337 obtained 1 of golovas2 (§b§lГолова Цири)
[14.06.2025 22:10:31][serveritem][give] Faber1337 obtained 1 of golovas1 (§e§lГолова Сема-Тарли)
[14.06.2025 22:10:32][serveritem][give] Faber1337 obtained 1 of golovas4 (§5§lГолова Гарри-Поттера)
[14.06.2025 22:12:54][serveritem][give] Faber1337 obtained 1 of xyeta (§6§lСупер Ножницы)
[14.06.2025 22:13:04][serveritem][give] Faber1337 obtained 1 of trapka (§6[§e★§6] §eТрапка)
[14.06.2025 22:13:11][serveritem][give] Obito175 obtained 1 of шарздоровья3 (§d§lШар Здоровья 3)
[14.06.2025 22:14:43][serveritem][give] sosibibo obtained 1 of golovas1 (§e§lГолова Сема-Тарли)
[14.06.2025 22:21:09][serveritem][give] kippia3 obtained 1 of шарскорки1 (§3§lШар Скорости 1)
[14.06.2025 22:23:37][serveritem][give] diauysndnm21 obtained 1 of golovas4 (§5§lГолова Гарри-Поттера)
[14.06.2025 22:25:04][serveritem][give] mazik_v_potoke obtained 1 of golovas1 (§e§lГолова Сема-Тарли)
[14.06.2025 22:34:48][serveritem][give] Zip_zona obtained 1 of секирахаоса (§4§lСекира Хаоса)
[14.06.2025 22:36:05][serveritem][give] DvTechno541 obtained 1 of шарскорки2 (§3§lШар Скорости 2)
[14.06.2025 22:42:37][serveritem][give] KeptGnat9284830 obtained 1 of golovas1 (§e§lГолова Сема-Тарли)
[14.06.2025 22:48:20][serveritem][give] kokolam99 obtained 1 of шарздоровья3 (§d§lШар Здоровья 3)
[14.06.2025 22:48:21][serveritem][give] kokolam99 obtained 1 of шарздоровья3 (§d§lШар Здоровья 3)
[14.06.2025 22:52:38][serveritem][give] XIPPI obtained 1 of golovas4 (§5§lГолова Гарри-Поттера)
[14.06.2025 22:55:26][serveritem][give] hikaraaaaaaay obtained 1 of golovas4 (§5§lГолова Гарри-Поттера)
[14.06.2025 23:16:53][serveritem][give] diksike obtained 1 of шарскорки2 (§3§lШар Скорости 2)
[14.06.2025 23:22:59][serveritem][give] JopkaPandi229 obtained 1 of шарскорки2 (§3§lШар Скорости 2)
[14.06.2025 23:23:39][serveritem][give] putrick11 obtained 1 of секирахаоса (§4§lСекира Хаоса)
[14.06.2025 23:31:51][serveritem][give] laper223 obtained 1 of шаршипа2 (§2§lШар Шипов 2)
