[24.05.2025 07:53:42][serveritem][give] T0P1GRA obtained 1 of секирахаоса (§4§lСекира Хаоса)
[24.05.2025 07:56:20][serveritem][give] Bro9i obtained 1 of golovas4 (§5§lГолова Гарри-Поттера)
[24.05.2025 08:00:33][serveritem][give] rdtrtrtr obtained 1 of секирахаоса (§4§lСекира Хаоса)
[24.05.2025 08:04:41][serveritem][give] megaflopa obtained 1 of golovas4 (§5§lГолова Гарри-Поттера)
[24.05.2025 08:04:41][serveritem][give] megaflopa obtained 1 of golovas4 (§5§lГолова Гарри-Поттера)
[24.05.2025 08:04:42][serveritem][give] megaflopa obtained 1 of golovas4 (§5§lГолова Гарри-Поттера)
[24.05.2025 08:04:42][serveritem][give] megaflopa obtained 1 of golovas4 (§5§lГолова Гарри-Поттера)
[24.05.2025 08:04:43][serveritem][give] megaflopa obtained 1 of golovas1 (§e§lГолова Сема-Тарли)
[24.05.2025 08:04:43][serveritem][give] megaflopa obtained 1 of golovas1 (§e§lГолова Сема-Тарли)
[24.05.2025 08:04:43][serveritem][give] megaflopa obtained 1 of golovas1 (§e§lГолова Сема-Тарли)
[24.05.2025 08:04:43][serveritem][give] megaflopa obtained 1 of golovas1 (§e§lГолова Сема-Тарли)
[24.05.2025 08:04:44][serveritem][give] megaflopa obtained 1 of golovas3 (§6§l§nГэндальф)
[24.05.2025 08:04:44][serveritem][give] megaflopa obtained 1 of golovas3 (§6§l§nГэндальф)
[24.05.2025 08:04:44][serveritem][give] megaflopa obtained 1 of golovas3 (§6§l§nГэндальф)
[24.05.2025 08:04:45][serveritem][give] megaflopa obtained 1 of golovas3 (§6§l§nГэндальф)
[24.05.2025 08:04:47][serveritem][give] megaflopa obtained 1 of golovas2 (§b§lГолова Цири)
[24.05.2025 08:04:47][serveritem][give] megaflopa obtained 1 of golovas2 (§b§lГолова Цири)
[24.05.2025 08:04:47][serveritem][give] megaflopa obtained 1 of golovas2 (§b§lГолова Цири)
[24.05.2025 08:04:47][serveritem][give] megaflopa obtained 1 of golovas2 (§b§lГолова Цири)
[24.05.2025 08:04:58][serveritem][give] megaflopa obtained 1 of шарскорки2 (§3§lШар Скорости 2)
[24.05.2025 08:05:03][serveritem][give] megaflopa obtained 1 of шаршипа2 (§2§lШар Шипов 2)
[24.05.2025 08:10:06][serveritem][give] DA_NIK obtained 1 of шарздоровья3 (§d§lШар Здоровья 3)
[24.05.2025 08:10:21][serveritem][give] ezzdims obtained 1 of шарздоровья1 (§d§lШар Здоровья 1)
[24.05.2025 08:11:16][serveritem][give] olokojo obtained 1 of шарздоровья1 (§d§lШар Здоровья 1)
[24.05.2025 08:13:03][serveritem][give] sdfsfsfsfsfs obtained 1 of шарздоровья3 (§d§lШар Здоровья 3)
[24.05.2025 08:13:26][serveritem][give] da_nu_nax obtained 1 of шарздоровья1 (§d§lШар Здоровья 1)
[24.05.2025 08:19:59][serveritem][give] Om4st4rDoug14sSH obtained 1 of шарскорки1 (§3§lШар Скорости 1)
[24.05.2025 08:22:32][serveritem][give] sdfsfsfsfsfs obtained 1 of golovas4 (§5§lГолова Гарри-Поттера)
[24.05.2025 08:22:47][serveritem][give] KRIPER___ obtained 1 of секирахаоса (§4§lСекира Хаоса)
[24.05.2025 08:24:21][serveritem][give] DA_NIK obtained 1 of секирахаоса (§4§lСекира Хаоса)
[24.05.2025 08:28:00][serveritem][give] Monetka2 obtained 1 of секирахаоса (§4§lСекира Хаоса)
[24.05.2025 08:29:39][serveritem][give] TETR1XXX obtained 1 of секирахаоса (§4§lСекира Хаоса)
[24.05.2025 08:30:08][serveritem][give] Banan4iki424 obtained 1 of секирахаоса (§4§lСекира Хаоса)
[24.05.2025 08:31:08][serveritem][give] TETR1XXX obtained 1 of шарздоровья3 (§d§lШар Здоровья 3)
[24.05.2025 08:35:10][serveritem][give] Bobric228saras obtained 1 of шарздоровья3 (§d§lШар Здоровья 3)
[24.05.2025 08:44:07][serveritem][give] minecrafter20293 obtained 1 of шаротбр2 (§9§lШар Отбрасывания 2)
[24.05.2025 09:12:19][serveritem][give] Doguqu obtained 1 of шарздоровья1 (§d§lШар Здоровья 1)
[24.05.2025 09:25:57][serveritem][give] Bobric228saras obtained 1 of шарздоровья3 (§d§lШар Здоровья 3)
[24.05.2025 09:27:05][serveritem][give] AWERFV_1234567 obtained 1 of golovas4 (§5§lГолова Гарри-Поттера)
[24.05.2025 09:28:57][serveritem][give] mudrak2 obtained 1 of шарскорки2 (§3§lШар Скорости 2)
[24.05.2025 09:45:08][serveritem][give] NePlayMecha obtained 1 of шарздоровья3 (§d§lШар Здоровья 3)
[24.05.2025 09:47:19][serveritem][give] Hollis obtained 1 of шарздоровья2 (§d§lШар Здоровья 2)
[24.05.2025 09:47:19][serveritem][give] Hollis obtained 1 of шарздоровья2 (§d§lШар Здоровья 2)
[24.05.2025 09:49:54][serveritem][give] SpeedGlorus obtained 1 of шарздоровья3 (§d§lШар Здоровья 3)
[24.05.2025 09:54:37][serveritem][give] ponkino_kiti obtained 1 of golovas1 (§e§lГолова Сема-Тарли)
[24.05.2025 10:03:46][serveritem][give] ya_nesoft obtained 1 of секирахаоса (§4§lСекира Хаоса)
[24.05.2025 10:03:52][serveritem][give] hydra2283 obtained 1 of golovas4 (§5§lГолова Гарри-Поттера)
[24.05.2025 10:17:44][serveritem][give] Hollis obtained 1 of шарздоровья3 (§d§lШар Здоровья 3)
[24.05.2025 10:17:44][serveritem][give] _NegoDia_ obtained 1 of golovas1 (§e§lГолова Сема-Тарли)
[24.05.2025 10:17:58][serveritem][give] _NegoDia_ obtained 1 of секирахаоса (§4§lСекира Хаоса)
[24.05.2025 10:26:27][serveritem][give] Admin000lx obtained 1 of шарздоровья3 (§d§lШар Здоровья 3)
[24.05.2025 10:27:56][serveritem][give] diikii1 obtained 1 of golovas1 (§e§lГолова Сема-Тарли)
[24.05.2025 10:27:57][serveritem][give] diikii1 obtained 1 of golovas4 (§5§lГолова Гарри-Поттера)
[24.05.2025 10:28:15][serveritem][give] _Bikysa obtained 1 of шарздоровья2 (§d§lШар Здоровья 2)
[24.05.2025 10:39:39][serveritem][give] BergX666 obtained 1 of шарскорки2 (§3§lШар Скорости 2)
[24.05.2025 10:40:09][serveritem][give] raftanjik obtained 1 of шарздоровья3 (§d§lШар Здоровья 3)
[24.05.2025 10:41:18][serveritem][give] eunthepixa403 obtained 1 of golovas4 (§5§lГолова Гарри-Поттера)
[24.05.2025 10:41:18][serveritem][give] eunthepixa403 obtained 1 of golovas4 (§5§lГолова Гарри-Поттера)
[24.05.2025 10:41:25][serveritem][give] eunthepixa403 obtained 1 of шарскорки2 (§3§lШар Скорости 2)
[24.05.2025 10:41:26][serveritem][give] eunthepixa403 obtained 1 of шарскорки2 (§3§lШар Скорости 2)
[24.05.2025 10:43:26][serveritem][give] BergX666 obtained 1 of шарскорки1 (§3§lШар Скорости 1)
[24.05.2025 10:45:55][serveritem][give] HIroHaydarHiro2 obtained 1 of шарздоровья1 (§d§lШар Здоровья 1)
[24.05.2025 10:45:56][serveritem][give] HIroHaydarHiro2 obtained 1 of шарздоровья1 (§d§lШар Здоровья 1)
[24.05.2025 10:45:56][serveritem][give] HIroHaydarHiro2 obtained 1 of шаршипа1 (§2§lШар Шипов 1)
[24.05.2025 10:45:57][serveritem][give] HIroHaydarHiro2 obtained 1 of шаршипа1 (§2§lШар Шипов 1)
[24.05.2025 10:45:57][serveritem][give] HIroHaydarHiro2 obtained 1 of шаршипа1 (§2§lШар Шипов 1)
[24.05.2025 10:45:57][serveritem][give] HIroHaydarHiro2 obtained 1 of шаршипа1 (§2§lШар Шипов 1)
[24.05.2025 10:45:57][serveritem][give] HIroHaydarHiro2 obtained 1 of шаршипа1 (§2§lШар Шипов 1)
[24.05.2025 10:45:58][serveritem][give] HIroHaydarHiro2 obtained 1 of шаршипа1 (§2§lШар Шипов 1)
[24.05.2025 10:45:58][serveritem][give] HIroHaydarHiro2 obtained 1 of шаршипа1 (§2§lШар Шипов 1)
[24.05.2025 10:45:58][serveritem][give] HIroHaydarHiro2 obtained 1 of шаршипа1 (§2§lШар Шипов 1)
[24.05.2025 10:45:58][serveritem][give] HIroHaydarHiro2 obtained 1 of шаршипа1 (§2§lШар Шипов 1)
[24.05.2025 10:45:58][serveritem][give] HIroHaydarHiro2 obtained 1 of шаршипа1 (§2§lШар Шипов 1)
[24.05.2025 10:50:38][serveritem][give] Dream_89901877 obtained 1 of golovas4 (§5§lГолова Гарри-Поттера)
[24.05.2025 10:53:17][serveritem][give] flo1tic obtained 1 of шарскорки1 (§3§lШар Скорости 1)
[24.05.2025 10:55:29][serveritem][give] flo1tic obtained 1 of шарскорки2 (§3§lШар Скорости 2)
[24.05.2025 10:57:42][serveritem][give] chechot obtained 1 of шарскорки2 (§3§lШар Скорости 2)
[24.05.2025 10:59:29][serveritem][give] EgoRemboo obtained 1 of шарскорки2 (§3§lШар Скорости 2)
[24.05.2025 11:00:37][serveritem][give] KLutassad_451 obtained 1 of шарскорки2 (§3§lШар Скорости 2)
[24.05.2025 11:01:03][serveritem][give] KLutassad_451 obtained 1 of шарздоровья2 (§d§lШар Здоровья 2)
[24.05.2025 11:02:38][serveritem][give] flo1tic obtained 1 of шарскорки1 (§3§lШар Скорости 1)
[24.05.2025 11:09:23][serveritem][give] BergX666 obtained 1 of шарздоровья3 (§d§lШар Здоровья 3)
[24.05.2025 11:17:41][serveritem][give] Creeper7671 obtained 1 of golovas1 (§e§lГолова Сема-Тарли)
[24.05.2025 11:18:39][serveritem][give] tivf92 obtained 1 of golovas3 (§6§l§nГэндальф)
[24.05.2025 11:25:03][serveritem][give] megaflopa obtained 1 of golovas4 (§5§lГолова Гарри-Поттера)
[24.05.2025 11:26:54][serveritem][give] wand1 obtained 1 of секирахаоса (§4§lСекира Хаоса)
[24.05.2025 11:28:39][serveritem][give] rdtrtrtr obtained 1 of секирахаоса (§4§lСекира Хаоса)
[24.05.2025 11:28:40][serveritem][give] rdtrtrtr obtained 1 of секирахаоса (§4§lСекира Хаоса)
[24.05.2025 11:47:53][serveritem][give] AWERFV_1234567 obtained 1 of golovas4 (§5§lГолова Гарри-Поттера)
[24.05.2025 11:51:36][serveritem][give] full12318 obtained 1 of секирахаоса (§4§lСекира Хаоса)
[24.05.2025 11:52:54][serveritem][give] Botic1248EndPvP obtained 1 of шаротбр2 (§9§lШар Отбрасывания 2)
[24.05.2025 11:53:27][serveritem][give] rdtrtrtr obtained 1 of секирахаоса (§4§lСекира Хаоса)
[24.05.2025 11:53:31][serveritem][give] rdtrtrtr obtained 1 of golovas4 (§5§lГолова Гарри-Поттера)
[24.05.2025 11:53:58][serveritem][give] lox17_ obtained 1 of golovas4 (§5§lГолова Гарри-Поттера)
[24.05.2025 11:59:00][serveritem][give] Kipis125 obtained 1 of шарздоровья3 (§d§lШар Здоровья 3)
[24.05.2025 12:00:43][serveritem][give] rdtrtrtr obtained 1 of golovas4 (§5§lГолова Гарри-Поттера)
[24.05.2025 12:00:43][serveritem][give] rdtrtrtr obtained 1 of секирахаоса (§4§lСекира Хаоса)
[24.05.2025 12:01:35][serveritem][give] frYYYZ_yt obtained 1 of секирахаоса (§4§lСекира Хаоса)
[24.05.2025 12:21:37][serveritem][give] dsfjyt473 obtained 1 of golovas4 (§5§lГолова Гарри-Поттера)
[24.05.2025 12:22:37][serveritem][give] RcxjjQgR obtained 1 of шарздоровья1 (§d§lШар Здоровья 1)
[24.05.2025 12:31:14][serveritem][give] 201214 obtained 1 of шарскорки2 (§3§lШар Скорости 2)
[24.05.2025 12:43:25][serveritem][give] Tipi_tropa obtained 1 of шарздоровья3 (§d§lШар Здоровья 3)
[24.05.2025 12:47:18][serveritem][give] dgsfsfsfsfsd obtained 1 of golovas1 (§e§lГолова Сема-Тарли)
[24.05.2025 12:49:54][serveritem][give] 201214 obtained 1 of шарздоровья3 (§d§lШар Здоровья 3)
[24.05.2025 13:01:48][serveritem][give] sdgddfgdfDS obtained 1 of шарскорки2 (§3§lШар Скорости 2)
[24.05.2025 13:16:35][serveritem][give] zmek obtained 1 of golovas4 (§5§lГолова Гарри-Поттера)
[24.05.2025 13:25:24][serveritem][give] nefar_hpum obtained 1 of шарскорки2 (§3§lШар Скорости 2)
[24.05.2025 13:30:22][serveritem][give] lox17_ obtained 1 of golovas4 (§5§lГолова Гарри-Поттера)
[24.05.2025 13:31:21][serveritem][give] ewertik obtained 1 of шарздоровья3 (§d§lШар Здоровья 3)
[24.05.2025 13:33:43][serveritem][give] 201214 obtained 1 of шарздоровья3 (§d§lШар Здоровья 3)
[24.05.2025 13:35:21][serveritem][give] k0pazik obtained 1 of шарскорки2 (§3§lШар Скорости 2)
[24.05.2025 13:43:58][serveritem][give] sanit obtained 1 of golovas4 (§5§lГолова Гарри-Поттера)
[24.05.2025 13:47:49][serveritem][give] raftanjik obtained 1 of секирахаоса (§4§lСекира Хаоса)
[24.05.2025 13:49:12][serveritem][give] raftanjik obtained 1 of шарздоровья3 (§d§lШар Здоровья 3)
[24.05.2025 13:54:29][serveritem][give] eezbaf obtained 1 of golovas3 (§6§l§nГэндальф)
[24.05.2025 13:55:15][serveritem][give] yyydhh obtained 1 of шарздоровья3 (§d§lШар Здоровья 3)
[24.05.2025 13:59:19][serveritem][give] epor1098 obtained 1 of шарздоровья2 (§d§lШар Здоровья 2)
[24.05.2025 14:08:22][serveritem][give] KomikZXC obtained 1 of шарздоровья3 (§d§lШар Здоровья 3)
[24.05.2025 14:13:26][serveritem][give] ezzdims obtained 1 of шарздоровья1 (§d§lШар Здоровья 1)
[24.05.2025 14:17:49][serveritem][give] wx0qw1x obtained 1 of секирахаоса (§4§lСекира Хаоса)
[24.05.2025 14:20:09][serveritem][give] armk8aufau obtained 1 of шарздоровья3 (§d§lШар Здоровья 3)
[24.05.2025 14:31:50][serveritem][give] ewertik obtained 1 of секирахаоса (§4§lСекира Хаоса)
[24.05.2025 14:45:59][serveritem][give] KomikZXC obtained 1 of шарскорки2 (§3§lШар Скорости 2)
[24.05.2025 14:46:00][serveritem][give] KomikZXC obtained 1 of шарскорки2 (§3§lШар Скорости 2)
[24.05.2025 14:46:00][serveritem][give] KomikZXC obtained 1 of шарскорки2 (§3§lШар Скорости 2)
[24.05.2025 14:46:00][serveritem][give] KomikZXC obtained 1 of шарскорки2 (§3§lШар Скорости 2)
[24.05.2025 14:48:52][serveritem][give] babibzhon777 obtained 1 of секирахаоса (§4§lСекира Хаоса)
[24.05.2025 14:49:16][serveritem][give] SuperNger2001 obtained 1 of golovas4 (§5§lГолова Гарри-Поттера)
[24.05.2025 14:58:11][serveritem][give] CURKmuKm obtained 1 of golovas1 (§e§lГолова Сема-Тарли)
[24.05.2025 14:58:12][serveritem][give] CURKmuKm obtained 1 of golovas4 (§5§lГолова Гарри-Поттера)
[24.05.2025 15:07:10][serveritem][give] maktpaxep999 obtained 1 of golovas4 (§5§lГолова Гарри-Поттера)
[24.05.2025 15:07:47][serveritem][give] 3635125 obtained 1 of шаршипа2 (§2§lШар Шипов 2)
[24.05.2025 15:39:37][serveritem][give] wittys obtained 1 of шарздоровья3 (§d§lШар Здоровья 3)
[24.05.2025 15:39:51][serveritem][give] ezzdims obtained 1 of секирахаоса (§4§lСекира Хаоса)
[24.05.2025 15:39:59][serveritem][give] ezzdims obtained 1 of golovas1 (§e§lГолова Сема-Тарли)
[24.05.2025 15:51:59][serveritem][give] BUKULNED obtained 1 of секирахаоса (§4§lСекира Хаоса)
[24.05.2025 15:55:35][serveritem][give] aresminelike obtained 1 of шарздоровья3 (§d§lШар Здоровья 3)
[24.05.2025 15:57:46][serveritem][give] Timur2011111 obtained 1 of шарздоровья3 (§d§lШар Здоровья 3)
[24.05.2025 15:57:53][serveritem][give] aca1331 obtained 1 of golovas4 (§5§lГолова Гарри-Поттера)
[24.05.2025 15:59:54][serveritem][give] blin4ik254 obtained 1 of секирахаоса (§4§lСекира Хаоса)
[24.05.2025 16:17:49][serveritem][give] raftanjik obtained 1 of секирахаоса (§4§lСекира Хаоса)
[24.05.2025 16:44:04][serveritem][give] natar999 obtained 1 of golovas4 (§5§lГолова Гарри-Поттера)
[24.05.2025 16:49:09][serveritem][give] KREMEHALCHIKmast obtained 1 of golovas4 (§5§lГолова Гарри-Поттера)
[24.05.2025 16:58:00][serveritem][give] Nikki_Ready obtained 1 of шарскорки2 (§3§lШар Скорости 2)
[24.05.2025 17:03:30][serveritem][give] MrXXXXXXXXXXXXX obtained 1 of шарздоровья1 (§d§lШар Здоровья 1)
[24.05.2025 17:15:16][serveritem][give] KomikZXC obtained 1 of golovas4 (§5§lГолова Гарри-Поттера)
[24.05.2025 17:16:57][serveritem][give] MR_LEGENDA obtained 1 of golovas4 (§5§lГолова Гарри-Поттера)
[24.05.2025 17:18:16][serveritem][give] LIvKA_YT obtained 1 of шарскорки2 (§3§lШар Скорости 2)
[24.05.2025 17:18:18][serveritem][give] LIvKA_YT obtained 1 of шарздоровья3 (§d§lШар Здоровья 3)
[24.05.2025 17:18:20][serveritem][give] LIvKA_YT obtained 1 of шаршипа2 (§2§lШар Шипов 2)
[24.05.2025 17:18:21][serveritem][give] LIvKA_YT obtained 1 of шаротбр2 (§9§lШар Отбрасывания 2)
[24.05.2025 17:18:29][serveritem][give] LIvKA_YT obtained 1 of шарскорки1 (§3§lШар Скорости 1)
[24.05.2025 17:19:06][serveritem][give] nesq13248 obtained 1 of golovas1 (§e§lГолова Сема-Тарли)
[24.05.2025 17:27:13][serveritem][give] klevikxleb obtained 1 of golovas4 (§5§lГолова Гарри-Поттера)
[24.05.2025 17:28:08][serveritem][give] conque obtained 1 of шарздоровья3 (§d§lШар Здоровья 3)
[24.05.2025 17:32:16][serveritem][give] SaKnEr4iK obtained 1 of шарздоровья3 (§d§lШар Здоровья 3)
[24.05.2025 17:46:26][serveritem][give] chechot obtained 1 of golovas4 (§5§lГолова Гарри-Поттера)
[24.05.2025 17:53:04][serveritem][give] T0P1GRA obtained 1 of golovas4 (§5§lГолова Гарри-Поттера)
[24.05.2025 17:53:05][serveritem][give] nesq13248 obtained 1 of секирахаоса (§4§lСекира Хаоса)
[24.05.2025 18:02:20][serveritem][give] GCILL obtained 1 of golovas1 (§e§lГолова Сема-Тарли)
[24.05.2025 18:03:28][serveritem][give] SaKnEr4iK obtained 1 of шарздоровья2 (§d§lШар Здоровья 2)
[24.05.2025 18:06:31][serveritem][give] nighita obtained 1 of golovas4 (§5§lГолова Гарри-Поттера)
[24.05.2025 18:18:14][serveritem][give] raftanjik obtained 1 of golovas4 (§5§lГолова Гарри-Поттера)
[24.05.2025 18:20:25][serveritem][give] VitaminBom obtained 1 of секирахаоса (§4§lСекира Хаоса)
[24.05.2025 18:40:41][serveritem][give] _ezka322__ obtained 1 of шаршипа2 (§2§lШар Шипов 2)
[24.05.2025 18:52:10][serveritem][give] AWERFV_1234567 obtained 1 of golovas4 (§5§lГолова Гарри-Поттера)
[24.05.2025 18:52:11][serveritem][give] AWERFV_1234567 obtained 1 of golovas4 (§5§lГолова Гарри-Поттера)
[24.05.2025 18:52:13][serveritem][give] AWERFV_1234567 obtained 1 of golovas4 (§5§lГолова Гарри-Поттера)
[24.05.2025 18:52:30][serveritem][give] wanted21252 obtained 1 of шарздоровья2 (§d§lШар Здоровья 2)
[24.05.2025 18:53:05][serveritem][give] Grantkriminal obtained 1 of шарскорки2 (§3§lШар Скорости 2)
[24.05.2025 18:53:27][serveritem][give] Grantkriminal obtained 1 of golovas1 (§e§lГолова Сема-Тарли)
[24.05.2025 18:58:16][serveritem][give] Fsiof obtained 1 of golovas4 (§5§lГолова Гарри-Поттера)
[24.05.2025 19:05:52][serveritem][give] Grantkriminal obtained 1 of golovas1 (§e§lГолова Сема-Тарли)
[24.05.2025 19:09:12][serveritem][give] Fsiof obtained 1 of golovas4 (§5§lГолова Гарри-Поттера)
[24.05.2025 19:13:36][serveritem][give] zamzut obtained 1 of шаршипа2 (§2§lШар Шипов 2)
[24.05.2025 19:13:37][serveritem][give] zamzut obtained 1 of шаротбр2 (§9§lШар Отбрасывания 2)
[24.05.2025 19:13:38][serveritem][give] zamzut obtained 1 of шарздоровья2 (§d§lШар Здоровья 2)
[24.05.2025 19:13:38][serveritem][give] zamzut obtained 1 of шарздоровья2 (§d§lШар Здоровья 2)
[24.05.2025 19:19:33][serveritem][give] PepeoJoJO_Lo obtained 1 of golovas1 (§e§lГолова Сема-Тарли)
[24.05.2025 19:19:35][serveritem][give] PepeoJoJO_Lo obtained 1 of секирахаоса (§4§lСекира Хаоса)
[24.05.2025 19:34:28][serveritem][give] ewertik obtained 1 of секирахаоса (§4§lСекира Хаоса)
[24.05.2025 19:34:45][serveritem][give] ewertik obtained 1 of golovas4 (§5§lГолова Гарри-Поттера)
[24.05.2025 19:35:49][serveritem][give] zmek obtained 1 of golovas4 (§5§lГолова Гарри-Поттера)
[24.05.2025 21:19:39][serveritem][give] Ms_Vena obtained 1 of golovas4 (§5§lГолова Гарри-Поттера)
