[11.06.2025 05:44:35][serveritem][give] adadafss obtained 1 of golovas4 (§5§lГолова Гарри-Поттера)
[11.06.2025 06:15:37][serveritem][give] maks_kega obtained 1 of шарздоровья3 (§d§lШар Здоровья 3)
[11.06.2025 06:27:15][serveritem][give] krekst obtained 1 of golovas1 (§e§lГолова Сема-Тарли)
[11.06.2025 06:55:19][serveritem][give] sorsal123 obtained 1 of golovas4 (§5§lГолова Гарри-Поттера)
[11.06.2025 06:58:52][serveritem][give] sorsal1234 obtained 1 of шаршипа1 (§2§lШар Шипов 1)
[11.06.2025 07:27:54][serveritem][give] adadafss obtained 1 of golovas4 (§5§lГолова Гарри-Поттера)
[11.06.2025 07:28:10][serveritem][give] vetal999 obtained 1 of golovas4 (§5§lГолова Гарри-Поттера)
[11.06.2025 07:56:43][serveritem][give] k0ller_legend obtained 1 of шарздоровья3 (§d§lШар Здоровья 3)
[11.06.2025 07:56:44][serveritem][give] TEROBAT12 obtained 1 of шаротбр2 (§9§lШар Отбрасывания 2)
[11.06.2025 07:56:45][serveritem][give] TEROBAT12 obtained 1 of шаршипа2 (§2§lШар Шипов 2)
[11.06.2025 07:56:45][serveritem][give] TEROBAT12 obtained 1 of шарздоровья2 (§d§lШар Здоровья 2)
[11.06.2025 07:56:46][serveritem][give] TEROBAT12 obtained 1 of шарздоровья3 (§d§lШар Здоровья 3)
[11.06.2025 07:56:46][serveritem][give] TEROBAT12 obtained 1 of шарскорки2 (§3§lШар Скорости 2)
[11.06.2025 07:56:48][serveritem][give] TEROBAT12 obtained 1 of шарскорки1 (§3§lШар Скорости 1)
[11.06.2025 07:56:48][serveritem][give] TEROBAT12 obtained 1 of шарздоровья1 (§d§lШар Здоровья 1)
[11.06.2025 08:07:14][serveritem][give] nfrg3 obtained 1 of шарздоровья3 (§d§lШар Здоровья 3)
[11.06.2025 08:09:37][serveritem][give] pedro292 obtained 1 of шарздоровья3 (§d§lШар Здоровья 3)
[11.06.2025 08:14:49][serveritem][give] OppenhSageCir538 obtained 1 of шарздоровья1 (§d§lШар Здоровья 1)
[11.06.2025 08:20:15][serveritem][give] artem1516 obtained 1 of golovas4 (§5§lГолова Гарри-Поттера)
[11.06.2025 08:22:29][serveritem][give] young1716 obtained 1 of golovas4 (§5§lГолова Гарри-Поттера)
[11.06.2025 08:38:54][serveritem][give] ruy232 obtained 1 of шарздоровья2 (§d§lШар Здоровья 2)
[11.06.2025 08:44:04][serveritem][give] pibulyo_hean obtained 1 of секирахаоса (§4§lСекира Хаоса)
[11.06.2025 09:02:29][serveritem][give] frfrfr1234554321 obtained 1 of golovas3 (§6§l§nГэндальф)
[11.06.2025 09:11:28][serveritem][give] arbyzik obtained 1 of шарздоровья2 (§d§lШар Здоровья 2)
[11.06.2025 09:11:33][serveritem][give] EBAL_MAMY_ZENY obtained 1 of шарздоровья3 (§d§lШар Здоровья 3)
[11.06.2025 09:23:03][serveritem][give] sdsdas obtained 1 of шарздоровья3 (§d§lШар Здоровья 3)
[11.06.2025 09:23:47][serveritem][give] _YellowCatTT_123 obtained 1 of golovas4 (§5§lГолова Гарри-Поттера)
[11.06.2025 09:23:54][serveritem][give] _YellowCatTT_123 obtained 1 of шаршипа2 (§2§lШар Шипов 2)
[11.06.2025 09:30:57][serveritem][give] adadafss obtained 1 of golovas4 (§5§lГолова Гарри-Поттера)
[11.06.2025 09:32:04][serveritem][give] WAQRE obtained 1 of шарздоровья3 (§d§lШар Здоровья 3)
[11.06.2025 09:41:53][serveritem][give] _EterIalshard_ obtained 1 of golovas4 (§5§lГолова Гарри-Поттера)
[11.06.2025 09:42:08][serveritem][give] GOdCKWxz obtained 1 of golovas4 (§5§lГолова Гарри-Поттера)
[11.06.2025 09:48:45][serveritem][give] TralaleTralala obtained 1 of шарскорки2 (§3§lШар Скорости 2)
[11.06.2025 09:49:40][serveritem][give] WitchSanit obtained 1 of golovas3 (§6§l§nГэндальф)
[11.06.2025 09:52:48][serveritem][give] Theas_N4867 obtained 1 of шарскорки2 (§3§lШар Скорости 2)
[11.06.2025 09:55:52][serveritem][give] cmertnik obtained 1 of шарскорки2 (§3§lШар Скорости 2)
[11.06.2025 10:09:50][serveritem][give] rmxXD obtained 1 of секирахаоса (§4§lСекира Хаоса)
[11.06.2025 10:12:55][serveritem][give] osel52 obtained 1 of golovas4 (§5§lГолова Гарри-Поттера)
[11.06.2025 10:13:38][serveritem][give] osel52 obtained 1 of golovas4 (§5§lГолова Гарри-Поттера)
[11.06.2025 10:14:12][serveritem][give] line obtained 1 of секирахаоса (§4§lСекира Хаоса)
[11.06.2025 10:23:33][serveritem][give] cmertnik obtained 1 of шарскорки2 (§3§lШар Скорости 2)
[11.06.2025 10:28:21][serveritem][give] sigma777pro obtained 1 of шарскорки2 (§3§lШар Скорости 2)
[11.06.2025 10:28:34][serveritem][give] sigma777pro obtained 1 of golovas4 (§5§lГолова Гарри-Поттера)
[11.06.2025 10:30:59][serveritem][give] 3000IQ_HA obtained 1 of golovas3 (§6§l§nГэндальф)
[11.06.2025 10:30:59][serveritem][give] 3000IQ_HA obtained 1 of golovas3 (§6§l§nГэндальф)
[11.06.2025 10:31:16][serveritem][give] VmcDNYjT obtained 1 of шарскорки2 (§3§lШар Скорости 2)
[11.06.2025 10:31:32][serveritem][give] Sasha5606 obtained 1 of шарздоровья3 (§d§lШар Здоровья 3)
[11.06.2025 10:38:29][serveritem][give] frik_nBleze obtained 1 of шарскорки2 (§3§lШар Скорости 2)
[11.06.2025 10:46:46][serveritem][give] GGa4eHbKa obtained 1 of golovas4 (§5§lГолова Гарри-Поттера)
[11.06.2025 10:48:12][serveritem][give] wertolit obtained 1 of шарскорки1 (§3§lШар Скорости 1)
[11.06.2025 10:53:56][serveritem][give] mark obtained 1 of шарскорки2 (§3§lШар Скорости 2)
[11.06.2025 10:58:52][serveritem][give] gagagsegxbv obtained 1 of шарздоровья3 (§d§lШар Здоровья 3)
[11.06.2025 11:14:50][serveritem][give] BobritoBondito obtained 1 of шарскорки2 (§3§lШар Скорости 2)
[11.06.2025 11:15:48][serveritem][give] qwexzl obtained 1 of секирахаоса (§4§lСекира Хаоса)
[11.06.2025 11:18:38][serveritem][give] Yeiqexbmwvqo obtained 1 of шарздоровья2 (§d§lШар Здоровья 2)
[11.06.2025 11:19:18][serveritem][give] eee obtained 1 of golovas4 (§5§lГолова Гарри-Поттера)
[11.06.2025 11:23:43][serveritem][give] zero888 obtained 1 of секирахаоса (§4§lСекира Хаоса)
[11.06.2025 11:26:46][serveritem][give] pupokpuk obtained 1 of шарздоровья1 (§d§lШар Здоровья 1)
[11.06.2025 11:31:27][serveritem][give] SpeedGlorus obtained 1 of golovas3 (§6§l§nГэндальф)
[11.06.2025 11:44:08][serveritem][give] CammonHat1k obtained 1 of шарздоровья3 (§d§lШар Здоровья 3)
[11.06.2025 11:45:59][serveritem][give] SpeedGlorus obtained 1 of golovas4 (§5§lГолова Гарри-Поттера)
[11.06.2025 11:48:53][serveritem][give] sigma777pro obtained 1 of шарскорки2 (§3§lШар Скорости 2)
[11.06.2025 11:49:33][serveritem][give] hygar_1 obtained 1 of golovas4 (§5§lГолова Гарри-Поттера)
[11.06.2025 11:52:19][serveritem][give] zero888 obtained 1 of шарздоровья3 (§d§lШар Здоровья 3)
[11.06.2025 11:52:39][serveritem][give] ghjiop2014 obtained 1 of секирахаоса (§4§lСекира Хаоса)
[11.06.2025 12:00:22][serveritem][give] aqwa9 obtained 1 of golovas1 (§e§lГолова Сема-Тарли)
[11.06.2025 12:03:01][serveritem][give] Charl13panel obtained 1 of golovas4 (§5§lГолова Гарри-Поттера)
[11.06.2025 12:03:25][serveritem][give] Charl13panel obtained 1 of шарздоровья3 (§d§lШар Здоровья 3)
[11.06.2025 12:06:20][serveritem][give] pikmi_mishka obtained 1 of шарскорки2 (§3§lШар Скорости 2)
[11.06.2025 12:06:47][serveritem][give] pikmi_mishka obtained 1 of шарздоровья3 (§d§lШар Здоровья 3)
[11.06.2025 12:09:41][serveritem][give] zxceverestii obtained 1 of golovas4 (§5§lГолова Гарри-Поттера)
[11.06.2025 12:11:12][serveritem][give] ghjiop2014 obtained 1 of golovas4 (§5§lГолова Гарри-Поттера)
[11.06.2025 12:22:54][serveritem][give] adadafss obtained 1 of секирахаоса (§4§lСекира Хаоса)
[11.06.2025 12:33:02][serveritem][give] gofylya_kuer obtained 1 of golovas4 (§5§lГолова Гарри-Поттера)
[11.06.2025 12:35:55][serveritem][give] KeptGnat9284830 obtained 1 of golovas1 (§e§lГолова Сема-Тарли)
[11.06.2025 12:36:30][serveritem][give] zero888 obtained 1 of шарздоровья1 (§d§lШар Здоровья 1)
[11.06.2025 12:41:55][serveritem][give] menyaoda obtained 1 of шарскорки1 (§3§lШар Скорости 1)
[11.06.2025 12:46:16][serveritem][give] menyaoda3 obtained 1 of шарздоровья3 (§d§lШар Здоровья 3)
[11.06.2025 12:49:37][serveritem][give] sasison obtained 1 of шаршипа2 (§2§lШар Шипов 2)
[11.06.2025 12:50:08][serveritem][give] SpeedGlorus obtained 1 of golovas3 (§6§l§nГэндальф)
[11.06.2025 12:51:09][serveritem][give] ZERO999 obtained 1 of секирахаоса (§4§lСекира Хаоса)
[11.06.2025 12:51:31][serveritem][give] ZERO999 obtained 1 of golovas3 (§6§l§nГэндальф)
[11.06.2025 13:01:15][serveritem][give] sasison obtained 1 of шарздоровья3 (§d§lШар Здоровья 3)
[11.06.2025 13:01:24][serveritem][give] sasison obtained 1 of шарздоровья1 (§d§lШар Здоровья 1)
[11.06.2025 13:21:44][serveritem][give] olkoty17 obtained 1 of шарскорки2 (§3§lШар Скорости 2)
[11.06.2025 13:53:31][serveritem][give] FunT1K_812 obtained 1 of секирахаоса (§4§lСекира Хаоса)
[11.06.2025 13:55:32][serveritem][give] peper2282834 obtained 1 of golovas4 (§5§lГолова Гарри-Поттера)
[11.06.2025 13:56:31][serveritem][give] peper2282834 obtained 1 of шарскорки2 (§3§lШар Скорости 2)
[11.06.2025 14:07:04][serveritem][give] nurymtanathan obtained 1 of шарздоровья2 (§d§lШар Здоровья 2)
[11.06.2025 14:07:50][serveritem][give] peper2282834 obtained 1 of шарскорки2 (§3§lШар Скорости 2)
[11.06.2025 14:18:14][serveritem][give] zero333 obtained 1 of секирахаоса (§4§lСекира Хаоса)
[11.06.2025 14:37:22][serveritem][give] olkoty17 obtained 1 of golovas3 (§6§l§nГэндальф)
[11.06.2025 14:41:09][serveritem][give] eric66t obtained 1 of шарздоровья3 (§d§lШар Здоровья 3)
[11.06.2025 14:43:49][serveritem][give] RapTur4ik1 obtained 1 of шарскорки1 (§3§lШар Скорости 1)
[11.06.2025 14:43:51][serveritem][give] EBAL_MAMY_ZENY obtained 1 of шарскорки2 (§3§lШар Скорости 2)
[11.06.2025 14:52:22][serveritem][give] Cocola000 obtained 1 of golovas3 (§6§l§nГэндальф)
[11.06.2025 14:52:23][serveritem][give] Cocola000 obtained 1 of golovas3 (§6§l§nГэндальф)
[11.06.2025 14:52:24][serveritem][give] Cocola000 obtained 1 of golovas3 (§6§l§nГэндальф)
[11.06.2025 14:52:41][serveritem][give] MenRoR obtained 1 of шарскорки2 (§3§lШар Скорости 2)
[11.06.2025 14:54:57][serveritem][give] LG_STRAX_ZLOY obtained 1 of golovas4 (§5§lГолова Гарри-Поттера)
[11.06.2025 14:55:50][serveritem][give] 3000IQ_HA obtained 1 of golovas3 (§6§l§nГэндальф)
[11.06.2025 14:55:50][serveritem][give] 3000IQ_HA obtained 1 of golovas4 (§5§lГолова Гарри-Поттера)
[11.06.2025 15:01:34][serveritem][give] BobritoBondito obtained 1 of шарскорки2 (§3§lШар Скорости 2)
[11.06.2025 15:02:11][serveritem][give] Cocola000 obtained 1 of golovas3 (§6§l§nГэндальф)
[11.06.2025 15:02:16][serveritem][give] Cocola000 obtained 1 of golovas3 (§6§l§nГэндальф)
[11.06.2025 15:03:31][serveritem][give] Eldar4308 obtained 1 of шарздоровья3 (§d§lШар Здоровья 3)
[11.06.2025 15:07:54][serveritem][give] Uobida2 obtained 1 of golovas4 (§5§lГолова Гарри-Поттера)
[11.06.2025 15:15:51][serveritem][give] BobritoBondito obtained 1 of шарскорки2 (§3§lШар Скорости 2)
[11.06.2025 15:29:08][serveritem][give] nanasi3 obtained 1 of golovas4 (§5§lГолова Гарри-Поттера)
[11.06.2025 15:35:40][serveritem][give] Bezobrazie obtained 1 of секирахаоса (§4§lСекира Хаоса)
[11.06.2025 15:37:25][serveritem][give] nanasi3 obtained 1 of golovas4 (§5§lГолова Гарри-Поттера)
[11.06.2025 15:55:47][serveritem][give] BACUA obtained 1 of шарскорки2 (§3§lШар Скорости 2)
[11.06.2025 16:05:41][serveritem][give] OPAMYSARA obtained 1 of golovas4 (§5§lГолова Гарри-Поттера)
[11.06.2025 16:07:11][serveritem][give] BobritoBondito obtained 1 of шарскорки2 (§3§lШар Скорости 2)
[11.06.2025 16:07:37][serveritem][give] Ars_2087 obtained 1 of шарскорки1 (§3§lШар Скорости 1)
[11.06.2025 16:07:53][serveritem][give] korobka obtained 1 of шарскорки2 (§3§lШар Скорости 2)
[11.06.2025 16:12:36][serveritem][give] BobritoBondito obtained 1 of шарскорки2 (§3§lШар Скорости 2)
[11.06.2025 16:14:46][serveritem][give] zxceverestii obtained 1 of секирахаоса (§4§lСекира Хаоса)
[11.06.2025 16:15:06][serveritem][give] andreyka2000x obtained 1 of golovas4 (§5§lГолова Гарри-Поттера)
[11.06.2025 16:19:16][serveritem][give] hearts1de obtained 1 of секирахаоса (§4§lСекира Хаоса)
[11.06.2025 16:19:17][serveritem][give] hearts1de obtained 1 of golovas2 (§b§lГолова Цири)
[11.06.2025 16:19:17][serveritem][give] hearts1de obtained 1 of golovas3 (§6§l§nГэндальф)
[11.06.2025 16:19:17][serveritem][give] hearts1de obtained 1 of golovas4 (§5§lГолова Гарри-Поттера)
[11.06.2025 16:19:17][serveritem][give] hearts1de obtained 1 of golovas1 (§e§lГолова Сема-Тарли)
[11.06.2025 16:24:59][serveritem][give] _KILLGAMEOVER_ obtained 1 of шарскорки2 (§3§lШар Скорости 2)
[11.06.2025 16:26:59][serveritem][give] Ars_2087 obtained 1 of шарскорки2 (§3§lШар Скорости 2)
[11.06.2025 16:29:32][serveritem][give] 3000IQ_HA obtained 1 of golovas4 (§5§lГолова Гарри-Поттера)
[11.06.2025 16:36:51][serveritem][give] DOZA_001 obtained 1 of golovas2 (§b§lГолова Цири)
[11.06.2025 16:38:30][serveritem][give] zero333 obtained 1 of секирахаоса (§4§lСекира Хаоса)
[11.06.2025 16:38:40][serveritem][give] zero333 obtained 1 of golovas1 (§e§lГолова Сема-Тарли)
[11.06.2025 16:46:44][serveritem][give] C329 obtained 1 of шарздоровья2 (§d§lШар Здоровья 2)
[11.06.2025 16:59:13][serveritem][give] C329 obtained 1 of секирахаоса (§4§lСекира Хаоса)
[11.06.2025 17:00:26][serveritem][give] Dimasik2014 obtained 1 of golovas4 (§5§lГолова Гарри-Поттера)
[11.06.2025 17:02:26][serveritem][give] GRAF_KILLER_666 obtained 1 of шарздоровья3 (§d§lШар Здоровья 3)
[11.06.2025 17:04:34][serveritem][give] zero333 obtained 1 of секирахаоса (§4§lСекира Хаоса)
[11.06.2025 17:05:08][serveritem][give] eblan_nasofteXD obtained 1 of golovas4 (§5§lГолова Гарри-Поттера)
[11.06.2025 17:09:42][serveritem][give] geniy2903 obtained 1 of шарздоровья3 (§d§lШар Здоровья 3)
[11.06.2025 17:13:53][serveritem][give] nea697 obtained 1 of шарздоровья3 (§d§lШар Здоровья 3)
[11.06.2025 17:15:12][serveritem][give] Cocola000 obtained 1 of golovas3 (§6§l§nГэндальф)
[11.06.2025 17:15:13][serveritem][give] Cocola000 obtained 1 of golovas3 (§6§l§nГэндальф)
[11.06.2025 17:19:50][serveritem][give] BACUA obtained 1 of шарскорки2 (§3§lШар Скорости 2)
[11.06.2025 17:20:16][serveritem][give] ogyrhuc obtained 1 of golovas1 (§e§lГолова Сема-Тарли)
[11.06.2025 17:23:59][serveritem][give] BobritoBondito obtained 1 of шарскорки2 (§3§lШар Скорости 2)
[11.06.2025 17:28:09][serveritem][give] sigma777pro obtained 1 of шарскорки2 (§3§lШар Скорости 2)
[11.06.2025 17:46:41][serveritem][give] BobritoBondito obtained 1 of шарскорки2 (§3§lШар Скорости 2)
[11.06.2025 17:56:56][serveritem][give] CMvFBeAt obtained 1 of golovas4 (§5§lГолова Гарри-Поттера)
[11.06.2025 18:01:17][serveritem][give] Pypsic obtained 1 of шарскорки1 (§3§lШар Скорости 1)
[11.06.2025 18:02:52][serveritem][give] CMvFBeAt obtained 1 of golovas4 (§5§lГолова Гарри-Поттера)
[11.06.2025 18:05:23][serveritem][give] eric66t obtained 1 of шарздоровья3 (§d§lШар Здоровья 3)
[11.06.2025 18:12:15][serveritem][give] nine12345 obtained 1 of golovas4 (§5§lГолова Гарри-Поттера)
[11.06.2025 18:12:16][serveritem][give] nine12345 obtained 1 of секирахаоса (§4§lСекира Хаоса)
[11.06.2025 18:14:54][serveritem][give] DEMON_666 obtained 1 of секирахаоса (§4§lСекира Хаоса)
[11.06.2025 18:22:56][serveritem][give] vetal999 obtained 1 of golovas1 (§e§lГолова Сема-Тарли)
[11.06.2025 18:27:30][serveritem][give] BobritoBondito obtained 1 of golovas2 (§b§lГолова Цири)
