[07.06.2025 05:22:37][serveritem][give] LqSon obtained 1 of golovas1 (§e§lГолова Сема-Тарли)
[07.06.2025 05:24:10][serveritem][give] LqSon obtained 1 of golovas4 (§5§lГолова Гарри-Поттера)
[07.06.2025 05:42:19][serveritem][give] 234reg obtained 1 of golovas1 (§e§lГолова Сема-Тарли)
[07.06.2025 05:43:14][serveritem][give] 234reg obtained 1 of шарскорки2 (§3§lШар Скорости 2)
[07.06.2025 05:43:34][serveritem][give] 234reg obtained 1 of golovas1 (§e§lГолова Сема-Тарли)
[07.06.2025 05:43:41][serveritem][give] 234reg obtained 1 of golovas1 (§e§lГолова Сема-Тарли)
[07.06.2025 05:44:07][serveritem][give] 234reg obtained 1 of шарздоровья1 (§d§lШар Здоровья 1)
[07.06.2025 05:45:28][serveritem][give] 1231reg obtained 1 of шарскорки2 (§3§lШар Скорости 2)
[07.06.2025 05:45:42][serveritem][give] 1231reg obtained 1 of шарздоровья1 (§d§lШар Здоровья 1)
[07.06.2025 05:46:55][serveritem][give] fsdfsdreg obtained 1 of секирахаоса (§4§lСекира Хаоса)
[07.06.2025 05:50:19][serveritem][give] 342345ereg obtained 1 of шарздоровья3 (§d§lШар Здоровья 3)
[07.06.2025 05:57:12][serveritem][give] xdeforpo4ka obtained 1 of секирахаоса (§4§lСекира Хаоса)
[07.06.2025 06:02:05][serveritem][give] dfsd342reg obtained 1 of шарскорки2 (§3§lШар Скорости 2)
[07.06.2025 06:03:17][serveritem][give] dasdfdth1233reg obtained 1 of шарскорки2 (§3§lШар Скорости 2)
[07.06.2025 06:05:23][serveritem][give] sdf4234reg obtained 1 of секирахаоса (§4§lСекира Хаоса)
[07.06.2025 06:12:54][serveritem][give] conque obtained 1 of шарздоровья3 (§d§lШар Здоровья 3)
[07.06.2025 06:13:35][serveritem][give] conque obtained 1 of шарздоровья2 (§d§lШар Здоровья 2)
[07.06.2025 06:16:00][serveritem][give] uaziz obtained 1 of шарздоровья2 (§d§lШар Здоровья 2)
[07.06.2025 07:13:25][serveritem][give] hahamuganto obtained 1 of golovas1 (§e§lГолова Сема-Тарли)
[07.06.2025 07:14:13][serveritem][give] hahamuganto obtained 1 of golovas2 (§b§lГолова Цири)
[07.06.2025 07:14:33][serveritem][give] UsinYter obtained 1 of секирахаоса (§4§lСекира Хаоса)
[07.06.2025 07:28:00][serveritem][give] Doner_5 obtained 1 of golovas3 (§6§l§nГэндальф)
[07.06.2025 07:37:48][serveritem][give] rtx4090eba obtained 1 of golovas3 (§6§l§nГэндальф)
[07.06.2025 07:45:27][serveritem][give] Banan4iki424 obtained 1 of golovas1 (§e§lГолова Сема-Тарли)
[07.06.2025 07:46:02][serveritem][give] wergrht397 obtained 1 of шарздоровья3 (§d§lШар Здоровья 3)
[07.06.2025 07:52:28][serveritem][give] krekst obtained 1 of секирахаоса (§4§lСекира Хаоса)
[07.06.2025 07:55:25][serveritem][give] ilag obtained 1 of golovas4 (§5§lГолова Гарри-Поттера)
[07.06.2025 07:56:10][serveritem][give] krekst obtained 1 of golovas1 (§e§lГолова Сема-Тарли)
[07.06.2025 08:20:06][serveritem][give] XD3monX7Xh2966 obtained 1 of шарздоровья1 (§d§lШар Здоровья 1)
[07.06.2025 08:22:48][serveritem][give] FloweVoided191 obtained 1 of golovas4 (§5§lГолова Гарри-Поттера)
[07.06.2025 08:27:17][serveritem][give] BilGhostDa9 obtained 1 of golovas4 (§5§lГолова Гарри-Поттера)
[07.06.2025 08:32:17][serveritem][give] mavo obtained 1 of golovas4 (§5§lГолова Гарри-Поттера)
[07.06.2025 08:33:18][serveritem][give] ProverkaLOl obtained 1 of шарздоровья2 (§d§lШар Здоровья 2)
[07.06.2025 08:33:57][serveritem][give] shaderp77 obtained 1 of golovas4 (§5§lГолова Гарри-Поттера)
[07.06.2025 08:44:27][serveritem][give] conque obtained 1 of секирахаоса (§4§lСекира Хаоса)
[07.06.2025 08:44:45][serveritem][give] conque obtained 1 of golovas3 (§6§l§nГэндальф)
[07.06.2025 08:56:08][serveritem][give] sergeV0077 obtained 1 of шаротбр1 (§9§lШар Отбрасывания 1)
[07.06.2025 08:56:20][serveritem][give] sergeV0077 obtained 1 of шарздоровья3 (§d§lШар Здоровья 3)
[07.06.2025 08:57:35][serveritem][give] Globi_warms obtained 1 of golovas4 (§5§lГолова Гарри-Поттера)
[07.06.2025 08:59:35][serveritem][give] sergeV0077 obtained 1 of шарскорки2 (§3§lШар Скорости 2)
[07.06.2025 08:59:38][serveritem][give] sergeV0077 obtained 1 of шарздоровья3 (§d§lШар Здоровья 3)
[07.06.2025 08:59:40][serveritem][give] sergeV0077 obtained 1 of шаршипа2 (§2§lШар Шипов 2)
[07.06.2025 08:59:41][serveritem][give] sergeV0077 obtained 1 of шаротбр2 (§9§lШар Отбрасывания 2)
[07.06.2025 09:00:02][serveritem][give] Eldar4304 obtained 1 of шарздоровья1 (§d§lШар Здоровья 1)
[07.06.2025 09:09:19][serveritem][give] ezzpvpshkaewew obtained 1 of шарздоровья3 (§d§lШар Здоровья 3)
[07.06.2025 09:09:23][serveritem][give] Faber1337 obtained 1 of секирахаоса (§4§lСекира Хаоса)
[07.06.2025 09:27:15][serveritem][give] skm_lol_koks obtained 1 of golovas1 (§e§lГолова Сема-Тарли)
[07.06.2025 09:36:26][serveritem][give] pokelako obtained 1 of шарздоровья3 (§d§lШар Здоровья 3)
[07.06.2025 09:38:45][serveritem][give] NeBaber228 obtained 1 of шарздоровья3 (§d§lШар Здоровья 3)
[07.06.2025 09:42:02][serveritem][give] APCEHIU019 obtained 1 of шаршипа1 (§2§lШар Шипов 1)
[07.06.2025 09:51:54][serveritem][give] ansoft222 obtained 1 of golovas4 (§5§lГолова Гарри-Поттера)
[07.06.2025 09:59:17][serveritem][give] vena4670 obtained 1 of шарздоровья1 (§d§lШар Здоровья 1)
[07.06.2025 09:59:31][serveritem][give] MakakA_xX_ obtained 1 of шарздоровья3 (§d§lШар Здоровья 3)
[07.06.2025 10:03:11][serveritem][give] sharik2024 obtained 1 of golovas1 (§e§lГолова Сема-Тарли)
[07.06.2025 10:17:51][serveritem][give] osel52 obtained 1 of шарздоровья3 (§d§lШар Здоровья 3)
[07.06.2025 10:20:14][serveritem][give] Eldar4301111 obtained 1 of шарздоровья3 (§d§lШар Здоровья 3)
[07.06.2025 10:20:45][serveritem][give] liquiyaire7 obtained 1 of секирахаоса (§4§lСекира Хаоса)
[07.06.2025 10:25:47][serveritem][give] Eldar43011111 obtained 1 of шарздоровья3 (§d§lШар Здоровья 3)
[07.06.2025 10:27:41][serveritem][give] Sigma_213021 obtained 1 of секирахаоса (§4§lСекира Хаоса)
[07.06.2025 10:28:16][serveritem][give] sasha_apple2012 obtained 1 of golovas4 (§5§lГолова Гарри-Поттера)
[07.06.2025 10:28:25][serveritem][give] Muuuph obtained 1 of шарскорки2 (§3§lШар Скорости 2)
[07.06.2025 10:29:59][serveritem][give] DudKUA8 obtained 1 of golovas4 (§5§lГолова Гарри-Поттера)
[07.06.2025 10:30:03][serveritem][give] DudKUA8 obtained 1 of golovas1 (§e§lГолова Сема-Тарли)
[07.06.2025 10:30:08][serveritem][give] DudKUA8 obtained 1 of шарскорки2 (§3§lШар Скорости 2)
[07.06.2025 10:41:57][serveritem][give] qwexzl obtained 1 of секирахаоса (§4§lСекира Хаоса)
[07.06.2025 10:46:10][serveritem][give] Sigma_213021 obtained 1 of golovas4 (§5§lГолова Гарри-Поттера)
[07.06.2025 10:48:04][serveritem][give] DANILA2014WR obtained 1 of шарздоровья2 (§d§lШар Здоровья 2)
[07.06.2025 10:55:48][serveritem][give] krekst obtained 1 of golovas1 (§e§lГолова Сема-Тарли)
[07.06.2025 10:58:42][serveritem][give] telepys obtained 1 of шарскорки2 (§3§lШар Скорости 2)
[07.06.2025 11:07:43][serveritem][give] Sselima obtained 1 of golovas4 (§5§lГолова Гарри-Поттера)
[07.06.2025 11:09:46][serveritem][give] ezzpvpshkaewew obtained 1 of шаротбр2 (§9§lШар Отбрасывания 2)
[07.06.2025 11:23:10][serveritem][give] Eldar43011111114 obtained 1 of секирахаоса (§4§lСекира Хаоса)
[07.06.2025 11:23:58][serveritem][give] mrzanga1231 obtained 1 of шаротбр2 (§9§lШар Отбрасывания 2)
[07.06.2025 11:40:06][serveritem][give] Eldar43011144444 obtained 1 of шарздоровья1 (§d§lШар Здоровья 1)
[07.06.2025 11:41:02][serveritem][give] sasha_apple2012 obtained 1 of шарскорки1 (§3§lШар Скорости 1)
[07.06.2025 11:48:43][serveritem][give] kkilyoy obtained 1 of секирахаоса (§4§lСекира Хаоса)
[07.06.2025 11:54:51][serveritem][give] kkilyoy obtained 1 of шарздоровья2 (§d§lШар Здоровья 2)
[07.06.2025 12:03:29][serveritem][give] Eldar43011144444 obtained 1 of секирахаоса (§4§lСекира Хаоса)
[07.06.2025 12:03:55][serveritem][give] qweqwrqwrrw obtained 1 of golovas1 (§e§lГолова Сема-Тарли)
[07.06.2025 12:05:44][serveritem][give] qweqavdsfg obtained 1 of шарскорки2 (§3§lШар Скорости 2)
[07.06.2025 12:10:20][serveritem][give] skins obtained 1 of секирахаоса (§4§lСекира Хаоса)
[07.06.2025 12:20:38][serveritem][give] Eldar43011144444 obtained 1 of шарздоровья2 (§d§lШар Здоровья 2)
[07.06.2025 12:33:55][serveritem][give] agent90 obtained 1 of секирахаоса (§4§lСекира Хаоса)
[07.06.2025 12:54:01][serveritem][give] tungsahurr obtained 1 of golovas1 (§e§lГолова Сема-Тарли)
[07.06.2025 12:58:28][serveritem][give] sejsertyoi obtained 1 of секирахаоса (§4§lСекира Хаоса)
[07.06.2025 13:29:17][serveritem][give] camera obtained 1 of шарздоровья3 (§d§lШар Здоровья 3)
[07.06.2025 13:32:38][serveritem][give] tyrretto obtained 1 of секирахаоса (§4§lСекира Хаоса)
[07.06.2025 13:44:19][serveritem][give] bububyka obtained 1 of golovas1 (§e§lГолова Сема-Тарли)
[07.06.2025 13:52:19][serveritem][give] Eldar430111441q obtained 1 of секирахаоса (§4§lСекира Хаоса)
[07.06.2025 14:02:55][serveritem][give] jyjaon obtained 1 of шарздоровья3 (§d§lШар Здоровья 3)
[07.06.2025 14:10:26][serveritem][give] woen_fofuzeo8 obtained 1 of шарскорки2 (§3§lШар Скорости 2)
[07.06.2025 14:12:26][serveritem][give] telepys obtained 1 of golovas3 (§6§l§nГэндальф)
[07.06.2025 14:17:06][serveritem][give] artem_299 obtained 1 of golovas4 (§5§lГолова Гарри-Поттера)
[07.06.2025 14:23:30][serveritem][give] Creeper7671 obtained 1 of golovas4 (§5§lГолова Гарри-Поттера)
[07.06.2025 14:26:13][serveritem][give] grgfgg obtained 1 of golovas4 (§5§lГолова Гарри-Поттера)
[07.06.2025 14:33:59][serveritem][give] Eldar430111441ez obtained 1 of шарздоровья1 (§d§lШар Здоровья 1)
[07.06.2025 14:42:43][serveritem][give] Artem287 obtained 1 of шарздоровья3 (§d§lШар Здоровья 3)
[07.06.2025 14:43:35][serveritem][give] Artem287 obtained 1 of шарскорки2 (§3§lШар Скорости 2)
[07.06.2025 14:43:35][serveritem][give] zyvucia3 obtained 1 of шарскорки1 (§3§lШар Скорости 1)
[07.06.2025 14:45:17][serveritem][give] KLauncher_hobaad obtained 1 of golovas4 (§5§lГолова Гарри-Поттера)
[07.06.2025 14:48:04][serveritem][give] femdom obtained 1 of шарздоровья1 (§d§lШар Здоровья 1)
[07.06.2025 14:48:56][serveritem][give] 1nfinityLegend obtained 1 of шарздоровья1 (§d§lШар Здоровья 1)
[07.06.2025 14:54:00][serveritem][give] zalyp0sobak obtained 1 of шарздоровья2 (§d§lШар Здоровья 2)
[07.06.2025 15:08:50][serveritem][give] VANtyty obtained 1 of шарздоровья3 (§d§lШар Здоровья 3)
[07.06.2025 15:13:41][serveritem][give] RAICode_Ge211 obtained 1 of шарздоровья1 (§d§lШар Здоровья 1)
[07.06.2025 15:24:36][serveritem][give] zxs_toksik obtained 1 of golovas1 (§e§lГолова Сема-Тарли)
[07.06.2025 15:25:12][serveritem][give] zxs_toksik obtained 1 of секирахаоса (§4§lСекира Хаоса)
[07.06.2025 15:28:48][serveritem][give] portosaw obtained 1 of секирахаоса (§4§lСекира Хаоса)
[07.06.2025 15:30:41][serveritem][give] fush1fur00 obtained 1 of golovas1 (§e§lГолова Сема-Тарли)
[07.06.2025 15:35:21][serveritem][give] vena4670 obtained 1 of секирахаоса (§4§lСекира Хаоса)
[07.06.2025 15:39:15][serveritem][give] toti12344321 obtained 1 of секирахаоса (§4§lСекира Хаоса)
[07.06.2025 16:41:57][serveritem][give] honet52 obtained 1 of golovas4 (§5§lГолова Гарри-Поттера)
[07.06.2025 16:57:52][serveritem][give] aart_master554 obtained 1 of секирахаоса (§4§lСекира Хаоса)
[07.06.2025 17:03:17][serveritem][give] gopod26 obtained 1 of шарздоровья2 (§d§lШар Здоровья 2)
[07.06.2025 17:07:19][serveritem][give] Valentin4114 obtained 1 of шарздоровья3 (§d§lШар Здоровья 3)
[07.06.2025 17:17:52][serveritem][give] aqwertyupi obtained 1 of шарздоровья2 (§d§lШар Здоровья 2)
[07.06.2025 17:27:37][serveritem][give] ilag obtained 1 of golovas4 (§5§lГолова Гарри-Поттера)
[07.06.2025 17:36:35][serveritem][give] Kreveto4ka obtained 1 of шарздоровья2 (§d§lШар Здоровья 2)
[07.06.2025 17:58:05][serveritem][give] hinet52 obtained 1 of секирахаоса (§4§lСекира Хаоса)
[07.06.2025 18:05:34][serveritem][give] Severotinsk009 obtained 1 of шарздоровья3 (§d§lШар Здоровья 3)
[07.06.2025 18:26:58][serveritem][give] a1ikhan4ek obtained 1 of шарздоровья3 (§d§lШар Здоровья 3)
[07.06.2025 18:28:36][serveritem][give] eezbaf obtained 1 of секирахаоса (§4§lСекира Хаоса)
[07.06.2025 18:52:23][serveritem][give] ilag obtained 1 of golovas4 (§5§lГолова Гарри-Поттера)
[07.06.2025 18:53:19][serveritem][give] artem_228228 obtained 1 of golovas4 (§5§lГолова Гарри-Поттера)
[07.06.2025 18:58:42][serveritem][give] METAN obtained 1 of шарздоровья3 (§d§lШар Здоровья 3)
[07.06.2025 18:59:31][serveritem][give] Timoha_Benz obtained 1 of golovas3 (§6§l§nГэндальф)
[07.06.2025 19:06:25][serveritem][give] dopdopdop111 obtained 1 of golovas3 (§6§l§nГэндальф)
[07.06.2025 19:10:24][serveritem][give] Afk_Dgamik obtained 1 of шарздоровья2 (§d§lШар Здоровья 2)
[07.06.2025 19:15:15][serveritem][give] HWvAJsKG obtained 1 of секирахаоса (§4§lСекира Хаоса)
[07.06.2025 19:15:16][serveritem][give] HWvAJsKG obtained 1 of golovas4 (§5§lГолова Гарри-Поттера)
[07.06.2025 19:26:50][serveritem][give] vetal999 obtained 1 of golovas4 (§5§lГолова Гарри-Поттера)
[07.06.2025 19:26:51][serveritem][give] vetal999 obtained 1 of секирахаоса (§4§lСекира Хаоса)
[07.06.2025 19:37:49][serveritem][give] dimon228367 obtained 1 of секирахаоса (§4§lСекира Хаоса)
[07.06.2025 19:38:34][serveritem][give] sigmosvagaprime obtained 1 of шарздоровья3 (§d§lШар Здоровья 3)
[07.06.2025 19:41:58][serveritem][give] IT_TOP_AKIDIMEIA obtained 1 of golovas4 (§5§lГолова Гарри-Поттера)
[07.06.2025 19:49:40][serveritem][give] Pusynmenhik obtained 1 of шарздоровья1 (§d§lШар Здоровья 1)
[07.06.2025 19:50:54][serveritem][give] Severotinsk009 obtained 1 of шарскорки2 (§3§lШар Скорости 2)
[07.06.2025 19:59:05][serveritem][give] TTfoks1kYT obtained 1 of секирахаоса (§4§lСекира Хаоса)
[07.06.2025 19:59:06][serveritem][give] TTfoks1kYT obtained 1 of секирахаоса (§4§lСекира Хаоса)
[07.06.2025 20:05:56][serveritem][give] makfafbek obtained 1 of golovas1 (§e§lГолова Сема-Тарли)
[07.06.2025 20:13:26][serveritem][give] _kot_pro2229 obtained 1 of golovas4 (§5§lГолова Гарри-Поттера)
[07.06.2025 20:15:25][serveritem][give] topery228ezki1 obtained 1 of golovas3 (§6§l§nГэндальф)
[07.06.2025 21:19:29][serveritem][give] SisaBober obtained 1 of шарздоровья3 (§d§lШар Здоровья 3)
[07.06.2025 21:37:38][serveritem][give] vena4670 obtained 1 of golovas4 (§5§lГолова Гарри-Поттера)
[07.06.2025 22:00:24][serveritem][give] sigmosvagaprime obtained 1 of секирахаоса (§4§lСекира Хаоса)
