[05.06.2025 02:52:49][serveritem][give] gordumba1245 obtained 1 of golovas1 (§e§lГолова Сема-Тарли)
[05.06.2025 03:20:20][serveritem][give] Mrdadaadada obtained 1 of шарздоровья2 (§d§lШар Здоровья 2)
[05.06.2025 03:54:01][serveritem][give] MrsPetya__4059 obtained 1 of golovas2 (§b§lГолова Цири)
[05.06.2025 03:54:02][serveritem][give] MrsPetya__4059 obtained 1 of секирахаоса (§4§lСекира Хаоса)
[05.06.2025 05:19:32][serveritem][give] portososka obtained 1 of golovas4 (§5§lГолова Гарри-Поттера)
[05.06.2025 05:20:56][serveritem][give] Vagan7399 obtained 1 of секирахаоса (§4§lСекира Хаоса)
[05.06.2025 05:58:04][serveritem][give] weym1x obtained 1 of шарскорки2 (§3§lШар Скорости 2)
[05.06.2025 06:02:03][serveritem][give] nine12345 obtained 1 of golovas4 (§5§lГолова Гарри-Поттера)
[05.06.2025 06:02:05][serveritem][give] nine12345 obtained 1 of секирахаоса (§4§lСекира Хаоса)
[05.06.2025 06:05:08][serveritem][give] xbxgxjvjvhcjv obtained 1 of шарскорки1 (§3§lШар Скорости 1)
[05.06.2025 06:12:57][serveritem][give] KLauncher_hobaad obtained 1 of golovas4 (§5§lГолова Гарри-Поттера)
[05.06.2025 06:43:19][serveritem][give] ybr obtained 1 of шаршипа2 (§2§lШар Шипов 2)
[05.06.2025 06:49:40][serveritem][give] Aet1333 obtained 1 of шарздоровья2 (§d§lШар Здоровья 2)
[05.06.2025 07:20:29][serveritem][give] Aet1333 obtained 1 of шарздоровья3 (§d§lШар Здоровья 3)
[05.06.2025 07:33:13][serveritem][give] SwagTimoha obtained 1 of golovas4 (§5§lГолова Гарри-Поттера)
[05.06.2025 07:49:30][serveritem][give] Mr_pupc3 obtained 1 of golovas4 (§5§lГолова Гарри-Поттера)
[05.06.2025 07:50:27][serveritem][give] spedyy obtained 1 of шарздоровья3 (§d§lШар Здоровья 3)
[05.06.2025 08:07:50][serveritem][give] ebirpogatirskiy obtained 1 of шарздоровья3 (§d§lШар Здоровья 3)
[05.06.2025 08:13:06][serveritem][give] hrtrtrrtr obtained 1 of шарздоровья2 (§d§lШар Здоровья 2)
[05.06.2025 08:28:53][serveritem][give] azxcfgvbn obtained 1 of golovas1 (§e§lГолова Сема-Тарли)
[05.06.2025 08:28:58][serveritem][give] azxcfgvbn obtained 1 of шарскорки2 (§3§lШар Скорости 2)
[05.06.2025 08:42:49][serveritem][give] 3635125 obtained 1 of golovas4 (§5§lГолова Гарри-Поттера)
[05.06.2025 08:43:18][serveritem][give] TOPER_ETERNETY obtained 1 of golovas1 (§e§lГолова Сема-Тарли)
[05.06.2025 09:24:50][serveritem][give] admnosexf23 obtained 1 of шарскорки2 (§3§lШар Скорости 2)
[05.06.2025 09:25:09][serveritem][give] abiba_akdsia obtained 1 of шарздоровья3 (§d§lШар Здоровья 3)
[05.06.2025 09:25:14][serveritem][give] TARS124 obtained 1 of шарздоровья3 (§d§lШар Здоровья 3)
[05.06.2025 09:29:08][serveritem][give] Stas_19701103 obtained 1 of секирахаоса (§4§lСекира Хаоса)
[05.06.2025 09:48:08][serveritem][give] Douma obtained 1 of шарскорки1 (§3§lШар Скорости 1)
[05.06.2025 09:52:09][serveritem][give] Aresmineaccount1 obtained 1 of шарздоровья3 (§d§lШар Здоровья 3)
[05.06.2025 09:59:16][serveritem][give] Proverka1 obtained 1 of секирахаоса (§4§lСекира Хаоса)
[05.06.2025 10:00:07][serveritem][give] Proverka1 obtained 1 of секирахаоса (§4§lСекира Хаоса)
[05.06.2025 10:05:04][serveritem][give] Mirasdfrt65 obtained 1 of шарскорки2 (§3§lШар Скорости 2)
[05.06.2025 10:05:04][serveritem][give] Mirasdfrt65 obtained 1 of шарздоровья1 (§d§lШар Здоровья 1)
[05.06.2025 10:05:05][serveritem][give] Mirasdfrt65 obtained 1 of шаршипа1 (§2§lШар Шипов 1)
[05.06.2025 10:05:06][serveritem][give] Mirasdfrt65 obtained 1 of шаротбр1 (§9§lШар Отбрасывания 1)
[05.06.2025 10:05:10][serveritem][give] Mirasdfrt65 obtained 1 of шарздоровья3 (§d§lШар Здоровья 3)
[05.06.2025 10:05:11][serveritem][give] Mirasdfrt65 obtained 1 of шарздоровья2 (§d§lШар Здоровья 2)
[05.06.2025 10:25:33][serveritem][give] piska228 obtained 1 of шарздоровья3 (§d§lШар Здоровья 3)
[05.06.2025 10:26:00][serveritem][give] weym1x2 obtained 1 of шарздоровья3 (§d§lШар Здоровья 3)
[05.06.2025 10:28:56][serveritem][give] weym1x3 obtained 1 of шарскорки2 (§3§lШар Скорости 2)
[05.06.2025 10:31:15][serveritem][give] piska229 obtained 1 of golovas4 (§5§lГолова Гарри-Поттера)
[05.06.2025 10:36:00][serveritem][give] Stas_19701103 obtained 1 of golovas4 (§5§lГолова Гарри-Поттера)
[05.06.2025 10:36:01][serveritem][give] Stas_19701103 obtained 1 of секирахаоса (§4§lСекира Хаоса)
[05.06.2025 10:37:08][serveritem][give] MRDOMER12287 obtained 1 of шаршипа1 (§2§lШар Шипов 1)
[05.06.2025 10:42:38][serveritem][give] ML_VarenyK obtained 1 of секирахаоса (§4§lСекира Хаоса)
[05.06.2025 10:42:52][serveritem][give] ML_VarenyK obtained 1 of golovas1 (§e§lГолова Сема-Тарли)
[05.06.2025 10:42:53][serveritem][give] ML_VarenyK obtained 1 of golovas4 (§5§lГолова Гарри-Поттера)
[05.06.2025 10:52:41][serveritem][give] BraisFOUR obtained 1 of секирахаоса (§4§lСекира Хаоса)
[05.06.2025 11:06:48][serveritem][give] tesya337 obtained 1 of season1 (§5§lГолова Джотаро)
[05.06.2025 11:08:27][serveritem][give] tesya337 obtained 1 of golovas1 (§e§lГолова Сема-Тарли)
[05.06.2025 11:08:28][serveritem][give] tesya337 obtained 1 of секирахаоса (§4§lСекира Хаоса)
[05.06.2025 11:16:43][serveritem][give] inacoku obtained 1 of шарздоровья3 (§d§lШар Здоровья 3)
[05.06.2025 11:18:37][serveritem][give] xXxR4f43lMC2531 obtained 1 of шарскорки2 (§3§lШар Скорости 2)
[05.06.2025 11:22:26][serveritem][give] Douma obtained 1 of шарздоровья2 (§d§lШар Здоровья 2)
[05.06.2025 11:25:38][serveritem][give] doma111 obtained 1 of шарздоровья2 (§d§lШар Здоровья 2)
[05.06.2025 11:27:27][serveritem][give] makfafbek obtained 1 of golovas1 (§e§lГолова Сема-Тарли)
[05.06.2025 11:36:54][serveritem][give] KLauncher_hobaad obtained 1 of секирахаоса (§4§lСекира Хаоса)
[05.06.2025 11:43:01][serveritem][give] Philipp11 obtained 1 of секирахаоса (§4§lСекира Хаоса)
[05.06.2025 11:43:46][serveritem][give] _markizz_ obtained 1 of шарздоровья2 (§d§lШар Здоровья 2)
[05.06.2025 11:45:34][serveritem][give] inacoku obtained 1 of шарздоровья3 (§d§lШар Здоровья 3)
[05.06.2025 11:47:53][serveritem][give] sasha_apple2012 obtained 1 of шарздоровья1 (§d§lШар Здоровья 1)
[05.06.2025 11:54:33][serveritem][give] ffffufz obtained 1 of golovas4 (§5§lГолова Гарри-Поттера)
[05.06.2025 11:56:21][serveritem][give] kefjv obtained 1 of golovas4 (§5§lГолова Гарри-Поттера)
[05.06.2025 12:06:40][serveritem][give] CrazyMax obtained 1 of секирахаоса (§4§lСекира Хаоса)
[05.06.2025 12:33:41][serveritem][give] popabobra obtained 1 of golovas1 (§e§lГолова Сема-Тарли)
[05.06.2025 12:33:41][serveritem][give] popabobra obtained 1 of golovas1 (§e§lГолова Сема-Тарли)
[05.06.2025 12:33:51][serveritem][give] _markizz_ obtained 1 of golovas4 (§5§lГолова Гарри-Поттера)
[05.06.2025 12:34:37][serveritem][give] wofkcjav obtained 1 of секирахаоса (§4§lСекира Хаоса)
[05.06.2025 12:35:11][serveritem][give] sososhikezka obtained 1 of секирахаоса (§4§lСекира Хаоса)
[05.06.2025 12:41:54][serveritem][give] efvvv obtained 1 of golovas4 (§5§lГолова Гарри-Поттера)
[05.06.2025 12:52:48][serveritem][give] FRFIT_ obtained 1 of секирахаоса (§4§lСекира Хаоса)
[05.06.2025 12:53:54][serveritem][give] mamoloves obtained 1 of golovas4 (§5§lГолова Гарри-Поттера)
[05.06.2025 12:54:38][serveritem][give] Severotinsk00900 obtained 1 of шарздоровья3 (§d§lШар Здоровья 3)
[05.06.2025 12:56:26][serveritem][give] artem_228228 obtained 1 of golovas4 (§5§lГолова Гарри-Поттера)
[05.06.2025 12:56:37][serveritem][give] artem_228228 obtained 1 of golovas4 (§5§lГолова Гарри-Поттера)
[05.06.2025 12:59:15][serveritem][give] Gli7Vipe2 obtained 1 of секирахаоса (§4§lСекира Хаоса)
[05.06.2025 13:00:35][serveritem][give] Vlad_Melnyk obtained 1 of шарздоровья3 (§d§lШар Здоровья 3)
[05.06.2025 13:00:54][serveritem][give] Kirll_poxyi obtained 1 of golovas4 (§5§lГолова Гарри-Поттера)
[05.06.2025 13:03:28][serveritem][give] MAGA8364 obtained 1 of golovas4 (§5§lГолова Гарри-Поттера)
[05.06.2025 13:07:47][serveritem][give] MACAMathew5 obtained 1 of golovas4 (§5§lГолова Гарри-Поттера)
[05.06.2025 13:07:47][serveritem][give] MACAMathew5 obtained 1 of golovas4 (§5§lГолова Гарри-Поттера)
[05.06.2025 13:08:15][serveritem][give] Qing_IBald3 obtained 1 of секирахаоса (§4§lСекира Хаоса)
[05.06.2025 13:09:25][serveritem][give] OyCKseni3 obtained 1 of секирахаоса (§4§lСекира Хаоса)
[05.06.2025 13:17:47][serveritem][give] omqewjsd48 obtained 1 of секирахаоса (§4§lСекира Хаоса)
[05.06.2025 13:19:20][serveritem][give] valboostharle072 obtained 1 of golovas2 (§b§lГолова Цири)
[05.06.2025 13:19:21][serveritem][give] valboostharle072 obtained 1 of golovas2 (§b§lГолова Цири)
[05.06.2025 13:20:36][serveritem][give] vetal999 obtained 1 of шарздоровья1 (§d§lШар Здоровья 1)
[05.06.2025 13:21:12][serveritem][give] Friendlhairypu92 obtained 1 of секирахаоса (§4§lСекира Хаоса)
[05.06.2025 13:21:58][serveritem][give] tokyoyota2149012 obtained 1 of шарскорки2 (§3§lШар Скорости 2)
[05.06.2025 13:22:28][serveritem][give] lopikeri1 obtained 1 of секирахаоса (§4§lСекира Хаоса)
[05.06.2025 13:22:49][serveritem][give] lopikeri1 obtained 1 of шарздоровья2 (§d§lШар Здоровья 2)
[05.06.2025 13:24:07][serveritem][give] 1920x1080 obtained 1 of golovas4 (§5§lГолова Гарри-Поттера)
[05.06.2025 13:25:52][serveritem][give] ZxcDODsinazxc obtained 1 of секирахаоса (§4§lСекира Хаоса)
[05.06.2025 13:25:55][serveritem][give] ZxcDODsinazxc obtained 1 of golovas2 (§b§lГолова Цири)
[05.06.2025 13:28:49][serveritem][give] tyiw1001 obtained 1 of секирахаоса (§4§lСекира Хаоса)
[05.06.2025 13:34:48][serveritem][give] sarsalva94 obtained 1 of секирахаоса (§4§lСекира Хаоса)
[05.06.2025 13:34:48][serveritem][give] sarsalva94 obtained 1 of golovas2 (§b§lГолова Цири)
[05.06.2025 13:36:08][serveritem][give] AlsSzym938 obtained 1 of секирахаоса (§4§lСекира Хаоса)
[05.06.2025 13:36:59][serveritem][give] YARIK282282 obtained 1 of golovas3 (§6§l§nГэндальф)
[05.06.2025 13:38:03][serveritem][give] __buangola758 obtained 1 of golovas2 (§b§lГолова Цири)
[05.06.2025 13:41:00][serveritem][give] YARIK28282 obtained 1 of шарздоровья2 (§d§lШар Здоровья 2)
[05.06.2025 13:56:41][serveritem][give] ZxcSosokqq999 obtained 1 of шарздоровья1 (§d§lШар Здоровья 1)
[05.06.2025 13:56:41][serveritem][give] ZxcSosokqq999 obtained 1 of шарздоровья1 (§d§lШар Здоровья 1)
[05.06.2025 13:56:42][serveritem][give] ZxcSosokqq999 obtained 1 of шарздоровья1 (§d§lШар Здоровья 1)
[05.06.2025 13:56:42][serveritem][give] ZxcSosokqq999 obtained 1 of шарздоровья1 (§d§lШар Здоровья 1)
[05.06.2025 13:57:58][serveritem][give] popabobra obtained 1 of шарскорки2 (§3§lШар Скорости 2)
[05.06.2025 13:58:12][serveritem][give] popabobra obtained 1 of шарскорки2 (§3§lШар Скорости 2)
[05.06.2025 14:00:51][serveritem][give] 3243242 obtained 1 of шарздоровья3 (§d§lШар Здоровья 3)
[05.06.2025 14:02:06][serveritem][give] bobernecheat obtained 1 of секирахаоса (§4§lСекира Хаоса)
[05.06.2025 14:06:06][serveritem][give] i8easf obtained 1 of шарскорки2 (§3§lШар Скорости 2)
[05.06.2025 14:06:42][serveritem][give] kot2228_ obtained 1 of секирахаоса (§4§lСекира Хаоса)
[05.06.2025 14:09:17][serveritem][give] ffffufz obtained 1 of golovas4 (§5§lГолова Гарри-Поттера)
[05.06.2025 14:12:10][serveritem][give] Yarik2282 obtained 1 of секирахаоса (§4§lСекира Хаоса)
[05.06.2025 14:15:28][serveritem][give] enderpeter04 obtained 1 of golovas1 (§e§lГолова Сема-Тарли)
[05.06.2025 14:25:56][serveritem][give] rafiks obtained 1 of шарскорки2 (§3§lШар Скорости 2)
[05.06.2025 14:27:12][serveritem][give] strawbrxeo8 obtained 1 of golovas4 (§5§lГолова Гарри-Поттера)
[05.06.2025 14:29:07][serveritem][give] dsfsdgfsghfdgh obtained 1 of шарздоровья3 (§d§lШар Здоровья 3)
[05.06.2025 14:31:24][serveritem][give] Yarik22888882 obtained 1 of golovas3 (§6§l§nГэндальф)
[05.06.2025 14:31:28][serveritem][give] Yarik22888882 obtained 1 of golovas2 (§b§lГолова Цири)
[05.06.2025 14:31:47][serveritem][give] ledygaga obtained 1 of шарскорки2 (§3§lШар Скорости 2)
[05.06.2025 14:34:16][serveritem][give] Vlad_Melnyk obtained 1 of секирахаоса (§4§lСекира Хаоса)
[05.06.2025 14:42:49][serveritem][give] mr_biznes obtained 1 of секирахаоса (§4§lСекира Хаоса)
[05.06.2025 14:45:03][serveritem][give] 345reg obtained 1 of шарздоровья1 (§d§lШар Здоровья 1)
[05.06.2025 14:47:18][serveritem][give] 3452reg obtained 1 of шарздоровья2 (§d§lШар Здоровья 2)
[05.06.2025 14:50:04][serveritem][give] HELLKJFFDD obtained 1 of шаршипа1 (§2§lШар Шипов 1)
[05.06.2025 14:52:02][serveritem][give] klevikxleb obtained 1 of season1 (§5§lГолова Джотаро)
[05.06.2025 15:00:19][serveritem][give] MAGA8364 obtained 1 of golovas4 (§5§lГолова Гарри-Поттера)
[05.06.2025 15:08:02][serveritem][give] grgfgg obtained 1 of golovas4 (§5§lГолова Гарри-Поттера)
[05.06.2025 15:22:59][serveritem][give] Sasha5606 obtained 1 of секирахаоса (§4§lСекира Хаоса)
[05.06.2025 15:49:26][serveritem][give] myshadow obtained 1 of golovas4 (§5§lГолова Гарри-Поттера)
[05.06.2025 15:52:04][serveritem][give] SwagTimoha obtained 1 of golovas4 (§5§lГолова Гарри-Поттера)
[05.06.2025 15:57:27][serveritem][give] makaro665 obtained 1 of golovas4 (§5§lГолова Гарри-Поттера)
[05.06.2025 16:05:41][serveritem][give] makaro667 obtained 1 of golovas4 (§5§lГолова Гарри-Поттера)
[05.06.2025 16:07:08][serveritem][give] KLauncher_ifijbk obtained 1 of шарздоровья1 (§d§lШар Здоровья 1)
[05.06.2025 16:07:09][serveritem][give] KLauncher_ifijbk obtained 1 of шарздоровья1 (§d§lШар Здоровья 1)
[05.06.2025 16:11:31][serveritem][give] coraste obtained 1 of шаршипа2 (§2§lШар Шипов 2)
[05.06.2025 16:20:09][serveritem][give] Ilya obtained 1 of golovas4 (§5§lГолова Гарри-Поттера)
[05.06.2025 16:24:03][serveritem][give] isef obtained 1 of шарздоровья3 (§d§lШар Здоровья 3)
[05.06.2025 16:29:15][serveritem][give] YarikProverka obtained 1 of golovas1 (§e§lГолова Сема-Тарли)
[05.06.2025 16:29:15][serveritem][give] YarikProverka obtained 1 of golovas1 (§e§lГолова Сема-Тарли)
[05.06.2025 16:29:57][serveritem][give] YarikProverka obtained 1 of шарздоровья2 (§d§lШар Здоровья 2)
[05.06.2025 16:38:31][serveritem][give] MAGA8364 obtained 1 of секирахаоса (§4§lСекира Хаоса)
[05.06.2025 16:39:21][serveritem][give] LucPrems obtained 1 of шарздоровья3 (§d§lШар Здоровья 3)
[05.06.2025 16:40:14][serveritem][give] anarhia_top456 obtained 1 of golovas1 (§e§lГолова Сема-Тарли)
[05.06.2025 16:45:57][serveritem][give] Philipp11 obtained 1 of секирахаоса (§4§lСекира Хаоса)
[05.06.2025 16:51:58][serveritem][give] imfuntimeplayer obtained 1 of секирахаоса (§4§lСекира Хаоса)
[05.06.2025 16:52:03][serveritem][give] imfuntimeplayer obtained 1 of golovas4 (§5§lГолова Гарри-Поттера)
[05.06.2025 16:52:34][serveritem][give] YarikProverka2 obtained 1 of шарздоровья2 (§d§lШар Здоровья 2)
[05.06.2025 16:55:18][serveritem][give] YarikProvarka3 obtained 1 of golovas4 (§5§lГолова Гарри-Поттера)
[05.06.2025 17:12:58][serveritem][give] s2ndy obtained 1 of golovas1 (§e§lГолова Сема-Тарли)
[05.06.2025 17:16:18][serveritem][give] portosaw obtained 1 of golovas4 (§5§lГолова Гарри-Поттера)
[05.06.2025 17:17:39][serveritem][give] Mrnight obtained 1 of шарздоровья3 (§d§lШар Здоровья 3)
[05.06.2025 17:17:53][serveritem][give] Stas_19701103 obtained 1 of golovas4 (§5§lГолова Гарри-Поттера)
[05.06.2025 17:22:46][serveritem][give] ffffufz obtained 1 of golovas4 (§5§lГолова Гарри-Поттера)
[05.06.2025 17:34:00][serveritem][give] noobnopve12387 obtained 1 of шарздоровья1 (§d§lШар Здоровья 1)
[05.06.2025 17:34:24][serveritem][give] makaro665 obtained 1 of шарскорки2 (§3§lШар Скорости 2)
[05.06.2025 17:43:48][serveritem][give] izkiclpvp obtained 1 of golovas4 (§5§lГолова Гарри-Поттера)
[05.06.2025 17:48:02][serveritem][give] weym1x obtained 1 of golovas4 (§5§lГолова Гарри-Поттера)
[05.06.2025 17:48:57][serveritem][give] JacketKillers obtained 1 of шарздоровья3 (§d§lШар Здоровья 3)
[05.06.2025 17:50:43][serveritem][give] uekdjfnnji887 obtained 1 of golovas2 (§b§lГолова Цири)
[05.06.2025 17:53:23][serveritem][give] Vankiax obtained 1 of секирахаоса (§4§lСекира Хаоса)
[05.06.2025 18:12:02][serveritem][give] SwagTimoha obtained 1 of golovas4 (§5§lГолова Гарри-Поттера)
[05.06.2025 18:34:40][serveritem][give] Stas_19701103 obtained 1 of golovas4 (§5§lГолова Гарри-Поттера)
[05.06.2025 18:35:15][serveritem][give] Stas_19701103 obtained 1 of секирахаоса (§4§lСекира Хаоса)
[05.06.2025 18:36:13][serveritem][give] Leowild10 obtained 1 of шарздоровья3 (§d§lШар Здоровья 3)
[05.06.2025 18:37:53][serveritem][give] jaguarsssss1 obtained 1 of golovas1 (§e§lГолова Сема-Тарли)
[05.06.2025 18:40:20][serveritem][give] Mondrl7 obtained 1 of шарздоровья2 (§d§lШар Здоровья 2)
[05.06.2025 18:41:05][serveritem][give] sosymoderam obtained 1 of шарздоровья1 (§d§lШар Здоровья 1)
[05.06.2025 18:45:43][serveritem][give] jaguarsssss1 obtained 1 of шарскорки2 (§3§lШар Скорости 2)
[05.06.2025 18:47:05][serveritem][give] daraynnsadnd obtained 1 of шарздоровья3 (§d§lШар Здоровья 3)
[05.06.2025 18:49:22][serveritem][give] jaguarsssss1 obtained 1 of шарскорки2 (§3§lШар Скорости 2)
[05.06.2025 18:56:28][serveritem][give] Severotinsk00900 obtained 1 of шаршипа2 (§2§lШар Шипов 2)
[05.06.2025 19:15:14][serveritem][give] Eva01 obtained 1 of секирахаоса (§4§lСекира Хаоса)
[05.06.2025 19:20:58][serveritem][give] JABOCHKINGEEY obtained 1 of шарздоровья3 (§d§lШар Здоровья 3)
[05.06.2025 19:24:33][serveritem][give] jaguarsssss1 obtained 1 of шарскорки2 (§3§lШар Скорости 2)
[05.06.2025 19:41:31][serveritem][give] halogin obtained 1 of шарздоровья2 (§d§lШар Здоровья 2)
[05.06.2025 19:41:57][serveritem][give] KYLER_2288 obtained 1 of golovas4 (§5§lГолова Гарри-Поттера)
[05.06.2025 19:48:22][serveritem][give] wexiidee obtained 1 of секирахаоса (§4§lСекира Хаоса)
[05.06.2025 19:48:37][serveritem][give] wexiidee obtained 1 of шарскорки1 (§3§lШар Скорости 1)
[05.06.2025 19:48:37][serveritem][give] wexiidee obtained 1 of шарскорки1 (§3§lШар Скорости 1)
[05.06.2025 19:51:44][serveritem][give] 3ita3iocv4 obtained 1 of golovas4 (§5§lГолова Гарри-Поттера)
[05.06.2025 20:14:15][serveritem][give] tvaloaloalOO121 obtained 1 of шарздоровья3 (§d§lШар Здоровья 3)
[05.06.2025 20:42:18][serveritem][give] pjknaz1388 obtained 1 of golovas1 (§e§lГолова Сема-Тарли)
[05.06.2025 20:46:48][serveritem][give] _ERAS_ obtained 1 of шарскорки2 (§3§lШар Скорости 2)
[05.06.2025 20:47:42][serveritem][give] Vpnoek973 obtained 1 of шарздоровья3 (§d§lШар Здоровья 3)
[05.06.2025 20:48:54][serveritem][give] vena4670 obtained 1 of шаршипа1 (§2§lШар Шипов 1)
[05.06.2025 22:31:48][serveritem][give] ompz obtained 1 of шарздоровья3 (§d§lШар Здоровья 3)
[05.06.2025 23:00:32][serveritem][give] izkiclpvp obtained 1 of golovas4 (§5§lГолова Гарри-Поттера)
[05.06.2025 23:00:33][serveritem][give] izkiclpvp obtained 1 of секирахаоса (§4§lСекира Хаоса)
