[04.06.2025 01:35:35][serveritem][give] vdoncov100314 obtained 1 of секирахаоса (§4§lСекира Хаоса)
[04.06.2025 01:35:38][serveritem][give] vdoncov100314 obtained 1 of golovas4 (§5§lГолова Гарри-Поттера)
[04.06.2025 02:41:43][serveritem][give] DIANA001 obtained 1 of секирахаоса (§4§lСекира Хаоса)
[04.06.2025 03:54:03][serveritem][give] dopdopdop111 obtained 1 of секирахаоса (§4§lСекира Хаоса)
[04.06.2025 03:54:15][serveritem][give] dopdopdop111 obtained 1 of golovas2 (§b§lГолова Цири)
[04.06.2025 04:02:30][serveritem][give] BokiBoy obtained 1 of golovas4 (§5§lГолова Гарри-Поттера)
[04.06.2025 04:02:53][serveritem][give] dopdopdop111 obtained 1 of golovas4 (§5§lГолова Гарри-Поттера)
[04.06.2025 04:03:45][serveritem][give] LORDHACKERHEXFIG obtained 1 of golovas4 (§5§lГолова Гарри-Поттера)
[04.06.2025 04:35:42][serveritem][give] ewwq9juigwuhji obtained 1 of секирахаоса (§4§lСекира Хаоса)
[04.06.2025 04:54:57][serveritem][give] LordFaret obtained 1 of секирахаоса (§4§lСекира Хаоса)
[04.06.2025 05:35:05][serveritem][give] CHECK_pops obtained 1 of шарскорки1 (§3§lШар Скорости 1)
[04.06.2025 05:46:57][serveritem][give] LordFaret obtained 1 of шарздоровья3 (§d§lШар Здоровья 3)
[04.06.2025 05:47:58][serveritem][give] LordFaret obtained 1 of golovas4 (§5§lГолова Гарри-Поттера)
[04.06.2025 06:53:04][serveritem][give] flirt_ggg12 obtained 1 of golovas4 (§5§lГолова Гарри-Поттера)
[04.06.2025 06:56:31][serveritem][give] Prikl_NeMnogo obtained 1 of шарздоровья3 (§d§lШар Здоровья 3)
[04.06.2025 07:14:35][serveritem][give] pshenichny obtained 1 of golovas4 (§5§lГолова Гарри-Поттера)
[04.06.2025 07:15:23][serveritem][give] SkibidiDapYesYes obtained 1 of golovas4 (§5§lГолова Гарри-Поттера)
[04.06.2025 07:15:27][serveritem][give] SkibidiDapYesYes obtained 1 of секирахаоса (§4§lСекира Хаоса)
[04.06.2025 07:15:53][serveritem][give] Aresmineaccount1 obtained 1 of шаршипа2 (§2§lШар Шипов 2)
[04.06.2025 07:21:23][serveritem][give] Globi_warms obtained 1 of шарскорки1 (§3§lШар Скорости 1)
[04.06.2025 07:22:56][serveritem][give] ultraezka_ezz obtained 1 of шарскорки1 (§3§lШар Скорости 1)
[04.06.2025 07:23:28][serveritem][give] nashka obtained 1 of golovas1 (§e§lГолова Сема-Тарли)
[04.06.2025 07:23:41][serveritem][give] nashka obtained 1 of golovas4 (§5§lГолова Гарри-Поттера)
[04.06.2025 07:24:02][serveritem][give] nashka obtained 1 of golovas4 (§5§lГолова Гарри-Поттера)
[04.06.2025 07:29:24][serveritem][give] antosha obtained 1 of шарздоровья2 (§d§lШар Здоровья 2)
[04.06.2025 07:32:27][serveritem][give] N1ZAR obtained 1 of шарскорки2 (§3§lШар Скорости 2)
[04.06.2025 07:35:27][serveritem][give] 041012timoha obtained 1 of golovas4 (§5§lГолова Гарри-Поттера)
[04.06.2025 07:49:04][serveritem][give] FANTLOOL obtained 1 of шарскорки2 (§3§lШар Скорости 2)
[04.06.2025 07:50:43][serveritem][give] Dima450054 obtained 1 of шарздоровья3 (§d§lШар Здоровья 3)
[04.06.2025 08:09:50][serveritem][give] nashka obtained 1 of шарскорки2 (§3§lШар Скорости 2)
[04.06.2025 08:13:16][serveritem][give] den333777 obtained 1 of шаршипа2 (§2§lШар Шипов 2)
[04.06.2025 08:37:22][serveritem][give] EveLseT666 obtained 1 of шарздоровья3 (§d§lШар Здоровья 3)
[04.06.2025 08:39:51][serveritem][give] WOOPSIK1337 obtained 1 of шарздоровья3 (§d§lШар Здоровья 3)
[04.06.2025 08:55:00][serveritem][give] jupufoc obtained 1 of golovas4 (§5§lГолова Гарри-Поттера)
[04.06.2025 08:58:13][serveritem][give] vgtr4eergtr4 obtained 1 of шарскорки2 (§3§lШар Скорости 2)
[04.06.2025 09:00:53][serveritem][give] lghjhghjbf obtained 1 of секирахаоса (§4§lСекира Хаоса)
[04.06.2025 09:05:18][serveritem][give] galeglooka6 obtained 1 of golovas4 (§5§lГолова Гарри-Поттера)
[04.06.2025 09:05:19][serveritem][give] galeglooka6 obtained 1 of golovas4 (§5§lГолова Гарри-Поттера)
[04.06.2025 09:07:50][serveritem][give] kazax_palka obtained 1 of шарскорки2 (§3§lШар Скорости 2)
[04.06.2025 09:10:01][serveritem][give] gfgdgdgdgssdgsfs obtained 1 of шарздоровья3 (§d§lШар Здоровья 3)
[04.06.2025 09:24:51][serveritem][give] mTSImtsn obtained 1 of golovas4 (§5§lГолова Гарри-Поттера)
[04.06.2025 09:34:25][serveritem][give] Mrdadaadada obtained 1 of шарздоровья1 (§d§lШар Здоровья 1)
[04.06.2025 09:35:57][serveritem][give] Magor1209 obtained 1 of шарскорки1 (§3§lШар Скорости 1)
[04.06.2025 10:17:42][serveritem][give] QQQ_lozechka_QQQ obtained 1 of golovas4 (§5§lГолова Гарри-Поттера)
[04.06.2025 10:18:46][serveritem][give] wdeZZWuzjWyW obtained 1 of golovas4 (§5§lГолова Гарри-Поттера)
[04.06.2025 10:18:46][serveritem][give] wdeZZWuzjWyW obtained 1 of golovas2 (§b§lГолова Цири)
[04.06.2025 10:21:51][serveritem][give] weym1x obtained 1 of golovas4 (§5§lГолова Гарри-Поттера)
[04.06.2025 10:32:26][serveritem][give] MrLokolp567 obtained 1 of шаротбр1 (§9§lШар Отбрасывания 1)
[04.06.2025 10:32:26][serveritem][give] MrLokolp567 obtained 1 of шаротбр2 (§9§lШар Отбрасывания 2)
[04.06.2025 10:37:19][serveritem][give] Yarik132 obtained 1 of golovas1 (§e§lГолова Сема-Тарли)
[04.06.2025 10:38:12][serveritem][give] Yarik132 obtained 1 of golovas4 (§5§lГолова Гарри-Поттера)
[04.06.2025 10:43:09][serveritem][give] Officaly_VETER obtained 1 of секирахаоса (§4§lСекира Хаоса)
[04.06.2025 10:43:32][serveritem][give] IMPERATOR240FPS obtained 1 of шаршипа1 (§2§lШар Шипов 1)
[04.06.2025 10:43:54][serveritem][give] Officaly_VETER obtained 1 of golovas3 (§6§l§nГэндальф)
[04.06.2025 10:44:30][serveritem][give] Luvvikkiii obtained 1 of golovas3 (§6§l§nГэндальф)
[04.06.2025 10:56:23][serveritem][give] azotew obtained 1 of шарздоровья1 (§d§lШар Здоровья 1)
[04.06.2025 11:00:33][serveritem][give] BekaSama9180 obtained 1 of шаршипа2 (§2§lШар Шипов 2)
[04.06.2025 11:00:34][serveritem][give] BekaSama9180 obtained 1 of шаротбр2 (§9§lШар Отбрасывания 2)
[04.06.2025 11:16:41][serveritem][give] KYLER_2288 obtained 1 of шарздоровья3 (§d§lШар Здоровья 3)
[04.06.2025 11:58:12][serveritem][give] Boyevitik obtained 1 of шарздоровья3 (§d§lШар Здоровья 3)
[04.06.2025 12:03:42][serveritem][give] watka obtained 1 of golovas4 (§5§lГолова Гарри-Поттера)
[04.06.2025 12:03:43][serveritem][give] watka obtained 1 of golovas4 (§5§lГолова Гарри-Поттера)
[04.06.2025 12:03:44][serveritem][give] watka obtained 1 of golovas4 (§5§lГолова Гарри-Поттера)
[04.06.2025 12:24:50][serveritem][give] flirt_ggg obtained 1 of шарскорки1 (§3§lШар Скорости 1)
[04.06.2025 12:25:16][serveritem][give] den333777 obtained 1 of golovas3 (§6§l§nГэндальф)
[04.06.2025 12:29:14][serveritem][give] Nyxara obtained 1 of шарскорки2 (§3§lШар Скорости 2)
[04.06.2025 12:31:15][serveritem][give] Officaly_VETER obtained 1 of golovas4 (§5§lГолова Гарри-Поттера)
[04.06.2025 12:34:50][serveritem][give] Profik_555 obtained 1 of шарздоровья3 (§d§lШар Здоровья 3)
[04.06.2025 12:40:12][serveritem][give] Offlinenick obtained 1 of golovas1 (§e§lГолова Сема-Тарли)
[04.06.2025 12:44:29][serveritem][give] KoIIIKa_C_4iTaMi obtained 1 of golovas4 (§5§lГолова Гарри-Поттера)
[04.06.2025 12:48:17][serveritem][give] Hero129Fish obtained 1 of шарздоровья3 (§d§lШар Здоровья 3)
[04.06.2025 12:48:24][serveritem][give] Hero129Fish obtained 1 of шарскорки2 (§3§lШар Скорости 2)
[04.06.2025 12:51:22][serveritem][give] whyouselless obtained 1 of шарскорки2 (§3§lШар Скорости 2)
[04.06.2025 12:51:36][serveritem][give] LORDHACKERHEXFIG obtained 1 of golovas4 (§5§lГолова Гарри-Поттера)
[04.06.2025 12:54:24][serveritem][give] blowieeeeeaaa11 obtained 1 of шарздоровья3 (§d§lШар Здоровья 3)
[04.06.2025 12:58:58][serveritem][give] dodododoododdo obtained 1 of golovas1 (§e§lГолова Сема-Тарли)
[04.06.2025 13:06:12][serveritem][give] POKO_007 obtained 1 of шаротбр2 (§9§lШар Отбрасывания 2)
[04.06.2025 13:07:50][serveritem][give] DeKu obtained 1 of golovas4 (§5§lГолова Гарри-Поттера)
[04.06.2025 13:09:11][serveritem][give] NoMercyShot obtained 1 of шарскорки2 (§3§lШар Скорости 2)
[04.06.2025 13:13:07][serveritem][give] LDXYT52 obtained 1 of шарздоровья1 (§d§lШар Здоровья 1)
[04.06.2025 13:19:47][serveritem][give] Noliforsaken obtained 1 of шарздоровья3 (§d§lШар Здоровья 3)
[04.06.2025 13:25:57][serveritem][give] Qwwiz1xx obtained 1 of golovas4 (§5§lГолова Гарри-Поттера)
[04.06.2025 13:26:12][serveritem][give] susndev obtained 1 of секирахаоса (§4§lСекира Хаоса)
[04.06.2025 13:30:19][serveritem][give] xFightToShadoww obtained 1 of golovas4 (§5§lГолова Гарри-Поттера)
[04.06.2025 13:32:59][serveritem][give] GreenMagik obtained 1 of шарздоровья3 (§d§lШар Здоровья 3)
[04.06.2025 13:33:16][serveritem][give] fgfgjfgj obtained 1 of golovas1 (§e§lГолова Сема-Тарли)
[04.06.2025 13:39:04][serveritem][give] blowieeeeeaaa22 obtained 1 of шарздоровья3 (§d§lШар Здоровья 3)
[04.06.2025 13:45:01][serveritem][give] VARDIK obtained 1 of шарздоровья3 (§d§lШар Здоровья 3)
[04.06.2025 13:48:48][serveritem][give] Makes1038_p obtained 1 of шарздоровья3 (§d§lШар Здоровья 3)
[04.06.2025 13:51:02][serveritem][give] ZxcDODsinazxc obtained 1 of шарздоровья1 (§d§lШар Здоровья 1)
[04.06.2025 13:51:38][serveritem][give] POKO_007 obtained 1 of шаршипа2 (§2§lШар Шипов 2)
[04.06.2025 13:52:19][serveritem][give] Killis202 obtained 1 of шарздоровья3 (§d§lШар Здоровья 3)
[04.06.2025 13:54:01][serveritem][give] POKO_007 obtained 1 of шарздоровья1 (§d§lШар Здоровья 1)
[04.06.2025 13:54:05][serveritem][give] POKO_007 obtained 1 of шарздоровья1 (§d§lШар Здоровья 1)
[04.06.2025 13:54:06][serveritem][give] POKO_007 obtained 1 of шарздоровья1 (§d§lШар Здоровья 1)
[04.06.2025 13:54:06][serveritem][give] POKO_007 obtained 1 of шарздоровья1 (§d§lШар Здоровья 1)
[04.06.2025 13:57:00][serveritem][give] IIuoner_Hrushka obtained 1 of golovas1 (§e§lГолова Сема-Тарли)
[04.06.2025 14:03:37][serveritem][give] vanypro2011 obtained 1 of шарздоровья3 (§d§lШар Здоровья 3)
[04.06.2025 14:05:29][serveritem][give] isef obtained 1 of шарздоровья3 (§d§lШар Здоровья 3)
[04.06.2025 14:10:33][serveritem][give] jgfgf obtained 1 of golovas1 (§e§lГолова Сема-Тарли)
[04.06.2025 14:22:47][serveritem][give] mamutraxal1 obtained 1 of шарздоровья2 (§d§lШар Здоровья 2)
[04.06.2025 14:34:04][serveritem][give] lhggggrt obtained 1 of golovas1 (§e§lГолова Сема-Тарли)
[04.06.2025 14:36:27][serveritem][give] sosal228 obtained 1 of шарздоровья3 (§d§lШар Здоровья 3)
[04.06.2025 14:37:01][serveritem][give] KYLER_2288 obtained 1 of секирахаоса (§4§lСекира Хаоса)
[04.06.2025 14:37:20][serveritem][give] makaro663 obtained 1 of шарскорки2 (§3§lШар Скорости 2)
[04.06.2025 14:46:21][serveritem][give] popabobra obtained 1 of шарздоровья1 (§d§lШар Здоровья 1)
[04.06.2025 14:46:22][serveritem][give] popabobra obtained 1 of шарздоровья1 (§d§lШар Здоровья 1)
[04.06.2025 14:46:22][serveritem][give] popabobra obtained 1 of шарздоровья1 (§d§lШар Здоровья 1)
[04.06.2025 14:46:23][serveritem][give] popabobra obtained 1 of шаршипа1 (§2§lШар Шипов 1)
[04.06.2025 14:46:23][serveritem][give] popabobra obtained 1 of шаршипа1 (§2§lШар Шипов 1)
[04.06.2025 14:46:24][serveritem][give] popabobra obtained 1 of шаротбр1 (§9§lШар Отбрасывания 1)
[04.06.2025 14:46:25][serveritem][give] popabobra obtained 1 of шарскорки1 (§3§lШар Скорости 1)
[04.06.2025 14:46:28][serveritem][give] popabobra obtained 1 of шарздоровья2 (§d§lШар Здоровья 2)
[04.06.2025 14:46:30][serveritem][give] popabobra obtained 1 of шарздоровья1 (§d§lШар Здоровья 1)
[04.06.2025 14:46:31][serveritem][give] popabobra obtained 1 of шаршипа2 (§2§lШар Шипов 2)
[04.06.2025 14:46:32][serveritem][give] popabobra obtained 1 of шарздоровья2 (§d§lШар Здоровья 2)
[04.06.2025 14:46:39][serveritem][give] popabobra obtained 1 of шарздоровья1 (§d§lШар Здоровья 1)
[04.06.2025 14:46:40][serveritem][give] popabobra obtained 1 of шарздоровья1 (§d§lШар Здоровья 1)
[04.06.2025 14:53:42][serveritem][give] Stas_19701103 obtained 1 of секирахаоса (§4§lСекира Хаоса)
[04.06.2025 15:06:01][serveritem][give] jgfgfawfaw obtained 1 of golovas4 (§5§lГолова Гарри-Поттера)
[04.06.2025 15:06:03][serveritem][give] jgfgfawfaw obtained 1 of golovas1 (§e§lГолова Сема-Тарли)
[04.06.2025 15:17:44][serveritem][give] GrystniGast18 obtained 1 of секирахаоса (§4§lСекира Хаоса)
[04.06.2025 15:18:03][serveritem][give] GrystniGast18 obtained 1 of golovas4 (§5§lГолова Гарри-Поттера)
[04.06.2025 15:18:22][serveritem][give] Officaly_VETER obtained 1 of секирахаоса (§4§lСекира Хаоса)
[04.06.2025 15:32:28][serveritem][give] IIuoner_Hrushka obtained 1 of golovas4 (§5§lГолова Гарри-Поттера)
[04.06.2025 15:40:28][serveritem][give] Develish54 obtained 1 of шарскорки1 (§3§lШар Скорости 1)
[04.06.2025 15:47:22][serveritem][give] ch1t obtained 1 of секирахаоса (§4§lСекира Хаоса)
[04.06.2025 15:48:14][serveritem][give] blowieeeeeaaa2 obtained 1 of шарскорки2 (§3§lШар Скорости 2)
[04.06.2025 15:51:26][serveritem][give] isef obtained 1 of шарскорки2 (§3§lШар Скорости 2)
[04.06.2025 15:59:26][serveritem][give] ssade obtained 1 of golovas4 (§5§lГолова Гарри-Поттера)
[04.06.2025 16:01:10][serveritem][give] weym1x obtained 1 of golovas4 (§5§lГолова Гарри-Поттера)
[04.06.2025 16:02:35][serveritem][give] ffffufz obtained 1 of секирахаоса (§4§lСекира Хаоса)
[04.06.2025 16:07:03][serveritem][give] portosambari obtained 1 of golovas1 (§e§lГолова Сема-Тарли)
[04.06.2025 16:07:03][serveritem][give] portosambari obtained 1 of golovas4 (§5§lГолова Гарри-Поттера)
[04.06.2025 16:07:03][serveritem][give] portosambari obtained 1 of golovas1 (§e§lГолова Сема-Тарли)
[04.06.2025 16:07:05][serveritem][give] portosambari obtained 1 of golovas4 (§5§lГолова Гарри-Поттера)
[04.06.2025 16:10:00][serveritem][give] vena4670 obtained 1 of шарскорки2 (§3§lШар Скорости 2)
[04.06.2025 16:12:21][serveritem][give] zxcnpv obtained 1 of golovas4 (§5§lГолова Гарри-Поттера)
[04.06.2025 16:12:55][serveritem][give] Top_controlASDW obtained 1 of шарздоровья3 (§d§lШар Здоровья 3)
[04.06.2025 16:14:30][serveritem][give] ffffufz obtained 1 of golovas1 (§e§lГолова Сема-Тарли)
[04.06.2025 16:15:07][serveritem][give] Top_controlASDW obtained 1 of golovas3 (§6§l§nГэндальф)
[04.06.2025 16:26:00][serveritem][give] reversest2 obtained 1 of golovas4 (§5§lГолова Гарри-Поттера)
[04.06.2025 16:29:29][serveritem][give] mikropraft obtained 1 of шарздоровья1 (§d§lШар Здоровья 1)
[04.06.2025 16:30:18][serveritem][give] ffffufz obtained 1 of секирахаоса (§4§lСекира Хаоса)
[04.06.2025 16:42:17][serveritem][give] kirill1wsg obtained 1 of шарздоровья3 (§d§lШар Здоровья 3)
[04.06.2025 16:47:24][serveritem][give] Develish obtained 1 of шарздоровья2 (§d§lШар Здоровья 2)
[04.06.2025 16:54:45][serveritem][give] mrzanga1231 obtained 1 of секирахаоса (§4§lСекира Хаоса)
[04.06.2025 16:55:57][serveritem][give] mikropraft obtained 1 of шарздоровья3 (§d§lШар Здоровья 3)
[04.06.2025 17:02:10][serveritem][give] kirill1wsg obtained 1 of шарздоровья2 (§d§lШар Здоровья 2)
[04.06.2025 17:03:40][serveritem][give] hIHeD obtained 1 of шарздоровья3 (§d§lШар Здоровья 3)
[04.06.2025 17:10:32][serveritem][give] anka456 obtained 1 of golovas1 (§e§lГолова Сема-Тарли)
[04.06.2025 17:10:46][serveritem][give] anka456 obtained 1 of golovas1 (§e§lГолова Сема-Тарли)
[04.06.2025 17:12:41][serveritem][give] xFightToShadoww obtained 1 of шарскорки2 (§3§lШар Скорости 2)
[04.06.2025 17:13:58][serveritem][give] LDXYT52 obtained 1 of шарздоровья2 (§d§lШар Здоровья 2)
[04.06.2025 17:14:02][serveritem][give] LDXYT52 obtained 1 of шарздоровья1 (§d§lШар Здоровья 1)
[04.06.2025 17:15:37][serveritem][give] afina obtained 1 of шарздоровья3 (§d§lШар Здоровья 3)
[04.06.2025 17:32:31][serveritem][give] sasha_apple2012 obtained 1 of шарскорки2 (§3§lШар Скорости 2)
[04.06.2025 17:43:00][serveritem][give] Develish54 obtained 1 of шарскорки1 (§3§lШар Скорости 1)
[04.06.2025 17:43:17][serveritem][give] Develish54 obtained 1 of шарскорки2 (§3§lШар Скорости 2)
[04.06.2025 17:43:55][serveritem][give] xXxSteve_MC3585 obtained 1 of golovas1 (§e§lГолова Сема-Тарли)
[04.06.2025 17:47:40][serveritem][give] xXxSteve_MC3585 obtained 1 of шарскорки2 (§3§lШар Скорости 2)
[04.06.2025 17:50:05][serveritem][give] ZxcDODsinazxc obtained 1 of шарздоровья1 (§d§lШар Здоровья 1)
[04.06.2025 18:07:14][serveritem][give] sasha_apple2012 obtained 1 of golovas3 (§6§l§nГэндальф)
[04.06.2025 18:17:57][serveritem][give] kristal222222222 obtained 1 of шарздоровья2 (§d§lШар Здоровья 2)
[04.06.2025 18:22:22][serveritem][give] PussyYourMom obtained 1 of шарскорки2 (§3§lШар Скорости 2)
[04.06.2025 18:31:35][serveritem][give] PussyYourMom obtained 1 of golovas1 (§e§lГолова Сема-Тарли)
[04.06.2025 18:32:50][serveritem][give] KYLER_2288 obtained 1 of golovas4 (§5§lГолова Гарри-Поттера)
[04.06.2025 18:36:15][serveritem][give] azotezzzz obtained 1 of шарздоровья3 (§d§lШар Здоровья 3)
[04.06.2025 18:48:09][serveritem][give] 6re9tdodgjf obtained 1 of шарскорки2 (§3§lШар Скорости 2)
[04.06.2025 18:48:19][serveritem][give] 6re9tdodgjf obtained 1 of шаршипа2 (§2§lШар Шипов 2)
[04.06.2025 18:53:32][serveritem][give] LDXYT52 obtained 1 of секирахаоса (§4§lСекира Хаоса)
[04.06.2025 18:53:45][serveritem][give] LDXYT52 obtained 1 of секирахаоса (§4§lСекира Хаоса)
[04.06.2025 18:55:30][serveritem][give] pshenichny obtained 1 of секирахаоса (§4§lСекира Хаоса)
[04.06.2025 18:55:32][serveritem][give] pshenichny obtained 1 of golovas4 (§5§lГолова Гарри-Поттера)
[04.06.2025 18:57:00][serveritem][give] zz_ice_zz obtained 1 of golovas4 (§5§lГолова Гарри-Поттера)
[04.06.2025 19:02:12][serveritem][give] tvaloaloalOO1 obtained 1 of секирахаоса (§4§lСекира Хаоса)
[04.06.2025 19:03:23][serveritem][give] pshenichny obtained 1 of секирахаоса (§4§lСекира Хаоса)
[04.06.2025 19:03:33][serveritem][give] tvaloaloalOO1 obtained 1 of golovas4 (§5§lГолова Гарри-Поттера)
[04.06.2025 19:03:41][serveritem][give] pshenichny obtained 1 of golovas3 (§6§l§nГэндальф)
[04.06.2025 19:04:02][serveritem][give] Stas_19701103 obtained 1 of секирахаоса (§4§lСекира Хаоса)
[04.06.2025 19:04:04][serveritem][give] Stas_19701103 obtained 1 of секирахаоса (§4§lСекира Хаоса)
[04.06.2025 19:11:12][serveritem][give] Stas_19701103 obtained 1 of golovas4 (§5§lГолова Гарри-Поттера)
[04.06.2025 19:54:01][serveritem][give] Develish54 obtained 1 of шарскорки2 (§3§lШар Скорости 2)
[04.06.2025 19:56:18][serveritem][give] popabobra obtained 1 of golovas4 (§5§lГолова Гарри-Поттера)
[04.06.2025 19:56:18][serveritem][give] popabobra obtained 1 of golovas4 (§5§lГолова Гарри-Поттера)
[04.06.2025 19:56:20][serveritem][give] popabobra obtained 1 of golovas1 (§e§lГолова Сема-Тарли)
[04.06.2025 19:56:21][serveritem][give] popabobra obtained 1 of golovas1 (§e§lГолова Сема-Тарли)
[04.06.2025 20:27:40][serveritem][give] tvaloaloalOO1 obtained 1 of секирахаоса (§4§lСекира Хаоса)
[04.06.2025 20:39:26][serveritem][give] fgksafoakfpoAF obtained 1 of шарздоровья2 (§d§lШар Здоровья 2)
[04.06.2025 20:51:35][serveritem][give] IZI____MEN obtained 1 of golovas4 (§5§lГолова Гарри-Поттера)
[04.06.2025 20:51:53][serveritem][give] IZI____MEN obtained 1 of секирахаоса (§4§lСекира Хаоса)
[04.06.2025 21:16:31][serveritem][give] Batu_SiGma obtained 1 of golovas2 (§b§lГолова Цири)
[04.06.2025 21:47:55][serveritem][give] anarhia_top456 obtained 1 of golovas1 (§e§lГолова Сема-Тарли)
[04.06.2025 21:59:59][serveritem][give] Sark3 obtained 1 of шарскорки2 (§3§lШар Скорости 2)
[04.06.2025 22:18:01][serveritem][give] Sark3 obtained 1 of golovas4 (§5§lГолова Гарри-Поттера)
