[08.06.2025 03:23:19][serveritem][give] _rossal obtained 1 of шарздоровья2 (§d§lШар Здоровья 2)
[08.06.2025 04:24:32][serveritem][give] _rossal obtained 1 of шарздоровья3 (§d§lШар Здоровья 3)
[08.06.2025 04:41:53][serveritem][give] MakakA_xX_ obtained 1 of golovas4 (§5§lГолова Гарри-Поттера)
[08.06.2025 05:59:19][serveritem][give] klevikxleb obtained 1 of golovas4 (§5§lГолова Гарри-Поттера)
[08.06.2025 06:00:16][serveritem][give] nicic obtained 1 of шарздоровья1 (§d§lШар Здоровья 1)
[08.06.2025 06:02:35][serveritem][give] klevikxleb obtained 1 of шарскорки2 (§3§lШар Скорости 2)
[08.06.2025 06:18:09][serveritem][give] lingovskiy obtained 1 of golovas4 (§5§lГолова Гарри-Поттера)
[08.06.2025 06:18:10][serveritem][give] chutks obtained 1 of golovas4 (§5§lГолова Гарри-Поттера)
[08.06.2025 06:34:42][serveritem][give] wawa44 obtained 1 of golovas4 (§5§lГолова Гарри-Поттера)
[08.06.2025 06:48:14][serveritem][give] trsLEGENDA obtained 1 of шарздоровья3 (§d§lШар Здоровья 3)
[08.06.2025 07:25:25][serveritem][give] Satoru_Sakura obtained 1 of шарскорки2 (§3§lШар Скорости 2)
[08.06.2025 07:49:00][serveritem][give] almaziiik_11 obtained 1 of секирахаоса (§4§lСекира Хаоса)
[08.06.2025 08:13:10][serveritem][give] Fyrass obtained 1 of golovas2 (§b§lГолова Цири)
[08.06.2025 08:15:57][serveritem][give] Severotinsk009 obtained 1 of шарскорки2 (§3§lШар Скорости 2)
[08.06.2025 08:15:58][serveritem][give] Severotinsk009 obtained 1 of шарздоровья3 (§d§lШар Здоровья 3)
[08.06.2025 08:21:36][serveritem][give] Ananimusua obtained 1 of шарздоровья2 (§d§lШар Здоровья 2)
[08.06.2025 08:25:14][serveritem][give] SOPIe obtained 1 of секирахаоса (§4§lСекира Хаоса)
[08.06.2025 08:26:43][serveritem][give] Fyrass obtained 1 of шарскорки2 (§3§lШар Скорости 2)
[08.06.2025 08:34:09][serveritem][give] SOPIe obtained 1 of golovas4 (§5§lГолова Гарри-Поттера)
[08.06.2025 08:45:01][serveritem][give] GHOSTKFFKFKFKFKF obtained 1 of шарздоровья2 (§d§lШар Здоровья 2)
[08.06.2025 08:47:22][serveritem][give] BraveKnightX_GAM obtained 1 of golovas1 (§e§lГолова Сема-Тарли)
[08.06.2025 08:51:57][serveritem][give] almaziiik_11 obtained 1 of golovas1 (§e§lГолова Сема-Тарли)
[08.06.2025 09:02:28][serveritem][give] hotel282 obtained 1 of golovas1 (§e§lГолова Сема-Тарли)
[08.06.2025 09:02:34][serveritem][give] hotel282 obtained 1 of секирахаоса (§4§lСекира Хаоса)
[08.06.2025 09:03:21][serveritem][give] InfernoIguana_8_ obtained 1 of шарздоровья3 (§d§lШар Здоровья 3)
[08.06.2025 09:09:26][serveritem][give] h89pler obtained 1 of шаршипа1 (§2§lШар Шипов 1)
[08.06.2025 09:14:05][serveritem][give] SussiskaBeTesty obtained 1 of шарздоровья3 (§d§lШар Здоровья 3)
[08.06.2025 09:14:41][serveritem][give] slimer obtained 1 of шарздоровья3 (§d§lШар Здоровья 3)
[08.06.2025 09:22:59][serveritem][give] krekst obtained 1 of golovas1 (§e§lГолова Сема-Тарли)
[08.06.2025 09:24:52][serveritem][give] HimuraKasandra obtained 1 of шарздоровья3 (§d§lШар Здоровья 3)
[08.06.2025 09:37:42][serveritem][give] Muuuph obtained 1 of секирахаоса (§4§lСекира Хаоса)
[08.06.2025 09:38:22][serveritem][give] krekst obtained 1 of шарскорки2 (§3§lШар Скорости 2)
[08.06.2025 09:39:42][serveritem][give] trutik547 obtained 1 of golovas3 (§6§l§nГэндальф)
[08.06.2025 09:43:17][serveritem][give] _mangofonk_ obtained 1 of секирахаоса (§4§lСекира Хаоса)
[08.06.2025 09:47:07][serveritem][give] Sectorprize obtained 1 of шарздоровья3 (§d§lШар Здоровья 3)
[08.06.2025 09:47:28][serveritem][give] vena4670 obtained 1 of golovas4 (§5§lГолова Гарри-Поттера)
[08.06.2025 09:58:47][serveritem][give] popabobra1 obtained 1 of golovas3 (§6§l§nГэндальф)
[08.06.2025 09:58:56][serveritem][give] popabobra2 obtained 1 of golovas3 (§6§l§nГэндальф)
[08.06.2025 09:58:56][serveritem][give] popabobra2 obtained 1 of golovas3 (§6§l§nГэндальф)
[08.06.2025 09:58:59][serveritem][give] popabobra2 obtained 1 of golovas1 (§e§lГолова Сема-Тарли)
[08.06.2025 09:59:11][serveritem][give] geniwxxx obtained 1 of golovas3 (§6§l§nГэндальф)
[08.06.2025 10:00:01][serveritem][give] Muuuph obtained 1 of шарздоровья3 (§d§lШар Здоровья 3)
[08.06.2025 10:04:39][serveritem][give] gopod26 obtained 1 of шарскорки2 (§3§lШар Скорости 2)
[08.06.2025 10:05:36][serveritem][give] 21345tfffffpipka obtained 1 of шарздоровья2 (§d§lШар Здоровья 2)
[08.06.2025 10:21:27][serveritem][give] _kot_pro2229 obtained 1 of golovas4 (§5§lГолова Гарри-Поттера)
[08.06.2025 10:51:23][serveritem][give] makfafbek obtained 1 of секирахаоса (§4§lСекира Хаоса)
[08.06.2025 10:52:28][serveritem][give] makfafbek obtained 1 of golovas1 (§e§lГолова Сема-Тарли)
[08.06.2025 10:59:37][serveritem][give] popabobra obtained 1 of golovas2 (§b§lГолова Цири)
[08.06.2025 11:59:11][serveritem][give] Makc_123993 obtained 1 of секирахаоса (§4§lСекира Хаоса)
[08.06.2025 12:03:02][serveritem][give] JABOCHKINGEEY obtained 1 of шарздоровья3 (§d§lШар Здоровья 3)
[08.06.2025 12:03:04][serveritem][give] JABOCHKINGEEY obtained 1 of шарздоровья3 (§d§lШар Здоровья 3)
[08.06.2025 12:23:19][serveritem][give] gsdadad obtained 1 of шарскорки1 (§3§lШар Скорости 1)
[08.06.2025 12:26:23][serveritem][give] Eldar430444 obtained 1 of секирахаоса (§4§lСекира Хаоса)
[08.06.2025 12:30:01][serveritem][give] iVAN_Zolo_2004 obtained 1 of golovas1 (§e§lГолова Сема-Тарли)
[08.06.2025 12:34:43][serveritem][give] dibidibi obtained 1 of golovas4 (§5§lГолова Гарри-Поттера)
[08.06.2025 13:04:43][serveritem][give] valerkaval obtained 1 of секирахаоса (§4§lСекира Хаоса)
[08.06.2025 13:13:04][serveritem][give] lavaotto obtained 1 of шарскорки2 (§3§lШар Скорости 2)
[08.06.2025 13:13:19][serveritem][give] LakiBloki obtained 1 of шарскорки2 (§3§lШар Скорости 2)
[08.06.2025 13:13:29][serveritem][give] LakiBloki obtained 1 of шарздоровья3 (§d§lШар Здоровья 3)
[08.06.2025 13:13:30][serveritem][give] LakiBloki obtained 1 of шарздоровья3 (§d§lШар Здоровья 3)
[08.06.2025 13:14:34][serveritem][give] man_52 obtained 1 of секирахаоса (§4§lСекира Хаоса)
[08.06.2025 13:19:34][serveritem][give] artem_228228 obtained 1 of golovas4 (§5§lГолова Гарри-Поттера)
[08.06.2025 13:43:52][serveritem][give] _kot_pro2229_ obtained 1 of golovas4 (§5§lГолова Гарри-Поттера)
[08.06.2025 13:49:50][serveritem][give] frost1cs obtained 1 of шарздоровья3 (§d§lШар Здоровья 3)
[08.06.2025 13:52:27][serveritem][give] Severotinsk00900 obtained 1 of шарздоровья3 (§d§lШар Здоровья 3)
[08.06.2025 14:12:27][serveritem][give] 1WantToHolodos obtained 1 of шарздоровья3 (§d§lШар Здоровья 3)
[08.06.2025 14:14:31][serveritem][give] 1WantToHolodos obtained 1 of шарздоровья3 (§d§lШар Здоровья 3)
[08.06.2025 14:27:04][serveritem][give] e6l1n obtained 1 of шарскорки2 (§3§lШар Скорости 2)
[08.06.2025 14:28:05][serveritem][give] Muuuph obtained 1 of шарскорки2 (§3§lШар Скорости 2)
[08.06.2025 14:30:12][serveritem][give] Pypsic obtained 1 of шарздоровья3 (§d§lШар Здоровья 3)
[08.06.2025 14:47:25][serveritem][give] megaflopa obtained 1 of golovas4 (§5§lГолова Гарри-Поттера)
[08.06.2025 14:49:37][serveritem][give] kraken2852 obtained 1 of шарскорки2 (§3§lШар Скорости 2)
[08.06.2025 14:51:10][serveritem][give] _kot_pro2229_ obtained 1 of golovas4 (§5§lГолова Гарри-Поттера)
[08.06.2025 14:51:27][serveritem][give] myhumaen55 obtained 1 of секирахаоса (§4§lСекира Хаоса)
[08.06.2025 14:51:27][serveritem][give] myhumaen55 obtained 1 of golovas4 (§5§lГолова Гарри-Поттера)
[08.06.2025 14:57:06][serveritem][give] Finskiyvoen1122 obtained 1 of golovas4 (§5§lГолова Гарри-Поттера)
[08.06.2025 15:03:55][serveritem][give] wergrht397 obtained 1 of секирахаоса (§4§lСекира Хаоса)
[08.06.2025 15:07:45][serveritem][give] portosaw obtained 1 of golovas4 (§5§lГолова Гарри-Поттера)
[08.06.2025 15:07:46][serveritem][give] portosaw obtained 1 of golovas1 (§e§lГолова Сема-Тарли)
[08.06.2025 15:33:50][serveritem][give] portosaw obtained 1 of golovas4 (§5§lГолова Гарри-Поттера)
[08.06.2025 15:34:18][serveritem][give] portososka obtained 1 of golovas1 (§e§lГолова Сема-Тарли)
[08.06.2025 15:35:20][serveritem][give] jigari123 obtained 1 of golovas4 (§5§lГолова Гарри-Поттера)
[08.06.2025 15:36:47][serveritem][give] Den37K obtained 1 of golovas4 (§5§lГолова Гарри-Поттера)
[08.06.2025 15:39:45][serveritem][give] monefestt obtained 1 of шарскорки2 (§3§lШар Скорости 2)
[08.06.2025 15:54:57][serveritem][give] Pypsic obtained 1 of шаршипа2 (§2§lШар Шипов 2)
[08.06.2025 16:01:06][serveritem][give] Darvoskala obtained 1 of шаршипа1 (§2§lШар Шипов 1)
[08.06.2025 16:05:54][serveritem][give] penka4567 obtained 1 of секирахаоса (§4§lСекира Хаоса)
[08.06.2025 16:12:11][serveritem][give] gffds obtained 1 of шарздоровья2 (§d§lШар Здоровья 2)
[08.06.2025 16:17:16][serveritem][give] CrazyMax obtained 1 of шарскорки1 (§3§lШар Скорости 1)
[08.06.2025 16:17:23][serveritem][give] CrazyMax obtained 1 of шарскорки2 (§3§lШар Скорости 2)
[08.06.2025 16:32:08][serveritem][give] HARTSH obtained 1 of секирахаоса (§4§lСекира Хаоса)
[08.06.2025 16:34:06][serveritem][give] e6lani7 obtained 1 of golovas1 (§e§lГолова Сема-Тарли)
[08.06.2025 16:40:07][serveritem][give] shaluxxxa obtained 1 of golovas1 (§e§lГолова Сема-Тарли)
[08.06.2025 16:48:13][serveritem][give] im_soft_real obtained 1 of шарскорки2 (§3§lШар Скорости 2)
[08.06.2025 16:49:33][serveritem][give] superbulmeshka obtained 1 of golovas3 (§6§l§nГэндальф)
[08.06.2025 16:56:14][serveritem][give] zxc_ff1_dacd obtained 1 of секирахаоса (§4§lСекира Хаоса)
[08.06.2025 16:57:05][serveritem][give] MakakA_xX_ obtained 1 of golovas4 (§5§lГолова Гарри-Поттера)
[08.06.2025 16:58:17][serveritem][give] MakakA_xX_ obtained 1 of golovas4 (§5§lГолова Гарри-Поттера)
[08.06.2025 16:58:18][serveritem][give] MakakA_xX_ obtained 1 of golovas4 (§5§lГолова Гарри-Поттера)
[08.06.2025 17:02:58][serveritem][give] Artem287 obtained 1 of шарскорки2 (§3§lШар Скорости 2)
[08.06.2025 17:18:20][serveritem][give] Nikamper obtained 1 of секирахаоса (§4§lСекира Хаоса)
[08.06.2025 17:25:44][serveritem][give] 52889 obtained 1 of шарздоровья2 (§d§lШар Здоровья 2)
[08.06.2025 17:28:41][serveritem][give] ALTf4_MAN obtained 1 of секирахаоса (§4§lСекира Хаоса)
[08.06.2025 17:34:05][serveritem][give] artist_26840 obtained 1 of секирахаоса (§4§lСекира Хаоса)
[08.06.2025 17:49:56][serveritem][give] pupsik1337_Pro obtained 1 of шарздоровья3 (§d§lШар Здоровья 3)
[08.06.2025 17:58:41][serveritem][give] hajimurad obtained 1 of golovas3 (§6§l§nГэндальф)
[08.06.2025 18:00:16][serveritem][give] xangelooooo obtained 1 of golovas4 (§5§lГолова Гарри-Поттера)
[08.06.2025 18:11:18][serveritem][give] Dimasik2014 obtained 1 of шарздоровья1 (§d§lШар Здоровья 1)
[08.06.2025 18:12:16][serveritem][give] Krambal_kyki obtained 1 of секирахаоса (§4§lСекира Хаоса)
[08.06.2025 18:12:54][serveritem][give] Krambal_kyki obtained 1 of шарздоровья2 (§d§lШар Здоровья 2)
[08.06.2025 18:18:50][serveritem][give] gsdadad obtained 1 of шаротбр2 (§9§lШар Отбрасывания 2)
[08.06.2025 18:18:51][serveritem][give] gsdadad obtained 1 of шарскорки2 (§3§lШар Скорости 2)
[08.06.2025 18:26:27][serveritem][give] rewger12345 obtained 1 of шарздоровья2 (§d§lШар Здоровья 2)
[08.06.2025 18:39:02][serveritem][give] maksfr4 obtained 1 of golovas1 (§e§lГолова Сема-Тарли)
[08.06.2025 18:45:05][serveritem][give] TamaRa_BysTeR obtained 1 of golovas1 (§e§lГолова Сема-Тарли)
[08.06.2025 18:45:06][serveritem][give] TamaRa_BysTeR obtained 1 of golovas4 (§5§lГолова Гарри-Поттера)
[08.06.2025 18:50:34][serveritem][give] Muuuph obtained 1 of шарскорки1 (§3§lШар Скорости 1)
[08.06.2025 18:57:49][serveritem][give] davidIdioT obtained 1 of шарздоровья3 (§d§lШар Здоровья 3)
[08.06.2025 19:03:48][serveritem][give] Artemon_kardash obtained 1 of шарздоровья3 (§d§lШар Здоровья 3)
[08.06.2025 19:11:02][serveritem][give] TIMUR010715 obtained 1 of шарздоровья3 (§d§lШар Здоровья 3)
[08.06.2025 19:17:47][serveritem][give] ChunSonic obtained 1 of секирахаоса (§4§lСекира Хаоса)
[08.06.2025 19:18:53][serveritem][give] 14523458reg obtained 1 of шарздоровья2 (§d§lШар Здоровья 2)
[08.06.2025 19:20:00][serveritem][give] dwadf124reg obtained 1 of шарздоровья2 (§d§lШар Здоровья 2)
[08.06.2025 19:21:02][serveritem][give] 234235qefreg obtained 1 of шарздоровья3 (§d§lШар Здоровья 3)
[08.06.2025 19:21:55][serveritem][give] 3425rfgreg obtained 1 of шарздоровья2 (§d§lШар Здоровья 2)
[08.06.2025 19:29:27][serveritem][give] xXxSteve_MC3585 obtained 1 of golovas3 (§6§l§nГэндальф)
[08.06.2025 19:29:28][serveritem][give] xXxSteve_MC3585 obtained 1 of golovas4 (§5§lГолова Гарри-Поттера)
[08.06.2025 19:35:02][serveritem][give] Veronika1111 obtained 1 of шарскорки2 (§3§lШар Скорости 2)
[08.06.2025 19:35:03][serveritem][give] Veronika1111 obtained 1 of шарскорки2 (§3§lШар Скорости 2)
[08.06.2025 19:35:38][serveritem][give] amnamhik125 obtained 1 of секирахаоса (§4§lСекира Хаоса)
[08.06.2025 19:42:29][serveritem][give] megaflopa obtained 1 of golovas4 (§5§lГолова Гарри-Поттера)
[08.06.2025 19:42:30][serveritem][give] megaflopa obtained 1 of golovas1 (§e§lГолова Сема-Тарли)
[08.06.2025 19:58:28][serveritem][give] vetal999 obtained 1 of golovas4 (§5§lГолова Гарри-Поттера)
[08.06.2025 19:59:45][serveritem][give] Mma7292 obtained 1 of шаротбр1 (§9§lШар Отбрасывания 1)
[08.06.2025 20:03:10][serveritem][give] Doner_5 obtained 1 of секирахаоса (§4§lСекира Хаоса)
[08.06.2025 20:04:51][serveritem][give] Xx_mulshuk_xX obtained 1 of шарскорки2 (§3§lШар Скорости 2)
[08.06.2025 20:06:23][serveritem][give] vetal999 obtained 1 of шарздоровья2 (§d§lШар Здоровья 2)
[08.06.2025 20:16:41][serveritem][give] sosibibo obtained 1 of golovas1 (§e§lГолова Сема-Тарли)
[08.06.2025 20:16:43][serveritem][give] bulbatron obtained 1 of golovas1 (§e§lГолова Сема-Тарли)
[08.06.2025 20:26:19][serveritem][give] LEV24K obtained 1 of шарскорки1 (§3§lШар Скорости 1)
[08.06.2025 20:42:39][serveritem][give] 8222 obtained 1 of шарздоровья1 (§d§lШар Здоровья 1)
[08.06.2025 20:53:41][serveritem][give] geniwxxx obtained 1 of golovas1 (§e§lГолова Сема-Тарли)
