[17.05.2025 02:54:47][serveritem][give] Shadow_in_core obtained 1 of шарскорки2 (§3§lШар Скорости 2)
[17.05.2025 04:58:53][serveritem][give] swenntyx obtained 1 of секирахаоса (§4§lСекира Хаоса)
[17.05.2025 05:01:28][serveritem][give] swenntyx obtained 1 of шарскорки2 (§3§lШар Скорости 2)
[17.05.2025 05:03:14][serveritem][give] GutsBlack obtained 1 of шарздоровья3 (§d§lШар Здоровья 3)
[17.05.2025 05:03:42][serveritem][give] samech2009 obtained 1 of шарздоровья3 (§d§lШар Здоровья 3)
[17.05.2025 05:18:41][serveritem][give] Top4ik2931 obtained 1 of golovas3 (§6§l§nГэндальф)
[17.05.2025 05:27:22][serveritem][give] sdfgkff obtained 1 of шарздоровья3 (§d§lШар Здоровья 3)
[17.05.2025 05:39:51][serveritem][give] katana006 obtained 1 of шарздоровья3 (§d§lШар Здоровья 3)
[17.05.2025 05:45:27][serveritem][give] katana006 obtained 1 of шарздоровья3 (§d§lШар Здоровья 3)
[17.05.2025 05:45:35][serveritem][give] iiya30 obtained 1 of шарздоровья3 (§d§lШар Здоровья 3)
[17.05.2025 05:48:06][serveritem][give] SIlentik obtained 1 of шарскорки1 (§3§lШар Скорости 1)
[17.05.2025 05:55:51][serveritem][give] lol7171 obtained 1 of шарздоровья3 (§d§lШар Здоровья 3)
[17.05.2025 05:56:36][serveritem][give] maximuxa obtained 1 of golovas1 (§e§lГолова Сема-Тарли)
[17.05.2025 06:20:29][serveritem][give] marihuaHHa obtained 1 of golovas2 (§b§lГолова Цири)
[17.05.2025 06:20:29][serveritem][give] marihuaHHa obtained 1 of секирахаоса (§4§lСекира Хаоса)
[17.05.2025 06:43:05][serveritem][give] POPA_B_POTOKE obtained 1 of секирахаоса (§4§lСекира Хаоса)
[17.05.2025 06:44:34][serveritem][give] JOB123 obtained 1 of секирахаоса (§4§lСекира Хаоса)
[17.05.2025 06:46:28][serveritem][give] s1mple_zxc obtained 1 of golovas4 (§5§lГолова Гарри-Поттера)
[17.05.2025 06:57:07][serveritem][give] rule34xxx obtained 1 of шарздоровья2 (§d§lШар Здоровья 2)
[17.05.2025 07:03:10][serveritem][give] ProFesso obtained 1 of golovas1 (§e§lГолова Сема-Тарли)
[17.05.2025 07:11:11][serveritem][give] darhan3909 obtained 1 of секирахаоса (§4§lСекира Хаоса)
[17.05.2025 07:13:25][serveritem][give] doom_plants_22 obtained 1 of golovas4 (§5§lГолова Гарри-Поттера)
[17.05.2025 07:16:27][serveritem][give] kristofferr obtained 1 of golovas3 (§6§l§nГэндальф)
[17.05.2025 07:18:07][serveritem][give] JOB123 obtained 1 of golovas4 (§5§lГолова Гарри-Поттера)
[17.05.2025 07:30:56][serveritem][give] tatar231456 obtained 1 of секирахаоса (§4§lСекира Хаоса)
[17.05.2025 07:31:15][serveritem][give] niki1i1 obtained 1 of golovas4 (§5§lГолова Гарри-Поттера)
[17.05.2025 07:37:56][serveritem][give] aadd77777 obtained 1 of шарздоровья3 (§d§lШар Здоровья 3)
[17.05.2025 07:47:31][serveritem][give] Sigmaboy obtained 1 of секирахаоса (§4§lСекира Хаоса)
[17.05.2025 07:53:53][serveritem][give] myamyaqwm obtained 1 of golovas4 (§5§lГолова Гарри-Поттера)
[17.05.2025 07:53:53][serveritem][give] myamyaqwm obtained 1 of секирахаоса (§4§lСекира Хаоса)
[17.05.2025 08:23:53][serveritem][give] BarneyQdlll obtained 1 of golovas3 (§6§l§nГэндальф)
[17.05.2025 08:24:51][serveritem][give] BarneyQdlll obtained 1 of golovas4 (§5§lГолова Гарри-Поттера)
[17.05.2025 08:28:01][serveritem][give] swenntyx obtained 1 of секирахаоса (§4§lСекира Хаоса)
[17.05.2025 08:29:25][serveritem][give] Zloy_Agyr4ick obtained 1 of golovas4 (§5§lГолова Гарри-Поттера)
[17.05.2025 08:31:05][serveritem][give] YTPLAYSANYA_123 obtained 1 of шарскорки2 (§3§lШар Скорости 2)
[17.05.2025 08:31:18][serveritem][give] YTPLAYSANYA_123 obtained 1 of golovas1 (§e§lГолова Сема-Тарли)
[17.05.2025 08:38:47][serveritem][give] ylli_mk obtained 1 of шарздоровья1 (§d§lШар Здоровья 1)
[17.05.2025 08:57:06][serveritem][give] Ares_good obtained 1 of шаротбр1 (§9§lШар Отбрасывания 1)
[17.05.2025 09:28:17][serveritem][give] hajimurad obtained 1 of шарздоровья2 (§d§lШар Здоровья 2)
[17.05.2025 09:29:13][serveritem][give] watka obtained 1 of секирахаоса (§4§lСекира Хаоса)
[17.05.2025 09:29:26][serveritem][give] an11rryy obtained 1 of шарскорки2 (§3§lШар Скорости 2)
[17.05.2025 09:36:02][serveritem][give] pypsechek obtained 1 of шарздоровья3 (§d§lШар Здоровья 3)
[17.05.2025 09:37:29][serveritem][give] YTtoper967 obtained 1 of шарздоровья2 (§d§lШар Здоровья 2)
[17.05.2025 09:50:26][serveritem][give] Boba_777 obtained 1 of golovas4 (§5§lГолова Гарри-Поттера)
[17.05.2025 09:52:36][serveritem][give] eselzxz obtained 1 of golovas1 (§e§lГолова Сема-Тарли)
[17.05.2025 09:55:30][serveritem][give] MurMeowCat obtained 1 of golovas4 (§5§lГолова Гарри-Поттера)
[17.05.2025 10:00:43][serveritem][give] blin4ik257 obtained 1 of golovas4 (§5§lГолова Гарри-Поттера)
[17.05.2025 10:02:57][serveritem][give] zxc_bamabo obtained 1 of шарскорки2 (§3§lШар Скорости 2)
[17.05.2025 10:14:37][serveritem][give] BarneyQdlll obtained 1 of golovas4 (§5§lГолова Гарри-Поттера)
[17.05.2025 10:20:39][serveritem][give] blin4ik262 obtained 1 of golovas4 (§5§lГолова Гарри-Поттера)
[17.05.2025 10:22:50][serveritem][give] Alibek690444 obtained 1 of секирахаоса (§4§lСекира Хаоса)
[17.05.2025 10:22:58][serveritem][give] Alibek690444 obtained 1 of golovas3 (§6§l§nГэндальф)
[17.05.2025 10:36:55][serveritem][give] BoberBear1 obtained 1 of шарскорки2 (§3§lШар Скорости 2)
[17.05.2025 10:43:15][serveritem][give] starletmoney obtained 1 of шарздоровья3 (§d§lШар Здоровья 3)
[17.05.2025 10:44:46][serveritem][give] Alibek690444 obtained 1 of golovas4 (§5§lГолова Гарри-Поттера)
[17.05.2025 10:45:23][serveritem][give] sevek obtained 1 of golovas4 (§5§lГолова Гарри-Поттера)
[17.05.2025 11:08:08][serveritem][give] lolshad_12 obtained 1 of golovas4 (§5§lГолова Гарри-Поттера)
[17.05.2025 11:09:30][serveritem][give] BoberBear1 obtained 1 of golovas4 (§5§lГолова Гарри-Поттера)
[17.05.2025 11:15:27][serveritem][give] SuperFrancuz9 obtained 1 of шарздоровья3 (§d§lШар Здоровья 3)
[17.05.2025 11:34:23][serveritem][give] Banan4iki4244 obtained 1 of секирахаоса (§4§lСекира Хаоса)
[17.05.2025 11:35:00][serveritem][give] wart12345 obtained 1 of шарздоровья3 (§d§lШар Здоровья 3)
[17.05.2025 11:35:02][serveritem][give] wart12345 obtained 1 of шарздоровья3 (§d§lШар Здоровья 3)
[17.05.2025 11:36:41][serveritem][give] Atlas obtained 1 of golovas2 (§b§lГолова Цири)
[17.05.2025 11:36:55][serveritem][give] shyrik_soso obtained 1 of секирахаоса (§4§lСекира Хаоса)
[17.05.2025 11:37:29][serveritem][give] s1mple_zxc obtained 1 of секирахаоса (§4§lСекира Хаоса)
[17.05.2025 11:37:56][serveritem][give] Atlas obtained 1 of golovas2 (§b§lГолова Цири)
[17.05.2025 11:38:37][serveritem][give] blbrik obtained 1 of golovas4 (§5§lГолова Гарри-Поттера)
[17.05.2025 11:38:39][serveritem][give] blbrik obtained 1 of секирахаоса (§4§lСекира Хаоса)
[17.05.2025 11:42:10][serveritem][give] BOBER1120 obtained 1 of golovas4 (§5§lГолова Гарри-Поттера)
[17.05.2025 11:45:14][serveritem][give] megaflopa obtained 1 of шарскорки2 (§3§lШар Скорости 2)
[17.05.2025 11:47:02][serveritem][give] 13123222222 obtained 1 of golovas4 (§5§lГолова Гарри-Поттера)
[17.05.2025 11:47:54][serveritem][give] shyrik_soso obtained 1 of golovas4 (§5§lГолова Гарри-Поттера)
[17.05.2025 11:50:43][serveritem][give] Pipisandra12Pro obtained 1 of секирахаоса (§4§lСекира Хаоса)
[17.05.2025 11:52:03][serveritem][give] A_Skill obtained 1 of шарздоровья3 (§d§lШар Здоровья 3)
[17.05.2025 12:04:07][serveritem][give] blbrik obtained 1 of шарздоровья3 (§d§lШар Здоровья 3)
[17.05.2025 12:12:38][serveritem][give] pelmensofter obtained 1 of шарздоровья1 (§d§lШар Здоровья 1)
[17.05.2025 12:12:57][serveritem][give] Ya_prosto_Sanya obtained 1 of golovas3 (§6§l§nГэндальф)
[17.05.2025 12:18:07][serveritem][give] deat obtained 1 of golovas1 (§e§lГолова Сема-Тарли)
[17.05.2025 12:20:41][serveritem][give] Mr_shovel obtained 1 of golovas4 (§5§lГолова Гарри-Поттера)
[17.05.2025 12:23:12][serveritem][give] adaffada obtained 1 of шарздоровья3 (§d§lШар Здоровья 3)
[17.05.2025 12:24:41][serveritem][give] NeDaniel123321 obtained 1 of секирахаоса (§4§lСекира Хаоса)
[17.05.2025 12:28:11][serveritem][give] shyrik_soso obtained 1 of секирахаоса (§4§lСекира Хаоса)
[17.05.2025 12:28:15][serveritem][give] Arseny2025 obtained 1 of golovas4 (§5§lГолова Гарри-Поттера)
[17.05.2025 12:29:17][serveritem][give] ders1h obtained 1 of golovas4 (§5§lГолова Гарри-Поттера)
[17.05.2025 12:32:44][serveritem][give] aca1331 obtained 1 of golovas4 (§5§lГолова Гарри-Поттера)
[17.05.2025 12:33:42][serveritem][give] skywhyk1llua obtained 1 of секирахаоса (§4§lСекира Хаоса)
[17.05.2025 12:33:49][serveritem][give] skywhyk1llua obtained 1 of golovas4 (§5§lГолова Гарри-Поттера)
[17.05.2025 12:34:08][serveritem][give] Anya20100 obtained 1 of секирахаоса (§4§lСекира Хаоса)
[17.05.2025 12:36:04][serveritem][give] Mr_L4ris4L0rd95 obtained 1 of golovas4 (§5§lГолова Гарри-Поттера)
[17.05.2025 12:36:44][serveritem][give] Mr_L4ris4L0rd95 obtained 1 of секирахаоса (§4§lСекира Хаоса)
[17.05.2025 12:41:32][serveritem][give] adaffada obtained 1 of шаршипа1 (§2§lШар Шипов 1)
[17.05.2025 12:48:39][serveritem][give] Atlas obtained 1 of golovas2 (§b§lГолова Цири)
[17.05.2025 12:49:41][serveritem][give] styl777 obtained 1 of секирахаоса (§4§lСекира Хаоса)
[17.05.2025 12:49:59][serveritem][give] xdfgsdfgs obtained 1 of шарскорки2 (§3§lШар Скорости 2)
[17.05.2025 12:51:49][serveritem][give] Angel obtained 1 of шаротбр1 (§9§lШар Отбрасывания 1)
[17.05.2025 12:53:54][serveritem][give] IPzxc obtained 1 of секирахаоса (§4§lСекира Хаоса)
[17.05.2025 13:01:20][serveritem][give] hajimurad obtained 1 of golovas4 (§5§lГолова Гарри-Поттера)
[17.05.2025 13:01:24][serveritem][give] hajimurad obtained 1 of секирахаоса (§4§lСекира Хаоса)
[17.05.2025 13:02:02][serveritem][give] yuko_d obtained 1 of golovas4 (§5§lГолова Гарри-Поттера)
[17.05.2025 13:02:03][serveritem][give] yuko_d obtained 1 of секирахаоса (§4§lСекира Хаоса)
[17.05.2025 13:06:18][serveritem][give] shyrik_soso obtained 1 of golovas4 (§5§lГолова Гарри-Поттера)
[17.05.2025 13:06:19][serveritem][give] shyrik_soso obtained 1 of секирахаоса (§4§lСекира Хаоса)
[17.05.2025 13:12:00][serveritem][give] c1clop14882 obtained 1 of golovas1 (§e§lГолова Сема-Тарли)
[17.05.2025 13:17:03][serveritem][give] vaseliska obtained 1 of golovas1 (§e§lГолова Сема-Тарли)
[17.05.2025 13:21:27][serveritem][give] Emperor_void obtained 1 of шарздоровья3 (§d§lШар Здоровья 3)
[17.05.2025 13:21:28][serveritem][give] TestoGL obtained 1 of шарздоровья3 (§d§lШар Здоровья 3)
[17.05.2025 13:23:13][serveritem][give] sasharsnt1455 obtained 1 of секирахаоса (§4§lСекира Хаоса)
[17.05.2025 13:24:38][serveritem][give] hajimurad obtained 1 of golovas4 (§5§lГолова Гарри-Поттера)
[17.05.2025 13:24:44][serveritem][give] Banan4iki4244 obtained 1 of golovas4 (§5§lГолова Гарри-Поттера)
[17.05.2025 13:26:06][serveritem][give] killstreak1488 obtained 1 of golovas1 (§e§lГолова Сема-Тарли)
[17.05.2025 13:32:21][serveritem][give] energi6378 obtained 1 of golovas4 (§5§lГолова Гарри-Поттера)
[17.05.2025 13:32:31][serveritem][give] megaflopa obtained 1 of шарскорки2 (§3§lШар Скорости 2)
[17.05.2025 13:32:40][serveritem][give] YT_s33m33_RU obtained 1 of шарздоровья3 (§d§lШар Здоровья 3)
[17.05.2025 13:38:15][serveritem][give] Kizyak228 obtained 1 of секирахаоса (§4§lСекира Хаоса)
[17.05.2025 13:52:38][serveritem][give] Emperor_void obtained 1 of шаршипа2 (§2§lШар Шипов 2)
[17.05.2025 13:59:26][serveritem][give] iiya30 obtained 1 of golovas3 (§6§l§nГэндальф)
[17.05.2025 14:00:54][serveritem][give] hajimurad obtained 1 of golovas4 (§5§lГолова Гарри-Поттера)
[17.05.2025 14:04:40][serveritem][give] gendaryGrizzly81 obtained 1 of golovas1 (§e§lГолова Сема-Тарли)
[17.05.2025 14:13:23][serveritem][give] SuperFrancuz9 obtained 1 of шарздоровья3 (§d§lШар Здоровья 3)
[17.05.2025 14:20:31][serveritem][give] de1dg obtained 1 of golovas4 (§5§lГолова Гарри-Поттера)
[17.05.2025 14:24:42][serveritem][give] fake112fake112 obtained 1 of шарскорки2 (§3§lШар Скорости 2)
[17.05.2025 14:30:08][serveritem][give] virsavixx obtained 1 of шарскорки1 (§3§lШар Скорости 1)
[17.05.2025 14:31:55][serveritem][give] Pv3_Penit2 obtained 1 of golovas4 (§5§lГолова Гарри-Поттера)
[17.05.2025 14:37:33][serveritem][give] hajimurad obtained 1 of golovas2 (§b§lГолова Цири)
[17.05.2025 14:50:32][serveritem][give] fake112fake112 obtained 1 of шарздоровья3 (§d§lШар Здоровья 3)
[17.05.2025 14:57:59][serveritem][give] hajimurad obtained 1 of golovas4 (§5§lГолова Гарри-Поттера)
[17.05.2025 14:59:34][serveritem][give] Pv3_Penit2 obtained 1 of секирахаоса (§4§lСекира Хаоса)
[17.05.2025 15:13:42][serveritem][give] tesya337 obtained 1 of секирахаоса (§4§lСекира Хаоса)
[17.05.2025 15:13:43][serveritem][give] tesya337 obtained 1 of golovas1 (§e§lГолова Сема-Тарли)
[17.05.2025 15:25:44][serveritem][give] De6ikr obtained 1 of шарскорки1 (§3§lШар Скорости 1)
[17.05.2025 15:26:06][serveritem][give] bgbgdbgd obtained 1 of шарздоровья3 (§d§lШар Здоровья 3)
[17.05.2025 15:26:10][serveritem][give] bgbgdbgd obtained 1 of шаршипа2 (§2§lШар Шипов 2)
[17.05.2025 15:26:20][serveritem][give] bgbgdbgd obtained 1 of шаротбр1 (§9§lШар Отбрасывания 1)
[17.05.2025 15:31:50][serveritem][give] aboba2727 obtained 1 of секирахаоса (§4§lСекира Хаоса)
[17.05.2025 15:49:41][serveritem][give] Pipiski_34 obtained 1 of секирахаоса (§4§lСекира Хаоса)
[17.05.2025 15:53:45][serveritem][give] s1mple_zxc obtained 1 of golovas4 (§5§lГолова Гарри-Поттера)
[17.05.2025 15:57:47][serveritem][give] AdSkal obtained 1 of шарздоровья3 (§d§lШар Здоровья 3)
[17.05.2025 15:58:14][serveritem][give] AdSkal obtained 1 of секирахаоса (§4§lСекира Хаоса)
[17.05.2025 16:02:16][serveritem][give] while_777 obtained 1 of шарздоровья3 (§d§lШар Здоровья 3)
[17.05.2025 16:06:08][serveritem][give] DMIX07 obtained 1 of секирахаоса (§4§lСекира Хаоса)
[17.05.2025 16:06:39][serveritem][give] Hometopetypo obtained 1 of шарскорки1 (§3§lШар Скорости 1)
[17.05.2025 16:09:42][serveritem][give] jhgh obtained 1 of шарздоровья3 (§d§lШар Здоровья 3)
[17.05.2025 16:12:05][serveritem][give] Faber1337 obtained 1 of xyeta (§6§lСупер Ножницы)
[17.05.2025 16:12:16][serveritem][give] Faber1337 obtained 1 of trapka (§6[§e★§6] §eТрапка)
[17.05.2025 16:12:29][serveritem][give] Faber1337 obtained 1 of trap (§c§lФу трапер)
[17.05.2025 16:12:49][serveritem][give] Faber1337 obtained 1 of helmet (diamond_helmet)
[17.05.2025 16:13:46][serveritem][give] fafaufhauysf obtained 1 of golovas3 (§6§l§nГэндальф)
[17.05.2025 16:30:38][serveritem][give] 324324 obtained 1 of шарскорки2 (§3§lШар Скорости 2)
[17.05.2025 16:36:07][serveritem][give] SerikKazah2016 obtained 1 of секирахаоса (§4§lСекира Хаоса)
[17.05.2025 16:49:25][serveritem][give] werteq_zz obtained 1 of секирахаоса (§4§lСекира Хаоса)
[17.05.2025 16:51:24][serveritem][give] yrfhchw obtained 1 of секирахаоса (§4§lСекира Хаоса)
[17.05.2025 16:51:32][serveritem][give] yrfhchw obtained 1 of golovas4 (§5§lГолова Гарри-Поттера)
[17.05.2025 16:53:24][serveritem][give] vaseliska obtained 1 of шарздоровья3 (§d§lШар Здоровья 3)
[17.05.2025 17:06:08][serveritem][give] watka obtained 1 of секирахаоса (§4§lСекира Хаоса)
[17.05.2025 17:06:21][serveritem][give] werteq_zz obtained 1 of golovas3 (§6§l§nГэндальф)
[17.05.2025 17:07:43][serveritem][give] hajimurad obtained 1 of шарздоровья3 (§d§lШар Здоровья 3)
[17.05.2025 17:33:04][serveritem][give] MadMidM obtained 1 of golovas4 (§5§lГолова Гарри-Поттера)
[17.05.2025 17:38:40][serveritem][give] sdfsdfsewww23d obtained 1 of шарздоровья2 (§d§lШар Здоровья 2)
[17.05.2025 17:44:46][serveritem][give] CTPAX obtained 1 of golovas4 (§5§lГолова Гарри-Поттера)
[17.05.2025 17:48:51][serveritem][give] VanBeanya obtained 1 of golovas4 (§5§lГолова Гарри-Поттера)
[17.05.2025 17:56:54][serveritem][give] Mr_shovel obtained 1 of секирахаоса (§4§lСекира Хаоса)
[17.05.2025 17:58:17][serveritem][give] AdSkal obtained 1 of golovas4 (§5§lГолова Гарри-Поттера)
[17.05.2025 17:58:57][serveritem][give] aboba2727 obtained 1 of golovas4 (§5§lГолова Гарри-Поттера)
[17.05.2025 18:00:16][serveritem][give] Ananimusua obtained 1 of golovas4 (§5§lГолова Гарри-Поттера)
[17.05.2025 18:01:49][serveritem][give] OPAMYSARA obtained 1 of golovas4 (§5§lГолова Гарри-Поттера)
[17.05.2025 18:04:55][serveritem][give] VanBeanya obtained 1 of golovas4 (§5§lГолова Гарри-Поттера)
[17.05.2025 18:07:47][serveritem][give] Pv3_Penit2 obtained 1 of golovas4 (§5§lГолова Гарри-Поттера)
[17.05.2025 18:10:21][serveritem][give] Psycho obtained 1 of шарздоровья2 (§d§lШар Здоровья 2)
[17.05.2025 18:13:19][serveritem][give] dfdsfefewfwef obtained 1 of golovas3 (§6§l§nГэндальф)
[17.05.2025 18:14:44][serveritem][give] VanBeanya obtained 1 of golovas4 (§5§lГолова Гарри-Поттера)
[17.05.2025 18:14:54][serveritem][give] kancha_shaHeda obtained 1 of golovas4 (§5§lГолова Гарри-Поттера)
[17.05.2025 18:16:14][serveritem][give] sosiska_piska obtained 1 of шарскорки1 (§3§lШар Скорости 1)
[17.05.2025 18:24:29][serveritem][give] YTPLAYSANYA_123 obtained 1 of шарздоровья1 (§d§lШар Здоровья 1)
[17.05.2025 18:31:55][serveritem][give] Baber16 obtained 1 of шарздоровья1 (§d§lШар Здоровья 1)
[17.05.2025 18:35:38][serveritem][give] neznay_chto obtained 1 of golovas4 (§5§lГолова Гарри-Поттера)
[17.05.2025 18:35:59][serveritem][give] neznay_chto obtained 1 of шарздоровья1 (§d§lШар Здоровья 1)
[17.05.2025 18:41:53][serveritem][give] Snejok_10 obtained 1 of шарздоровья3 (§d§lШар Здоровья 3)
[17.05.2025 18:49:41][serveritem][give] aldizaa2 obtained 1 of golovas4 (§5§lГолова Гарри-Поттера)
[17.05.2025 19:05:42][serveritem][give] zfhjgjh obtained 1 of шарскорки1 (§3§lШар Скорости 1)
[17.05.2025 19:06:21][serveritem][give] zfhjgjh obtained 1 of шарскорки1 (§3§lШар Скорости 1)
[17.05.2025 19:07:16][serveritem][give] 8926 obtained 1 of шарздоровья3 (§d§lШар Здоровья 3)
[17.05.2025 19:08:53][serveritem][give] BraisFOUR obtained 1 of секирахаоса (§4§lСекира Хаоса)
[17.05.2025 19:12:37][serveritem][give] AAAAndre0 obtained 1 of секирахаоса (§4§lСекира Хаоса)
[17.05.2025 19:13:30][serveritem][give] vaR1antBBB obtained 1 of golovas1 (§e§lГолова Сема-Тарли)
[17.05.2025 19:15:48][serveritem][give] Privvvvvwewet obtained 1 of golovas4 (§5§lГолова Гарри-Поттера)
[17.05.2025 19:19:50][serveritem][give] wq4567 obtained 1 of шарздоровья3 (§d§lШар Здоровья 3)
[17.05.2025 19:19:59][serveritem][give] zfhjgjh obtained 1 of шарздоровья3 (§d§lШар Здоровья 3)
[17.05.2025 19:20:07][serveritem][give] 11ionet obtained 1 of шарздоровья3 (§d§lШар Здоровья 3)
[17.05.2025 19:20:28][serveritem][give] vaseliska obtained 1 of секирахаоса (§4§lСекира Хаоса)
[17.05.2025 19:26:19][serveritem][give] elpanadragonw63 obtained 1 of шарскорки1 (§3§lШар Скорости 1)
[17.05.2025 19:37:39][serveritem][give] Danq175 obtained 1 of golovas1 (§e§lГолова Сема-Тарли)
[17.05.2025 19:39:49][serveritem][give] veneciya111 obtained 1 of шарздоровья3 (§d§lШар Здоровья 3)
[17.05.2025 19:44:05][serveritem][give] saportzalypi obtained 1 of golovas1 (§e§lГолова Сема-Тарли)
[17.05.2025 20:00:44][serveritem][give] Ananasik228 obtained 1 of шаротбр2 (§9§lШар Отбрасывания 2)
[17.05.2025 20:09:04][serveritem][give] m1d7i7 obtained 1 of golovas4 (§5§lГолова Гарри-Поттера)
[17.05.2025 20:17:07][serveritem][give] G0vnomes obtained 1 of шарздоровья3 (§d§lШар Здоровья 3)
[17.05.2025 20:17:38][serveritem][give] lor_maema0 obtained 1 of секирахаоса (§4§lСекира Хаоса)
[17.05.2025 21:15:42][serveritem][give] TworikDem obtained 1 of шарздоровья1 (§d§lШар Здоровья 1)
[17.05.2025 22:32:04][serveritem][give] AAAAndre0 obtained 1 of шаршипа2 (§2§lШар Шипов 2)
