[30.05.2025 01:40:44][serveritem][give] NonameSari obtained 1 of golovas3 (§6§l§nГэндальф)
[30.05.2025 02:08:58][serveritem][give] portosambari obtained 1 of golovas4 (§5§lГолова Гарри-Поттера)
[30.05.2025 02:08:59][serveritem][give] portosambari obtained 1 of golovas3 (§6§l§nГэндальф)
[30.05.2025 02:59:35][serveritem][give] BLOOMz obtained 1 of golovas4 (§5§lГолова Гарри-Поттера)
[30.05.2025 03:02:31][serveritem][give] Timilk obtained 1 of шарздоровья3 (§d§lШар Здоровья 3)
[30.05.2025 03:27:47][serveritem][give] JBLOOD_RevengE obtained 1 of golovas4 (§5§lГолова Гарри-Поттера)
[30.05.2025 04:11:55][serveritem][give] portosambari obtained 1 of шарскорки2 (§3§lШар Скорости 2)
[30.05.2025 04:23:40][serveritem][give] klevikxleb obtained 1 of шарскорки2 (§3§lШар Скорости 2)
[30.05.2025 04:42:51][serveritem][give] klevikxleb obtained 1 of golovas4 (§5§lГолова Гарри-Поттера)
[30.05.2025 04:42:51][serveritem][give] klevikxleb obtained 1 of golovas4 (§5§lГолова Гарри-Поттера)
[30.05.2025 05:17:53][serveritem][give] njfhxjd obtained 1 of шарскорки1 (§3§lШар Скорости 1)
[30.05.2025 05:18:47][serveritem][give] tt_superr1sen obtained 1 of golovas4 (§5§lГолова Гарри-Поттера)
[30.05.2025 05:18:48][serveritem][give] tt_superr1sen obtained 1 of golovas1 (§e§lГолова Сема-Тарли)
[30.05.2025 05:32:22][serveritem][give] flirt_Dan4 obtained 1 of секирахаоса (§4§lСекира Хаоса)
[30.05.2025 05:32:31][serveritem][give] flirt_Dan4 obtained 1 of golovas4 (§5§lГолова Гарри-Поттера)
[30.05.2025 05:41:29][serveritem][give] gsdssdfdwesfd obtained 1 of шарздоровья3 (§d§lШар Здоровья 3)
[30.05.2025 05:41:43][serveritem][give] gsdssdfdwesfd obtained 1 of шарскорки2 (§3§lШар Скорости 2)
[30.05.2025 05:47:05][serveritem][give] Timilk obtained 1 of шарздоровья3 (§d§lШар Здоровья 3)
[30.05.2025 05:57:33][serveritem][give] Vlad_Melnyk obtained 1 of шарскорки1 (§3§lШар Скорости 1)
[30.05.2025 06:03:36][serveritem][give] Timilk obtained 1 of шаршипа1 (§2§lШар Шипов 1)
[30.05.2025 06:19:10][serveritem][give] minimasha obtained 1 of шарскорки2 (§3§lШар Скорости 2)
[30.05.2025 06:30:28][serveritem][give] martsibir obtained 1 of golovas4 (§5§lГолова Гарри-Поттера)
[30.05.2025 06:30:29][serveritem][give] martsibir obtained 1 of golovas2 (§b§lГолова Цири)
[30.05.2025 07:25:34][serveritem][give] Nitr0x obtained 1 of golovas1 (§e§lГолова Сема-Тарли)
[30.05.2025 07:32:00][serveritem][give] Buy_you obtained 1 of шарскорки2 (§3§lШар Скорости 2)
[30.05.2025 07:35:30][serveritem][give] t0biGGOch969 obtained 1 of шарскорки2 (§3§lШар Скорости 2)
[30.05.2025 07:35:32][serveritem][give] t0biGGOch969 obtained 1 of golovas1 (§e§lГолова Сема-Тарли)
[30.05.2025 07:36:58][serveritem][give] kikrek obtained 1 of секирахаоса (§4§lСекира Хаоса)
[30.05.2025 08:12:16][serveritem][give] Alesfeizzz obtained 1 of шарздоровья3 (§d§lШар Здоровья 3)
[30.05.2025 08:14:27][serveritem][give] GLobi_warms4 obtained 1 of golovas1 (§e§lГолова Сема-Тарли)
[30.05.2025 08:15:46][serveritem][give] GLobi_warms4 obtained 1 of шарздоровья3 (§d§lШар Здоровья 3)
[30.05.2025 08:15:49][serveritem][give] GLobi_warms4 obtained 1 of шаршипа2 (§2§lШар Шипов 2)
[30.05.2025 08:22:25][serveritem][give] kuallaUA obtained 1 of секирахаоса (§4§lСекира Хаоса)
[30.05.2025 08:30:37][serveritem][give] ramshan2011 obtained 1 of golovas4 (§5§lГолова Гарри-Поттера)
[30.05.2025 08:40:43][serveritem][give] booqwe12 obtained 1 of шарздоровья1 (§d§lШар Здоровья 1)
[30.05.2025 08:41:11][serveritem][give] DADAKOKO obtained 1 of секирахаоса (§4§lСекира Хаоса)
[30.05.2025 08:44:51][serveritem][give] njfhxjd obtained 1 of шарскорки1 (§3§lШар Скорости 1)
[30.05.2025 08:53:16][serveritem][give] ban1 obtained 1 of golovas4 (§5§lГолова Гарри-Поттера)
[30.05.2025 08:54:22][serveritem][give] ban1 obtained 1 of golovas3 (§6§l§nГэндальф)
[30.05.2025 08:54:23][serveritem][give] ban1 obtained 1 of golovas2 (§b§lГолова Цири)
[30.05.2025 08:57:24][serveritem][give] ban1 obtained 1 of golovas4 (§5§lГолова Гарри-Поттера)
[30.05.2025 08:57:24][serveritem][give] ban1 obtained 1 of golovas4 (§5§lГолова Гарри-Поттера)
[30.05.2025 09:00:27][serveritem][give] Yandexcom obtained 1 of шарздоровья3 (§d§lШар Здоровья 3)
[30.05.2025 09:00:33][serveritem][give] ponkino_kiti obtained 1 of golovas4 (§5§lГолова Гарри-Поттера)
[30.05.2025 09:00:49][serveritem][give] Yandexcom obtained 1 of шаршипа2 (§2§lШар Шипов 2)
[30.05.2025 09:04:33][serveritem][give] SpedSilver622 obtained 1 of шарздоровья3 (§d§lШар Здоровья 3)
[30.05.2025 09:07:12][serveritem][give] bobr_12345 obtained 1 of шарздоровья3 (§d§lШар Здоровья 3)
[30.05.2025 09:07:49][serveritem][give] bobr_12345 obtained 1 of шарздоровья3 (§d§lШар Здоровья 3)
[30.05.2025 09:09:30][serveritem][give] ponkino_kiti obtained 1 of golovas4 (§5§lГолова Гарри-Поттера)
[30.05.2025 09:12:52][serveritem][give] anton272555 obtained 1 of golovas1 (§e§lГолова Сема-Тарли)
[30.05.2025 09:16:42][serveritem][give] almaziiik_11 obtained 1 of golovas1 (§e§lГолова Сема-Тарли)
[30.05.2025 09:16:42][serveritem][give] almaziiik_11 obtained 1 of golovas2 (§b§lГолова Цири)
[30.05.2025 09:16:44][serveritem][give] almaziiik_11 obtained 1 of golovas3 (§6§l§nГэндальф)
[30.05.2025 09:16:46][serveritem][give] almaziiik_11 obtained 1 of секирахаоса (§4§lСекира Хаоса)
[30.05.2025 09:25:55][serveritem][give] eyidufog obtained 1 of шарздоровья2 (§d§lШар Здоровья 2)
[30.05.2025 09:38:36][serveritem][give] minimasha obtained 1 of шарскорки2 (§3§lШар Скорости 2)
[30.05.2025 09:40:44][serveritem][give] Platon_boxpvp43 obtained 1 of golovas1 (§e§lГолова Сема-Тарли)
[30.05.2025 09:54:33][serveritem][give] Creeper7671 obtained 1 of golovas4 (§5§lГолова Гарри-Поттера)
[30.05.2025 09:54:59][serveritem][give] Creeper7671 obtained 1 of секирахаоса (§4§lСекира Хаоса)
[30.05.2025 09:56:26][serveritem][give] siskin_22852 obtained 1 of golovas4 (§5§lГолова Гарри-Поттера)
[30.05.2025 09:56:43][serveritem][give] bobr_12345 obtained 1 of шарздоровья3 (§d§lШар Здоровья 3)
[30.05.2025 10:03:10][serveritem][give] ban123 obtained 1 of шарздоровья3 (§d§lШар Здоровья 3)
[30.05.2025 10:03:10][serveritem][give] ban123 obtained 1 of шарскорки2 (§3§lШар Скорости 2)
[30.05.2025 10:03:12][serveritem][give] ban123 obtained 1 of шаротбр2 (§9§lШар Отбрасывания 2)
[30.05.2025 10:03:12][serveritem][give] ban123 obtained 1 of шаршипа2 (§2§lШар Шипов 2)
[30.05.2025 10:06:22][serveritem][give] sejsertyoi obtained 1 of golovas4 (§5§lГолова Гарри-Поттера)
[30.05.2025 10:13:21][serveritem][give] Sasha5606 obtained 1 of секирахаоса (§4§lСекира Хаоса)
[30.05.2025 10:18:48][serveritem][give] Alexi21 obtained 1 of golovas4 (§5§lГолова Гарри-Поттера)
[30.05.2025 10:19:05][serveritem][give] lokasokialop545 obtained 1 of golovas2 (§b§lГолова Цири)
[30.05.2025 10:19:50][serveritem][give] ewtet obtained 1 of секирахаоса (§4§lСекира Хаоса)
[30.05.2025 10:20:31][serveritem][give] lelikk obtained 1 of шарздоровья3 (§d§lШар Здоровья 3)
[30.05.2025 10:22:03][serveritem][give] ewtet obtained 1 of golovas4 (§5§lГолова Гарри-Поттера)
[30.05.2025 10:23:42][serveritem][give] shapa obtained 1 of шарздоровья3 (§d§lШар Здоровья 3)
[30.05.2025 10:23:51][serveritem][give] Andreyhaccer2013 obtained 1 of golovas1 (§e§lГолова Сема-Тарли)
[30.05.2025 10:24:51][serveritem][give] Andreyhaccer2013 obtained 1 of секирахаоса (§4§lСекира Хаоса)
[30.05.2025 10:24:51][serveritem][give] hinkal09 obtained 1 of golovas1 (§e§lГолова Сема-Тарли)
[30.05.2025 10:33:31][serveritem][give] Bro9i obtained 1 of golovas4 (§5§lГолова Гарри-Поттера)
[30.05.2025 10:33:49][serveritem][give] flirt_Dan4 obtained 1 of golovas4 (§5§lГолова Гарри-Поттера)
[30.05.2025 10:34:00][serveritem][give] AYlemonb obtained 1 of секирахаоса (§4§lСекира Хаоса)
[30.05.2025 10:34:02][serveritem][give] _StRu4Ok_ obtained 1 of golovas4 (§5§lГолова Гарри-Поттера)
[30.05.2025 10:34:12][serveritem][give] flirt_Dan4 obtained 1 of golovas4 (§5§lГолова Гарри-Поттера)
[30.05.2025 10:35:35][serveritem][give] flirt_Dan4 obtained 1 of golovas4 (§5§lГолова Гарри-Поттера)
[30.05.2025 10:51:31][serveritem][give] laliha55afs obtained 1 of golovas4 (§5§lГолова Гарри-Поттера)
[30.05.2025 10:52:16][serveritem][give] tlayncher1123 obtained 1 of секирахаоса (§4§lСекира Хаоса)
[30.05.2025 10:52:24][serveritem][give] tlayncher1123 obtained 1 of golovas3 (§6§l§nГэндальф)
[30.05.2025 10:55:22][serveritem][give] Den34245 obtained 1 of golovas3 (§6§l§nГэндальф)
[30.05.2025 10:55:55][serveritem][give] lokirv201352gg obtained 1 of golovas3 (§6§l§nГэндальф)
[30.05.2025 10:55:58][serveritem][give] lokirv201352gg obtained 1 of golovas2 (§b§lГолова Цири)
[30.05.2025 10:55:59][serveritem][give] lokirv201352gg obtained 1 of golovas4 (§5§lГолова Гарри-Поттера)
[30.05.2025 10:55:59][serveritem][give] lokirv201352gg obtained 1 of golovas1 (§e§lГолова Сема-Тарли)
[30.05.2025 10:56:07][serveritem][give] lokirv201352gg obtained 1 of секирахаоса (§4§lСекира Хаоса)
[30.05.2025 10:57:12][serveritem][give] lokirv201352gg obtained 1 of golovas4 (§5§lГолова Гарри-Поттера)
[30.05.2025 10:57:20][serveritem][give] lokirv201352gg obtained 1 of golovas2 (§b§lГолова Цири)
[30.05.2025 10:58:43][serveritem][give] lokirv201352gg obtained 1 of golovas4 (§5§lГолова Гарри-Поттера)
[30.05.2025 11:03:40][serveritem][give] yalegendaiii obtained 1 of шарздоровья3 (§d§lШар Здоровья 3)
[30.05.2025 11:06:52][serveritem][give] Galidex obtained 1 of шаршипа2 (§2§lШар Шипов 2)
[30.05.2025 11:08:16][serveritem][give] putapat345 obtained 1 of секирахаоса (§4§lСекира Хаоса)
[30.05.2025 11:08:39][serveritem][give] putapat345 obtained 1 of golovas3 (§6§l§nГэндальф)
[30.05.2025 11:09:02][serveritem][give] Sasha5606 obtained 1 of golovas1 (§e§lГолова Сема-Тарли)
[30.05.2025 11:09:53][serveritem][give] egorys228haha obtained 1 of golovas4 (§5§lГолова Гарри-Поттера)
[30.05.2025 11:16:19][serveritem][give] SkaiFoM obtained 1 of шарздоровья2 (§d§lШар Здоровья 2)
[30.05.2025 11:20:30][serveritem][give] _vpatoke_ezzz obtained 1 of шарскорки2 (§3§lШар Скорости 2)
[30.05.2025 11:21:05][serveritem][give] Xleb986 obtained 1 of шарздоровья3 (§d§lШар Здоровья 3)
[30.05.2025 11:22:42][serveritem][give] Creeper7671 obtained 1 of golovas1 (§e§lГолова Сема-Тарли)
[30.05.2025 11:30:59][serveritem][give] super_globus obtained 1 of шаршипа2 (§2§lШар Шипов 2)
[30.05.2025 11:31:00][serveritem][give] super_globus obtained 1 of шарскорки2 (§3§lШар Скорости 2)
[30.05.2025 11:35:01][serveritem][give] super_globus obtained 1 of секирахаоса (§4§lСекира Хаоса)
[30.05.2025 11:35:01][serveritem][give] super_globus obtained 1 of секирахаоса (§4§lСекира Хаоса)
[30.05.2025 11:48:24][serveritem][give] kirill24032017 obtained 1 of golovas4 (§5§lГолова Гарри-Поттера)
[30.05.2025 11:48:33][serveritem][give] chickaveronika obtained 1 of golovas4 (§5§lГолова Гарри-Поттера)
[30.05.2025 11:49:45][serveritem][give] Den37K obtained 1 of golovas3 (§6§l§nГэндальф)
[30.05.2025 11:53:35][serveritem][give] downgovniuc obtained 1 of секирахаоса (§4§lСекира Хаоса)
[30.05.2025 12:05:51][serveritem][give] m1d7i7 obtained 1 of golovas4 (§5§lГолова Гарри-Поттера)
[30.05.2025 12:13:59][serveritem][give] hinkal09 obtained 1 of golovas1 (§e§lГолова Сема-Тарли)
[30.05.2025 12:14:16][serveritem][give] chimin5203 obtained 1 of шарздоровья3 (§d§lШар Здоровья 3)
[30.05.2025 12:14:41][serveritem][give] TAGIR220 obtained 1 of секирахаоса (§4§lСекира Хаоса)
[30.05.2025 12:20:09][serveritem][give] Pvp_sysla obtained 1 of golovas1 (§e§lГолова Сема-Тарли)
[30.05.2025 12:20:15][serveritem][give] Pvp_sysla obtained 1 of golovas1 (§e§lГолова Сема-Тарли)
[30.05.2025 12:24:53][serveritem][give] gsdssdfdwesfd obtained 1 of шарздоровья3 (§d§lШар Здоровья 3)
[30.05.2025 12:24:53][serveritem][give] gsdssdfdwesfd obtained 1 of шарздоровья3 (§d§lШар Здоровья 3)
[30.05.2025 12:25:01][serveritem][give] gsdssdfdwesfd obtained 1 of шарздоровья3 (§d§lШар Здоровья 3)
[30.05.2025 12:28:40][serveritem][give] KeptGnat9284830 obtained 1 of golovas1 (§e§lГолова Сема-Тарли)
[30.05.2025 12:37:02][serveritem][give] DenisPro8767 obtained 1 of шарздоровья3 (§d§lШар Здоровья 3)
[30.05.2025 12:43:25][serveritem][give] 2321213 obtained 1 of шарскорки2 (§3§lШар Скорости 2)
[30.05.2025 12:43:30][serveritem][give] DenisPro8767 obtained 1 of шарскорки2 (§3§lШар Скорости 2)
[30.05.2025 12:43:31][serveritem][give] DenisPro8767 obtained 1 of шарскорки2 (§3§lШар Скорости 2)
[30.05.2025 12:44:19][serveritem][give] lghjhghjbf obtained 1 of шарздоровья3 (§d§lШар Здоровья 3)
[30.05.2025 12:44:23][serveritem][give] lghjhghjbf obtained 1 of шарскорки2 (§3§lШар Скорости 2)
[30.05.2025 12:45:38][serveritem][give] Den37K obtained 1 of секирахаоса (§4§lСекира Хаоса)
[30.05.2025 12:45:40][serveritem][give] Den37K obtained 1 of golovas1 (§e§lГолова Сема-Тарли)
[30.05.2025 12:45:40][serveritem][give] Den37K obtained 1 of golovas2 (§b§lГолова Цири)
[30.05.2025 12:45:41][serveritem][give] Den37K obtained 1 of golovas4 (§5§lГолова Гарри-Поттера)
[30.05.2025 12:45:59][serveritem][give] Den37K obtained 1 of шарскорки2 (§3§lШар Скорости 2)
[30.05.2025 12:46:01][serveritem][give] Den37K obtained 1 of шарздоровья3 (§d§lШар Здоровья 3)
[30.05.2025 12:46:05][serveritem][give] Den37K obtained 1 of шаротбр2 (§9§lШар Отбрасывания 2)
[30.05.2025 12:57:28][serveritem][give] DenisPro8767 obtained 1 of golovas4 (§5§lГолова Гарри-Поттера)
[30.05.2025 13:00:53][serveritem][give] garamarambaram obtained 1 of секирахаоса (§4§lСекира Хаоса)
[30.05.2025 13:01:53][serveritem][give] Globi_warms obtained 1 of golovas1 (§e§lГолова Сема-Тарли)
[30.05.2025 13:27:35][serveritem][give] FRFIT_ obtained 1 of шарздоровья3 (§d§lШар Здоровья 3)
[30.05.2025 13:27:36][serveritem][give] FRFIT_ obtained 1 of шарскорки2 (§3§lШар Скорости 2)
[30.05.2025 13:28:31][serveritem][give] minecrafter20293 obtained 1 of секирахаоса (§4§lСекира Хаоса)
[30.05.2025 13:31:54][serveritem][give] minecrafter20293 obtained 1 of шарздоровья3 (§d§lШар Здоровья 3)
[30.05.2025 13:35:42][serveritem][give] bomboGalaR14 obtained 1 of шарздоровья2 (§d§lШар Здоровья 2)
[30.05.2025 13:40:57][serveritem][give] Akiphill8 obtained 1 of golovas4 (§5§lГолова Гарри-Поттера)
[30.05.2025 13:41:26][serveritem][give] STUL2025 obtained 1 of шарздоровья3 (§d§lШар Здоровья 3)
[30.05.2025 13:51:50][serveritem][give] Akiphill8 obtained 1 of golovas4 (§5§lГолова Гарри-Поттера)
[30.05.2025 13:53:46][serveritem][give] Dr_DefNo00 obtained 1 of шарздоровья2 (§d§lШар Здоровья 2)
[30.05.2025 13:54:44][serveritem][give] Dr_DefNo00 obtained 1 of шаршипа1 (§2§lШар Шипов 1)
[30.05.2025 13:58:26][serveritem][give] super_globus obtained 1 of golovas2 (§b§lГолова Цири)
[30.05.2025 14:09:21][serveritem][give] babibzhon777 obtained 1 of golovas4 (§5§lГолова Гарри-Поттера)
[30.05.2025 14:11:09][serveritem][give] UsinYter obtained 1 of golovas1 (§e§lГолова Сема-Тарли)
[30.05.2025 14:15:41][serveritem][give] miabSoap93 obtained 1 of golovas4 (§5§lГолова Гарри-Поттера)
[30.05.2025 14:15:51][serveritem][give] DenisPro8767 obtained 1 of шарздоровья3 (§d§lШар Здоровья 3)
[30.05.2025 14:21:16][serveritem][give] ZxcFyBoLeV obtained 1 of шарздоровья3 (§d§lШар Здоровья 3)
[30.05.2025 14:28:35][serveritem][give] eezbaf obtained 1 of секирахаоса (§4§lСекира Хаоса)
[30.05.2025 14:30:16][serveritem][give] lion_king123456 obtained 1 of шарздоровья3 (§d§lШар Здоровья 3)
[30.05.2025 14:39:14][serveritem][give] 22sasha2288212 obtained 1 of golovas3 (§6§l§nГэндальф)
[30.05.2025 14:45:45][serveritem][give] MynixFamq obtained 1 of golovas4 (§5§lГолова Гарри-Поттера)
[30.05.2025 14:53:49][serveritem][give] Rillikbam obtained 1 of golovas4 (§5§lГолова Гарри-Поттера)
[30.05.2025 14:59:14][serveritem][give] MynixFamq obtained 1 of golovas4 (§5§lГолова Гарри-Поттера)
[30.05.2025 15:08:42][serveritem][give] Sasha5606 obtained 1 of golovas1 (§e§lГолова Сема-Тарли)
[30.05.2025 15:09:31][serveritem][give] 22sasha2288212 obtained 1 of golovas1 (§e§lГолова Сема-Тарли)
[30.05.2025 15:09:31][serveritem][give] 22sasha2288212 obtained 1 of golovas2 (§b§lГолова Цири)
[30.05.2025 15:09:32][serveritem][give] 22sasha2288212 obtained 1 of golovas3 (§6§l§nГэндальф)
[30.05.2025 15:09:33][serveritem][give] 22sasha2288212 obtained 1 of golovas4 (§5§lГолова Гарри-Поттера)
[30.05.2025 15:09:33][serveritem][give] 22sasha2288212 obtained 1 of секирахаоса (§4§lСекира Хаоса)
[30.05.2025 15:10:01][serveritem][give] Amogystopchel obtained 1 of golovas4 (§5§lГолова Гарри-Поттера)
[30.05.2025 15:17:09][serveritem][give] Rillikbam obtained 1 of golovas4 (§5§lГолова Гарри-Поттера)
[30.05.2025 15:19:04][serveritem][give] Alexi21 obtained 1 of golovas4 (§5§lГолова Гарри-Поттера)
[30.05.2025 15:23:21][serveritem][give] This_Kaspersky obtained 1 of golovas4 (§5§lГолова Гарри-Поттера)
[30.05.2025 15:29:14][serveritem][give] kolia22898 obtained 1 of секирахаоса (§4§lСекира Хаоса)
[30.05.2025 15:29:25][serveritem][give] kolia22898 obtained 1 of golovas3 (§6§l§nГэндальф)
[30.05.2025 15:34:27][serveritem][give] mamytrahal203 obtained 1 of секирахаоса (§4§lСекира Хаоса)
[30.05.2025 15:34:51][serveritem][give] mamytrahal203 obtained 1 of golovas4 (§5§lГолова Гарри-Поттера)
[30.05.2025 15:36:03][serveritem][give] _Bikysa obtained 1 of шарскорки2 (§3§lШар Скорости 2)
[30.05.2025 15:36:03][serveritem][give] _Bikysa obtained 1 of шарздоровья2 (§d§lШар Здоровья 2)
[30.05.2025 15:36:05][serveritem][give] _Bikysa obtained 1 of шарздоровья3 (§d§lШар Здоровья 3)
[30.05.2025 15:36:06][serveritem][give] _Bikysa obtained 1 of шаршипа2 (§2§lШар Шипов 2)
[30.05.2025 15:36:06][serveritem][give] _Bikysa obtained 1 of шаротбр2 (§9§lШар Отбрасывания 2)
[30.05.2025 15:36:40][serveritem][give] ramshan2011 obtained 1 of golovas4 (§5§lГолова Гарри-Поттера)
[30.05.2025 15:38:05][serveritem][give] _Bikysa obtained 1 of шарскорки2 (§3§lШар Скорости 2)
[30.05.2025 15:38:05][serveritem][give] _Bikysa obtained 1 of шарздоровья3 (§d§lШар Здоровья 3)
[30.05.2025 15:38:07][serveritem][give] _Bikysa obtained 1 of шаршипа2 (§2§lШар Шипов 2)
[30.05.2025 15:38:08][serveritem][give] _Bikysa obtained 1 of шаротбр2 (§9§lШар Отбрасывания 2)
[30.05.2025 15:42:44][serveritem][give] GeGe_pRoShKa obtained 1 of шарскорки2 (§3§lШар Скорости 2)
[30.05.2025 15:48:17][serveritem][give] Sohido1 obtained 1 of секирахаоса (§4§lСекира Хаоса)
[30.05.2025 15:50:02][serveritem][give] zloi_zloi obtained 1 of секирахаоса (§4§lСекира Хаоса)
[30.05.2025 15:51:01][serveritem][give] mamytrahal203 obtained 1 of шарздоровья3 (§d§lШар Здоровья 3)
[30.05.2025 15:51:02][serveritem][give] mamytrahal203 obtained 1 of шарздоровья3 (§d§lШар Здоровья 3)
[30.05.2025 15:51:02][serveritem][give] mamytrahal203 obtained 1 of шарздоровья3 (§d§lШар Здоровья 3)
[30.05.2025 15:51:02][serveritem][give] mamytrahal203 obtained 1 of шарздоровья3 (§d§lШар Здоровья 3)
[30.05.2025 15:51:03][serveritem][give] mamytrahal203 obtained 1 of шарздоровья3 (§d§lШар Здоровья 3)
[30.05.2025 15:51:05][serveritem][give] mamytrahal203 obtained 1 of шарздоровья3 (§d§lШар Здоровья 3)
[30.05.2025 15:51:05][serveritem][give] mamytrahal203 obtained 1 of шарздоровья3 (§d§lШар Здоровья 3)
[30.05.2025 15:51:06][serveritem][give] mamytrahal203 obtained 1 of шарздоровья3 (§d§lШар Здоровья 3)
[30.05.2025 15:51:07][serveritem][give] mamytrahal203 obtained 1 of шарздоровья3 (§d§lШар Здоровья 3)
[30.05.2025 15:58:54][serveritem][give] Sohido2 obtained 1 of golovas4 (§5§lГолова Гарри-Поттера)
[30.05.2025 16:00:04][serveritem][give] andriaylea obtained 1 of golovas4 (§5§lГолова Гарри-Поттера)
[30.05.2025 16:02:49][serveritem][give] froz4n obtained 1 of шарздоровья2 (§d§lШар Здоровья 2)
[30.05.2025 16:14:02][serveritem][give] jisnvaram obtained 1 of секирахаоса (§4§lСекира Хаоса)
[30.05.2025 16:17:51][serveritem][give] _yatirka123_ obtained 1 of golovas4 (§5§lГолова Гарри-Поттера)
[30.05.2025 16:18:19][serveritem][give] _yatirka123_ obtained 1 of секирахаоса (§4§lСекира Хаоса)
[30.05.2025 16:19:17][serveritem][give] _yatirka123_ obtained 1 of секирахаоса (§4§lСекира Хаоса)
[30.05.2025 16:19:27][serveritem][give] _yatirka123_ obtained 1 of golovas4 (§5§lГолова Гарри-Поттера)
[30.05.2025 16:20:35][serveritem][give] 123123123RTNTf obtained 1 of секирахаоса (§4§lСекира Хаоса)
[30.05.2025 16:23:28][serveritem][give] Leka7444 obtained 1 of секирахаоса (§4§lСекира Хаоса)
[30.05.2025 16:30:12][serveritem][give] portososka obtained 1 of golovas1 (§e§lГолова Сема-Тарли)
[30.05.2025 16:36:25][serveritem][give] kipis146 obtained 1 of golovas1 (§e§lГолова Сема-Тарли)
[30.05.2025 16:36:26][serveritem][give] kipis146 obtained 1 of секирахаоса (§4§lСекира Хаоса)
[30.05.2025 16:39:27][serveritem][give] whvhw obtained 1 of секирахаоса (§4§lСекира Хаоса)
[30.05.2025 16:51:40][serveritem][give] Rillllawel obtained 1 of golovas4 (§5§lГолова Гарри-Поттера)
[30.05.2025 16:51:41][serveritem][give] Rillllawel obtained 1 of golovas4 (§5§lГолова Гарри-Поттера)
[30.05.2025 16:51:41][serveritem][give] Rillllawel obtained 1 of golovas4 (§5§lГолова Гарри-Поттера)
[30.05.2025 16:51:41][serveritem][give] Rillllawel obtained 1 of golovas4 (§5§lГолова Гарри-Поттера)
[30.05.2025 16:51:42][serveritem][give] Rillllawel obtained 1 of golovas4 (§5§lГолова Гарри-Поттера)
[30.05.2025 16:54:38][serveritem][give] KLauncher_ifijbk obtained 1 of шарздоровья2 (§d§lШар Здоровья 2)
[30.05.2025 17:10:02][serveritem][give] This_Kaspersky obtained 1 of golovas2 (§b§lГолова Цири)
[30.05.2025 17:10:06][serveritem][give] This_Kaspersky obtained 1 of golovas4 (§5§lГолова Гарри-Поттера)
[30.05.2025 17:10:11][serveritem][give] popa4ka313313 obtained 1 of шарскорки2 (§3§lШар Скорости 2)
[30.05.2025 17:13:16][serveritem][give] hamburger294329 obtained 1 of секирахаоса (§4§lСекира Хаоса)
[30.05.2025 17:13:19][serveritem][give] hamburger294329 obtained 1 of golovas4 (§5§lГолова Гарри-Поттера)
[30.05.2025 17:16:00][serveritem][give] STUL2025 obtained 1 of шарздоровья3 (§d§lШар Здоровья 3)
[30.05.2025 17:25:36][serveritem][give] Andreyhaccer2013 obtained 1 of шарздоровья3 (§d§lШар Здоровья 3)
[30.05.2025 17:25:38][serveritem][give] Andreyhaccer2013 obtained 1 of шарздоровья3 (§d§lШар Здоровья 3)
[30.05.2025 17:43:11][serveritem][give] disalizqe obtained 1 of golovas4 (§5§lГолова Гарри-Поттера)
[30.05.2025 17:57:17][serveritem][give] LG_STRAXX_ZLOY obtained 1 of golovas4 (§5§lГолова Гарри-Поттера)
[30.05.2025 17:59:53][serveritem][give] nynesavva obtained 1 of golovas1 (§e§lГолова Сема-Тарли)
[30.05.2025 18:02:09][serveritem][give] DanyN23 obtained 1 of шарздоровья2 (§d§lШар Здоровья 2)
[30.05.2025 18:06:24][serveritem][give] I_love_cpat obtained 1 of шарскорки2 (§3§lШар Скорости 2)
[30.05.2025 18:09:49][serveritem][give] hgtedryu obtained 1 of шарздоровья2 (§d§lШар Здоровья 2)
[30.05.2025 18:15:20][serveritem][give] ne_randomer obtained 1 of секирахаоса (§4§lСекира Хаоса)
[30.05.2025 18:18:02][serveritem][give] I_Am_Best obtained 1 of секирахаоса (§4§lСекира Хаоса)
[30.05.2025 18:20:11][serveritem][give] uglyazotix obtained 1 of секирахаоса (§4§lСекира Хаоса)
[30.05.2025 18:20:17][serveritem][give] uglyazotix obtained 1 of golovas4 (§5§lГолова Гарри-Поттера)
[30.05.2025 18:35:54][serveritem][give] loveviku obtained 1 of golovas3 (§6§l§nГэндальф)
[30.05.2025 18:36:38][serveritem][give] tttt5566y obtained 1 of шарскорки2 (§3§lШар Скорости 2)
[30.05.2025 18:38:23][serveritem][give] loveviku obtained 1 of секирахаоса (§4§lСекира Хаоса)
[30.05.2025 18:42:03][serveritem][give] luffyiimalittl54 obtained 1 of шарскорки1 (§3§lШар Скорости 1)
[30.05.2025 18:45:07][serveritem][give] johnissama46 obtained 1 of golovas1 (§e§lГолова Сема-Тарли)
[30.05.2025 18:55:07][serveritem][give] PussyYourMom obtained 1 of golovas1 (§e§lГолова Сема-Тарли)
[30.05.2025 18:55:56][serveritem][give] byterbrodaaaa obtained 1 of golovas4 (§5§lГолова Гарри-Поттера)
[30.05.2025 18:55:57][serveritem][give] byterbrodaaaa obtained 1 of golovas4 (§5§lГолова Гарри-Поттера)
[30.05.2025 18:55:58][serveritem][give] byterbrodaaaa obtained 1 of golovas4 (§5§lГолова Гарри-Поттера)
[30.05.2025 18:56:14][serveritem][give] zdfxdf obtained 1 of секирахаоса (§4§lСекира Хаоса)
[30.05.2025 18:56:19][serveritem][give] zdfxdf obtained 1 of golovas4 (§5§lГолова Гарри-Поттера)
[30.05.2025 18:56:48][serveritem][give] bu_1434 obtained 1 of golovas4 (§5§lГолова Гарри-Поттера)
[30.05.2025 18:56:54][serveritem][give] njfhxjd obtained 1 of шарскорки2 (§3§lШар Скорости 2)
[30.05.2025 18:59:04][serveritem][give] njfhxjd obtained 1 of golovas4 (§5§lГолова Гарри-Поттера)
[30.05.2025 18:59:41][serveritem][give] Sasha5606 obtained 1 of golovas4 (§5§lГолова Гарри-Поттера)
[30.05.2025 19:08:32][serveritem][give] anarhia_top456 obtained 1 of golovas1 (§e§lГолова Сема-Тарли)
[30.05.2025 19:11:15][serveritem][give] KLauncher_ifijbk obtained 1 of шарздоровья3 (§d§lШар Здоровья 3)
[30.05.2025 19:11:19][serveritem][give] KLauncher_ifijbk obtained 1 of шаршипа2 (§2§lШар Шипов 2)
[30.05.2025 19:11:25][serveritem][give] KLauncher_ifijbk obtained 1 of шаротбр2 (§9§lШар Отбрасывания 2)
[30.05.2025 19:13:20][serveritem][give] _StRu4Ok_ obtained 1 of секирахаоса (§4§lСекира Хаоса)
[30.05.2025 19:15:36][serveritem][give] pollYunlu98 obtained 1 of шарздоровья3 (§d§lШар Здоровья 3)
[30.05.2025 19:15:36][serveritem][give] pollYunlu98 obtained 1 of шарздоровья3 (§d§lШар Здоровья 3)
[30.05.2025 19:15:36][serveritem][give] pollYunlu98 obtained 1 of шарздоровья3 (§d§lШар Здоровья 3)
[30.05.2025 19:15:36][serveritem][give] pollYunlu98 obtained 1 of шарздоровья3 (§d§lШар Здоровья 3)
[30.05.2025 19:15:37][serveritem][give] kirill24032017 obtained 1 of golovas1 (§e§lГолова Сема-Тарли)
[30.05.2025 19:15:47][serveritem][give] pollYunlu98 obtained 1 of шарздоровья1 (§d§lШар Здоровья 1)
[30.05.2025 19:22:10][serveritem][give] Ruben777 obtained 1 of golovas4 (§5§lГолова Гарри-Поттера)
[30.05.2025 19:32:52][serveritem][give] YouZeKiller obtained 1 of golovas3 (§6§l§nГэндальф)
[30.05.2025 19:32:53][serveritem][give] YouZeKiller obtained 1 of golovas4 (§5§lГолова Гарри-Поттера)
[30.05.2025 19:45:03][serveritem][give] wexiidee obtained 1 of шарздоровья1 (§d§lШар Здоровья 1)
[30.05.2025 19:52:50][serveritem][give] gogapov228 obtained 1 of секирахаоса (§4§lСекира Хаоса)
[30.05.2025 19:53:20][serveritem][give] gogapov228 obtained 1 of golovas3 (§6§l§nГэндальф)
[30.05.2025 19:54:06][serveritem][give] gogapov228 obtained 1 of golovas4 (§5§lГолова Гарри-Поттера)
[30.05.2025 19:54:16][serveritem][give] wexiidee obtained 1 of шарздоровья1 (§d§lШар Здоровья 1)
[30.05.2025 19:58:41][serveritem][give] PussyYourMom obtained 1 of golovas1 (§e§lГолова Сема-Тарли)
[30.05.2025 20:04:41][serveritem][give] YouZeKiller obtained 1 of golovas4 (§5§lГолова Гарри-Поттера)
[30.05.2025 20:09:15][serveritem][give] KLauncher_uwfknt obtained 1 of шарздоровья3 (§d§lШар Здоровья 3)
[30.05.2025 20:27:07][serveritem][give] PussyYourMom obtained 1 of golovas1 (§e§lГолова Сема-Тарли)
[30.05.2025 20:35:00][serveritem][give] Xleb986 obtained 1 of шаршипа2 (§2§lШар Шипов 2)
[30.05.2025 20:36:17][serveritem][give] loveviku obtained 1 of шарздоровья2 (§d§lШар Здоровья 2)
[30.05.2025 21:02:29][serveritem][give] _vpatoke_ezzz obtained 1 of шарскорки2 (§3§lШар Скорости 2)
[30.05.2025 21:17:53][serveritem][give] bu_1434 obtained 1 of секирахаоса (§4§lСекира Хаоса)
[30.05.2025 21:18:39][serveritem][give] bu_1434 obtained 1 of golovas4 (§5§lГолова Гарри-Поттера)
[30.05.2025 21:18:46][serveritem][give] bu_1434 obtained 1 of golovas4 (§5§lГолова Гарри-Поттера)
[30.05.2025 22:10:56][serveritem][give] twink obtained 1 of шарскорки1 (§3§lШар Скорости 1)
[30.05.2025 22:27:20][serveritem][give] twink2 obtained 1 of шарскорки1 (§3§lШар Скорости 1)
[30.05.2025 22:31:10][serveritem][give] Huku_Tocka obtained 1 of golovas1 (§e§lГолова Сема-Тарли)
[30.05.2025 22:39:57][serveritem][give] YouZeKiller obtained 1 of golovas4 (§5§lГолова Гарри-Поттера)
