[21.05.2025 03:19:51][serveritem][give] bogmankafta obtained 1 of golovas4 (§5§lГолова Гарри-Поттера)
[21.05.2025 04:14:49][serveritem][give] Artursigmas2 obtained 1 of шарздоровья2 (§d§lШар Здоровья 2)
[21.05.2025 04:19:21][serveritem][give] bronze5181 obtained 1 of golovas4 (§5§lГолова Гарри-Поттера)
[21.05.2025 04:24:44][serveritem][give] Artudfgfc obtained 1 of секирахаоса (§4§lСекира Хаоса)
[21.05.2025 04:40:29][serveritem][give] nighita obtained 1 of шарздоровья1 (§d§lШар Здоровья 1)
[21.05.2025 04:50:26][serveritem][give] erefrwedf obtained 1 of секирахаоса (§4§lСекира Хаоса)
[21.05.2025 04:50:26][serveritem][give] erefrwedf obtained 1 of секирахаоса (§4§lСекира Хаоса)
[21.05.2025 05:11:36][serveritem][give] Vaghan7399 obtained 1 of шарздоровья3 (§d§lШар Здоровья 3)
[21.05.2025 05:13:15][serveritem][give] absolut02 obtained 1 of секирахаоса (§4§lСекира Хаоса)
[21.05.2025 05:16:25][serveritem][give] Bilol_Uz obtained 1 of секирахаоса (§4§lСекира Хаоса)
[21.05.2025 05:16:34][serveritem][give] Loki689 obtained 1 of шарздоровья3 (§d§lШар Здоровья 3)
[21.05.2025 05:21:59][serveritem][give] Loki689 obtained 1 of шаршипа1 (§2§lШар Шипов 1)
[21.05.2025 05:32:37][serveritem][give] Vaghan7399 obtained 1 of секирахаоса (§4§lСекира Хаоса)
[21.05.2025 05:32:44][serveritem][give] Vaghan7399 obtained 1 of golovas3 (§6§l§nГэндальф)
[21.05.2025 05:34:51][serveritem][give] Dream_89901877 obtained 1 of шарздоровья2 (§d§lШар Здоровья 2)
[21.05.2025 05:41:30][serveritem][give] ttr1tyyyy obtained 1 of шарздоровья3 (§d§lШар Здоровья 3)
[21.05.2025 05:43:45][serveritem][give] Kronos_Kick obtained 1 of golovas4 (§5§lГолова Гарри-Поттера)
[21.05.2025 05:50:01][serveritem][give] fdgsdgfsdf obtained 1 of шарскорки2 (§3§lШар Скорости 2)
[21.05.2025 05:50:01][serveritem][give] fdgsdgfsdf obtained 1 of шарскорки2 (§3§lШар Скорости 2)
[21.05.2025 05:50:02][serveritem][give] fdgsdgfsdf obtained 1 of шарздоровья3 (§d§lШар Здоровья 3)
[21.05.2025 05:50:02][serveritem][give] fdgsdgfsdf obtained 1 of шарздоровья3 (§d§lШар Здоровья 3)
[21.05.2025 05:50:02][serveritem][give] fdgsdgfsdf obtained 1 of шаршипа2 (§2§lШар Шипов 2)
[21.05.2025 05:50:04][serveritem][give] fdgsdgfsdf obtained 1 of шаршипа2 (§2§lШар Шипов 2)
[21.05.2025 05:50:06][serveritem][give] fdgsdgfsdf obtained 1 of шаротбр2 (§9§lШар Отбрасывания 2)
[21.05.2025 05:50:08][serveritem][give] fdgsdgfsdf obtained 1 of шаротбр2 (§9§lШар Отбрасывания 2)
[21.05.2025 05:50:28][serveritem][give] fdgsdgfsdf obtained 1 of секирахаоса (§4§lСекира Хаоса)
[21.05.2025 05:50:31][serveritem][give] fdgsdgfsdf obtained 1 of golovas1 (§e§lГолова Сема-Тарли)
[21.05.2025 05:50:32][serveritem][give] fdgsdgfsdf obtained 1 of golovas3 (§6§l§nГэндальф)
[21.05.2025 05:50:32][serveritem][give] fdgsdgfsdf obtained 1 of golovas2 (§b§lГолова Цири)
[21.05.2025 05:50:33][serveritem][give] fdgsdgfsdf obtained 1 of golovas4 (§5§lГолова Гарри-Поттера)
[21.05.2025 05:58:37][serveritem][give] rule34xxx obtained 1 of golovas3 (§6§l§nГэндальф)
[21.05.2025 05:58:53][serveritem][give] rule34xxx obtained 1 of секирахаоса (§4§lСекира Хаоса)
[21.05.2025 05:58:54][serveritem][give] rule34xxx obtained 1 of golovas2 (§b§lГолова Цири)
[21.05.2025 06:10:04][serveritem][give] Vaghan7399 obtained 1 of секирахаоса (§4§lСекира Хаоса)
[21.05.2025 06:13:57][serveritem][give] Leon4ikkkkkkkk obtained 1 of секирахаоса (§4§lСекира Хаоса)
[21.05.2025 06:14:20][serveritem][give] Leon4ikkkkkkkk obtained 1 of golovas2 (§b§lГолова Цири)
[21.05.2025 06:20:59][serveritem][give] malhson obtained 1 of секирахаоса (§4§lСекира Хаоса)
[21.05.2025 06:26:32][serveritem][give] malhson obtained 1 of секирахаоса (§4§lСекира Хаоса)
[21.05.2025 06:29:26][serveritem][give] rom10 obtained 1 of секирахаоса (§4§lСекира Хаоса)
[21.05.2025 06:30:02][serveritem][give] Danil392903 obtained 1 of секирахаоса (§4§lСекира Хаоса)
[21.05.2025 06:32:33][serveritem][give] Danil392903 obtained 1 of golovas2 (§b§lГолова Цири)
[21.05.2025 06:32:58][serveritem][give] ttr1tyyyy obtained 1 of golovas2 (§b§lГолова Цири)
[21.05.2025 06:33:41][serveritem][give] ttr1tyyyy obtained 1 of golovas3 (§6§l§nГэндальф)
[21.05.2025 06:36:09][serveritem][give] giena1024 obtained 1 of секирахаоса (§4§lСекира Хаоса)
[21.05.2025 06:47:48][serveritem][give] hero_me_bro obtained 1 of секирахаоса (§4§lСекира Хаоса)
[21.05.2025 07:02:01][serveritem][give] 22Astro obtained 1 of секирахаоса (§4§lСекира Хаоса)
[21.05.2025 07:02:01][serveritem][give] 22Astro obtained 1 of секирахаоса (§4§lСекира Хаоса)
[21.05.2025 07:02:02][serveritem][give] 22Astro obtained 1 of секирахаоса (§4§lСекира Хаоса)
[21.05.2025 07:02:10][serveritem][give] fdfdsgfgfdgby obtained 1 of шарздоровья3 (§d§lШар Здоровья 3)
[21.05.2025 07:04:40][serveritem][give] 11Sae obtained 1 of шарздоровья1 (§d§lШар Здоровья 1)
[21.05.2025 07:08:09][serveritem][give] kgkgkg1024 obtained 1 of шарздоровья3 (§d§lШар Здоровья 3)
[21.05.2025 07:08:31][serveritem][give] fgdgdfjgdfnjvbv obtained 1 of golovas3 (§6§l§nГэндальф)
[21.05.2025 07:10:20][serveritem][give] uriwejroejofkd obtained 1 of шарздоровья3 (§d§lШар Здоровья 3)
[21.05.2025 07:11:51][serveritem][give] hero_me_bro obtained 1 of секирахаоса (§4§lСекира Хаоса)
[21.05.2025 07:12:02][serveritem][give] hero_me_bro obtained 1 of golovas2 (§b§lГолова Цири)
[21.05.2025 07:14:21][serveritem][give] ansoftik obtained 1 of шарскорки2 (§3§lШар Скорости 2)
[21.05.2025 07:18:21][serveritem][give] kpmax2014 obtained 1 of golovas1 (§e§lГолова Сема-Тарли)
[21.05.2025 07:18:57][serveritem][give] hero_me_bro obtained 1 of golovas1 (§e§lГолова Сема-Тарли)
[21.05.2025 07:20:58][serveritem][give] ansoft obtained 1 of секирахаоса (§4§lСекира Хаоса)
[21.05.2025 07:20:59][serveritem][give] ansoft obtained 1 of golovas4 (§5§lГолова Гарри-Поттера)
[21.05.2025 07:22:24][serveritem][give] 475toper obtained 1 of шарздоровья2 (§d§lШар Здоровья 2)
[21.05.2025 07:25:24][serveritem][give] Bilol_Uz obtained 1 of секирахаоса (§4§lСекира Хаоса)
[21.05.2025 07:29:54][serveritem][give] Toad_32 obtained 1 of golovas1 (§e§lГолова Сема-Тарли)
[21.05.2025 07:30:15][serveritem][give] TopGamerPrRfi202 obtained 1 of шарздоровья2 (§d§lШар Здоровья 2)
[21.05.2025 07:52:33][serveritem][give] Stich_Blue obtained 1 of golovas1 (§e§lГолова Сема-Тарли)
[21.05.2025 07:52:33][serveritem][give] Stich_Blue obtained 1 of golovas1 (§e§lГолова Сема-Тарли)
[21.05.2025 07:52:33][serveritem][give] Stich_Blue obtained 1 of golovas1 (§e§lГолова Сема-Тарли)
[21.05.2025 07:52:33][serveritem][give] Stich_Blue obtained 1 of golovas1 (§e§lГолова Сема-Тарли)
[21.05.2025 07:52:33][serveritem][give] Stich_Blue obtained 1 of golovas1 (§e§lГолова Сема-Тарли)
[21.05.2025 07:52:33][serveritem][give] Stich_Blue obtained 1 of golovas1 (§e§lГолова Сема-Тарли)
[21.05.2025 07:54:36][serveritem][give] FLauncher_20454 obtained 1 of секирахаоса (§4§lСекира Хаоса)
[21.05.2025 07:57:42][serveritem][give] uoy_tanc obtained 1 of шарздоровья3 (§d§lШар Здоровья 3)
[21.05.2025 07:57:45][serveritem][give] uoy_tanc obtained 1 of шаротбр2 (§9§lШар Отбрасывания 2)
[21.05.2025 07:57:48][serveritem][give] uoy_tanc obtained 1 of шарскорки2 (§3§lШар Скорости 2)
[21.05.2025 07:57:53][serveritem][give] uoy_tanc obtained 1 of golovas4 (§5§lГолова Гарри-Поттера)
[21.05.2025 07:57:53][serveritem][give] uoy_tanc obtained 1 of golovas2 (§b§lГолова Цири)
[21.05.2025 08:01:02][serveritem][give] abac obtained 1 of шарздоровья3 (§d§lШар Здоровья 3)
[21.05.2025 08:11:40][serveritem][give] ivan301312 obtained 1 of шарздоровья3 (§d§lШар Здоровья 3)
[21.05.2025 08:12:11][serveritem][give] abac obtained 1 of шарскорки2 (§3§lШар Скорости 2)
[21.05.2025 08:15:05][serveritem][give] NOMIKLOPIK123 obtained 1 of golovas3 (§6§l§nГэндальф)
[21.05.2025 08:37:31][serveritem][give] ansoftreal obtained 1 of секирахаоса (§4§lСекира Хаоса)
[21.05.2025 08:55:08][serveritem][give] BublikTop obtained 1 of шарскорки2 (§3§lШар Скорости 2)
[21.05.2025 09:00:49][serveritem][give] k0pazik obtained 1 of шарскорки2 (§3§lШар Скорости 2)
[21.05.2025 09:03:29][serveritem][give] k0pazik obtained 1 of шарскорки2 (§3§lШар Скорости 2)
[21.05.2025 09:08:41][serveritem][give] k0pazik obtained 1 of шарскорки2 (§3§lШар Скорости 2)
[21.05.2025 09:10:54][serveritem][give] YTVARVAR obtained 1 of шарздоровья3 (§d§lШар Здоровья 3)
[21.05.2025 09:11:25][serveritem][give] k0pazik obtained 1 of шарскорки2 (§3§lШар Скорости 2)
[21.05.2025 09:18:32][serveritem][give] Egor_LITVIN obtained 1 of шарздоровья3 (§d§lШар Здоровья 3)
[21.05.2025 09:26:37][serveritem][give] ttr1tyyyy obtained 1 of секирахаоса (§4§lСекира Хаоса)
[21.05.2025 09:27:24][serveritem][give] Kudokid15 obtained 1 of golovas1 (§e§lГолова Сема-Тарли)
[21.05.2025 09:27:57][serveritem][give] ttr1tyyyy obtained 1 of golovas3 (§6§l§nГэндальф)
[21.05.2025 09:27:57][serveritem][give] ttr1tyyyy obtained 1 of секирахаоса (§4§lСекира Хаоса)
[21.05.2025 09:33:06][serveritem][give] qwert12345q obtained 1 of golovas3 (§6§l§nГэндальф)
[21.05.2025 09:33:06][serveritem][give] qwert12345q obtained 1 of golovas3 (§6§l§nГэндальф)
[21.05.2025 09:33:06][serveritem][give] qwert12345q obtained 1 of golovas3 (§6§l§nГэндальф)
[21.05.2025 09:33:07][serveritem][give] qwert12345q obtained 1 of golovas3 (§6§l§nГэндальф)
[21.05.2025 09:37:21][serveritem][give] egorkakryt1243 obtained 1 of golovas2 (§b§lГолова Цири)
[21.05.2025 09:42:22][serveritem][give] OperWin obtained 1 of шарздоровья3 (§d§lШар Здоровья 3)
[21.05.2025 09:59:34][serveritem][give] hois109his obtained 1 of шарздоровья3 (§d§lШар Здоровья 3)
[21.05.2025 10:04:35][serveritem][give] TERES2 obtained 1 of секирахаоса (§4§lСекира Хаоса)
[21.05.2025 10:04:37][serveritem][give] TERES2 obtained 1 of golovas4 (§5§lГолова Гарри-Поттера)
[21.05.2025 10:05:13][serveritem][give] N3st1nYT obtained 1 of секирахаоса (§4§lСекира Хаоса)
[21.05.2025 10:08:12][serveritem][give] Tatatattat2756 obtained 1 of секирахаоса (§4§lСекира Хаоса)
[21.05.2025 10:11:38][serveritem][give] vladgey123_00 obtained 1 of шарздоровья2 (§d§lШар Здоровья 2)
[21.05.2025 10:16:48][serveritem][give] Devikiber obtained 1 of шарздоровья3 (§d§lШар Здоровья 3)
[21.05.2025 10:22:34][serveritem][give] rustamG2807 obtained 1 of секирахаоса (§4§lСекира Хаоса)
[21.05.2025 10:29:23][serveritem][give] udlkpop obtained 1 of golovas1 (§e§lГолова Сема-Тарли)
[21.05.2025 10:31:34][serveritem][give] cyxarik1234 obtained 1 of golovas4 (§5§lГолова Гарри-Поттера)
[21.05.2025 10:33:35][serveritem][give] HiKeRaYT obtained 1 of шарздоровья2 (§d§lШар Здоровья 2)
[21.05.2025 10:33:46][serveritem][give] MedBedb_Balepa obtained 1 of секирахаоса (§4§lСекира Хаоса)
[21.05.2025 10:34:58][serveritem][give] uyh68r5590 obtained 1 of шарскорки2 (§3§lШар Скорости 2)
[21.05.2025 10:35:36][serveritem][give] uyh68r5590 obtained 1 of шарздоровья3 (§d§lШар Здоровья 3)
[21.05.2025 10:38:49][serveritem][give] OperWin obtained 1 of секирахаоса (§4§lСекира Хаоса)
[21.05.2025 10:43:29][serveritem][give] wendx obtained 1 of golovas1 (§e§lГолова Сема-Тарли)
[21.05.2025 10:44:21][serveritem][give] nonoim obtained 1 of секирахаоса (§4§lСекира Хаоса)
[21.05.2025 10:44:22][serveritem][give] nonoim obtained 1 of golovas4 (§5§lГолова Гарри-Поттера)
[21.05.2025 10:45:09][serveritem][give] StaffPvP obtained 1 of секирахаоса (§4§lСекира Хаоса)
[21.05.2025 10:57:22][serveritem][give] EZ_1 obtained 1 of шарздоровья3 (§d§lШар Здоровья 3)
[21.05.2025 11:13:17][serveritem][give] foynews obtained 1 of секирахаоса (§4§lСекира Хаоса)
[21.05.2025 11:14:40][serveritem][give] m1d7i81 obtained 1 of golovas4 (§5§lГолова Гарри-Поттера)
[21.05.2025 11:14:40][serveritem][give] m1d7i81 obtained 1 of golovas4 (§5§lГолова Гарри-Поттера)
[21.05.2025 11:16:19][serveritem][give] andwiew2 obtained 1 of секирахаоса (§4§lСекира Хаоса)
[21.05.2025 11:17:38][serveritem][give] Faber1337 obtained 1 of шарскорки2 (§3§lШар Скорости 2)
[21.05.2025 11:18:11][serveritem][give] galllilll2 obtained 1 of golovas1 (§e§lГолова Сема-Тарли)
[21.05.2025 11:18:40][serveritem][give] ivan301312 obtained 1 of шарздоровья3 (§d§lШар Здоровья 3)
[21.05.2025 11:23:14][serveritem][give] UIVE1111 obtained 1 of секирахаоса (§4§lСекира Хаоса)
[21.05.2025 11:23:45][serveritem][give] UIVE1111 obtained 1 of golovas4 (§5§lГолова Гарри-Поттера)
[21.05.2025 11:25:32][serveritem][give] Vaghan7399 obtained 1 of шарздоровья1 (§d§lШар Здоровья 1)
[21.05.2025 11:28:43][serveritem][give] playplay obtained 1 of секирахаоса (§4§lСекира Хаоса)
[21.05.2025 11:28:48][serveritem][give] playplay obtained 1 of golovas1 (§e§lГолова Сема-Тарли)
[21.05.2025 11:30:49][serveritem][give] Danil392903 obtained 1 of секирахаоса (§4§lСекира Хаоса)
[21.05.2025 11:31:31][serveritem][give] Tatatattat2756 obtained 1 of секирахаоса (§4§lСекира Хаоса)
[21.05.2025 11:33:02][serveritem][give] De6ikr obtained 1 of секирахаоса (§4§lСекира Хаоса)
[21.05.2025 11:38:10][serveritem][give] NeDaniel123321 obtained 1 of секирахаоса (§4§lСекира Хаоса)
[21.05.2025 11:39:22][serveritem][give] m3endBunny_9 obtained 1 of шарздоровья1 (§d§lШар Здоровья 1)
[21.05.2025 11:41:38][serveritem][give] Ernest_Kiten obtained 1 of golovas1 (§e§lГолова Сема-Тарли)
[21.05.2025 11:41:51][serveritem][give] Ernest_Kiten obtained 1 of секирахаоса (§4§lСекира Хаоса)
[21.05.2025 11:44:48][serveritem][give] Suzuki228 obtained 1 of golovas4 (§5§lГолова Гарри-Поттера)
[21.05.2025 11:46:41][serveritem][give] proded1 obtained 1 of golovas4 (§5§lГолова Гарри-Поттера)
[21.05.2025 11:47:42][serveritem][give] gfgfgf231 obtained 1 of шарздоровья3 (§d§lШар Здоровья 3)
[21.05.2025 11:47:49][serveritem][give] gfgfgf231 obtained 1 of шарскорки2 (§3§lШар Скорости 2)
[21.05.2025 11:47:57][serveritem][give] ignat300 obtained 1 of golovas1 (§e§lГолова Сема-Тарли)
[21.05.2025 11:49:32][serveritem][give] nighita obtained 1 of шарскорки2 (§3§lШар Скорости 2)
[21.05.2025 11:53:11][serveritem][give] sparder2045 obtained 1 of шарскорки2 (§3§lШар Скорости 2)
[21.05.2025 11:54:22][serveritem][give] eezbaf obtained 1 of шарскорки2 (§3§lШар Скорости 2)
[21.05.2025 11:56:26][serveritem][give] romeoooooo336 obtained 1 of шарздоровья3 (§d§lШар Здоровья 3)
[21.05.2025 11:56:30][serveritem][give] maks_blox2 obtained 1 of шарскорки2 (§3§lШар Скорости 2)
[21.05.2025 11:57:03][serveritem][give] romeoooooo336 obtained 1 of шарскорки2 (§3§lШар Скорости 2)
[21.05.2025 11:58:41][serveritem][give] gshfdsfh obtained 1 of шарскорки2 (§3§lШар Скорости 2)
[21.05.2025 11:59:04][serveritem][give] 0_Robby_0 obtained 1 of шарскорки2 (§3§lШар Скорости 2)
[21.05.2025 12:00:15][serveritem][give] klevikxleb obtained 1 of секирахаоса (§4§lСекира Хаоса)
[21.05.2025 12:09:40][serveritem][give] portosambari obtained 1 of шарскорки2 (§3§lШар Скорости 2)
[21.05.2025 12:09:40][serveritem][give] portosambari obtained 1 of шарскорки2 (§3§lШар Скорости 2)
[21.05.2025 12:09:40][serveritem][give] portosambari obtained 1 of шарскорки2 (§3§lШар Скорости 2)
[21.05.2025 12:09:41][serveritem][give] portosambari obtained 1 of шарскорки2 (§3§lШар Скорости 2)
[21.05.2025 12:09:41][serveritem][give] portosambari obtained 1 of шарскорки2 (§3§lШар Скорости 2)
[21.05.2025 12:24:11][serveritem][give] sparder2045 obtained 1 of шарздоровья3 (§d§lШар Здоровья 3)
[21.05.2025 12:49:30][serveritem][give] BRO2009DIMA obtained 1 of секирахаоса (§4§lСекира Хаоса)
[21.05.2025 12:52:53][serveritem][give] MegSodas37 obtained 1 of шарскорки2 (§3§lШар Скорости 2)
[21.05.2025 12:56:55][serveritem][give] KiyosukeMXD obtained 1 of шарздоровья3 (§d§lШар Здоровья 3)
[21.05.2025 12:57:44][serveritem][give] vovs_rad obtained 1 of golovas1 (§e§lГолова Сема-Тарли)
[21.05.2025 13:01:58][serveritem][give] Aka1996 obtained 1 of секирахаоса (§4§lСекира Хаоса)
[21.05.2025 13:02:13][serveritem][give] Aka1996 obtained 1 of golovas4 (§5§lГолова Гарри-Поттера)
[21.05.2025 13:07:19][serveritem][give] Aka1996 obtained 1 of golovas4 (§5§lГолова Гарри-Поттера)
[21.05.2025 13:07:20][serveritem][give] Aka1996 obtained 1 of секирахаоса (§4§lСекира Хаоса)
[21.05.2025 13:13:44][serveritem][give] Aka1996 obtained 1 of секирахаоса (§4§lСекира Хаоса)
[21.05.2025 13:13:44][serveritem][give] Aka1996 obtained 1 of golovas4 (§5§lГолова Гарри-Поттера)
[21.05.2025 13:22:01][serveritem][give] Egor_LITVIN obtained 1 of шарздоровья3 (§d§lШар Здоровья 3)
[21.05.2025 13:25:04][serveritem][give] shaman_8927 obtained 1 of секирахаоса (§4§lСекира Хаоса)
[21.05.2025 13:25:42][serveritem][give] Eg0ist obtained 1 of шарскорки1 (§3§lШар Скорости 1)
[21.05.2025 13:27:42][serveritem][give] Artem_1548976545 obtained 1 of golovas4 (§5§lГолова Гарри-Поттера)
[21.05.2025 13:27:56][serveritem][give] Artem_1548976545 obtained 1 of секирахаоса (§4§lСекира Хаоса)
[21.05.2025 13:31:18][serveritem][give] vovs_rad obtained 1 of golovas1 (§e§lГолова Сема-Тарли)
[21.05.2025 13:33:28][serveritem][give] GUSARI obtained 1 of golovas4 (§5§lГолова Гарри-Поттера)
[21.05.2025 13:34:19][serveritem][give] diikii1 obtained 1 of шарскорки2 (§3§lШар Скорости 2)
[21.05.2025 13:39:51][serveritem][give] Artem_15412623 obtained 1 of секирахаоса (§4§lСекира Хаоса)
[21.05.2025 13:51:38][serveritem][give] sisi4kavrotik obtained 1 of шарздоровья1 (§d§lШар Здоровья 1)
[21.05.2025 13:51:54][serveritem][give] Dora_Pora obtained 1 of golovas1 (§e§lГолова Сема-Тарли)
[21.05.2025 13:51:55][serveritem][give] Dora_Pora obtained 1 of секирахаоса (§4§lСекира Хаоса)
[21.05.2025 13:52:01][serveritem][give] Dora_Pora obtained 1 of шарскорки2 (§3§lШар Скорости 2)
[21.05.2025 13:58:05][serveritem][give] RU_K4sp3rL0rd obtained 1 of golovas4 (§5§lГолова Гарри-Поттера)
[21.05.2025 14:00:37][serveritem][give] AMOBA228564 obtained 1 of шарскорки2 (§3§lШар Скорости 2)
[21.05.2025 14:06:51][serveritem][give] Alibek69044 obtained 1 of шарздоровья3 (§d§lШар Здоровья 3)
[21.05.2025 14:07:26][serveritem][give] coin_katey obtained 1 of шарскорки2 (§3§lШар Скорости 2)
[21.05.2025 14:07:28][serveritem][give] coin_katey obtained 1 of golovas1 (§e§lГолова Сема-Тарли)
[21.05.2025 14:07:29][serveritem][give] coin_katey obtained 1 of секирахаоса (§4§lСекира Хаоса)
[21.05.2025 14:08:54][serveritem][give] Yawradawq obtained 1 of шарздоровья2 (§d§lШар Здоровья 2)
[21.05.2025 14:09:34][serveritem][give] IdkTFTTF obtained 1 of golovas3 (§6§l§nГэндальф)
[21.05.2025 14:11:07][serveritem][give] Timer_Normandii obtained 1 of golovas1 (§e§lГолова Сема-Тарли)
[21.05.2025 14:11:45][serveritem][give] Faber1337 obtained 1 of лироз (§x§4§1§F§F§0§0§lЧ§x§4§0§F§6§0§5§lе§x§3§E§E§C§0§B§lр§x§3§D§E§3§1§0§lе§x§3§B§D§A§1§6§lп §x§3§A§D§1§1§B§lЛ§x§3§9§C§7§2§0§lи§x§3§7§B§E§2§6§lр§x§3§6§B§5§2§B§lо§x§3§4§A§B§3§1§lз§x§3§3§A§2§3§6§lа)
[21.05.2025 14:12:28][serveritem][give] Faber1337 obtained 1 of круш (§c§lНабор Крушителя)
[21.05.2025 14:12:40][serveritem][give] IdkTFTTF obtained 1 of секирахаоса (§4§lСекира Хаоса)
[21.05.2025 14:13:27][serveritem][give] arsenii228335 obtained 1 of шарздоровья3 (§d§lШар Здоровья 3)
[21.05.2025 14:18:44][serveritem][give] madi_TM obtained 1 of golovas4 (§5§lГолова Гарри-Поттера)
[21.05.2025 14:18:46][serveritem][give] madi_TM obtained 1 of секирахаоса (§4§lСекира Хаоса)
[21.05.2025 14:19:37][serveritem][give] IdkTFTTF obtained 1 of секирахаоса (§4§lСекира Хаоса)
[21.05.2025 14:21:27][serveritem][give] amreq228 obtained 1 of шарздоровья2 (§d§lШар Здоровья 2)
[21.05.2025 14:21:43][serveritem][give] playplay obtained 1 of golovas4 (§5§lГолова Гарри-Поттера)
[21.05.2025 14:23:15][serveritem][give] sisi4kavrotik obtained 1 of шарскорки2 (§3§lШар Скорости 2)
[21.05.2025 14:29:05][serveritem][give] VanBeanya obtained 1 of golovas1 (§e§lГолова Сема-Тарли)
[21.05.2025 14:30:23][serveritem][give] Yawradawqda12 obtained 1 of шарздоровья3 (§d§lШар Здоровья 3)
[21.05.2025 14:35:44][serveritem][give] cyxarik1234 obtained 1 of golovas4 (§5§lГолова Гарри-Поттера)
[21.05.2025 14:39:09][serveritem][give] brilt obtained 1 of шарскорки2 (§3§lШар Скорости 2)
[21.05.2025 14:39:55][serveritem][give] Arseniy2111 obtained 1 of шаротбр1 (§9§lШар Отбрасывания 1)
[21.05.2025 14:40:27][serveritem][give] cyxarik1234 obtained 1 of golovas4 (§5§lГолова Гарри-Поттера)
[21.05.2025 14:41:43][serveritem][give] GLICHIK obtained 1 of golovas4 (§5§lГолова Гарри-Поттера)
[21.05.2025 14:41:44][serveritem][give] GLICHIK obtained 1 of секирахаоса (§4§lСекира Хаоса)
[21.05.2025 14:42:17][serveritem][give] pooxi_rai obtained 1 of шарздоровья3 (§d§lШар Здоровья 3)
[21.05.2025 14:42:29][serveritem][give] dedwkalaske444 obtained 1 of шарздоровья3 (§d§lШар Здоровья 3)
[21.05.2025 14:42:32][serveritem][give] pooxi_rai obtained 1 of секирахаоса (§4§lСекира Хаоса)
[21.05.2025 14:42:55][serveritem][give] dedwkalaske444 obtained 1 of секирахаоса (§4§lСекира Хаоса)
[21.05.2025 14:43:56][serveritem][give] IdkTFTTF obtained 1 of golovas3 (§6§l§nГэндальф)
[21.05.2025 14:45:39][serveritem][give] i_die obtained 1 of секирахаоса (§4§lСекира Хаоса)
[21.05.2025 14:45:40][serveritem][give] i_die obtained 1 of секирахаоса (§4§lСекира Хаоса)
[21.05.2025 14:51:14][serveritem][give] gega94572 obtained 1 of секирахаоса (§4§lСекира Хаоса)
[21.05.2025 14:51:36][serveritem][give] mateggkkkl obtained 1 of секирахаоса (§4§lСекира Хаоса)
[21.05.2025 14:52:11][serveritem][give] pooxi_rai obtained 1 of golovas4 (§5§lГолова Гарри-Поттера)
[21.05.2025 14:52:12][serveritem][give] pooxi_rai obtained 1 of секирахаоса (§4§lСекира Хаоса)
[21.05.2025 14:52:34][serveritem][give] lll_zip_lll obtained 1 of golovas1 (§e§lГолова Сема-Тарли)
[21.05.2025 14:53:13][serveritem][give] cyxarik123442123 obtained 1 of golovas4 (§5§lГолова Гарри-Поттера)
[21.05.2025 14:53:56][serveritem][give] Faber1337 obtained 1 of круш2 (§c§lУлучшенный Набор Крушителя)
[21.05.2025 14:53:57][serveritem][give] KLutassad_451 obtained 1 of шарскорки2 (§3§lШар Скорости 2)
[21.05.2025 14:54:29][serveritem][give] IdkTFTTF obtained 1 of golovas3 (§6§l§nГэндальф)
[21.05.2025 14:55:54][serveritem][give] gega94572 obtained 1 of секирахаоса (§4§lСекира Хаоса)
[21.05.2025 14:56:21][serveritem][give] gega94572 obtained 1 of golovas1 (§e§lГолова Сема-Тарли)
[21.05.2025 14:57:12][serveritem][give] pooxi_rai obtained 1 of golovas4 (§5§lГолова Гарри-Поттера)
[21.05.2025 14:57:22][serveritem][give] pooxi_rai obtained 1 of секирахаоса (§4§lСекира Хаоса)
[21.05.2025 14:57:24][serveritem][give] cyxarik123442123 obtained 1 of секирахаоса (§4§lСекира Хаоса)
[21.05.2025 14:57:34][serveritem][give] pooxi_rai obtained 1 of golovas4 (§5§lГолова Гарри-Поттера)
[21.05.2025 14:58:10][serveritem][give] Cawum obtained 1 of golovas4 (§5§lГолова Гарри-Поттера)
[21.05.2025 15:03:25][serveritem][give] Suzuki228 obtained 1 of секирахаоса (§4§lСекира Хаоса)
[21.05.2025 15:03:29][serveritem][give] Suzuki228 obtained 1 of golovas2 (§b§lГолова Цири)
[21.05.2025 15:03:34][serveritem][give] Suzuki228 obtained 1 of golovas3 (§6§l§nГэндальф)
[21.05.2025 15:03:36][serveritem][give] Suzuki228 obtained 1 of golovas1 (§e§lГолова Сема-Тарли)
[21.05.2025 15:06:33][serveritem][give] GLOBAL_GOD123 obtained 1 of шарздоровья2 (§d§lШар Здоровья 2)
[21.05.2025 15:18:29][serveritem][give] vanygra3 obtained 1 of golovas4 (§5§lГолова Гарри-Поттера)
[21.05.2025 15:18:33][serveritem][give] jsabefg obtained 1 of шаршипа2 (§2§lШар Шипов 2)
[21.05.2025 15:18:36][serveritem][give] jsabefg obtained 1 of шаротбр2 (§9§lШар Отбрасывания 2)
[21.05.2025 15:18:49][serveritem][give] jsabefg obtained 1 of шарздоровья3 (§d§lШар Здоровья 3)
[21.05.2025 15:21:43][serveritem][give] f1xissss obtained 1 of шаршипа1 (§2§lШар Шипов 1)
[21.05.2025 15:21:44][serveritem][give] f1xissss obtained 1 of шарздоровья1 (§d§lШар Здоровья 1)
[21.05.2025 15:21:47][serveritem][give] f1xissss obtained 1 of шарздоровья1 (§d§lШар Здоровья 1)
[21.05.2025 15:21:48][serveritem][give] f1xissss obtained 1 of шарздоровья1 (§d§lШар Здоровья 1)
[21.05.2025 15:33:40][serveritem][give] ffa22344fgs obtained 1 of шарздоровья3 (§d§lШар Здоровья 3)
[21.05.2025 15:33:59][serveritem][give] ftyGriffin201369 obtained 1 of golovas4 (§5§lГолова Гарри-Поттера)
[21.05.2025 15:35:39][serveritem][give] FanoMLOrd obtained 1 of шарздоровья2 (§d§lШар Здоровья 2)
[21.05.2025 15:43:09][serveritem][give] megaflopa obtained 1 of golovas2 (§b§lГолова Цири)
[21.05.2025 15:43:14][serveritem][give] megaflopa obtained 1 of шарскорки1 (§3§lШар Скорости 1)
[21.05.2025 15:48:06][serveritem][give] flo1tic obtained 1 of шарздоровья2 (§d§lШар Здоровья 2)
[21.05.2025 15:51:12][serveritem][give] visiItsMo35 obtained 1 of шарздоровья3 (§d§lШар Здоровья 3)
[21.05.2025 15:52:40][serveritem][give] eMercenary201669 obtained 1 of шарздоровья3 (§d§lШар Здоровья 3)
[21.05.2025 16:01:35][serveritem][give] 22Astro obtained 1 of секирахаоса (§4§lСекира Хаоса)
[21.05.2025 16:01:49][serveritem][give] 22Astro obtained 1 of golovas4 (§5§lГолова Гарри-Поттера)
[21.05.2025 16:02:05][serveritem][give] sparder2045 obtained 1 of шарскорки2 (§3§lШар Скорости 2)
[21.05.2025 16:02:24][serveritem][give] 22Astro obtained 1 of шарскорки2 (§3§lШар Скорости 2)
[21.05.2025 16:02:25][serveritem][give] 22Astro obtained 1 of шаршипа2 (§2§lШар Шипов 2)
[21.05.2025 16:04:48][serveritem][give] geforse099901234 obtained 1 of шарскорки2 (§3§lШар Скорости 2)
[21.05.2025 16:07:38][serveritem][give] hghsdaf obtained 1 of шарскорки1 (§3§lШар Скорости 1)
[21.05.2025 16:09:01][serveritem][give] visiItsMo35 obtained 1 of golovas4 (§5§lГолова Гарри-Поттера)
[21.05.2025 16:09:12][serveritem][give] diikii1 obtained 1 of golovas4 (§5§lГолова Гарри-Поттера)
[21.05.2025 16:11:17][serveritem][give] visiItsMo35 obtained 1 of шарздоровья2 (§d§lШар Здоровья 2)
[21.05.2025 16:11:55][serveritem][give] eted obtained 1 of секирахаоса (§4§lСекира Хаоса)
[21.05.2025 16:11:55][serveritem][give] eted obtained 1 of секирахаоса (§4§lСекира Хаоса)
[21.05.2025 16:15:44][serveritem][give] kiriEshKa211 obtained 1 of golovas1 (§e§lГолова Сема-Тарли)
[21.05.2025 16:16:26][serveritem][give] bobr_s_piskoy obtained 1 of шарскорки1 (§3§lШар Скорости 1)
[21.05.2025 16:18:57][serveritem][give] playplay obtained 1 of golovas3 (§6§l§nГэндальф)
[21.05.2025 16:20:53][serveritem][give] Ya_malina obtained 1 of секирахаоса (§4§lСекира Хаоса)
[21.05.2025 16:27:32][serveritem][give] ch1ze_ww obtained 1 of golovas4 (§5§lГолова Гарри-Поттера)
[21.05.2025 16:35:02][serveritem][give] Fsiof obtained 1 of golovas4 (§5§lГолова Гарри-Поттера)
[21.05.2025 16:35:03][serveritem][give] klevikxleb obtained 1 of golovas4 (§5§lГолова Гарри-Поттера)
[21.05.2025 16:35:06][serveritem][give] klevikxleb obtained 1 of секирахаоса (§4§lСекира Хаоса)
[21.05.2025 16:35:33][serveritem][give] F1moZ0legooovich obtained 1 of golovas2 (§b§lГолова Цири)
[21.05.2025 16:35:33][serveritem][give] F1moZ0legooovich obtained 1 of секирахаоса (§4§lСекира Хаоса)
[21.05.2025 16:38:07][serveritem][give] nighita obtained 1 of шарздоровья2 (§d§lШар Здоровья 2)
[21.05.2025 16:40:34][serveritem][give] Chernyshrrrr obtained 1 of golovas4 (§5§lГолова Гарри-Поттера)
[21.05.2025 16:41:39][serveritem][give] Botic1248EndPvP obtained 1 of шаротбр2 (§9§lШар Отбрасывания 2)
[21.05.2025 16:41:44][serveritem][give] Botic1248EndPvP obtained 1 of шарздоровья3 (§d§lШар Здоровья 3)
[21.05.2025 16:45:46][serveritem][give] lendyyy52q obtained 1 of шарздоровья3 (§d§lШар Здоровья 3)
[21.05.2025 16:49:25][serveritem][give] wyzzcr595 obtained 1 of шарскорки2 (§3§lШар Скорости 2)
[21.05.2025 16:57:10][serveritem][give] MedBedb_Balepa obtained 1 of секирахаоса (§4§lСекира Хаоса)
[21.05.2025 16:57:16][serveritem][give] megaflopa obtained 1 of golovas2 (§b§lГолова Цири)
[21.05.2025 16:57:16][serveritem][give] megaflopa obtained 1 of golovas2 (§b§lГолова Цири)
[21.05.2025 16:57:25][serveritem][give] ttr1tyyyy obtained 1 of секирахаоса (§4§lСекира Хаоса)
[21.05.2025 17:00:12][serveritem][give] MedBedb_Balepa obtained 1 of golovas3 (§6§l§nГэндальф)
[21.05.2025 17:01:29][serveritem][give] pluy obtained 1 of шарздоровья3 (§d§lШар Здоровья 3)
[21.05.2025 17:02:16][serveritem][give] vanygra3 obtained 1 of секирахаоса (§4§lСекира Хаоса)
[21.05.2025 17:02:36][serveritem][give] ttr1tyyyy obtained 1 of golovas4 (§5§lГолова Гарри-Поттера)
[21.05.2025 17:04:41][serveritem][give] WIZYTUTU obtained 1 of golovas4 (§5§lГолова Гарри-Поттера)
[21.05.2025 17:12:55][serveritem][give] Pedagog2025 obtained 1 of шарздоровья3 (§d§lШар Здоровья 3)
[21.05.2025 17:16:15][serveritem][give] portosambari obtained 1 of шарскорки1 (§3§lШар Скорости 1)
[21.05.2025 17:18:00][serveritem][give] Pedagog2025 obtained 1 of шарскорки2 (§3§lШар Скорости 2)
[21.05.2025 17:19:25][serveritem][give] ttr1tyyyy obtained 1 of golovas3 (§6§l§nГэндальф)
[21.05.2025 17:20:33][serveritem][give] Shen3nee obtained 1 of golovas4 (§5§lГолова Гарри-Поттера)
[21.05.2025 17:21:59][serveritem][give] dasop0112 obtained 1 of шарскорки2 (§3§lШар Скорости 2)
[21.05.2025 17:22:34][serveritem][give] ansoftreal obtained 1 of секирахаоса (§4§lСекира Хаоса)
[21.05.2025 17:24:06][serveritem][give] proded1 obtained 1 of шарскорки1 (§3§lШар Скорости 1)
[21.05.2025 17:27:54][serveritem][give] LomerFlow obtained 1 of golovas4 (§5§lГолова Гарри-Поттера)
[21.05.2025 17:36:12][serveritem][give] ttr1tyyyy obtained 1 of секирахаоса (§4§lСекира Хаоса)
[21.05.2025 17:37:12][serveritem][give] xZLhaSUh obtained 1 of шарздоровья3 (§d§lШар Здоровья 3)
[21.05.2025 17:41:56][serveritem][give] weym1x obtained 1 of golovas4 (§5§lГолова Гарри-Поттера)
[21.05.2025 17:45:06][serveritem][give] DerivedMark obtained 1 of шарскорки2 (§3§lШар Скорости 2)
[21.05.2025 17:45:34][serveritem][give] ttr1tyyyy obtained 1 of golovas4 (§5§lГолова Гарри-Поттера)
[21.05.2025 17:45:53][serveritem][give] DerivedMark obtained 1 of шарскорки2 (§3§lШар Скорости 2)
[21.05.2025 17:46:09][serveritem][give] Vaghan7399 obtained 1 of шарздоровья2 (§d§lШар Здоровья 2)
[21.05.2025 17:50:14][serveritem][give] asadswfaas obtained 1 of golovas1 (§e§lГолова Сема-Тарли)
[21.05.2025 17:50:53][serveritem][give] sowdow obtained 1 of golovas3 (§6§l§nГэндальф)
[21.05.2025 17:51:46][serveritem][give] sysii42 obtained 1 of шарскорки2 (§3§lШар Скорости 2)
[21.05.2025 17:52:35][serveritem][give] Botic1248EndPvP obtained 1 of шаротбр2 (§9§lШар Отбрасывания 2)
[21.05.2025 17:54:12][serveritem][give] asadswfaaseasf obtained 1 of golovas1 (§e§lГолова Сема-Тарли)
[21.05.2025 17:56:41][serveritem][give] sowdow obtained 1 of секирахаоса (§4§lСекира Хаоса)
[21.05.2025 18:07:36][serveritem][give] portosambari obtained 1 of golovas1 (§e§lГолова Сема-Тарли)
[21.05.2025 18:07:42][serveritem][give] portosambari obtained 1 of шарскорки2 (§3§lШар Скорости 2)
[21.05.2025 18:08:32][serveritem][give] Fsiof obtained 1 of golovas4 (§5§lГолова Гарри-Поттера)
[21.05.2025 18:08:42][serveritem][give] priwet229 obtained 1 of golovas1 (§e§lГолова Сема-Тарли)
[21.05.2025 18:09:42][serveritem][give] Fsiof obtained 1 of golovas4 (§5§lГолова Гарри-Поттера)
[21.05.2025 18:10:41][serveritem][give] montooop obtained 1 of golovas3 (§6§l§nГэндальф)
[21.05.2025 18:11:41][serveritem][give] Alibek69044 obtained 1 of golovas4 (§5§lГолова Гарри-Поттера)
[21.05.2025 18:17:13][serveritem][give] XB_PIZDAT obtained 1 of golovas4 (§5§lГолова Гарри-Поттера)
[21.05.2025 18:17:31][serveritem][give] priwet229 obtained 1 of секирахаоса (§4§lСекира Хаоса)
[21.05.2025 18:18:22][serveritem][give] lacosta1435 obtained 1 of шарздоровья3 (§d§lШар Здоровья 3)
[21.05.2025 18:24:34][serveritem][give] miroslavzabinoi obtained 1 of golovas4 (§5§lГолова Гарри-Поттера)
[21.05.2025 18:24:37][serveritem][give] miroslavzabinoi obtained 1 of секирахаоса (§4§lСекира Хаоса)
[21.05.2025 18:28:35][serveritem][give] 22Astro obtained 1 of golovas2 (§b§lГолова Цири)
[21.05.2025 18:28:37][serveritem][give] sichovy_strilets obtained 1 of шарздоровья2 (§d§lШар Здоровья 2)
[21.05.2025 18:30:33][serveritem][give] ffeghjhrs obtained 1 of golovas4 (§5§lГолова Гарри-Поттера)
[21.05.2025 18:31:31][serveritem][give] BEFFCH12 obtained 1 of golovas3 (§6§l§nГэндальф)
[21.05.2025 18:32:39][serveritem][give] ghehrg12 obtained 1 of golovas3 (§6§l§nГэндальф)
[21.05.2025 18:37:04][serveritem][give] BaSiKaot obtained 1 of golovas1 (§e§lГолова Сема-Тарли)
[21.05.2025 18:37:58][serveritem][give] Botic1248EndPvP obtained 1 of шаротбр2 (§9§lШар Отбрасывания 2)
[21.05.2025 18:49:03][serveritem][give] KeptGnat9284830 obtained 1 of golovas4 (§5§lГолова Гарри-Поттера)
[21.05.2025 19:03:07][serveritem][give] mololok876 obtained 1 of golovas4 (§5§lГолова Гарри-Поттера)
[21.05.2025 19:03:18][serveritem][give] mololok876 obtained 1 of golovas3 (§6§l§nГэндальф)
[21.05.2025 19:14:06][serveritem][give] dota1234517 obtained 1 of golovas4 (§5§lГолова Гарри-Поттера)
[21.05.2025 19:14:45][serveritem][give] sichovy_strilets obtained 1 of шаршипа2 (§2§lШар Шипов 2)
[21.05.2025 19:26:38][serveritem][give] listortin obtained 1 of golovas2 (§b§lГолова Цири)
[21.05.2025 19:26:39][serveritem][give] listortin obtained 1 of секирахаоса (§4§lСекира Хаоса)
[21.05.2025 19:31:11][serveritem][give] Erkow171210 obtained 1 of golovas1 (§e§lГолова Сема-Тарли)
[21.05.2025 19:34:13][serveritem][give] tHydromancer2723 obtained 1 of шаршипа2 (§2§lШар Шипов 2)
[21.05.2025 19:40:54][serveritem][give] Botic1248EndPvP obtained 1 of шаротбр2 (§9§lШар Отбрасывания 2)
[21.05.2025 19:41:08][serveritem][give] SmartGouse42 obtained 1 of golovas1 (§e§lГолова Сема-Тарли)
[21.05.2025 19:41:40][serveritem][give] SmartGouse42 obtained 1 of шарздоровья3 (§d§lШар Здоровья 3)
[21.05.2025 19:49:57][serveritem][give] pickadomera13376 obtained 1 of шарздоровья2 (§d§lШар Здоровья 2)
[21.05.2025 19:52:11][serveritem][give] Danil392903 obtained 1 of golovas4 (§5§lГолова Гарри-Поттера)
[21.05.2025 19:55:04][serveritem][give] 8929 obtained 1 of секирахаоса (§4§lСекира Хаоса)
[21.05.2025 19:56:29][serveritem][give] XB_PIZDAT obtained 1 of golovas4 (§5§lГолова Гарри-Поттера)
[21.05.2025 20:02:52][serveritem][give] steac123 obtained 1 of шарздоровья3 (§d§lШар Здоровья 3)
[21.05.2025 20:31:07][serveritem][give] Fsiof obtained 1 of golovas4 (§5§lГолова Гарри-Поттера)
[21.05.2025 20:36:21][serveritem][give] S_h_a_r_i_k_EZZ obtained 1 of шарскорки2 (§3§lШар Скорости 2)
[21.05.2025 20:50:34][serveritem][give] Nastyaaa obtained 1 of шарздоровья1 (§d§lШар Здоровья 1)
[21.05.2025 21:05:05][serveritem][give] iJyzwBgu obtained 1 of секирахаоса (§4§lСекира Хаоса)
[21.05.2025 21:09:15][serveritem][give] mynix obtained 1 of golovas4 (§5§lГолова Гарри-Поттера)
[21.05.2025 21:13:53][serveritem][give] pvpmaserss obtained 1 of шарздоровья3 (§d§lШар Здоровья 3)
[21.05.2025 21:55:14][serveritem][give] wawaawawadsa obtained 1 of шарздоровья1 (§d§lШар Здоровья 1)
